[2016.01.26-21.11.13:964][  0]Log file open, 01/26/16 16:11:13
[2016.01.26-21.11.13:964][  0]LogInit:Display: Running engine for game: LostAge
[2016.01.26-21.11.13:964][  0]LogInit:Display: RandInit(-114066857) SRandInit(-114066856).
[2016.01.26-21.11.13:964][  0]LogTaskGraph: Started task graph with 4 named threads and 7 total threads.
[2016.01.26-21.11.13:965][  0]LogStats: Stats thread started at 0.163491
[2016.01.26-21.11.13:965][  0]LogInit: Version: 4.9.2-2707645+++depot+UE4-Releases+4.9
[2016.01.26-21.11.13:965][  0]LogInit: API Version: 2672455
[2016.01.26-21.11.13:965][  0]LogInit: Compiled (64-bit): Sep 28 2015 10:25:44
[2016.01.26-21.11.13:966][  0]LogInit: Compiled with Visual C++: 18.00.21005.01
[2016.01.26-21.11.13:966][  0]LogInit: Build Configuration: Development
[2016.01.26-21.11.13:966][  0]LogInit: Branch Name: ++depot+UE4-Releases+4.9
[2016.01.26-21.11.13:966][  0]LogInit: Command line: 
[2016.01.26-21.11.13:967][  0]LogInit: Base directory: C:/Program Files/Epic Games/4.9/Engine/Binaries/Win64/
[2016.01.26-21.11.13:967][  0]LogInit: Rocket: 1
[2016.01.26-21.11.13:999][  0]LogInit: Using libcurl 7.41.0
[2016.01.26-21.11.13:999][  0]LogInit:  - built for x86_64-pc-win32
[2016.01.26-21.11.14:000][  0]LogInit:  - supports SSL with WinSSL
[2016.01.26-21.11.14:000][  0]LogInit:  - other features:
[2016.01.26-21.11.14:000][  0]LogInit:      CURL_VERSION_SSL
[2016.01.26-21.11.14:000][  0]LogInit:      CURL_VERSION_IPV6
[2016.01.26-21.11.14:000][  0]LogInit:      CURL_VERSION_ASYNCHDNS
[2016.01.26-21.11.14:001][  0]LogInit:      CURL_VERSION_LARGEFILE
[2016.01.26-21.11.14:001][  0]LogInit:      CURL_VERSION_IDN
[2016.01.26-21.11.14:001][  0]LogInit:  CurlRequestOptions (configurable via config and command line):
[2016.01.26-21.11.14:001][  0]LogInit:  - bVerifyPeer = true  - Libcurl will verify peer certificate
[2016.01.26-21.11.14:002][  0]LogInit:  - bUseHttpProxy = false  - Libcurl will NOT use HTTP proxy
[2016.01.26-21.11.14:002][  0]LogInit:  - bDontReuseConnections = false  - Libcurl will reuse connections
[2016.01.26-21.11.14:002][  0]LogInit:  - CertBundlePath = nullptr  - Libcurl will use whatever was configured at build time.
[2016.01.26-21.11.14:070][  0]LogInit: WinSock: version 1.1 (2.2), MaxSocks=32767, MaxUdp=65467
[2016.01.26-21.11.14:085][  0]LogVoice:Warning: Failed to initialize voice interface
[2016.01.26-21.11.14:093][  0]LogInit: Presizing for 0 objects not considered by GC, pre-allocating 0 bytes.
[2016.01.26-21.11.14:100][  0]LogInit: Object subsystem initialized
[2016.01.26-21.11.14:102][  0]LogInit: Selected Device Profile: [Windows]
[2016.01.26-21.11.14:102][  0]LogInit: Applying CVar settings loaded from the selected device profile: [Windows]
[2016.01.26-21.11.14:111][  0]LogInit: Computer: FREDERIC-PC
[2016.01.26-21.11.14:111][  0]LogInit: User: frederic
[2016.01.26-21.11.14:112][  0]LogInit: CPU Page size=4096, Cores=4
[2016.01.26-21.11.14:112][  0]LogInit: High frequency timer resolution =3.331240 MHz
[2016.01.26-21.11.14:112][  0]LogMemory: Memory total: Physical=15.9GB (16GB approx)
[2016.01.26-21.11.14:113][  0]LogMemory: Platform Memory Stats for Windows
[2016.01.26-21.11.14:113][  0]LogMemory: Process Physical Memory: 54.59 MB used, 54.59 MB peak
[2016.01.26-21.11.14:113][  0]LogMemory: Process Virtual Memory: 55.75 MB used, 55.75 MB peak
[2016.01.26-21.11.14:113][  0]LogMemory: Physical Memory: 9720.09 MB used, 16288.39 MB total
[2016.01.26-21.11.14:113][  0]LogMemory: Virtual Memory: 337.63 MB used, 8388608.00 MB total
[2016.01.26-21.11.14:200][  0]LogTextLocalizationManager: No translations for ('fr-CA') exist, falling back to 'en' for localization and internationalization data.
[2016.01.26-21.11.14:907][  0]LogD3D11RHI: Found D3D11 adapter 0: NVIDIA GeForce GTX 970 (Feature Level 11_0)
[2016.01.26-21.11.14:908][  0]LogD3D11RHI: Adapter has 4008MB of dedicated video memory, 0MB of dedicated system memory, and 7888MB of shared system memory, 1 output[s]
[2016.01.26-21.11.14:917][  0]LogD3D11RHI: Found D3D11 adapter 1: Intel(R) HD Graphics 3000 (Feature Level 10_0)
[2016.01.26-21.11.14:918][  0]LogD3D11RHI: Adapter has 64MB of dedicated video memory, 0MB of dedicated system memory, and 1632MB of shared system memory, 0 output[s]
[2016.01.26-21.11.14:918][  0]LogD3D11RHI: Chosen D3D11 Adapter Id = 0
[2016.01.26-21.11.14:924][  0]LogD3D11RHI: !Direct3DDevice
[2016.01.26-21.11.14:924][  0]LogRHI: Texture pool is 1361 MB (70% of 1945 MB)
[2016.01.26-21.11.14:979][  0]LogD3D11RHI: Async texture creation enabled
[2016.01.26-21.11.14:995][  0]LogShaderCompilers: Guid format shader working directory is 15 characters bigger than the processId version (../../../../../../Users/frederic/Documents/Unreal Projects/LostAge/Intermediate/Shaders/WorkingDirectory/5308/).
[2016.01.26-21.11.14:996][  0]LogShaderCompilers: Cleaned the shader compiler working directory '../../../../../../Users/frederic/Documents/Unreal Projects/LostAge/Intermediate/Shaders/tmp/BD58BFCD4B8BEE889D1D99A2D31917E2/'.
[2016.01.26-21.11.14:996][  0]LogShaderCompilers:Display: Using Local Shader Compiler.
[2016.01.26-21.11.16:216][  0]LogTemp:Display: Loaded TP AllDesktopTargetPlatform
[2016.01.26-21.11.16:237][  0]LogTemp:Display: Loaded TP WindowsClientTargetPlatform
[2016.01.26-21.11.16:254][  0]LogTemp:Display: Loaded TP WindowsNoEditorTargetPlatform
[2016.01.26-21.11.16:274][  0]LogTemp:Display: Loaded TP WindowsServerTargetPlatform
[2016.01.26-21.11.16:296][  0]LogTemp:Display: Loaded TP WindowsTargetPlatform
[2016.01.26-21.11.16:304][  0]LogTemp:Display: Loaded TP AndroidTargetPlatform
[2016.01.26-21.11.16:312][  0]LogTemp:Display: Loaded TP Android_ASTCTargetPlatform
[2016.01.26-21.11.16:320][  0]LogTemp:Display: Loaded TP Android_ATCTargetPlatform
[2016.01.26-21.11.16:329][  0]LogTemp:Display: Loaded TP Android_DXTTargetPlatform
[2016.01.26-21.11.16:338][  0]LogTemp:Display: Loaded TP Android_ETC1TargetPlatform
[2016.01.26-21.11.16:347][  0]LogTemp:Display: Loaded TP Android_ETC2TargetPlatform
[2016.01.26-21.11.16:355][  0]LogTemp:Display: Loaded TP Android_PVRTCTargetPlatform
[2016.01.26-21.11.16:359][  0]LogTemp:Display: Loaded TP HTML5TargetPlatform
[2016.01.26-21.11.16:395][  0]LogTemp:Display: Loaded TP IOSTargetPlatform
[2016.01.26-21.11.16:402][  0]LogTemp:Display: Loaded TP LinuxNoEditorTargetPlatform
[2016.01.26-21.11.16:411][  0]LogTemp:Display: Loaded TP LinuxServerTargetPlatform
[2016.01.26-21.11.16:419][  0]LogTemp:Display: Loaded TP LinuxTargetPlatform
[2016.01.26-21.11.16:420][  0]LogTargetPlatformManager:Display: Building Assets For Windows
[2016.01.26-21.11.16:668][  0]LogDerivedDataCache:Display: Max Cache Size: 512 MB
[2016.01.26-21.11.16:713][  0]LogDerivedDataCache: Loaded boot cache 0.04s 42MB C:/Users/frederic/AppData/Local/UnrealEngine/4.9/DerivedDataCache/Boot.ddc.
[2016.01.26-21.11.16:713][  0]LogDerivedDataCache:Display: Loaded Boot cache: C:/Users/frederic/AppData/Local/UnrealEngine/4.9/DerivedDataCache/Boot.ddc
[2016.01.26-21.11.16:714][  0]LogDerivedDataCache: FDerivedDataBackendGraph:  Pak pak cache file ../../../../../../Users/frederic/Documents/Unreal Projects/LostAge/DerivedDataCache/DDC.ddp not found, will not use a pak cache.
[2016.01.26-21.11.16:714][  0]LogDerivedDataCache: Unable to find inner node Pak for hierarchical cache Hierarchy.
[2016.01.26-21.11.16:714][  0]LogDerivedDataCache: FDerivedDataBackendGraph:  CompressedPak pak cache file ../../../../../../Users/frederic/Documents/Unreal Projects/LostAge/DerivedDataCache/Compressed.ddp not found, will not use a pak cache.
[2016.01.26-21.11.16:714][  0]LogDerivedDataCache: Unable to find inner node CompressedPak for hierarchical cache Hierarchy.
[2016.01.26-21.11.16:868][  0]LogDerivedDataCache:Display: Pak cache opened for reading ../../../Engine/DerivedDataCache/Compressed.ddp.
[2016.01.26-21.11.16:880][  0]LogDerivedDataCache: Using Local data cache path C:/Users/frederic/AppData/Local/UnrealEngine/Common/DerivedDataCache: Writable
[2016.01.26-21.11.17:079][  0]LogInit: Selected Device Profile: [Windows]
[2016.01.26-21.11.17:080][  0]LogContentStreaming: Texture pool size is 0.000000MB
[2016.01.26-21.11.17:121][  0]LogMeshUtilities: No automatic mesh reduction module available
[2016.01.26-21.11.17:121][  0]LogMeshUtilities: No automatic mesh merging module available
[2016.01.26-21.11.18:626][  0]UdpMessaging: Initializing bridge on interface 0.0.0.0:0 to multicast group 230.0.0.1:6666.
[2016.01.26-21.12.04:282][  0]LogAssetRegistry: FAssetRegistry took 0.0108 seconds to start up
[2016.01.26-21.12.04:659][  0]SourceControl: Info Source control is disabled
[2016.01.26-21.12.04:661][  0]SourceControl: Info Source control is disabled
[2016.01.26-21.12.04:679][  0]SourceControl: Info Source control is disabled
[2016.01.26-21.12.04:703][  0]SourceControl: Info Source control is disabled
[2016.01.26-21.12.04:906][  0]LogLinker:Warning: Asset '../../../Engine/Plugins/Runtime/LeapMotionController/Content/LM_PassthroughMaterial.uasset' has been saved with empty engine version. The asset will be loaded but may be incompatible.
[2016.01.26-21.12.05:011][  0]LogObj: 31792 objects as part of root set at end of initial load.
[2016.01.26-21.12.05:011][  0]LogUObjectAllocator: 7252992 out of 0 bytes used by permanent object pool.
[2016.01.26-21.12.05:095][  0]LogEngine: Initializing Engine...
[2016.01.26-21.12.05:099][  0]LogHMD: Can't find Oculus library dev build: is proper Runtime installed? Version: 0.7.0.0
[2016.01.26-21.12.05:102][  0]LogHMD: SteamVR failed to initialize.  Err: 110
[2016.01.26-21.12.05:268][  0]LogAIModule: Creating AISystem for world NewWorld
[2016.01.26-21.12.05:285][  0]LogInit: XAudio2 using 'Haut-parleurs (Realtek High Definition Audio)' : 2 channels at 48 kHz using 32 bits per sample (channel mask 0x3)
[2016.01.26-21.12.05:302][  0]LogInit: FAudioDevice initialized.
[2016.01.26-21.12.05:325][  0]LogDerivedDataCache: Saved boot cache 0.02s 42MB C:/Users/frederic/AppData/Local/UnrealEngine/4.9/DerivedDataCache/Boot.ddc.
[2016.01.26-21.12.05:332][  0]LogInit: Texture streaming: Enabled
[2016.01.26-21.12.05:353][  0]LogAnalytics: Creating configured Analytics provider AnalyticsET
[2016.01.26-21.12.05:354][  0]LogAnalytics: [UEEditor.Rocket.Release] APIServer = http://et2.epicgames.com/ET2/. AppVersion = 4.9.2-2707645+++depot+UE4-Releases+4.9
[2016.01.26-21.12.05:354][  0]LogAnalytics: [UEEditor.Rocket.Release] SetUserId c8da8d664a36a98701fe659c10ae4ff8|70626fa7f476448fb82ad9618fbbb1ab|00e7fb16-00c3-4af4-a2a1-2cc8013aae38
[2016.01.26-21.12.05:354][  0]LogAnalytics: [UEEditor.Rocket.Release] AnalyticsET::StartSession
[2016.01.26-21.12.05:374][  0]LogInit: Transaction tracking system initialized
[2016.01.26-21.12.05:501][  0]BlueprintLog: New page: Editor Load
[2016.01.26-21.12.05:945][  0]LocalizationService: Info Localization service is disabled
[2016.01.26-21.12.06:129][  0]LogLinker:Warning: Can't find file '/Game/ThirdPersonCPP/ThirdPersonOverview'
[2016.01.26-21.12.06:129][  0]LogLinker:Warning: Can't find file '/Game/ThirdPersonCPP/ThirdPersonOverview'
[2016.01.26-21.12.06:130][  0]LogUObjectGlobals:Warning: Failed to find object 'Class /Game/ThirdPersonCPP/ThirdPersonOverview.ThirdPersonOverview_C'
[2016.01.26-21.12.06:166][  0]LogConsoleResponse:Display: 
[2016.01.26-21.12.06:309][  0]LogCook:Display: Done creating registry. It took  0.00s.
[2016.01.26-21.12.06:508][  0]LogFileCache: Scanning file cache for directory 'C:/Users/frederic/Documents/Unreal Projects/LostAge/Content/' took 0.01s
[2016.01.26-21.12.06:508][  0]SourceControl: Info Source control is disabled
[2016.01.26-21.12.06:509][  0]Cmd: MAP LOAD FILE="../../../../../../Users/frederic/Documents/Unreal Projects/LostAge/Content/FirstPersonCPP/Maps/MainMenu.umap" TEMPLATE=0 SHOWPROGRESS=1 FEATURELEVEL=3
[2016.01.26-21.12.06:510][  0]LightingResults: New page: Lighting Build
[2016.01.26-21.12.06:515][  0]MapCheck: New page: Map Check
[2016.01.26-21.12.06:515][  0]LightingResults: New page: Lighting Build
[2016.01.26-21.12.06:527][  0]LogParticles: Destroying 0 GPU particle simulations for FXSystem 0x0000000024172160
[2016.01.26-21.12.06:532][  0]LogAIModule: Creating AISystem for world MainMenu
[2016.01.26-21.12.06:534][  0]LogEditorServer: Finished looking for orphan Actors (0.000 secs)
[2016.01.26-21.12.06:535][  0]Cmd: MAP CHECKDEP NOCLEARLOG
[2016.01.26-21.12.06:582][  0]MapCheck: Info Map check complete: 0 Error(s), 0 Warning(s), took 46.675ms to complete.
[2016.01.26-21.12.06:583][  0]LogFileHelpers: Loading map 'MainMenu' took 0.074
[2016.01.26-21.12.06:689][  0]LogCollectionManager: Loaded 0 collections in 0.002075 seconds
[2016.01.26-21.12.06:734][  0]LogFileCache: Scanning file cache for directory 'C:/Users/frederic/Documents/Unreal Projects/LostAge/Saved/Collections/' took 0.01s
[2016.01.26-21.12.06:734][  0]LogFileCache: Scanning file cache for directory 'C:/Users/frederic/Documents/Unreal Projects/LostAge/Content/Developers/frederic/Collections/' took 0.01s
[2016.01.26-21.12.06:735][  0]LogFileCache: Scanning file cache for directory 'C:/Users/frederic/Documents/Unreal Projects/LostAge/Content/Collections/' took 0.01s
[2016.01.26-21.12.06:735][  0]LogContentBrowser: Native class hierarchy populated in 0.0087 seconds. Added 1875 classes and 335 folders.
[2016.01.26-21.12.06:743][  0]LogCollectionManager: Rebuilt the GUID cache for 0 collections in 0.000003 seconds
[2016.01.26-21.12.06:758][  0]LogContentBrowser: Native class hierarchy updated for 'WidgetCarousel' in 0.0030 seconds. Added 0 classes and 0 folders.
[2016.01.26-21.12.06:829][  0]LogContentBrowser: Native class hierarchy updated for 'AddContentDialog' in 0.0027 seconds. Added 0 classes and 0 folders.
[2016.01.26-21.12.06:853][  0]LogContentBrowser: Native class hierarchy updated for 'SceneOutliner' in 0.0019 seconds. Added 1 classes and 2 folders.
[2016.01.26-21.12.06:887][  0]LogCrashTracker: Crashtracker disabled due to settings.
[2016.01.26-21.12.06:891][  0]LogUObjectGlobals:Warning: Failed to find object 'Class None.'
[2016.01.26-21.12.06:913][  0]LogLoad: Full Startup: 54.02 seconds (BP compile: 1.10 seconds)
[2016.01.26-21.12.07:021][  0]LogContentStreaming: Texture pool size now 1000 MB
[2016.01.26-21.12.07:168][  2]LogRenderer: Reallocating scene render targets to support 944x484 (Frame:2).
[2016.01.26-21.12.07:347][  3]LogAssetRegistry: Asset discovery search completed in 3.0756 seconds
[2016.01.26-21.12.07:348][  3]LogCollectionManager: Rebuilt the object cache for 0 collections in 0.000001 seconds (found 0 objects)
[2016.01.26-21.12.07:348][  3]LogCollectionManager: Fixed up redirectors for 0 collections in 0.000369 seconds (updated 0 objects)
[2016.01.26-21.12.11:944][549]LogPlayLevel: PlayLevel: No blueprints needed recompiling
[2016.01.26-21.12.11:945][549]PIE: New page: PIE session: MainMenu (Jan 26, 2016, 11:12:11 AM)
[2016.01.26-21.12.12:015][549]LogPlayLevel: Creating play world package: /Game/FirstPersonCPP/Maps/UEDPIE_0_MainMenu
[2016.01.26-21.12.12:016][549]LogPlayLevel: PIE: StaticDuplicateObject took: (0.000495s)
[2016.01.26-21.12.12:017][549]LogAIModule: Creating AISystem for world MainMenu
[2016.01.26-21.12.12:017][549]LogPlayLevel: PIE: World Init took: (0.001202s)
[2016.01.26-21.12.12:018][549]LogPlayLevel: PIE: Created PIE world by copying editor world from /Game/FirstPersonCPP/Maps/MainMenu.MainMenu to /Game/FirstPersonCPP/Maps/UEDPIE_0_MainMenu.MainMenu (0.002972s)
[2016.01.26-21.12.12:042][549]LogInit: XAudio2 using 'Haut-parleurs (Realtek High Definition Audio)' : 2 channels at 48 kHz using 32 bits per sample (channel mask 0x3)
[2016.01.26-21.12.12:053][549]LogInit: FAudioDevice initialized.
[2016.01.26-21.12.12:107][549]LogWorld: Game class is 'LostAgeGameMode'
[2016.01.26-21.12.19:475][549]LogWorld: Bringing World /Game/FirstPersonCPP/Maps/UEDPIE_0_MainMenu.MainMenu up for play (max tick rate 3) at 2016.01.26-16.12.19
[2016.01.26-21.12.19:476][549]LogActor:Warning: GameSession /Game/FirstPersonCPP/Maps/UEDPIE_0_MainMenu.MainMenu:PersistentLevel.GameSession_0 has natively added scene component(s), but none of them were set as the actor's RootComponent - picking one arbitrarily
[2016.01.26-21.12.19:478][549]LogActor:Warning: GameNetworkManager /Game/FirstPersonCPP/Maps/UEDPIE_0_MainMenu.MainMenu:PersistentLevel.GameNetworkManager_0 has natively added scene component(s), but none of them were set as the actor's RootComponent - picking one arbitrarily
[2016.01.26-21.12.19:478][549]LogWorld: Bringing up level for play took: 0.003510
[2016.01.26-21.12.19:490][549]LogVoice:Warning: Failed to initialize voice interface
[2016.01.26-21.12.31:304][549]LogOnline:Warning: NULL: Can't start an online game for session (Game) that hasn't been created
[2016.01.26-21.13.09:934][549]PIE: Info Play in editor start time for /Game/FirstPersonCPP/Maps/UEDPIE_0_MainMenu 58.377
[2016.01.26-21.13.09:951][550]LogRenderer: Reallocating scene render targets to support 1280x720 (Frame:541).
[2016.01.26-21.13.13:205][821]LogInit: WinSock: I am frederic-PC (192.168.1.103:0)
[2016.01.26-21.13.22:004][876]LogNet: Browse: 192.168.1.103//Game/FirstPersonCPP/Maps/MainMenu
[2016.01.26-21.13.22:004][876]LogInit: WinSock: Socket queue 32768 / 32768
[2016.01.26-21.13.22:005][876]LogNet: Game client on port 7777, rate 10000
[2016.01.26-21.13.22:006][876]LogNet: GetLocalNetworkVersion: GEngineNetVersion: 2707645, ProjectName: lostage, ProjectVersion: 1.0.0.0, InternalProtocolVersion: 9, LocalNetworkVersion: 4161370921
[2016.01.26-21.13.22:045][881]LogNet: Welcomed by server (Level: /Game/FirstPersonCPP/Maps/FirstPersonExampleMap, Game: /Script/LostAge.LostAgeGameMode)
[2016.01.26-21.13.22:046][881]LogLoad: LoadMap: 192.168.1.103//Game/FirstPersonCPP/Maps/FirstPersonExampleMap?game=/Script/LostAge.LostAgeGameMode
[2016.01.26-21.13.22:064][881]LogParticles: Destroying 0 GPU particle simulations for FXSystem 0x000000001AFD6200
[2016.01.26-21.13.22:068][881]Cmd: MEM
[2016.01.26-21.13.22:080][881]LogMemory: Platform Memory Stats for Windows
[2016.01.26-21.13.22:081][881]LogMemory: Process Physical Memory: 561.67 MB used, 564.39 MB peak
[2016.01.26-21.13.22:081][881]LogMemory: Process Virtual Memory: 997.54 MB used, 1069.29 MB peak
[2016.01.26-21.13.22:081][881]LogMemory: Physical Memory: 10733.80 MB used, 16288.39 MB total
[2016.01.26-21.13.22:081][881]LogMemory: Virtual Memory: 1618.97 MB used, 8388608.00 MB total
[2016.01.26-21.13.22:082][881]LogMemory: 
[2016.01.26-21.13.22:082][881]Allocator Stats for TBB: (not implemented)
[2016.01.26-21.13.22:300][881]LogAIModule: Creating AISystem for world FirstPersonExampleMap
[2016.01.26-21.13.22:304][881]LogWorld: Bringing World /Game/FirstPersonCPP/Maps/FirstPersonExampleMap.FirstPersonExampleMap up for play (max tick rate 0) at 2016.01.26-16.13.22
[2016.01.26-21.13.22:305][881]LogWorld: Bringing up level for play took: 0.002637
[2016.01.26-21.14.53:346][882]LogNet: UChannel::ReceivedSequencedBunch: Bunch.bClose == true. ChIndex == 0. Calling ConditionalCleanUp.
[2016.01.26-21.14.53:346][882]LogNet: UChannel::CleanUp: [GameNetDriver] [LostAgePlayerController_0] [LostAgePlayerController_0]. ChIndex == 0. Closing connection.
[2016.01.26-21.14.53:347][882]LogNet: UNetConnection::Close: Name: IpConnection_0, Driver: GameNetDriver IpNetDriver_0, PC: LostAgePlayerController_0, Owner: LostAgePlayerController_0, Channels: 10, RemoteAddr: 192.168.1.103:7777, Time: 2016.01.26-21.14.53
[2016.01.26-21.14.53:347][882]LogNet: UChannel::Close: Sending CloseBunch. ChIndex == 0. Name: ControlChannel_0
[2016.01.26-21.14.53:347][882]LogNet:Warning: Network Failure: GameNetDriver[ConnectionLost]: Your connection to the host has been lost.
[2016.01.26-21.14.53:348][882]LogNet: NetworkFailure: ConnectionLost, Error: 'Your connection to the host has been lost.'
[2016.01.26-21.14.53:348][882]LogNet:Warning: FObjectReplicator::UpdateUnmappedObjects: Connection->State == USOCK_Closed
[2016.01.26-21.14.53:348][882]LogNet:Warning: FObjectReplicator::UpdateUnmappedObjects: Connection->State == USOCK_Closed
[2016.01.26-21.14.53:349][882]LogNet:Warning: FObjectReplicator::UpdateUnmappedObjects: Connection->State == USOCK_Closed
[2016.01.26-21.14.53:350][882]LogNet:Warning: FObjectReplicator::UpdateUnmappedObjects: Connection->State == USOCK_Closed
[2016.01.26-21.14.53:528][883]LogNet: Browse: /Game/FirstPersonCPP/Maps/MainMenu?closed
[2016.01.26-21.14.53:528][883]LogNet: Failed; returning to Entry
[2016.01.26-21.14.54:134][883]LogLoad: LoadMap: /Game/FirstPersonCPP/Maps/MainMenu?closed
[2016.01.26-21.14.54:135][883]LogNet: World NetDriver shutdown IpNetDriver_0 [GameNetDriver]
[2016.01.26-21.14.54:135][883]LogNet: DestroyNamedNetDriver IpNetDriver_0 [GameNetDriver]
[2016.01.26-21.14.54:136][883]LogExit: GameNetDriver IpNetDriver_0 shut down
[2016.01.26-21.14.54:155][883]LogParticles: Destroying 0 GPU particle simulations for FXSystem 0x00000000378F3A60
[2016.01.26-21.14.54:257][883]Cmd: MEM
[2016.01.26-21.14.54:273][883]LogMemory: Platform Memory Stats for Windows
[2016.01.26-21.14.54:274][883]LogMemory: Process Physical Memory: 598.66 MB used, 983.61 MB peak
[2016.01.26-21.14.54:274][883]LogMemory: Process Virtual Memory: 1139.72 MB used, 1525.28 MB peak
[2016.01.26-21.14.54:275][883]LogMemory: Physical Memory: 11068.40 MB used, 16288.39 MB total
[2016.01.26-21.14.54:275][883]LogMemory: Virtual Memory: 1753.04 MB used, 8388608.00 MB total
[2016.01.26-21.14.54:275][883]LogMemory: 
[2016.01.26-21.14.54:275][883]Allocator Stats for TBB: (not implemented)
[2016.01.26-21.14.54:276][883]LogPlayLevel: Creating play world package: /Game/FirstPersonCPP/Maps/UEDPIE_0_MainMenu
[2016.01.26-21.14.54:277][883]LogPlayLevel: PIE: StaticDuplicateObject took: (0.000539s)
[2016.01.26-21.14.54:278][883]LogAIModule: Creating AISystem for world MainMenu
[2016.01.26-21.14.54:278][883]LogPlayLevel: PIE: World Init took: (0.001143s)
[2016.01.26-21.14.54:279][883]LogPlayLevel: PIE: Created PIE world by copying editor world from /Game/FirstPersonCPP/Maps/MainMenu.MainMenu to /Game/FirstPersonCPP/Maps/UEDPIE_0_MainMenu.MainMenu (0.002797s)
[2016.01.26-21.14.54:279][883]LogWorld: Game class is 'LostAgeGameMode'
[2016.01.26-21.15.31:911][883]LogWorld: Bringing World /Game/FirstPersonCPP/Maps/UEDPIE_0_MainMenu.MainMenu up for play (max tick rate 3) at 2016.01.26-16.15.31
[2016.01.26-21.15.31:914][883]LogActor:Warning: GameSession /Game/FirstPersonCPP/Maps/UEDPIE_0_MainMenu.MainMenu:PersistentLevel.GameSession_1 has natively added scene component(s), but none of them were set as the actor's RootComponent - picking one arbitrarily
[2016.01.26-21.15.31:914][883]LogActor:Warning: GameNetworkManager /Game/FirstPersonCPP/Maps/UEDPIE_0_MainMenu.MainMenu:PersistentLevel.GameNetworkManager_1 has natively added scene component(s), but none of them were set as the actor's RootComponent - picking one arbitrarily
[2016.01.26-21.15.31:915][883]LogWorld: Bringing up level for play took: 0.004784
[2016.01.26-21.15.31:916][883]LogGameMode: Warning - PATHS NOT DEFINED or NO PLAYERSTART with positive rating
[2016.01.26-21.15.54:145][908]LogOnline:Warning: NULL: Session (Game) already exists, can't join twice
[2016.01.26-21.15.54:145][908]LogBlueprintUserMessages: [GameInstanceBP_C_0] Failed to join
[2016.01.26-21.15.55:281][ 44]LogNet: Browse: 192.168.1.103//Game/FirstPersonCPP/Maps/MainMenu
[2016.01.26-21.15.55:282][ 44]LogInit: WinSock: Socket queue 32768 / 32768
[2016.01.26-21.15.55:283][ 44]LogNet: Game client on port 7777, rate 10000
[2016.01.26-21.15.55:284][ 44]LogNet: GetLocalNetworkVersion: GEngineNetVersion: 2707645, ProjectName: lostage, ProjectVersion: 1.0.0.0, InternalProtocolVersion: 9, LocalNetworkVersion: 4161370921
[2016.01.26-21.15.55:317][ 48]LogNet: Welcomed by server (Level: /Game/FirstPersonCPP/Maps/FirstPersonExampleMap, Game: /Script/LostAge.LostAgeGameMode)
[2016.01.26-21.15.55:318][ 48]LogLoad: LoadMap: 192.168.1.103//Game/FirstPersonCPP/Maps/FirstPersonExampleMap?game=/Script/LostAge.LostAgeGameMode
[2016.01.26-21.15.55:333][ 48]LogParticles: Destroying 0 GPU particle simulations for FXSystem 0x00000000378F0220
[2016.01.26-21.15.55:334][ 48]Cmd: MEM
[2016.01.26-21.15.55:346][ 48]LogMemory: Platform Memory Stats for Windows
[2016.01.26-21.15.55:347][ 48]LogMemory: Process Physical Memory: 593.61 MB used, 983.61 MB peak
[2016.01.26-21.15.55:347