[2016.01.27-00.28.22:558][  0]Log file open, 01/26/16 19:28:22
[2016.01.27-00.28.22:558][  0]LogInit:Display: Running engine for game: LostAge
[2016.01.27-00.28.22:559][  0]LogInit:Display: RandInit(634504132) SRandInit(634504132).
[2016.01.27-00.28.22:559][  0]LogTaskGraph: Started task graph with 4 named threads and 7 total threads.
[2016.01.27-00.28.22:559][  0]LogStats: Stats thread started at 0.153936
[2016.01.27-00.28.22:560][  0]LogInit: Version: 4.9.2-2707645+++depot+UE4-Releases+4.9
[2016.01.27-00.28.22:560][  0]LogInit: API Version: 2672455
[2016.01.27-00.28.22:560][  0]LogInit: Compiled (64-bit): Sep 28 2015 10:25:44
[2016.01.27-00.28.22:560][  0]LogInit: Compiled with Visual C++: 18.00.21005.01
[2016.01.27-00.28.22:561][  0]LogInit: Build Configuration: DebugGame
[2016.01.27-00.28.22:561][  0]LogInit: Branch Name: ++depot+UE4-Releases+4.9
[2016.01.27-00.28.22:561][  0]LogInit: Command line:  -debug
[2016.01.27-00.28.22:562][  0]LogInit: Base directory: C:/Program Files/Epic Games/4.9/Engine/Binaries/Win64/
[2016.01.27-00.28.22:562][  0]LogInit: Rocket: 1
[2016.01.27-00.28.22:601][  0]LogInit: Using libcurl 7.41.0
[2016.01.27-00.28.22:601][  0]LogInit:  - built for x86_64-pc-win32
[2016.01.27-00.28.22:602][  0]LogInit:  - supports SSL with WinSSL
[2016.01.27-00.28.22:602][  0]LogInit:  - other features:
[2016.01.27-00.28.22:602][  0]LogInit:      CURL_VERSION_SSL
[2016.01.27-00.28.22:603][  0]LogInit:      CURL_VERSION_IPV6
[2016.01.27-00.28.22:603][  0]LogInit:      CURL_VERSION_ASYNCHDNS
[2016.01.27-00.28.22:604][  0]LogInit:      CURL_VERSION_LARGEFILE
[2016.01.27-00.28.22:604][  0]LogInit:      CURL_VERSION_IDN
[2016.01.27-00.28.22:604][  0]LogInit:  CurlRequestOptions (configurable via config and command line):
[2016.01.27-00.28.22:604][  0]LogInit:  - bVerifyPeer = true  - Libcurl will verify peer certificate
[2016.01.27-00.28.22:605][  0]LogInit:  - bUseHttpProxy = false  - Libcurl will NOT use HTTP proxy
[2016.01.27-00.28.22:605][  0]LogInit:  - bDontReuseConnections = false  - Libcurl will reuse connections
[2016.01.27-00.28.22:605][  0]LogInit:  - CertBundlePath = nullptr  - Libcurl will use whatever was configured at build time.
[2016.01.27-00.28.22:668][  0]LogInit: WinSock: version 1.1 (2.2), MaxSocks=32767, MaxUdp=65467
[2016.01.27-00.28.22:683][  0]LogVoice:Warning: Failed to initialize voice interface
[2016.01.27-00.28.22:689][  0]LogInit: Presizing for 0 objects not considered by GC, pre-allocating 0 bytes.
[2016.01.27-00.28.22:697][  0]LogInit: Object subsystem initialized
[2016.01.27-00.28.22:699][  0]LogInit: Selected Device Profile: [Windows]
[2016.01.27-00.28.22:699][  0]LogInit: Applying CVar settings loaded from the selected device profile: [Windows]
[2016.01.27-00.28.22:707][  0]LogInit: Computer: FREDERIC-PC
[2016.01.27-00.28.22:708][  0]LogInit: User: frederic
[2016.01.27-00.28.22:708][  0]LogInit: CPU Page size=4096, Cores=4
[2016.01.27-00.28.22:708][  0]LogInit: High frequency timer resolution =3.331240 MHz
[2016.01.27-00.28.22:709][  0]LogMemory: Memory total: Physical=15.9GB (16GB approx)
[2016.01.27-00.28.22:709][  0]LogMemory: Platform Memory Stats for Windows
[2016.01.27-00.28.22:709][  0]LogMemory: Process Physical Memory: 55.04 MB used, 55.04 MB peak
[2016.01.27-00.28.22:709][  0]LogMemory: Process Virtual Memory: 55.73 MB used, 55.73 MB peak
[2016.01.27-00.28.22:710][  0]LogMemory: Physical Memory: 5976.59 MB used, 16288.39 MB total
[2016.01.27-00.28.22:710][  0]LogMemory: Virtual Memory: 337.63 MB used, 8388608.00 MB total
[2016.01.27-00.28.22:790][  0]LogTextLocalizationManager: No translations for ('fr-CA') exist, falling back to 'en' for localization and internationalization data.
[2016.01.27-00.28.23:456][  0]LogD3D11RHI: Found D3D11 adapter 0: NVIDIA GeForce GTX 970 (Feature Level 11_0)
[2016.01.27-00.28.23:456][  0]LogD3D11RHI: Adapter has 4008MB of dedicated video memory, 0MB of dedicated system memory, and 7888MB of shared system memory, 1 output[s]
[2016.01.27-00.28.23:464][  0]LogD3D11RHI: Found D3D11 adapter 1: Intel(R) HD Graphics 3000 (Feature Level 10_0)
[2016.01.27-00.28.23:465][  0]LogD3D11RHI: Adapter has 64MB of dedicated video memory, 0MB of dedicated system memory, and 1632MB of shared system memory, 0 output[s]
[2016.01.27-00.28.23:465][  0]LogD3D11RHI: Chosen D3D11 Adapter Id = 0
[2016.01.27-00.28.23:470][  0]LogD3D11RHI: !Direct3DDevice
[2016.01.27-00.28.23:470][  0]LogRHI: Texture pool is 1361 MB (70% of 1945 MB)
[2016.01.27-00.28.23:528][  0]LogD3D11RHI: Async texture creation enabled
[2016.01.27-00.28.23:543][  0]LogShaderCompilers: Guid format shader working directory is 15 characters bigger than the processId version (../../../../../../Users/frederic/Documents/Unreal Projects/LostAge/Intermediate/Shaders/WorkingDirectory/2468/).
[2016.01.27-00.28.23:544][  0]LogShaderCompilers: Cleaned the shader compiler working directory '../../../../../../Users/frederic/Documents/Unreal Projects/LostAge/Intermediate/Shaders/tmp/ED21C49447B88862A8A1628F41AEF05D/'.
[2016.01.27-00.28.23:544][  0]LogShaderCompilers:Display: Using Local Shader Compiler.
[2016.01.27-00.28.24:761][  0]LogTemp:Display: Loaded TP AllDesktopTargetPlatform
[2016.01.27-00.28.24:779][  0]LogTemp:Display: Loaded TP WindowsClientTargetPlatform
[2016.01.27-00.28.24:796][  0]LogTemp:Display: Loaded TP WindowsNoEditorTargetPlatform
[2016.01.27-00.28.24:814][  0]LogTemp:Display: Loaded TP WindowsServerTargetPlatform
[2016.01.27-00.28.24:833][  0]LogTemp:Display: Loaded TP WindowsTargetPlatform
[2016.01.27-00.28.24:839][  0]LogTemp:Display: Loaded TP AndroidTargetPlatform
[2016.01.27-00.28.24:846][  0]LogTemp:Display: Loaded TP Android_ASTCTargetPlatform
[2016.01.27-00.28.24:854][  0]LogTemp:Display: Loaded TP Android_ATCTargetPlatform
[2016.01.27-00.28.24:862][  0]LogTemp:Display: Loaded TP Android_DXTTargetPlatform
[2016.01.27-00.28.24:869][  0]LogTemp:Display: Loaded TP Android_ETC1TargetPlatform
[2016.01.27-00.28.24:879][  0]LogTemp:Display: Loaded TP Android_ETC2TargetPlatform
[2016.01.27-00.28.24:886][  0]LogTemp:Display: Loaded TP Android_PVRTCTargetPlatform
[2016.01.27-00.28.24:890][  0]LogTemp:Display: Loaded TP HTML5TargetPlatform
[2016.01.27-00.28.24:923][  0]LogTemp:Display: Loaded TP IOSTargetPlatform
[2016.01.27-00.28.24:930][  0]LogTemp:Display: Loaded TP LinuxNoEditorTargetPlatform
[2016.01.27-00.28.24:937][  0]LogTemp:Display: Loaded TP LinuxServerTargetPlatform
[2016.01.27-00.28.24:944][  0]LogTemp:Display: Loaded TP LinuxTargetPlatform
[2016.01.27-00.28.24:944][  0]LogTargetPlatformManager:Display: Building Assets For Windows
[2016.01.27-00.28.25:167][  0]LogDerivedDataCache:Display: Max Cache Size: 512 MB
[2016.01.27-00.28.25:220][  0]LogDerivedDataCache: Loaded boot cache 0.05s 43MB C:/Users/frederic/AppData/Local/UnrealEngine/4.9/DerivedDataCache/Boot.ddc.
[2016.01.27-00.28.25:221][  0]LogDerivedDataCache:Display: Loaded Boot cache: C:/Users/frederic/AppData/Local/UnrealEngine/4.9/DerivedDataCache/Boot.ddc
[2016.01.27-00.28.25:221][  0]LogDerivedDataCache: FDerivedDataBackendGraph:  Pak pak cache file ../../../../../../Users/frederic/Documents/Unreal Projects/LostAge/DerivedDataCache/DDC.ddp not found, will not use a pak cache.
[2016.01.27-00.28.25:221][  0]LogDerivedDataCache: Unable to find inner node Pak for hierarchical cache Hierarchy.
[2016.01.27-00.28.25:222][  0]LogDerivedDataCache: FDerivedDataBackendGraph:  CompressedPak pak cache file ../../../../../../Users/frederic/Documents/Unreal Projects/LostAge/DerivedDataCache/Compressed.ddp not found, will not use a pak cache.
[2016.01.27-00.28.25:222][  0]LogDerivedDataCache: Unable to find inner node CompressedPak for hierarchical cache Hierarchy.
[2016.01.27-00.28.25:366][  0]LogDerivedDataCache:Display: Pak cache opened for reading ../../../Engine/DerivedDataCache/Compressed.ddp.
[2016.01.27-00.28.25:378][  0]LogDerivedDataCache: Using Local data cache path C:/Users/frederic/AppData/Local/UnrealEngine/Common/DerivedDataCache: Writable
[2016.01.27-00.28.25:569][  0]LogInit: Selected Device Profile: [Windows]
[2016.01.27-00.28.25:570][  0]LogContentStreaming: Texture pool size is 0.000000MB
[2016.01.27-00.28.25:612][  0]LogMeshUtilities: No automatic mesh reduction module available
[2016.01.27-00.28.25:613][  0]LogMeshUtilities: No automatic mesh merging module available
[2016.01.27-00.28.27:076][  0]UdpMessaging: Initializing bridge on interface 0.0.0.0:0 to multicast group 230.0.0.1:6666.
[2016.01.27-00.28.32:324][  0]LogAssetRegistry: FAssetRegistry took 0.0104 seconds to start up
[2016.01.27-00.28.32:691][  0]SourceControl: Info Source control is disabled
[2016.01.27-00.28.32:693][  0]SourceControl: Info Source control is disabled
[2016.01.27-00.28.32:712][  0]SourceControl: Info Source control is disabled
[2016.01.27-00.28.32:732][  0]SourceControl: Info Source control is disabled
[2016.01.27-00.28.32:928][  0]LogLinker:Warning: Asset '../../../Engine/Plugins/Runtime/LeapMotionController/Content/LM_PassthroughMaterial.uasset' has been saved with empty engine version. The asset will be loaded but may be incompatible.
[2016.01.27-00.28.33:030][  0]LogObj: 31829 objects as part of root set at end of initial load.
[2016.01.27-00.28.33:031][  0]LogUObjectAllocator: 7266512 out of 0 bytes used by permanent object pool.
[2016.01.27-00.28.33:118][  0]LogEngine: Initializing Engine...
[2016.01.27-00.28.33:122][  0]LogHMD: Can't find Oculus library dev build: is proper Runtime installed? Version: 0.7.0.0
[2016.01.27-00.28.33:124][  0]LogHMD: SteamVR failed to initialize.  Err: 110
[2016.01.27-00.28.33:271][  0]LogAIModule: Creating AISystem for world NewWorld
[2016.01.27-00.28.33:286][  0]LogInit: XAudio2 using 'Haut-parleurs (USB PnP Sound Device)' : 2 channels at 44.1 kHz using 16 bits per sample (channel mask 0x3)
[2016.01.27-00.28.33:294][  0]LogInit: FAudioDevice initialized.
[2016.01.27-00.28.33:316][  0]LogDerivedDataCache: Saved boot cache 0.02s 43MB C:/Users/frederic/AppData/Local/UnrealEngine/4.9/DerivedDataCache/Boot.ddc.
[2016.01.27-00.28.33:322][  0]LogInit: Texture streaming: Enabled
[2016.01.27-00.28.33:341][  0]LogAnalytics: Creating configured Analytics provider AnalyticsET
[2016.01.27-00.28.33:341][  0]LogAnalytics: [UEEditor.Rocket.Release] APIServer = http://et2.epicgames.com/ET2/. AppVersion = 4.9.2-2707645+++depot+UE4-Releases+4.9
[2016.01.27-00.28.33:342][  0]LogAnalytics: [UEEditor.Rocket.Release] SetUserId c8da8d664a36a98701fe659c10ae4ff8|70626fa7f476448fb82ad9618fbbb1ab|00e7fb16-00c3-4af4-a2a1-2cc8013aae38
[2016.01.27-00.28.33:342][  0]LogAnalytics: [UEEditor.Rocket.Release] AnalyticsET::StartSession
[2016.01.27-00.28.33:363][  0]LogInit: Transaction tracking system initialized
[2016.01.27-00.28.33:483][  0]BlueprintLog: New page: Editor Load
[2016.01.27-00.28.33:942][  0]LocalizationService: Info Localization service is disabled
[2016.01.27-00.28.34:118][  0]LogLinker:Warning: Can't find file '/Game/ThirdPersonCPP/ThirdPersonOverview'
[2016.01.27-00.28.34:118][  0]LogLinker:Warning: Can't find file '/Game/ThirdPersonCPP/ThirdPersonOverview'
[2016.01.27-00.28.34:119][  0]LogUObjectGlobals:Warning: Failed to find object 'Class /Game/ThirdPersonCPP/ThirdPersonOverview.ThirdPersonOverview_C'
[2016.01.27-00.28.34:151][  0]LogConsoleResponse:Display: 
[2016.01.27-00.28.34:284][  0]LogCook:Display: Done creating registry. It took  0.00s.
[2016.01.27-00.28.34:478][  0]LogFileCache: Scanning file cache for directory 'C:/Users/frederic/Documents/Unreal Projects/LostAge/Content/' took 0.01s
[2016.01.27-00.28.34:478][  0]SourceControl: Info Source control is disabled
[2016.01.27-00.28.34:479][  0]Cmd: MAP LOAD FILE="../../../../../../Users/frederic/Documents/Unreal Projects/LostAge/Content/FirstPersonCPP/Maps/MainMenu.umap" TEMPLATE=0 SHOWPROGRESS=1 FEATURELEVEL=3
[2016.01.27-00.28.34:479][  0]LightingResults: New page: Lighting Build
[2016.01.27-00.28.34:485][  0]MapCheck: New page: Map Check
[2016.01.27-00.28.34:485][  0]LightingResults: New page: Lighting Build
[2016.01.27-00.28.34:497][  0]LogParticles: Destroying 0 GPU particle simulations for FXSystem 0x0000000023C6E480
[2016.01.27-00.28.34:501][  0]LogAIModule: Creating AISystem for world MainMenu
[2016.01.27-00.28.34:503][  0]LogEditorServer: Finished looking for orphan Actors (0.000 secs)
[2016.01.27-00.28.34:504][  0]Cmd: MAP CHECKDEP NOCLEARLOG
[2016.01.27-00.28.34:551][  0]MapCheck: Info Map check complete: 0 Error(s), 0 Warning(s), took 46.159ms to complete.
[2016.01.27-00.28.34:551][  0]LogFileHelpers: Loading map 'MainMenu' took 0.072
[2016.01.27-00.28.34:651][  0]LogCollectionManager: Loaded 0 collections in 0.002221 seconds
[2016.01.27-00.28.34:695][  0]LogFileCache: Scanning file cache for directory 'C:/Users/frederic/Documents/Unreal Projects/LostAge/Saved/Collections/' took 0.01s
[2016.01.27-00.28.34:696][  0]LogFileCache: Scanning file cache for directory 'C:/Users/frederic/Documents/Unreal Projects/LostAge/Content/Developers/frederic/Collections/' took 0.01s
[2016.01.27-00.28.34:696][  0]LogFileCache: Scanning file cache for directory 'C:/Users/frederic/Documents/Unreal Projects/LostAge/Content/Collections/' took 0.01s
[2016.01.27-00.28.34:696][  0]LogContentBrowser: Native class hierarchy populated in 0.0093 seconds. Added 1875 classes and 335 folders.
[2016.01.27-00.28.34:705][  0]LogCollectionManager: Rebuilt the GUID cache for 0 collections in 0.000002 seconds
[2016.01.27-00.28.34:719][  0]LogContentBrowser: Native class hierarchy updated for 'WidgetCarousel' in 0.0031 seconds. Added 0 classes and 0 folders.
[2016.01.27-00.28.34:793][  0]LogContentBrowser: Native class hierarchy updated for 'AddContentDialog' in 0.0021 seconds. Added 0 classes and 0 folders.
[2016.01.27-00.28.34:823][  0]LogContentBrowser: Native class hierarchy updated for 'SceneOutliner' in 0.0018 seconds. Added 1 classes and 2 folders.
[2016.01.27-00.28.34:857][  0]LogCrashTracker: Crashtracker disabled due to settings.
[2016.01.27-00.28.34:861][  0]LogUObjectGlobals:Warning: Failed to find object 'Class None.'
[2016.01.27-00.28.34:882][  0]LogLoad: Full Startup: 13.36 seconds (BP compile: 0.24 seconds)
[2016.01.27-00.28.34:948][  0]LogContentStreaming: Texture pool size now 1000 MB
[2016.01.27-00.28.35:077][  2]LogRenderer: Reallocating scene render targets to support 972x516 (Frame:2).
[2016.01.27-00.28.35:255][  3]LogAssetRegistry: Asset discovery search completed in 2.9415 seconds
[2016.01.27-00.28.35:255][  3]LogCollectionManager: Rebuilt the object cache for 0 collections in 0.000001 seconds (found 0 objects)
[2016.01.27-00.28.35:256][  3]LogCollectionManager: Fixed up redirectors for 0 collections in 0.000312 seconds (updated 0 objects)
[2016.01.27-00.28.41:217][694]LogSavePackage: Save=8.469519ms
[2016.01.27-00.28.41:218][694]LogSavePackage: Moving '../../../../../../Users/frederic/Documents/Unreal Projects/LostAge/Saved/UEDPCMainMenu3E2DF543467BB2F00ECBC3AD1415ED0A.tmp' to '../../../../../../Users/frederic/Documents/Unreal Projects/LostAge/Saved/Autosaves/Game/FirstPersonCPP/Maps/UEDPCMainMenu.umap'
[2016.01.27-00.28.41:220][694]LogSavePackage: Total save time: 18.191423ms
[2016.01.27-00.28.41:221][694]LogSavePackage:Warning: Finished SavePackage ../../../../../../Users/frederic/Documents/Unreal Projects/LostAge/Saved/Autosaves/Game/FirstPersonCPP/Maps/UEDPCMainMenu.umap
[2016.01.27-00.28.50:682][891]LogEditorViewport: Clicking Background
[2016.01.27-00.28.53:972][281]LogPlayLevel: PlayLevel: No blueprints needed recompiling
[2016.01.27-00.28.53:973][281]PIE: New page: PIE session: MainMenu (Jan 26, 2016, 2:28:53 PM)
[2016.01.27-00.28.54:050][281]LogPlayLevel: Creating play world package: /Game/FirstPersonCPP/Maps/UEDPIE_0_MainMenu
[2016.01.27-00.28.54:051][281]LogPlayLevel: PIE: StaticDuplicateObject took: (0.000808s)
[2016.01.27-00.28.54:052][281]LogAIModule: Creating AISystem for world MainMenu
[2016.01.27-00.28.54:053][281]LogPlayLevel: PIE: World Init took: (0.001068s)
[2016.01.27-00.28.54:053][281]LogPlayLevel: PIE: Created PIE world by copying editor world from /Game/FirstPersonCPP/Maps/MainMenu.MainMenu to /Game/FirstPersonCPP/Maps/UEDPIE_0_MainMenu.MainMenu (0.003355s)
[2016.01.27-00.28.54:076][281]LogInit: XAudio2 using 'Haut-parleurs (