[2016.01.25-22.37.08:194][  0]Log file open, 01/25/16 17:37:08
[2016.01.25-22.37.08:194][  0]LogInit:Display: Running engine for game: LostAge
[2016.01.25-22.37.08:194][  0]LogInit:Display: RandInit(-266858640) SRandInit(-266858640).
[2016.01.25-22.37.08:194][  0]LogTaskGraph: Started task graph with 4 named threads and 7 total threads.
[2016.01.25-22.37.08:195][  0]LogStats: Stats thread started at 0.145278
[2016.01.25-22.37.08:195][  0]LogInit: Version: 4.9.2-2707645+++depot+UE4-Releases+4.9
[2016.01.25-22.37.08:195][  0]LogInit: API Version: 2672455
[2016.01.25-22.37.08:196][  0]LogInit: Compiled (64-bit): Sep 28 2015 10:25:44
[2016.01.25-22.37.08:196][  0]LogInit: Compiled with Visual C++: 18.00.21005.01
[2016.01.25-22.37.08:196][  0]LogInit: Build Configuration: DebugGame
[2016.01.25-22.37.08:196][  0]LogInit: Branch Name: ++depot+UE4-Releases+4.9
[2016.01.25-22.37.08:196][  0]LogInit: Command line:  -debug
[2016.01.25-22.37.08:197][  0]LogInit: Base directory: C:/Program Files/Epic Games/4.9/Engine/Binaries/Win64/
[2016.01.25-22.37.08:197][  0]LogInit: Rocket: 1
[2016.01.25-22.37.08:218][  0]LogInit: Using libcurl 7.41.0
[2016.01.25-22.37.08:219][  0]LogInit:  - built for x86_64-pc-win32
[2016.01.25-22.37.08:219][  0]LogInit:  - supports SSL with WinSSL
[2016.01.25-22.37.08:219][  0]LogInit:  - other features:
[2016.01.25-22.37.08:219][  0]LogInit:      CURL_VERSION_SSL
[2016.01.25-22.37.08:219][  0]LogInit:      CURL_VERSION_IPV6
[2016.01.25-22.37.08:220][  0]LogInit:      CURL_VERSION_ASYNCHDNS
[2016.01.25-22.37.08:220][  0]LogInit:      CURL_VERSION_LARGEFILE
[2016.01.25-22.37.08:220][  0]LogInit:      CURL_VERSION_IDN
[2016.01.25-22.37.08:220][  0]LogInit:  CurlRequestOptions (configurable via config and command line):
[2016.01.25-22.37.08:220][  0]LogInit:  - bVerifyPeer = true  - Libcurl will verify peer certificate
[2016.01.25-22.37.08:221][  0]LogInit:  - bUseHttpProxy = false  - Libcurl will NOT use HTTP proxy
[2016.01.25-22.37.08:221][  0]LogInit:  - bDontReuseConnections = false  - Libcurl will reuse connections
[2016.01.25-22.37.08:221][  0]LogInit:  - CertBundlePath = nullptr  - Libcurl will use whatever was configured at build time.
[2016.01.25-22.37.08:249][  0]LogInit: Presizing for 0 objects not considered by GC, pre-allocating 0 bytes.
[2016.01.25-22.37.08:257][  0]LogInit: Object subsystem initialized
[2016.01.25-22.37.08:259][  0]LogInit: Selected Device Profile: [Windows]
[2016.01.25-22.37.08:259][  0]LogInit: Applying CVar settings loaded from the selected device profile: [Windows]
[2016.01.25-22.37.08:267][  0]LogInit: Computer: FREDERIC-PC
[2016.01.25-22.37.08:267][  0]LogInit: User: frederic
[2016.01.25-22.37.08:267][  0]LogInit: CPU Page size=4096, Cores=4
[2016.01.25-22.37.08:267][  0]LogInit: High frequency timer resolution =3.331240 MHz
[2016.01.25-22.37.08:268][  0]LogMemory: Memory total: Physical=15.9GB (16GB approx)
[2016.01.25-22.37.08:268][  0]LogMemory: Platform Memory Stats for Windows
[2016.01.25-22.37.08:268][  0]LogMemory: Process Physical Memory: 53.30 MB used, 53.30 MB peak
[2016.01.25-22.37.08:269][  0]LogMemory: Process Virtual Memory: 55.50 MB used, 55.50 MB peak
[2016.01.25-22.37.08:269][  0]LogMemory: Physical Memory: 5216.38 MB used, 16288.39 MB total
[2016.01.25-22.37.08:269][  0]LogMemory: Virtual Memory: 330.62 MB used, 8388608.00 MB total
[2016.01.25-22.37.08:339][  0]LogTextLocalizationManager: No translations for ('fr-CA') exist, falling back to 'en' for localization and internationalization data.
[2016.01.25-22.37.09:007][  0]LogD3D11RHI: Found D3D11 adapter 0: NVIDIA GeForce GTX 970 (Feature Level 11_0)
[2016.01.25-22.37.09:007][  0]LogD3D11RHI: Adapter has 4008MB of dedicated video memory, 0MB of dedicated system memory, and 7888MB of shared system memory, 1 output[s]
[2016.01.25-22.37.09:016][  0]LogD3D11RHI: Found D3D11 adapter 1: Intel(R) HD Graphics 3000 (Feature Level 10_0)
[2016.01.25-22.37.09:017][  0]LogD3D11RHI: Adapter has 64MB of dedicated video memory, 0MB of dedicated system memory, and 1632MB of shared system memory, 0 output[s]
[2016.01.25-22.37.09:017][  0]LogD3D11RHI: Chosen D3D11 Adapter Id = 0
[2016.01.25-22.37.09:022][  0]LogD3D11RHI: !Direct3DDevice
[2016.01.25-22.37.09:023][  0]LogRHI: Texture pool is 1361 MB (70% of 1945 MB)
[2016.01.25-22.37.09:083][  0]LogD3D11RHI: Async texture creation enabled
[2016.01.25-22.37.09:100][  0]LogShaderCompilers: Guid format shader working directory is 15 characters bigger than the processId version (../../../../../../Users/frederic/Documents/Unreal Projects/LostAge/Intermediate/Shaders/WorkingDirectory/4820/).
[2016.01.25-22.37.09:100][  0]LogShaderCompilers: Cleaned the shader compiler working directory '../../../../../../Users/frederic/Documents/Unreal Projects/LostAge/Intermediate/Shaders/tmp/C0E46ADB47524AEE68EE388A9922116E/'.
[2016.01.25-22.37.09:100][  0]LogShaderCompilers:Display: Using Local Shader Compiler.
[2016.01.25-22.37.10:259][  0]LogTemp:Display: Loaded TP AllDesktopTargetPlatform
[2016.01.25-22.37.10:273][  0]LogTemp:Display: Loaded TP WindowsClientTargetPlatform
[2016.01.25-22.37.10:288][  0]LogTemp:Display: Loaded TP WindowsNoEditorTargetPlatform
[2016.01.25-22.37.10:303][  0]LogTemp:Display: Loaded TP WindowsServerTargetPlatform
[2016.01.25-22.37.10:318][  0]LogTemp:Display: Loaded TP WindowsTargetPlatform
[2016.01.25-22.37.10:324][  0]LogTemp:Display: Loaded TP AndroidTargetPlatform
[2016.01.25-22.37.10:332][  0]LogTemp:Display: Loaded TP Android_ASTCTargetPlatform
[2016.01.25-22.37.10:339][  0]LogTemp:Display: Loaded TP Android_ATCTargetPlatform
[2016.01.25-22.37.10:346][  0]LogTemp:Display: Loaded TP Android_DXTTargetPlatform
[2016.01.25-22.37.10:354][  0]LogTemp:Display: Loaded TP Android_ETC1TargetPlatform
[2016.01.25-22.37.10:361][  0]LogTemp:Display: Loaded TP Android_ETC2TargetPlatform
[2016.01.25-22.37.10:370][  0]LogTemp:Display: Loaded TP Android_PVRTCTargetPlatform
[2016.01.25-22.37.10:373][  0]LogTemp:Display: Loaded TP HTML5TargetPlatform
[2016.01.25-22.37.10:403][  0]LogTemp:Display: Loaded TP IOSTargetPlatform
[2016.01.25-22.37.10:409][  0]LogTemp:Display: Loaded TP LinuxNoEditorTargetPlatform
[2016.01.25-22.37.10:416][  0]LogTemp:Display: Loaded TP LinuxServerTargetPlatform
[2016.01.25-22.37.10:422][  0]LogTemp:Display: Loaded TP LinuxTargetPlatform
[2016.01.25-22.37.10:423][  0]LogTargetPlatformManager:Display: Building Assets For Windows
[2016.01.25-22.37.10:616][  0]LogDerivedDataCache:Display: Max Cache Size: 512 MB
[2016.01.25-22.37.10:661][  0]LogDerivedDataCache: Loaded boot cache 0.04s 42MB C:/Users/frederic/AppData/Local/UnrealEngine/4.9/DerivedDataCache/Boot.ddc.
[2016.01.25-22.37.10:661][  0]LogDerivedDataCache:Display: Loaded Boot cache: C:/Users/frederic/AppData/Local/UnrealEngine/4.9/DerivedDataCache/Boot.ddc
[2016.01.25-22.37.10:662][  0]LogDerivedDataCache: FDerivedDataBackendGraph:  Pak pak cache file ../../../../../../Users/frederic/Documents/Unreal Projects/LostAge/DerivedDataCache/DDC.ddp not found, will not use a pak cache.
[2016.01.25-22.37.10:662][  0]LogDerivedDataCache: Unable to find inner node Pak for hierarchical cache Hierarchy.
[2016.01.25-22.37.10:662][  0]LogDerivedDataCache: FDerivedDataBackendGraph:  CompressedPak pak cache file ../../../../../../Users/frederic/Documents/Unreal Projects/LostAge/DerivedDataCache/Compressed.ddp not found, will not use a pak cache.
[2016.01.25-22.37.10:662][  0]LogDerivedDataCache: Unable to find inner node CompressedPak for hierarchical cache Hierarchy.
[2016.01.25-22.37.10:808][  0]LogDerivedDataCache:Display: Pak cache opened for reading ../../../Engine/DerivedDataCache/Compressed.ddp.
[2016.01.25-22.37.10:820][  0]LogDerivedDataCache: Using Local data cache path C:/Users/frederic/AppData/Local/UnrealEngine/Common/DerivedDataCache: Writable
[2016.01.25-22.37.11:006][  0]LogInit: Selected Device Profile: [Windows]
[2016.01.25-22.37.11:007][  0]LogContentStreaming: Texture pool size is 0.000000MB
[2016.01.25-22.37.11:042][  0]LogMeshUtilities: No automatic mesh reduction module available
[2016.01.25-22.37.11:043][  0]LogMeshUtilities: No automatic mesh merging module available
[2016.01.25-22.37.11:426][  0]LogInit: WinSock: version 1.1 (2.2), MaxSocks=32767, MaxUdp=65467
[2016.01.25-22.37.12:403][  0]UdpMessaging: Initializing bridge on interface 0.0.0.0:0 to multicast group 230.0.0.1:6666.
[2016.01.25-22.37.12:741][  0]LogAssetRegistry: FAssetRegistry took 0.0104 seconds to start up
[2016.01.25-22.37.13:080][  0]SourceControl: Info Source control is disabled
[2016.01.25-22.37.13:081][  0]SourceControl: Info Source control is disabled
[2016.01.25-22.37.13:098][  0]SourceControl: Info Source control is disabled
[2016.01.25-22.37.13:115][  0]SourceControl: Info Source control is disabled
[2016.01.25-22.37.13:309][  0]LogLinker:Warning: Asset '../../../Engine/Plugins/Runtime/LeapMotionController/Content/LM_PassthroughMaterial.uasset' has been saved with empty engine version. The asset will be loaded but may be incompatible.
[2016.01.25-22.37.13:412][  0]LogObj: 31786 objects as part of root set at end of initial load.
[2016.01.25-22.37.13:412][  0]LogUObjectAllocator: 7251152 out of 0 bytes used by permanent object pool.
[2016.01.25-22.37.13:486][  0]LogEngine: Initializing Engine...
[2016.01.25-22.37.13:490][  0]LogHMD: Can't find Oculus library dev build: is proper Runtime installed? Version: 0.7.0.0
[2016.01.25-22.37.13:492][  0]LogHMD: SteamVR failed to initialize.  Err: 110
[2016.01.25-22.37.13:637][  0]LogAIModule: Creating AISystem for world NewWorld
[2016.01.25-22.37.13:655][  0]LogInit: XAudio2 using 'Haut-parleurs (USB PnP Sound Device)' : 2 channels at 44.1 kHz using 16 bits per sample (channel mask 0x3)
[2016.01.25-22.37.13:663][  0]LogInit: FAudioDevice initialized.
[2016.01.25-22.37.13:686][  0]LogDerivedDataCache: Saved boot cache 0.02s 42MB C:/Users/frederic/AppData/Local/UnrealEngine/4.9/DerivedDataCache/Boot.ddc.
[2016.01.25-22.37.13:692][  0]LogInit: Texture streaming: Enabled
[2016.01.25-22.37.13:706][  0]LogAnalytics: Creating configured Analytics provider AnalyticsET
[2016.01.25-22.37.13:707][  0]LogAnalytics: [UEEditor.Rocket.Release] APIServer = http://et2.epicgames.com/ET2/. AppVersion = 4.9.2-2707645+++depot+UE4-Releases+4.9
[2016.01.25-22.37.13:707][  0]LogAnalytics: [UEEditor.Rocket.Release] SetUserId c8da8d664a36a98701fe659c10ae4ff8|70626fa7f476448fb82ad9618fbbb1ab|00e7fb16-00c3-4af4-a2a1-2cc8013aae38
[2016.01.25-22.37.13:707][  0]LogAnalytics: [UEEditor.Rocket.Release] AnalyticsET::StartSession
[2016.01.25-22.37.13:723][  0]LogInit: Transaction tracking system initialized
[2016.01.25-22.37.13:804][  0]BlueprintLog: New page: Editor Load
[2016.01.25-22.37.14:149][  0]LocalizationService: Info Localization service is disabled
[2016.01.25-22.37.14:304][  0]LogLinker:Warning: Can't find file '/Game/ThirdPersonCPP/ThirdPersonOverview'
[2016.01.25-22.37.14:305][  0]LogLinker:Warning: Can't find file '/Game/ThirdPersonCPP/ThirdPersonOverview'
[2016.01.25-22.37.14:305][  0]LogUObjectGlobals:Warning: Failed to find object 'Class /Game/ThirdPersonCPP/ThirdPersonOverview.ThirdPersonOverview_C'
[2016.01.25-22.37.14:331][  0]LogConsoleResponse:Display: 
[2016.01.25-22.37.14:449][  0]LogCook:Display: Done creating registry. It took  0.00s.
[2016.01.25-22.37.14:592][  0]LogFileCache: Scanning file cache for directory 'C:/Users/frederic/Documents/Unreal Projects/LostAge/Content/' took 0.01s
[2016.01.25-22.37.14:593][  0]SourceControl: Info Source control is disabled
[2016.01.25-22.37.14:593][  0]Cmd: MAP LOAD FILE="../../../../../../Users/frederic/Documents/Unreal Projects/LostAge/Content/FirstPersonCPP/Maps/FirstPersonExampleMap.umap" TEMPLATE=0 SHOWPROGRESS=1 FEATURELEVEL=3
[2016.01.25-22.37.14:594][  0]LightingResults: New page: Lighting Build
[2016.01.25-22.37.14:600][  0]MapCheck: New page: Map Check
[2016.01.25-22.37.14:600][  0]LightingResults: New page: Lighting Build
[2016.01.25-22.37.14:613][  0]LogParticles: Destroying 0 GPU particle simulations for FXSystem 0x0000000022BC6480
[2016.01.25-22.37.14:818][  0]LogAIModule: Creating AISystem for world FirstPersonExampleMap
[2016.01.25-22.37.14:828][  0]LogEditorServer: Finished looking for orphan Actors (0.000 secs)
[2016.01.25-22.37.14:829][  0]Cmd: MAP CHECKDEP NOCLEARLOG
[2016.01.25-22.37.14:928][  0]MapCheck: Info Map check complete: 0 Error(s), 0 Warning(s), took 98.567ms to complete.
[2016.01.25-22.37.14:929][  0]LogFileHelpers: Loading map 'FirstPersonExampleMap' took 0.336
[2016.01.25-22.37.15:044][  0]LogCollectionManager: Loaded 0 collections in 0.002992 seconds
[2016.01.25-22.37.15:099][  0]LogFileCache: Scanning file cache for directory 'C:/Users/frederic/Documents/Unreal Projects/LostAge/Saved/Collections/' took 0.01s
[2016.01.25-22.37.15:099][  0]LogFileCache: Scanning file cache for directory 'C:/Users/frederic/Documents/Unreal Projects/LostAge/Content/Developers/frederic/Collections/' took 0.01s
[2016.01.25-22.37.15:100][  0]LogFileCache: Scanning file cache for directory 'C:/Users/frederic/Documents/Unreal Projects/LostAge/Content/Collections/' took 0.01s
[2016.01.25-22.37.15:100][  0]LogContentBrowser: Native class hierarchy populated in 0.0156 seconds. Added 1874 classes and 335 folders.
[2016.01.25-22.37.15:110][  0]LogCollectionManager: Rebuilt the GUID cache for 0 collections in 0.000003 seconds
[2016.01.25-22.37.15:128][  0]LogContentBrowser: Native class hierarchy updated for 'WidgetCarousel' in 0.0053 seconds. Added 0 classes and 0 folders.
[2016.01.25-22.37.15:194][  0]LogContentBrowser: Native class hierarchy updated for 'AddContentDialog' in 0.0017 seconds. Added 0 classes and 0 folders.
[2016.01.25-22.37.15:214][  0]LogContentBrowser: Native class hierarchy updated for 'SceneOutliner' in 0.0017 seconds. Added 1 classes and 2 folders.
[2016.01.25-22.37.15:249][  0]LogCrashTracker: Crashtracker disabled due to settings.
[2016.01.25-22.37.15:254][  0]LogUObjectGlobals:Warning: Failed to find object 'Class None.'
[2016.01.25-22.37.15:276][  0]LogLoad: Full Startup: 8.05 seconds (BP compile: 0.08 seconds)
[2016.01.25-22.37.15:349][  0]LogContentStreaming: Texture pool size now 1000 MB
[2016.01.25-22.37.15:504][  0]LogRenderer: Reallocating scene render targets to support 1208x556 (Frame:2).
[2016.01.25-22.37.15:810][  3]LogAssetRegistry: Asset discovery search completed in 3.0796 seconds
[2016.01.25-22.37.15:811][  3]LogCollectionManager: Rebuilt the object cache for 0 collections in 0.000001 seconds (found 0 objects)
[2016.01.25-22.37.15:811][  3]LogCollectionManager: Fixed up redirectors for 0 collections in 0.000761 seconds (updated 0 objects)
[2016.01.25-22.37.21:877][701]LogLinker:Warning: Asset '../../../Engine/Content/ArtTools/RenderToTexture/Macros/RenderToTextureMacros.uasset' has been saved with empty engine version. The asset will be loaded but may be incompatible.
[2016.01.25-22.37.22:444][701]LogContentBrowser: Native class hierarchy updated for 'BlueprintGraph' in 0.0020 seconds. Added 107 classes and 0 folders.
[2016.01.25-22.37.33:216][803]LogActorComponent: UnregisterComponent: (/Engine/Transient.CharMoveComp) Not registered. Aborting.
[2016.01.25-22.37.34:580][962]BlueprintLog: New page: Compile t
[2016.01.25-22.37.34:762][962]LogActorComponent: UnregisterComponent: (/Engine/Transient.CharacterMovementComponent_0) Not registered. Aborting.
[2016.01.25-22.37.34:799][962]BlueprintEditorCompileResults: Info [0027.57] Compile of t successful! [in 218 ms]
[2016.01.25-22.37.35:022][964]Cmd: OBJ SAVEPACKAGE PACKAGE="/Game/FirstPersonCPP/Blueprints/t" FILE="../../../../../../Users/frederic/Documents/Unreal Projects/LostAge/Content/FirstPersonCPP/Blueprints/t.uasset" SILENT=true
[2016.01.25-22.37.35:045][964]LogSavePackage: Save=19.355255ms
[2016.01.25-22.37.35:046][964]LogSavePackage: Moving '../../../../../../Users/frederic/Documents/Unreal Projects/LostAge/Saved/t94A4FFDA43A4A653CCAC129C0D918AFC.tmp' to '../../../../../../Users/frederic/Documents/Unreal Projects/LostAge/Content/FirstPersonCPP/Blueprints/t.uasset'
[2016.01.25-22.37.35:049][964]LogSavePackage: Total save time: 25.356025ms
[2016.01.25-22.37.35:049][964]LogSavePackage:Warning: Finished SavePackage ../../../../../../Users/frederic/Documents/Unreal Projects/LostAge/Content/FirstPersonCPP/Blueprints/t.uasset
[2016.01.25-22.37.37:502][250]LogBlueprintUserMessages: Early PlayInEditor Detection: Level '/Game/FirstPersonCPP/Maps/FirstPersonExampleMap.FirstPersonExampleMap:PersistentLevel' has LevelScriptBlueprint '/Game/FirstPersonCPP/Maps/FirstPersonExampleMap.FirstPersonExampleMap:PersistentLevel.FirstPersonExampleMap' with GeneratedClass '/Game/FirstPersonCPP/Maps/FirstPersonExampleMap.FirstPersonExampleMap_C' with ClassGeneratedBy '/Game/FirstPersonCPP/Maps/FirstPersonExampleMap.FirstPersonExampleMap:PersistentLevel.FirstPersonExampleMap'
[2016.01.25-22.37.37:502][250]LogPlayLevel: PlayLevel: No blueprints needed recompiling
[2016.01.25-22.37.37:503][250]PIE: New page: PIE session: FirstPersonExampleMap (Jan 25, 2016, 12:37:37 PM)
[2016.01.25-22.37.37:503][250]LogPlayLevel: Creating play world package: /Game/FirstPersonCPP/Maps/UEDPIE_0_FirstPersonExampleMap
[2016.01.25-22.37.37:530][250]LogPlayLevel: PIE: StaticDuplicateObject took: (0.026381s)
[2016.01.25-22.37.37:532][250]LogAIModule: Creating AISystem for world FirstPersonExampleMap
[2016.01.25-22.37.37:533][250]LogPlayLevel: PIE: World Init took: (0.001921s)
[2016.01.25-22.37.37:533][250]LogPlayLevel: PIE: Created PIE world by copying editor world from /Game/FirstPersonCPP/Maps/FirstPersonExampleMap.FirstPersonExampleMap to /Game/FirstPersonCPP/Maps/UEDPIE_0_FirstPersonExampleMap.FirstPersonExampleMap (0.029673s)
[2016.01.25-22.37.37:533][250]LogActorComponent: UnregisterComponent: (/Engine/Transient.CharMoveComp) Not registered. Aborting.
[2016.01.25-22.37.37:568][250]LogInit: XAudio2 using 'Haut-parleurs (USB PnP Sound Device)' : 2 channels at 44.1 kHz using 16 bits per sample (channel mask 0x3)
[2016.01.25-22.37.37:571][250]LogInit: FAudioDevice initialized.
[2016.01.25-22.37.37:621][250]LogWorld: Game class is 'LostAgeGameMode'
[2016.01.25-22.37.37:627][250]LogWorld: Bringing World /Game/FirstPersonCPP/Maps/UEDPIE_0_FirstPersonExampleMap.FirstPersonExampleMap up for play (max tick rate 0) at 2016.01.25-17.37.37
[2016.01.25-22.37.37:627][250]LogActor:Warning: GameSession /Game/FirstPersonCPP/Maps/UEDPIE_0_FirstPersonExampleMap.FirstPersonExampleMap:PersistentLevel.GameSession_0 has natively added scene component(s), but none of them were set as the actor's RootComponent - picking one arbitrarily
[2016.01.25-22.37.37:628][250]LogActor:Warning: GameNetworkManager /Game/FirstPersonCPP/Maps/UEDPIE_0_FirstPersonExampleMap.FirstPersonExampleMap:PersistentLevel.GameNetworkManager_0 has natively added scene component(s), but none of them were set as the actor's RootComponent - picking one arbitrarily
[2016.01.25-22.37.37:628][250]LogWorld: Bringing up level for play took: 0.005575
[2016.01.25-22.37.37:631][250]PIE: Info Play in editor start time for /Game/FirstPersonCPP/Maps/UEDPIE_0_FirstPersonExampleMap 0.091
[2016.01.25-22.37.37:631][250]LogBlueprintUserMessages: Late PlayInEditor Detection: Level '/Game/FirstPersonCPP/Maps/FirstPersonExampleMap.FirstPersonExampleMap:PersistentLevel' has LevelScriptBlueprint '/Game/FirstPersonCPP/Maps/FirstPersonExampleMap.FirstPersonExampleMap:PersistentLevel.FirstPersonExampleMap' with GeneratedClass '/Game/FirstPersonCPP/Maps/FirstPersonExampleMap.FirstPersonExampleMap_C' with ClassGeneratedBy '/Game/FirstPersonCPP/Maps/FirstPersonExampleMap.FirstPersonExampleMap:PersistentLevel.FirstPersonExampleMap'
[2016.01.25-22.37.49:135][602]LogBlueprintUserMessages: Early EndPlayMap Detection: Level '/Game/FirstPersonCPP/Maps/FirstPersonExampleMap.FirstPersonExampleMap:PersistentLevel' has LevelScriptBlueprint '/Game/FirstPersonCPP/Maps/FirstPersonExampleMap.FirstPersonExampleMap:PersistentLevel.FirstPersonExampleMap' with GeneratedClass '/Game/FirstPersonCPP/Maps/FirstPersonExampleMap.FirstPersonExampleMap_C' with ClassGeneratedBy '/Game/FirstPersonCPP/Maps/FirstPersonExampleMap.FirstPersonExampleMap:PersistentLevel.FirstPersonExampleMap'
[2016.01.25-22.37.49:172][602]LogBlueprintUserMessages: Late EndPlayMap Detection: Level '/Game/FirstPersonCPP/Maps/FirstPersonExampleMap.FirstPersonExampleMap:PersistentLevel' has LevelScriptBlueprint '/Game/FirstPersonCPP/Maps/FirstPersonExampleMap.FirstPersonExampleMap:PersistentLevel.FirstPersonExampleMap' with GeneratedClass '/Game/FirstPersonCPP/Maps/FirstPersonExampleMap.FirstPersonExampleMap_C' with ClassGeneratedBy '/Game/FirstPersonCPP/Maps/FirstPersonExampleMap.FirstPersonExampleMap:PersistentLevel.FirstPersonExampleMap'
[2016.01.25-22.37.49:218][603]LogParticles: Destroying 0 GPU particle simulations for FXSystem 0x0000000031FAC2C0
[2016.01.25-22.37.52:444][953]LogEditorViewport: Clicking on Actor (LMB): PlayerStart (NetworkPlayerStart)
[2016.01.25-22.38.28:386][111]LogNavigationPoint: PostEditMove Clear paths rebuilt
[2016.01.25-22.38.29:937][290]LogNavigationPoint: PostEditMove Clear paths rebuilt
[2016.01.25-22.38.30:676][376]LogEditorViewport: Clicking on Actor (LMB): StaticMeshActor (Floor)
[2016.01.25-22.38.31:527][469]LogEditorViewport: Clicking on Actor (LMB): PlayerStart (PlayerStart)
[2016.01.25-22.38.38:294][243]LogBlueprintUserMessages: Early PlayInEditor Detection: Level '/Game/FirstPersonCPP/Maps/FirstPersonExampleMap.FirstPersonExampleMap:PersistentLevel' has LevelScriptBlueprint '/Game/FirstPersonCPP/Maps/FirstPersonExampleMap.FirstPersonExampleMap:PersistentLevel.FirstPersonExampleMap' with GeneratedClass '/Game/FirstPersonCPP/Maps/FirstPersonExampleMap.FirstPersonExampleMap_C' with ClassGeneratedBy '/Game/FirstPersonCPP/Maps/FirstPersonExampleMap.FirstPersonExampleMap:PersistentLevel.FirstPersonExampleMap'
[2016.01.25-22.38.38:294][243]LogPlayLevel: PlayLevel: No blueprints needed recompiling
[2016.01.25-22.38.38:295][243]PIE: New page: PIE session: FirstPersonExampleMap (Jan 25, 2016, 12:38:38 PM)
[2016.01.25-22.38.38:295][243]LogPlayLevel: Creating play world package: /Game/FirstPersonCPP/Maps/UEDPIE_0_FirstPersonExampleMap
[2016.01.25-22.38.38:317][243]LogPlayLevel: PIE: StaticDuplicateObject took: (0.021790s)
[2016.01.25-22.38.38:319][243]LogAIModule: Creating AISystem for world FirstPersonExampleMap
[2016.01.25-22.38.38:319][243]LogPlayLevel: PIE: World Init took: (0.001308s)
[2016.01.25-22.38.38:320][243]LogPlayLevel: PIE: Created PIE world by copying editor world from /Game/FirstPersonCPP/Maps/FirstPersonExampleMap.FirstPersonExampleMap to /Game/FirstPersonCPP/Maps/UEDPIE_0_FirstPersonExampleMap.FirstPersonExampleMap (0.024567s)
[2016.01.25-22.38.38:320][243]LogActorComponent: UnregisterComponent: (/Engine/Transient.CharMoveComp) Not registered. Aborting.
[2016.01.25-22.38.38:320][243]LogActorComponent: UnregisterComponent: (/Engine/Transient.MovementComponent0) Not registered. Aborting.
[2016.01.25-22.38.38:357][243]LogInit: XAudio2 using 'Haut-parleurs (USB PnP Sound Device)' : 2 channels at 44.1 kHz using 16 bits per sample (channel mask 0x3)
[2016.01.25-22.38.38:361][243]LogInit: FAudioDevice initialized.
[2016.01.25-22.38.38:393][243]LogWorld: Game class is 'LostAgeGameMode'
[2016.01.25-22.38.38:400][243]LogWorld: Bringing World /Game/FirstPersonCPP/Maps/UEDPIE_0_FirstPersonExampleMap.FirstPersonExampleMap up for play (max tick rate 0) at 2016.01.25-17.38.38
[2016.01.25-22.38.38:400][243]LogActor:Warning: GameSession /Game/FirstPersonCPP/Maps/UEDPIE_0_FirstPersonExampleMap.FirstPersonExampleMap:PersistentLevel.GameSession_1 has natively added scene component(s), but none of them were set as the actor's RootComponent - picking one arbitrarily
[2016.01.25-22.38.38:401][243]LogActor:Warning: GameNetworkManager /Game/FirstPersonCPP/Maps/UEDPIE_0_FirstPersonExampleMap.FirstPersonExampleMap:PersistentLevel.GameNetworkManager_1 has natively added scene component(s), but none of them were set as the actor's RootComponent - picking one arbitrarily
[2016.01.25-22.38.38:401][243]LogWorld: Bringing up level for play took: 0.006790
[2016.01.25-22.38.38:404][243]PIE: Info Play in editor start time for /Game/FirstPersonCPP/Maps/UEDPIE_0_FirstPersonExampleMap 0.863
[2016.01.25-22.38.38:404][243]LogBlueprintUserMessages: Late PlayInEditor Detection: Level '/Game/FirstPersonCPP/Maps/FirstPersonExampleMap.FirstPersonExampleMap:PersistentLevel' has LevelScriptBlueprint '/Game/FirstPersonCPP/Maps/FirstPersonExampleMap.FirstPersonExampleMap:PersistentLevel.FirstPersonExampleMap' with GeneratedClass '/Game/FirstPersonCPP/Maps/FirstPersonExampleMap.FirstPersonExampleMap_C' with ClassGeneratedBy '/Game/FirstPersonCPP/Maps/FirstPersonExampleMap.FirstPersonExampleMap:PersistentLevel.FirstPersonExampleMap'
[2016.01.25-22.38.41:977][666]LogBlueprintUserMessages: Early EndPlayMap Detection: Level '/Game/FirstPersonCPP/Maps/FirstPersonExampleMap.FirstPersonExampleMap:PersistentLevel' has LevelScriptBlueprint '/Game/FirstPersonCPP/Maps/FirstPersonExampleMap.FirstPersonExampleMap:PersistentLevel.FirstPersonExampleMap' with GeneratedClass '/Game/FirstPersonCPP/Maps/FirstPersonExampleMap.FirstPersonExampleMap_C' with ClassGeneratedBy '/Game/FirstPersonCPP/Maps/FirstPersonExampleMap.FirstPersonExampleMap:PersistentLevel.FirstPersonExampleMap'
[2016.01.25-22.38.42:015][666]LogBlueprintUserMessages: Late EndPlayMap Detection: Level '/Game/FirstPersonCPP/Maps/FirstPersonExampleMap.FirstPersonExampleMap:PersistentLevel' has LevelScriptBlueprint '/Game/FirstPersonCPP/Maps/FirstPersonExampleMap.FirstPersonExampleMap:PersistentLevel.FirstPersonExampleMap' with GeneratedClass '/Game/FirstPersonCPP/Maps/FirstPersonExampleMap.FirstPersonExampleMap_C' with ClassGeneratedBy '/Game/FirstPersonCPP/Maps/FirstPersonExampleMap.FirstPersonExampleMap:PersistentLevel.FirstPersonExampleMap'
[2016.01.25-22.38.42:038][666]LogParticles: Destroying 0 GPU particle simulations for FXSystem 0x000000005FB759E0
[2016.01.25-22.38.45:356][ 55]LogEditorViewport: Clicking on Actor (LMB): PlayerStart (NetworkPlayerStart)
[2016.01.25-22.39.05:154][401]LogEditorViewport: Clicking on Actor (LMB): PlayerStart (NetworkPlayerStart)
[2016.01.25-22.39.06:639][574]Cmd: DELETE
[2016.01.25-22.39.06:640][574]Cmd: ACTOR DELETE
[2016.01.25-22.39.06:641][574]LogEditorActor: Deleted Actor: PlayerStart
[2016.01.25-22.39.06:664][574]LogEditorActor: Deleted 1 Actors (0.024 secs)
[2016.01.25-22.39.08:708][819]LogEditorViewport: Clicking on Actor (LMB): PlayerStart (PlayerStart)
[2016.01.25-22.39.09:099][862]LogEditorViewport: Clicking on Actor (LMB): PlayerStart (PlayerStart)
[2016.01.25-22.39.11:601][146]LogBlueprintUserMessages: Early PlayInEditor Detection: Level '/Game/FirstPersonCPP/Maps/FirstPersonExampleMap.FirstPersonExampleMap:PersistentLevel' has LevelScriptBlueprint '/Game/FirstPersonCPP/Maps/FirstPersonExampleMap.FirstPersonExampleMap:PersistentLevel.FirstPersonExampleMap' with GeneratedClass '/Game/FirstPersonCPP/Maps/FirstPersonExampleMap.FirstPersonExampleMap_C' with ClassGeneratedBy '/Game/FirstPersonCPP/Maps/FirstPersonExampleMap.FirstPersonExampleMap:PersistentLevel.FirstPersonExampleMap'
[2016.01.25-22.39.11:602][146]LogPlayLevel: PlayLevel: No blueprints needed recompiling
[2016.01.25-22.39.11:602][146]PIE: New page: PIE session: FirstPersonExampleMap (Jan 25, 2016, 12:39:11 PM)
[2016.01.25-22.39.11:603][146]LogPlayLevel: Creating play world package: /Game/FirstPersonCPP/Maps/UEDPIE_0_FirstPersonExampleMap
[2016.01.25-22.39.11:625][146]LogPlayLevel: PIE: StaticDuplicateObject took: (0.022321s)
[2016.01.25-22.39.11:627][146]LogAIModule: Creating AISystem for world FirstPersonExampleMap
[2016.01.25-22.39.11:627][146]LogPlayLevel: PIE: World Init took: (0.001452s)
[2016.01.25-22.39.11:628][146]LogPlayLevel: PIE: Created PIE world by copying editor world from /Game/FirstPersonCPP/Maps/FirstPersonExampleMap.FirstPersonExampleMap to /Game/FirstPersonCPP/Maps/UEDPIE_0_FirstPersonExampleMap.FirstPersonExampleMap (0.025370s)
[2016.01.25-22.39.11:668][146]LogInit: XAudio2 using 'Haut-parleurs (USB PnP Sound Device)' : 2 channels at 44.1 kHz using 16 bits per sample (channel mask 0x3)
[2016.01.25-22.39.11:672][146]LogInit: FAudioDevice initialized.
[2016.01.25-22.39.11:704][146]LogWorld: Game class is 'LostAgeGameMode'
[2016.01.25-22.39.11:709][146]LogWorld: Bringing World /Game/FirstPersonCPP/Maps/UEDPIE_0_FirstPersonExampleMap.FirstPer