[2016.01.26-19.39.44:041][  0]Log file open, 01/26/16 14:39:44
[2016.01.26-19.39.44:041][  0]LogInit:Display: Running engine for game: LostAge
[2016.01.26-19.39.44:042][  0]LogInit:Display: RandInit(-1222007709) SRandInit(-1222007707).
[2016.01.26-19.39.44:042][  0]LogTaskGraph: Started task graph with 4 named threads and 7 total threads.
[2016.01.26-19.39.44:042][  0]LogStats: Stats thread started at 0.152595
[2016.01.26-19.39.44:043][  0]LogInit: Version: 4.9.2-2707645+++depot+UE4-Releases+4.9
[2016.01.26-19.39.44:043][  0]LogInit: API Version: 2672455
[2016.01.26-19.39.44:043][  0]LogInit: Compiled (64-bit): Sep 28 2015 10:25:44
[2016.01.26-19.39.44:043][  0]LogInit: Compiled with Visual C++: 18.00.21005.01
[2016.01.26-19.39.44:044][  0]LogInit: Build Configuration: Development
[2016.01.26-19.39.44:044][  0]LogInit: Branch Name: ++depot+UE4-Releases+4.9
[2016.01.26-19.39.44:044][  0]LogInit: Command line: 
[2016.01.26-19.39.44:045][  0]LogInit: Base directory: C:/Program Files/Epic Games/4.9/Engine/Binaries/Win64/
[2016.01.26-19.39.44:045][  0]LogInit: Rocket: 1
[2016.01.26-19.39.44:073][  0]LogInit: Using libcurl 7.41.0
[2016.01.26-19.39.44:074][  0]LogInit:  - built for x86_64-pc-win32
[2016.01.26-19.39.44:074][  0]LogInit:  - supports SSL with WinSSL
[2016.01.26-19.39.44:074][  0]LogInit:  - other features:
[2016.01.26-19.39.44:074][  0]LogInit:      CURL_VERSION_SSL
[2016.01.26-19.39.44:074][  0]LogInit:      CURL_VERSION_IPV6
[2016.01.26-19.39.44:075][  0]LogInit:      CURL_VERSION_ASYNCHDNS
[2016.01.26-19.39.44:075][  0]LogInit:      CURL_VERSION_LARGEFILE
[2016.01.26-19.39.44:075][  0]LogInit:      CURL_VERSION_IDN
[2016.01.26-19.39.44:075][  0]LogInit:  CurlRequestOptions (configurable via config and command line):
[2016.01.26-19.39.44:076][  0]LogInit:  - bVerifyPeer = true  - Libcurl will verify peer certificate
[2016.01.26-19.39.44:076][  0]LogInit:  - bUseHttpProxy = false  - Libcurl will NOT use HTTP proxy
[2016.01.26-19.39.44:076][  0]LogInit:  - bDontReuseConnections = false  - Libcurl will reuse connections
[2016.01.26-19.39.44:076][  0]LogInit:  - CertBundlePath = nullptr  - Libcurl will use whatever was configured at build time.
[2016.01.26-19.39.44:129][  0]LogInit: WinSock: version 1.1 (2.2), MaxSocks=32767, MaxUdp=65467
[2016.01.26-19.39.44:142][  0]LogVoice:Warning: Failed to initialize voice interface
[2016.01.26-19.39.44:147][  0]LogInit: Presizing for 0 objects not considered by GC, pre-allocating 0 bytes.
[2016.01.26-19.39.44:154][  0]LogInit: Object subsystem initialized
[2016.01.26-19.39.44:157][  0]LogInit: Selected Device Profile: [Windows]
[2016.01.26-19.39.44:157][  0]LogInit: Applying CVar settings loaded from the selected device profile: [Windows]
[2016.01.26-19.39.44:166][  0]LogInit: Computer: FREDERIC-PC
[2016.01.26-19.39.44:167][  0]LogInit: User: frederic
[2016.01.26-19.39.44:167][  0]LogInit: CPU Page size=4096, Cores=4
[2016.01.26-19.39.44:168][  0]LogInit: High frequency timer resolution =3.331240 MHz
[2016.01.26-19.39.44:168][  0]LogMemory: Memory total: Physical=15.9GB (16GB approx)
[2016.01.26-19.39.44:168][  0]LogMemory: Platform Memory Stats for Windows
[2016.01.26-19.39.44:169][  0]LogMemory: Process Physical Memory: 54.74 MB used, 54.74 MB peak
[2016.01.26-19.39.44:169][  0]LogMemory: Process Virtual Memory: 55.74 MB used, 55.74 MB peak
[2016.01.26-19.39.44:169][  0]LogMemory: Physical Memory: 5412.84 MB used, 16288.39 MB total
[2016.01.26-19.39.44:169][  0]LogMemory: Virtual Memory: 337.63 MB used, 8388608.00 MB total
[2016.01.26-19.39.44:250][  0]LogTextLocalizationManager: No translations for ('fr-CA') exist, falling back to 'en' for localization and internationalization data.
[2016.01.26-19.39.45:127][  0]LogD3D11RHI: Found D3D11 adapter 0: NVIDIA GeForce GTX 970 (Feature Level 11_0)
[2016.01.26-19.39.45:127][  0]LogD3D11RHI: Adapter has 4008MB of dedicated video memory, 0MB of dedicated system memory, and 7888MB of shared system memory, 1 output[s]
[2016.01.26-19.39.45:135][  0]LogD3D11RHI: Found D3D11 adapter 1: Intel(R) HD Graphics 3000 (Feature Level 10_0)
[2016.01.26-19.39.45:135][  0]LogD3D11RHI: Adapter has 64MB of dedicated video memory, 0MB of dedicated system memory, and 1632MB of shared system memory, 0 output[s]
[2016.01.26-19.39.45:136][  0]LogD3D11RHI: Chosen D3D11 Adapter Id = 0
[2016.01.26-19.39.45:140][  0]LogD3D11RHI: !Direct3DDevice
[2016.01.26-19.39.45:140][  0]LogRHI: Texture pool is 1361 MB (70% of 1945 MB)
[2016.01.26-19.39.45:177][  0]LogD3D11RHI: Async texture creation enabled
[2016.01.26-19.39.45:193][  0]LogShaderCompilers: Guid format shader working directory is 15 characters bigger than the processId version (../../../../../../Users/frederic/Documents/Unreal Projects/LostAge/Intermediate/Shaders/WorkingDirectory/7260/).
[2016.01.26-19.39.45:194][  0]LogShaderCompilers: Cleaned the shader compiler working directory '../../../../../../Users/frederic/Documents/Unreal Projects/LostAge/Intermediate/Shaders/tmp/37A2A6D44C37B0EF08B18F9BE6E14354/'.
[2016.01.26-19.39.45:194][  0]LogShaderCompilers:Display: Using Local Shader Compiler.
[2016.01.26-19.39.46:473][  0]LogTemp:Display: Loaded TP AllDesktopTargetPlatform
[2016.01.26-19.39.46:488][  0]LogTemp:Display: Loaded TP WindowsClientTargetPlatform
[2016.01.26-19.39.46:504][  0]LogTemp:Display: Loaded TP WindowsNoEditorTargetPlatform
[2016.01.26-19.39.46:519][  0]LogTemp:Display: Loaded TP WindowsServerTargetPlatform
[2016.01.26-19.39.46:535][  0]LogTemp:Display: Loaded TP WindowsTargetPlatform
[2016.01.26-19.39.46:541][  0]LogTemp:Display: Loaded TP AndroidTargetPlatform
[2016.01.26-19.39.46:548][  0]LogTemp:Display: Loaded TP Android_ASTCTargetPlatform
[2016.01.26-19.39.46:557][  0]LogTemp:Display: Loaded TP Android_ATCTargetPlatform
[2016.01.26-19.39.46:567][  0]LogTemp:Display: Loaded TP Android_DXTTargetPlatform
[2016.01.26-19.39.46:575][  0]LogTemp:Display: Loaded TP Android_ETC1TargetPlatform
[2016.01.26-19.39.46:582][  0]LogTemp:Display: Loaded TP Android_ETC2TargetPlatform
[2016.01.26-19.39.46:591][  0]LogTemp:Display: Loaded TP Android_PVRTCTargetPlatform
[2016.01.26-19.39.46:595][  0]LogTemp:Display: Loaded TP HTML5TargetPlatform
[2016.01.26-19.39.46:626][  0]LogTemp:Display: Loaded TP IOSTargetPlatform
[2016.01.26-19.39.46:632][  0]LogTemp:Display: Loaded TP LinuxNoEditorTargetPlatform
[2016.01.26-19.39.46:639][  0]LogTemp:Display: Loaded TP LinuxServerTargetPlatform
[2016.01.26-19.39.46:647][  0]LogTemp:Display: Loaded TP LinuxTargetPlatform
[2016.01.26-19.39.46:648][  0]LogTargetPlatformManager:Display: Building Assets For Windows
[2016.01.26-19.39.46:868][  0]LogDerivedDataCache:Display: Max Cache Size: 512 MB
[2016.01.26-19.39.46:915][  0]LogDerivedDataCache: Loaded boot cache 0.05s 42MB C:/Users/frederic/AppData/Local/UnrealEngine/4.9/DerivedDataCache/Boot.ddc.
[2016.01.26-19.39.46:916][  0]LogDerivedDataCache:Display: Loaded Boot cache: C:/Users/frederic/AppData/Local/UnrealEngine/4.9/DerivedDataCache/Boot.ddc
[2016.01.26-19.39.46:916][  0]LogDerivedDataCache: FDerivedDataBackendGraph:  Pak pak cache file ../../../../../../Users/frederic/Documents/Unreal Projects/LostAge/DerivedDataCache/DDC.ddp not found, will not use a pak cache.
[2016.01.26-19.39.46:916][  0]LogDerivedDataCache: Unable to find inner node Pak for hierarchical cache Hierarchy.
[2016.01.26-19.39.46:917][  0]LogDerivedDataCache: FDerivedDataBackendGraph:  CompressedPak pak cache file ../../../../../../Users/frederic/Documents/Unreal Projects/LostAge/DerivedDataCache/Compressed.ddp not found, will not use a pak cache.
[2016.01.26-19.39.46:917][  0]LogDerivedDataCache: Unable to find inner node CompressedPak for hierarchical cache Hierarchy.
[2016.01.26-19.39.47:076][  0]LogDerivedDataCache:Display: Pak cache opened for reading ../../../Engine/DerivedDataCache/Compressed.ddp.
[2016.01.26-19.39.47:089][  0]LogDerivedDataCache: Using Local data cache path C:/Users/frederic/AppData/Local/UnrealEngine/Common/DerivedDataCache: Writable
[2016.01.26-19.39.47:298][  0]LogInit: Selected Device Profile: [Windows]
[2016.01.26-19.39.47:300][  0]LogContentStreaming: Texture pool size is 0.000000MB
[2016.01.26-19.39.47:336][  0]LogMeshUtilities: No automatic mesh reduction module available
[2016.01.26-19.39.47:336][  0]LogMeshUtilities: No automatic mesh merging module available
[2016.01.26-19.39.48:767][  0]UdpMessaging: Initializing bridge on interface 0.0.0.0:0 to multicast group 230.0.0.1:6666.
[2016.01.26-19.39.49:115][  0]LogAssetRegistry: FAssetRegistry took 0.0111 seconds to start up
[2016.01.26-19.39.49:453][  0]SourceControl: Info Source control is disabled
[2016.01.26-19.39.49:455][  0]SourceControl: Info Source control is disabled
[2016.01.26-19.39.49:474][  0]SourceControl: Info Source control is disabled
[2016.01.26-19.39.49:494][  0]SourceControl: Info Source control is disabled
[2016.01.26-19.39.49:683][  0]LogLinker:Warning: Asset '../../../Engine/Plugins/Runtime/LeapMotionController/Content/LM_PassthroughMaterial.uasset' has been saved with empty engine version. The asset will be loaded but may be incompatible.
[2016.01.26-19.39.49:812][  0]LogObj: 31792 objects as part of root set at end of initial load.
[2016.01.26-19.39.49:813][  0]LogUObjectAllocator: 7252992 out of 0 bytes used by permanent object pool.
[2016.01.26-19.39.49:895][  0]LogEngine: Initializing Engine...
[2016.01.26-19.39.49:898][  0]LogHMD: Can't find Oculus library dev build: is proper Runtime installed? Version: 0.7.0.0
[2016.01.26-19.39.49:900][  0]LogHMD: SteamVR failed to initialize.  Err: 110
[2016.01.26-19.39.50:061][  0]LogAIModule: Creating AISystem for world NewWorld
[2016.01.26-19.39.50:083][  0]LogInit: XAudio2 using 'Haut-parleurs (Realtek High Definition Audio)' : 2 channels at 48 kHz using 32 bits per sample (channel mask 0x3)
[2016.01.26-19.39.50:102][  0]LogInit: FAudioDevice initialized.
[2016.01.26-19.39.50:125][  0]LogDerivedDataCache: Saved boot cache 0.02s 42MB C:/Users/frederic/AppData/Local/UnrealEngine/4.9/DerivedDataCache/Boot.ddc.
[2016.01.26-19.39.50:132][  0]LogInit: Texture streaming: Enabled
[2016.01.26-19.39.50:149][  0]LogAnalytics: Creating configured Analytics provider AnalyticsET
[2016.01.26-19.39.50:150][  0]LogAnalytics: [UEEditor.Rocket.Release] APIServer = http://et2.epicgames.com/ET2/. AppVersion = 4.9.2-2707645+++depot+UE4-Releases+4.9
[2016.01.26-19.39.50:151][  0]LogAnalytics: [UEEditor.Rocket.Release] SetUserId c8da8d664a36a98701fe659c10ae4ff8|70626fa7f476448fb82ad9618fbbb1ab|00e7fb16-00c3-4af4-a2a1-2cc8013aae38
[2016.01.26-19.39.50:151][  0]LogAnalytics: [UEEditor.Rocket.Release] AnalyticsET::StartSession
[2016.01.26-19.39.50:168][  0]LogInit: Transaction tracking system initialized
[2016.01.26-19.39.50:278][  0]BlueprintLog: New page: Editor Load
[2016.01.26-19.39.50:679][  0]LocalizationService: Info Localization service is disabled
[2016.01.26-19.39.50:856][  0]LogLinker:Warning: Can't find file '/Game/ThirdPersonCPP/ThirdPersonOverview'
[2016.01.26-19.39.50:857][  0]LogLinker:Warning: Can't find file '/Game/ThirdPersonCPP/ThirdPersonOverview'
[2016.01.26-19.39.50:858][  0]LogUObjectGlobals:Warning: Failed to find object 'Class /Game/ThirdPersonCPP/ThirdPersonOverview.ThirdPersonOverview_C'
[2016.01.26-19.39.50:893][  0]LogConsoleResponse:Display: 
[2016.01.26-19.39.51:043][  0]LogCook:Display: Done creating registry. It took  0.00s.
[2016.01.26-19.39.51:254][  0]LogFileCache: Scanning file cache for directory 'C:/Users/frederic/Documents/Unreal Projects/LostAge/Content/' took 0.01s
[2016.01.26-19.39.51:255][  0]SourceControl: Info Source control is disabled
[2016.01.26-19.39.51:255][  0]Cmd: MAP LOAD FILE="../../../../../../Users/frederic/Documents/Unreal Projects/LostAge/Content/FirstPersonCPP/Maps/MainMenu.umap" TEMPLATE=0 SHOWPROGRESS=1 FEATURELEVEL=3
[2016.01.26-19.39.51:256][  0]LightingResults: New page: Lighting Build
[2016.01.26-19.39.51:263][  0]MapCheck: New page: Map Check
[2016.01.26-19.39.51:264][  0]LightingResults: New page: Lighting Build
[2016.01.26-19.39.51:280][  0]LogParticles: Destroying 0 GPU particle simulations for FXSystem 0x0000000022F42160
[2016.01.26-19.39.51:289][  0]LogAIModule: Creating AISystem for world MainMenu
[2016.01.26-19.39.51:291][  0]LogEditorServer: Finished looking for orphan Actors (0.000 secs)
[2016.01.26-19.39.51:293][  0]Cmd: MAP CHECKDEP NOCLEARLOG
[2016.01.26-19.39.51:361][  0]MapCheck: Info Map check complete: 0 Error(s), 0 Warning(s), took 67.212ms to complete.
[2016.01.26-19.39.51:363][  0]LogFileHelpers: Loading map 'MainMenu' took 0.108
[2016.01.26-19.39.51:490][  0]LogCollectionManager: Loaded 0 collections in 0.002088 seconds
[2016.01.26-19.39.51:537][  0]LogFileCache: Scanning file cache for directory 'C:/Users/frederic/Documents/Unreal Projects/LostAge/Saved/Collections/' took 0.01s
[2016.01.26-19.39.51:537][  0]LogFileCache: Scanning file cache for directory 'C:/Users/frederic/Documents/Unreal Projects/LostAge/Content/Developers/frederic/Collections/' took 0.01s
[2016.01.26-19.39.51:538][  0]LogFileCache: Scanning file cache for directory 'C:/Users/frederic/Documents/Unreal Projects/LostAge/Content/Collections/' took 0.01s
[2016.01.26-19.39.51:538][  0]LogContentBrowser: Native class hierarchy populated in 0.0097 seconds. Added 1875 classes and 335 folders.
[2016.01.26-19.39.51:548][  0]LogCollectionManager: Rebuilt the GUID cache for 0 collections in 0.000002 seconds
[2016.01.26-19.39.51:565][  0]LogContentBrowser: Native class hierarchy updated for 'WidgetCarousel' in 0.0050 seconds. Added 0 classes and 0 folders.
[2016.01.26-19.39.51:641][  0]LogContentBrowser: Native class hierarchy updated for 'AddContentDialog' in 0.0022 seconds. Added 0 classes and 0 folders.
[2016.01.26-19.39.51:662][  0]LogContentBrowser: Native class hierarchy updated for 'SceneOutliner' in 0.0026 seconds. Added 1 classes and 2 folders.
[2016.01.26-19.39.51:693][  0]LogCrashTracker: Crashtracker disabled due to settings.
[2016.01.26-19.39.51:698][  0]LogUObjectGlobals:Warning: Failed to find object 'Class None.'
[2016.01.26-19.39.51:721][  0]LogLoad: Full Startup: 8.71 seconds (BP compile: 0.04 seconds)
[2016.01.26-19.39.51:830][  0]LogContentStreaming: Texture pool size now 1000 MB
[2016.01.26-19.39.51:974][  0]LogRenderer: Reallocating scene render targets to support 1208x556 (Frame:2).
[2016.01.26-19.39.52:183][  3]LogAssetRegistry: Asset discovery search completed in 3.0793 seconds
[2016.01.26-19.39.52:184][  3]LogCollectionManager: Rebuilt the object cache for 0 collections in 0.000001 seconds (found 0 objects)
[2016.01.26-19.39.52:184][  3]LogCollectionManager: Fixed up redirectors for 0 collections in 0.000312 seconds (updated 0 objects)
[2016.01.26-19.41.04:832][965]LogLinker:Warning: Asset '../../../Engine/Content/ArtTools/RenderToTexture/Macros/RenderToTextureMacros.uasset' has been saved with empty engine version. The asset will be loaded but may be incompatible.
[2016.01.26-19.41.05:383][965]LogContentBrowser: Native class hierarchy updated for 'BlueprintGraph' in 0.0034 seconds. Added 107 classes and 0 folders.
[2016.01.26-19.46.49:843][680]BlueprintLog: New page: Compile GameInstanceBP
[2016.01.26-19.46.49:960][680]LogActorComponent: UnregisterComponent: (/Engine/Transient.CharMoveComp) Not registered. Aborting.
[2016.01.26-19.46.49:990][680]LogParticles: Destroying 0 GPU particle simulations for FXSystem 0x00000000472CE160
[2016.01.26-19.46.49:993][680]LogParticles: Destroying 0 GPU particle simulations for FXSystem 0x0000000051E52FC0
[2016.01.26-19.46.49:995][680]LogParticles: Destroying 0 GPU particle simulations for FXSystem 0x0000000051E537E0
[2016.01.26-19.46.49:996][680]LogParticles: Destroying 0 GPU particle simulations for FXSystem 0x000000005B93FC40
[2016.01.26-19.46.49:997][680]LogParticles: Destroying 0 GPU particle simulations for FXSystem 0x000000005D22C360
[2016.01.26-19.46.49:998][680]LogParticles: Destroying 0 GPU particle simulations for FXSystem 0x000000004A158220
[2016.01.26-19.46.49:999][680]LogParticles: Destroying 0 GPU particle simulations for FXSystem 0x000000004A159300
[2016.01.26-19.46.50:000][680]LogParticles: Destroying 0 GPU particle simulations for FXSystem 0x000000005C809F80
[2016.01.26-19.46.50:002][680]LogParticles: Destroying 0 GPU particle simulations for FXSystem 0x000000005D22CD60
[2016.01.26-19.46.50:003][680]LogParticles: Destroying 0 GPU particle simulations for FXSystem 0x000000005D22E340
[2016.01.26-19.46.50:013][680]BlueprintEditorCompileResults: Info [0427.00] Compile of GameInstanceBP successful! [in 169 ms]
[2016.01.26-19.46.50:871][759]LogSavePackage: Save=62.693771ms
[2016.01.26-19.46.50:872][759]LogSavePackage: Moving '../../../../../../Users/frederic/Documents/Unreal Projects/LostAge/Saved/GameInstanceBP3D7904C94F60933BCD757CB9E382E05E.tmp' to '../../../../../../Users/frederic/Documents/Unreal Projects/LostAge/Content/FirstPersonCPP/Blueprints/GameInstanceBP.uasset'
[2016.01.26-19.46.50:876][759]LogSavePackage: Total save time: 72.333425ms
[2016.01.26-19.46.50:876][759]LogSavePackage:Warning: Finished SavePackage ../../../../../../Users/frederic/Documents/Unreal Projects/LostAge/Content/FirstPersonCPP/Blueprints/GameInstanceBP.uasset
[2016.01.26-19.48.22:376][750]LogSavePackage: Save=71.101448ms
[2016.01.26-19.48.22:377][750]LogSavePackage: Moving '../../../../../../Users/frederic/Documents/Unreal Projects/LostAge/Saved/GameInstanceBPFCDBC8A54610BFCFE56FE3AA3D388CB9.tmp' to '../../../../../../Users/frederic/Documents/Unreal Projects/LostAge/Content/FirstPersonCPP/Blueprints/GameInstanceBP.uasset'
[2016.01.26-19.48.22:380][750]LogSavePackage: Total save time: 77.855393ms
[2016.01.26-19.48.22:381][750]LogSavePackage:Warning: Finished SavePackage ../../../../../../Users/frederic/Documents/Unreal Projects/LostAge/Content/FirstPersonCPP/Blueprints/GameInstanceBP.uasset
[2016.01.26-19.48.58:577][ 89]LogPlayLevel: PlayLevel: No blueprints needed recompiling
[2016.01.26-19.48.58:578][ 89]PIE: New page: PIE session: MainMenu (Jan 26, 2016, 9:48:58 AM)
[2016.01.26-19.48.58:579][ 89]LogPlayLevel: Creating play world package: /Game/FirstPersonCPP/Maps/UEDPIE_0_MainMenu
[2016.01.26-19.48.58:580][ 89]LogPlayLevel: PIE: StaticDuplicateObject took: (0.000570s)
[2016.01.26-19.48.58:581][ 89]LogAIModule: Creating AISystem for world MainMenu
[2016.01.26-19.48.58:581][ 89]LogPlayLevel: PIE: World Init took: (0.001496s)
[2016.01.26-19.48.58:582][ 89]LogPlayLevel: PIE: Created PIE world by copying editor world from /Game/FirstPersonCPP/Maps/MainMenu.MainMenu to /Game/FirstPersonCPP/Maps/UEDPIE_0_MainMenu.MainMenu (0.003372s)
[2016.01.26-19.48.58:582][ 89]LogActorComponent: UnregisterComponent: (/Engine/Transient.CharMoveComp) Not registered. Aborting.
[2016.01.26-19.48.58:607][ 89]LogParticles: Destroying 0 GPU particle simulations for FXSystem 0x000000005C9023E0
[2016.01.26-19.48.58:621][ 89]LogInit: XAudio2 using 'Haut-parleurs (Realtek High Definition Audio)' : 2 channels at 48 kHz using 32 bits per sample (channel mask 0x3)
[2016.01.26-19.48.58:635][ 89]LogInit: FAudioDevice initialized.
[2016.01.26-19.48.58:686][ 89]LogWorld: Game class is 'LostAgeGameMode'
[2016.01.26-19.48.58:688][ 89]LogWorld: Bringing World /Game/FirstPersonCPP/Maps/UEDPIE_0_MainMenu.MainMenu up for play (max tick rate 0) at 2016.01.26-14.48.58
[2016.01.26-19.48.58:689][ 89]LogActor:Warning: GameSession /Game/FirstPersonCPP/Maps/UEDPIE_0_MainMenu.MainMenu:PersistentLevel.GameSession_0 has natively added scene component(s), but none of them were set as the actor's RootComponent - picking one arbitrarily
[2016.01.26-19.48.58:689][ 89]LogActor:Warning: GameNetworkManager /Game/FirstPersonCPP/Maps/UEDPIE_0_MainMenu.MainMenu:PersistentLevel.GameNetworkManager_0 has natively added scene component(s), but none of them were set as the actor's RootComponent - picking one arbitrarily
[2016.01.26-19.48.58:689][ 89]LogWorld: Bringing up level for play took: 0.001863
[2016.01.26-19.48.58:700][ 89]LogVoice:Warning: Failed to initialize voice interface
[2016.01.26-19.48.58:702][ 89]LogOnline:Warning: NULL: Can't start an online game for session (Game) that hasn't been created
[2016.01.26-19.48.58:761][ 89]PIE: Info Play in editor start time for /Game/FirstPersonCPP/Maps/UEDPIE_0_MainMenu -0.704
[2016.01.26-19.48.58:774][ 90]LogRenderer: Reallocating scene render targets to support 1280x720 (Frame:30221).
[2016.01.26-19.49.01:462][402]LogInit: WinSock: I am frederic-PC (192.168.1.103:0)
[2016.01.26-19.49.01:519][402]LogPackageName: SearchForPackageOnDisk took   0.056s to resolve FirstPersonExampleMap.umap.
[2016.01.26-19.49.01:570][402]LogPackageName: SearchForPackageOnDisk took   0.050s to resolve FirstPersonExampleMap.umap.
[2016.01.26-19.49.01:571][402]LogNet: Browse: /Game/FirstPersonCPP/Maps/FirstPersonExampleMap?listen
[2016.01.26-19.49.01:571][402]LogLoad: LoadMap: /Game/FirstPersonCPP/Maps/FirstPersonExampleMap?listen
[2016.01.26-19.49.01:596][402]LogParticles: Destroying 0 GPU particle simulations for FXSystem 0x000000004DED7F60
[2016.01.26-19.49.01:597][402]Cmd: MEM
[2016.01.26-19.49.01:622][402]LogMemory: Platform Memory Stats for Windows
[2016.01.26-19.49.01:622][402]LogMemory: Process Physical Memory: 787.84 MB used, 793.54 MB peak
[2016.01.26-19.49.01:623][402]LogMemory: Process Virtual Memory: 1352.91 MB used, 1912.29 MB peak
[2016.01.26-19.49.01:623][402]LogMemory: Physical Memory: 7311.36 MB used, 16288.39 MB total
[2016.01.26-19.49.01:623][402]LogMemory: Virtual Memory: 1971.46 MB used, 8388608.00 MB total
[2016.01.26-19.49.01:624][402]LogMemory: 
[2016.01.26-19.49.01:624][402]Allocator Stats for TBB: (not implemented)
[2016.01.26-19.49.02:508][402]LogAIModule: Creating AISystem for world FirstPersonExampleMap
[2016.01.26-19.49.02:510][402]LogWorld: Game class is 'LostAgeGameMode'
[2016.01.26-19.49.02:510][402]LogInit: WinSock: Socket queue 131072 / 131072
[2016.01.26-19.49.02:511][402]LogNet: GameNetDriver IpNetDriver_0 IpNetDriver listening on port 7777
[2016.01.26-19.49.02:519][402]LogWorld: Bringing World /Game/FirstPersonCPP/Maps/UEDPIE_0_FirstPersonExampleMap.FirstPersonExampleMap up for play (max tick rate 0) at 2016.01.26-14.49.02
[2016.01.26-19.49.02:520][402]LogActor:Warning: GameSession /Game/FirstPersonCPP/Maps/UEDPIE_0_FirstPersonExampleMap.FirstPersonExampleMap:PersistentLevel.GameSession_1 has natively added scene component(s), but none of them were set as the actor's RootComponent - picking one arbitrarily
[2016.01.26-19.49.02:520][402]LogActor:Warning: GameNetworkManager /Game/FirstPersonCPP/Maps/UEDPIE_0_FirstPersonExampleMap.FirstPersonExampleMap:PersistentLevel.GameNetworkManager_1 has natively added scene component(s), but none of them were set as the actor's RootComponent - picking one arbitrarily
[2016.01.26-19.49.02:521][402]LogWorld: Bringing up level for play took: 0.008738
[2016.01.26-19.49.02:524][402]LogOnline:Warning: NULL: Can't start an online session (Game) in state InProgress
[2016.01.26-19.49.39:479][675]LogPackageName: SearchForPackageOnDisk took   0.053s to resolve MainMenu.umap.
[2016.01.26-19.49.39:543][676]LogPackageName: SearchForPackageOnDisk took   0.056s to resolve MainMenu.umap.
[2016.01.26-19.49.39:543][676]LogNet: Browse: /Game/FirstPersonCPP/Maps/MainMenu
[2016.01.26-19.49.39:544][676]LogLoad: LoadMap: /Game/FirstPersonCPP/Maps/MainMenu
[2016.01.26-19.49.39:544][676]LogNet: World NetDriver shutdown IpNetDriver_0 [GameNetDriver]
[2016.01.26-19.49.39:544][676]LogNet: DestroyNamedNetDriver IpNetDriver_0 [GameNetDriver]
[2016.01.26-19.49.39:545][676]LogExit: GameNetDriver IpNetDriver_0 shut down
[2016.01.26-19.49.39:573][676]LogParticles: Destroying 0 GPU particle simulations for FXSystem 0x000000005B034180
[2016.01.26-19.49.39:666][676]Cmd: MEM
[2016.01.26-19.49.39:691][676]LogMemory: Platform Memory Stats for Windows
[2016.01.26-19.49.39:692][676]LogMemory: Process Physical Memory: 921.56 MB used, 1340.13 MB peak
[2016.01.26-19.49.39:692][676]LogMemory: Process Virtual Memory: 1601.12 MB used, 2015.18 MB peak
[2016.01.26-19.49.39:692][676]LogMemory: Physical Memory: 7440.96 MB used, 16288.39 MB total
[2016.01.26-19.49.39:692][676]LogMemory: Virtual Memory: 2211.23 MB used, 8388608.00 MB total
[2016.01.26-19.49.39:693][676]LogMemory: 
[2016.01.26-19.49.39:693][676]Allocator Stats for TBB: (not implemented)
[2016.01.26-19.49.39:693][676]LogPlayLevel: