[2016.01.27-15.27.08:196][  0]Log file open, 01/27/16 10:27:08
[2016.01.27-15.27.08:196][  0]LogInit:Display: Running engine for game: LostAge
[2016.01.27-15.27.08:196][  0]LogInit:Display: RandInit(-2021558684) SRandInit(-2021558684).
[2016.01.27-15.27.08:197][  0]LogTaskGraph: Started task graph with 4 named threads and 7 total threads.
[2016.01.27-15.27.08:197][  0]LogStats: Stats thread started at 0.147073
[2016.01.27-15.27.08:197][  0]LogInit: Version: 4.9.2-2707645+++depot+UE4-Releases+4.9
[2016.01.27-15.27.08:197][  0]LogInit: API Version: 2672455
[2016.01.27-15.27.08:197][  0]LogInit: Compiled (64-bit): Sep 28 2015 10:25:44
[2016.01.27-15.27.08:198][  0]LogInit: Compiled with Visual C++: 18.00.21005.01
[2016.01.27-15.27.08:198][  0]LogInit: Build Configuration: Development
[2016.01.27-15.27.08:198][  0]LogInit: Branch Name: ++depot+UE4-Releases+4.9
[2016.01.27-15.27.08:198][  0]LogInit: Command line: 
[2016.01.27-15.27.08:198][  0]LogInit: Base directory: C:/Program Files/Epic Games/4.9/Engine/Binaries/Win64/
[2016.01.27-15.27.08:199][  0]LogInit: Rocket: 1
[2016.01.27-15.27.08:252][  0]LogInit: Using libcurl 7.41.0
[2016.01.27-15.27.08:252][  0]LogInit:  - built for x86_64-pc-win32
[2016.01.27-15.27.08:252][  0]LogInit:  - supports SSL with WinSSL
[2016.01.27-15.27.08:252][  0]LogInit:  - other features:
[2016.01.27-15.27.08:253][  0]LogInit:      CURL_VERSION_SSL
[2016.01.27-15.27.08:253][  0]LogInit:      CURL_VERSION_IPV6
[2016.01.27-15.27.08:253][  0]LogInit:      CURL_VERSION_ASYNCHDNS
[2016.01.27-15.27.08:253][  0]LogInit:      CURL_VERSION_LARGEFILE
[2016.01.27-15.27.08:253][  0]LogInit:      CURL_VERSION_IDN
[2016.01.27-15.27.08:254][  0]LogInit:  CurlRequestOptions (configurable via config and command line):
[2016.01.27-15.27.08:254][  0]LogInit:  - bVerifyPeer = true  - Libcurl will verify peer certificate
[2016.01.27-15.27.08:254][  0]LogInit:  - bUseHttpProxy = false  - Libcurl will NOT use HTTP proxy
[2016.01.27-15.27.08:254][  0]LogInit:  - bDontReuseConnections = false  - Libcurl will reuse connections
[2016.01.27-15.27.08:254][  0]LogInit:  - CertBundlePath = nullptr  - Libcurl will use whatever was configured at build time.
[2016.01.27-15.27.08:306][  0]LogInit: WinSock: version 1.1 (2.2), MaxSocks=32767, MaxUdp=65467
[2016.01.27-15.27.08:318][  0]LogVoice:Warning: Failed to initialize voice interface
[2016.01.27-15.27.08:324][  0]LogInit: Presizing for 0 objects not considered by GC, pre-allocating 0 bytes.
[2016.01.27-15.27.08:331][  0]LogInit: Object subsystem initialized
[2016.01.27-15.27.08:333][  0]LogInit: Selected Device Profile: [Windows]
[2016.01.27-15.27.08:333][  0]LogInit: Applying CVar settings loaded from the selected device profile: [Windows]
[2016.01.27-15.27.08:341][  0]LogInit: Computer: FREDERIC-PC
[2016.01.27-15.27.08:342][  0]LogInit: User: frederic
[2016.01.27-15.27.08:342][  0]LogInit: CPU Page size=4096, Cores=4
[2016.01.27-15.27.08:343][  0]LogInit: High frequency timer resolution =3.331220 MHz
[2016.01.27-15.27.08:343][  0]LogMemory: Memory total: Physical=15.9GB (16GB approx)
[2016.01.27-15.27.08:343][  0]LogMemory: Platform Memory Stats for Windows
[2016.01.27-15.27.08:343][  0]LogMemory: Process Physical Memory: 54.63 MB used, 54.63 MB peak
[2016.01.27-15.27.08:343][  0]LogMemory: Process Virtual Memory: 55.86 MB used, 55.86 MB peak
[2016.01.27-15.27.08:344][  0]LogMemory: Physical Memory: 7177.18 MB used, 16288.39 MB total
[2016.01.27-15.27.08:344][  0]LogMemory: Virtual Memory: 337.63 MB used, 8388608.00 MB total
[2016.01.27-15.27.08:415][  0]LogTextLocalizationManager: No translations for ('fr-CA') exist, falling back to 'en' for localization and internationalization data.
[2016.01.27-15.27.09:052][  0]LogD3D11RHI: Found D3D11 adapter 0: NVIDIA GeForce GTX 970 (Feature Level 11_0)
[2016.01.27-15.27.09:052][  0]LogD3D11RHI: Adapter has 4008MB of dedicated video memory, 0MB of dedicated system memory, and 7888MB of shared system memory, 1 output[s]
[2016.01.27-15.27.09:060][  0]LogD3D11RHI: Found D3D11 adapter 1: Intel(R) HD Graphics 3000 (Feature Level 10_0)
[2016.01.27-15.27.09:060][  0]LogD3D11RHI: Adapter has 64MB of dedicated video memory, 0MB of dedicated system memory, and 1632MB of shared system memory, 0 output[s]
[2016.01.27-15.27.09:061][  0]LogD3D11RHI: Chosen D3D11 Adapter Id = 0
[2016.01.27-15.27.09:065][  0]LogD3D11RHI: !Direct3DDevice
[2016.01.27-15.27.09:066][  0]LogRHI: Texture pool is 1361 MB (70% of 1945 MB)
[2016.01.27-15.27.09:124][  0]LogD3D11RHI: Async texture creation enabled
[2016.01.27-15.27.09:145][  0]LogShaderCompilers: Guid format shader working directory is 15 characters bigger than the processId version (../../../../../../Users/frederic/Documents/Unreal Projects/LostAge/Intermediate/Shaders/WorkingDirectory/5644/).
[2016.01.27-15.27.09:146][  0]LogShaderCompilers: Cleaned the shader compiler working directory '../../../../../../Users/frederic/Documents/Unreal Projects/LostAge/Intermediate/Shaders/tmp/5C0D54DC4D19304CDE0E6F8A446CA0C4/'.
[2016.01.27-15.27.09:146][  0]LogShaderCompilers:Display: Using Local Shader Compiler.
[2016.01.27-15.27.10:291][  0]LogTemp:Display: Loaded TP AllDesktopTargetPlatform
[2016.01.27-15.27.10:304][  0]LogTemp:Display: Loaded TP WindowsClientTargetPlatform
[2016.01.27-15.27.10:317][  0]LogTemp:Display: Loaded TP WindowsNoEditorTargetPlatform
[2016.01.27-15.27.10:331][  0]LogTemp:Display: Loaded TP WindowsServerTargetPlatform
[2016.01.27-15.27.10:344][  0]LogTemp:Display: Loaded TP WindowsTargetPlatform
[2016.01.27-15.27.10:350][  0]LogTemp:Display: Loaded TP AndroidTargetPlatform
[2016.01.27-15.27.10:357][  0]LogTemp:Display: Loaded TP Android_ASTCTargetPlatform
[2016.01.27-15.27.10:364][  0]LogTemp:Display: Loaded TP Android_ATCTargetPlatform
[2016.01.27-15.27.10:372][  0]LogTemp:Display: Loaded TP Android_DXTTargetPlatform
[2016.01.27-15.27.10:379][  0]LogTemp:Display: Loaded TP Android_ETC1TargetPlatform
[2016.01.27-15.27.10:385][  0]LogTemp:Display: Loaded TP Android_ETC2TargetPlatform
[2016.01.27-15.27.10:392][  0]LogTemp:Display: Loaded TP Android_PVRTCTargetPlatform
[2016.01.27-15.27.10:396][  0]LogTemp:Display: Loaded TP HTML5TargetPlatform
[2016.01.27-15.27.10:425][  0]LogTemp:Display: Loaded TP IOSTargetPlatform
[2016.01.27-15.27.10:431][  0]LogTemp:Display: Loaded TP LinuxNoEditorTargetPlatform
[2016.01.27-15.27.10:438][  0]LogTemp:Display: Loaded TP LinuxServerTargetPlatform
[2016.01.27-15.27.10:445][  0]LogTemp:Display: Loaded TP LinuxTargetPlatform
[2016.01.27-15.27.10:445][  0]LogTargetPlatformManager:Display: Building Assets For Windows
[2016.01.27-15.27.10:636][  0]LogDerivedDataCache:Display: Max Cache Size: 512 MB
[2016.01.27-15.27.10:680][  0]LogDerivedDataCache: Loaded boot cache 0.04s 42MB C:/Users/frederic/AppData/Local/UnrealEngine/4.9/DerivedDataCache/Boot.ddc.
[2016.01.27-15.27.10:680][  0]LogDerivedDataCache:Display: Loaded Boot cache: C:/Users/frederic/AppData/Local/UnrealEngine/4.9/DerivedDataCache/Boot.ddc
[2016.01.27-15.27.10:681][  0]LogDerivedDataCache: FDerivedDataBackendGraph:  Pak pak cache file ../../../../../../Users/frederic/Documents/Unreal Projects/LostAge/DerivedDataCache/DDC.ddp not found, will not use a pak cache.
[2016.01.27-15.27.10:681][  0]LogDerivedDataCache: Unable to find inner node Pak for hierarchical cache Hierarchy.
[2016.01.27-15.27.10:681][  0]LogDerivedDataCache: FDerivedDataBackendGraph:  CompressedPak pak cache file ../../../../../../Users/frederic/Documents/Unreal Projects/LostAge/DerivedDataCache/Compressed.ddp not found, will not use a pak cache.
[2016.01.27-15.27.10:681][  0]LogDerivedDataCache: Unable to find inner node CompressedPak for hierarchical cache Hierarchy.
[2016.01.27-15.27.10:822][  0]LogDerivedDataCache:Display: Pak cache opened for reading ../../../Engine/DerivedDataCache/Compressed.ddp.
[2016.01.27-15.27.10:834][  0]LogDerivedDataCache: Using Local data cache path C:/Users/frederic/AppData/Local/UnrealEngine/Common/DerivedDataCache: Writable
[2016.01.27-15.27.11:011][  0]LogInit: Selected Device Profile: [Windows]
[2016.01.27-15.27.11:012][  0]LogContentStreaming: Texture pool size is 0.000000MB
[2016.01.27-15.27.11:046][  0]LogMeshUtilities: No automatic mesh reduction module available
[2016.01.27-15.27.11:046][  0]LogMeshUtilities: No automatic mesh merging module available
[2016.01.27-15.27.12:349][  0]UdpMessaging: Initializing bridge on interface 0.0.0.0:0 to multicast group 230.0.0.1:6666.
[2016.01.27-15.27.12:668][  0]LogAssetRegistry: FAssetRegistry took 0.0107 seconds to start up
[2016.01.27-15.27.12:959][  0]SourceControl: Info Source control is disabled
[2016.01.27-15.27.12:960][  0]SourceControl: Info Source control is disabled
[2016.01.27-15.27.12:977][  0]SourceControl: Info Source control is disabled
[2016.01.27-15.27.12:995][  0]SourceControl: Info Source control is disabled
[2016.01.27-15.27.13:182][  0]LogLinker:Warning: Asset '../../../Engine/Plugins/Runtime/LeapMotionController/Content/LM_PassthroughMaterial.uasset' has been saved with empty engine version. The asset will be loaded but may be incompatible.
[2016.01.27-15.27.13:284][  0]LogObj: 31792 objects as part of root set at end of initial load.
[2016.01.27-15.27.13:284][  0]LogUObjectAllocator: 7252928 out of 0 bytes used by permanent object pool.
[2016.01.27-15.27.13:359][  0]LogEngine: Initializing Engine...
[2016.01.27-15.27.13:363][  0]LogHMD: Can't find Oculus library dev build: is proper Runtime installed? Version: 0.7.0.0
[2016.01.27-15.27.13:365][  0]LogHMD: SteamVR failed to initialize.  Err: 110
[2016.01.27-15.27.13:506][  0]LogAIModule: Creating AISystem for world NewWorld
[2016.01.27-15.27.13:521][  0]LogInit: XAudio2 using 'Haut-parleurs (USB PnP Sound Device)' : 2 channels at 44.1 kHz using 16 bits per sample (channel mask 0x3)
[2016.01.27-15.27.13:529][  0]LogInit: FAudioDevice initialized.
[2016.01.27-15.27.13:550][  0]LogDerivedDataCache: Saved boot cache 0.02s 42MB C:/Users/frederic/AppData/Local/UnrealEngine/4.9/DerivedDataCache/Boot.ddc.
[2016.01.27-15.27.13:557][  0]LogInit: Texture streaming: Enabled
[2016.01.27-15.27.13:572][  0]LogAnalytics: Creating configured Analytics provider AnalyticsET
[2016.01.27-15.27.13:572][  0]LogAnalytics: [UEEditor.Rocket.Release] APIServer = http://et2.epicgames.com/ET2/. AppVersion = 4.9.2-2707645+++depot+UE4-Releases+4.9
[2016.01.27-15.27.13:573][  0]LogAnalytics: [UEEditor.Rocket.Release] SetUserId c8da8d664a36a98701fe659c10ae4ff8|70626fa7f476448fb82ad9618fbbb1ab|00e7fb16-00c3-4af4-a2a1-2cc8013aae38
[2016.01.27-15.27.13:573][  0]LogAnalytics: [UEEditor.Rocket.Release] AnalyticsET::StartSession
[2016.01.27-15.27.13:589][  0]LogInit: Transaction tracking system initialized
[2016.01.27-15.27.13:677][  0]BlueprintLog: New page: Editor Load
[2016.01.27-15.27.14:004][  0]LocalizationService: Info Localization service is disabled
[2016.01.27-15.27.14:147][  0]LogLinker:Warning: Can't find file '/Game/ThirdPersonCPP/ThirdPersonOverview'
[2016.01.27-15.27.14:148][  0]LogLinker:Warning: Can't find file '/Game/ThirdPersonCPP/ThirdPersonOverview'
[2016.01.27-15.27.14:149][  0]LogUObjectGlobals:Warning: Failed to find object 'Class /Game/ThirdPersonCPP/ThirdPersonOverview.ThirdPersonOverview_C'
[2016.01.27-15.27.14:176][  0]LogConsoleResponse:Display: 
[2016.01.27-15.27.14:294][  0]LogCook:Display: Done creating registry. It took  0.00s.
[2016.01.27-15.27.14:435][  0]LogFileCache: Scanning file cache for directory 'C:/Users/frederic/Documents/Unreal Projects/LostAge/Content/' took 0.01s
[2016.01.27-15.27.14:436][  0]SourceControl: Info Source control is disabled
[2016.01.27-15.27.14:436][  0]Cmd: MAP LOAD FILE="../../../../../../Users/frederic/Documents/Unreal Projects/LostAge/Content/FirstPersonCPP/Maps/MainMenu.umap" TEMPLATE=0 SHOWPROGRESS=1 FEATURELEVEL=3
[2016.01.27-15.27.14:437][  0]LightingResults: New page: Lighting Build
[2016.01.27-15.27.14:442][  0]MapCheck: New page: Map Check
[2016.01.27-15.27.14:443][  0]LightingResults: New page: Lighting Build
[2016.01.27-15.27.14:453][  0]LogParticles: Destroying 0 GPU particle simulations for FXSystem 0x000000002340A160
[2016.01.27-15.27.14:458][  0]LogAIModule: Creating AISystem for world MainMenu
[2016.01.27-15.27.14:459][  0]LogEditorServer: Finished looking for orphan Actors (0.000 secs)
[2016.01.27-15.27.14:460][  0]Cmd: MAP CHECKDEP NOCLEARLOG
[2016.01.27-15.27.14:506][  0]MapCheck: Info Map check complete: 0 Error(s), 0 Warning(s), took 45.369ms to complete.
[2016.01.27-15.27.14:506][  0]LogFileHelpers: Loading map 'MainMenu' took 0.070
[2016.01.27-15.27.14:607][  0]LogCollectionManager: Loaded 0 collections in 0.002165 seconds
[2016.01.27-15.27.14:650][  0]LogFileCache: Scanning file cache for directory 'C:/Users/frederic/Documents/Unreal Projects/LostAge/Saved/Collections/' took 0.01s
[2016.01.27-15.27.14:651][  0]LogFileCache: Scanning file cache for directory 'C:/Users/frederic/Documents/Unreal Projects/LostAge/Content/Developers/frederic/Collections/' took 0.01s
[2016.01.27-15.27.14:651][  0]LogFileCache: Scanning file cache for directory 'C:/Users/frederic/Documents/Unreal Projects/LostAge/Content/Collections/' took 0.01s
[2016.01.27-15.27.14:652][  0]LogContentBrowser: Native class hierarchy populated in 0.0083 seconds. Added 1875 classes and 335 folders.
[2016.01.27-15.27.14:660][  0]LogCollectionManager: Rebuilt the GUID cache for 0 collections in 0.000002 seconds
[2016.01.27-15.27.14:674][  0]LogContentBrowser: Native class hierarchy updated for 'WidgetCarousel' in 0.0030 seconds. Added 0 classes and 0 folders.
[2016.01.27-15.27.14:733][  0]LogContentBrowser: Native class hierarchy updated for 'AddContentDialog' in 0.0019 seconds. Added 0 classes and 0 folders.
[2016.01.27-15.27.14:752][  0]LogContentBrowser: Native class hierarchy updated for 'SceneOutliner' in 0.0018 seconds. Added 1 classes and 2 folders.
[2016.01.27-15.27.14:782][  0]LogCrashTracker: Crashtracker disabled due to settings.
[2016.01.27-15.27.14:786][  0]LogUObjectGlobals:Warning: Failed to find object 'Class None.'
[2016.01.27-15.27.14:808][  0]LogLoad: Full Startup: 7.55 seconds (BP compile: 0.03 seconds)
[2016.01.27-15.27.14:877][  0]LogContentStreaming: Texture pool size now 1000 MB
[2016.01.27-15.27.15:001][  0]LogRenderer: Reallocating scene render targets to support 1208x556 (Frame:2).
[2016.01.27-15.27.15:196][  3]LogAssetRegistry: Asset discovery search completed in 2.5390 seconds
[2016.01.27-15.27.15:196][  3]LogCollectionManager: Rebuilt the object cache for 0 collections in 0.000002 seconds (found 0 objects)
[2016.01.27-15.27.15:197][  3]LogCollectionManager: Fixed up redirectors for 0 collections in 0.000319 seconds (updated 0 objects)
[2016.01.27-15.27.17:443][259]LogPlayLevel: PlayLevel: No blueprints needed recompiling
[2016.01.27-15.27.17:444][259]PIE: New page: PIE session: MainMenu (Jan 27, 2016, 5:27:17 AM)
[2016.01.27-15.27.17:502][259]LogPlayLevel: Creating play world package: /Game/FirstPersonCPP/Maps/UEDPIE_0_MainMenu
[2016.01.27-15.27.17:503][259]LogPlayLevel: PIE: StaticDuplicateObject took: (0.000478s)
[2016.01.27-15.27.17:504][259]LogAIModule: Creating AISystem for world MainMenu
[2016.01.27-15.27.17:504][259]LogPlayLevel: PIE: World Init took: (0.001125s)
[2016.01.27-15.27.17:505][259]LogPlayLevel: PIE: Created PIE world by copying editor world from /Game/FirstPersonCPP/Maps/MainMenu.MainMenu to /Game/FirstPersonCPP/Maps/UEDPIE_0_MainMenu.MainMenu (0.002940s)
[2016.01.27-15.27.17:505][259]LogActorComponent: UnregisterComponent: (/Engine/Transient.CharMoveComp) Not registered. Aborting.
[2016.01.27-15.27.17:527][259]LogInit: XAudio2 using 'Haut-parleurs (USB PnP Sound Device)' : 2 channels at 44.1 kHz using 16 bits per sample (channel mask 0x3)
[2016.01.27-15.27.17:530][259]LogInit: FAudioDevice initialized.
[2016.01.27-15.27.17:628][259]LogWorld: Game class is 'GameModeBP_C'
[2016.01.27-15.27.17:630][259]LogWorld: Bringing World /Game/FirstPersonCPP/Maps/UEDPIE_0_MainMenu.MainMenu up for play (max tick rate 0) at 2016.01.27-10.27.17
[2016.01.27-15.27.17:631][259]LogActor:Warning: GameSession /Game/FirstPersonCPP/Maps/UEDPIE_0_MainMenu.MainMenu:PersistentLevel.GameSession_0 has natively added scene component(s), but none of them were set as the actor's RootComponent - picking one arbitrarily
[2016.01.27-15.27.17:631][259]LogActor:Warning: GameNetworkManager /Game/FirstPersonCPP/Maps/UEDPIE_0_MainMenu.MainMenu:PersistentLevel.GameNetworkManager_0 has natively added scene component(s), but none of them were set as the actor's RootComponent - picking one arbitrarily
[2016.01.27-15.27.17:632][259]LogWorld: Bringing up level for play took: 0.001621
[2016.01.27-15.27.17:642][259]LogVoice:Warning: Failed to initialize voice interface
[2016.01.27-15.27.17:644][259]LogOnline:Warning: NULL: Can't start an online game for session (Game) that hasn't been created
[2016.01.27-15.27.17:646][259]LogBlueprintUserMessages: [PlayerControllerBP_C_0] ICI
[2016.01.27-15.27.17:802][259]PIE: Info Play in editor start time for /Game/FirstPersonCPP/Maps/UEDPIE_0_MainMenu 1.277
[2016.01.27-15.27.17:818][260]LogRenderer: Reallocating scene render targets to support 1280x720 (Frame:256).
[2016.01.27-15.27.20:277][548]LogInit: WinSock: I am frederic-PC (192.168.1.103:0)
[2016.01.27-15.27.26:071][243]LogNet: Browse: 192.168.1.103//Game/FirstPersonCPP/Maps/MainMenu
[2016.01.27-15.27.26:072][243]LogInit: WinSock: Socket queue 32768 / 32768
[2016.01.27-15.27.26:073][243]LogNet: Game client on port 7777, rate 10000
[2016.01.27-15.27.26:073][243]LogNet: GetLocalNetworkVersion: GEngineNetVersion: 2707645, ProjectName: lostage, ProjectVersion: 1.0.0.0, InternalProtocolVersion: 9, LocalNetworkVersion: 4161370921
[2016.01.27-15.27.26:105][247]LogNet: Welcomed by server (Level: /Game/FirstPersonCPP/Maps/FirstPersonExampleMap, Game: /Game/FirstPersonCPP/Blueprints/GameModeBP.GameModeBP_C)
[2016.01.27-15.27.26:106][247]LogLoad: LoadMap: 192.168.1.103//Game/FirstPersonCPP/Maps/FirstPersonExampleMap?game=/Game/FirstPersonCPP/Blueprints/GameModeBP.GameModeBP_C
[2016.01.27-15.27.26:121][247]LogParticles: Destroying 0 GPU particle simulations for FXSystem 0x00000000374ECC20
[2016.01.27-15.27.26:126][247]Cmd: MEM
[2016.01.27-15.27.26:136][247]LogMemory: Platform Memory Stats for Windows
[2016.01.27-15.27.26:136][247]LogMemory: Process Physical Memory: 593.69 MB used, 593.69 MB peak
[2016.01.27-15.27.26:137][247]LogMemory: Process Virtual Memory: 1107.46 MB used, 1181.64 MB peak
[2016.01.27-15.27.26:137][247]LogMemory: Physical Memory: 8200.29 MB used, 16288.39 MB total
[2016.01.27-15.27.26:137][247]LogMemory: Virtual Memory: 1734.36 MB used, 8388608.00 MB total
[2016.01.27-15.27.26:138][247]LogMemory: 
[2016.01.27-15.27.26:138][247]Allocator Stats for TBB: (not implemented)
[2016.01.27-15.27.26:332][247]LogAIModule: Creating AISystem for world FirstPersonExampleMap
[2016.01.27-15.27.26:336][247]LogWorld: Bringing World /Game/FirstPersonCPP/Maps/FirstPersonExampleMap.FirstPersonExampleMap up for play (max tick rate 0) at 2016.01.27-10.27.26
[2016.01.27-15.27.26:337][247]LogWorld: Bringing up level for play took: 0.003238
[2016.01.27-15.27.26:501][254]LogBlueprintUserMessages: [PlayerControllerBP_C_1] Client -1: ICI
[2016.01.27-15.28.18:074][429]LogPackageName: SearchForPackageOnDisk took   0.062s to resolve MainMenu.umap.
[2016.01.27-15.28.18:132][430]LogPackageName: SearchForPackageOnDisk took   0.052s to resolve MainMenu.umap.
[2016.01.27-15.28.18:133][430]LogNet: Browse: /Game/FirstPersonCPP/Maps/MainMenu
[2016.01.27-15.28.18:133][430]LogLoad: LoadMap: /Game/FirstPersonCPP/Maps/MainMenu
[2016.01.27-15.28.18:134][430]LogNet: World NetDriver shutdown IpNetDriver_0 [GameNetDriver]
[2016.01.27-15.28.18:134][430]LogNet: DestroyNamedNetDriver IpNetDriver_0 [GameNetDriver]
[2016.01.27-15.28.18:134][430]LogNet: UNetConnection::Close: Name: IpConnection_0, Driver: GameNetDriver IpNetDriver_0, PC: PlayerControllerBP_C_1, Owner: PlayerControllerBP_C_1, Channels: 10, RemoteAddr: 192.168.1.103:7777, Time: 2016.01.27-15.28.18
[2016.01.27-15.28.18:134][430]LogNet: UChannel::Close: Sending CloseBunch. ChIndex == 0. Name: ControlChannel_0
[2016.01.27-15.28.18:135][430]LogExit: GameNetDriver IpNetDriver_0 shut down
[2016.01.27-15.28.18:152][430]LogParticles: Destroying 0 GPU p