[2016.01.26-22.26.13:273][  0]Log file open, 01/26/16 17:26:13
[2016.01.26-22.26.13:273][  0]LogInit:Display: Running engine for game: LostAge
[2016.01.26-22.26.13:273][  0]LogInit:Display: RandInit(1990042333) SRandInit(1990042334).
[2016.01.26-22.26.13:273][  0]LogTaskGraph: Started task graph with 4 named threads and 7 total threads.
[2016.01.26-22.26.13:273][  0]LogStats: Stats thread started at 0.084283
[2016.01.26-22.26.13:273][  0]LogInit: Version: 4.9.2-2707645+++depot+UE4-Releases+4.9
[2016.01.26-22.26.13:273][  0]LogInit: API Version: 2672455
[2016.01.26-22.26.13:273][  0]LogInit: Compiled (64-bit): Sep 28 2015 10:25:44
[2016.01.26-22.26.13:273][  0]LogInit: Compiled with Visual C++: 18.00.21005.01
[2016.01.26-22.26.13:273][  0]LogInit: Build Configuration: DebugGame
[2016.01.26-22.26.13:273][  0]LogInit: Branch Name: ++depot+UE4-Releases+4.9
[2016.01.26-22.26.13:273][  0]LogInit: Command line:  /Temp/Autosaves/Game/FirstPersonCPP/Maps/UEDPCMainMenu -game -PIEVIACONSOLE -ResX=1280 -ResY=720  -Multiprocess -debug 
[2016.01.26-22.26.13:273][  0]LogInit: Base directory: C:/Program Files/Epic Games/4.9/Engine/Binaries/Win64/
[2016.01.26-22.26.13:273][  0]LogInit: Rocket: 1
[2016.01.26-22.26.13:299][  0]LogInit: Using libcurl 7.41.0
[2016.01.26-22.26.13:299][  0]LogInit:  - built for x86_64-pc-win32
[2016.01.26-22.26.13:299][  0]LogInit:  - supports SSL with WinSSL
[2016.01.26-22.26.13:299][  0]LogInit:  - other features:
[2016.01.26-22.26.13:299][  0]LogInit:      CURL_VERSION_SSL
[2016.01.26-22.26.13:299][  0]LogInit:      CURL_VERSION_IPV6
[2016.01.26-22.26.13:299][  0]LogInit:      CURL_VERSION_ASYNCHDNS
[2016.01.26-22.26.13:299][  0]LogInit:      CURL_VERSION_LARGEFILE
[2016.01.26-22.26.13:299][  0]LogInit:      CURL_VERSION_IDN
[2016.01.26-22.26.13:299][  0]LogInit:  CurlRequestOptions (configurable via config and command line):
[2016.01.26-22.26.13:299][  0]LogInit:  - bVerifyPeer = true  - Libcurl will verify peer certificate
[2016.01.26-22.26.13:299][  0]LogInit:  - bUseHttpProxy = false  - Libcurl will NOT use HTTP proxy
[2016.01.26-22.26.13:299][  0]LogInit:  - bDontReuseConnections = false  - Libcurl will reuse connections
[2016.01.26-22.26.13:299][  0]LogInit:  - CertBundlePath = nullptr  - Libcurl will use whatever was configured at build time.
[2016.01.26-22.26.13:319][  0]LogInit: WinSock: version 1.1 (2.2), MaxSocks=32767, MaxUdp=65467
[2016.01.26-22.26.13:325][  0]LogVoice:Warning: Failed to initialize voice interface
[2016.01.26-22.26.13:329][  0]LogInit: Presizing for 0 objects not considered by GC, pre-allocating 0 bytes.
[2016.01.26-22.26.13:340][  0]LogInit: Object subsystem initialized
[2016.01.26-22.26.13:341][  0]LogInit: Selected Device Profile: [Windows]
[2016.01.26-22.26.13:341][  0]LogInit: Applying CVar settings loaded from the selected device profile: [Windows]
[2016.01.26-22.26.13:344][  0]LogInit: Computer: FREDERIC-PC
[2016.01.26-22.26.13:344][  0]LogInit: User: frederic
[2016.01.26-22.26.13:344][  0]LogInit: CPU Page size=4096, Cores=4
[2016.01.26-22.26.13:344][  0]LogInit: High frequency timer resolution =3.331240 MHz
[2016.01.26-22.26.13:344][  0]LogMemory: Memory total: Physical=15.9GB (16GB approx)
[2016.01.26-22.26.13:344][  0]LogMemory: Platform Memory Stats for Windows
[2016.01.26-22.26.13:344][  0]LogMemory: Process Physical Memory: 55.67 MB used, 55.67 MB peak
[2016.01.26-22.26.13:344][  0]LogMemory: Process Virtual Memory: 59.59 MB used, 59.59 MB peak
[2016.01.26-22.26.13:344][  0]LogMemory: Physical Memory: 8513.45 MB used, 16288.39 MB total
[2016.01.26-22.26.13:344][  0]LogMemory: Virtual Memory: 343.57 MB used, 8388608.00 MB total
[2016.01.26-22.26.13:386][  0]LogTextLocalizationManager: No translations for ('fr-CA') exist, falling back to 'en' for localization and internationalization data.
[2016.01.26-22.26.14:127][  0]LogD3D11RHI: Found D3D11 adapter 0: NVIDIA GeForce GTX 970 (Feature Level 11_0)
[2016.01.26-22.26.14:127][  0]LogD3D11RHI: Adapter has 4008MB of dedicated video memory, 0MB of dedicated system memory, and 7888MB of shared system memory, 1 output[s]
[2016.01.26-22.26.14:131][  0]LogD3D11RHI: Found D3D11 adapter 1: Intel(R) HD Graphics 3000 (Feature Level 10_0)
[2016.01.26-22.26.14:131][  0]LogD3D11RHI: Adapter has 64MB of dedicated video memory, 0MB of dedicated system memory, and 1632MB of shared system memory, 0 output[s]
[2016.01.26-22.26.14:131][  0]LogD3D11RHI: Chosen D3D11 Adapter Id = 0
[2016.01.26-22.26.14:135][  0]LogD3D11RHI: !Direct3DDevice
[2016.01.26-22.26.14:135][  0]LogRHI: Texture pool is 1361 MB (70% of 1945 MB)
[2016.01.26-22.26.14:146][  0]LogD3D11RHI: Async texture creation enabled
[2016.01.26-22.26.14:160][  0]LogShaderCompilers: Guid format shader working directory is 15 characters bigger than the processId version (../../../../../../Users/frederic/Documents/Unreal Projects/LostAge/Intermediate/Shaders/WorkingDirectory/6616/).
[2016.01.26-22.26.14:161][  0]LogShaderCompilers: Cleaned the shader compiler working directory '../../../../../../Users/frederic/Documents/Unreal Projects/LostAge/Intermediate/Shaders/tmp/DF291C544A324C16C314E281DCC22377/'.
[2016.01.26-22.26.14:161][  0]LogShaderCompilers:Display: Using Local Shader Compiler.
[2016.01.26-22.26.15:438][  0]LogTemp:Display: Loaded TP AllDesktopTargetPlatform
[2016.01.26-22.26.15:443][  0]LogTemp:Display: Loaded TP WindowsClientTargetPlatform
[2016.01.26-22.26.15:448][  0]LogTemp:Display: Loaded TP WindowsNoEditorTargetPlatform
[2016.01.26-22.26.15:454][  0]LogTemp:Display: Loaded TP WindowsServerTargetPlatform
[2016.01.26-22.26.15:459][  0]LogTemp:Display: Loaded TP WindowsTargetPlatform
[2016.01.26-22.26.15:462][  0]LogTemp:Display: Loaded TP AndroidTargetPlatform
[2016.01.26-22.26.15:465][  0]LogTemp:Display: Loaded TP Android_ASTCTargetPlatform
[2016.01.26-22.26.15:469][  0]LogTemp:Display: Loaded TP Android_ATCTargetPlatform
[2016.01.26-22.26.15:472][  0]LogTemp:Display: Loaded TP Android_DXTTargetPlatform
[2016.01.26-22.26.15:476][  0]LogTemp:Display: Loaded TP Android_ETC1TargetPlatform
[2016.01.26-22.26.15:479][  0]LogTemp:Display: Loaded TP Android_ETC2TargetPlatform
[2016.01.26-22.26.15:483][  0]LogTemp:Display: Loaded TP Android_PVRTCTargetPlatform
[2016.01.26-22.26.15:483][  0]LogTemp:Display: Loaded TP HTML5TargetPlatform
[2016.01.26-22.26.15:499][  0]LogTemp:Display: Loaded TP IOSTargetPlatform
[2016.01.26-22.26.15:502][  0]LogTemp:Display: Loaded TP LinuxNoEditorTargetPlatform
[2016.01.26-22.26.15:505][  0]LogTemp:Display: Loaded TP LinuxServerTargetPlatform
[2016.01.26-22.26.15:509][  0]LogTemp:Display: Loaded TP LinuxTargetPlatform
[2016.01.26-22.26.15:509][  0]LogTargetPlatformManager:Display: Building Assets For Windows
[2016.01.26-22.26.15:588][  0]LogDerivedDataCache:Display: Max Cache Size: 512 MB
[2016.01.26-22.26.15:633][  0]LogDerivedDataCache: Loaded boot cache 0.05s 41MB C:/Users/frederic/AppData/Local/UnrealEngine/4.9/DerivedDataCache/Boot.ddc.
[2016.01.26-22.26.15:633][  0]LogDerivedDataCache:Display: Loaded Boot cache: C:/Users/frederic/AppData/Local/UnrealEngine/4.9/DerivedDataCache/Boot.ddc
[2016.01.26-22.26.15:633][  0]LogDerivedDataCache: FDerivedDataBackendGraph:  Pak pak cache file ../../../../../../Users/frederic/Documents/Unreal Projects/LostAge/DerivedDataCache/DDC.ddp not found, will not use a pak cache.
[2016.01.26-22.26.15:633][  0]LogDerivedDataCache: Unable to find inner node Pak for hierarchical cache Hierarchy.
[2016.01.26-22.26.15:633][  0]LogDerivedDataCache: FDerivedDataBackendGraph:  CompressedPak pak cache file ../../../../../../Users/frederic/Documents/Unreal Projects/LostAge/DerivedDataCache/Compressed.ddp not found, will not use a pak cache.
[2016.01.26-22.26.15:633][  0]LogDerivedDataCache: Unable to find inner node CompressedPak for hierarchical cache Hierarchy.
[2016.01.26-22.26.15:799][  0]LogDerivedDataCache:Display: Pak cache opened for reading ../../../Engine/DerivedDataCache/Compressed.ddp.
[2016.01.26-22.26.15:810][  0]LogDerivedDataCache: Using Local data cache path C:/Users/frederic/AppData/Local/UnrealEngine/Common/DerivedDataCache: Writable
[2016.01.26-22.26.16:011][  0]LogInit: Selected Device Profile: [Windows]
[2016.01.26-22.26.16:012][  0]LogContentStreaming: Texture pool size is 1000.000000MB
[2016.01.26-22.26.16:025][  0]LogMeshUtilities: No automatic mesh reduction module available
[2016.01.26-22.26.16:025][  0]LogMeshUtilities: No automatic mesh merging module available
[2016.01.26-22.26.16:530][  0]LogWindowsMoviePlayer: Unable to load movie: ../../../../../../Users/frederic/Documents/Unreal Projects/LostAge/Content/Movies/Default_Startup.mp4
[2016.01.26-22.26.16:633][  0]SourceControl: Info Source control is disabled
[2016.01.26-22.26.16:634][  0]SourceControl: Info Source control is disabled
[2016.01.26-22.26.16:643][  0]SourceControl: Info Source control is disabled
[2016.01.26-22.26.16:727][  0]LogLinker:Warning: Asset '../../../Engine/Plugins/Runtime/LeapMotionController/Content/LM_PassthroughMaterial.uasset' has been saved with empty engine version. The asset will be loaded but may be incompatible.
[2016.01.26-22.26.16:803][  0]LogObj: 27709 objects as part of root set at end of initial load.
[2016.01.26-22.26.16:803][  0]LogUObjectAllocator: 5803208 out of 0 bytes used by permanent object pool.
[2016.01.26-22.26.16:865][  0]LogEngine: Initializing Engine...
[2016.01.26-22.26.16:868][  0]LogHMD: Can't find Oculus library dev build: is proper Runtime installed? Version: 0.7.0.0
[2016.01.26-22.26.16:868][  0]LogHMD: SteamVR failed to initialize.  Err: 110
[2016.01.26-22.26.16:986][  0]LogInit: XAudio2 using 'Haut-parleurs (USB PnP Sound Device)' : 2 channels at 44.1 kHz using 16 bits per sample (channel mask 0x3)
[2016.01.26-22.26.16:991][  0]LogInit: FAudioDevice initialized.
[2016.01.26-22.26.16:996][  0]LogInit: Texture streaming: Enabled
[2016.01.26-22.26.17:110][  0]LogNet: Browse: /Temp/Autosaves/Game/FirstPersonCPP/Maps/UEDPCMainMenu?Name=Player
[2016.01.26-22.26.17:111][  0]LogLoad: LoadMap: /Temp/Autosaves/Game/FirstPersonCPP/Maps/UEDPCMainMenu?Name=Player
[2016.01.26-22.26.17:123][  0]LogParticles: Destroying 0 GPU particle simulations for FXSystem 0x0000000013FC3240
[2016.01.26-22.26.17:134][  0]LogMemory: Platform Memory Stats for Windows
[2016.01.26-22.26.17:134][  0]LogMemory: Process Physical Memory: 376.31 MB used, 376.31 MB peak
[2016.01.26-22.26.17:134][  0]LogMemory: Process Virtual Memory: 452.33 MB used, 452.33 MB peak
[2016.01.26-22.26.17:134][  0]LogMemory: Physical Memory: 8792.56 MB used, 16288.39 MB total
[2016.01.26-22.26.17:134][  0]LogMemory: Virtual Memory: 952.48 MB used, 8388608.00 MB total
[2016.01.26-22.26.17:134][  0]LogMemory: 
[2016.01.26-22.26.17:134][  0]Allocator Stats for TBB: (not implemented)
[2016.01.26-22.26.17:144][  0]LogAIModule: Creating AISystem for world MainMenu
[2016.01.26-22.26.17:144][  0]LogWorld: Game class is 'LostAgeGameMode'
[2016.01.26-22.26.17:292][  0]LogWorld: Bringing World /Temp/Autosaves/Game/FirstPersonCPP/Maps/UEDPCMainMenu.MainMenu up for play (max tick rate 0) at 2016.01.26-17.26.17
[2016.01.26-22.26.17:292][  0]LogWorld: Bringing up level for play took: 0.000557
[2016.01.26-22.26.17:295][  0]LogOnline:Warning: NULL: Can't start an online game for session (Game) that hasn't been created
[2016.01.26-22.26.17:404][  0]LogInit:Display: Game Engine Initialized.
[2016.01.26-22.26.17:620][  0]LogLoad: Full Startup: 5.04 seconds (BP compile: 0.12 seconds)
[2016.01.26-22.26.17:725][  2]LogRenderer: Reallocating scene render targets to support 1280x720 (Frame:2).
[2016.01.26-22.26.18:491][ 48]LogInit: WinSock: I am frederic-PC (192.168.1.103:0)
[2016.01.26-22.26.18:551][ 48]LogPackageName: SearchForPackageOnDisk took   0.060s to resolve FirstPersonExampleMap.umap.
[2016.01.26-22.26.18:610][ 48]LogPackageName: SearchForPackageOnDisk took   0.059s to resolve FirstPersonExampleMap.umap.
[2016.01.26-22.26.18:610][ 48]LogNet: Browse: /Game/FirstPersonCPP/Maps/FirstPersonExampleMap?listen
[2016.01.26-22.26.18:610][ 48]LogLoad: LoadMap: /Game/FirstPersonCPP/Maps/FirstPersonExampleMap?listen
[2016.01.26-22.26.18:628][ 48]LogParticles: Destroying 0 GPU particle simulations for FXSystem 0x0000000013FC3BA0
[2016.01.26-22.26.18:643][ 48]LogMemory: Platform Memory Stats for Windows
[2016.01.26-22.26.18:643][ 48]LogMemory: Process Physical Memory: 407.60 MB used, 423.93 MB peak
[2016.01.26-22.26.18:643][ 48]LogMemory: Process Virtual Memory: 649.04 MB used, 663.02 MB peak
[2016.01.26-22.26.18:643][ 48]LogMemory: Physical Memory: 8822.70 MB used, 16288.39 MB total
[2016.01.26-22.26.18:643][ 48]LogMemory: Virtual Memory: 1163.34 MB used, 8388608.00 MB total
[2016.01.26-22.26.18:643][ 48]LogMemory: 
[2016.01.26-22.26.18:643][ 48]Allocator Stats for TBB: (not implemented)
[2016.01.26-22.26.18:907][ 48]LogAIModule: Creating AISystem for world FirstPersonExampleMap
[2016.01.26-22.26.18:907][ 48]LogWorld: Game class is 'LostAgeGameMode'
[2016.01.26-22.26.19:116][ 48]LogWindows: === Critical error: ===
Fatal error!



[2016.01.26-22.26.19:116][ 48]LogExit: Executing StaticShutdownAfterError
[2016.01.26-22.26.19:120][ 48]LogPhysics:Warning: PHYSX: ..\..\PhysX\src\NpScene.cpp (2946) 8 : PxScene::unlockWrite() called without matching call to PxScene::lockWrite(), behaviour will be undefined.
[2016.01.26-22.26.19:120][ 48]LogPhysics:Warning: PHYSX: ..\..\PhysX\src\NpScene.cpp (2946) 8 : PxScene::unlockWrite() called without matching call to PxScene::lockWrite(), behaviour will be undefined.
[2016.01.26-22.26.19:120][ 48]LogWindows: FPlatformMisc::RequestExit(1)
[2016.01.26-22.26.19:120][ 48]Log file closed, 01/26/16 17:26:19
