[2016.01.26-19.19.11:190][  0]Log file open, 01/26/16 14:19:11
[2016.01.26-19.19.11:190][  0]LogInit:Display: Running engine for game: LostAge
[2016.01.26-19.19.11:191][  0]LogInit:Display: RandInit(-1033712347) SRandInit(-1033712346).
[2016.01.26-19.19.11:191][  0]LogTaskGraph: Started task graph with 4 named threads and 7 total threads.
[2016.01.26-19.19.11:192][  0]LogStats: Stats thread started at 0.150440
[2016.01.26-19.19.11:192][  0]LogInit: Version: 4.9.2-2707645+++depot+UE4-Releases+4.9
[2016.01.26-19.19.11:192][  0]LogInit: API Version: 2672455
[2016.01.26-19.19.11:192][  0]LogInit: Compiled (64-bit): Sep 28 2015 10:25:44
[2016.01.26-19.19.11:193][  0]LogInit: Compiled with Visual C++: 18.00.21005.01
[2016.01.26-19.19.11:193][  0]LogInit: Build Configuration: DebugGame
[2016.01.26-19.19.11:193][  0]LogInit: Branch Name: ++depot+UE4-Releases+4.9
[2016.01.26-19.19.11:194][  0]LogInit: Command line:  -debug
[2016.01.26-19.19.11:194][  0]LogInit: Base directory: C:/Program Files/Epic Games/4.9/Engine/Binaries/Win64/
[2016.01.26-19.19.11:194][  0]LogInit: Rocket: 1
[2016.01.26-19.19.11:223][  0]LogInit: Using libcurl 7.41.0
[2016.01.26-19.19.11:223][  0]LogInit:  - built for x86_64-pc-win32
[2016.01.26-19.19.11:223][  0]LogInit:  - supports SSL with WinSSL
[2016.01.26-19.19.11:224][  0]LogInit:  - other features:
[2016.01.26-19.19.11:224][  0]LogInit:      CURL_VERSION_SSL
[2016.01.26-19.19.11:224][  0]LogInit:      CURL_VERSION_IPV6
[2016.01.26-19.19.11:224][  0]LogInit:      CURL_VERSION_ASYNCHDNS
[2016.01.26-19.19.11:225][  0]LogInit:      CURL_VERSION_LARGEFILE
[2016.01.26-19.19.11:225][  0]LogInit:      CURL_VERSION_IDN
[2016.01.26-19.19.11:225][  0]LogInit:  CurlRequestOptions (configurable via config and command line):
[2016.01.26-19.19.11:225][  0]LogInit:  - bVerifyPeer = true  - Libcurl will verify peer certificate
[2016.01.26-19.19.11:226][  0]LogInit:  - bUseHttpProxy = false  - Libcurl will NOT use HTTP proxy
[2016.01.26-19.19.11:226][  0]LogInit:  - bDontReuseConnections = false  - Libcurl will reuse connections
[2016.01.26-19.19.11:226][  0]LogInit:  - CertBundlePath = nullptr  - Libcurl will use whatever was configured at build time.
[2016.01.26-19.19.11:280][  0]LogInit: WinSock: version 1.1 (2.2), MaxSocks=32767, MaxUdp=65467
[2016.01.26-19.19.11:294][  0]LogVoice:Warning: Failed to initialize voice interface
[2016.01.26-19.19.11:300][  0]LogInit: Presizing for 0 objects not considered by GC, pre-allocating 0 bytes.
[2016.01.26-19.19.11:309][  0]LogInit: Object subsystem initialized
[2016.01.26-19.19.11:311][  0]LogInit: Selected Device Profile: [Windows]
[2016.01.26-19.19.11:311][  0]LogInit: Applying CVar settings loaded from the selected device profile: [Windows]
[2016.01.26-19.19.11:320][  0]LogInit: Computer: FREDERIC-PC
[2016.01.26-19.19.11:321][  0]LogInit: User: frederic
[2016.01.26-19.19.11:321][  0]LogInit: CPU Page size=4096, Cores=4
[2016.01.26-19.19.11:321][  0]LogInit: High frequency timer resolution =3.331240 MHz
[2016.01.26-19.19.11:322][  0]LogMemory: Memory total: Physical=15.9GB (16GB approx)
[2016.01.26-19.19.11:322][  0]LogMemory: Platform Memory Stats for Windows
[2016.01.26-19.19.11:322][  0]LogMemory: Process Physical Memory: 54.72 MB used, 54.72 MB peak
[2016.01.26-19.19.11:322][  0]LogMemory: Process Virtual Memory: 55.73 MB used, 55.73 MB peak
[2016.01.26-19.19.11:323][  0]LogMemory: Physical Memory: 7856.93 MB used, 16288.39 MB total
[2016.01.26-19.19.11:323][  0]LogMemory: Virtual Memory: 337.63 MB used, 8388608.00 MB total
[2016.01.26-19.19.11:398][  0]LogTextLocalizationManager: No translations for ('fr-CA') exist, falling back to 'en' for localization and internationalization data.
[2016.01.26-19.19.12:213][  0]LogD3D11RHI: Found D3D11 adapter 0: NVIDIA GeForce GTX 970 (Feature Level 11_0)
[2016.01.26-19.19.12:213][  0]LogD3D11RHI: Adapter has 4008MB of dedicated video memory, 0MB of dedicated system memory, and 7888MB of shared system memory, 1 output[s]
[2016.01.26-19.19.12:223][  0]LogD3D11RHI: Found D3D11 adapter 1: Intel(R) HD Graphics 3000 (Feature Level 10_0)
[2016.01.26-19.19.12:223][  0]LogD3D11RHI: Adapter has 64MB of dedicated video memory, 0MB of dedicated system memory, and 1632MB of shared system memory, 0 output[s]
[2016.01.26-19.19.12:223][  0]LogD3D11RHI: Chosen D3D11 Adapter Id = 0
[2016.01.26-19.19.12:228][  0]LogD3D11RHI: !Direct3DDevice
[2016.01.26-19.19.12:228][  0]LogRHI: Texture pool is 1361 MB (70% of 1945 MB)
[2016.01.26-19.19.12:273][  0]LogD3D11RHI: Async texture creation enabled
[2016.01.26-19.19.12:288][  0]LogShaderCompilers: Guid format shader working directory is 15 characters bigger than the processId version (../../../../../../Users/frederic/Documents/Unreal Projects/LostAge/Intermediate/Shaders/WorkingDirectory/7884/).
[2016.01.26-19.19.12:288][  0]LogShaderCompilers: Cleaned the shader compiler working directory '../../../../../../Users/frederic/Documents/Unreal Projects/LostAge/Intermediate/Shaders/tmp/E6CD86A049A4185681AE9A935F853FC8/'.
[2016.01.26-19.19.12:289][  0]LogShaderCompilers:Display: Using Local Shader Compiler.
[2016.01.26-19.19.13:478][  0]LogTemp:Display: Loaded TP AllDesktopTargetPlatform
[2016.01.26-19.19.13:496][  0]LogTemp:Display: Loaded TP WindowsClientTargetPlatform
[2016.01.26-19.19.13:509][  0]LogTemp:Display: Loaded TP WindowsNoEditorTargetPlatform
[2016.01.26-19.19.13:524][  0]LogTemp:Display: Loaded TP WindowsServerTargetPlatform
[2016.01.26-19.19.13:537][  0]LogTemp:Display: Loaded TP WindowsTargetPlatform
[2016.01.26-19.19.13:544][  0]LogTemp:Display: Loaded TP AndroidTargetPlatform
[2016.01.26-19.19.13:550][  0]LogTemp:Display: Loaded TP Android_ASTCTargetPlatform
[2016.01.26-19.19.13:557][  0]LogTemp:Display: Loaded TP Android_ATCTargetPlatform
[2016.01.26-19.19.13:565][  0]LogTemp:Display: Loaded TP Android_DXTTargetPlatform
[2016.01.26-19.19.13:572][  0]LogTemp:Display: Loaded TP Android_ETC1TargetPlatform
[2016.01.26-19.19.13:579][  0]LogTemp:Display: Loaded TP Android_ETC2TargetPlatform
[2016.01.26-19.19.13:586][  0]LogTemp:Display: Loaded TP Android_PVRTCTargetPlatform
[2016.01.26-19.19.13:590][  0]LogTemp:Display: Loaded TP HTML5TargetPlatform
[2016.01.26-19.19.13:623][  0]LogTemp:Display: Loaded TP IOSTargetPlatform
[2016.01.26-19.19.13:631][  0]LogTemp:Display: Loaded TP LinuxNoEditorTargetPlatform
[2016.01.26-19.19.13:637][  0]LogTemp:Display: Loaded TP LinuxServerTargetPlatform
[2016.01.26-19.19.13:644][  0]LogTemp:Display: Loaded TP LinuxTargetPlatform
[2016.01.26-19.19.13:644][  0]LogTargetPlatformManager:Display: Building Assets For Windows
[2016.01.26-19.19.13:838][  0]LogDerivedDataCache:Display: Max Cache Size: 512 MB
[2016.01.26-19.19.13:887][  0]LogDerivedDataCache: Loaded boot cache 0.05s 42MB C:/Users/frederic/AppData/Local/UnrealEngine/4.9/DerivedDataCache/Boot.ddc.
[2016.01.26-19.19.13:888][  0]LogDerivedDataCache:Display: Loaded Boot cache: C:/Users/frederic/AppData/Local/UnrealEngine/4.9/DerivedDataCache/Boot.ddc
[2016.01.26-19.19.13:889][  0]LogDerivedDataCache: FDerivedDataBackendGraph:  Pak pak cache file ../../../../../../Users/frederic/Documents/Unreal Projects/LostAge/DerivedDataCache/DDC.ddp not found, will not use a pak cache.
[2016.01.26-19.19.13:889][  0]LogDerivedDataCache: Unable to find inner node Pak for hierarchical cache Hierarchy.
[2016.01.26-19.19.13:889][  0]LogDerivedDataCache: FDerivedDataBackendGraph:  CompressedPak pak cache file ../../../../../../Users/frederic/Documents/Unreal Projects/LostAge/DerivedDataCache/Compressed.ddp not found, will not use a pak cache.
[2016.01.26-19.19.13:889][  0]LogDerivedDataCache: Unable to find inner node CompressedPak for hierarchical cache Hierarchy.
[2016.01.26-19.19.14:051][  0]LogDerivedDataCache:Display: Pak cache opened for reading ../../../Engine/DerivedDataCache/Compressed.ddp.
[2016.01.26-19.19.14:063][  0]LogDerivedDataCache: Using Local data cache path C:/Users/frederic/AppData/Local/UnrealEngine/Common/DerivedDataCache: Writable
[2016.01.26-19.19.14:288][  0]LogInit: Selected Device Profile: [Windows]
[2016.01.26-19.19.14:289][  0]LogContentStreaming: Texture pool size is 0.000000MB
[2016.01.26-19.19.14:323][  0]LogMeshUtilities: No automatic mesh reduction module available
[2016.01.26-19.19.14:324][  0]LogMeshUtilities: No automatic mesh merging module available
[2016.01.26-19.19.15:677][  0]UdpMessaging: Initializing bridge on interface 0.0.0.0:0 to multicast group 230.0.0.1:6666.
[2016.01.26-19.19.15:999][  0]LogAssetRegistry: FAssetRegistry took 0.0104 seconds to start up
[2016.01.26-19.19.16:318][  0]SourceControl: Info Source control is disabled
[2016.01.26-19.19.16:319][  0]SourceControl: Info Source control is disabled
[2016.01.26-19.19.16:338][  0]SourceControl: Info Source control is disabled
[2016.01.26-19.19.16:355][  0]SourceControl: Info Source control is disabled
[2016.01.26-19.19.16:543][  0]LogLinker:Warning: Asset '../../../Engine/Plugins/Runtime/LeapMotionController/Content/LM_PassthroughMaterial.uasset' has been saved with empty engine version. The asset will be loaded but may be incompatible.
[2016.01.26-19.19.16:651][  0]LogObj: 31792 objects as part of root set at end of initial load.
[2016.01.26-19.19.16:652][  0]LogUObjectAllocator: 7252992 out of 0 bytes used by permanent object pool.
[2016.01.26-19.19.16:729][  0]LogEngine: Initializing Engine...
[2016.01.26-19.19.16:733][  0]LogHMD: Can't find Oculus library dev build: is proper Runtime installed? Version: 0.7.0.0
[2016.01.26-19.19.16:735][  0]LogHMD: SteamVR failed to initialize.  Err: 110
[2016.01.26-19.19.16:881][  0]LogAIModule: Creating AISystem for world NewWorld
[2016.01.26-19.19.16:897][  0]LogInit: XAudio2 using 'Haut-parleurs (Realtek High Definition Audio)' : 2 channels at 48 kHz using 32 bits per sample (channel mask 0x3)
[2016.01.26-19.19.16:914][  0]LogInit: FAudioDevice initialized.
[2016.01.26-19.19.16:935][  0]LogDerivedDataCache: Saved boot cache 0.02s 42MB C:/Users/frederic/AppData/Local/UnrealEngine/4.9/DerivedDataCache/Boot.ddc.
[2016.01.26-19.19.16:941][  0]LogInit: Texture streaming: Enabled
[2016.01.26-19.19.16:956][  0]LogAnalytics: Creating configured Analytics provider AnalyticsET
[2016.01.26-19.19.16:957][  0]LogAnalytics: [UEEditor.Rocket.Release] APIServer = http://et2.epicgames.com/ET2/. AppVersion = 4.9.2-2707645+++depot+UE4-Releases+4.9
[2016.01.26-19.19.16:957][  0]LogAnalytics: [UEEditor.Rocket.Release] SetUserId c8da8d664a36a98701fe659c10ae4ff8|70626fa7f476448fb82ad9618fbbb1ab|00e7fb16-00c3-4af4-a2a1-2cc8013aae38
[2016.01.26-19.19.16:957][  0]LogAnalytics: [UEEditor.Rocket.Release] AnalyticsET::StartSession
[2016.01.26-19.19.16:975][  0]LogInit: Transaction tracking system initialized
[2016.01.26-19.19.17:069][  0]BlueprintLog: New page: Editor Load
[2016.01.26-19.19.17:406][  0]LocalizationService: Info Localization service is disabled
[2016.01.26-19.19.17:557][  0]LogLinker:Warning: Can't find file '/Game/ThirdPersonCPP/ThirdPersonOverview'
[2016.01.26-19.19.17:557][  0]LogLinker:Warning: Can't find file '/Game/ThirdPersonCPP/ThirdPersonOverview'
[2016.01.26-19.19.17:558][  0]LogUObjectGlobals:Warning: Failed to find object 'Class /Game/ThirdPersonCPP/ThirdPersonOverview.ThirdPersonOverview_C'
[2016.01.26-19.19.17:587][  0]LogConsoleResponse:Display: 
[2016.01.26-19.19.17:712][  0]LogCook:Display: Done creating registry. It took  0.00s.
[2016.01.26-19.19.17:843][  0]LogFileCache: Scanning file cache for directory 'C:/Users/frederic/Documents/Unreal Projects/LostAge/Content/' took 0.01s
[2016.01.26-19.19.17:861][  0]SourceControl: Info Source control is disabled
[2016.01.26-19.19.17:862][  0]Cmd: MAP LOAD FILE="../../../../../../Users/frederic/Documents/Unreal Projects/LostAge/Content/FirstPersonCPP/Maps/MainMenu.umap" TEMPLATE=0 SHOWPROGRESS=1 FEATURELEVEL=3
[2016.01.26-19.19.17:863][  0]LightingResults: New page: Lighting Build
[2016.01.26-19.19.17:868][  0]MapCheck: New page: Map Check
[2016.01.26-19.19.17:868][  0]LightingResults: New page: Lighting Build
[2016.01.26-19.19.17:879][  0]LogParticles: Destroying 0 GPU particle simulations for FXSystem 0x0000000021CB6160
[2016.01.26-19.19.17:884][  0]LogAIModule: Creating AISystem for world MainMenu
[2016.01.26-19.19.17:886][  0]LogEditorServer: Finished looking for orphan Actors (0.000 secs)
[2016.01.26-19.19.17:887][  0]Cmd: MAP CHECKDEP NOCLEARLOG
[2016.01.26-19.19.17:938][  0]MapCheck: Info Map check complete: 0 Error(s), 0 Warning(s), took 50.174ms to complete.
[2016.01.26-19.19.17:938][  0]LogFileHelpers: Loading map 'MainMenu' took 0.077
[2016.01.26-19.19.18:054][  0]LogCollectionManager: Loaded 0 collections in 0.002257 seconds
[2016.01.26-19.19.18:100][  0]LogFileCache: Scanning file cache for directory 'C:/Users/frederic/Documents/Unreal Projects/LostAge/Saved/Collections/' took 0.01s
[2016.01.26-19.19.18:100][  0]LogFileCache: Scanning file cache for directory 'C:/Users/frederic/Documents/Unreal Projects/LostAge/Content/Developers/frederic/Collections/' took 0.01s
[2016.01.26-19.19.18:101][  0]LogFileCache: Scanning file cache for directory 'C:/Users/frederic/Documents/Unreal Projects/LostAge/Content/Collections/' took 0.01s
[2016.01.26-19.19.18:101][  0]LogContentBrowser: Native class hierarchy populated in 0.0085 seconds. Added 1875 classes and 335 folders.
[2016.01.26-19.19.18:110][  0]LogCollectionManager: Rebuilt the GUID cache for 0 collections in 0.000004 seconds
[2016.01.26-19.19.18:124][  0]LogContentBrowser: Native class hierarchy updated for 'WidgetCarousel' in 0.0030 seconds. Added 0 classes and 0 folders.
[2016.01.26-19.19.18:183][  0]LogContentBrowser: Native class hierarchy updated for 'AddContentDialog' in 0.0018 seconds. Added 0 classes and 0 folders.
[2016.01.26-19.19.18:201][  0]LogContentBrowser: Native class hierarchy updated for 'SceneOutliner' in 0.0018 seconds. Added 1 classes and 2 folders.
[2016.01.26-19.19.18:233][  0]LogCrashTracker: Crashtracker disabled due to settings.
[2016.01.26-19.19.18:237][  0]LogUObjectGlobals:Warning: Failed to find object 'Class None.'
[2016.01.26-19.19.18:259][  0]LogLoad: Full Startup: 8.04 seconds (BP compile: 0.03 seconds)
[2016.01.26-19.19.18:331][  0]LogContentStreaming: Texture pool size now 1000 MB
[2016.01.26-19.19.18:458][  0]LogRenderer: Reallocating scene render targets to support 1208x556 (Frame:2).
[2016.01.26-19.19.18:647][  3]LogAssetRegistry: Asset discovery search completed in 2.6588 seconds
[2016.01.26-19.19.18:648][  3]LogCollectionManager: Rebuilt the object cache for 0 collections in 0.000001 seconds (found 0 objects)
[2016.01.26-19.19.18:648][  3]LogCollectionManager: Fixed up redirectors for 0 collections in 0.000376 seconds (updated 0 objects)
[2016.01.26-19.19.27:897][ 78]LogBlueprint:Error: [compiler GameModeBP] Error Missing Event 'ShowMainMenu' for  Event ShowMainMenu 
[2016.01.26-19.19.27:901][ 78]LogBlueprint:Warning: [compiler GameModeBP] Warning [0017.69] Compile of GameModeBP failed. 1 Fatal Issue(s) 0 Warning(s) [in 4 ms]
[2016.01.26-19.19.27:901][ 78]LogBlueprint:Warning: [compiler GameModeBP] Warning [0017.69] Compile of GameModeBP failed. 1 Fatal Issue(s) 1 Warning(s) [in 0 ms]
[2016.01.26-19.19.27:902][ 78]LogBlueprint:Warning: [compiler GameModeBP] Warning [0017.69] Compile of GameModeBP failed. 1 Fatal Issue(s) 2 Warning(s) [in 0 ms]
[2016.01.26-19.19.27:955][ 78]LogLinker:Warning: Asset '../../../Engine/Content/ArtTools/RenderToTexture/Macros/RenderToTextureMacros.uasset' has been saved with empty engine version. The asset will be loaded but may be incompatible.
[2016.01.26-19.19.28:510][ 78]LogContentBrowser: Native class hierarchy updated for 'BlueprintGraph' in 0.0029 seconds. Added 107 classes and 0 folders.
[2016.01.26-19.19.28:942][ 78]LogActor:Warning: GameNetworkManager /Engine/Transient.World_2:PersistentLevel.GameNetworkManager_0 has natively added scene component(s), but none of them were set as the actor's RootComponent - picking one arbitrarily
[2016.01.26-19.19.43:813][712]BlueprintLog: New page: Compile GameModeBP
[2016.01.26-19.19.43:855][712]LogActorComponent: UnregisterComponent: (/Engine/Transient.CharMoveComp) Not registered. Aborting.
[2016.01.26-19.19.43:891][712]BlueprintEditorCompileResults: Info [0033.68] Compile of GameModeBP successful! [in 77 ms]
[2016.01.26-19.19.55:426][ 70]LogActorComponent: UnregisterComponent: (/Engine/Transient.CharMoveComp) Not registered. Aborting.
[2016.01.26-19.19.55:447][ 70]LogParticles: Destroying 0 GPU particle simulations for FXSystem 0x00000000146A5E40
[2016.01.26-19.20.05:558][302]LogBlueprint:Error: [compiler PlayerControllerBP] Error Could not find a function named "LeaveServerRequested" in 'PlayerControllerBP'.
Make sure 'PlayerControllerBP' has been compiled for  Leave Server Requested 
[2016.01.26-19.20.05:559][302]LogBlueprint:Warning: [compiler PlayerControllerBP] Warning Can't connect pins  Object  and  Return Value : This cast has an invalid target type (was the class deleted without a redirect?).
[2016.01.26-19.20.05:559][302]LogBlueprint:Warning: [compiler PlayerControllerBP] Warning Can't connect pins  Return Value  and  Object : This cast has an invalid target type (was the class deleted without a redirect?).
[2016.01.26-19.20.05:559][302]LogBlueprint:Warning: [compiler PlayerControllerBP] Warning Can't connect pins  Return Value  and  Object : This cast has an invalid target type (was the class deleted without a redirect?).
[2016.01.26-19.20.05:560][302]LogBlueprint:Warning: [compiler PlayerControllerBP] Warning Can't connect pins  Object  and  Return Value : This cast has an invalid target type (was the class deleted without a redirect?).
[2016.01.26-19.20.05:561][302]LogBlueprint:Error: [compiler PlayerControllerBP] Error This blueprint (self) is not compatible with ' Target ', therefore that pin must have a connection.
[2016.01.26-19.20.05:565][302]LogBlueprint:Warning: [compiler PlayerControllerBP] Warning [0055.35] Compile of PlayerControllerBP failed. 2 Fatal Issue(s) 4 Warning(s) [in 8 ms]
[2016.01.26-19.20.05:565][302]LogBlueprint:Warning: [compiler PlayerControllerBP] Warning [0055.35] Compile of PlayerControllerBP failed. 2 Fatal Issue(s) 5 Warning(s) [in 0 ms]
[2016.01.26-19.20.05:565][302]LogBlueprint:Warning: [compiler PlayerControllerBP] Warning [0055.35] Compile of PlayerControllerBP failed. 2 Fatal Issue(s) 6 Warning(s) [in 0 ms]
[2016.01.26-19.20.32:731][342]LogActorComponent: UnregisterComponent: (/Engine/Transient.CharMoveComp) Not registered. Aborting.
[2016.01.26-19.20.32:753][342]LogParticles: Destroying 0 GPU particle simulations for FXSystem 0x0000000017D14900
[2016.01.26-19.20.32:755][342]LogParticles: Destroying 0 GPU particle simulations for FXSystem 0x0000000051689B20
[2016.01.26-19.21.02:389][716]LogActorComponent: UnregisterComponent: (/Engine/Transient.CharMoveComp) Not registered. Aborting.
[2016.01.26-19.21.02:792][717]Cmd: QUIT_EDITOR
[2016.01.26-19.21.03:062][717]LogExit: Preparing to exit.
[2016.01.26-19.21.03:734][717]LogActorComponent: UnregisterComponent: (None.None) Not registered. Aborting.
[2016.01.26-19.21.03:734][717]LogActorComponent: UnregisterComponent: (None.None) Not registered. Aborting.
[2016.01.26-19.21.03:734][717]LogActorComponent: UnregisterComponent: (None.None) Not registered. Aborting.
[2016.01.26-19.21.03:735][717]LogActorComponent: UnregisterComponent: (None.None) Not registered. Aborting.
[2016.01.26-19.21.03:735][717]LogActorComponent: UnregisterComponent: (None.None) Not registered. Aborting.
[2016.01.26-19.21.03:735][717]LogActorComponent: UnregisterComponent: (None.None) Not registered. Aborting.
[2016.01.26-19.21.03:736][717]LogActorComponent: UnregisterComponent: (None.None) Not registered. Aborting.
[2016.01.26-19.21.03:736][717]LogActorComponent: UnregisterComponent: (None.None) Not registered. Aborting.
[2016.01.26-19.21.03:736][717]LogActorComponent: UnregisterComponent: (None.None) Not registered. Aborting.
[2016.01.26-19.21.03:737][717]LogActorComponent: UnregisterComponent: (None.None) Not registered. Aborting.
[2016.01.26-19.21.03:737][717]LogActorComponent: UnregisterComponent: (None.None) Not registered. Aborting.
[2016.01.26-19.21.03:737][717]LogActorComponent: UnregisterComponent: (None.None) Not registered. Aborting.
[2016.01.26-19.21.03:766][717]LogParticles: Destroying 0 GPU particle simulations for FXSystem 0x0000000010552160
[2016.01.26-19.21.03:767][717]LogParticles: Destroying 0 GPU particle simulations for FXSystem 0x00000000109AB880
[2016.01.26-19.21.03:769][717]LogExit: Editor shut down
[2016.01.26-19.21.03:772][717]LogExit: Transaction tracking system shut down
[2016.01.26-19.21.03:774][717]LogParticles: Destroying 0 GPU particle simulations for FXSystem 0x000000000EFC3240
[2016.01.26-19.21.03:944][717]LogExit: Object subsystem successfully closed.
[2016.01.26-19.21.03:961][717]LogD3D11RHI: Shutdown
[2016.01.26-19.21.03:961][717]LogD3D11RHI: CleanupD3DDevice
[2016.01.26-19.21.04:189][717]LogD3D11RHI: ~FD3D11DynamicRHI
[2016.01.26-19.21.04:207][717]LogModuleManager: Shutting down and abandoning module ExternalImagePicker (202)
[2016.01.26-19.21.04:207][717]LogModuleManager: Shutting down and abandoning module BlueprintGraph (201)
[2016.01.26-19.21.04:208][717]LogModuleManager: Shutting down and abandoning module CrashTracker (200)
[2016.01.26-19.21.04:208][717]LogModuleManager: Shutting down and abandoning module SceneOutliner (199)
[2016.01.26-19.21.04:208][717]LogModuleManager: Shutting down and abandoning module SuperSearch (198)
[2016.01.26-19.21.04:208][717]LogModuleManager: Shutting down and abandoning module WidgetCarousel (197)
[2016.01.26-19.21.04:209][717]LogModuleManager: Shutting down and abandoning module AddContentDialog (196)
[2016.01.26-19.21.04:210][717]LogModuleManager: Shutting down and abandoning module EditorWidgets (195)
[2016.01.26-19.21.04:210][717]LogModuleManager: Shutting down and abandoning module CollectionManager (194)
[2016.01.26-19.21.04:211][717]LogModuleManager: Shutting down and abandoning module StatsViewer (193)
[2016.01.26-19.21.04:211][717]LogModuleManager: Shutting down and abandoning module FoliageEdit (192)
[2016.01.26-19.21.04:211][717]LogModuleManager: Shutting down and abandoning module LandscapeEditor (191)
[2016.01.26-19.21.04:212][717]LogModuleManager: Shutting down and abandoning module ActorPickerMode (190)
[2016.01.26-19.21.04:212][717]LogModuleManager: Shutting down and abandoning module GeometryMode (189)
[2016.01.26-19.21.04:212][717]LogModuleManager: Shutting down and abandoning module TextureAlignMode (188)
[2016.01.26-19.21.04:212][717]LogModuleManager: Shutting down and abandoning module BspMode (187)
[2016.01.26-19.21.04:213][717]LogModuleManager: Shutting down and abandoning module PlacementMode (186)
[2016.01.26-19.21.04:213][717]LogModuleManager: Shutting down and abandoning module AutomationWorker (185)
[2016.01.26-19.21.04:213][717]LogModuleManager: Shutting down and abandoning module CharacterAI (184)
[2016.01.26-19.21.04:213][717]LogModuleManager: Shutting down and abandoning module SmartSnapping (183)
[2016.01.26-19.21.04:214][717]LogModuleManager: Shutting down and abandoning module ViewportSnapping (182)
[2016.01.26-19.21.04:214][717]LogModuleManager: Shutting down and abandoning module LogVisualizer (181)
[2016.01.26-19.21.04:214][717]LogModuleManager: Shutting down and abandoning module GameProjectGeneration (180)
[2016.01.26-19.21.04:215][717]LogModuleManager: Shutting down and abandoning module IntroTutorials (179)
[2016.01.26-19.21.04:215][717]LogModuleManager: Shutting down and abandoning module EditorLiveStreaming (178)
[2016.01.26-19.21.04:215][717]LogModuleManager: Shutting down and abandoning module IOSPlatformEditor (177)
[2016.01.26-19.21.04:216][717]LogModuleManager: Shutting down and abandoning module HTML5PlatformEditor (176)
[2016.01.26-19.21.04:216][717]LogModuleManager: Shutting down and abandoning module AndroidDeviceDetection (175)
[2016.01.26-19.21.04:505][717]LogModuleManager: Shutting down and abandoning module AndroidPlatformEditor (174)
[2016.01.26-19.21.04:505][717]LogModuleManager: Shutting down and abandoning module IOSRuntimeSettings (173)
[2016.01.26-19.21.04:505][717]LogModuleManager: Shutting down and abandoning module AndroidRuntimeSettings (172)
[2016.01.26-19.21.04:506][717]LogModuleManager: Shutting down and abandoning module MergeActors (171)
[2016.01.26-19.21.04:506][717]LogModuleManager: Shutting down and abandoning module SizeMap (170)
[2016.01.26-19.21.04:506][717]LogModuleManager: Shutting down and abandoning module TreeMap (169)
[2016.01.26-19.21.04:507][717]LogModuleManager: Shutting down and abandoning module ReferenceViewer (168)
[2016.01.26-19.21.04:507][717]LogModuleManager: Shutting down and abandoning module LocalizationService (167)
[2016.01.26-19.21.04:507][717]LogModuleManager: Shutting down and abandoning module LocalizationDashboard (166)
[2016.01.26-19.21.04:507][717]LogModuleManager: Shutting down and abandoning module HardwareTargeting (165)
[2016.01.26-19.21.04:508][717]LogModuleManager: Shutting down and abandoning module DeviceProfileEditor (164)
[2016.01.26-19.21.04:508][717]LogModuleManager: Shutting down and abandoning module UndoHistory (163)
[2016.01.26-19.21.04:508][717]LogModuleManager: Shutting down and abandoning module GameplayTagsEditor (162)
[2016.01.26-19.21.04:508][717]LogModuleManager: Shutting down and abandoning module UserFeedback (161)
[2016.01.26-19.21.04:508][717]LogModuleManager: Shutting down and abandoning module XmlParser (160)
[2016.01.26-19.21.04:509][717]LogModuleManager: Shutting down and abandoning module Blutility (159)
[2016.01.26-19.21.04:509][717]LogModuleManager: Shutting down and abandoning module ProjectTargetPlatformEditor (158)
[2016.01.26-19.21.04:509][717]LogModuleManager: Shutting down and abandoning module ProjectSettingsViewer (157)
[2016.01.26-19.21.04:510][717]LogModuleManager: Shutting down and abandoning module InputBindingEditor (156)
[2016.01.26-19.21.04:510][717]LogModuleManager: Shutting down and abandoning module EditorSettingsViewer (155)
[2016.01.26-19.21.04:510][717]LogModuleManager: Shutting down and abandoning module SettingsEditor (154)
[2016.01.26-19.21.04:511][717]LogModuleManager: Shutting down and abandoning module ProjectLauncher (153)
[2016.01.26-19.21.04:511][717]LogModuleManager: Shutting down and abandoning module SessionFrontend (152)
[2016.01.26-19.21.04:511][717]LogModuleManager: Shutting down and abandoning module ProfilerClient (151)
[2016.01.26-19.21.04:511][717]LogModuleManager: Shutting down and abandoning module TargetDeviceServices (150)
[2016.01.26-19.21.04:512][717]LogModuleManager: Shutting down and abandoning module DeviceManager (149)
[2016.01.26-19.21.04:512][717]LogModuleManager: Shutting down and abandoning module AutomationController (148)
[2016.01.26-19.21.04:512][717]LogModuleManager: Shutting down and abandoning module AutomationWindow (147)
[2016.01.26-19.21.04:513][717]LogModuleManager: Shutting down and abandoning module Layers (146)
[2016.01.26-19.21.04:513][717]LogModuleManager: Shutting down and abandoning module ComponentVisualizers (145)
[2016.01.26-19.21.04:513][717]LogModuleManager: Shutting down and abandoning module DetailCustomizations (144)
[2016.01.26-19.21.04:514][717]LogModuleManager: Shutting down and abandoning module PackagesDialog (143)
[2016.01.26-19.21.04:514][717]LogModuleManager: Shutting down and abandoning module Persona (142)
[2016.01.26-19.21.04:514][717]LogModuleManager: Shutting down and abandoning module Kismet (141)
[2016.01.26-19.21.04:514][717]LogModuleManager: Shutting down and abandoning module GraphEditor (140)
[2016.01.26-19.21.04:515][717]LogModuleManager: Shutting down and abandoning module ClassViewer (139)
[2016.01.26-19.21.04:515][717]LogModuleManager: Shutting down and abandoning module Toolbox (138)
[2016.01.26-19.21.04:515][717]LogModuleManager: Shutting down and abandoning module ModuleUI (137)
[2016.01.26-19.21.04:515][717]LogModuleManager: Shutting down and abandoning module MovieSceneTools (136)
[2016.01.26-19.21.04:516][717]LogModuleManager: Shutting down and abandoning module OutputLog (135)
[2016.01.26-19.21.04:516][717]LogModuleManager: Shutting down and abandoning module GammaUI (134)
[2016.01.26-19.21.04:516][717]LogModuleManager: Shutting down and abandoning module Documentation (133)
[2016.01.26-19.21.04:516][717]LogModuleManager: Shutting down and abandoning module GameLiveStreaming (132)
[2016.01.26-19.21.04:517][717]LogModuleManager: Shutting down and abandoning module StreamingPauseRendering (131)
[2016.01.26-19.21.04:517][717]LogModuleManager: Shutting down and abandoning module AnalyticsET (130)
[2016.01.26-19.21.04:517][717]LogModuleManager: Shutting down and abandoning module Analytics (129)
[2016.01.26-19.21.04:517][717]LogModuleManager: Shutting down and abandoning module AITestSuite (128)
[2016.01.26-19.21.04:518][717]LogModuleManager: Shutting down and abandoning module GameplayDebugger (127)
[2016.01.26-19.21.04:518][717]LogModuleManager: Shutting down and abandoning module AIModule (126)
[2016.01.26-19.21.04:518][717]LogModuleManager: Shutting down and abandoning module ProfilerService (125)
[2016.01.26-19.21.04:706][717]LogModuleManager: Shutting down and abandoning module TaskGraph (124)
[2016.01.26-19.21.04:706][717]LogModuleManager: Shutting down and abandoning module SlateRemote (123)
[2016.01.26-19.21.04:706][717]LogModuleManager: Shutting down and abandoning module SteamVRController (122)
[2016.01.26-19.21.04:707][717]LogModuleManager: Shutting down and abandoning module SteamVR (121)
[2016.01.26-19.21.04:707][717]LogModuleManager: Shutting down and abandoning module ProceduralMeshComponent (120)
[2016.01.26-19.21.04:707][717]LogModuleManager: Shutting down and abandoning module OculusRift (119)
[2016.01.26-19.21.04:707][717]LogModuleManager: Shutting down and abandoning module OculusLibrary (118)
[2016.01.26-19.21.04:708][717]LogModuleManager: Shutting down and abandoning module LeapMotionController (117)
[2016.01.26-19.21.04:720][717]LogModuleManager: Shutting down and abandoning module CustomMeshComponent (116)
[2016.01.26-19.21.04:720][717]LogModuleManager: Shutting down and abandoning module CableComponent (115)
[2016.01.26-19.21.04:720][717]LogModuleManager: Shutting down and abandoning module ArchVisCharacter (114)
[2016.01.26-19.21.04:720][717]LogModuleManager: Shutting down and abandoning module MessagingDebugger (113)
[2016.01.26-19.21.04:721][717]LogModuleManager: Shutting down and abandoning module MediaPlayerEditor (112)
[2016.01.26-19.21.04:721][717]LogModuleManager: Shutting down and abandoning module HTML5Networking (111)
[2016.01.26-19.21.04:721][717]LogModuleManager: Shutting down and abandoning module SpeedTreeImporter (110)
[2016.01.26-19.21.04:722][717]LogModuleManager: Shutting down and abandoning module PluginBrowser (109)
[2016.01.26-19.21.04:722][717]LogModuleManager: Shutting down and abandoning module EpicSurvey (108)
[2016.01.26-19.21.04:722][717]LogModuleManager: Shutting down and abandoning module DesktopPlatform (107)
[2016.01.26-19.21.04:722][717]LogModuleManager: Shutting down and abandoning module VisualStudioSourceCodeAccess (106)
[2016.01.26-19.21.04:723][717]LogModuleManager: Shutting down and abandoning module UObjectPlugin (105)
[2016.01.26-19.21.04:723][717]LogModuleManager: Shutting down and abandoning module SubversionSourceControl (104)
[2016.01.26-19.21.04:723][717]LogModuleManager: Shutting down and abandoning module PerforceSourceControl (103)
[2016.01.26-19.21.04:723][717]LogModuleManager: Shutting down and abandoning module SourceControl (102)
[2016.01.26-19.21.04:724][717]LogModuleManager: Shutting down and abandoning module GitSourceControl (101)
[2016.01.26-19.21.04:724][717]LogModuleManager: Shutting down and abandoning module LightPropagationVolumeEditor (100)
[2016.01.26-19.21.04:724][717]LogModuleManager: Shutting down and abandoning module PaperTiledImporter (99)
[2016.01.26-19.21.04:725][717]LogModuleManager: Shutting down and abandoning module PaperSpriteSheetImporter (98)
[2016.01.26-19.21.04:725][717]LogModuleManager: Shutting down and abandoning module MeshPaint (97)
[2016.01.26-19.21.04:725][717]LogModuleManager: Shutting down and abandoning module SlateReflector (96)
[2016.01.26-19.21.04:725][717]LogModuleManager: Shutting down and abandoning module HotReload (95)
[2016.01.26-19.21.04:726][717]LogModuleManager: Shutting down and abandoning module MainFrame (94)
[2016.01.26-19.21.04:726][717]LogModuleManager: Shutting down and abandoning module LevelEditor (93)
[2016.01.26-19.21.04:727][717]LogModuleManager: Shutting down and abandoning module DirectoryWatcher (92)
[2016.01.26-19.21.04:728][717]LogModuleManager: Shutting down and abandoning module AssetRegistry (91)
[2016.01.26-19.21.04:778][717]LogModuleManager: Shutting down and abandoning module ContentBrowser (90)
[2016.01.26-19.21.04:779][717]LogModuleManager: Shutting down and abandoning module Paper2DEditor (89)
[2016.01.26-19.21.04:780][717]LogModuleManager: Shutting down and abandoning module LostAge (88)
[2016.01.26-19.21.04:780][717]LogModuleManager: Shutting down and abandoning module UdpMessaging (87)
[2016.01.26-19.21.04:880][717]LogModuleManager: Shutting down and abandoning module LightPropagationVolumeRuntime (86)
[2016.01.26-19.21.04:880][717]LogModuleManager: Shutting down and abandoning module Paper2D (85)
[2016.01.26-19.21.04:880][717]LogModuleManager: Shutting down and abandoning module WindowsMoviePlayer (84)
[2016.01.26-19.21.04:883][717]LogModuleManager: Shutting down and abandoning module Media (83)
[2016.01.26-19.21.04:884][717]LogModuleManager: Shutting down and abandoning module WmfMedia (82)
[2016.01.26-19.21.04:885][717]LogModuleManager: Shutting down and abandoning module OnlineBlueprintSupport (81)
[2016.01.26-19.21.04:885][717]LogModuleManager: Shutting down and abandoning module GameplayTasksEditor (80)
[2016.01.26-19.21.04:886][717]LogModuleManager: Shutting down and abandoning module PropertyEditor (79)
[2016.01.26-19.21.04:886][717]LogModuleManager: Shutting down and abandoning module BehaviorTreeEditor (78)
[2016.01.26-19.21.04:886][717]LogModuleManager: Shutting down and abandoning module FunctionalTesting (77)
[2016.01.26-19.21.04:887][717]LogModuleManager: Shutting down and abandoning module CollisionAnalyzer (76)
[2016.01.26-19.21.04:887][717]LogModuleManager: Shutting down and abandoning module WorkspaceMenuStructure (75)
[2016.01.26-19.21.04:887][717]LogModuleManager: Shutting down and abandoning module MessageLog (74)
[2016.01.26-19.21.04:887][717]LogModuleManager: Shutting down and abandoning module Sequencer (73)
[2016.01.26-19.21.04:888][717]LogModuleManager: Shutting down and abandoning module AssetTools (72)
[2016.01.26-19.21.04:888][717]LogModuleManager: Shutting down and abandoning module UMGEditor (71)
[2016.01.26-19.21.04:888][717]LogModuleManager: Shutting down and abandoning module UMG (70)
[2016.01.26-19.21.04:888][717]LogModuleManager: Shutting down and abandoning module Slate (69)
[2016.01.26-19.21.04:889][717]LogModuleManager: Shutting down and abandoning module EditorStyle (68)
[2016.01.26-19.21.04:891][717]LogModuleManager: Shutting down and abandoning module SessionServices (67)
[2016.01.26-19.21.04:891][717]LogModuleManager: Shutting down and abandoning module SourceCodeAccess (66)
[2016.01.26-19.21.04:891][717]LogModuleManager: Shutting down and abandoning module HeadMountedDisplay (65)
[2016.01.26-19.21.04:892][717]LogModuleManager: Shutting down and abandoning module XAudio2 (64)
[2016.01.26-19.21.04:892][717]LogModuleManager: Shutting down and abandoning module Networking (63)
[2016.01.26-19.21.04:892][717]LogModuleManager: Shutting down and abandoning module Core (62)
[2016.01.26-19.21.04:893][717]LogModuleManager: Shutting down and abandoning module KismetCompiler (61)
[2016.01.26-19.21.04:893][717]LogModuleManager: Shutting down and abandoning module PhysXFormats (60)
[2016.01.26-19.21.04:893][717]LogModuleManager: Shutting down and abandoning module MeshUtilities (59)
[2016.01.26-19.21.04:893][717]LogModuleManager: Shutting down and abandoning module CookingStats (58)
[2016.01.26-19.21.04:894][717]LogModuleManager: Shutting down and abandoning module DerivedDataCache (57)
[2016.01.26-19.21.05:064][717]LogDerivedDataCache: Shutdown
[2016.01.26-19.21.05:064][717]LogModuleManager: Shutting down and abandoning module ShaderFormatOpenGL (56)
[2016.01.26-19.21.05:065][717]LogModuleManager: Shutting down and abandoning module ShaderFormatD3D (55)
[2016.01.26-19.21.05:065][717]LogModuleManager: Shutting down and abandoning module MetalShaderFormat (54)
[2016.01.26-19.21.05:065][717]LogModuleManager: Shutting down and abandoning module TextureFormatUncompressed (53)
[2016.01.26-19.21.05:066][717]LogModuleManager: Shutting down and abandoning module TextureFormatPVR (52)
[2016.01.26-19.21.05:066][717]LogModuleManager: Shutting down and abandoning module TextureFormatIntelISPCTexComp (51)
[2016.01.26-19.21.05:066][717]LogModuleManager: Shutting down and abandoning module TextureFormatDXT (50)
[2016.01.26-19.21.05:066][717]LogModuleManager: Shutting down and abandoning module ImageWrapper (49)
[2016.01.26-19.21.05:066][717]LogModuleManager: Shutting down and abandoning module TextureFormatASTC (48)
[2016.01.26-19.21.05:067][717]LogModuleManager: Shutting down and abandoning module TextureFormatAndroid (47)
[2016.01.26-19.21.05:067][717]LogModuleManager: Shutting down and abandoning module AudioFormatOpus (46)
[2016.01.26-19.21.05:067][717]LogModuleManager: Shutting down and abandoning module AudioFormatOgg (45)
[2016.01.26-19.21.05:067][717]LogModuleManager: Shutting down and abandoning module AudioFormatADPCM (44)
[2016.01.26-19.21.05:068][717]LogModuleManager: Shutting down and abandoning module LinuxTargetPlatform (43)
[2016.01.26-19.21.05:068][717]LogModuleManager: Shutting down and abandoning module LinuxServerTargetPlatform (42)
[2016.01.26-19.21.05:068][717]LogModuleManager: Shutting down and abandoning module LinuxNoEditorTargetPlatform (41)
[2016.01.26-19.21.05:068][717]LogModuleManager: Shutting down and abandoning module Messaging (40)
[2016.01.26-19.21.05:068][717]LogModuleManager: Shutting down and abandoning module IOSTargetPlatform (39)
[2016.01.26-19.21.05:069][717]LogModuleManager: Shutting down and abandoning module HTML5TargetPlatform (38)
[2016.01.26-19.21.05:069][717]LogModuleManager: Shutting down and abandoning module Android_PVRTCTargetPlatform (37)
[2016.01.26-19.21.05:069][717]LogModuleManager: Shutting down and abandoning module Android_ETC2TargetPlatform (36)
[2016.01.26-19.21.05:069][717]LogModuleManager: Shutting down and abandoning module Android_ETC1TargetPlatform (35)
[2016.01.26-19.21.05:070][717]LogModuleManager: Shutting down and abandoning module Android_DXTTargetPlatform (34)
[2016.01.26-19.21.05:070][717]LogModuleManager: Shutting down and abandoning module Android_ATCTargetPlatform (33)
[2016.01.26-19.21.05:070][717]LogModuleManager: Shutting down and abandoning module Android_ASTCTargetPlatform (32)
[2016.01.26-19.21.05:071][717]LogModuleManager: Shutting down and abandoning module AndroidTargetPlatform (31)
[2016.01.26-19.21.05:071][717]LogModuleManager: Shutting down and abandoning module WindowsTargetPlatform (30)
[2016.01.26-19.21.05:071][717]LogModuleManager: Shutting down and abandoning module WindowsServerTargetPlatform (29)
[2016.01.26-19.21.05:071][717]LogModuleManager: Shutting down and abandoning module WindowsNoEditorTargetPlatform (28)
[2016.01.26-19.21.05:072][717]LogModuleManager: Shutting down and abandoning module WindowsClientTargetPlatform (27)
[2016.01.26-19.21.05:072][717]LogModuleManager: Shutting down and abandoning module AllDesktopTargetPlatform (26)
[2016.01.26-19.21.05:072][717]LogModuleManager: Shutting down and abandoning module TargetPlatform (25)
[2016.01.26-19.21.05:072][717]LogModuleManager: Shutting down and abandoning module InputCore (24)
[2016.01.26-19.21.05:073][717]LogModuleManager: Shutting down and abandoning module Settings (23)
[2016.01.26-19.21.05:073][717]LogModuleManager: Shutting down and abandoning module Voice (21)
[2016.01.26-19.21.05:073][717]LogModuleManager: Shutting down and abandoning module OnlineSubsystem (18)
[2016.01.26-19.21.05:073][717]LogOnline:Display: NULL: FOnlineSubsystemNull::Shutdown()
[2016.01.26-19.21.05:074][717]LogOnline:Display: Unloading online subsystem: Null
[2016.01.26-19.21.05:075][717]LogModuleManager: Shutting down and abandoning module HTTP (17)
[2016.01.26-19.21.06:076][717]LogModuleManager: Shutting down and abandoning module XMPP (16)
[2016.01.26-19.21.06:076][717]LogModuleManager: Shutting down and abandoning module ExampleDeviceProfileSelector (15)
[2016.01.26-19.21.06:077][717]LogModuleManager: Shutting down and abandoning module TextureCompressor (14)
[2016.01.26-19.21.06:077][717]LogModuleManager: Shutting down and abandoning module ShaderCore (13)
[2016.01.26-19.21.06:078][717]LogModuleManager: Shutting down and abandoning module Landscape (12)
[2016.01.26-19.21.06:078][717]LogModuleManager: Shutting down and abandoning module SlateRHIRenderer (11)
[2016.01.26-19.21.06:080][717]LogModuleManager: Shutting down and abandoning module OpenGLDrv (10)
[2016.01.26-19.21.06:080][717]LogModuleManager: Shutting down and abandoning module D3D11RHI (9)
[2016.01.26-19.21.06:080][717]LogModuleManager: Shutting down and abandoning module AnimGraphRuntime (8)
[2016.01.26-19.21.06:081][717]LogModuleManager: Shutting down and abandoning module Renderer (7)
[2016.01.26-19.21.06:081][717]LogModuleManager: Shutting down and abandoning module Engine (6)
[2016.01.26-19.21.06:081][717]LogModuleManager: Shutting down and abandoning module CoreUObject (5)
[2016.01.26-19.21.06:082][717]LogModuleManager: Shutting down and abandoning module NetworkFile (4)
[2016.01.26-19.21.06:082][717]LogModuleManager: Shutting down and abandoning module StreamingFile (3)
[2016.01.26-19.21.06:082][717]LogModuleManager: Shutting down and abandoning module SandboxFile (2)
[2016.01.26-19.21.06:082][717]LogModuleManager: Shutting down and abandoning module PakFile (1)
[2016.01.26-19.21.06:086][717]LogExit: Exiting.
[2016.01.26-19.21.06:087][717]Log file closed, 01/26/16 14:21:06
