[2016.01.26-19.22.47:384][  0]Log file open, 01/26/16 14:22:47
[2016.01.26-19.22.47:384][  0]LogInit:Display: Running engine for game: LostAge
[2016.01.26-19.22.47:384][  0]LogInit:Display: RandInit(-313946855) SRandInit(-313946855).
[2016.01.26-19.22.47:384][  0]LogTaskGraph: Started task graph with 4 named threads and 7 total threads.
[2016.01.26-19.22.47:385][  0]LogStats: Stats thread started at 0.258910
[2016.01.26-19.22.47:385][  0]LogInit: Version: 4.9.2-2707645+++depot+UE4-Releases+4.9
[2016.01.26-19.22.47:385][  0]LogInit: API Version: 2672455
[2016.01.26-19.22.47:385][  0]LogInit: Compiled (64-bit): Sep 28 2015 10:25:44
[2016.01.26-19.22.47:386][  0]LogInit: Compiled with Visual C++: 18.00.21005.01
[2016.01.26-19.22.47:386][  0]LogInit: Build Configuration: DebugGame
[2016.01.26-19.22.47:386][  0]LogInit: Branch Name: ++depot+UE4-Releases+4.9
[2016.01.26-19.22.47:387][  0]LogInit: Command line:  -debug
[2016.01.26-19.22.47:387][  0]LogInit: Base directory: C:/Program Files/Epic Games/4.9/Engine/Binaries/Win64/
[2016.01.26-19.22.47:387][  0]LogInit: Rocket: 1
[2016.01.26-19.22.47:417][  0]LogInit: Using libcurl 7.41.0
[2016.01.26-19.22.47:417][  0]LogInit:  - built for x86_64-pc-win32
[2016.01.26-19.22.47:418][  0]LogInit:  - supports SSL with WinSSL
[2016.01.26-19.22.47:418][  0]LogInit:  - other features:
[2016.01.26-19.22.47:418][  0]LogInit:      CURL_VERSION_SSL
[2016.01.26-19.22.47:418][  0]LogInit:      CURL_VERSION_IPV6
[2016.01.26-19.22.47:418][  0]LogInit:      CURL_VERSION_ASYNCHDNS
[2016.01.26-19.22.47:419][  0]LogInit:      CURL_VERSION_LARGEFILE
[2016.01.26-19.22.47:419][  0]LogInit:      CURL_VERSION_IDN
[2016.01.26-19.22.47:419][  0]LogInit:  CurlRequestOptions (configurable via config and command line):
[2016.01.26-19.22.47:419][  0]LogInit:  - bVerifyPeer = true  - Libcurl will verify peer certificate
[2016.01.26-19.22.47:420][  0]LogInit:  - bUseHttpProxy = false  - Libcurl will NOT use HTTP proxy
[2016.01.26-19.22.47:420][  0]LogInit:  - bDontReuseConnections = false  - Libcurl will reuse connections
[2016.01.26-19.22.47:420][  0]LogInit:  - CertBundlePath = nullptr  - Libcurl will use whatever was configured at build time.
[2016.01.26-19.22.47:492][  0]LogInit: WinSock: version 1.1 (2.2), MaxSocks=32767, MaxUdp=65467
[2016.01.26-19.22.47:507][  0]LogVoice:Warning: Failed to initialize voice interface
[2016.01.26-19.22.47:515][  0]LogInit: Presizing for 0 objects not considered by GC, pre-allocating 0 bytes.
[2016.01.26-19.22.47:525][  0]LogInit: Object subsystem initialized
[2016.01.26-19.22.47:527][  0]LogInit: Selected Device Profile: [Windows]
[2016.01.26-19.22.47:528][  0]LogInit: Applying CVar settings loaded from the selected device profile: [Windows]
[2016.01.26-19.22.47:535][  0]LogInit: Computer: FREDERIC-PC
[2016.01.26-19.22.47:536][  0]LogInit: User: frederic
[2016.01.26-19.22.47:536][  0]LogInit: CPU Page size=4096, Cores=4
[2016.01.26-19.22.47:537][  0]LogInit: High frequency timer resolution =3.331240 MHz
[2016.01.26-19.22.47:537][  0]LogMemory: Memory total: Physical=15.9GB (16GB approx)
[2016.01.26-19.22.47:537][  0]LogMemory: Platform Memory Stats for Windows
[2016.01.26-19.22.47:538][  0]LogMemory: Process Physical Memory: 54.81 MB used, 54.81 MB peak
[2016.01.26-19.22.47:538][  0]LogMemory: Process Virtual Memory: 55.73 MB used, 55.73 MB peak
[2016.01.26-19.22.47:538][  0]LogMemory: Physical Memory: 5345.49 MB used, 16288.39 MB total
[2016.01.26-19.22.47:538][  0]LogMemory: Virtual Memory: 337.63 MB used, 8388608.00 MB total
[2016.01.26-19.22.47:623][  0]LogTextLocalizationManager: No translations for ('fr-CA') exist, falling back to 'en' for localization and internationalization data.
[2016.01.26-19.22.48:485][  0]LogD3D11RHI: Found D3D11 adapter 0: NVIDIA GeForce GTX 970 (Feature Level 11_0)
[2016.01.26-19.22.48:485][  0]LogD3D11RHI: Adapter has 4008MB of dedicated video memory, 0MB of dedicated system memory, and 7888MB of shared system memory, 1 output[s]
[2016.01.26-19.22.48:494][  0]LogD3D11RHI: Found D3D11 adapter 1: Intel(R) HD Graphics 3000 (Feature Level 10_0)
[2016.01.26-19.22.48:494][  0]LogD3D11RHI: Adapter has 64MB of dedicated video memory, 0MB of dedicated system memory, and 1632MB of shared system memory, 0 output[s]
[2016.01.26-19.22.48:495][  0]LogD3D11RHI: Chosen D3D11 Adapter Id = 0
[2016.01.26-19.22.48:499][  0]LogD3D11RHI: !Direct3DDevice
[2016.01.26-19.22.48:500][  0]LogRHI: Texture pool is 1361 MB (70% of 1945 MB)
[2016.01.26-19.22.48:549][  0]LogD3D11RHI: Async texture creation enabled
[2016.01.26-19.22.48:564][  0]LogShaderCompilers: Guid format shader working directory is 15 characters bigger than the processId version (../../../../../../Users/frederic/Documents/Unreal Projects/LostAge/Intermediate/Shaders/WorkingDirectory/3276/).
[2016.01.26-19.22.48:565][  0]LogShaderCompilers: Cleaned the shader compiler working directory '../../../../../../Users/frederic/Documents/Unreal Projects/LostAge/Intermediate/Shaders/tmp/9A3018114CB58D2A0C862DA52741C6FA/'.
[2016.01.26-19.22.48:565][  0]LogShaderCompilers:Display: Using Local Shader Compiler.
[2016.01.26-19.22.49:868][  0]LogTemp:Display: Loaded TP AllDesktopTargetPlatform
[2016.01.26-19.22.49:884][  0]LogTemp:Display: Loaded TP WindowsClientTargetPlatform
[2016.01.26-19.22.49:899][  0]LogTemp:Display: Loaded TP WindowsNoEditorTargetPlatform
[2016.01.26-19.22.49:916][  0]LogTemp:Display: Loaded TP WindowsServerTargetPlatform
[2016.01.26-19.22.49:942][  0]LogTemp:Display: Loaded TP WindowsTargetPlatform
[2016.01.26-19.22.49:951][  0]LogTemp:Display: Loaded TP AndroidTargetPlatform
[2016.01.26-19.22.49:958][  0]LogTemp:Display: Loaded TP Android_ASTCTargetPlatform
[2016.01.26-19.22.49:967][  0]LogTemp:Display: Loaded TP Android_ATCTargetPlatform
[2016.01.26-19.22.49:975][  0]LogTemp:Display: Loaded TP Android_DXTTargetPlatform
[2016.01.26-19.22.49:985][  0]LogTemp:Display: Loaded TP Android_ETC1TargetPlatform
[2016.01.26-19.22.49:994][  0]LogTemp:Display: Loaded TP Android_ETC2TargetPlatform
[2016.01.26-19.22.50:004][  0]LogTemp:Display: Loaded TP Android_PVRTCTargetPlatform
[2016.01.26-19.22.50:007][  0]LogTemp:Display: Loaded TP HTML5TargetPlatform
[2016.01.26-19.22.50:040][  0]LogTemp:Display: Loaded TP IOSTargetPlatform
[2016.01.26-19.22.50:048][  0]LogTemp:Display: Loaded TP LinuxNoEditorTargetPlatform
[2016.01.26-19.22.50:055][  0]LogTemp:Display: Loaded TP LinuxServerTargetPlatform
[2016.01.26-19.22.50:063][  0]LogTemp:Display: Loaded TP LinuxTargetPlatform
[2016.01.26-19.22.50:063][  0]LogTargetPlatformManager:Display: Building Assets For Windows
[2016.01.26-19.22.50:288][  0]LogDerivedDataCache:Display: Max Cache Size: 512 MB
[2016.01.26-19.22.50:337][  0]LogDerivedDataCache: Loaded boot cache 0.05s 42MB C:/Users/frederic/AppData/Local/UnrealEngine/4.9/DerivedDataCache/Boot.ddc.
[2016.01.26-19.22.50:337][  0]LogDerivedDataCache:Display: Loaded Boot cache: C:/Users/frederic/AppData/Local/UnrealEngine/4.9/DerivedDataCache/Boot.ddc
[2016.01.26-19.22.50:338][  0]LogDerivedDataCache: FDerivedDataBackendGraph:  Pak pak cache file ../../../../../../Users/frederic/Documents/Unreal Projects/LostAge/DerivedDataCache/DDC.ddp not found, will not use a pak cache.
[2016.01.26-19.22.50:338][  0]LogDerivedDataCache: Unable to find inner node Pak for hierarchical cache Hierarchy.
[2016.01.26-19.22.50:338][  0]LogDerivedDataCache: FDerivedDataBackendGraph:  CompressedPak pak cache file ../../../../../../Users/frederic/Documents/Unreal Projects/LostAge/DerivedDataCache/Compressed.ddp not found, will not use a pak cache.
[2016.01.26-19.22.50:339][  0]LogDerivedDataCache: Unable to find inner node CompressedPak for hierarchical cache Hierarchy.
[2016.01.26-19.22.50:507][  0]LogDerivedDataCache:Display: Pak cache opened for reading ../../../Engine/DerivedDataCache/Compressed.ddp.
[2016.01.26-19.22.50:519][  0]LogDerivedDataCache: Using Local data cache path C:/Users/frederic/AppData/Local/UnrealEngine/Common/DerivedDataCache: Writable
[2016.01.26-19.22.50:737][  0]LogInit: Selected Device Profile: [Windows]
[2016.01.26-19.22.50:738][  0]LogContentStreaming: Texture pool size is 0.000000MB
[2016.01.26-19.22.50:785][  0]LogMeshUtilities: No automatic mesh reduction module available
[2016.01.26-19.22.50:785][  0]LogMeshUtilities: No automatic mesh merging module available
[2016.01.26-19.22.52:364][  0]UdpMessaging: Initializing bridge on interface 0.0.0.0:0 to multicast group 230.0.0.1:6666.
[2016.01.26-19.22.52:770][  0]LogAssetRegistry: FAssetRegistry took 0.0105 seconds to start up
[2016.01.26-19.22.53:164][  0]SourceControl: Info Source control is disabled
[2016.01.26-19.22.53:166][  0]SourceControl: Info Source control is disabled
[2016.01.26-19.22.53:189][  0]SourceControl: Info Source control is disabled
[2016.01.26-19.22.53:214][  0]SourceControl: Info Source control is disabled
[2016.01.26-19.22.53:452][  0]LogLinker:Warning: Asset '../../../Engine/Plugins/Runtime/LeapMotionController/Content/LM_PassthroughMaterial.uasset' has been saved with empty engine version. The asset will be loaded but may be incompatible.
[2016.01.26-19.22.53:581][  0]LogObj: 31792 objects as part of root set at end of initial load.
[2016.01.26-19.22.53:581][  0]LogUObjectAllocator: 7252992 out of 0 bytes used by permanent object pool.
[2016.01.26-19.22.53:672][  0]LogEngine: Initializing Engine...
[2016.01.26-19.22.53:676][  0]LogHMD: Can't find Oculus library dev build: is proper Runtime installed? Version: 0.7.0.0
[2016.01.26-19.22.53:678][  0]LogHMD: SteamVR failed to initialize.  Err: 110
[2016.01.26-19.22.53:860][  0]LogAIModule: Creating AISystem for world NewWorld
[2016.01.26-19.22.53:880][  0]LogInit: XAudio2 using 'Haut-parleurs (Realtek High Definition Audio)' : 2 channels at 48 kHz using 32 bits per sample (channel mask 0x3)
[2016.01.26-19.22.53:903][  0]LogInit: FAudioDevice initialized.
[2016.01.26-19.22.53:925][  0]LogDerivedDataCache: Saved boot cache 0.02s 42MB C:/Users/frederic/AppData/Local/UnrealEngine/4.9/DerivedDataCache/Boot.ddc.
[2016.01.26-19.22.53:932][  0]LogInit: Texture streaming: Enabled
[2016.01.26-19.22.53:950][  0]LogAnalytics: Creating configured Analytics provider AnalyticsET
[2016.01.26-19.22.53:950][  0]LogAnalytics: [UEEditor.Rocket.Release] APIServer = http://et2.epicgames.com/ET2/. AppVersion = 4.9.2-2707645+++depot+UE4-Releases+4.9
[2016.01.26-19.22.53:951][  0]LogAnalytics: [UEEditor.Rocket.Release] SetUserId c8da8d664a36a98701fe659c10ae4ff8|70626fa7f476448fb82ad9618fbbb1ab|00e7fb16-00c3-4af4-a2a1-2cc8013aae38
[2016.01.26-19.22.53:951][  0]LogAnalytics: [UEEditor.Rocket.Release] AnalyticsET::StartSession
[2016.01.26-19.22.53:972][  0]LogInit: Transaction tracking system initialized
[2016.01.26-19.22.54:080][  0]BlueprintLog: New page: Editor Load
[2016.01.26-19.22.54:507][  0]LocalizationService: Info Localization service is disabled
[2016.01.26-19.22.54:674][  0]LogLinker:Warning: Can't find file '/Game/ThirdPersonCPP/ThirdPersonOverview'
[2016.01.26-19.22.54:675][  0]LogLinker:Warning: Can't find file '/Game/ThirdPersonCPP/ThirdPersonOverview'
[2016.01.26-19.22.54:675][  0]LogUObjectGlobals:Warning: Failed to find object 'Class /Game/ThirdPersonCPP/ThirdPersonOverview.ThirdPersonOverview_C'
[2016.01.26-19.22.54:708][  0]LogConsoleResponse:Display: 
[2016.01.26-19.22.54:855][  0]LogCook:Display: Done creating registry. It took  0.00s.
[2016.01.26-19.22.55:016][  0]LogFileCache: Scanning file cache for directory 'C:/Users/frederic/Documents/Unreal Projects/LostAge/Content/' took 0.01s
[2016.01.26-19.22.55:016][  0]SourceControl: Info Source control is disabled
[2016.01.26-19.22.55:017][  0]Cmd: MAP LOAD FILE="../../../../../../Users/frederic/Documents/Unreal Projects/LostAge/Content/FirstPersonCPP/Maps/MainMenu.umap" TEMPLATE=0 SHOWPROGRESS=1 FEATURELEVEL=3
[2016.01.26-19.22.55:017][  0]LightingResults: New page: Lighting Build
[2016.01.26-19.22.55:023][  0]MapCheck: New page: Map Check
[2016.01.26-19.22.55:023][  0]LightingResults: New page: Lighting Build
[2016.01.26-19.22.55:037][  0]LogParticles: Destroying 0 GPU particle simulations for FXSystem 0x0000000023406160
[2016.01.26-19.22.55:042][  0]LogAIModule: Creating AISystem for world MainMenu
[2016.01.26-19.22.55:043][  0]LogEditorServer: Finished looking for orphan Actors (0.000 secs)
[2016.01.26-19.22.55:044][  0]Cmd: MAP CHECKDEP NOCLEARLOG
[2016.01.26-19.22.55:087][  0]MapCheck: Info Map check complete: 0 Error(s), 0 Warning(s), took 42.726ms to complete.
[2016.01.26-19.22.55:088][  0]LogFileHelpers: Loading map 'MainMenu' took 0.072
[2016.01.26-19.22.55:194][  0]LogCollectionManager: Loaded 0 collections in 0.003170 seconds
[2016.01.26-19.22.55:239][  0]LogFileCache: Scanning file cache for directory 'C:/Users/frederic/Documents/Unreal Projects/LostAge/Saved/Collections/' took 0.01s
[2016.01.26-19.22.55:240][  0]LogFileCache: Scanning file cache for directory 'C:/Users/frederic/Documents/Unreal Projects/LostAge/Content/Developers/frederic/Collections/' took 0.01s
[2016.01.26-19.22.55:240][  0]LogFileCache: Scanning file cache for directory 'C:/Users/frederic/Documents/Unreal Projects/LostAge/Content/Collections/' took 0.01s
[2016.01.26-19.22.55:241][  0]LogContentBrowser: Native class hierarchy populated in 0.0085 seconds. Added 1875 classes and 335 folders.
[2016.01.26-19.22.55:249][  0]LogCollectionManager: Rebuilt the GUID cache for 0 collections in 0.000002 seconds
[2016.01.26-19.22.55:266][  0]LogContentBrowser: Native class hierarchy updated for 'WidgetCarousel' in 0.0031 seconds. Added 0 classes and 0 folders.
[2016.01.26-19.22.55:344][  0]LogContentBrowser: Native class hierarchy updated for 'AddContentDialog' in 0.0028 seconds. Added 0 classes and 0 folders.
[2016.01.26-19.22.55:366][  0]LogContentBrowser: Native class hierarchy updated for 'SceneOutliner' in 0.0028 seconds. Added 1 classes and 2 folders.
[2016.01.26-19.22.55:406][  0]LogCrashTracker: Crashtracker disabled due to settings.
[2016.01.26-19.22.55:411][  0]LogUObjectGlobals:Warning: Failed to find object 'Class None.'
[2016.01.26-19.22.55:433][  0]LogLoad: Full Startup: 9.26 seconds (BP compile: 0.05 seconds)
[2016.01.26-19.22.55:541][  0]LogContentStreaming: Texture pool size now 1000 MB
[2016.01.26-19.22.55:673][  0]LogRenderer: Reallocating scene render targets to support 1208x556 (Frame:2).
[2016.01.26-19.22.55:882][  3]LogAssetRegistry: Asset discovery search completed in 3.1227 seconds
[2016.01.26-19.22.55:883][  3]LogCollectionManager: Rebuilt the object cache for 0 collections in 0.000001 seconds (found 0 objects)
[2016.01.26-19.22.55:883][  3]LogCollectionManager: Fixed up redirectors for 0 collections in 0.000291 seconds (updated 0 objects)
[2016.01.26-19.23.01:903][719]LogPlayLevel: PlayLevel: No blueprints needed recompiling
[2016.01.26-19.23.01:904][719]PIE: New page: PIE session: MainMenu (Jan 26, 2016, 9:23:01 AM)
[2016.01.26-19.23.01:977][719]LogPlayLevel: Creating play world package: /Game/FirstPersonCPP/Maps/UEDPIE_0_MainMenu
[2016.01.26-19.23.01:978][719]LogPlayLevel: PIE: StaticDuplicateObject took: (0.000463s)
[2016.01.26-19.23.01:979][719]LogAIModule: Creating AISystem for world MainMenu
[2016.01.26-19.23.01:980][719]LogPlayLevel: PIE: World Init took: (0.001164s)
[2016.01.26-19.23.01:980][719]LogPlayLevel: PIE: Created PIE world by copying editor world from /Game/FirstPersonCPP/Maps/MainMenu.MainMenu to /Game/FirstPersonCPP/Maps/UEDPIE_0_MainMenu.MainMenu (0.003029s)
[2016.01.26-19.23.02:006][719]LogInit: XAudio2 using 'Haut-parleurs (Realtek High Definition Audio)' : 2 channels at 48 kHz using 32 bits per sample (channel mask 0x3)
[2016.01.26-19.23.02:019][719]LogInit: FAudioDevice initialized.
[2016.01.26-19.23.02:068][719]LogWorld: Game class is 'LostAgeGameMode'
[2016.01.26-19.23.02:071][719]LogWorld: Bringing World /Game/FirstPersonCPP/Maps/UEDPIE_0_MainMenu.MainMenu up for play (max tick rate 0) at 2016.01.26-14.23.02
[2016.01.26-19.23.02:071][719]LogActor:Warning: GameSession /Game/FirstPersonCPP/Maps/UEDPIE_0_MainMenu.MainMenu:PersistentLevel.GameSession_0 has natively added scene component(s), but none of them were set as the actor's RootComponent - picking one arbitrarily
[2016.01.26-19.23.02:072][719]LogActor:Warning: GameNetworkManager /Game/FirstPersonCPP/Maps/UEDPIE_0_MainMenu.MainMenu:PersistentLevel.GameNetworkManager_0 has natively added scene component(s), but none of them were set as the actor's RootComponent - picking one arbitrarily
[2016.01.26-19.23.02:072][719]LogWorld: Bringing up level for play took: 0.001929
[2016.01.26-19.23.02:083][719]LogVoice:Warning: Failed to initialize voice interface
[2016.01.26-19.23.02:085][719]LogOnline:Warning: NULL: Can't start an online game for session (Game) that hasn't been created
[2016.01.26-19.23.02:242][719]PIE: Info Play in editor start time for /Game/FirstPersonCPP/Maps/UEDPIE_0_MainMenu 0.805
[2016.01.26-19.23.02:257][720]LogRenderer: Reallocating scene render targets to support 1280x720 (Frame:711).
[2016.01.26-19.23.03:085][815]LogInit: WinSock: I am frederic-PC (192.168.1.103:0)
[2016.01.26-19.23.03:155][815]LogPackageName: SearchForPackageOnDisk took   0.070s to resolve FirstPersonExampleMap.umap.
[2016.01.26-19.23.03:212][815]LogPackageName: SearchForPackageOnDisk took   0.055s to resolve FirstPersonExampleMap.umap.
[2016.01.26-19.23.03:213][815]LogNet: Browse: /Game/FirstPersonCPP/Maps/FirstPersonExampleMap?listen
[2016.01.26-19.23.03:213][815]LogLoad: LoadMap: /Game/FirstPersonCPP/Maps/FirstPersonExampleMap?listen
[2016.01.26-19.23.03:229][815]LogParticles: Destroying 0 GPU particle simulations for FXSystem 0x000000004123D760
[2016.01.26-19.23.03:233][815]Cmd: MEM
[2016.01.26-19.23.03:246][815]LogMemory: Platform Memory Stats for Windows
[2016.01.26-19.23.03:246][815]LogMemory: Process Physical Memory: 565.01 MB used, 570.64 MB peak
[2016.01.26-19.23.03:246][815]LogMemory: Process Virtual Memory: 1001.70 MB used, 1094.82 MB peak
[2016.01.26-19.23.03:247][815]LogMemory: Physical Memory: 6571.62 MB used, 16288.39 MB total
[2016.01.26-19.23.03:247][815]LogMemory: Virtual Memory: 1666.45 MB used, 8388608.00 MB total
[2016.01.26-19.23.03:247][815]LogMemory: 
[2016.01.26-19.23.03:248][815]Allocator Stats for TBB: (not implemented)
[2016.01.26-19.23.04:133][815]LogAIModule: Creating AISystem for world FirstPersonExampleMap
[2016.01.26-19.23.04:134][815]LogWorld: Game class is 'LostAgeGameMode'
[2016.01.26-19.23.04:134][815]LogInit: WinSock: Socket queue 131072 / 131072
[2016.01.26-19.23.04:135][815]LogNet: GameNetDriver IpNetDriver_0 IpNetDriver listening on port 7777
[2016.01.26-19.23.04:146][815]LogWorld: Bringing World /Game/FirstPersonCPP/Maps/UEDPIE_0_FirstPersonExampleMap.FirstPersonExampleMap up for play (max tick rate 0) at 2016.01.26-14.23.04
[2016.01.26-19.23.04:147][815]LogActor:Warning: GameSession /Game/FirstPersonCPP/Maps/UEDPIE_0_FirstPersonExampleMap.FirstPersonExampleMap:PersistentLevel.GameSession_1 has natively added scene component(s), but none of them were set as the actor's RootComponent - picking one arbitrarily
[2016.01.26-19.23.04:147][815]LogActor:Warning: GameNetworkManager /Game/FirstPersonCPP/Maps/UEDPIE_0_FirstPersonExampleMap.FirstPersonExampleMap:PersistentLevel.GameNetworkManager_1 has natively added scene component(s), but none of them were set as the actor's RootComponent - picking one arbitrarily
[2016.01.26-19.23.04:148][815]LogWorld: Bringing up level for play took: 0.011942
[2016.01.26-19.23.04:151][815]LogOnline:Warning: NULL: Can't start an online session (Game) in state InProgress
[2016.01.26-19.23.10:798][562]LogPackageName: SearchForPackageOnDisk took   0.064s to resolve MainMenu.umap.
[2016.01.26-19.23.10:866][563]LogPackageName: SearchForPackageOnDisk took   0.061s to resolve MainMenu.umap.
[2016.01.26-19.23.10:867][563]LogNet: Browse: /Game/FirstPersonCPP/Maps/MainMenu
[2016.01.26-19.23.10:867][563]LogLoad: LoadMap: /Game/FirstPersonCPP/Maps/MainMenu
[2016.01.26-19.23.10:867][563]LogNet: World NetDriver shutdown IpNetDriver_0 [GameNetDriver]
[2016.01.26-19.23.10:868][563]LogNet: DestroyNamedNetDriver IpNetDriver_0 [GameNetDriver]
[2016.01.26-19.23.10:868][563]LogExit: GameNetDriver IpNetDriver_0 shut down
[2016.01.26-19.23.10:885][563]LogParticles: Destroying 0 GPU particle simulations for FXSystem 0x0000000034E37A60
[2016.01.26-19.23.10:977][563]Cmd: MEM
[2016.01.26-19.23.10:991][563]LogMemory: Platform Memory Stats for Windows
[2016.01.26-19.23.10:991][563]LogMemory: Process Physical Memory: 721.46 MB used, 1131.75 MB peak
[2016.01.26-19.23.10:992][563]LogMemory: Process Virtual Memory: 1308.55 MB used, 1711.74 MB peak
[2016.01.26-19.23.10:992][563]LogMemory: Physical Memory: 6292.03 MB used, 16288.39 MB total
[2016.01.26-19.23.10:992][563]LogMemory: Virtual Memory: 1981.01 MB used, 8388608.00 MB total
[2016.01.26-19.23.10:992][563]LogMemory: 
[2016.01.26-19.23.10:993][563]Allocator Stats for TBB: (not implemented)
[2016.01.26-19.23.10:993][563]LogPlayLevel: Creating play world package: /Game/FirstPersonCPP/Maps/UEDPIE_0_MainMenu
[2016.01.26-19.23.10:994][563]LogPlayLevel: PIE: StaticDuplicateObject took: (0.000483s)
[2016.01.26-19.23.10:995][563]LogAIModule: Creating AISystem for world MainMenu
[2016.01.26-19.23.10:995][563]LogPlayLevel: PIE: World Init took: (0.001159s)
[2016.01.26-19.23.10:996][563]LogPlayLevel: PIE: Created PIE world by copying editor world from /Game/FirstPersonCPP/Maps/MainMenu.MainMenu to /Game/FirstPersonCPP/Maps/UEDPIE_0_MainMenu.MainMenu (0.002782s)
[2016.01.26-19.23.10:996][563]LogWorld: Game class is 'LostAgeGameMode'
[2016.01.26-19.23.10:998][563]LogWorld: Bringing World /Game/FirstPersonCPP/Maps/UEDPIE_0_MainMenu.MainMenu up for play (max tick rate 0) at 2016.01.26-14.23.10
[2016.01.26-19.23.10:998][563]LogActor:Warning: GameSession /Game/FirstPersonCPP/Maps/UEDPIE_0_MainMenu.MainMenu:PersistentLevel.GameSession_2 has natively added scene component(s), but none of them were set as the actor's RootComponent - picking one arbitrarily
[2016.01.26-19.23.10:999][563]LogActor:Warning: GameNetworkManager /Game/FirstPersonCPP/Maps/UEDPIE_0_MainMenu.MainMenu:PersistentLevel.GameNetworkManager_2 has natively added scene component(s), but none of them were set as the actor's RootComponent - picking one arbitrarily
[2016.01.26-19.23.10:999][563]LogWorld: Bringing up level for play took: 0.001723
[2016.01.26-19.23.11:000][563]LogGameMode: Warning - PATHS NOT DEFINED or NO PLAYERSTART with positive rating
[2016.01.26-19.23.11:001][563]LogOnline:Warning: NULL: Can't start an online game for session (Game) that hasn't been created
[2016.01.26-19.23.12:864][778]LogOnline:Display: NULL: FOnlineSubsystemNull::Shutdown()
[2016.01.26-19.23.12:865][778]LogPlayLevel:Display: Shutting down PIE online subsystems
[2016.01.26-19.23.12:892][779]LogParticles: Destroying 0 GPU particle simulations for FXSystem 0x0000000017FFB6A0
[2016.01.26-19.23.12:915][781]LogPlayLevel:Display: Destroying online subsystem :Context_2
[2016.01.26-19.23.12:916][781]LogOnline:Display: NULL: FOnlineSubsystemNull::Shutdown()
[2016.01.26-19.23.22:045][440]Cmd: QUIT_EDITOR
[2016.01.26-19.23.22:330][440]LogExit: Preparing to exit.
[2016.01.26-19.23.23:385][440]LogActorComponent: UnregisterComponent: (None.None) Not registered. Aborting.
[2016.01.26-19.23.23:386][440]LogActorComponent: UnregisterComponent: (None.None) Not registered. Aborting.
[2016.01.26-19.23.23:387][440]LogActorComponent: UnregisterComponent: (None.None) Not registered. Aborting.
[2016.01.26-19.23.23:387][440]LogActorComponent: UnregisterComponent: (None.None) Not registered. Aborting.
[2016.01.26-19.23.23:387][440]LogActorComponent: UnregisterComponent: (None.None) Not registered. Aborting.
[2016.01.26-19.23.23:387][440]LogActorComponent: UnregisterComponent: (None.None) Not registered. Aborting.
[2016.01.26-19.23.23:396][440]LogParticles: Destroying 0 GPU particle simulations for FXSystem 0x0000000010CB3880
[2016.01.26-19.23.23:398][440]LogExit: Editor shut down
[2016.01.26-19.23.23:398][440]LogExit: Transaction tracking system shut down
[2016.01.26-19.23.23:400][440]LogParticles: Destroying 0 GPU particle simulations for FXSystem 0x000000000F2EB240
[2016.01.26-19.23.23:561][440]LogExit: Object subsystem successfully closed.
[2016.01.26-19.23.23:581][440]LogD3D11RHI: Shutdown
[2016.01.26-19.23.23:581][440]LogD3D11RHI: CleanupD3DDevice
[2016.01.26-19.23.23:922][440]LogD3D11RHI: ~FD3D11DynamicRHI
[2016.01.26-19.23.23:946][440]LogModuleManager: Shutting down and abandoning module CrashTracker (200)
[2016.01.26-19.23.23:947][440]LogModuleManager: Shutting down and abandoning module SceneOutliner (199)
[2016.01.26-19.23.23:947][440]LogModuleManager: Shutting down and abandoning module SuperSearch (198)
[2016.01.26-19.23.23:947][440]LogModuleManager: Shutting down and abandoning module WidgetCarousel (197)
[2016.01.26-19.23.23:948][440]LogModuleManager: Shutting down and abandoning module AddContentDialog (196)
[2016.01.26-19.23.23:949][440]LogModuleManager: Shutting down and abandoning module EditorWidgets (195)
[2016.01.26-19.23.23:949][440]LogModuleManager: Shutting down and abandoning module CollectionManager (194)
[2016.01.26-19.23.23:950][440]LogModuleManager: Shutting down and abandoning module StatsViewer (193)
[2016.01.26-19.23.23:950][440]LogModuleManager: Shutting down and abandoning module FoliageEdit (192)
[2016.01.26-19.23.23:950][440]LogModuleManager: Shutting down and abandoning module LandscapeEditor (191)
[2016.01.26-19.23.23:951][440]LogModuleManager: Shutting down and abandoning module ActorPickerMode (190)
[2016.01.26-19.23.23:951][440]LogModuleManager: Shutting down and abandoning module GeometryMode (189)
[2016.01.26-19.23.23:951][440]LogModuleManager: Shutting down and abandoning module TextureAlignMode (188)
[2016.01.26-19.23.23:952][440]LogModuleManager: Shutting down and abandoning module BspMode (187)
[2016.01.26-19.23.23:952][440]LogModuleManager: Shutting down and abandoning module PlacementMode (186)
[2016.01.26-19.23.23:952][440]LogModuleManager: Shutting down and abandoning module AutomationWorker (185)
[2016.01.26-19.23.23:952][440]LogModuleManager: Shutting down and abandoning module CharacterAI (184)
[2016.01.26-19.23.23:953][440]LogModuleManager: Shutting down and abandoning module SmartSnapping (183)
[2016.01.26-19.23.23:953][440]LogModuleManager: Shutting down and abandoning module ViewportSnapping (182)
[2016.01.26-19.23.23:953][440]LogModuleManager: Shutting down and abandoning module LogVisualizer (181)
[2016.01.26-19.23.23:954][440]LogModuleManager: Shutting down and abandoning module GameProjectGeneration (180)
[2016.01.26-19.23.23:954][440]LogModuleManager: Shutting down and abandoning module IntroTutorials (179)
[2016.01.26-19.23.23:954][440]LogModuleManager: Shutting down and abandoning module EditorLiveStreaming (178)
[2016.01.26-19.23.23:954][440]LogModuleManager: Shutting down and abandoning module IOSPlatformEditor (177)
[2016.01.26-19.23.23:955][440]LogModuleManager: Shutting down and abandoning module HTML5PlatformEditor (176)
[2016.01.26-19.23.23:955][440]LogModuleManager: Shutting down and abandoning module AndroidDeviceDetection (175)
[2016.01.26-19.23.24:618][440]LogModuleManager: Shutting down and abandoning module AndroidPlatformEditor (174)
[2016.01.26-19.23.24:618][440]LogModuleManager: Shutting down and abandoning module IOSRuntimeSettings (173)
[2016.01.26-19.23.24:618][440]LogModuleManager: Shutting down and abandoning module AndroidRuntimeSettings (172)
[2016.01.26-19.23.24:619][440]LogModuleManager: Shutting down and abandoning module MergeActors (171)
[2016.01.26-19.23.24:619][440]LogModuleManager: Shutting down and abandoning module SizeMap (170)
[2016.01.26-19.23.24:619][440]LogModuleManager: Shutting down and abandoning module TreeMap (169)
[2016.01.26-19.23.24:619][440]LogModuleManager: Shutting down and abandoning module ReferenceViewer (168)
[2016.01.26-19.23.24:620][440]LogModuleManager: Shutting down and abandoning module LocalizationService (167)
[2016.01.26-19.23.24:620][440]LogModuleManager: Shutting down and abandoning module LocalizationDashboard (166)
[2016.01.26-19.23.24:620][440]LogModuleManager: Shutting down and abandoning module HardwareTargeting (165)
[2016.01.26-19.23.24:621][440]LogModuleManager: Shutting down and abandoning module DeviceProfileEditor (164)
[2016.01.26-19.23.24:621][440]LogModuleManager: Shutting down and abandoning module UndoHistory (163)
[2016.01.26-19.23.24:621][440]LogModuleManager: Shutting down and abandoning module GameplayTagsEditor (162)
[2016.01.26-19.23.24:622][440]LogModuleManager: Shutting down and abandoning module UserFeedback (161)
[2016.01.26-19.23.24:622][440]LogModuleManager: Shutting down and abandoning module XmlParser (160)
[2016.01.26-19.23.24:622][440]LogModuleManager: Shutting down and abandoning module Blutility (159)
[2016.01.26-19.23.24:622][440]LogModuleManager: Shutting down and abandoning module ProjectTargetPlatformEditor (158)
[2016.01.26-19.23.24:623][440]LogModuleManager: Shutting down and abandoning module ProjectSettingsViewer (157)
[2016.01.26-19.23.24:623][440]LogModuleManager: Shutting down and abandoning module InputBindingEditor (156)
[2016.01.26-19.23.24:623][440]LogModuleManager: Shutting down and abandoning module EditorSettingsViewer (155)
[2016.01.26-19.23.24:624][440]LogModuleManager: Shutting down and abandoning module SettingsEditor (154)
[2016.01.26-19.23.24:624][440]LogModuleManager: Shutting down and abandoning module ProjectLauncher (153)
[2016.01.26-19.23.24:624][440]LogModuleManager: Shutting down and abandoning module SessionFrontend (152)
[2016.01.26-19.23.24:625][440]LogModuleManager: Shutting down and abandoning module ProfilerClient (151)
[2016.01.26-19.23.24:625][440]LogModuleManager: Shutting down and abandoning module TargetDeviceServices (150)
[2016.01.26-19.23.24:625][440]LogModuleManager: Shutting down and abandoning module DeviceManager (149)
[2016.01.26-19.23.24:626][440]LogModuleManager: Shutting down and abandoning module AutomationController (148)
[2016.01.26-19.23.24:626][440]LogModuleManager: Shutting down and abandoning module AutomationWindow (147)
[2016.01.26-19.23.24:626][440]LogModuleManager: Shutting down and abandoning module Layers (146)
[2016.01.26-19.23.24:627][440]LogModuleManager: Shutting down and abandoning module ComponentVisualizers (145)
[2016.01.26-19.23.24:627][440]LogModuleManager: Shutting down and abandoning module DetailCustomizations (144)
[2016.01.26-19.23.24:627][440]LogModuleManager: Shutting down and abandoning module PackagesDialog (143)
[2016.01.26-19.23.24:628][440]LogModuleManager: Shutting down and abandoning module Persona (142)
[2016.01.26-19.23.24:628][440]LogModuleManager: Shutting down and abandoning module Kismet (141)
[2016.01.26-19.23.24:628][440]LogModuleManager: Shutting down and abandoning module GraphEditor (140)
[2016.01.26-19.23.24:629][440]LogModuleManager: Shutting down and abandoning module ClassViewer (139)
[2016.01.26-19.23.24:629][440]LogModuleManager: Shutting down and abandoning module Toolbox (138)
[2016.01.26-19.23.24:629][440]LogModuleManager: Shutting down and abandoning module ModuleUI (137)
[2016.01.26-19.23.24:629][440]LogModuleManager: Shutting down and abandoning module MovieSceneTools (136)
[2016.01.26-19.23.24:630][440]LogModuleManager: Shutting down and abandoning module OutputLog (135)
[2016.01.26-19.23.24:630][440]LogModuleManager: Shutting down and abandoning module GammaUI (134)
[2016.01.26-19.23.24:630][440]LogModuleManager: Shutting down and abandoning module Documentation (133)
[2016.01.26-19.23.24:630][440]LogModuleManager: Shutting down and abandoning module GameLiveStreaming (132)
[2016.01.26-19.23.24:631][440]LogModuleManager: Shutting down and abandoning module StreamingPauseRendering (131)
[2016.01.26-19.23.24:631][440]LogModuleManager: Shutting down and abandoning module AnalyticsET (130)
[2016.01.26-19.23.24:631][440]LogModuleManager: Shutting down and abandoning module Analytics (129)
[2016.01.26-19.23.24:632][440]LogModuleManager: Shutting down and abandoning module AITestSuite (128)
[2016.01.26-19.23.24:632][440]LogModuleManager: Shutting down and abandoning module GameplayDebugger (127)
[2016.01.26-19.23.24:632][440]LogModuleManager: Shutting down and abandoning module AIModule (126)
[2016.01.26-19.23.24:632][440]LogModuleManager: Shutting down and abandoning module ProfilerService (125)
[2016.01.26-19.23.24:870][440]LogModuleManager: Shutting down and abandoning module TaskGraph (124)
[2016.01.26-19.23.24:871][440]LogModuleManager: Shutting down and abandoning module SlateRemote (123)
[2016.01.26-19.23.24:871][440]LogModuleManager: Shutting down and abandoning module SteamVRController (122)
[2016.01.26-19.23.24:872][440]LogModuleManager: Shutting down and abandoning module SteamVR (121)
[2016.01.26-19.23.24:872][440]LogModuleManager: Shutting down and abandoning module ProceduralMeshComponent (120)
[2016.01.26-19.23.24:872][440]LogModuleManager: Shutting down and abandoning module OculusRift (119)
[2016.01.26-19.23.24:872][440]LogModuleManager: Shutting down and abandoning module OculusLibrary (118)
[2016.01.26-19.23.24:873][440]LogModuleManager: Shutting down and abandoning module LeapMotionController (117)
[2016.01.26-19.23.24:883][440]LogModuleManager: Shutting down and abandoning module CustomMeshComponent (116)
[2016.01.26-19.23.24:884][440]LogModuleManager: Shutting down and abandoning module CableComponent (115)
[2016.01.26-19.23.24:884][440]LogModuleManager: Shutting down and abandoning module ArchVisCharacter (114)
[2016.01.26-19.23.24:885][440]LogModuleManager: Shutting down and abandoning module MessagingDebugger (113)
[2016.01.26-19.23.24:885][440]LogModuleManager: Shutting down and abandoning module MediaPlayerEditor (112)
[2016.01.26-19.23.24:885][440]LogModuleManager: Shutting down and abandoning module HTML5Networking (111)
[2016.01.26-19.23.24:885][440]LogModuleManager: Shutting down and abandoning module SpeedTreeImporter (110)
[2016.01.26-19.23.24:886][440]LogModuleManager: Shutting down and abandoning module PluginBrowser (109)
[2016.01.26-19.23.24:886][440]LogModuleManager: Shutting down and abandoning module EpicSurvey (108)
[2016.01.26-19.23.24:886][440]LogModuleManager: Shutting down and abandoning module DesktopPlatform (107)
[2016.01.26-19.23.24:887][440]LogModuleManager: Shutting down and abandoning module VisualStudioSourceCodeAccess (106)
[2016.01.26-19.23.24:887][440]LogModuleManager: Shutting down and abandoning module UObjectPlugin (105)
[2016.01.26-19.23.24:887][440]LogModuleManager: Shutting down and abandoning module SubversionSourceControl (104)
[2016.01.26-19.23.24:887][440]LogModuleManager: Shutting down and abandoning module PerforceSourceControl (103)
[2016.01.26-19.23.24:888][440]LogModuleManager: Shutting down and abandoning module SourceControl (102)
[2016.01.26-19.23.24:888][440]LogModuleManager: Shutting down and abandoning module GitSourceControl (101)
[2016.01.26-19.23.24:888][440]LogModuleManager: Shutting down and abandoning module LightPropagationVolumeEditor (100)
[2016.01.26-19.23.24:888][440]LogModuleManager: Shutting down and abandoning module PaperTiledImporter (99)
[2016.01.26-19.23.24:889][440]LogModuleManager: Shutting down and abandoning module PaperSpriteSheetImporter (98)
[2016.01.26-19.23.24:889][440]LogModuleManager: Shutting down and abandoning module MeshPaint (97)
[2016.01.26-19.23.24:889][440]LogModuleManager: Shutting down and abandoning module SlateReflector (96)
[2016.01.26-19.23.24:890][440]LogModuleManager: Shutting down and abandoning module HotReload (95)
[2016.01.26-19.23.24:890][440]LogModuleManager: Shutting down and abandoning module MainFrame (94)
[2016.01.26-19.23.24:890][440]LogModuleManager: Shutting down and abandoning module LevelEditor (93)
[2016.01.26-19.23.24:891][440]LogModuleManager: Shutting down and abandoning module DirectoryWatcher (92)
[2016.01.26-19.23.24:892][440]LogModuleManager: Shutting down and abandoning module AssetRegistry (91)
[2016.01.26-19.23.24:972][440]LogModuleManager: Shutting down and abandoning module ContentBrowser (90)
[2016.01.26-19.23.24:973][440]LogModuleManager: Shutting down and abandoning module Paper2DEditor (89)
[2016.01.26-19.23.24:974][440]LogModuleManager: Shutting down and abandoning module LostAge (88)
[2016.01.26-19.23.24:974][440]LogModuleManager: Shutting down and abandoning module UdpMessaging (87)
[2016.01.26-19.23.25:074][440]LogModuleManager: Shutting down and abandoning module LightPropagationVolumeRuntime (86)
[2016.01.26-19.23.25:074][440]LogModuleManager: Shutting down and abandoning module Paper2D (85)
[2016.01.26-19.23.25:074][440]LogModuleManager: Shutting down and abandoning module WindowsMoviePlayer (84)
[2016.01.26-19.23.25:078][440]LogModuleManager: Shutting down and abandoning module Media (83)
[2016.01.26-19.23.25:079][440]LogModuleManager: Shutting down and abandoning module WmfMedia (82)
[2016.01.26-19.23.25:080][440]LogModuleManager: Shutting down and abandoning module OnlineBlueprintSupport (81)
[2016.01.26-19.23.25:081][440]LogModuleManager: Shutting down and abandoning module GameplayTasksEditor (80)
[2016.01.26-19.23.25:082][440]LogModuleManager: Shutting down and abandoning module PropertyEditor (79)
[2016.01.26-19.23.25:082][440]LogModuleManager: Shutting down and abandoning module BehaviorTreeEditor (78)
[2016.01.26-19.23.25:082][440]LogModuleManager: Shutting down and abandoning module FunctionalTesting (77)
[2016.01.26-19.23.25:082][440]LogModuleManager: Shutting down and abandoning module CollisionAnalyzer (76)
[2016.01.26-19.23.25:082][440]LogModuleManager: Shutting down and abandoning module WorkspaceMenuStructure (75)
[2016.01.26-19.23.25:083][440]LogModuleManager: Shutting down and abandoning module MessageLog (74)
[2016.01.26-19.23.25:083][440]LogModuleManager: Shutting down and abandoning module Sequencer (73)
[2016.01.26-19.23.25:083][440]LogModuleManager: Shutting down and abandoning module AssetTools (72)
[2016.01.26-19.23.25:084][440]LogModuleManager: Shutting down and abandoning module UMGEditor (71)
[2016.01.26-19.23.25:084][440]LogModuleManager: Shutting down and abandoning module UMG (70)
[2016.01.26-19.23.25:084][440]LogModuleManager: Shutting down and abandoning module Slate (69)
[2016.01.26-19.23.25:084][440]LogModuleManager: Shutting down and abandoning module EditorStyle (68)
[2016.01.26-19.23.25:087][440]LogModuleManager: Shutting down and abandoning module SessionServices (67)
[2016.01.26-19.23.25:088][440]LogModuleManager: Shutting down and abandoning module SourceCodeAccess (66)
[2016.01.26-19.23.25:088][440]LogModuleManager: Shutting down and abandoning module HeadMountedDisplay (65)
[2016.01.26-19.23.25:088][440]LogModuleManager: Shutting down and abandoning module XAudio2 (64)
[2016.01.26-19.23.25:089][440]LogModuleManager: Shutting down and abandoning module Networking (63)
[2016.01.26-19.23.25:089][440]LogModuleManager: Shutting down and abandoning module Core (62)
[2016.01.26-19.23.25:089][440]LogModuleManager: Shutting down and abandoning module KismetCompiler (61)
[2016.01.26-19.23.25:089][440]LogModuleManager: Shutting down and abandoning module PhysXFormats (60)
[2016.01.26-19.23.25:090][440]LogModuleManager: Shutting down and abandoning module MeshUtilities (59)
[2016.01.26-19.23.25:090][440]LogModuleManager: Shutting down and abandoning module CookingStats (58)
[2016.01.26-19.23.25:091][440]LogModuleManager: Shutting down and abandoning module DerivedDataCache (57)
[2016.01.26-19.23.25:529][440]LogDerivedDataCache: Shutdown
[2016.01.26-19.23.25:529][440]LogModuleManager: Shutting down and abandoning module ShaderFormatOpenGL (56)
[2016.01.26-19.23.25:530][440]LogModuleManager: Shutting down and abandoning module ShaderFormatD3D (55)
[2016.01.26-19.23.25:530][440]LogModuleManager: Shutting down and abandoning module MetalShaderFormat (54)
[2016.01.26-19.23.25:530][440]LogModuleManager: Shutting down and abandoning module TextureFormatUncompressed (53)
[2016.01.26-19.23.25:531][440]LogModuleManager: Shutting down and abandoning module TextureFormatPVR (52)
[2016.01.26-19.23.25:531][440]LogModuleManager: Shutting down and abandoning module TextureFormatIntelISPCTexComp (51)
[2016.01.26-19.23.25:531][440]LogModuleManager: Shutting down and abandoning module TextureFormatDXT (50)
[2016.01.26-19.23.25:531][440]LogModuleManager: Shutting down and abandoning module ImageWrapper (49)
[2016.01.26-19.23.25:532][440]LogModuleManager: Shutting down and abandoning module TextureFormatASTC (48)
[2016.01.26-19.23.25:532][440]LogModuleManager: Shutting down and abandoning module TextureFormatAndroid (47)
[2016.01.26-19.23.25:532][440]LogModuleManager: Shutting down and abandoning module AudioFormatOpus (46)
[2016.01.26-19.23.25:533][440]LogModuleManager: Shutting down and abandoning module AudioFormatOgg (45)
[2016.01.26-19.23.25:533][440]LogModuleManager: Shutting down and abandoning module AudioFormatADPCM (44)
[2016.01.26-19.23.25:533][440]LogModuleManager: Shutting down and abandoning module LinuxTargetPlatform (43)
[2016.01.26-19.23.25:533][440]LogModuleManager: Shutting down and abandoning module LinuxServerTargetPlatform (42)
[2016.01.26-19.23.25:534][440]LogModuleManager: Shutting down and abandoning module LinuxNoEditorTargetPlatform (41)
[2016.01.26-19.23.25:534][440]LogModuleManager: Shutting down and abandoning module Messaging (40)
[2016.01.26-19.23.25:534][440]LogModuleManager: Shutting down and abandoning module IOSTargetPlatform (39)
[2016.01.26-19.23.25:534][440]LogModuleManager: Shutting down and abandoning module HTML5TargetPlatform (38)
[2016.01.26-19.23.25:535][440]LogModuleManager: Shutting down and abandoning module Android_PVRTCTargetPlatform (37)
[2016.01.26-19.23.25:535][440]LogModuleManager: Shutting down and abandoning module Android_ETC2TargetPlatform (36)
[2016.01.26-19.23.25:535][440]LogModuleManager: Shutting down and abandoning module Android_ETC1TargetPlatform (35)
[2016.01.26-19.23.25:535][440]LogModuleManager: Shutting down and abandoning module Android_DXTTargetPlatform (34)
[2016.01.26-19.23.25:535][440]LogModuleManager: Shutting down and abandoning module Android_ATCTargetPlatform (33)
[2016.01.26-19.23.25:536][440]LogModuleManager: Shutting down and abandoning module Android_ASTCTargetPlatform (32)
[2016.01.26-19.23.25:536][440]LogModuleManager: Shutting down and abandoning module AndroidTargetPlatform (31)
[2016.01.26-19.23.25:536][440]LogModuleManager: Shutting down and abandoning module WindowsTargetPlatform (30)
[2016.01.26-19.23.25:536][440]LogModuleManager: Shutting down and abandoning module WindowsServerTargetPlatform (29)
[2016.01.26-19.23.25:537][440]LogModuleManager: Shutting down and abandoning module WindowsNoEditorTargetPlatform (28)
[2016.01.26-19.23.25:537][440]LogModuleManager: Shutting down and abandoning module WindowsClientTargetPlatform (27)
[2016.01.26-19.23.25:537][440]LogModuleManager: Shutting down and abandoning module AllDesktopTargetPlatform (26)
[2016.01.26-19.23.25:537][440]LogModuleManager: Shutting down and abandoning module TargetPlatform (25)
[2016.01.26-19.23.25:538][440]LogModuleManager: Shutting down and abandoning module InputCore (24)
[2016.01.26-19.23.25:538][440]LogModuleManager: Shutting down and abandoning module Settings (23)
[2016.01.26-19.23.25:538][440]LogModuleManager: Shutting down and abandoning module Voice (21)
[2016.01.26-19.23.25:538][440]LogModuleManager: Shutting down and abandoning module OnlineSubsystem (18)
[2016.01.26-19.23.25:539][440]LogOnline:Display: NULL: FOnlineSubsystemNull::Shutdown()
[2016.01.26-19.23.25:540][440]LogOnline:Display: Unloading online subsystem: Null
[2016.01.26-19.23.25:540][440]LogModuleManager: Shutting down and abandoning module HTTP (17)
[2016.01.26-19.23.27:541][440]LogModuleManager: Shutting down and abandoning module XMPP (16)
[2016.01.26-19.23.27:542][440]LogModuleManager: Shutting down and abandoning module ExampleDeviceProfileSelector (15)
[2016.01.26-19.23.27:542][440]LogModuleManager: Shutting down and abandoning module TextureCompressor (14)
[2016.01.26-19.23.27:543][440]LogModuleManager: Shutting down and abandoning module ShaderCore (13)
[2016.01.26-19.23.27:543][440]LogModuleManager: Shutting down and abandoning module Landscape (12)
[2016.01.26-19.23.27:543][440]LogModuleManager: Shutting down and abandoning module SlateRHIRenderer (11)
[2016.01.26-19.23.27:545][440]LogModuleManager: Shutting down and abandoning module OpenGLDrv (10)
[2016.01.26-19.23.27:545][440]LogModuleManager: Shutting down and abandoning module D3D11RHI (9)
[2016.01.26-19.23.27:545][440]LogModuleManager: Shutting down and abandoning module AnimGraphRuntime (8)
[2016.01.26-19.23.27:545][440]LogModuleManager: Shutting down and abandoning module Renderer (7)
[2016.01.26-19.23.27:546][440]LogModuleManager: Shutting down and abandoning module Engine (6)
[2016.01.26-19.23.27:546][440]LogModuleManager: Shutting down and abandoning module CoreUObject (5)
[2016.01.26-19.23.27:546][440]LogModuleManager: Shutting down and abandoning module NetworkFile (4)
[2016.01.26-19.23.27:547][440]LogModuleManager: Shutting down and abandoning module StreamingFile (3)
[2016.01.26-19.23.27:547][440]LogModuleManager: Shutting down and abandoning module SandboxFile (2)
[2016.01.26-19.23.27:547][440]LogModuleManager: Shutting down and abandoning module PakFile (1)
[2016.01.26-19.23.27:551][440]LogExit: Exiting.
[2016.01.26-19.23.27:552][440]Log file closed, 01/26/16 14:23:27
