[2016.01.26-23.13.30:874][  0]Log file open, 01/26/16 18:13:30
[2016.01.26-23.13.30:874][  0]LogInit:Display: Running engine for game: LostAge
[2016.01.26-23.13.30:874][  0]LogInit:Display: RandInit(-1442931372) SRandInit(-1442931371).
[2016.01.26-23.13.30:874][  0]LogTaskGraph: Started task graph with 4 named threads and 7 total threads.
[2016.01.26-23.13.30:875][  0]LogStats: Stats thread started at 0.147087
[2016.01.26-23.13.30:875][  0]LogInit: Version: 4.9.2-2707645+++depot+UE4-Releases+4.9
[2016.01.26-23.13.30:875][  0]LogInit: API Version: 2672455
[2016.01.26-23.13.30:875][  0]LogInit: Compiled (64-bit): Sep 28 2015 10:25:44
[2016.01.26-23.13.30:876][  0]LogInit: Compiled with Visual C++: 18.00.21005.01
[2016.01.26-23.13.30:876][  0]LogInit: Build Configuration: DebugGame
[2016.01.26-23.13.30:876][  0]LogInit: Branch Name: ++depot+UE4-Releases+4.9
[2016.01.26-23.13.30:876][  0]LogInit: Command line:  -debug
[2016.01.26-23.13.30:877][  0]LogInit: Base directory: C:/Program Files/Epic Games/4.9/Engine/Binaries/Win64/
[2016.01.26-23.13.30:877][  0]LogInit: Rocket: 1
[2016.01.26-23.13.30:908][  0]LogInit: Using libcurl 7.41.0
[2016.01.26-23.13.30:908][  0]LogInit:  - built for x86_64-pc-win32
[2016.01.26-23.13.30:908][  0]LogInit:  - supports SSL with WinSSL
[2016.01.26-23.13.30:908][  0]LogInit:  - other features:
[2016.01.26-23.13.30:909][  0]LogInit:      CURL_VERSION_SSL
[2016.01.26-23.13.30:909][  0]LogInit:      CURL_VERSION_IPV6
[2016.01.26-23.13.30:909][  0]LogInit:      CURL_VERSION_ASYNCHDNS
[2016.01.26-23.13.30:909][  0]LogInit:      CURL_VERSION_LARGEFILE
[2016.01.26-23.13.30:909][  0]LogInit:      CURL_VERSION_IDN
[2016.01.26-23.13.30:910][  0]LogInit:  CurlRequestOptions (configurable via config and command line):
[2016.01.26-23.13.30:910][  0]LogInit:  - bVerifyPeer = true  - Libcurl will verify peer certificate
[2016.01.26-23.13.30:910][  0]LogInit:  - bUseHttpProxy = false  - Libcurl will NOT use HTTP proxy
[2016.01.26-23.13.30:910][  0]LogInit:  - bDontReuseConnections = false  - Libcurl will reuse connections
[2016.01.26-23.13.30:911][  0]LogInit:  - CertBundlePath = nullptr  - Libcurl will use whatever was configured at build time.
[2016.01.26-23.13.30:964][  0]LogInit: WinSock: version 1.1 (2.2), MaxSocks=32767, MaxUdp=65467
[2016.01.26-23.13.30:976][  0]LogVoice:Warning: Failed to initialize voice interface
[2016.01.26-23.13.30:981][  0]LogInit: Presizing for 0 objects not considered by GC, pre-allocating 0 bytes.
[2016.01.26-23.13.30:988][  0]LogInit: Object subsystem initialized
[2016.01.26-23.13.30:990][  0]LogInit: Selected Device Profile: [Windows]
[2016.01.26-23.13.30:990][  0]LogInit: Applying CVar settings loaded from the selected device profile: [Windows]
[2016.01.26-23.13.30:998][  0]LogInit: Computer: FREDERIC-PC
[2016.01.26-23.13.30:998][  0]LogInit: User: frederic
[2016.01.26-23.13.30:999][  0]LogInit: CPU Page size=4096, Cores=4
[2016.01.26-23.13.30:999][  0]LogInit: High frequency timer resolution =3.331240 MHz
[2016.01.26-23.13.30:999][  0]LogMemory: Memory total: Physical=15.9GB (16GB approx)
[2016.01.26-23.13.31:000][  0]LogMemory: Platform Memory Stats for Windows
[2016.01.26-23.13.31:000][  0]LogMemory: Process Physical Memory: 55.05 MB used, 55.05 MB peak
[2016.01.26-23.13.31:000][  0]LogMemory: Process Virtual Memory: 55.75 MB used, 55.75 MB peak
[2016.01.26-23.13.31:001][  0]LogMemory: Physical Memory: 7390.51 MB used, 16288.39 MB total
[2016.01.26-23.13.31:001][  0]LogMemory: Virtual Memory: 337.63 MB used, 8388608.00 MB total
[2016.01.26-23.13.31:069][  0]LogTextLocalizationManager: No translations for ('fr-CA') exist, falling back to 'en' for localization and internationalization data.
[2016.01.26-23.13.31:694][  0]LogD3D11RHI: Found D3D11 adapter 0: NVIDIA GeForce GTX 970 (Feature Level 11_0)
[2016.01.26-23.13.31:694][  0]LogD3D11RHI: Adapter has 4008MB of dedicated video memory, 0MB of dedicated system memory, and 7888MB of shared system memory, 1 output[s]
[2016.01.26-23.13.31:704][  0]LogD3D11RHI: Found D3D11 adapter 1: Intel(R) HD Graphics 3000 (Feature Level 10_0)
[2016.01.26-23.13.31:704][  0]LogD3D11RHI: Adapter has 64MB of dedicated video memory, 0MB of dedicated system memory, and 1632MB of shared system memory, 0 output[s]
[2016.01.26-23.13.31:704][  0]LogD3D11RHI: Chosen D3D11 Adapter Id = 0
[2016.01.26-23.13.31:709][  0]LogD3D11RHI: !Direct3DDevice
[2016.01.26-23.13.31:710][  0]LogRHI: Texture pool is 1361 MB (70% of 1945 MB)
[2016.01.26-23.13.31:754][  0]LogD3D11RHI: Async texture creation enabled
[2016.01.26-23.13.31:769][  0]LogShaderCompilers: Guid format shader working directory is 15 characters bigger than the processId version (../../../../../../Users/frederic/Documents/Unreal Projects/LostAge/Intermediate/Shaders/WorkingDirectory/1980/).
[2016.01.26-23.13.31:769][  0]LogShaderCompilers: Cleaned the shader compiler working directory '../../../../../../Users/frederic/Documents/Unreal Projects/LostAge/Intermediate/Shaders/tmp/D3884CEF48107FD8E38A36B131D46C94/'.
[2016.01.26-23.13.31:770][  0]LogShaderCompilers:Display: Using Local Shader Compiler.
[2016.01.26-23.13.32:895][  0]LogTemp:Display: Loaded TP AllDesktopTargetPlatform
[2016.01.26-23.13.32:910][  0]LogTemp:Display: Loaded TP WindowsClientTargetPlatform
[2016.01.26-23.13.32:925][  0]LogTemp:Display: Loaded TP WindowsNoEditorTargetPlatform
[2016.01.26-23.13.32:939][  0]LogTemp:Display: Loaded TP WindowsServerTargetPlatform
[2016.01.26-23.13.32:956][  0]LogTemp:Display: Loaded TP WindowsTargetPlatform
[2016.01.26-23.13.32:963][  0]LogTemp:Display: Loaded TP AndroidTargetPlatform
[2016.01.26-23.13.32:970][  0]LogTemp:Display: Loaded TP Android_ASTCTargetPlatform
[2016.01.26-23.13.32:977][  0]LogTemp:Display: Loaded TP Android_ATCTargetPlatform
[2016.01.26-23.13.32:984][  0]LogTemp:Display: Loaded TP Android_DXTTargetPlatform
[2016.01.26-23.13.32:991][  0]LogTemp:Display: Loaded TP Android_ETC1TargetPlatform
[2016.01.26-23.13.32:998][  0]LogTemp:Display: Loaded TP Android_ETC2TargetPlatform
[2016.01.26-23.13.33:005][  0]LogTemp:Display: Loaded TP Android_PVRTCTargetPlatform
[2016.01.26-23.13.33:009][  0]LogTemp:Display: Loaded TP HTML5TargetPlatform
[2016.01.26-23.13.33:041][  0]LogTemp:Display: Loaded TP IOSTargetPlatform
[2016.01.26-23.13.33:047][  0]LogTemp:Display: Loaded TP LinuxNoEditorTargetPlatform
[2016.01.26-23.13.33:053][  0]LogTemp:Display: Loaded TP LinuxServerTargetPlatform
[2016.01.26-23.13.33:060][  0]LogTemp:Display: Loaded TP LinuxTargetPlatform
[2016.01.26-23.13.33:060][  0]LogTargetPlatformManager:Display: Building Assets For Windows
[2016.01.26-23.13.33:267][  0]LogDerivedDataCache:Display: Max Cache Size: 512 MB
[2016.01.26-23.13.33:312][  0]LogDerivedDataCache: Loaded boot cache 0.04s 42MB C:/Users/frederic/AppData/Local/UnrealEngine/4.9/DerivedDataCache/Boot.ddc.
[2016.01.26-23.13.33:312][  0]LogDerivedDataCache:Display: Loaded Boot cache: C:/Users/frederic/AppData/Local/UnrealEngine/4.9/DerivedDataCache/Boot.ddc
[2016.01.26-23.13.33:313][  0]LogDerivedDataCache: FDerivedDataBackendGraph:  Pak pak cache file ../../../../../../Users/frederic/Documents/Unreal Projects/LostAge/DerivedDataCache/DDC.ddp not found, will not use a pak cache.
[2016.01.26-23.13.33:313][  0]LogDerivedDataCache: Unable to find inner node Pak for hierarchical cache Hierarchy.
[2016.01.26-23.13.33:313][  0]LogDerivedDataCache: FDerivedDataBackendGraph:  CompressedPak pak cache file ../../../../../../Users/frederic/Documents/Unreal Projects/LostAge/DerivedDataCache/Compressed.ddp not found, will not use a pak cache.
[2016.01.26-23.13.33:314][  0]LogDerivedDataCache: Unable to find inner node CompressedPak for hierarchical cache Hierarchy.
[2016.01.26-23.13.33:451][  0]LogDerivedDataCache:Display: Pak cache opened for reading ../../../Engine/DerivedDataCache/Compressed.ddp.
[2016.01.26-23.13.33:464][  0]LogDerivedDataCache: Using Local data cache path C:/Users/frederic/AppData/Local/UnrealEngine/Common/DerivedDataCache: Writable
[2016.01.26-23.13.33:640][  0]LogInit: Selected Device Profile: [Windows]
[2016.01.26-23.13.33:641][  0]LogContentStreaming: Texture pool size is 0.000000MB
[2016.01.26-23.13.33:676][  0]LogMeshUtilities: No automatic mesh reduction module available
[2016.01.26-23.13.33:676][  0]LogMeshUtilities: No automatic mesh merging module available
[2016.01.26-23.13.34:986][  0]UdpMessaging: Initializing bridge on interface 0.0.0.0:0 to multicast group 230.0.0.1:6666.
[2016.01.26-23.13.38:890][  0]LogAssetRegistry: FAssetRegistry took 0.0099 seconds to start up
[2016.01.26-23.13.39:202][  0]SourceControl: Info Source control is disabled
[2016.01.26-23.13.39:204][  0]SourceControl: Info Source control is disabled
[2016.01.26-23.13.39:219][  0]SourceControl: Info Source control is disabled
[2016.01.26-23.13.39:248][  0]SourceControl: Info Source control is disabled
[2016.01.26-23.13.39:425][  0]LogLinker:Warning: Asset '../../../Engine/Plugins/Runtime/LeapMotionController/Content/LM_PassthroughMaterial.uasset' has been saved with empty engine version. The asset will be loaded but may be incompatible.
[2016.01.26-23.13.39:526][  0]LogObj: 31792 objects as part of root set at end of initial load.
[2016.01.26-23.13.39:527][  0]LogUObjectAllocator: 7252992 out of 0 bytes used by permanent object pool.
[2016.01.26-23.13.39:602][  0]LogEngine: Initializing Engine...
[2016.01.26-23.13.39:605][  0]LogHMD: Can't find Oculus library dev build: is proper Runtime installed? Version: 0.7.0.0
[2016.01.26-23.13.39:607][  0]LogHMD: SteamVR failed to initialize.  Err: 110
[2016.01.26-23.13.39:739][  0]LogAIModule: Creating AISystem for world NewWorld
[2016.01.26-23.13.39:753][  0]LogInit: XAudio2 using 'Haut-parleurs (USB PnP Sound Device)' : 2 channels at 44.1 kHz using 16 bits per sample (channel mask 0x3)
[2016.01.26-23.13.39:771][  0]LogInit: FAudioDevice initialized.
[2016.01.26-23.13.39:792][  0]LogDerivedDataCache: Saved boot cache 0.02s 42MB C:/Users/frederic/AppData/Local/UnrealEngine/4.9/DerivedDataCache/Boot.ddc.
[2016.01.26-23.13.39:798][  0]LogInit: Texture streaming: Enabled
[2016.01.26-23.13.39:814][  0]LogAnalytics: Creating configured Analytics provider AnalyticsET
[2016.01.26-23.13.39:814][  0]LogAnalytics: [UEEditor.Rocket.Release] APIServer = http://et2.epicgames.com/ET2/. AppVersion = 4.9.2-2707645+++depot+UE4-Releases+4.9
[2016.01.26-23.13.39:814][  0]LogAnalytics: [UEEditor.Rocket.Release] SetUserId c8da8d664a36a98701fe659c10ae4ff8|70626fa7f476448fb82ad9618fbbb1ab|00e7fb16-00c3-4af4-a2a1-2cc8013aae38
[2016.01.26-23.13.39:815][  0]LogAnalytics: [UEEditor.Rocket.Release] AnalyticsET::StartSession
[2016.01.26-23.13.39:833][  0]LogInit: Transaction tracking system initialized
[2016.01.26-23.13.39:927][  0]BlueprintLog: New page: Editor Load
[2016.01.26-23.13.40:273][  0]LocalizationService: Info Localization service is disabled
[2016.01.26-23.13.40:426][  0]LogLinker:Warning: Can't find file '/Game/ThirdPersonCPP/ThirdPersonOverview'
[2016.01.26-23.13.40:426][  0]LogLinker:Warning: Can't find file '/Game/ThirdPersonCPP/ThirdPersonOverview'
[2016.01.26-23.13.40:427][  0]LogUObjectGlobals:Warning: Failed to find object 'Class /Game/ThirdPersonCPP/ThirdPersonOverview.ThirdPersonOverview_C'
[2016.01.26-23.13.40:454][  0]LogConsoleResponse:Display: 
[2016.01.26-23.13.40:577][  0]LogCook:Display: Done creating registry. It took  0.00s.
[2016.01.26-23.13.40:736][  0]LogFileCache: Scanning file cache for directory 'C:/Users/frederic/Documents/Unreal Projects/LostAge/Content/' took 0.01s
[2016.01.26-23.13.40:736][  0]SourceControl: Info Source control is disabled
[2016.01.26-23.13.40:736][  0]Cmd: MAP LOAD FILE="../../../../../../Users/frederic/Documents/Unreal Projects/LostAge/Content/FirstPersonCPP/Maps/MainMenu.umap" TEMPLATE=0 SHOWPROGRESS=1 FEATURELEVEL=3
[2016.01.26-23.13.40:737][  0]LightingResults: New page: Lighting Build
[2016.01.26-23.13.40:742][  0]MapCheck: New page: Map Check
[2016.01.26-23.13.40:743][  0]LightingResults: New page: Lighting Build
[2016.01.26-23.13.40:755][  0]LogParticles: Destroying 0 GPU particle simulations for FXSystem 0x00000000233EA160
[2016.01.26-23.13.40:761][  0]LogAIModule: Creating AISystem for world MainMenu
[2016.01.26-23.13.40:763][  0]LogEditorServer: Finished looking for orphan Actors (0.000 secs)
[2016.01.26-23.13.40:764][  0]Cmd: MAP CHECKDEP NOCLEARLOG
[2016.01.26-23.13.40:807][  0]MapCheck: Info Map check complete: 0 Error(s), 0 Warning(s), took 42.436ms to complete.
[2016.01.26-23.13.40:808][  0]LogFileHelpers: Loading map 'MainMenu' took 0.071
[2016.01.26-23.13.40:904][  0]LogCollectionManager: Loaded 0 collections in 0.002015 seconds
[2016.01.26-23.13.40:947][  0]LogFileCache: Scanning file cache for directory 'C:/Users/frederic/Documents/Unreal Projects/LostAge/Saved/Collections/' took 0.01s
[2016.01.26-23.13.40:948][  0]LogFileCache: Scanning file cache for directory 'C:/Users/frederic/Documents/Unreal Projects/LostAge/Content/Developers/frederic/Collections/' took 0.01s
[2016.01.26-23.13.40:948][  0]LogFileCache: Scanning file cache for directory 'C:/Users/frederic/Documents/Unreal Projects/LostAge/Content/Collections/' took 0.01s
[2016.01.26-23.13.40:949][  0]LogContentBrowser: Native class hierarchy populated in 0.0087 seconds. Added 1875 classes and 335 folders.
[2016.01.26-23.13.40:957][  0]LogCollectionManager: Rebuilt the GUID cache for 0 collections in 0.000002 seconds
[2016.01.26-23.13.40:971][  0]LogContentBrowser: Native class hierarchy updated for 'WidgetCarousel' in 0.0031 seconds. Added 0 classes and 0 folders.
[2016.01.26-23.13.41:032][  0]LogContentBrowser: Native class hierarchy updated for 'AddContentDialog' in 0.0018 seconds. Added 0 classes and 0 folders.
[2016.01.26-23.13.41:052][  0]LogContentBrowser: Native class hierarchy updated for 'SceneOutliner' in 0.0018 seconds. Added 1 classes and 2 folders.
[2016.01.26-23.13.41:082][  0]LogCrashTracker: Crashtracker disabled due to settings.
[2016.01.26-23.13.41:086][  0]LogUObjectGlobals:Warning: Failed to find object 'Class None.'
[2016.01.26-23.13.41:107][  0]LogLoad: Full Startup: 11.18 seconds (BP compile: 0.03 seconds)
[2016.01.26-23.13.41:260][  0]LogContentStreaming: Texture pool size now 1000 MB
[2016.01.26-23.13.41:389][  2]LogRenderer: Reallocating scene render targets to support 968x508 (Frame:2).
[2016.01.26-23.13.41:541][  2]LogAssetRegistry: Asset discovery search completed in 2.6607 seconds
[2016.01.26-23.13.41:541][  2]LogCollectionManager: Rebuilt the object cache for 0 collections in 0.000001 seconds (found 0 objects)
[2016.01.26-23.13.41:542][  2]LogCollectionManager: Fixed up redirectors for 0 collections in 0.000674 seconds (updated 0 objects)
[2016.01.26-23.13.46:232][547]LogLinker:Warning: Asset '../../../Engine/Content/ArtTools/RenderToTexture/Macros/RenderToTextureMacros.uasset' has been saved with empty engine version. The asset will be loaded but may be incompatible.
[2016.01.26-23.13.46:724][547]LogContentBrowser: Native class hierarchy updated for 'BlueprintGraph' in 0.0022 seconds. Added 107 classes and 0 folders.
[2016.01.26-23.14.12:310][120]LogActorComponent: UnregisterComponent: (/Engine/Transient.CharMoveComp) Not registered. Aborting.
[2016.01.26-23.14.13:969][315]BlueprintLog: New page: Compile t
[2016.01.26-23.14.14:100][315]LogActorComponent: UnregisterComponent: (/Engine/Transient.CharacterMovementComponent_0) Not registered. Aborting.
[2016.01.26-23.14.14:129][315]BlueprintEditorCompileResults: Info [0044.20] Compile of t successful! [in 159 ms]
[2016.01.26-23.14.14:481][341]Cmd: OBJ SAVEPACKAGE PACKAGE="/Game/FirstPersonCPP/Blueprints/t" FILE="../../../../../../Users/frederic/Documents/Unreal Projects/LostAge/Content/FirstPersonCPP/Blueprints/t.uasset" SILENT=true
[2016.01.26-23.14.14:507][341]LogSavePackage: Save=18.382343ms
[2016.01.26-23.14.14:507][341]LogSavePackage: Moving '../../../../../../Users/frederic/Documents/Unreal Projects/LostAge/Saved/tDB780ADE458ED51AD01AB29036694A6C.tmp' to '../../../../../../Users/frederic/Documents/Unreal Projects/LostAge/Content/FirstPersonCPP/Blueprints/t.uasset'
[2016.01.26-23.14.14:510][341]LogSavePackage: Total save time: 27.118430ms
[2016.01.26-23.14.14:511][341]LogSavePackage:Warning: Finished SavePackage ../../../../../../Users/frederic/Documents/Unreal Projects/LostAge/Content/FirstPersonCPP/Blueprints/t.uasset
[2016.01.26-23.14.17:724][720]LogPlayLevel: PlayLevel: No blueprints needed recompiling
[2016.01.26-23.14.17:725][720]PIE: New page: PIE session: MainMenu (Jan 26, 2016, 1:14:17 PM)
[2016.01.26-23.14.17:784][720]LogPlayLevel: Creating play world package: /Game/FirstPersonCPP/Maps/UEDPIE_0_MainMenu
[2016.01.26-23.14.17:785][720]LogPlayLevel: PIE: StaticDuplicateObject took: (0.000474s)
[2016.01.26-23.14.17:786][720]LogAIModule: Creating AISystem for world MainMenu
[2016.01.26-23.14.17:787][720]LogPlayLevel: PIE: World Init took: (0.001278s)
[2016.01.26-23.14.17:787][720]LogPlayLevel: PIE: Created PIE world by copying editor world from /Game/FirstPersonCPP/Maps/MainMenu.MainMenu to /Game/FirstPersonCPP/Maps/UEDPIE_0_MainMenu.MainMenu (0.003090s)
[2016.01.26-23.14.17:787][720]LogActorComponent: UnregisterComponent: (/Engine/Transient.CharMoveComp) Not registered. Aborting.
[2016.01.26-23.14.17:819][720]LogInit: XAudio2 using 'Haut-parleurs (USB PnP Sound Device)' : 2 channels at 44.1 kHz using 16 bits per sample (channel mask 0x3)
[2016.01.26-23.14.17:823][720]LogInit: FAudioDevice initialized.
[2016.01.26-23.14.17:874][720]LogWorld: Game class is 'LostAgeGameMode'
[2016.01.26-23.14.17:876][720]LogWorld: Bringing World /Game/FirstPersonCPP/Maps/UEDPIE_0_MainMenu.MainMenu up for play (max tick rate 0) at 2016.01.26-18.14.17
[2016.01.26-23.14.17:876][720]LogActor:Warning: GameSession /Game/FirstPersonCPP/Maps/UEDPIE_0_MainMenu.MainMenu:PersistentLevel.GameSession_0 has natively added scene component(s), but none of them were set as the actor's RootComponent - picking one arbitrarily
[2016.01.26-23.14.17:877][720]LogActor:Warning: GameNetworkManager /Game/FirstPersonCPP/Maps/UEDPIE_0_MainMenu.MainMenu:PersistentLevel.GameNetworkManager_0 has natively added scene component(s), but none of them were set as the actor's RootComponent - picking one arbitrarily
[2016.01.26-23.14.17:877][720]LogWorld: Bringing up level for play took: 0.001413
[2016.01.26-23.14.17:888][720]LogVoice:Warning: Failed to initialize voice interface
[2016.01.26-23.14.17:889][720]LogOnline:Warning: NULL: Can't start an online game for session (Game) that hasn't been created
[2016.01.26-23.14.18:027][720]PIE: Info Play in editor start time for /Game/FirstPersonCPP/Maps/UEDPIE_0_MainMenu 0.339
[2016.01.26-23.14.18:918][818]LogPackageName: SearchForPackageOnDisk took   0.059s to resolve FirstPersonExampleMap.umap.
[2016.01.26-23.14.18:972][818]LogPackageName: SearchForPackageOnDisk took   0.054s to resolve FirstPersonExampleMap.umap.
[2016.01.26-23.14.18:973][818]LogNet: Browse: /Game/FirstPersonCPP/Maps/FirstPersonExampleMap
[2016.01.26-23.14.18:973][818]LogLoad: LoadMap: /Game/FirstPersonCPP/Maps/FirstPersonExampleMap
[2016.01.26-23.14.18:997][818]LogParticles: Destroying 0 GPU particle simulations for FXSystem 0x0000000059697100
[2016.01.26-23.14.19:002][818]Cmd: MEM
[2016.01.26-23.14.19:023][818]LogMemory: Platform Memory Stats for Windows
[2016.01.26-23.14.19:024][818]LogMemory: Process Physical Memory: 676.40 MB used, 677.81 MB peak
[2016.01.26-23.14.19:024][818]LogMemory: Process Virtual Memory: 1260.94 MB used, 1260.95 MB peak
[2016.01.26-23.14.19:025][818]LogMemory: Physical Memory: 8704.50 MB used, 16288.39 MB total
[2016.01.26-23.14.19:025][818]LogMemory: Virtual Memory: 1941.69 MB used, 8388608.00 MB total
[2016.01.26-23.14.19:025][818]LogMemory: 
[2016.01.26-23.14.19:025][818]Allocator Stats for TBB: (not implemented)
[2016.01.26-23.14.19:895][818]LogAIModule: Creating AISystem for world FirstPersonExampleMap
[2016.01.26-23.14.19:896][818]LogWorld: Game class is 'LostAgeGameMode'
[2016.01.26-23.14.21:509][818]LogWorld: Bringing World /Game/FirstPersonCPP/Maps/UEDPIE_0_FirstPersonExampleMap.FirstPersonExampleMap up for play (max tick rate 3) at 2016.01.26-18.14.21
[2016.01.26-23.14.21:510][818]LogActor:Warning: GameSession /Game/FirstPersonCPP/Maps/UEDPIE_0_FirstPersonExampleMap.FirstPerson