[2016.01.25-22.29.10:077][  0]Log file open, 01/25/16 17:29:10
[2016.01.25-22.29.10:077][  0]LogInit:Display: Running engine for game: LostAge
[2016.01.25-22.29.10:078][  0]LogInit:Display: RandInit(-1859770533) SRandInit(-1859770532).
[2016.01.25-22.29.10:078][  0]LogTaskGraph: Started task graph with 4 named threads and 7 total threads.
[2016.01.25-22.29.10:078][  0]LogStats: Stats thread started at 0.147710
[2016.01.25-22.29.10:079][  0]LogInit: Version: 4.9.2-2707645+++depot+UE4-Releases+4.9
[2016.01.25-22.29.10:079][  0]LogInit: API Version: 2672455
[2016.01.25-22.29.10:079][  0]LogInit: Compiled (64-bit): Sep 28 2015 10:25:44
[2016.01.25-22.29.10:079][  0]LogInit: Compiled with Visual C++: 18.00.21005.01
[2016.01.25-22.29.10:079][  0]LogInit: Build Configuration: DebugGame
[2016.01.25-22.29.10:080][  0]LogInit: Branch Name: ++depot+UE4-Releases+4.9
[2016.01.25-22.29.10:080][  0]LogInit: Command line:  -debug
[2016.01.25-22.29.10:080][  0]LogInit: Base directory: C:/Program Files/Epic Games/4.9/Engine/Binaries/Win64/
[2016.01.25-22.29.10:080][  0]LogInit: Rocket: 1
[2016.01.25-22.29.10:104][  0]LogInit: Using libcurl 7.41.0
[2016.01.25-22.29.10:104][  0]LogInit:  - built for x86_64-pc-win32
[2016.01.25-22.29.10:104][  0]LogInit:  - supports SSL with WinSSL
[2016.01.25-22.29.10:104][  0]LogInit:  - other features:
[2016.01.25-22.29.10:105][  0]LogInit:      CURL_VERSION_SSL
[2016.01.25-22.29.10:105][  0]LogInit:      CURL_VERSION_IPV6
[2016.01.25-22.29.10:105][  0]LogInit:      CURL_VERSION_ASYNCHDNS
[2016.01.25-22.29.10:105][  0]LogInit:      CURL_VERSION_LARGEFILE
[2016.01.25-22.29.10:105][  0]LogInit:      CURL_VERSION_IDN
[2016.01.25-22.29.10:106][  0]LogInit:  CurlRequestOptions (configurable via config and command line):
[2016.01.25-22.29.10:106][  0]LogInit:  - bVerifyPeer = true  - Libcurl will verify peer certificate
[2016.01.25-22.29.10:106][  0]LogInit:  - bUseHttpProxy = false  - Libcurl will NOT use HTTP proxy
[2016.01.25-22.29.10:106][  0]LogInit:  - bDontReuseConnections = false  - Libcurl will reuse connections
[2016.01.25-22.29.10:106][  0]LogInit:  - CertBundlePath = nullptr  - Libcurl will use whatever was configured at build time.
[2016.01.25-22.29.10:141][  0]LogInit: Presizing for 0 objects not considered by GC, pre-allocating 0 bytes.
[2016.01.25-22.29.10:149][  0]LogInit: Object subsystem initialized
[2016.01.25-22.29.10:151][  0]LogInit: Selected Device Profile: [Windows]
[2016.01.25-22.29.10:151][  0]LogInit: Applying CVar settings loaded from the selected device profile: [Windows]
[2016.01.25-22.29.10:160][  0]LogInit: Computer: FREDERIC-PC
[2016.01.25-22.29.10:161][  0]LogInit: User: frederic
[2016.01.25-22.29.10:161][  0]LogInit: CPU Page size=4096, Cores=4
[2016.01.25-22.29.10:161][  0]LogInit: High frequency timer resolution =3.331240 MHz
[2016.01.25-22.29.10:161][  0]LogMemory: Memory total: Physical=15.9GB (16GB approx)
[2016.01.25-22.29.10:162][  0]LogMemory: Platform Memory Stats for Windows
[2016.01.25-22.29.10:162][  0]LogMemory: Process Physical Memory: 53.21 MB used, 53.21 MB peak
[2016.01.25-22.29.10:162][  0]LogMemory: Process Virtual Memory: 57.42 MB used, 57.42 MB peak
[2016.01.25-22.29.10:163][  0]LogMemory: Physical Memory: 10223.91 MB used, 16288.39 MB total
[2016.01.25-22.29.10:163][  0]LogMemory: Virtual Memory: 332.55 MB used, 8388608.00 MB total
[2016.01.25-22.29.10:235][  0]LogTextLocalizationManager: No translations for ('fr-CA') exist, falling back to 'en' for localization and internationalization data.
[2016.01.25-22.29.11:099][  0]LogD3D11RHI: Found D3D11 adapter 0: NVIDIA GeForce GTX 970 (Feature Level 11_0)
[2016.01.25-22.29.11:099][  0]LogD3D11RHI: Adapter has 4008MB of dedicated video memory, 0MB of dedicated system memory, and 7888MB of shared system memory, 1 output[s]
[2016.01.25-22.29.11:107][  0]LogD3D11RHI: Found D3D11 adapter 1: Intel(R) HD Graphics 3000 (Feature Level 10_0)
[2016.01.25-22.29.11:107][  0]LogD3D11RHI: Adapter has 64MB of dedicated video memory, 0MB of dedicated system memory, and 1632MB of shared system memory, 0 output[s]
[2016.01.25-22.29.11:108][  0]LogD3D11RHI: Chosen D3D11 Adapter Id = 0
[2016.01.25-22.29.11:112][  0]LogD3D11RHI: !Direct3DDevice
[2016.01.25-22.29.11:112][  0]LogRHI: Texture pool is 1361 MB (70% of 1945 MB)
[2016.01.25-22.29.11:158][  0]LogD3D11RHI: Async texture creation enabled
[2016.01.25-22.29.11:174][  0]LogShaderCompilers: Guid format shader working directory is 15 characters bigger than the processId version (../../../../../../Users/frederic/Documents/Unreal Projects/LostAge/Intermediate/Shaders/WorkingDirectory/6300/).
[2016.01.25-22.29.11:174][  0]LogShaderCompilers: Cleaned the shader compiler working directory '../../../../../../Users/frederic/Documents/Unreal Projects/LostAge/Intermediate/Shaders/tmp/F8FD7D1B4A062A0DD5EC0DA430E61250/'.
[2016.01.25-22.29.11:175][  0]LogShaderCompilers:Display: Using Local Shader Compiler.
[2016.01.25-22.29.12:424][  0]LogTemp:Display: Loaded TP AllDesktopTargetPlatform
[2016.01.25-22.29.12:442][  0]LogTemp:Display: Loaded TP WindowsClientTargetPlatform
[2016.01.25-22.29.12:457][  0]LogTemp:Display: Loaded TP WindowsNoEditorTargetPlatform
[2016.01.25-22.29.12:475][  0]LogTemp:Display: Loaded TP WindowsServerTargetPlatform
[2016.01.25-22.29.12:494][  0]LogTemp:Display: Loaded TP WindowsTargetPlatform
[2016.01.25-22.29.12:502][  0]LogTemp:Display: Loaded TP AndroidTargetPlatform
[2016.01.25-22.29.12:510][  0]LogTemp:Display: Loaded TP Android_ASTCTargetPlatform
[2016.01.25-22.29.12:518][  0]LogTemp:Display: Loaded TP Android_ATCTargetPlatform
[2016.01.25-22.29.12:526][  0]LogTemp:Display: Loaded TP Android_DXTTargetPlatform
[2016.01.25-22.29.12:534][  0]LogTemp:Display: Loaded TP Android_ETC1TargetPlatform
[2016.01.25-22.29.12:541][  0]LogTemp:Display: Loaded TP Android_ETC2TargetPlatform
[2016.01.25-22.29.12:548][  0]LogTemp:Display: Loaded TP Android_PVRTCTargetPlatform
[2016.01.25-22.29.12:552][  0]LogTemp:Display: Loaded TP HTML5TargetPlatform
[2016.01.25-22.29.12:585][  0]LogTemp:Display: Loaded TP IOSTargetPlatform
[2016.01.25-22.29.12:592][  0]LogTemp:Display: Loaded TP LinuxNoEditorTargetPlatform
[2016.01.25-22.29.12:600][  0]LogTemp:Display: Loaded TP LinuxServerTargetPlatform
[2016.01.25-22.29.12:607][  0]LogTemp:Display: Loaded TP LinuxTargetPlatform
[2016.01.25-22.29.12:607][  0]LogTargetPlatformManager:Display: Building Assets For Windows
[2016.01.25-22.29.12:825][  0]LogDerivedDataCache:Display: Max Cache Size: 512 MB
[2016.01.25-22.29.12:876][  0]LogDerivedDataCache: Loaded boot cache 0.05s 43MB C:/Users/frederic/AppData/Local/UnrealEngine/4.9/DerivedDataCache/Boot.ddc.
[2016.01.25-22.29.12:877][  0]LogDerivedDataCache:Display: Loaded Boot cache: C:/Users/frederic/AppData/Local/UnrealEngine/4.9/DerivedDataCache/Boot.ddc
[2016.01.25-22.29.12:877][  0]LogDerivedDataCache: FDerivedDataBackendGraph:  Pak pak cache file ../../../../../../Users/frederic/Documents/Unreal Projects/LostAge/DerivedDataCache/DDC.ddp not found, will not use a pak cache.
[2016.01.25-22.29.12:877][  0]LogDerivedDataCache: Unable to find inner node Pak for hierarchical cache Hierarchy.
[2016.01.25-22.29.12:878][  0]LogDerivedDataCache: FDerivedDataBackendGraph:  CompressedPak pak cache file ../../../../../../Users/frederic/Documents/Unreal Projects/LostAge/DerivedDataCache/Compressed.ddp not found, will not use a pak cache.
[2016.01.25-22.29.12:878][  0]LogDerivedDataCache: Unable to find inner node CompressedPak for hierarchical cache Hierarchy.
[2016.01.25-22.29.13:029][  0]LogDerivedDataCache:Display: Pak cache opened for reading ../../../Engine/DerivedDataCache/Compressed.ddp.
[2016.01.25-22.29.13:041][  0]LogDerivedDataCache: Using Local data cache path C:/Users/frederic/AppData/Local/UnrealEngine/Common/DerivedDataCache: Writable
[2016.01.25-22.29.13:252][  0]LogInit: Selected Device Profile: [Windows]
[2016.01.25-22.29.13:253][  0]LogContentStreaming: Texture pool size is 0.000000MB
[2016.01.25-22.29.13:289][  0]LogMeshUtilities: No automatic mesh reduction module available
[2016.01.25-22.29.13:289][  0]LogMeshUtilities: No automatic mesh merging module available
[2016.01.25-22.29.13:688][  0]LogInit: WinSock: version 1.1 (2.2), MaxSocks=32767, MaxUdp=65467
[2016.01.25-22.29.14:713][  0]UdpMessaging: Initializing bridge on interface 0.0.0.0:0 to multicast group 230.0.0.1:6666.
[2016.01.25-22.29.15:080][  0]LogAssetRegistry: FAssetRegistry took 0.0099 seconds to start up
[2016.01.25-22.29.15:405][  0]SourceControl: Info Source control is disabled
[2016.01.25-22.29.15:406][  0]SourceControl: Info Source control is disabled
[2016.01.25-22.29.15:425][  0]SourceControl: Info Source control is disabled
[2016.01.25-22.29.15:447][  0]SourceControl: Info Source control is disabled
[2016.01.25-22.29.15:628][  0]LogLinker:Warning: Asset '../../../Engine/Plugins/Runtime/LeapMotionController/Content/LM_PassthroughMaterial.uasset' has been saved with empty engine version. The asset will be loaded but may be incompatible.
[2016.01.25-22.29.15:731][  0]LogObj: 31827 objects as part of root set at end of initial load.
[2016.01.25-22.29.15:731][  0]LogUObjectAllocator: 7265808 out of 0 bytes used by permanent object pool.
[2016.01.25-22.29.15:823][  0]LogEngine: Initializing Engine...
[2016.01.25-22.29.15:826][  0]LogHMD: Can't find Oculus library dev build: is proper Runtime installed? Version: 0.7.0.0
[2016.01.25-22.29.15:828][  0]LogHMD: SteamVR failed to initialize.  Err: 110
[2016.01.25-22.29.15:977][  0]LogAIModule: Creating AISystem for world NewWorld
[2016.01.25-22.29.15:995][  0]LogInit: XAudio2 using 'Haut-parleurs (USB PnP Sound Device)' : 2 channels at 44.1 kHz using 16 bits per sample (channel mask 0x3)
[2016.01.25-22.29.16:003][  0]LogInit: FAudioDevice initialized.
[2016.01.25-22.29.16:025][  0]LogDerivedDataCache: Saved boot cache 0.02s 43MB C:/Users/frederic/AppData/Local/UnrealEngine/4.9/DerivedDataCache/Boot.ddc.
[2016.01.25-22.29.16:031][  0]LogInit: Texture streaming: Enabled
[2016.01.25-22.29.16:046][  0]LogAnalytics: Creating configured Analytics provider AnalyticsET
[2016.01.25-22.29.16:047][  0]LogAnalytics: [UEEditor.Rocket.Release] APIServer = http://et2.epicgames.com/ET2/. AppVersion = 4.9.2-2707645+++depot+UE4-Releases+4.9
[2016.01.25-22.29.16:047][  0]LogAnalytics: [UEEditor.Rocket.Release] SetUserId c8da8d664a36a98701fe659c10ae4ff8|70626fa7f476448fb82ad9618fbbb1ab|00e7fb16-00c3-4af4-a2a1-2cc8013aae38
[2016.01.25-22.29.16:047][  0]LogAnalytics: [UEEditor.Rocket.Release] AnalyticsET::StartSession
[2016.01.25-22.29.16:066][  0]LogInit: Transaction tracking system initialized
[2016.01.25-22.29.16:174][  0]BlueprintLog: New page: Editor Load
[2016.01.25-22.29.16:560][  0]LocalizationService: Info Localization service is disabled
[2016.01.25-22.29.16:720][  0]LogLinker:Warning: Can't find file '/Game/ThirdPersonCPP/ThirdPersonOverview'
[2016.01.25-22.29.16:720][  0]LogLinker:Warning: Can't find file '/Game/ThirdPersonCPP/ThirdPersonOverview'
[2016.01.25-22.29.16:721][  0]LogUObjectGlobals:Warning: Failed to find object 'Class /Game/ThirdPersonCPP/ThirdPersonOverview.ThirdPersonOverview_C'
[2016.01.25-22.29.16:752][  0]LogConsoleResponse:Display: 
[2016.01.25-22.29.16:894][  0]LogCook:Display: Done creating registry. It took  0.00s.
[2016.01.25-22.29.17:054][  0]LogFileCache: Scanning file cache for directory 'C:/Users/frederic/Documents/Unreal Projects/LostAge/Content/' took 0.01s
[2016.01.25-22.29.17:055][  0]SourceControl: Info Source control is disabled
[2016.01.25-22.29.17:055][  0]Cmd: MAP LOAD FILE="../../../../../../Users/frederic/Documents/Unreal Projects/LostAge/Content/FirstPersonCPP/Maps/FirstPersonExampleMap.umap" TEMPLATE=0 SHOWPROGRESS=1 FEATURELEVEL=3
[2016.01.25-22.29.17:056][  0]LightingResults: New page: Lighting Build
[2016.01.25-22.29.17:061][  0]MapCheck: New page: Map Check
[2016.01.25-22.29.17:062][  0]LightingResults: New page: Lighting Build
[2016.01.25-22.29.17:073][  0]LogParticles: Destroying 0 GPU particle simulations for FXSystem 0x000000002325E480
[2016.01.25-22.29.17:293][  0]LogAIModule: Creating AISystem for world FirstPersonExampleMap
[2016.01.25-22.29.17:303][  0]LogEditorServer: Finished looking for orphan Actors (0.000 secs)
[2016.01.25-22.29.17:304][  0]Cmd: MAP CHECKDEP NOCLEARLOG
[2016.01.25-22.29.17:363][  0]MapCheck: Info Map check complete: 0 Error(s), 0 Warning(s), took 59.288ms to complete.
[2016.01.25-22.29.17:364][  0]LogFileHelpers: Loading map 'FirstPersonExampleMap' took 0.309
[2016.01.25-22.29.17:481][  0]LogCollectionManager: Loaded 0 collections in 0.002079 seconds
[2016.01.25-22.29.17:530][  0]LogFileCache: Scanning file cache for directory 'C:/Users/frederic/Documents/Unreal Projects/LostAge/Saved/Collections/' took 0.01s
[2016.01.25-22.29.17:530][  0]LogFileCache: Scanning file cache for directory 'C:/Users/frederic/Documents/Unreal Projects/LostAge/Content/Developers/frederic/Collections/' took 0.01s
[2016.01.25-22.29.17:531][  0]LogFileCache: Scanning file cache for directory 'C:/Users/frederic/Documents/Unreal Projects/LostAge/Content/Collections/' took 0.01s
[2016.01.25-22.29.17:531][  0]LogContentBrowser: Native class hierarchy populated in 0.0125 seconds. Added 1874 classes and 335 folders.
[2016.01.25-22.29.17:539][  0]LogCollectionManager: Rebuilt the GUID cache for 0 collections in 0.000002 seconds
[2016.01.25-22.29.17:550][  0]LogContentBrowser: Native class hierarchy updated for 'WidgetCarousel' in 0.0019 seconds. Added 0 classes and 0 folders.
[2016.01.25-22.29.17:620][  0]LogContentBrowser: Native class hierarchy updated for 'AddContentDialog' in 0.0022 seconds. Added 0 classes and 0 folders.
[2016.01.25-22.29.17:639][  0]LogContentBrowser: Native class hierarchy updated for 'SceneOutliner' in 0.0018 seconds. Added 1 classes and 2 folders.
[2016.01.25-22.29.17:676][  0]LogCrashTracker: Crashtracker disabled due to settings.
[2016.01.25-22.29.17:682][  0]LogUObjectGlobals:Warning: Failed to find object 'Class None.'
[2016.01.25-22.29.17:704][  0]LogLoad: Full Startup: 8.66 seconds (BP compile: 0.08 seconds)
[2016.01.25-22.29.17:714][  0]LoadErrors:Error: Error /Game/FirstPersonCPP/Maps/FirstPersonExampleMap : Failed import for CameraComponent /Game/FirstPersonCPP/Blueprints/FirstPersonCharacter.Default__FirstPersonCharacter_C:FirstPersonCamera
[2016.01.25-22.29.17:715][  0]LoadErrors:Error: Error /Game/FirstPersonCPP/Maps/FirstPersonExampleMap : Failed import for SkeletalMeshComponent /Game/FirstPersonCPP/Blueprints/FirstPersonCharacter.Default__FirstPersonCharacter_C:CharacterMesh1P
[2016.01.25-22.29.17:775][  0]LogContentStreaming: Texture pool size now 1000 MB
[2016.01.25-22.29.17:931][  0]LogRenderer: Reallocating scene render targets to support 1208x556 (Frame:2).
[2016.01.25-22.29.18:296][  4]LogAssetRegistry: Asset discovery search completed in 3.2260 seconds
[2016.01.25-22.29.18:297][  4]LogCollectionManager: Rebuilt the object cache for 0 collections in 0.000002 seconds (found 0 objects)
[2016.01.25-22.29.18:297][  4]LogCollectionManager: Fixed up redirectors for 0 collections in 0.000310 seconds (updated 0 objects)
[2016.01.25-22.29.23:094][550]LogLinker:Warning: Asset '../../../Engine/Content/ArtTools/RenderToTexture/Macros/RenderToTextureMacros.uasset' has been saved with empty engine version. The asset will be loaded but may be incompatible.
[2016.01.25-22.29.23:668][550]LogContentBrowser: Native class hierarchy updated for 'BlueprintGraph' in 0.0026 seconds. Added 107 classes and 0 folders.
[2016.01.25-22.29.34:952][666]LogActorComponent: UnregisterComponent: (/Engine/Transient.CharMoveComp) Not registered. Aborting.
[2016.01.25-22.29.34:953][666]LogActorComponent: UnregisterComponent: (/Engine/Transient.CharacterMovementComponent_0) Not registered. Aborting.
[2016.01.25-22.29.36:180][805]BlueprintLog: New page: Compile test
[2016.01.25-22.29.36:360][805]LogActorComponent: UnregisterComponent: (/Engine/Transient.CharacterMovementComponent_1) Not registered. Aborting.
[2016.01.25-22.29.36:397][805]BlueprintEditorCompileResults: Info [0027.35] Compile of test successful! [in 216 ms]
[2016.01.25-22.29.39:905][201]LogBlueprintUserMessages: Early PlayInEditor Detection: Level '/Game/FirstPersonCPP/Maps/FirstPersonExampleMap.FirstPersonExampleMap:PersistentLevel' has LevelScriptBlueprint '/Game/FirstPersonCPP/Maps/FirstPersonExampleMap.FirstPersonExampleMap:PersistentLevel.FirstPersonExampleMap' with GeneratedClass '/Game/FirstPersonCPP/Maps/FirstPersonExampleMap.FirstPersonExampleMap_C' with ClassGeneratedBy '/Game/FirstPersonCPP/Maps/FirstPersonExampleMap.FirstPersonExampleMap:PersistentLevel.FirstPersonExampleMap'
[2016.01.25-22.29.39:906][201]LogPlayLevel: PlayLevel: No blueprints needed recompiling
[2016.01.25-22.29.39:907][201]PIE: New page: PIE session: FirstPersonExampleMap (Jan 25, 2016, 12:29:39 PM)
[2016.01.25-22.29.39:907][201]LogPlayLevel: Creating play world package: /Game/FirstPersonCPP/Maps/UEDPIE_0_FirstPersonExampleMap
[2016.01.25-22.29.39:935][201]LogPlayLevel: PIE: StaticDuplicateObject took: (0.027854s)
[2016.01.25-22.29.39:937][201]LogAIModule: Creating AISystem for world FirstPersonExampleMap
[2016.01.25-22.29.39:937][201]LogPlayLevel: PIE: World Init took: (0.001279s)
[2016.01.25-22.29.39:938][201]LogPlayLevel: PIE: Created PIE world by copying editor world from /Game/FirstPersonCPP/Maps/FirstPersonExampleMap.FirstPersonExampleMap to /Game/FirstPersonCPP/Maps/UEDPIE_0_FirstPersonExampleMap.FirstPersonExampleMap (0.030558s)
[2016.01.25-22.29.39:938][201]LogActorComponent: UnregisterComponent: (/Engine/Transient.CharMoveComp) Not registered. Aborting.
[2016.01.25-22.29.39:977][201]LogInit: XAudio2 using 'Haut-parleurs (USB PnP Sound Device)' : 2 channels at 44.1 kHz using 16 bits per sample (channel mask 0x3)
[2016.01.25-22.29.39:981][201]LogInit: FAudioDevice initialized.
[2016.01.25-22.29.40:032][201]LogWorld: Game class is 'LostAgeGameMode'
[2016.01.25-22.29.40:038][201]LogWorld: Bringing World /Game/FirstPersonCPP/Maps/UEDPIE_0_FirstPersonExampleMap.FirstPersonExampleMap up for play (max tick rate 0) at 2016.01.25-17.29.40
[2016.01.25-22.29.40:039][201]LogActor:Warning: GameSession /Game/FirstPersonCPP/Maps/UEDPIE_0_FirstPersonExampleMap.FirstPersonExampleMap:PersistentLevel.GameSession_0 has natively added scene component(s), but none of them were set as the actor's RootComponent - picking one arbitrarily
[2016.01.25-22.29.40:040][201]LogActor:Warning: GameNetworkManager /Game/FirstPersonCPP/Maps/UEDPIE_0_FirstPersonExampleMap.FirstPersonExampleMap:PersistentLevel.GameNetworkManager_0 has natively added scene component(s), but none of them were set as the actor's RootComponent - picking one arbitrarily
[2016.01.25-22.29.40:040][201]LogWorld: Bringing up level for play took: 0.006839
[2016.01.25-22.29.40:042][201]PIE: Info Play in editor start time for /Game/FirstPersonCPP/Maps/UEDPIE_0_FirstPersonExampleMap 0.511
[2016.01.25-22.29.40:043][201]LogBlueprintUserMessages: Late PlayInEditor Detection: Level '/Game/FirstPersonCPP/Maps/FirstPersonExampleMap.FirstPersonExampleMap:PersistentLevel' has LevelScriptBlueprint '/Game/FirstPersonCPP/Maps/FirstPersonExampleMap.FirstPersonExampleMap:PersistentLevel.FirstPersonExampleMap' with GeneratedClass '/Game/FirstPersonCPP/Maps/FirstPersonExampleMap.FirstPersonExampleMap_C' with ClassGeneratedBy '/Game/FirstPersonCPP/Maps/FirstPersonExampleMap.FirstPersonExampleMap:PersistentLevel.FirstPersonExampleMap'
[2016.01.25-22.29.50:554][793]LogBlueprintUserMessages: Early EndPlayMap Detection: Level '/Game/FirstPersonCPP/Maps/FirstPersonExampleMap.FirstPersonExampleMap:PersistentLevel' has LevelScriptBlueprint '/Game/FirstPersonCPP/Maps/FirstPersonExampleMap.FirstPersonExampleMap:PersistentLevel.FirstPersonExampleMap' with GeneratedClass '/Game/FirstPersonCPP/Maps/FirstPersonExampleMap.FirstPersonExampleMap_C' with ClassGeneratedBy '/Game/FirstPersonCPP/Maps/FirstPersonExampleMap.FirstPersonExampleMap:PersistentLevel.FirstPersonExampleMap'
[2016.01.25-22.29.50:589][793]LogBlueprintUserMessages: Late EndPlayMap Detection: Level '/Game/FirstPersonCPP/Maps/FirstPersonExampleMap.FirstPersonExampleMap:PersistentLevel' has LevelScriptBlueprint '/Game/FirstPersonCPP/Maps/FirstPersonExampleMap.FirstPersonExampleMap:PersistentLevel.FirstPersonE