[2016.01.26-20.01.51:279][  0]Log file open, 01/26/16 15:01:51
[2016.01.26-20.01.51:279][  0]LogInit:Display: Running engine for game: LostAge
[2016.01.26-20.01.51:279][  0]LogInit:Display: RandInit(-1095218658) SRandInit(-1095218657).
[2016.01.26-20.01.51:279][  0]LogTaskGraph: Started task graph with 4 named threads and 7 total threads.
[2016.01.26-20.01.51:279][  0]LogStats: Stats thread started at 0.069877
[2016.01.26-20.01.51:279][  0]LogInit: Version: 4.9.2-2707645+++depot+UE4-Releases+4.9
[2016.01.26-20.01.51:279][  0]LogInit: API Version: 2672455
[2016.01.26-20.01.51:279][  0]LogInit: Compiled (64-bit): Sep 28 2015 10:25:44
[2016.01.26-20.01.51:279][  0]LogInit: Compiled with Visual C++: 18.00.21005.01
[2016.01.26-20.01.51:279][  0]LogInit: Build Configuration: Development
[2016.01.26-20.01.51:279][  0]LogInit: Branch Name: ++depot+UE4-Releases+4.9
[2016.01.26-20.01.51:279][  0]LogInit: Command line:  -game
[2016.01.26-20.01.51:279][  0]LogInit: Base directory: C:/Program Files/Epic Games/4.9/Engine/Binaries/Win64/
[2016.01.26-20.01.51:279][  0]LogInit: Rocket: 1
[2016.01.26-20.01.51:295][  0]LogInit: Using libcurl 7.41.0
[2016.01.26-20.01.51:295][  0]LogInit:  - built for x86_64-pc-win32
[2016.01.26-20.01.51:295][  0]LogInit:  - supports SSL with WinSSL
[2016.01.26-20.01.51:295][  0]LogInit:  - other features:
[2016.01.26-20.01.51:295][  0]LogInit:      CURL_VERSION_SSL
[2016.01.26-20.01.51:295][  0]LogInit:      CURL_VERSION_IPV6
[2016.01.26-20.01.51:295][  0]LogInit:      CURL_VERSION_ASYNCHDNS
[2016.01.26-20.01.51:295][  0]LogInit:      CURL_VERSION_LARGEFILE
[2016.01.26-20.01.51:295][  0]LogInit:      CURL_VERSION_IDN
[2016.01.26-20.01.51:295][  0]LogInit:  CurlRequestOptions (configurable via config and command line):
[2016.01.26-20.01.51:295][  0]LogInit:  - bVerifyPeer = true  - Libcurl will verify peer certificate
[2016.01.26-20.01.51:295][  0]LogInit:  - bUseHttpProxy = false  - Libcurl will NOT use HTTP proxy
[2016.01.26-20.01.51:295][  0]LogInit:  - bDontReuseConnections = false  - Libcurl will reuse connections
[2016.01.26-20.01.51:295][  0]LogInit:  - CertBundlePath = nullptr  - Libcurl will use whatever was configured at build time.
[2016.01.26-20.01.51:314][  0]LogInit: WinSock: version 1.1 (2.2), MaxSocks=32767, MaxUdp=65467
[2016.01.26-20.01.51:319][  0]LogVoice:Warning: Failed to initialize voice interface
[2016.01.26-20.01.51:323][  0]LogInit: Presizing for 0 objects not considered by GC, pre-allocating 0 bytes.
[2016.01.26-20.01.51:331][  0]LogInit: Object subsystem initialized
[2016.01.26-20.01.51:333][  0]LogInit: Selected Device Profile: [Windows]
[2016.01.26-20.01.51:333][  0]LogInit: Applying CVar settings loaded from the selected device profile: [Windows]
[2016.01.26-20.01.51:342][  0]LogInit: Computer: FREDERIC-PC
[2016.01.26-20.01.51:342][  0]LogInit: User: frederic
[2016.01.26-20.01.51:342][  0]LogInit: CPU Page size=4096, Cores=4
[2016.01.26-20.01.51:342][  0]LogInit: High frequency timer resolution =3.331240 MHz
[2016.01.26-20.01.51:342][  0]LogMemory: Memory total: Physical=15.9GB (16GB approx)
[2016.01.26-20.01.51:342][  0]LogMemory: Platform Memory Stats for Windows
[2016.01.26-20.01.51:342][  0]LogMemory: Process Physical Memory: 55.85 MB used, 55.85 MB peak
[2016.01.26-20.01.51:342][  0]LogMemory: Process Virtual Memory: 59.56 MB used, 59.56 MB peak
[2016.01.26-20.01.51:342][  0]LogMemory: Physical Memory: 7621.52 MB used, 16288.39 MB total
[2016.01.26-20.01.51:342][  0]LogMemory: Virtual Memory: 343.57 MB used, 8388608.00 MB total
[2016.01.26-20.01.51:379][  0]LogTextLocalizationManager: No translations for ('fr-CA') exist, falling back to 'en' for localization and internationalization data.
[2016.01.26-20.01.52:022][  0]LogD3D11RHI: Found D3D11 adapter 0: NVIDIA GeForce GTX 970 (Feature Level 11_0)
[2016.01.26-20.01.52:022][  0]LogD3D11RHI: Adapter has 4008MB of dedicated video memory, 0MB of dedicated system memory, and 7888MB of shared system memory, 1 output[s]
[2016.01.26-20.01.52:025][  0]LogD3D11RHI: Found D3D11 adapter 1: Intel(R) HD Graphics 3000 (Feature Level 10_0)
[2016.01.26-20.01.52:025][  0]LogD3D11RHI: Adapter has 64MB of dedicated video memory, 0MB of dedicated system memory, and 1632MB of shared system memory, 0 output[s]
[2016.01.26-20.01.52:025][  0]LogD3D11RHI: Chosen D3D11 Adapter Id = 0
[2016.01.26-20.01.52:030][  0]LogD3D11RHI: !Direct3DDevice
[2016.01.26-20.01.52:030][  0]LogRHI: Texture pool is 1361 MB (70% of 1945 MB)
[2016.01.26-20.01.52:040][  0]LogD3D11RHI: Async texture creation enabled
[2016.01.26-20.01.52:058][  0]LogShaderCompilers: Guid format shader working directory is 15 characters bigger than the processId version (../../../../../../Users/frederic/Documents/Unreal Projects/LostAge/Intermediate/Shaders/WorkingDirectory/7880/).
[2016.01.26-20.01.52:058][  0]LogShaderCompilers: Cleaned the shader compiler working directory '../../../../../../Users/frederic/Documents/Unreal Projects/LostAge/Intermediate/Shaders/tmp/413B00154523E817779FF08512E810F7/'.
[2016.01.26-20.01.52:058][  0]LogShaderCompilers:Display: Using Local Shader Compiler.
[2016.01.26-20.01.53:258][  0]LogTemp:Display: Loaded TP AllDesktopTargetPlatform
[2016.01.26-20.01.53:263][  0]LogTemp:Display: Loaded TP WindowsClientTargetPlatform
[2016.01.26-20.01.53:268][  0]LogTemp:Display: Loaded TP WindowsNoEditorTargetPlatform
[2016.01.26-20.01.53:272][  0]LogTemp:Display: Loaded TP WindowsServerTargetPlatform
[2016.01.26-20.01.53:277][  0]LogTemp:Display: Loaded TP WindowsTargetPlatform
[2016.01.26-20.01.53:280][  0]LogTemp:Display: Loaded TP AndroidTargetPlatform
[2016.01.26-20.01.53:284][  0]LogTemp:Display: Loaded TP Android_ASTCTargetPlatform
[2016.01.26-20.01.53:287][  0]LogTemp:Display: Loaded TP Android_ATCTargetPlatform
[2016.01.26-20.01.53:290][  0]LogTemp:Display: Loaded TP Android_DXTTargetPlatform
[2016.01.26-20.01.53:293][  0]LogTemp:Display: Loaded TP Android_ETC1TargetPlatform
[2016.01.26-20.01.53:297][  0]LogTemp:Display: Loaded TP Android_ETC2TargetPlatform
[2016.01.26-20.01.53:300][  0]LogTemp:Display: Loaded TP Android_PVRTCTargetPlatform
[2016.01.26-20.01.53:301][  0]LogTemp:Display: Loaded TP HTML5TargetPlatform
[2016.01.26-20.01.53:317][  0]LogTemp:Display: Loaded TP IOSTargetPlatform
[2016.01.26-20.01.53:320][  0]LogTemp:Display: Loaded TP LinuxNoEditorTargetPlatform
[2016.01.26-20.01.53:324][  0]LogTemp:Display: Loaded TP LinuxServerTargetPlatform
[2016.01.26-20.01.53:327][  0]LogTemp:Display: Loaded TP LinuxTargetPlatform
[2016.01.26-20.01.53:327][  0]LogTargetPlatformManager:Display: Building Assets For Windows
[2016.01.26-20.01.53:402][  0]LogDerivedDataCache:Display: Max Cache Size: 512 MB
[2016.01.26-20.01.53:446][  0]LogDerivedDataCache: Loaded boot cache 0.04s 40MB C:/Users/frederic/AppData/Local/UnrealEngine/4.9/DerivedDataCache/Boot.ddc.
[2016.01.26-20.01.53:447][  0]LogDerivedDataCache:Display: Loaded Boot cache: C:/Users/frederic/AppData/Local/UnrealEngine/4.9/DerivedDataCache/Boot.ddc
[2016.01.26-20.01.53:447][  0]LogDerivedDataCache: FDerivedDataBackendGraph:  Pak pak cache file ../../../../../../Users/frederic/Documents/Unreal Projects/LostAge/DerivedDataCache/DDC.ddp not found, will not use a pak cache.
[2016.01.26-20.01.53:447][  0]LogDerivedDataCache: Unable to find inner node Pak for hierarchical cache Hierarchy.
[2016.01.26-20.01.53:447][  0]LogDerivedDataCache: FDerivedDataBackendGraph:  CompressedPak pak cache file ../../../../../../Users/frederic/Documents/Unreal Projects/LostAge/DerivedDataCache/Compressed.ddp not found, will not use a pak cache.
[2016.01.26-20.01.53:447][  0]LogDerivedDataCache: Unable to find inner node CompressedPak for hierarchical cache Hierarchy.
[2016.01.26-20.01.53:596][  0]LogDerivedDataCache:Display: Pak cache opened for reading ../../../Engine/DerivedDataCache/Compressed.ddp.
[2016.01.26-20.01.53:608][  0]LogDerivedDataCache: Using Local data cache path C:/Users/frederic/AppData/Local/UnrealEngine/Common/DerivedDataCache: Writable
[2016.01.26-20.01.53:811][  0]LogInit: Selected Device Profile: [Windows]
[2016.01.26-20.01.53:812][  0]LogContentStreaming: Texture pool size is 1000.000000MB
[2016.01.26-20.01.53:825][  0]LogMeshUtilities: No automatic mesh reduction module available
[2016.01.26-20.01.53:825][  0]LogMeshUtilities: No automatic mesh merging module available
[2016.01.26-20.01.54:328][  0]LogWindowsMoviePlayer: Unable to load movie: ../../../../../../Users/frederic/Documents/Unreal Projects/LostAge/Content/Movies/Default_Startup.mp4
[2016.01.26-20.01.54:593][  0]SourceControl: Info Source control is disabled
[2016.01.26-20.01.54:594][  0]SourceControl: Info Source control is disabled
[2016.01.26-20.01.54:604][  0]SourceControl: Info Source control is disabled
[2016.01.26-20.01.54:681][  0]LogLinker:Warning: Asset '../../../Engine/Plugins/Runtime/LeapMotionController/Content/LM_PassthroughMaterial.uasset' has been saved with empty engine version. The asset will be loaded but may be incompatible.
[2016.01.26-20.01.54:752][  0]LogObj: 31097 objects as part of root set at end of initial load.
[2016.01.26-20.01.54:752][  0]LogUObjectAllocator: 6985312 out of 0 bytes used by permanent object pool.
[2016.01.26-20.01.54:812][  0]LogEngine: Initializing Engine...
[2016.01.26-20.01.54:815][  0]LogHMD: Can't find Oculus library dev build: is proper Runtime installed? Version: 0.7.0.0
[2016.01.26-20.01.54:815][  0]LogHMD: SteamVR failed to initialize.  Err: 110
[2016.01.26-20.01.54:932][  0]LogInit: XAudio2 using 'Haut-parleurs (Realtek High Definition Audio)' : 2 channels at 48 kHz using 32 bits per sample (channel mask 0x3)
[2016.01.26-20.01.54:945][  0]LogInit: FAudioDevice initialized.
[2016.01.26-20.01.54:965][  0]LogDerivedDataCache: Saved boot cache 0.02s 40MB C:/Users/frederic/AppData/Local/UnrealEngine/4.9/DerivedDataCache/Boot.ddc.
[2016.01.26-20.01.54:971][  0]LogInit: Texture streaming: Enabled
[2016.01.26-20.01.55:075][  0]LogNet: Browse: /Game/FirstPersonCPP/Maps/MainMenu?Name=Player
[2016.01.26-20.01.55:076][  0]LogLoad: LoadMap: /Game/FirstPersonCPP/Maps/MainMenu?Name=Player
[2016.01.26-20.01.55:088][  0]LogParticles: Destroying 0 GPU particle simulations for FXSystem 0x0000000012A9EA20
[2016.01.26-20.01.55:098][  0]LogMemory: Platform Memory Stats for Windows
[2016.01.26-20.01.55:098][  0]LogMemory: Process Physical Memory: 384.96 MB used, 384.96 MB peak
[2016.01.26-20.01.55:098][  0]LogMemory: Process Virtual Memory: 462.48 MB used, 462.48 MB peak
[2016.01.26-20.01.55:098][  0]LogMemory: Physical Memory: 7903.86 MB used, 16288.39 MB total
[2016.01.26-20.01.55:098][  0]LogMemory: Virtual Memory: 956.48 MB used, 8388608.00 MB total
[2016.01.26-20.01.55:098][  0]LogMemory: 
[2016.01.26-20.01.55:098][  0]Allocator Stats for TBB: (not implemented)
[2016.01.26-20.01.55:108][  0]LogAIModule: Creating AISystem for world MainMenu
[2016.01.26-20.01.55:108][  0]LogWorld: Game class is 'LostAgeGameMode'
[2016.01.26-20.01.55:110][  0]LogWorld: Bringing World /Game/FirstPersonCPP/Maps/MainMenu.MainMenu up for play (max tick rate 0) at 2016.01.26-15.01.55
[2016.01.26-20.01.55:110][  0]LogWorld: Bringing up level for play took: 0.000392
[2016.01.26-20.01.55:110][  0]LogGameMode: Warning - PATHS NOT DEFINED or NO PLAYERSTART with positive rating
[2016.01.26-20.01.55:111][  0]LogOnline:Warning: NULL: Can't start an online game for session (Game) that hasn't been created
[2016.01.26-20.01.55:217][  0]LogInit:Display: Game Engine Initialized.
[2016.01.26-20.01.55:433][  0]LogLoad: Full Startup: 4.96 seconds (BP compile: 0.12 seconds)
[2016.01.26-20.01.55:530][  2]LogRenderer: Reallocating scene render targets to support 1600x900 (Frame:2).
[2016.01.26-20.01.56:601][ 67]LogInit: WinSock: I am frederic-PC (192.168.1.103:0)
[2016.01.26-20.02.02:373][425]LogNet: Browse: 192.168.1.103//Game/FirstPersonCPP/Maps/MainMenu
[2016.01.26-20.02.02:373][425]LogInit: WinSock: Socket queue 32768 / 32768
[2016.01.26-20.02.02:374][425]LogNet: Game client on port 7777, rate 10000
[2016.01.26-20.02.02:374][425]LogNet: GetLocalNetworkVersion: GEngineNetVersion: 2707645, ProjectName: lostage, ProjectVersion: 1.0.0.0, InternalProtocolVersion: 9, LocalNetworkVersion: 4161370921
[2016.01.26-20.02.02:405][427]LogNet: Welcomed by server (Level: /Game/FirstPersonCPP/Maps/FirstPersonExampleMap, Game: /Script/LostAge.LostAgeGameMode)
[2016.01.26-20.02.02:406][427]LogLoad: LoadMap: 192.168.1.103//Game/FirstPersonCPP/Maps/FirstPersonExampleMap?game=/Script/LostAge.LostAgeGameMode
[2016.01.26-20.02.02:418][427]LogParticles: Destroying 0 GPU particle simulations for FXSystem 0x0000000012A9F380
[2016.01.26-20.02.02:428][427]LogMemory: Platform Memory Stats for Windows
[2016.01.26-20.02.02:428][427]LogMemory: Process Physical Memory: 405.80 MB used, 407.00 MB peak
[2016.01.26-20.02.02:428][427]LogMemory: Process Virtual Memory: 700.51 MB used, 702.33 MB peak
[2016.01.26-20.02.02:428][427]LogMemory: Physical Memory: 7903.39 MB used, 16288.39 MB total
[2016.01.26-20.02.02:428][427]LogMemory: Virtual Memory: 1228.09 MB used, 8388608.00 MB total
[2016.01.26-20.02.02:428][427]LogMemory: 
[2016.01.26-20.02.02:428][427]Allocator Stats for TBB: (not implemented)
[2016.01.26-20.02.02:596][427]LogAIModule: Creating AISystem for world FirstPersonExampleMap
[2016.01.26-20.02.02:599][427]LogWorld: Bringing World /Game/FirstPersonCPP/Maps/FirstPersonExampleMap.FirstPersonExampleMap up for play (max tick rate 0) at 2016.01.26-15.02.02
[2016.01.26-20.02.02:599][427]LogWorld: Bringing up level for play took: 0.001833
[2016.01.26-20.02.02:846][429]LogWindows: === Critical error: ===
Fatal error!



[2016.01.26-20.02.02:984][429]LogExit: Executing StaticShutdownAfterError
[2016.01.26-20.02.02:987][429]LogPhysics:Warning: PHYSX: ..\..\PhysX\src\NpScene.cpp (2946) 8 : PxScene::unlockWrite() called without matching call to PxScene::lockWrite(), behaviour will be undefined.
[2016.01.26-20.02.02:987][429]LogPhysics:Warning: PHYSX: ..\..\PhysX\src\NpScene.cpp (2946) 8 : PxScene::unlockWrite() called without matching call to PxScene::lockWrite(), behaviour will be undefined.
[2016.01.26-20.02.02:987][429]LogWindows: FPlatformMisc::RequestExit(1)
[2016.01.26-20.02.02:987][429]Log file closed, 01/26/16 15:02:02
