[2016.01.26-22.54.39:288][  0]Log file open, 01/26/16 17:54:39
[2016.01.26-22.54.39:288][  0]LogInit:Display: Running engine for game: LostAge
[2016.01.26-22.54.39:288][  0]LogInit:Display: RandInit(-917959544) SRandInit(-917959543).
[2016.01.26-22.54.39:289][  0]LogTaskGraph: Started task graph with 4 named threads and 7 total threads.
[2016.01.26-22.54.39:289][  0]LogStats: Stats thread started at 0.149239
[2016.01.26-22.54.39:289][  0]LogInit: Version: 4.9.2-2707645+++depot+UE4-Releases+4.9
[2016.01.26-22.54.39:289][  0]LogInit: API Version: 2672455
[2016.01.26-22.54.39:290][  0]LogInit: Compiled (64-bit): Sep 28 2015 10:25:44
[2016.01.26-22.54.39:290][  0]LogInit: Compiled with Visual C++: 18.00.21005.01
[2016.01.26-22.54.39:290][  0]LogInit: Build Configuration: DebugGame
[2016.01.26-22.54.39:290][  0]LogInit: Branch Name: ++depot+UE4-Releases+4.9
[2016.01.26-22.54.39:291][  0]LogInit: Command line:  -debug
[2016.01.26-22.54.39:291][  0]LogInit: Base directory: C:/Program Files/Epic Games/4.9/Engine/Binaries/Win64/
[2016.01.26-22.54.39:291][  0]LogInit: Rocket: 1
[2016.01.26-22.54.39:332][  0]LogInit: Using libcurl 7.41.0
[2016.01.26-22.54.39:333][  0]LogInit:  - built for x86_64-pc-win32
[2016.01.26-22.54.39:333][  0]LogInit:  - supports SSL with WinSSL
[2016.01.26-22.54.39:333][  0]LogInit:  - other features:
[2016.01.26-22.54.39:333][  0]LogInit:      CURL_VERSION_SSL
[2016.01.26-22.54.39:334][  0]LogInit:      CURL_VERSION_IPV6
[2016.01.26-22.54.39:334][  0]LogInit:      CURL_VERSION_ASYNCHDNS
[2016.01.26-22.54.39:334][  0]LogInit:      CURL_VERSION_LARGEFILE
[2016.01.26-22.54.39:334][  0]LogInit:      CURL_VERSION_IDN
[2016.01.26-22.54.39:335][  0]LogInit:  CurlRequestOptions (configurable via config and command line):
[2016.01.26-22.54.39:335][  0]LogInit:  - bVerifyPeer = true  - Libcurl will verify peer certificate
[2016.01.26-22.54.39:335][  0]LogInit:  - bUseHttpProxy = false  - Libcurl will NOT use HTTP proxy
[2016.01.26-22.54.39:336][  0]LogInit:  - bDontReuseConnections = false  - Libcurl will reuse connections
[2016.01.26-22.54.39:336][  0]LogInit:  - CertBundlePath = nullptr  - Libcurl will use whatever was configured at build time.
[2016.01.26-22.54.39:396][  0]LogInit: WinSock: version 1.1 (2.2), MaxSocks=32767, MaxUdp=65467
[2016.01.26-22.54.39:413][  0]LogVoice:Warning: Failed to initialize voice interface
[2016.01.26-22.54.39:419][  0]LogInit: Presizing for 0 objects not considered by GC, pre-allocating 0 bytes.
[2016.01.26-22.54.39:427][  0]LogInit: Object subsystem initialized
[2016.01.26-22.54.39:429][  0]LogInit: Selected Device Profile: [Windows]
[2016.01.26-22.54.39:429][  0]LogInit: Applying CVar settings loaded from the selected device profile: [Windows]
[2016.01.26-22.54.39:437][  0]LogInit: Computer: FREDERIC-PC
[2016.01.26-22.54.39:437][  0]LogInit: User: frederic
[2016.01.26-22.54.39:438][  0]LogInit: CPU Page size=4096, Cores=4
[2016.01.26-22.54.39:438][  0]LogInit: High frequency timer resolution =3.331240 MHz
[2016.01.26-22.54.39:438][  0]LogMemory: Memory total: Physical=15.9GB (16GB approx)
[2016.01.26-22.54.39:438][  0]LogMemory: Platform Memory Stats for Windows
[2016.01.26-22.54.39:439][  0]LogMemory: Process Physical Memory: 55.11 MB used, 55.11 MB peak
[2016.01.26-22.54.39:439][  0]LogMemory: Process Virtual Memory: 55.75 MB used, 55.75 MB peak
[2016.01.26-22.54.39:439][  0]LogMemory: Physical Memory: 6908.30 MB used, 16288.39 MB total
[2016.01.26-22.54.39:439][  0]LogMemory: Virtual Memory: 337.63 MB used, 8388608.00 MB total
[2016.01.26-22.54.39:526][  0]LogTextLocalizationManager: No translations for ('fr-CA') exist, falling back to 'en' for localization and internationalization data.
[2016.01.26-22.54.40:223][  0]LogD3D11RHI: Found D3D11 adapter 0: NVIDIA GeForce GTX 970 (Feature Level 11_0)
[2016.01.26-22.54.40:224][  0]LogD3D11RHI: Adapter has 4008MB of dedicated video memory, 0MB of dedicated system memory, and 7888MB of shared system memory, 1 output[s]
[2016.01.26-22.54.40:233][  0]LogD3D11RHI: Found D3D11 adapter 1: Intel(R) HD Graphics 3000 (Feature Level 10_0)
[2016.01.26-22.54.40:233][  0]LogD3D11RHI: Adapter has 64MB of dedicated video memory, 0MB of dedicated system memory, and 1632MB of shared system memory, 0 output[s]
[2016.01.26-22.54.40:234][  0]LogD3D11RHI: Chosen D3D11 Adapter Id = 0
[2016.01.26-22.54.40:239][  0]LogD3D11RHI: !Direct3DDevice
[2016.01.26-22.54.40:239][  0]LogRHI: Texture pool is 1361 MB (70% of 1945 MB)
[2016.01.26-22.54.40:302][  0]LogD3D11RHI: Async texture creation enabled
[2016.01.26-22.54.40:319][  0]LogShaderCompilers: Guid format shader working directory is 15 characters bigger than the processId version (../../../../../../Users/frederic/Documents/Unreal Projects/LostAge/Intermediate/Shaders/WorkingDirectory/4164/).
[2016.01.26-22.54.40:319][  0]LogShaderCompilers: Cleaned the shader compiler working directory '../../../../../../Users/frederic/Documents/Unreal Projects/LostAge/Intermediate/Shaders/tmp/7BDDB82243E4D4DEF71E78917706A8C6/'.
[2016.01.26-22.54.40:320][  0]LogShaderCompilers:Display: Using Local Shader Compiler.
[2016.01.26-22.54.41:596][  0]LogTemp:Display: Loaded TP AllDesktopTargetPlatform
[2016.01.26-22.54.41:612][  0]LogTemp:Display: Loaded TP WindowsClientTargetPlatform
[2016.01.26-22.54.41:628][  0]LogTemp:Display: Loaded TP WindowsNoEditorTargetPlatform
[2016.01.26-22.54.41:643][  0]LogTemp:Display: Loaded TP WindowsServerTargetPlatform
[2016.01.26-22.54.41:660][  0]LogTemp:Display: Loaded TP WindowsTargetPlatform
[2016.01.26-22.54.41:669][  0]LogTemp:Display: Loaded TP AndroidTargetPlatform
[2016.01.26-22.54.41:676][  0]LogTemp:Display: Loaded TP Android_ASTCTargetPlatform
[2016.01.26-22.54.41:685][  0]LogTemp:Display: Loaded TP Android_ATCTargetPlatform
[2016.01.26-22.54.41:692][  0]LogTemp:Display: Loaded TP Android_DXTTargetPlatform
[2016.01.26-22.54.41:700][  0]LogTemp:Display: Loaded TP Android_ETC1TargetPlatform
[2016.01.26-22.54.41:707][  0]LogTemp:Display: Loaded TP Android_ETC2TargetPlatform
[2016.01.26-22.54.41:716][  0]LogTemp:Display: Loaded TP Android_PVRTCTargetPlatform
[2016.01.26-22.54.41:721][  0]LogTemp:Display: Loaded TP HTML5TargetPlatform
[2016.01.26-22.54.41:755][  0]LogTemp:Display: Loaded TP IOSTargetPlatform
[2016.01.26-22.54.41:762][  0]LogTemp:Display: Loaded TP LinuxNoEditorTargetPlatform
[2016.01.26-22.54.41:770][  0]LogTemp:Display: Loaded TP LinuxServerTargetPlatform
[2016.01.26-22.54.41:779][  0]LogTemp:Display: Loaded TP LinuxTargetPlatform
[2016.01.26-22.54.41:779][  0]LogTargetPlatformManager:Display: Building Assets For Windows
[2016.01.26-22.54.42:007][  0]LogDerivedDataCache:Display: Max Cache Size: 512 MB
[2016.01.26-22.54.42:055][  0]LogDerivedDataCache: Loaded boot cache 0.05s 42MB C:/Users/frederic/AppData/Local/UnrealEngine/4.9/DerivedDataCache/Boot.ddc.
[2016.01.26-22.54.42:055][  0]LogDerivedDataCache:Display: Loaded Boot cache: C:/Users/frederic/AppData/Local/UnrealEngine/4.9/DerivedDataCache/Boot.ddc
[2016.01.26-22.54.42:056][  0]LogDerivedDataCache: FDerivedDataBackendGraph:  Pak pak cache file ../../../../../../Users/frederic/Documents/Unreal Projects/LostAge/DerivedDataCache/DDC.ddp not found, will not use a pak cache.
[2016.01.26-22.54.42:056][  0]LogDerivedDataCache: Unable to find inner node Pak for hierarchical cache Hierarchy.
[2016.01.26-22.54.42:056][  0]LogDerivedDataCache: FDerivedDataBackendGraph:  CompressedPak pak cache file ../../../../../../Users/frederic/Documents/Unreal Projects/LostAge/DerivedDataCache/Compressed.ddp not found, will not use a pak cache.
[2016.01.26-22.54.42:057][  0]LogDerivedDataCache: Unable to find inner node CompressedPak for hierarchical cache Hierarchy.
[2016.01.26-22.54.42:220][  0]LogDerivedDataCache:Display: Pak cache opened for reading ../../../Engine/DerivedDataCache/Compressed.ddp.
[2016.01.26-22.54.42:232][  0]LogDerivedDataCache: Using Local data cache path C:/Users/frederic/AppData/Local/UnrealEngine/Common/DerivedDataCache: Writable
[2016.01.26-22.54.42:457][  0]LogInit: Selected Device Profile: [Windows]
[2016.01.26-22.54.42:458][  0]LogContentStreaming: Texture pool size is 0.000000MB
[2016.01.26-22.54.42:496][  0]LogMeshUtilities: No automatic mesh reduction module available
[2016.01.26-22.54.42:496][  0]LogMeshUtilities: No automatic mesh merging module available
[2016.01.26-22.54.43:942][  0]UdpMessaging: Initializing bridge on interface 0.0.0.0:0 to multicast group 230.0.0.1:6666.
[2016.01.26-22.54.44:304][  0]LogAssetRegistry: FAssetRegistry took 0.0105 seconds to start up
[2016.01.26-22.54.44:654][  0]SourceControl: Info Source control is disabled
[2016.01.26-22.54.44:655][  0]SourceControl: Info Source control is disabled
[2016.01.26-22.54.44:674][  0]SourceControl: Info Source control is disabled
[2016.01.26-22.54.44:698][  0]SourceControl: Info Source control is disabled
[2016.01.26-22.54.44:908][  0]LogLinker:Warning: Asset '../../../Engine/Plugins/Runtime/LeapMotionController/Content/LM_PassthroughMaterial.uasset' has been saved with empty engine version. The asset will be loaded but may be incompatible.
[2016.01.26-22.54.45:030][  0]LogObj: 31792 objects as part of root set at end of initial load.
[2016.01.26-22.54.45:031][  0]LogUObjectAllocator: 7252992 out of 0 bytes used by permanent object pool.
[2016.01.26-22.54.45:112][  0]LogEngine: Initializing Engine...
[2016.01.26-22.54.45:115][  0]LogHMD: Can't find Oculus library dev build: is proper Runtime installed? Version: 0.7.0.0
[2016.01.26-22.54.45:117][  0]LogHMD: SteamVR failed to initialize.  Err: 110
[2016.01.26-22.54.45:277][  0]LogAIModule: Creating AISystem for world NewWorld
[2016.01.26-22.54.45:297][  0]LogInit: XAudio2 using 'Haut-parleurs (USB PnP Sound Device)' : 2 channels at 44.1 kHz using 16 bits per sample (channel mask 0x3)
[2016.01.26-22.54.45:306][  0]LogInit: FAudioDevice initialized.
[2016.01.26-22.54.45:327][  0]LogDerivedDataCache: Saved boot cache 0.02s 42MB C:/Users/frederic/AppData/Local/UnrealEngine/4.9/DerivedDataCache/Boot.ddc.
[2016.01.26-22.54.45:334][  0]LogInit: Texture streaming: Enabled
[2016.01.26-22.54.45:353][  0]LogAnalytics: Creating configured Analytics provider AnalyticsET
[2016.01.26-22.54.45:354][  0]LogAnalytics: [UEEditor.Rocket.Release] APIServer = http://et2.epicgames.com/ET2/. AppVersion = 4.9.2-2707645+++depot+UE4-Releases+4.9
[2016.01.26-22.54.45:354][  0]LogAnalytics: [UEEditor.Rocket.Release] SetUserId c8da8d664a36a98701fe659c10ae4ff8|70626fa7f476448fb82ad9618fbbb1ab|00e7fb16-00c3-4af4-a2a1-2cc8013aae38
[2016.01.26-22.54.45:354][  0]LogAnalytics: [UEEditor.Rocket.Release] AnalyticsET::StartSession
[2016.01.26-22.54.45:373][  0]LogInit: Transaction tracking system initialized
[2016.01.26-22.54.45:474][  0]BlueprintLog: New page: Editor Load
[2016.01.26-22.54.45:856][  0]LocalizationService: Info Localization service is disabled
[2016.01.26-22.54.46:018][  0]LogLinker:Warning: Can't find file '/Game/ThirdPersonCPP/ThirdPersonOverview'
[2016.01.26-22.54.46:018][  0]LogLinker:Warning: Can't find file '/Game/ThirdPersonCPP/ThirdPersonOverview'
[2016.01.26-22.54.46:019][  0]LogUObjectGlobals:Warning: Failed to find object 'Class /Game/ThirdPersonCPP/ThirdPersonOverview.ThirdPersonOverview_C'
[2016.01.26-22.54.46:048][  0]LogConsoleResponse:Display: 
[2016.01.26-22.54.46:184][  0]LogCook:Display: Done creating registry. It took  0.00s.
[2016.01.26-22.54.46:349][  0]LogFileCache: Scanning file cache for directory 'C:/Users/frederic/Documents/Unreal Projects/LostAge/Content/' took 0.01s
[2016.01.26-22.54.46:350][  0]SourceControl: Info Source control is disabled
[2016.01.26-22.54.46:350][  0]Cmd: MAP LOAD FILE="../../../../../../Users/frederic/Documents/Unreal Projects/LostAge/Content/FirstPersonCPP/Maps/MainMenu.umap" TEMPLATE=0 SHOWPROGRESS=1 FEATURELEVEL=3
[2016.01.26-22.54.46:351][  0]LightingResults: New page: Lighting Build
[2016.01.26-22.54.46:357][  0]MapCheck: New page: Map Check
[2016.01.26-22.54.46:358][  0]LightingResults: New page: Lighting Build
[2016.01.26-22.54.46:371][  0]LogParticles: Destroying 0 GPU particle simulations for FXSystem 0x000000002327A160
[2016.01.26-22.54.46:376][  0]LogAIModule: Creating AISystem for world MainMenu
[2016.01.26-22.54.46:377][  0]LogEditorServer: Finished looking for orphan Actors (0.000 secs)
[2016.01.26-22.54.46:379][  0]Cmd: MAP CHECKDEP NOCLEARLOG
[2016.01.26-22.54.46:429][  0]MapCheck: Info Map check complete: 0 Error(s), 0 Warning(s), took 49.722ms to complete.
[2016.01.26-22.54.46:430][  0]LogFileHelpers: Loading map 'MainMenu' took 0.080
[2016.01.26-22.54.46:540][  0]LogCollectionManager: Loaded 0 collections in 0.002304 seconds
[2016.01.26-22.54.46:584][  0]LogFileCache: Scanning file cache for directory 'C:/Users/frederic/Documents/Unreal Projects/LostAge/Saved/Collections/' took 0.01s
[2016.01.26-22.54.46:585][  0]LogFileCache: Scanning file cache for directory 'C:/Users/frederic/Documents/Unreal Projects/LostAge/Content/Developers/frederic/Collections/' took 0.01s
[2016.01.26-22.54.46:585][  0]LogFileCache: Scanning file cache for directory 'C:/Users/frederic/Documents/Unreal Projects/LostAge/Content/Collections/' took 0.01s
[2016.01.26-22.54.46:586][  0]LogContentBrowser: Native class hierarchy populated in 0.0083 seconds. Added 1875 classes and 335 folders.
[2016.01.26-22.54.46:595][  0]LogCollectionManager: Rebuilt the GUID cache for 0 collections in 0.000002 seconds
[2016.01.26-22.54.46:612][  0]LogContentBrowser: Native class hierarchy updated for 'WidgetCarousel' in 0.0047 seconds. Added 0 classes and 0 folders.
[2016.01.26-22.54.46:683][  0]LogContentBrowser: Native class hierarchy updated for 'AddContentDialog' in 0.0024 seconds. Added 0 classes and 0 folders.
[2016.01.26-22.54.46:706][  0]LogContentBrowser: Native class hierarchy updated for 'SceneOutliner' in 0.0020 seconds. Added 1 classes and 2 folders.
[2016.01.26-22.54.46:738][  0]LogCrashTracker: Crashtracker disabled due to settings.
[2016.01.26-22.54.46:743][  0]LogUObjectGlobals:Warning: Failed to find object 'Class None.'
[2016.01.26-22.54.46:766][  0]LogLoad: Full Startup: 8.57 seconds (BP compile: 0.03 seconds)
[2016.01.26-22.54.46:868][  0]LogContentStreaming: Texture pool size now 1000 MB
[2016.01.26-22.54.47:024][  2]LogRenderer: Reallocating scene render targets to support 960x500 (Frame:2).
[2016.01.26-22.54.47:212][  4]LogAssetRegistry: Asset discovery search completed in 2.9184 seconds
[2016.01.26-22.54.47:212][  4]LogCollectionManager: Rebuilt the object cache for 0 collections in 0.000001 seconds (found 0 objects)
[2016.01.26-22.54.47:213][  4]LogCollectionManager: Fixed up redirectors for 0 collections in 0.000492 seconds (updated 0 objects)
[2016.01.26-22.54.50:788][424]LogPlayLevel: PlayLevel: No blueprints needed recompiling
[2016.01.26-22.54.50:789][424]PIE: New page: PIE session: MainMenu (Jan 26, 2016, 12:54:50 PM)
[2016.01.26-22.54.50:862][424]LogPlayLevel: Creating play world package: /Game/FirstPersonCPP/Maps/UEDPIE_0_MainMenu
[2016.01.26-22.54.50:863][424]LogPlayLevel: PIE: StaticDuplicateObject took: (0.000506s)
[2016.01.26-22.54.50:864][424]LogAIModule: Creating AISystem for world MainMenu
[2016.01.26-22.54.50:865][424]LogPlayLevel: PIE: World Init took: (0.001152s)
[2016.01.26-22.54.50:865][424]LogPlayLevel: PIE: Created PIE world by copying editor world from /Game/FirstPersonCPP/Maps/MainMenu.MainMenu to /Game/FirstPersonCPP/Maps/UEDPIE_0_MainMenu.MainMenu (0.003004s)
[2016.01.26-22.54.50:888][424]LogInit: XAudio2 using 'Haut-parleurs (USB PnP Sound Device)' : 2 channels at 44.1 kHz using 16 bits per sample (channel mask 0x3)
[2016.01.26-22.54.50:892][424]LogInit: FAudioDevice initialized.
[2016.01.26-22.54.50:947][424]LogWorld: Game class is 'LostAgeGameMode'
[2016.01.26-22.54.50:950][424]LogWorld: Bringing World /Game/FirstPersonCPP/Maps/UEDPIE_0_MainMenu.MainMenu up for play (max tick rate 0) at 2016.01.26-17.54.50
[2016.01.26-22.54.50:950][424]LogActor:Warning: GameSession /Game/FirstPersonCPP/Maps/UEDPIE_0_MainMenu.MainMenu:PersistentLevel.GameSession_0 has natively added scene component(s), but none of them were set as the actor's RootComponent - picking one arbitrarily
[2016.01.26-22.54.50:951][424]LogActor:Warning: GameNetworkManager /Game/FirstPersonCPP/Maps/UEDPIE_0_MainMenu.MainMenu:PersistentLevel.GameNetworkManager_0 has natively added scene component(s), but none of them were set as the actor's RootComponent - picking one arbitrarily
[2016.01.26-22.54.50:951][424]LogWorld: Bringing up level for play took: 0.002079
[2016.01.26-22.54.50:963][424]LogVoice:Warning: Failed to initialize voice interface
[2016.01.26-22.54.50:965][424]LogOnline:Warning: NULL: Can't start an online game for session (Game) that hasn't been created
[2016.01.26-22.54.51:129][424]PIE: Info Play in editor start time for /Game/FirstPersonCPP/Maps/UEDPIE_0_MainMenu -0.538
[2016.01.26-22.54.52:536][576]LogInit: WinSock: I am frederic-PC (192.168.1.103:0)
[2016.01.26-22.54.52:598][576]LogPackageName: SearchForPackageOnDisk took   0.061s to resolve FirstPersonExampleMap.umap.
[2016.01.26-22.54.52:659][576]LogPackageName: SearchForPackageOnDisk took   0.060s to resolve FirstPersonExampleMap.umap.
[2016.01.26-22.54.52:660][576]LogNet: Browse: /Game/FirstPersonCPP/Maps/FirstPersonExampleMap?listen
[2016.01.26-22.54.52:660][576]LogLoad: LoadMap: /Game/FirstPersonCPP/Maps/FirstPersonExampleMap?listen
[2016.01.26-22.54.52:679][576]LogParticles: Destroying 0 GPU particle simulations for FXSystem 0x00000000346D0860
[2016.01.26-22.54.52:685][576]Cmd: MEM
[2016.01.26-22.54.52:698][576]LogMemory: Platform Memory Stats for Windows
[2016.01.26-22.54.52:699][576]LogMemory: Process Physical Memory: 557.66 MB used, 557.66 MB peak
[2016.01.26-22.54.52:699][576]LogMemory: Process Virtual Memory: 893.29 MB used, 893.29 MB peak
[2016.01.26-22.54.52:699][576]LogMemory: Physical Memory: 8501.28 MB used, 16288.39 MB total
[2016.01.26-22.54.52:699][576]LogMemory: Virtual Memory: 1568.57 MB used, 8388608.00 MB total
[2016.01.26-22.54.52:700][576]LogMemory: 
[2016.01.26-22.54.52:700][576]Allocator Stats for TBB: (not implemented)
[2016.01.26-22.54.53:628][576]LogAIModule: Creating AISystem for world FirstPersonExampleMap
[2016.01.26-22.54.53:629][576]LogWorld: Game class is 'LostAgeGameMode'
[2016.01.26-22.54.53:630][576]LogInit: WinSock: Socket queue 131072 / 131072
[2016.01.26-22.54.53:630][576]LogNet: GameNetDriver IpNetDriver_0 IpNetDriver listening on port 7777
[2016.01.26-22.54.53:645][576]LogWorld: Bringing World /Game/FirstPersonCPP/Maps/UEDPIE_0_FirstPersonExampleMap.FirstPersonExampleMap up for play (max tick rate 0) at 2016.01.26-17.54.53
[2016.01.26-22.54.53:646][576]LogActor:Warning: GameSession /Game/FirstPersonCPP/Maps/UEDPIE_0_FirstPersonExampleMap.FirstPersonExampleMap:PersistentLevel.GameSession_1 has natively added scene component(s), but none of them were set as the actor's RootComponent - picking one arbitrarily
[2016.01.26-22.54.53:647][576]LogActor:Warning: GameNetworkManager /Game/FirstPersonCPP/Maps/UEDPIE_0_FirstPersonExampleMap.FirstPersonExampleMap:PersistentLevel.GameNetworkManager_1 has natively added scene component(s), but none of them were set as the actor's RootComponent - picking one arbitrarily
[2016.01.26-22.54.53:655][576]LogWorld: Bringing up level for play took: 0.023360
[2016.01.26-22.54.53:664][576]LogOnline:Warning: NULL: Can't start an online session (Game) in state InProgress
[2016.01.26-22.55.18:333][464]LogPackageName: SearchForPackageOnDisk took   0.054s to resolve MainMenu.umap.
[2016.01.26-22.55.18:395][465]LogPackageName: SearchForPackageOnDisk took   0.056s to resolve MainMenu.umap.
[2016.01.26-22.55.18:395][465]LogNet: Browse: /Game/FirstPersonCPP/Maps/MainMenu
[2016.01.26-22.55.18:396][465]LogLoad: LoadMap: /Game/FirstPersonCPP/Maps/MainMenu
[2016.01.26-22.55.18:396][465]LogNet: World NetDriver shutdown IpNetDriver_0 [GameNetDriver]
[2016.01.26-22.55.18:396][465]LogNet: DestroyNamedNetDriver IpNetDriver_0 [GameNetDriver]
[2016.01.26-22.55.18:397][465]LogExit: GameNetDriver IpNetDriver_0 shut down
[2016.01.26-22.55.18:411][465]LogParticles: Destroying 0 GPU particle simulations for FXSystem 0x0000000048B2F1A0
[2016.01.26-22.55.18:497][465]Cmd: MEM
[2016.01.26-22.55.18:508][465]LogMemory: Platform Memory Stats for