[2016.01.26-22.51.20:378][  0]Log file open, 01/26/16 17:51:20
[2016.01.26-22.51.20:378][  0]LogInit:Display: Running engine for game: LostAge
[2016.01.26-22.51.20:378][  0]LogInit:Display: RandInit(-1580225825) SRandInit(-1580225824).
[2016.01.26-22.51.20:379][  0]LogTaskGraph: Started task graph with 4 named threads and 7 total threads.
[2016.01.26-22.51.20:379][  0]LogStats: Stats thread started at 0.155685
[2016.01.26-22.51.20:379][  0]LogInit: Version: 4.9.2-2707645+++depot+UE4-Releases+4.9
[2016.01.26-22.51.20:380][  0]LogInit: API Version: 2672455
[2016.01.26-22.51.20:380][  0]LogInit: Compiled (64-bit): Sep 28 2015 10:25:44
[2016.01.26-22.51.20:380][  0]LogInit: Compiled with Visual C++: 18.00.21005.01
[2016.01.26-22.51.20:380][  0]LogInit: Build Configuration: Development
[2016.01.26-22.51.20:381][  0]LogInit: Branch Name: ++depot+UE4-Releases+4.9
[2016.01.26-22.51.20:381][  0]LogInit: Command line: 
[2016.01.26-22.51.20:381][  0]LogInit: Base directory: C:/Program Files/Epic Games/4.9/Engine/Binaries/Win64/
[2016.01.26-22.51.20:381][  0]LogInit: Rocket: 1
[2016.01.26-22.51.20:417][  0]LogInit: Using libcurl 7.41.0
[2016.01.26-22.51.20:417][  0]LogInit:  - built for x86_64-pc-win32
[2016.01.26-22.51.20:418][  0]LogInit:  - supports SSL with WinSSL
[2016.01.26-22.51.20:418][  0]LogInit:  - other features:
[2016.01.26-22.51.20:418][  0]LogInit:      CURL_VERSION_SSL
[2016.01.26-22.51.20:418][  0]LogInit:      CURL_VERSION_IPV6
[2016.01.26-22.51.20:419][  0]LogInit:      CURL_VERSION_ASYNCHDNS
[2016.01.26-22.51.20:419][  0]LogInit:      CURL_VERSION_LARGEFILE
[2016.01.26-22.51.20:419][  0]LogInit:      CURL_VERSION_IDN
[2016.01.26-22.51.20:420][  0]LogInit:  CurlRequestOptions (configurable via config and command line):
[2016.01.26-22.51.20:420][  0]LogInit:  - bVerifyPeer = true  - Libcurl will verify peer certificate
[2016.01.26-22.51.20:420][  0]LogInit:  - bUseHttpProxy = false  - Libcurl will NOT use HTTP proxy
[2016.01.26-22.51.20:420][  0]LogInit:  - bDontReuseConnections = false  - Libcurl will reuse connections
[2016.01.26-22.51.20:421][  0]LogInit:  - CertBundlePath = nullptr  - Libcurl will use whatever was configured at build time.
[2016.01.26-22.51.20:483][  0]LogInit: WinSock: version 1.1 (2.2), MaxSocks=32767, MaxUdp=65467
[2016.01.26-22.51.20:498][  0]LogVoice:Warning: Failed to initialize voice interface
[2016.01.26-22.51.20:503][  0]LogInit: Presizing for 0 objects not considered by GC, pre-allocating 0 bytes.
[2016.01.26-22.51.20:511][  0]LogInit: Object subsystem initialized
[2016.01.26-22.51.20:513][  0]LogInit: Selected Device Profile: [Windows]
[2016.01.26-22.51.20:513][  0]LogInit: Applying CVar settings loaded from the selected device profile: [Windows]
[2016.01.26-22.51.20:521][  0]LogInit: Computer: FREDERIC-PC
[2016.01.26-22.51.20:522][  0]LogInit: User: frederic
[2016.01.26-22.51.20:522][  0]LogInit: CPU Page size=4096, Cores=4
[2016.01.26-22.51.20:522][  0]LogInit: High frequency timer resolution =3.331240 MHz
[2016.01.26-22.51.20:522][  0]LogMemory: Memory total: Physical=15.9GB (16GB approx)
[2016.01.26-22.51.20:523][  0]LogMemory: Platform Memory Stats for Windows
[2016.01.26-22.51.20:523][  0]LogMemory: Process Physical Memory: 55.00 MB used, 55.00 MB peak
[2016.01.26-22.51.20:523][  0]LogMemory: Process Virtual Memory: 55.76 MB used, 55.76 MB peak
[2016.01.26-22.51.20:523][  0]LogMemory: Physical Memory: 7362.53 MB used, 16288.39 MB total
[2016.01.26-22.51.20:523][  0]LogMemory: Virtual Memory: 337.63 MB used, 8388608.00 MB total
[2016.01.26-22.51.20:597][  0]LogTextLocalizationManager: No translations for ('fr-CA') exist, falling back to 'en' for localization and internationalization data.
[2016.01.26-22.51.21:271][  0]LogD3D11RHI: Found D3D11 adapter 0: NVIDIA GeForce GTX 970 (Feature Level 11_0)
[2016.01.26-22.51.21:272][  0]LogD3D11RHI: Adapter has 4008MB of dedicated video memory, 0MB of dedicated system memory, and 7888MB of shared system memory, 1 output[s]
[2016.01.26-22.51.21:282][  0]LogD3D11RHI: Found D3D11 adapter 1: Intel(R) HD Graphics 3000 (Feature Level 10_0)
[2016.01.26-22.51.21:282][  0]LogD3D11RHI: Adapter has 64MB of dedicated video memory, 0MB of dedicated system memory, and 1632MB of shared system memory, 0 output[s]
[2016.01.26-22.51.21:282][  0]LogD3D11RHI: Chosen D3D11 Adapter Id = 0
[2016.01.26-22.51.21:286][  0]LogD3D11RHI: !Direct3DDevice
[2016.01.26-22.51.21:287][  0]LogRHI: Texture pool is 1361 MB (70% of 1945 MB)
[2016.01.26-22.51.21:340][  0]LogD3D11RHI: Async texture creation enabled
[2016.01.26-22.51.21:355][  0]LogShaderCompilers: Guid format shader working directory is 16 characters bigger than the processId version (../../../../../../Users/frederic/Documents/Unreal Projects/LostAge/Intermediate/Shaders/WorkingDirectory/868/).
[2016.01.26-22.51.21:356][  0]LogShaderCompilers: Cleaned the shader compiler working directory '../../../../../../Users/frederic/Documents/Unreal Projects/LostAge/Intermediate/Shaders/tmp/D979339F423CBAD1408EB7AD62DFD4C6/'.
[2016.01.26-22.51.21:356][  0]LogShaderCompilers:Display: Using Local Shader Compiler.
[2016.01.26-22.51.22:512][  0]LogTemp:Display: Loaded TP AllDesktopTargetPlatform
[2016.01.26-22.51.22:532][  0]LogTemp:Display: Loaded TP WindowsClientTargetPlatform
[2016.01.26-22.51.22:550][  0]LogTemp:Display: Loaded TP WindowsNoEditorTargetPlatform
[2016.01.26-22.51.22:567][  0]LogTemp:Display: Loaded TP WindowsServerTargetPlatform
[2016.01.26-22.51.22:586][  0]LogTemp:Display: Loaded TP WindowsTargetPlatform
[2016.01.26-22.51.22:594][  0]LogTemp:Display: Loaded TP AndroidTargetPlatform
[2016.01.26-22.51.22:601][  0]LogTemp:Display: Loaded TP Android_ASTCTargetPlatform
[2016.01.26-22.51.22:608][  0]LogTemp:Display: Loaded TP Android_ATCTargetPlatform
[2016.01.26-22.51.22:615][  0]LogTemp:Display: Loaded TP Android_DXTTargetPlatform
[2016.01.26-22.51.22:622][  0]LogTemp:Display: Loaded TP Android_ETC1TargetPlatform
[2016.01.26-22.51.22:629][  0]LogTemp:Display: Loaded TP Android_ETC2TargetPlatform
[2016.01.26-22.51.22:637][  0]LogTemp:Display: Loaded TP Android_PVRTCTargetPlatform
[2016.01.26-22.51.22:641][  0]LogTemp:Display: Loaded TP HTML5TargetPlatform
[2016.01.26-22.51.22:675][  0]LogTemp:Display: Loaded TP IOSTargetPlatform
[2016.01.26-22.51.22:681][  0]LogTemp:Display: Loaded TP LinuxNoEditorTargetPlatform
[2016.01.26-22.51.22:688][  0]LogTemp:Display: Loaded TP LinuxServerTargetPlatform
[2016.01.26-22.51.22:695][  0]LogTemp:Display: Loaded TP LinuxTargetPlatform
[2016.01.26-22.51.22:696][  0]LogTargetPlatformManager:Display: Building Assets For Windows
[2016.01.26-22.51.22:934][  0]LogDerivedDataCache:Display: Max Cache Size: 512 MB
[2016.01.26-22.51.22:984][  0]LogDerivedDataCache: Loaded boot cache 0.05s 42MB C:/Users/frederic/AppData/Local/UnrealEngine/4.9/DerivedDataCache/Boot.ddc.
[2016.01.26-22.51.22:985][  0]LogDerivedDataCache:Display: Loaded Boot cache: C:/Users/frederic/AppData/Local/UnrealEngine/4.9/DerivedDataCache/Boot.ddc
[2016.01.26-22.51.22:985][  0]LogDerivedDataCache: FDerivedDataBackendGraph:  Pak pak cache file ../../../../../../Users/frederic/Documents/Unreal Projects/LostAge/DerivedDataCache/DDC.ddp not found, will not use a pak cache.
[2016.01.26-22.51.22:985][  0]LogDerivedDataCache: Unable to find inner node Pak for hierarchical cache Hierarchy.
[2016.01.26-22.51.22:986][  0]LogDerivedDataCache: FDerivedDataBackendGraph:  CompressedPak pak cache file ../../../../../../Users/frederic/Documents/Unreal Projects/LostAge/DerivedDataCache/Compressed.ddp not found, will not use a pak cache.
[2016.01.26-22.51.22:986][  0]LogDerivedDataCache: Unable to find inner node CompressedPak for hierarchical cache Hierarchy.
[2016.01.26-22.51.23:132][  0]LogDerivedDataCache:Display: Pak cache opened for reading ../../../Engine/DerivedDataCache/Compressed.ddp.
[2016.01.26-22.51.23:144][  0]LogDerivedDataCache: Using Local data cache path C:/Users/frederic/AppData/Local/UnrealEngine/Common/DerivedDataCache: Writable
[2016.01.26-22.51.23:326][  0]LogInit: Selected Device Profile: [Windows]
[2016.01.26-22.51.23:327][  0]LogContentStreaming: Texture pool size is 0.000000MB
[2016.01.26-22.51.23:365][  0]LogMeshUtilities: No automatic mesh reduction module available
[2016.01.26-22.51.23:365][  0]LogMeshUtilities: No automatic mesh merging module available
[2016.01.26-22.51.24:752][  0]UdpMessaging: Initializing bridge on interface 0.0.0.0:0 to multicast group 230.0.0.1:6666.
[2016.01.26-22.51.29:188][  0]LogAssetRegistry: FAssetRegistry took 0.0100 seconds to start up
[2016.01.26-22.51.29:571][  0]SourceControl: Info Source control is disabled
[2016.01.26-22.51.29:573][  0]SourceControl: Info Source control is disabled
[2016.01.26-22.51.29:588][  0]SourceControl: Info Source control is disabled
[2016.01.26-22.51.29:611][  0]SourceControl: Info Source control is disabled
[2016.01.26-22.51.29:793][  0]LogLinker:Warning: Asset '../../../Engine/Plugins/Runtime/LeapMotionController/Content/LM_PassthroughMaterial.uasset' has been saved with empty engine version. The asset will be loaded but may be incompatible.
[2016.01.26-22.51.29:891][  0]LogObj: 31792 objects as part of root set at end of initial load.
[2016.01.26-22.51.29:891][  0]LogUObjectAllocator: 7252992 out of 0 bytes used by permanent object pool.
[2016.01.26-22.51.29:977][  0]LogEngine: Initializing Engine...
[2016.01.26-22.51.29:980][  0]LogHMD: Can't find Oculus library dev build: is proper Runtime installed? Version: 0.7.0.0
[2016.01.26-22.51.29:981][  0]LogHMD: SteamVR failed to initialize.  Err: 110
[2016.01.26-22.51.30:133][  0]LogAIModule: Creating AISystem for world NewWorld
[2016.01.26-22.51.30:148][  0]LogInit: XAudio2 using 'Haut-parleurs (USB PnP Sound Device)' : 2 channels at 44.1 kHz using 16 bits per sample (channel mask 0x3)
[2016.01.26-22.51.30:156][  0]LogInit: FAudioDevice initialized.
[2016.01.26-22.51.30:176][  0]LogDerivedDataCache: Saved boot cache 0.02s 42MB C:/Users/frederic/AppData/Local/UnrealEngine/4.9/DerivedDataCache/Boot.ddc.
[2016.01.26-22.51.30:182][  0]LogInit: Texture streaming: Enabled
[2016.01.26-22.51.30:199][  0]LogAnalytics: Creating configured Analytics provider AnalyticsET
[2016.01.26-22.51.30:199][  0]LogAnalytics: [UEEditor.Rocket.Release] APIServer = http://et2.epicgames.com/ET2/. AppVersion = 4.9.2-2707645+++depot+UE4-Releases+4.9
[2016.01.26-22.51.30:199][  0]LogAnalytics: [UEEditor.Rocket.Release] SetUserId c8da8d664a36a98701fe659c10ae4ff8|70626fa7f476448fb82ad9618fbbb1ab|00e7fb16-00c3-4af4-a2a1-2cc8013aae38
[2016.01.26-22.51.30:200][  0]LogAnalytics: [UEEditor.Rocket.Release] AnalyticsET::StartSession
[2016.01.26-22.51.30:223][  0]LogInit: Transaction tracking system initialized
[2016.01.26-22.51.30:340][  0]BlueprintLog: New page: Editor Load
[2016.01.26-22.51.30:779][  0]LocalizationService: Info Localization service is disabled
[2016.01.26-22.51.30:965][  0]LogLinker:Warning: Can't find file '/Game/ThirdPersonCPP/ThirdPersonOverview'
[2016.01.26-22.51.30:966][  0]LogLinker:Warning: Can't find file '/Game/ThirdPersonCPP/ThirdPersonOverview'
[2016.01.26-22.51.30:966][  0]LogUObjectGlobals:Warning: Failed to find object 'Class /Game/ThirdPersonCPP/ThirdPersonOverview.ThirdPersonOverview_C'
[2016.01.26-22.51.31:002][  0]LogConsoleResponse:Display: 
[2016.01.26-22.51.31:131][  0]LogCook:Display: Done creating registry. It took  0.00s.
[2016.01.26-22.51.31:335][  0]LogFileCache: Scanning file cache for directory 'C:/Users/frederic/Documents/Unreal Projects/LostAge/Content/' took 0.01s
[2016.01.26-22.51.31:335][  0]SourceControl: Info Source control is disabled
[2016.01.26-22.51.31:336][  0]Cmd: MAP LOAD FILE="../../../../../../Users/frederic/Documents/Unreal Projects/LostAge/Content/FirstPersonCPP/Maps/MainMenu.umap" TEMPLATE=0 SHOWPROGRESS=1 FEATURELEVEL=3
[2016.01.26-22.51.31:337][  0]LightingResults: New page: Lighting Build
[2016.01.26-22.51.31:342][  0]MapCheck: New page: Map Check
[2016.01.26-22.51.31:342][  0]LightingResults: New page: Lighting Build
[2016.01.26-22.51.31:354][  0]LogParticles: Destroying 0 GPU particle simulations for FXSystem 0x0000000023782160
[2016.01.26-22.51.31:359][  0]LogAIModule: Creating AISystem for world MainMenu
[2016.01.26-22.51.31:361][  0]LogEditorServer: Finished looking for orphan Actors (0.000 secs)
[2016.01.26-22.51.31:362][  0]Cmd: MAP CHECKDEP NOCLEARLOG
[2016.01.26-22.51.31:411][  0]MapCheck: Info Map check complete: 0 Error(s), 0 Warning(s), took 47.97ms to complete.
[2016.01.26-22.51.31:412][  0]LogFileHelpers: Loading map 'MainMenu' took 0.076
[2016.01.26-22.51.31:532][  0]LogCollectionManager: Loaded 0 collections in 0.002287 seconds
[2016.01.26-22.51.31:578][  0]LogFileCache: Scanning file cache for directory 'C:/Users/frederic/Documents/Unreal Projects/LostAge/Saved/Collections/' took 0.01s
[2016.01.26-22.51.31:578][  0]LogFileCache: Scanning file cache for directory 'C:/Users/frederic/Documents/Unreal Projects/LostAge/Content/Developers/frederic/Collections/' took 0.01s
[2016.01.26-22.51.31:579][  0]LogFileCache: Scanning file cache for directory 'C:/Users/frederic/Documents/Unreal Projects/LostAge/Content/Collections/' took 0.01s
[2016.01.26-22.51.31:579][  0]LogContentBrowser: Native class hierarchy populated in 0.0097 seconds. Added 1875 classes and 335 folders.
[2016.01.26-22.51.31:588][  0]LogCollectionManager: Rebuilt the GUID cache for 0 collections in 0.000002 seconds
[2016.01.26-22.51.31:602][  0]LogContentBrowser: Native class hierarchy updated for 'WidgetCarousel' in 0.0029 seconds. Added 0 classes and 0 folders.
[2016.01.26-22.51.31:677][  0]LogContentBrowser: Native class hierarchy updated for 'AddContentDialog' in 0.0019 seconds. Added 0 classes and 0 folders.
[2016.01.26-22.51.31:706][  0]LogContentBrowser: Native class hierarchy updated for 'SceneOutliner' in 0.0020 seconds. Added 1 classes and 2 folders.
[2016.01.26-22.51.31:742][  0]LogCrashTracker: Crashtracker disabled due to settings.
[2016.01.26-22.51.31:747][  0]LogUObjectGlobals:Warning: Failed to find object 'Class None.'
[2016.01.26-22.51.31:769][  0]LogLoad: Full Startup: 12.39 seconds (BP compile: 0.73 seconds)
[2016.01.26-22.51.31:875][  0]LogContentStreaming: Texture pool size now 1000 MB
[2016.01.26-22.51.32:017][  2]LogRenderer: Reallocating scene render targets to support 956x496 (Frame:2).
[2016.01.26-22.51.32:175][  2]LogAssetRegistry: Asset discovery search completed in 2.9976 seconds
[2016.01.26-22.51.32:176][  2]LogCollectionManager: Rebuilt the object cache for 0 collections in 0.000001 seconds (found 0 objects)
[2016.01.26-22.51.32:179][  2]LogCollectionManager: Fixed up redirectors for 0 collections in 0.000619 seconds (updated 0 objects)
[2016.01.26-22.51.38:513][726]LogAIModule: Creating AISystem for world FirstPersonExampleMap
[2016.01.26-22.51.38:576][726]Cmd: MAP LOAD FILE="../../../../../../Users/frederic/Documents/Unreal Projects/LostAge/Content/FirstPersonCPP/Maps/FirstPersonExampleMap.umap" TEMPLATE=0 SHOWPROGRESS=1 FEATURELEVEL=3
[2016.01.26-22.51.38:577][726]LightingResults: New page: Lighting Build
[2016.01.26-22.51.38:592][726]LoadErrors: New page: Loading map: FirstPersonExampleMap.umap
[2016.01.26-22.51.38:593][726]MapCheck: New page: Map Check
[2016.01.26-22.51.38:594][726]LightingResults: New page: Lighting Build
[2016.01.26-22.51.38:606][726]LogParticles: Destroying 0 GPU particle simulations for FXSystem 0x000000000EFBF240
[2016.01.26-22.51.38:609][726]LogEditorServer: Finished looking for orphan Actors (0.000 secs)
[2016.01.26-22.51.38:643][726]Cmd: MAP CHECKDEP NOCLEARLOG
[2016.01.26-22.51.38:800][726]MapCheck: Info Map check complete: 0 Error(s), 0 Warning(s), took 156.179ms to complete.
[2016.01.26-22.51.38:802][726]LogFileHelpers: Loading map 'FirstPersonExampleMap' took 0.227
[2016.01.26-22.51.40:104][861]LogBlueprintUserMessages: Early PlayInEditor Detection: Level '/Game/FirstPersonCPP/Maps/FirstPersonExampleMap.FirstPersonExampleMap:PersistentLevel' has LevelScriptBlueprint '/Game/FirstPersonCPP/Maps/FirstPersonExampleMap.FirstPersonExampleMap:PersistentLevel.FirstPersonExampleMap' with GeneratedClass '/Game/FirstPersonCPP/Maps/FirstPersonExampleMap.FirstPersonExampleMap_C' with ClassGeneratedBy '/Game/FirstPersonCPP/Maps/Firs