[2016.01.27-15.42.16:408][  0]Log file open, 01/27/16 10:42:16
[2016.01.27-15.42.16:408][  0]LogInit:Display: Running engine for game: LostAge
[2016.01.27-15.42.16:409][  0]LogInit:Display: RandInit(1003841678) SRandInit(1003841678).
[2016.01.27-15.42.16:409][  0]LogTaskGraph: Started task graph with 4 named threads and 7 total threads.
[2016.01.27-15.42.16:409][  0]LogStats: Stats thread started at 0.146183
[2016.01.27-15.42.16:409][  0]LogInit: Version: 4.9.2-2707645+++depot+UE4-Releases+4.9
[2016.01.27-15.42.16:410][  0]LogInit: API Version: 2672455
[2016.01.27-15.42.16:410][  0]LogInit: Compiled (64-bit): Sep 28 2015 10:25:44
[2016.01.27-15.42.16:410][  0]LogInit: Compiled with Visual C++: 18.00.21005.01
[2016.01.27-15.42.16:410][  0]LogInit: Build Configuration: Development
[2016.01.27-15.42.16:410][  0]LogInit: Branch Name: ++depot+UE4-Releases+4.9
[2016.01.27-15.42.16:410][  0]LogInit: Command line: 
[2016.01.27-15.42.16:412][  0]LogInit: Base directory: C:/Program Files/Epic Games/4.9/Engine/Binaries/Win64/
[2016.01.27-15.42.16:412][  0]LogInit: Rocket: 1
[2016.01.27-15.42.16:464][  0]LogInit: Using libcurl 7.41.0
[2016.01.27-15.42.16:464][  0]LogInit:  - built for x86_64-pc-win32
[2016.01.27-15.42.16:465][  0]LogInit:  - supports SSL with WinSSL
[2016.01.27-15.42.16:465][  0]LogInit:  - other features:
[2016.01.27-15.42.16:465][  0]LogInit:      CURL_VERSION_SSL
[2016.01.27-15.42.16:465][  0]LogInit:      CURL_VERSION_IPV6
[2016.01.27-15.42.16:465][  0]LogInit:      CURL_VERSION_ASYNCHDNS
[2016.01.27-15.42.16:467][  0]LogInit:      CURL_VERSION_LARGEFILE
[2016.01.27-15.42.16:467][  0]LogInit:      CURL_VERSION_IDN
[2016.01.27-15.42.16:467][  0]LogInit:  CurlRequestOptions (configurable via config and command line):
[2016.01.27-15.42.16:467][  0]LogInit:  - bVerifyPeer = true  - Libcurl will verify peer certificate
[2016.01.27-15.42.16:467][  0]LogInit:  - bUseHttpProxy = false  - Libcurl will NOT use HTTP proxy
[2016.01.27-15.42.16:468][  0]LogInit:  - bDontReuseConnections = false  - Libcurl will reuse connections
[2016.01.27-15.42.16:468][  0]LogInit:  - CertBundlePath = nullptr  - Libcurl will use whatever was configured at build time.
[2016.01.27-15.42.16:517][  0]LogInit: WinSock: version 1.1 (2.2), MaxSocks=32767, MaxUdp=65467
[2016.01.27-15.42.16:529][  0]LogVoice:Warning: Failed to initialize voice interface
[2016.01.27-15.42.16:534][  0]LogInit: Presizing for 0 objects not considered by GC, pre-allocating 0 bytes.
[2016.01.27-15.42.16:542][  0]LogInit: Object subsystem initialized
[2016.01.27-15.42.16:544][  0]LogInit: Selected Device Profile: [Windows]
[2016.01.27-15.42.16:544][  0]LogInit: Applying CVar settings loaded from the selected device profile: [Windows]
[2016.01.27-15.42.16:557][  0]LogInit: Computer: FREDERIC-PC
[2016.01.27-15.42.16:557][  0]LogInit: User: frederic
[2016.01.27-15.42.16:557][  0]LogInit: CPU Page size=4096, Cores=4
[2016.01.27-15.42.16:557][  0]LogInit: High frequency timer resolution =3.331220 MHz
[2016.01.27-15.42.16:558][  0]LogMemory: Memory total: Physical=15.9GB (16GB approx)
[2016.01.27-15.42.16:558][  0]LogMemory: Platform Memory Stats for Windows
[2016.01.27-15.42.16:558][  0]LogMemory: Process Physical Memory: 54.63 MB used, 54.63 MB peak
[2016.01.27-15.42.16:558][  0]LogMemory: Process Virtual Memory: 55.73 MB used, 55.73 MB peak
[2016.01.27-15.42.16:558][  0]LogMemory: Physical Memory: 6954.11 MB used, 16288.39 MB total
[2016.01.27-15.42.16:559][  0]LogMemory: Virtual Memory: 337.63 MB used, 8388608.00 MB total
[2016.01.27-15.42.16:627][  0]LogTextLocalizationManager: No translations for ('fr-CA') exist, falling back to 'en' for localization and internationalization data.
[2016.01.27-15.42.17:389][  0]LogD3D11RHI: Found D3D11 adapter 0: NVIDIA GeForce GTX 970 (Feature Level 11_0)
[2016.01.27-15.42.17:389][  0]LogD3D11RHI: Adapter has 4008MB of dedicated video memory, 0MB of dedicated system memory, and 7888MB of shared system memory, 1 output[s]
[2016.01.27-15.42.17:397][  0]LogD3D11RHI: Found D3D11 adapter 1: Intel(R) HD Graphics 3000 (Feature Level 10_0)
[2016.01.27-15.42.17:397][  0]LogD3D11RHI: Adapter has 64MB of dedicated video memory, 0MB of dedicated system memory, and 1632MB of shared system memory, 0 output[s]
[2016.01.27-15.42.17:397][  0]LogD3D11RHI: Chosen D3D11 Adapter Id = 0
[2016.01.27-15.42.17:402][  0]LogD3D11RHI: !Direct3DDevice
[2016.01.27-15.42.17:402][  0]LogRHI: Texture pool is 1361 MB (70% of 1945 MB)
[2016.01.27-15.42.17:461][  0]LogD3D11RHI: Async texture creation enabled
[2016.01.27-15.42.17:476][  0]LogShaderCompilers: Guid format shader working directory is 15 characters bigger than the processId version (../../../../../../Users/frederic/Documents/Unreal Projects/LostAge/Intermediate/Shaders/WorkingDirectory/2148/).
[2016.01.27-15.42.17:476][  0]LogShaderCompilers: Cleaned the shader compiler working directory '../../../../../../Users/frederic/Documents/Unreal Projects/LostAge/Intermediate/Shaders/tmp/53A3D04247DEB6AA9AB0E9A0D7DBE8DD/'.
[2016.01.27-15.42.17:477][  0]LogShaderCompilers:Display: Using Local Shader Compiler.
[2016.01.27-15.42.18:590][  0]LogTemp:Display: Loaded TP AllDesktopTargetPlatform
[2016.01.27-15.42.18:604][  0]LogTemp:Display: Loaded TP WindowsClientTargetPlatform
[2016.01.27-15.42.18:617][  0]LogTemp:Display: Loaded TP WindowsNoEditorTargetPlatform
[2016.01.27-15.42.18:630][  0]LogTemp:Display: Loaded TP WindowsServerTargetPlatform
[2016.01.27-15.42.18:643][  0]LogTemp:Display: Loaded TP WindowsTargetPlatform
[2016.01.27-15.42.18:649][  0]LogTemp:Display: Loaded TP AndroidTargetPlatform
[2016.01.27-15.42.18:655][  0]LogTemp:Display: Loaded TP Android_ASTCTargetPlatform
[2016.01.27-15.42.18:662][  0]LogTemp:Display: Loaded TP Android_ATCTargetPlatform
[2016.01.27-15.42.18:668][  0]LogTemp:Display: Loaded TP Android_DXTTargetPlatform
[2016.01.27-15.42.18:675][  0]LogTemp:Display: Loaded TP Android_ETC1TargetPlatform
[2016.01.27-15.42.18:682][  0]LogTemp:Display: Loaded TP Android_ETC2TargetPlatform
[2016.01.27-15.42.18:689][  0]LogTemp:Display: Loaded TP Android_PVRTCTargetPlatform
[2016.01.27-15.42.18:692][  0]LogTemp:Display: Loaded TP HTML5TargetPlatform
[2016.01.27-15.42.18:721][  0]LogTemp:Display: Loaded TP IOSTargetPlatform
[2016.01.27-15.42.18:727][  0]LogTemp:Display: Loaded TP LinuxNoEditorTargetPlatform
[2016.01.27-15.42.18:733][  0]LogTemp:Display: Loaded TP LinuxServerTargetPlatform
[2016.01.27-15.42.18:739][  0]LogTemp:Display: Loaded TP LinuxTargetPlatform
[2016.01.27-15.42.18:739][  0]LogTargetPlatformManager:Display: Building Assets For Windows
[2016.01.27-15.42.18:922][  0]LogDerivedDataCache:Display: Max Cache Size: 512 MB
[2016.01.27-15.42.18:970][  0]LogDerivedDataCache: Loaded boot cache 0.05s 42MB C:/Users/frederic/AppData/Local/UnrealEngine/4.9/DerivedDataCache/Boot.ddc.
[2016.01.27-15.42.18:971][  0]LogDerivedDataCache:Display: Loaded Boot cache: C:/Users/frederic/AppData/Local/UnrealEngine/4.9/DerivedDataCache/Boot.ddc
[2016.01.27-15.42.18:971][  0]LogDerivedDataCache: FDerivedDataBackendGraph:  Pak pak cache file ../../../../../../Users/frederic/Documents/Unreal Projects/LostAge/DerivedDataCache/DDC.ddp not found, will not use a pak cache.
[2016.01.27-15.42.18:971][  0]LogDerivedDataCache: Unable to find inner node Pak for hierarchical cache Hierarchy.
[2016.01.27-15.42.18:972][  0]LogDerivedDataCache: FDerivedDataBackendGraph:  CompressedPak pak cache file ../../../../../../Users/frederic/Documents/Unreal Projects/LostAge/DerivedDataCache/Compressed.ddp not found, will not use a pak cache.
[2016.01.27-15.42.18:972][  0]LogDerivedDataCache: Unable to find inner node CompressedPak for hierarchical cache Hierarchy.
[2016.01.27-15.42.19:111][  0]LogDerivedDataCache:Display: Pak cache opened for reading ../../../Engine/DerivedDataCache/Compressed.ddp.
[2016.01.27-15.42.19:123][  0]LogDerivedDataCache: Using Local data cache path C:/Users/frederic/AppData/Local/UnrealEngine/Common/DerivedDataCache: Writable
[2016.01.27-15.42.19:302][  0]LogInit: Selected Device Profile: [Windows]
[2016.01.27-15.42.19:303][  0]LogContentStreaming: Texture pool size is 0.000000MB
[2016.01.27-15.42.19:337][  0]LogMeshUtilities: No automatic mesh reduction module available
[2016.01.27-15.42.19:337][  0]LogMeshUtilities: No automatic mesh merging module available
[2016.01.27-15.42.20:614][  0]UdpMessaging: Initializing bridge on interface 0.0.0.0:0 to multicast group 230.0.0.1:6666.
[2016.01.27-15.42.20:931][  0]LogAssetRegistry: FAssetRegistry took 0.0103 seconds to start up
[2016.01.27-15.42.21:259][  0]SourceControl: Info Source control is disabled
[2016.01.27-15.42.21:260][  0]SourceControl: Info Source control is disabled
[2016.01.27-15.42.21:278][  0]SourceControl: Info Source control is disabled
[2016.01.27-15.42.21:294][  0]SourceControl: Info Source control is disabled
[2016.01.27-15.42.21:475][  0]LogLinker:Warning: Asset '../../../Engine/Plugins/Runtime/LeapMotionController/Content/LM_PassthroughMaterial.uasset' has been saved with empty engine version. The asset will be loaded but may be incompatible.
[2016.01.27-15.42.21:573][  0]LogObj: 31792 objects as part of root set at end of initial load.
[2016.01.27-15.42.21:573][  0]LogUObjectAllocator: 7252928 out of 0 bytes used by permanent object pool.
[2016.01.27-15.42.21:646][  0]LogEngine: Initializing Engine...
[2016.01.27-15.42.21:649][  0]LogHMD: Can't find Oculus library dev build: is proper Runtime installed? Version: 0.7.0.0
[2016.01.27-15.42.21:651][  0]LogHMD: SteamVR failed to initialize.  Err: 110
[2016.01.27-15.42.21:789][  0]LogAIModule: Creating AISystem for world NewWorld
[2016.01.27-15.42.21:804][  0]LogInit: XAudio2 using 'Haut-parleurs (USB PnP Sound Device)' : 2 channels at 44.1 kHz using 16 bits per sample (channel mask 0x3)
[2016.01.27-15.42.21:823][  0]LogInit: FAudioDevice initialized.
[2016.01.27-15.42.21:843][  0]LogDerivedDataCache: Saved boot cache 0.02s 42MB C:/Users/frederic/AppData/Local/UnrealEngine/4.9/DerivedDataCache/Boot.ddc.
[2016.01.27-15.42.21:849][  0]LogInit: Texture streaming: Enabled
[2016.01.27-15.42.21:864][  0]LogAnalytics: Creating configured Analytics provider AnalyticsET
[2016.01.27-15.42.21:864][  0]LogAnalytics: [UEEditor.Rocket.Release] APIServer = http://et2.epicgames.com/ET2/. AppVersion = 4.9.2-2707645+++depot+UE4-Releases+4.9
[2016.01.27-15.42.21:864][  0]LogAnalytics: [UEEditor.Rocket.Release] SetUserId c8da8d664a36a98701fe659c10ae4ff8|70626fa7f476448fb82ad9618fbbb1ab|00e7fb16-00c3-4af4-a2a1-2cc8013aae38
[2016.01.27-15.42.21:865][  0]LogAnalytics: [UEEditor.Rocket.Release] AnalyticsET::StartSession
[2016.01.27-15.42.21:879][  0]LogInit: Transaction tracking system initialized
[2016.01.27-15.42.21:965][  0]BlueprintLog: New page: Editor Load
[2016.01.27-15.42.22:295][  0]LocalizationService: Info Localization service is disabled
[2016.01.27-15.42.22:434][  0]LogLinker:Warning: Can't find file '/Game/ThirdPersonCPP/ThirdPersonOverview'
[2016.01.27-15.42.22:434][  0]LogLinker:Warning: Can't find file '/Game/ThirdPersonCPP/ThirdPersonOverview'
[2016.01.27-15.42.22:435][  0]LogUObjectGlobals:Warning: Failed to find object 'Class /Game/ThirdPersonCPP/ThirdPersonOverview.ThirdPersonOverview_C'
[2016.01.27-15.42.22:461][  0]LogConsoleResponse:Display: 
[2016.01.27-15.42.22:574][  0]LogCook:Display: Done creating registry. It took  0.00s.
[2016.01.27-15.42.22:725][  0]LogFileCache: Scanning file cache for directory 'C:/Users/frederic/Documents/Unreal Projects/LostAge/Content/' took 0.01s
[2016.01.27-15.42.22:725][  0]SourceControl: Info Source control is disabled
[2016.01.27-15.42.22:725][  0]Cmd: MAP LOAD FILE="../../../../../../Users/frederic/Documents/Unreal Projects/LostAge/Content/FirstPersonCPP/Maps/MainMenu.umap" TEMPLATE=0 SHOWPROGRESS=1 FEATURELEVEL=3
[2016.01.27-15.42.22:726][  0]LightingResults: New page: Lighting Build
[2016.01.27-15.42.22:731][  0]MapCheck: New page: Map Check
[2016.01.27-15.42.22:731][  0]LightingResults: New page: Lighting Build
[2016.01.27-15.42.22:743][  0]LogParticles: Destroying 0 GPU particle simulations for FXSystem 0x0000000022D72160
[2016.01.27-15.42.22:748][  0]LogAIModule: Creating AISystem for world MainMenu
[2016.01.27-15.42.22:749][  0]LogEditorServer: Finished looking for orphan Actors (0.000 secs)
[2016.01.27-15.42.22:750][  0]Cmd: MAP CHECKDEP NOCLEARLOG
[2016.01.27-15.42.22:794][  0]MapCheck: Info Map check complete: 0 Error(s), 0 Warning(s), took 43.767ms to complete.
[2016.01.27-15.42.22:795][  0]LogFileHelpers: Loading map 'MainMenu' took 0.069
[2016.01.27-15.42.22:903][  0]LogCollectionManager: Loaded 0 collections in 0.002030 seconds
[2016.01.27-15.42.22:945][  0]LogFileCache: Scanning file cache for directory 'C:/Users/frederic/Documents/Unreal Projects/LostAge/Saved/Collections/' took 0.01s
[2016.01.27-15.42.22:946][  0]LogFileCache: Scanning file cache for directory 'C:/Users/frederic/Documents/Unreal Projects/LostAge/Content/Developers/frederic/Collections/' took 0.01s
[2016.01.27-15.42.22:946][  0]LogFileCache: Scanning file cache for directory 'C:/Users/frederic/Documents/Unreal Projects/LostAge/Content/Collections/' took 0.01s
[2016.01.27-15.42.22:946][  0]LogContentBrowser: Native class hierarchy populated in 0.0083 seconds. Added 1875 classes and 335 folders.
[2016.01.27-15.42.22:955][  0]LogCollectionManager: Rebuilt the GUID cache for 0 collections in 0.000002 seconds
[2016.01.27-15.42.22:969][  0]LogContentBrowser: Native class hierarchy updated for 'WidgetCarousel' in 0.0032 seconds. Added 0 classes and 0 folders.
[2016.01.27-15.42.23:028][  0]LogContentBrowser: Native class hierarchy updated for 'AddContentDialog' in 0.0018 seconds. Added 0 classes and 0 folders.
[2016.01.27-15.42.23:046][  0]LogContentBrowser: Native class hierarchy updated for 'SceneOutliner' in 0.0018 seconds. Added 1 classes and 2 folders.
[2016.01.27-15.42.23:078][  0]LogCrashTracker: Crashtracker disabled due to settings.
[2016.01.27-15.42.23:081][  0]LogUObjectGlobals:Warning: Failed to find object 'Class None.'
[2016.01.27-15.42.23:104][  0]LogLoad: Full Startup: 7.64 seconds (BP compile: 0.03 seconds)
[2016.01.27-15.42.23:190][  0]LogContentStreaming: Texture pool size now 1000 MB
[2016.01.27-15.42.23:315][  0]LogRenderer: Reallocating scene render targets to support 1208x556 (Frame:2).
[2016.01.27-15.42.23:519][  3]LogAssetRegistry: Asset discovery search completed in 2.5974 seconds
[2016.01.27-15.42.23:519][  3]LogCollectionManager: Rebuilt the object cache for 0 collections in 0.000001 seconds (found 0 objects)
[2016.01.27-15.42.23:520][  3]LogCollectionManager: Fixed up redirectors for 0 collections in 0.000367 seconds (updated 0 objects)
[2016.01.27-15.42.25:930][279]LogPlayLevel: PlayLevel: No blueprints needed recompiling
[2016.01.27-15.42.25:931][279]PIE: New page: PIE session: MainMenu (Jan 27, 2016, 5:42:25 AM)
[2016.01.27-15.42.25:994][279]LogPlayLevel: Creating play world package: /Game/FirstPersonCPP/Maps/UEDPIE_0_MainMenu
[2016.01.27-15.42.25:996][279]LogPlayLevel: PIE: StaticDuplicateObject took: (0.000720s)
[2016.01.27-15.42.25:997][279]LogAIModule: Creating AISystem for world MainMenu
[2016.01.27-15.42.25:997][279]LogPlayLevel: PIE: World Init took: (0.001339s)
[2016.01.27-15.42.25:998][279]LogPlayLevel: PIE: Created PIE world by copying editor world from /Game/FirstPersonCPP/Maps/MainMenu.MainMenu to /Game/FirstPersonCPP/Maps/UEDPIE_0_MainMenu.MainMenu (0.003633s)
[2016.01.27-15.42.25:998][279]LogActorComponent: UnregisterComponent: (/Engine/Transient.CharMoveComp) Not registered. Aborting.
[2016.01.27-15.42.26:024][279]LogInit: XAudio2 using 'Haut-parleurs (USB PnP Sound Device)' : 2 channels at 44.1 kHz using 16 bits per sample (channel mask 0x3)
[2016.01.27-15.42.26:027][279]LogInit: FAudioDevice initialized.
[2016.01.27-15.42.26:117][279]LogWorld: Game class is 'GameModeBP_C'
[2016.01.27-15.42.26:119][279]LogWorld: Bringing World /Game/FirstPersonCPP/Maps/UEDPIE_0_MainMenu.MainMenu up for play (max tick rate 0) at 2016.01.27-10.42.26
[2016.01.27-15.42.26:120][279]LogActor:Warning: GameSession /Game/FirstPersonCPP/Maps/UEDPIE_0_MainMenu.MainMenu:PersistentLevel.GameSession_0 has natively added scene component(s), but none of them were set as the actor's RootComponent - picking one arbitrarily
[2016.01.27-15.42.26:120][279]LogActor:Warning: GameNetworkManager /Game/FirstPersonCPP/Maps/UEDPIE_0_MainMenu.MainMenu:PersistentLevel.GameNetworkManager_0 has natively added scene component(s), but none of them were set as the actor's RootComponent - picking one arbitrarily
[2016.01.27-15.42.26:121][279]LogWorld: Bringing up level for play took: 0.001743
[2016.01.27-15.42.26:132][279]LogVoice:Warning: Failed to initialize voice interface
[2016.01.27-15.42.26:134][279]LogOnline:Warning: NULL: Can't start an online game for session (Game) that hasn't been created
[2016.01.27-15.42.26:286][279]PIE: Info Play in editor start time for /Game/FirstPersonCPP/Maps/UEDPIE_0_MainMenu -0.25
[2016.01.27-15.42.26:301][280]LogRenderer: Reallocating scene render targets to support 1280x720 (Frame:274).
[2016.01.27-15.42.27:911][466]LogInit: WinSock: I am frederic-PC (192.168.1.103:0)
[2016.01.27-15.42.27:974][466]LogPackageName: SearchForPackageOnDisk took   0.062s to resolve FirstPersonExampleMap.umap.
[2016.01.27-15.42.28:027][466]LogPackageName: SearchForPackageOnDisk took   0.052s to resolve FirstPersonExampleMap.umap.
[2016.01.27-15.42.28:028][466]LogNet: Browse: /Game/FirstPersonCPP/Maps/FirstPersonExampleMap?listen
[2016.01.27-15.42.28:028][466]LogLoad: LoadMap: /Game/FirstPersonCPP/Maps/FirstPersonExampleMap?listen
[2016.01.27-15.42.28:043][466]LogParticles: Destroying 0 GPU particle simulations for FXSystem 0x0000000011058C20
[2016.01.27-15.42.28:048][466]Cmd: MEM
[2016.01.27-15.42.28:059][466]LogMemory: Platform Memory Stats for Windows
[2016.01.27-15.42.28:059][466]LogMemory: Process Physical Memory: 589.63 MB used, 589.63 MB peak
[2016.01.27-15.42.28:060][466]LogMemory: Process Virtual Memory: 1101.24 MB used, 1180.12 MB peak
[2016.01.27-15.42.28:060][466]LogMemory: Physical Memory: 6976.84 MB used, 16288.39 MB total
[2016.01.27-15.42.28:060][466]LogMemory: Virtual Memory: 1767.04 MB used, 8388608.00 MB total
[2016.01.27-15.42.28:061][466]LogMemory: 
[2016.01.27-15.42.28:061][466]Allocator Stats for TBB: (not implemented)
[2016.01.27-15.42.28:933][466]LogAIModule: Creating AISystem for world FirstPersonExampleMap
[2016.01.27-15.42.28:934][466]LogWorld: Game class is 'GameModeBP_C'
[2016.01.27-15.42.28:935][466]LogInit: WinSock: Socket queue 131072 / 131072
[2016.01.27-15.42.28:936][466]LogNet: GameNetDriver IpNetDriver_0 IpNetDriver listening on port 7777
[2016.01.27-15.42.28:946][466]LogWorld: Bringing World /Game/FirstPersonCPP/Maps/UEDPIE_0_FirstPersonExampleMap.FirstPersonExampleMap up for play (max tick rate 0) at 2016.01.27-10.42.28
[2016.01.27-15.42.28:946][466]LogActor:Warning: GameSession /Game/FirstPersonCPP/Maps/UEDPIE_0_FirstPersonExampleMap.FirstPersonExampleMap:PersistentLevel.GameSession_1 has natively added scene component(s), but none of them were set as the actor's RootComponent - picking one arbitrarily
[2016.01.27-15.42.28:947][466]LogActor:Warning: GameNetworkManager /Game/FirstPersonCPP/Maps/UEDPIE_0_FirstPersonExampleMap.FirstPersonExampleMap:PersistentLevel.GameNetworkManager_1 has natively added scene component(s), but none of them were set as the actor's RootComponent - picking one arbitrarily
[2016.01.27-15.42.28:948][466]LogWorld: Bringing up level for play took: 0.010611
[2016.01.27-15.42.28:950][466]LogOnline:Warning: NULL: Can't start an online session (Game) in state InProgress
[2016.01.27-15.42.32:042][788]LogPackageName: SearchForPackageOnDisk took   0.052s to resolve MainMenu.umap.
[2016.01.27-15.42.32:102][789]LogPackageName: SearchForPackageOnDisk took   0.053s to resolve MainMenu.umap.
[2016.01.27-15.42.32:102][789]LogNet: Browse: /Game/FirstPersonCPP/Maps/MainMenu
[2016.01.27-15.42.32:103][789]LogLoad: LoadMap: /Game/FirstPersonCPP/Maps/MainMenu
[2016.01.27-15.42.32:103][789]LogNet: World NetDriver shutdown IpNetDriver_0 [GameNetDriver]
[2016.01.27-15.42.32:103][789]LogNet: DestroyNamedNetDriver IpNetDriver_0 [GameNetDriver]
[2016.01.27-15.42.32:104][789]LogExit: GameNetDriver IpNetDriver_0 shut down
[2016.01.27-15.42.32:118][789]LogParticles: Destroying 0 GPU particle simulations for FXSystem 0x000000003B8F5C60
[2016.01.27-15.42.32:192][789]Cmd: MEM
[2016.01.27-15.42.32:204][789]LogMemory: Platform Memory Stats for Windows
[2016.01.27-15.42.32:204][789]LogMemory: Process Physical Memory: 898.54 MB used, 1154.45 MB peak
[2016.01.27-15.42.32:205][789]LogMemory: Process Virtual Memory: 1529.09 MB used, 1782.08 MB peak
[2016.01.27-15.42.32:205][789]LogMemory: Physical Memory: 7438.41 MB used, 16288.39 MB total
[2016.01.27-15.42.32:205][789]LogMemory: Virtual Memory: 2193.23 MB used, 8388608.00 MB total
[2016.01.27-15.42.32:206][789]LogMemory: 
[2016.01.27-15.42.32:206][789]Allocator Stats for TBB: (not implemented)
[2016.01.27-15.42.32:206][789]LogPlayLevel: Creating play world package: /Game/FirstPersonCPP/Maps/UEDPIE_0_MainMenu
[2016.01.27-15.42.32:207][789]LogPlayLevel: PIE: StaticDuplicateObject took: (0.000462s)
[2016.01.27-15.42.32:208][789]LogAIModule: Creating AISystem for world MainMenu
[2016.01.27-15.42.32:208][789]LogPlayLevel: PIE: World Init took: (0.000994s)
[2016.01.27-15.42.32:208][789]LogPlayLevel: PIE: Created PIE world by copying editor world from /Game/FirstPersonCPP/Maps/MainMenu.MainMenu to /Game/FirstPersonCPP/Maps/UEDPIE_0_MainMenu.MainMenu (0.002405s)
[2016.01.27-15.42.32:209][789]LogWorld: Game class is 'GameModeBP_C'
[2016.01.27-15.42.32:210][789]LogWorld: Bringing World /Game/FirstPersonCPP/Maps/UEDPIE_0_MainMenu.MainMenu up for play (max tick rate 0) at 2016.01.27-10.42.32
[2016.01.27-15.42.32:211][789]LogActor:Warning: GameSession /Game/FirstPersonCPP/Maps/UEDPIE_0_MainMenu.MainMenu:PersistentLevel.GameSession_2 has natively added scene component(s), but none of them were set as the actor's RootComponent - picking one arbitrarily
[2016.01.27-15.42.32:211][789]LogActor:Warning: GameNetworkManager /Game/FirstPersonCPP/Maps/UEDPIE_0_MainMenu.MainMenu:PersistentLevel.GameNetworkManager_2 has natively added scene component(s), but none of them were set as the actor's RootComponent - picking one arbitrarily
[2016.01.27-15.42.32:211][789]LogWorld: Bringing up level for play took: 0.001522
[2016.01.27-15.42.32:212][789]LogGameMode: Warning - PATHS NOT DEFINED or NO PLAYERSTART with positive rating
[2016.01.27-15.42.32:213][789]LogOnline:Warning: NULL: Can't start an online game for session (Game) that hasn't been created
[2016.01.27-15.42.33:564][945]LogOnline:Display: NULL: FOnlineSubsystemNull::Shutdown()
[2016.01.27-15.42.33:565][945]LogPlayLevel:Display: Shutting down PIE online subsystems
[2016.01.27-15.42.33:587][946]LogParticles: Destroying 0 GPU particle simulations for FXSystem 0x0000000010932DE0
[2016.01.27-15.42.33:626][950]LogPlayLevel:Display: Destroying online subsystem :Context_3
[2016.01.27-15.42.33:627][950]LogOnline:Display: NULL: FOnlineSubsystemNull::Shutdown()
[2016.01.27-15.42.35:273][105]Cmd: QUIT_EDITOR
[2016.01.27-15.42.35:605][105]LogExit: Preparing to exit.
[2016.01.27-15.42.36:703][105]LogActorComponent: UnregisterComponent: (None.None) Not registered. Aborting.
[2016.01.27-15.42.36:704][105]LogActorComponent: UnregisterComponent: (None.None) Not registered. Aborting.
[2016.01.27-15.42.36:704][105]LogActorComponent: UnregisterComponent: (None.None) Not registered. Aborting.
[2016.01.27-15.42.36:705][105]LogActorComponent: UnregisterComponent: (None.None) Not registered. Aborting.
[2016.01.27-15.42.36:705][105]LogActorComponent: UnregisterComponent: (None.None) Not registered. Aborting.
[2016.01.27-15.42.36:705][105]LogActorComponent: UnregisterComponent: (None.None) Not registered. Aborting.
[2016.01.27-15.42.36:706][105]LogActorComponent: UnregisterComponent: (None.None) Not registered. Aborting.
[2016.01.27-15.42.36:706][105]LogActorComponent: UnregisterComponent: (None.None) Not registered. Aborting.
[2016.01.27-15.42.36:706][105]LogActorComponent: UnregisterComponent: (None.None) Not registered. Aborting.
[2016.01.27-15.42.36:706][105]LogActorComponent: UnregisterComponent: (None.None) Not registered. Aborting.
[2016.01.27-15.42.36:706][105]LogActorComponent: UnregisterComponent: (None.None) Not registered. Aborting.
[2016.01.27-15.42.36:707][105]LogActorComponent: UnregisterComponent: (None.None) Not registered. Aborting.
[2016.01.27-15.42.36:714][105]LogParticles: Destroying 0 GPU particle simulations for FXSystem 0x0000000010844720
[2016.01.27-15.42.36:715][105]LogParticles: Destroying 0 GPU particle simulations for FXSystem 0x00000000108C7880
[2016.01.27-15.42.36:717][105]LogExit: Editor shut down
[2016.01.27-15.42.36:718][105]LogExit: Transaction tracking system shut down
[2016.01.27-15.42.36:719][105]LogParticles: Destroying 0 GPU particle simulations for FXSystem 0x0000000013727240
[2016.01.27-15.42.36:843][105]LogExit: Object subsystem successfully closed.
[2016.01.27-15.42.36:867][105]LogD3D11RHI: Shutdown
[2016.01.27-15.42.36:867][105]LogD3D11RHI: CleanupD3DDevice
[2016.01.27-15.42.37:190][105]LogD3D11RHI: ~FD3D11DynamicRHI
[2016.01.27-15.42.37:208][105]LogModuleManager: Shutting down and abandoning module CrashTracker (200)
[2016.01.27-15.42.37:208][105]LogModuleManager: Shutting down and abandoning module SceneOutliner (199)
[2016.01.27-15.42.37:208][105]LogModuleManager: Shutting down and abandoning module SuperSearch (198)
[2016.01.27-15.42.37:209][105]LogModuleManager: Shutting down and abandoning module WidgetCarousel (197)
[2016.01.27-15.42.37:209][105]LogModuleManager: Shutting down and abandoning module AddContentDialog (196)
[2016.01.27-15.42.37:210][105]LogModuleManager: Shutting down and abandoning module EditorWidgets (195)
[2016.01.27-15.42.37:210][105]LogModuleManager: Shutting down and abandoning module CollectionManager (194)
[2016.01.27-15.42.37:211][105]LogModuleManager: Shutting down and abandoning module StatsViewer (193)
[2016.01.27-15.42.37:211][105]LogModuleManager: Shutting down and abandoning module FoliageEdit (192)
[2016.01.27-15.42.37:211][105]LogModuleManager: Shutting down and abandoning module LandscapeEditor (191)
[2016.01.27-15.42.37:212][105]LogModuleManager: Shutting down and abandoning module ActorPickerMode (190)
[2016.01.27-15.42.37:212][105]LogModuleManager: Shutting down and abandoning module GeometryMode (189)
[2016.01.27-15.42.37:212][105]LogModuleManager: Shutting down and abandoning module TextureAlignMode (188)
[2016.01.27-15.42.37:212][105]LogModuleManager: Shutting down and abandoning module BspMode (187)
[2016.01.27-15.42.37:213][105]LogModuleManager: Shutting down and abandoning module PlacementMode (186)
[2016.01.27-15.42.37:213][105]LogModuleManager: Shutting down and abandoning module AutomationWorker (185)
[2016.01.27-15.42.37:213][105]LogModuleManager: Shutting down and abandoning module CharacterAI (184)
[2016.01.27-15.42.37:213][105]LogModuleManager: Shutting down and abandoning module SmartSnapping (183)
[2016.01.27-15.42.37:214][105]LogModuleManager: Shutting down and abandoning module ViewportSnapping (182)
[2016.01.27-15.42.37:214][105]LogModuleManager: Shutting down and abandoning module LogVisualizer (181)
[2016.01.27-15.42.37:214][105]LogModuleManager: Shutting down and abandoning module GameProjectGeneration (180)
[2016.01.27-15.42.37:214][105]LogModuleManager: Shutting down and abandoning module IntroTutorials (179)
[2016.01.27-15.42.37:215][105]LogModuleManager: Shutting down and abandoning module EditorLiveStreaming (178)
[2016.01.27-15.42.37:215][105]LogModuleManager: Shutting down and abandoning module IOSPlatformEditor (177)
[2016.01.27-15.42.37:215][105]LogModuleManager: Shutting down and abandoning module HTML5PlatformEditor (176)
[2016.01.27-15.42.37:215][105]LogModuleManager: Shutting down and abandoning module AndroidDeviceDetection (175)
[2016.01.27-15.42.37:381][105]LogModuleManager: Shutting down and abandoning module AndroidPlatformEditor (174)
[2016.01.27-15.42.37:381][105]LogModuleManager: Shutting down and abandoning module IOSRuntimeSettings (173)
[2016.01.27-15.42.37:381][105]LogModuleManager: Shutting down and abandoning module AndroidRuntimeSettings (172)
[2016.01.27-15.42.37:382][105]LogModuleManager: Shutting down and abandoning module MergeActors (171)
[2016.01.27-15.42.37:382][105]LogModuleManager: Shutting down and abandoning module SizeMap (170)
[2016.01.27-15.42.37:382][105]LogModuleManager: Shutting down and abandoning module TreeMap (169)
[2016.01.27-15.42.37:382][105]LogModuleManager: Shutting down and abandoning module ReferenceViewer (168)
[2016.01.27-15.42.37:383][105]LogModuleManager: Shutting down and abandoning module LocalizationService (167)
[2016.01.27-15.42.37:383][105]LogModuleManager: Shutting down and abandoning module LocalizationDashboard (166)
[2016.01.27-15.42.37:383][105]LogModuleManager: Shutting down and abandoning module HardwareTargeting (165)
[2016.01.27-15.42.37:383][105]LogModuleManager: Shutting down and abandoning module DeviceProfileEditor (164)
[2016.01.27-15.42.37:384][105]LogModuleManager: Shutting down and abandoning module UndoHistory (163)
[2016.01.27-15.42.37:384][105]LogModuleManager: Shutting down and abandoning module GameplayTagsEditor (162)
[2016.01.27-15.42.37:384][105]LogModuleManager: Shutting down and abandoning module UserFeedback (161)
[2016.01.27-15.42.37:384][105]LogModuleManager: Shutting down and abandoning module XmlParser (160)
[2016.01.27-15.42.37:385][105]LogModuleManager: Shutting down and abandoning module Blutility (159)
[2016.01.27-15.42.37:385][105]LogModuleManager: Shutting down and abandoning module ProjectTargetPlatformEditor (158)
[2016.01.27-15.42.37:385][105]LogModuleManager: Shutting down and abandoning module ProjectSettingsViewer (157)
[2016.01.27-15.42.37:385][105]LogModuleManager: Shutting down and abandoning module InputBindingEditor (156)
[2016.01.27-15.42.37:386][105]LogModuleManager: Shutting down and abandoning module EditorSettingsViewer (155)
[2016.01.27-15.42.37:386][105]LogModuleManager: Shutting down and abandoning module SettingsEditor (154)
[2016.01.27-15.42.37:386][105]LogModuleManager: Shutting down and abandoning module ProjectLauncher (153)
[2016.01.27-15.42.37:387][105]LogModuleManager: Shutting down and abandoning module SessionFrontend (152)
[2016.01.27-15.42.37:387][105]LogModuleManager: Shutting down and abandoning module ProfilerClient (151)
[2016.01.27-15.42.37:387][105]LogModuleManager: Shutting down and abandoning module TargetDeviceServices (150)
[2016.01.27-15.42.37:387][105]LogModuleManager: Shutting down and abandoning module DeviceManager (149)
[2016.01.27-15.42.37:388][105]LogModuleManager: Shutting down and abandoning module AutomationController (148)
[2016.01.27-15.42.37:388][105]LogModuleManager: Shutting down and abandoning module AutomationWindow (147)
[2016.01.27-15.42.37:388][105]LogModuleManager: Shutting down and abandoning module Layers (146)
[2016.01.27-15.42.37:388][105]LogModuleManager: Shutting down and abandoning module ComponentVisualizers (145)
[2016.01.27-15.42.37:389][105]LogModuleManager: Shutting down and abandoning module DetailCustomizations (144)
[2016.01.27-15.42.37:389][105]LogModuleManager: Shutting down and abandoning module PackagesDialog (143)
[2016.01.27-15.42.37:389][105]LogModuleManager: Shutting down and abandoning module Persona (142)
[2016.01.27-15.42.37:389][105]LogModuleManager: Shutting down and abandoning module Kismet (141)
[2016.01.27-15.42.37:390][105]LogModuleManager: Shutting down and abandoning module GraphEditor (140)
[2016.01.27-15.42.37:390][105]LogModuleManager: Shutting down and abandoning module ClassViewer (139)
[2016.01.27-15.42.37:390][105]LogModuleManager: Shutting down and abandoning module Toolbox (138)
[2016.01.27-15.42.37:390][105]LogModuleManager: Shutting down and abandoning module ModuleUI (137)
[2016.01.27-15.42.37:391][105]LogModuleManager: Shutting down and abandoning module MovieSceneTools (136)
[2016.01.27-15.42.37:391][105]LogModuleManager: Shutting down and abandoning module OutputLog (135)
[2016.01.27-15.42.37:391][105]LogModuleManager: Shutting down and abandoning module GammaUI (134)
[2016.01.27-15.42.37:391][105]LogModuleManager: Shutting down and abandoning module Documentation (133)
[2016.01.27-15.42.37:392][105]LogModuleManager: Shutting down and abandoning module GameLiveStreaming (132)
[2016.01.27-15.42.37:392][105]LogModuleManager: Shutting down and abandoning module StreamingPauseRendering (131)
[2016.01.27-15.42.37:392][105]LogModuleManager: Shutting down and abandoning module AnalyticsET (130)
[2016.01.27-15.42.37:392][105]LogModuleManager: Shutting down and abandoning module Analytics (129)
[2016.01.27-15.42.37:393][105]LogModuleManager: Shutting down and abandoning module AITestSuite (128)
[2016.01.27-15.42.37:393][105]LogModuleManager: Shutting down and abandoning module GameplayDebugger (127)
[2016.01.27-15.42.37:393][105]LogModuleManager: Shutting down and abandoning module AIModule (126)
[2016.01.27-15.42.37:393][105]LogModuleManager: Shutting down and abandoning module ProfilerService (125)
[2016.01.27-15.42.37:603][105]LogModuleManager: Shutting down and abandoning module TaskGraph (124)
[2016.01.27-15.42.37:603][105]LogModuleManager: Shutting down and abandoning module SlateRemote (123)
[2016.01.27-15.42.37:604][105]LogModuleManager: Shutting down and abandoning module SteamVRController (122)
[2016.01.27-15.42.37:604][105]LogModuleManager: Shutting down and abandoning module SteamVR (121)
[2016.01.27-15.42.37:604][105]LogModuleManager: Shutting down and abandoning module ProceduralMeshComponent (120)
[2016.01.27-15.42.37:604][105]LogModuleManager: Shutting down and abandoning module OculusRift (119)
[2016.01.27-15.42.37:605][105]LogModuleManager: Shutting down and abandoning module OculusLibrary (118)
[2016.01.27-15.42.37:605][105]LogModuleManager: Shutting down and abandoning module LeapMotionController (117)
[2016.01.27-15.42.37:614][105]LogModuleManager: Shutting down and abandoning module CustomMeshComponent (116)
[2016.01.27-15.42.37:615][105]LogModuleManager: Shutting down and abandoning module CableComponent (115)
[2016.01.27-15.42.37:615][105]LogModuleManager: Shutting down and abandoning module ArchVisCharacter (114)
[2016.01.27-15.42.37:615][105]LogModuleManager: Shutting down and abandoning module MessagingDebugger (113)
[2016.01.27-15.42.37:615][105]LogModuleManager: Shutting down and abandoning module MediaPlayerEditor (112)
[2016.01.27-15.42.37:616][105]LogModuleManager: Shutting down and abandoning module HTML5Networking (111)
[2016.01.27-15.42.37:616][105]LogModuleManager: Shutting down and abandoning module SpeedTreeImporter (110)
[2016.01.27-15.42.37:616][105]LogModuleManager: Shutting down and abandoning module PluginBrowser (109)
[2016.01.27-15.42.37:616][105]LogModuleManager: Shutting down and abandoning module EpicSurvey (108)
[2016.01.27-15.42.37:617][105]LogModuleManager: Shutting down and abandoning module DesktopPlatform (107)
[2016.01.27-15.42.37:617][105]LogModuleManager: Shutting down and abandoning module VisualStudioSourceCodeAccess (106)
[2016.01.27-15.42.37:617][105]LogModuleManager: Shutting down and abandoning module UObjectPlugin (105)
[2016.01.27-15.42.37:617][105]LogModuleManager: Shutting down and abandoning module SubversionSourceControl (104)
[2016.01.27-15.42.37:618][105]LogModuleManager: Shutting down and abandoning module PerforceSourceControl (103)
[2016.01.27-15.42.37:618][105]LogModuleManager: Shutting down and abandoning module SourceControl (102)
[2016.01.27-15.42.37:618][105]LogModuleManager: Shutting down and abandoning module GitSourceControl (101)
[2016.01.27-15.42.37:618][105]LogModuleManager: Shutting down and abandoning module LightPropagationVolumeEditor (100)
[2016.01.27-15.42.37:619][105]LogModuleManager: Shutting down and abandoning module PaperTiledImporter (99)
[2016.01.27-15.42.37:619][105]LogModuleManager: Shutting down and abandoning module PaperSpriteSheetImporter (98)
[2016.01.27-15.42.37:619][105]LogModuleManager: Shutting down and abandoning module MeshPaint (97)
[2016.01.27-15.42.37:619][105]LogModuleManager: Shutting down and abandoning module SlateReflector (96)
[2016.01.27-15.42.37:620][105]LogModuleManager: Shutting down and abandoning module HotReload (95)
[2016.01.27-15.42.37:620][105]LogModuleManager: Shutting down and abandoning module MainFrame (94)
[2016.01.27-15.42.37:620][105]LogModuleManager: Shutting down and abandoning module LevelEditor (93)
[2016.01.27-15.42.37:621][105]LogModuleManager: Shutting down and abandoning module DirectoryWatcher (92)
[2016.01.27-15.42.37:622][105]LogModuleManager: Shutting down and abandoning module AssetRegistry (91)
[2016.01.27-15.42.37:692][105]LogModuleManager: Shutting down and abandoning module ContentBrowser (90)
[2016.01.27-15.42.37:693][105]LogModuleManager: Shutting down and abandoning module Paper2DEditor (89)
[2016.01.27-15.42.37:694][105]LogModuleManager: Shutting down and abandoning module LostAge (88)
[2016.01.27-15.42.37:694][105]LogModuleManager: Shutting down and abandoning module UdpMessaging (87)
[2016.01.27-15.42.37:795][105]LogModuleManager: Shutting down and abandoning module LightPropagationVolumeRuntime (86)
[2016.01.27-15.42.37:795][105]LogModuleManager: Shutting down and abandoning module Paper2D (85)
[2016.01.27-15.42.37:796][105]LogModuleManager: Shutting down and abandoning module WindowsMoviePlayer (84)
[2016.01.27-15.42.37:798][105]LogModuleManager: Shutting down and abandoning module Media (83)
[2016.01.27-15.42.37:799][105]LogModuleManager: Shutting down and abandoning module WmfMedia (82)
[2016.01.27-15.42.37:800][105]LogModuleManager: Shutting down and abandoning module OnlineBlueprintSupport (81)
[2016.01.27-15.42.37:800][105]LogModuleManager: Shutting down and abandoning module GameplayTasksEditor (80)
[2016.01.27-15.42.37:801][105]LogModuleManager: Shutting down and abandoning module PropertyEditor (79)
[2016.01.27-15.42.37:801][105]LogModuleManager: Shutting down and abandoning module BehaviorTreeEditor (78)
[2016.01.27-15.42.37:802][105]LogModuleManager: Shutting down and abandoning module FunctionalTesting (77)
[2016.01.27-15.42.37:802][105]LogModuleManager: Shutting down and abandoning module CollisionAnalyzer (76)
[2016.01.27-15.42.37:802][105]LogModuleManager: Shutting down and abandoning module WorkspaceMenuStructure (75)
[2016.01.27-15.42.37:802][105]LogModuleManager: Shutting down and abandoning module MessageLog (74)
[2016.01.27-15.42.37:803][105]LogModuleManager: Shutting down and abandoning module Sequencer (73)
[2016.01.27-15.42.37:803][105]LogModuleManager: Shutting down and abandoning module AssetTools (72)
[2016.01.27-15.42.37:803][105]LogModuleManager: Shutting down and abandoning module UMGEditor (71)
[2016.01.27-15.42.37:803][105]LogModuleManager: Shutting down and abandoning module UMG (70)
[2016.01.27-15.42.37:804][105]LogModuleManager: Shutting down and abandoning module Slate (69)
[2016.01.27-15.42.37:804][105]LogModuleManager: Shutting down and abandoning module EditorStyle (68)
[2016.01.27-15.42.37:806][105]LogModuleManager: Shutting down and abandoning module SessionServices (67)
[2016.01.27-15.42.37:807][105]LogModuleManager: Shutting down and abandoning module SourceCodeAccess (66)
[2016.01.27-15.42.37:807][105]LogModuleManager: Shutting down and abandoning module HeadMountedDisplay (65)
[2016.01.27-15.42.37:807][105]LogModuleManager: Shutting down and abandoning module XAudio2 (64)
[2016.01.27-15.42.37:807][105]LogModuleManager: Shutting down and abandoning module Networking (63)
[2016.01.27-15.42.37:808][105]LogModuleManager: Shutting down and abandoning module Core (62)
[2016.01.27-15.42.37:808][105]LogModuleManager: Shutting down and abandoning module KismetCompiler (61)
[2016.01.27-15.42.37:808][105]LogModuleManager: Shutting down and abandoning module PhysXFormats (60)
[2016.01.27-15.42.37:808][105]LogModuleManager: Shutting down and abandoning module MeshUtilities (59)
[2016.01.27-15.42.37:809][105]LogModuleManager: Shutting down and abandoning module CookingStats (58)
[2016.01.27-15.42.37:810][105]LogModuleManager: Shutting down and abandoning module DerivedDataCache (57)
[2016.01.27-15.42.38:123][105]LogDerivedDataCache: Shutdown
[2016.01.27-15.42.38:123][105]LogModuleManager: Shutting down and abandoning module ShaderFormatOpenGL (56)
[2016.01.27-15.42.38:123][105]LogModuleManager: Shutting down and abandoning module ShaderFormatD3D (55)
[2016.01.27-15.42.38:124][105]LogModuleManager: Shutting down and abandoning module MetalShaderFormat (54)
[2016.01.27-15.42.38:124][105]LogModuleManager: Shutting down and abandoning module TextureFormatUncompressed (53)
[2016.01.27-15.42.38:124][105]LogModuleManager: Shutting down and abandoning module TextureFormatPVR (52)
[2016.01.27-15.42.38:124][105]LogModuleManager: Shutting down and abandoning module TextureFormatIntelISPCTexComp (51)
[2016.01.27-15.42.38:125][105]LogModuleManager: Shutting down and abandoning module TextureFormatDXT (50)
[2016.01.27-15.42.38:125][105]LogModuleManager: Shutting down and abandoning module ImageWrapper (49)
[2016.01.27-15.42.38:125][105]LogModuleManager: Shutting down and abandoning module TextureFormatASTC (48)
[2016.01.27-15.42.38:125][105]LogModuleManager: Shutting down and abandoning module TextureFormatAndroid (47)
[2016.01.27-15.42.38:126][105]LogModuleManager: Shutting down and abandoning module AudioFormatOpus (46)
[2016.01.27-15.42.38:126][105]LogModuleManager: Shutting down and abandoning module AudioFormatOgg (45)
[2016.01.27-15.42.38:126][105]LogModuleManager: Shutting down and abandoning module AudioFormatADPCM (44)
[2016.01.27-15.42.38:126][105]LogModuleManager: Shutting down and abandoning module LinuxTargetPlatform (43)
[2016.01.27-15.42.38:127][105]LogModuleManager: Shutting down and abandoning module LinuxServerTargetPlatform (42)
[2016.01.27-15.42.38:127][105]LogModuleManager: Shutting down and abandoning module LinuxNoEditorTargetPlatform (41)
[2016.01.27-15.42.38:127][105]LogModuleManager: Shutting down and abandoning module Messaging (40)
[2016.01.27-15.42.38:127][105]LogModuleManager: Shutting down and abandoning module IOSTargetPlatform (39)
[2016.01.27-15.42.38:128][105]LogModuleManager: Shutting down and abandoning module HTML5TargetPlatform (38)
[2016.01.27-15.42.38:128][105]LogModuleManager: Shutting down and abandoning module Android_PVRTCTargetPlatform (37)
[2016.01.27-15.42.38:128][105]LogModuleManager: Shutting down and abandoning module Android_ETC2TargetPlatform (36)
[2016.01.27-15.42.38:128][105]LogModuleManager: Shutting down and abandoning module Android_ETC1TargetPlatform (35)
[2016.01.27-15.42.38:129][105]LogModuleManager: Shutting down and abandoning module Android_DXTTargetPlatform (34)
[2016.01.27-15.42.38:129][105]LogModuleManager: Shutting down and abandoning module Android_ATCTargetPlatform (33)
[2016.01.27-15.42.38:129][105]LogModuleManager: Shutting down and abandoning module Android_ASTCTargetPlatform (32)
[2016.01.27-15.42.38:129][105]LogModuleManager: Shutting down and abandoning module AndroidTargetPlatform (31)
[2016.01.27-15.42.38:130][105]LogModuleManager: Shutting down and abandoning module WindowsTargetPlatform (30)
[2016.01.27-15.42.38:130][105]LogModuleManager: Shutting down and abandoning module WindowsServerTargetPlatform (29)
[2016.01.27-15.42.38:130][105]LogModuleManager: Shutting down and abandoning module WindowsNoEditorTargetPlatform (28)
[2016.01.27-15.42.38:130][105]LogModuleManager: Shutting down and abandoning module WindowsClientTargetPlatform (27)
[2016.01.27-15.42.38:130][105]LogModuleManager: Shutting down and abandoning module AllDesktopTargetPlatform (26)
[2016.01.27-15.42.38:131][105]LogModuleManager: Shutting down and abandoning module TargetPlatform (25)
[2016.01.27-15.42.38:131][105]LogModuleManager: Shutting down and abandoning module InputCore (24)
[2016.01.27-15.42.38:131][105]LogModuleManager: Shutting down and abandoning module Settings (23)
[2016.01.27-15.42.38:131][105]LogModuleManager: Shutting down and abandoning module Voice (21)
[2016.01.27-15.42.38:132][105]LogModuleManager: Shutting down and abandoning module OnlineSubsystem (18)
[2016.01.27-15.42.38:132][105]LogOnline:Display: NULL: FOnlineSubsystemNull::Shutdown()
[2016.01.27-15.42.38:133][105]LogOnline:Display: Unloading online subsystem: Null
[2016.01.27-15.42.38:133][105]LogModuleManager: Shutting down and abandoning module HTTP (17)
[2016.01.27-15.42.40:136][105]LogModuleManager: Shutting down and abandoning module XMPP (16)
[2016.01.27-15.42.40:136][105]LogModuleManager: Shutting down and abandoning module ExampleDeviceProfileSelector (15)
[2016.01.27-15.42.40:136][105]LogModuleManager: Shutting down and abandoning module TextureCompressor (14)
[2016.01.27-15.42.40:137][105]LogModuleManager: Shutting down and abandoning module ShaderCore (13)
[2016.01.27-15.42.40:137][105]LogModuleManager: Shutting down and abandoning module Landscape (12)
[2016.01.27-15.42.40:137][105]LogModuleManager: Shutting down and abandoning module SlateRHIRenderer (11)
[2016.01.27-15.42.40:138][105]LogModuleManager: Shutting down and abandoning module OpenGLDrv (10)
[2016.01.27-15.42.40:139][105]LogModuleManager: Shutting down and abandoning module D3D11RHI (9)
[2016.01.27-15.42.40:139][105]LogModuleManager: Shutting down and abandoning module AnimGraphRuntime (8)
[2016.01.27-15.42.40:139][105]LogModuleManager: Shutting down and abandoning module Renderer (7)
[2016.01.27-15.42.40:139][105]LogModuleManager: Shutting down and abandoning module Engine (6)
[2016.01.27-15.42.40:140][105]LogModuleManager: Shutting down and abandoning module CoreUObject (5)
[2016.01.27-15.42.40:140][105]LogModuleManager: Shutting down and abandoning module NetworkFile (4)
[2016.01.27-15.42.40:140][105]LogModuleManager: Shutting down and abandoning module StreamingFile (3)
[2016.01.27-15.42.40:140][105]LogModuleManager: Shutting down and abandoning module SandboxFile (2)
[2016.01.27-15.42.40:140][105]LogModuleManager: Shutting down and abandoning module PakFile (1)
[2016.01.27-15.42.40:143][105]LogExit: Exiting.
[2016.01.27-15.42.40:144][105]Log file closed, 01/27/16 10:42:40
