[2016.01.26-18.16.33:397][  0]Log file open, 01/26/16 13:16:33
[2016.01.26-18.16.33:397][  0]LogInit:Display: Running engine for game: LostAge
[2016.01.26-18.16.33:434][  0]LogInit:Display: RandInit(-683748565) SRandInit(-683748564).
[2016.01.26-18.16.33:435][  0]LogTaskGraph: Started task graph with 4 named threads and 7 total threads.
[2016.01.26-18.16.33:436][  0]LogStats: Stats thread started at 5.200391
[2016.01.26-18.16.33:437][  0]LogInit: Version: 4.9.2-2707645+++depot+UE4-Releases+4.9
[2016.01.26-18.16.33:437][  0]LogInit: API Version: 2672455
[2016.01.26-18.16.33:438][  0]LogInit: Compiled (64-bit): Sep 28 2015 10:25:44
[2016.01.26-18.16.33:438][  0]LogInit: Compiled with Visual C++: 18.00.21005.01
[2016.01.26-18.16.33:439][  0]LogInit: Build Configuration: DebugGame
[2016.01.26-18.16.33:439][  0]LogInit: Branch Name: ++depot+UE4-Releases+4.9
[2016.01.26-18.16.33:440][  0]LogInit: Command line:  -debug
[2016.01.26-18.16.33:440][  0]LogInit: Base directory: C:/Program Files/Epic Games/4.9/Engine/Binaries/Win64/
[2016.01.26-18.16.33:441][  0]LogInit: Rocket: 1
[2016.01.26-18.16.35:053][  0]LogInit: Using libcurl 7.41.0
[2016.01.26-18.16.35:054][  0]LogInit:  - built for x86_64-pc-win32
[2016.01.26-18.16.35:055][  0]LogInit:  - supports SSL with WinSSL
[2016.01.26-18.16.35:055][  0]LogInit:  - other features:
[2016.01.26-18.16.35:056][  0]LogInit:      CURL_VERSION_SSL
[2016.01.26-18.16.35:056][  0]LogInit:      CURL_VERSION_IPV6
[2016.01.26-18.16.35:057][  0]LogInit:      CURL_VERSION_ASYNCHDNS
[2016.01.26-18.16.35:058][  0]LogInit:      CURL_VERSION_LARGEFILE
[2016.01.26-18.16.35:058][  0]LogInit:      CURL_VERSION_IDN
[2016.01.26-18.16.35:059][  0]LogInit:  CurlRequestOptions (configurable via config and command line):
[2016.01.26-18.16.35:060][  0]LogInit:  - bVerifyPeer = true  - Libcurl will verify peer certificate
[2016.01.26-18.16.35:060][  0]LogInit:  - bUseHttpProxy = false  - Libcurl will NOT use HTTP proxy
[2016.01.26-18.16.35:061][  0]LogInit:  - bDontReuseConnections = false  - Libcurl will reuse connections
[2016.01.26-18.16.35:061][  0]LogInit:  - CertBundlePath = nullptr  - Libcurl will use whatever was configured at build time.
[2016.01.26-18.16.35:641][  0]LogInit: WinSock: version 1.1 (2.2), MaxSocks=32767, MaxUdp=65467
[2016.01.26-18.16.35:685][  0]LogVoice:Warning: Failed to initialize voice interface
[2016.01.26-18.16.35:806][  0]LogInit: Presizing for 0 objects not considered by GC, pre-allocating 0 bytes.
[2016.01.26-18.16.36:582][  0]LogInit: Object subsystem initialized
[2016.01.26-18.16.36:753][  0]LogInit: Selected Device Profile: [Windows]
[2016.01.26-18.16.36:754][  0]LogInit: Applying CVar settings loaded from the selected device profile: [Windows]
[2016.01.26-18.16.36:874][  0]LogInit: Computer: FREDERIC-PC
[2016.01.26-18.16.36:875][  0]LogInit: User: frederic
[2016.01.26-18.16.36:875][  0]LogInit: CPU Page size=4096, Cores=4
[2016.01.26-18.16.36:881][  0]LogInit: High frequency timer resolution =3.331240 MHz
[2016.01.26-18.16.36:916][  0]LogMemory: Memory total: Physical=15.9GB (16GB approx)
[2016.01.26-18.16.36:917][  0]LogMemory: Platform Memory Stats for Windows
[2016.01.26-18.16.36:918][  0]LogMemory: Process Physical Memory: 55.09 MB used, 55.09 MB peak
[2016.01.26-18.16.36:918][  0]LogMemory: Process Virtual Memory: 55.74 MB used, 55.74 MB peak
[2016.01.26-18.16.36:919][  0]LogMemory: Physical Memory: 7117.19 MB used, 16288.39 MB total
[2016.01.26-18.16.36:920][  0]LogMemory: Virtual Memory: 337.63 MB used, 8388608.00 MB total
[2016.01.26-18.16.38:209][  0]LogTextLocalizationManager: No translations for ('fr-CA') exist, falling back to 'en' for localization and internationalization data.
[2016.01.26-18.16.42:926][  0]LogD3D11RHI: Found D3D11 adapter 0: NVIDIA GeForce GTX 970 (Feature Level 11_0)
[2016.01.26-18.16.42:927][  0]LogD3D11RHI: Adapter has 4008MB of dedicated video memory, 0MB of dedicated system memory, and 7888MB of shared system memory, 1 output[s]
[2016.01.26-18.16.43:045][  0]LogD3D11RHI: Found D3D11 adapter 1: Intel(R) HD Graphics 3000 (Feature Level 10_0)
[2016.01.26-18.16.43:045][  0]LogD3D11RHI: Adapter has 64MB of dedicated video memory, 0MB of dedicated system memory, and 1632MB of shared system memory, 0 output[s]
[2016.01.26-18.16.43:045][  0]LogD3D11RHI: Chosen D3D11 Adapter Id = 0
[2016.01.26-18.16.43:050][  0]LogD3D11RHI: !Direct3DDevice
[2016.01.26-18.16.43:050][  0]LogRHI: Texture pool is 1361 MB (70% of 1945 MB)
[2016.01.26-18.16.43:118][  0]LogD3D11RHI: Async texture creation enabled
[2016.01.26-18.16.43:507][  0]LogShaderCompilers: Guid format shader working directory is 15 characters bigger than the processId version (../../../../../../Users/frederic/Documents/Unreal Projects/LostAge/Intermediate/Shaders/WorkingDirectory/2736/).
[2016.01.26-18.16.43:508][  0]LogShaderCompilers: Cleaned the shader compiler working directory '../../../../../../Users/frederic/Documents/Unreal Projects/LostAge/Intermediate/Shaders/tmp/7914F7F846431573221E4EA5528F0F74/'.
[2016.01.26-18.16.43:524][  0]LogShaderCompilers:Display: Using Local Shader Compiler.
[2016.01.26-18.16.47:021][  0]LogTemp:Display: Loaded TP AllDesktopTargetPlatform
[2016.01.26-18.16.47:241][  0]LogTemp:Display: Loaded TP WindowsClientTargetPlatform
[2016.01.26-18.16.47:348][  0]LogTemp:Display: Loaded TP WindowsNoEditorTargetPlatform
[2016.01.26-18.16.47:438][  0]LogTemp:Display: Loaded TP WindowsServerTargetPlatform
[2016.01.26-18.16.47:537][  0]LogTemp:Display: Loaded TP WindowsTargetPlatform
[2016.01.26-18.16.47:663][  0]LogTemp:Display: Loaded TP AndroidTargetPlatform
[2016.01.26-18.16.47:708][  0]LogTemp:Display: Loaded TP Android_ASTCTargetPlatform
[2016.01.26-18.16.47:740][  0]LogTemp:Display: Loaded TP Android_ATCTargetPlatform
[2016.01.26-18.16.47:786][  0]LogTemp:Display: Loaded TP Android_DXTTargetPlatform
[2016.01.26-18.16.47:810][  0]LogTemp:Display: Loaded TP Android_ETC1TargetPlatform
[2016.01.26-18.16.47:843][  0]LogTemp:Display: Loaded TP Android_ETC2TargetPlatform
[2016.01.26-18.16.47:880][  0]LogTemp:Display: Loaded TP Android_PVRTCTargetPlatform
[2016.01.26-18.16.47:942][  0]LogTemp:Display: Loaded TP HTML5TargetPlatform
[2016.01.26-18.16.48:267][  0]LogTemp:Display: Loaded TP IOSTargetPlatform
[2016.01.26-18.16.48:309][  0]LogTemp:Display: Loaded TP LinuxNoEditorTargetPlatform
[2016.01.26-18.16.48:337][  0]LogTemp:Display: Loaded TP LinuxServerTargetPlatform
[2016.01.26-18.16.48:393][  0]LogTemp:Display: Loaded TP LinuxTargetPlatform
[2016.01.26-18.16.48:393][  0]LogTargetPlatformManager:Display: Building Assets For Windows
[2016.01.26-18.16.50:255][  0]LogDerivedDataCache:Display: Max Cache Size: 512 MB
[2016.01.26-18.16.51:532][  0]LogDerivedDataCache: Loaded boot cache 1.28s 42MB C:/Users/frederic/AppData/Local/UnrealEngine/4.9/DerivedDataCache/Boot.ddc.
[2016.01.26-18.16.51:533][  0]LogDerivedDataCache:Display: Loaded Boot cache: C:/Users/frederic/AppData/Local/UnrealEngine/4.9/DerivedDataCache/Boot.ddc
[2016.01.26-18.16.51:534][  0]LogDerivedDataCache: FDerivedDataBackendGraph:  Pak pak cache file ../../../../../../Users/frederic/Documents/Unreal Projects/LostAge/DerivedDataCache/DDC.ddp not found, will not use a pak cache.
[2016.01.26-18.16.51:535][  0]LogDerivedDataCache: Unable to find inner node Pak for hierarchical cache Hierarchy.
[2016.01.26-18.16.51:535][  0]LogDerivedDataCache: FDerivedDataBackendGraph:  CompressedPak pak cache file ../../../../../../Users/frederic/Documents/Unreal Projects/LostAge/DerivedDataCache/Compressed.ddp not found, will not use a pak cache.
[2016.01.26-18.16.51:536][  0]LogDerivedDataCache: Unable to find inner node CompressedPak for hierarchical cache Hierarchy.
[2016.01.26-18.16.52:026][  0]LogDerivedDataCache:Display: Pak cache opened for reading ../../../Engine/DerivedDataCache/Compressed.ddp.
[2016.01.26-18.16.52:100][  0]LogDerivedDataCache: Using Local data cache path C:/Users/frederic/AppData/Local/UnrealEngine/Common/DerivedDataCache: Writable
[2016.01.26-18.16.58:459][  0]LogInit: Selected Device Profile: [Windows]
[2016.01.26-18.16.58:497][  0]LogContentStreaming: Texture pool size is 0.000000MB
[2016.01.26-18.16.59:134][  0]LogMeshUtilities: No automatic mesh reduction module available
[2016.01.26-18.16.59:135][  0]LogMeshUtilities: No automatic mesh merging module available
[2016.01.26-18.17.32:453][  0]UdpMessaging: Initializing bridge on interface 0.0.0.0:0 to multicast group 230.0.0.1:6666.
[2016.01.26-18.17.38:429][  0]LogAssetRegistry: FAssetRegistry took 0.0140 seconds to start up
[2016.01.26-18.17.47:085][  0]SourceControl: Info Source control is disabled
[2016.01.26-18.17.47:249][  0]SourceControl: Info Source control is disabled
[2016.01.26-18.17.47:921][  0]SourceControl: Info Source control is disabled
[2016.01.26-18.17.48:274][  0]SourceControl: Info Source control is disabled
[2016.01.26-18.17.50:068][  0]LogLinker:Warning: Asset '../../../Engine/Plugins/Runtime/LeapMotionController/Content/LM_PassthroughMaterial.uasset' has been saved with empty engine version. The asset will be loaded but may be incompatible.
[2016.01.26-18.17.50:882][  0]LogObj: 31791 objects as part of root set at end of initial load.
[2016.01.26-18.17.50:883][  0]LogUObjectAllocator: 7252848 out of 0 bytes used by permanent object pool.
[2016.01.26-18.17.51:830][  0]LogEngine: Initializing Engine...
[2016.01.26-18.17.51:865][  0]LogHMD: Can't find Oculus library dev build: is proper Runtime installed? Version: 0.7.0.0
[2016.01.26-18.17.51:911][  0]LogHMD: SteamVR failed to initialize.  Err: 110
[2016.01.26-18.17.53:121][  0]LogAIModule: Creating AISystem for world NewWorld
[2016.01.26-18.17.53:289][  0]LogInit: XAudio2 using 'Haut-parleurs (Realtek High Definition Audio)' : 2 channels at 48 kHz using 32 bits per sample (channel mask 0x3)
[2016.01.26-18.17.53:713][  0]LogInit: FAudioDevice initialized.
[2016.01.26-18.17.53:743][  0]LogDerivedDataCache: Saved boot cache 0.03s 42MB C:/Users/frederic/AppData/Local/UnrealEngine/4.9/DerivedDataCache/Boot.ddc.
[2016.01.26-18.17.53:749][  0]LogInit: Texture streaming: Enabled
[2016.01.26-18.17.53:918][  0]LogAnalytics: Creating configured Analytics provider AnalyticsET
[2016.01.26-18.17.53:955][  0]LogAnalytics: [UEEditor.Rocket.Release] APIServer = http://et2.epicgames.com/ET2/. AppVersion = 4.9.2-2707645+++depot+UE4-Releases+4.9
[2016.01.26-18.17.53:956][  0]LogAnalytics: [UEEditor.Rocket.Release] SetUserId c8da8d664a36a98701fe659c10ae4ff8|70626fa7f476448fb82ad9618fbbb1ab|00e7fb16-00c3-4af4-a2a1-2cc8013aae38
[2016.01.26-18.17.53:957][  0]LogAnalytics: [UEEditor.Rocket.Release] AnalyticsET::StartSession
[2016.01.26-18.17.54:232][  0]LogInit: Transaction tracking system initialized
[2016.01.26-18.17.55:474][  0]BlueprintLog: New page: Editor Load
[2016.01.26-18.18.00:444][  0]LocalizationService: Info Localization service is disabled
[2016.01.26-18.18.02:383][  0]LogLinker:Warning: Can't find file '/Game/ThirdPersonCPP/ThirdPersonOverview'
[2016.01.26-18.18.02:384][  0]LogLinker:Warning: Can't find file '/Game/ThirdPersonCPP/ThirdPersonOverview'
[2016.01.26-18.18.02:394][  0]LogUObjectGlobals:Warning: Failed to find object 'Class /Game/ThirdPersonCPP/ThirdPersonOverview.ThirdPersonOverview_C'
[2016.01.26-18.18.02:887][  0]LogConsoleResponse:Display: 
[2016.01.26-18.18.04:568][  0]LogFileCache: Scanning file cache for directory 'C:/Users/frederic/Documents/Unreal Projects/LostAge/Content/' took 0.02s
[2016.01.26-18.18.04:568][  0]LogCook:Display: Done creating registry. It took  0.00s.
[2016.01.26-18.18.06:713][  0]SourceControl: Info Source control is disabled
[2016.01.26-18.18.06:757][  0]Cmd: MAP LOAD FILE="../../../../../../Users/frederic/Documents/Unreal Projects/LostAge/Content/FirstPersonCPP/Maps/MainMenu.umap" TEMPLATE=0 SHOWPROGRESS=1 FEATURELEVEL=3
[2016.01.26-18.18.06:798][  0]LightingResults: New page: Lighting Build
[2016.01.26-18.18.06:926][  0]MapCheck: New page: Map Check
[2016.01.26-18.18.06:928][  0]LightingResults: New page: Lighting Build
[2016.01.26-18.18.07:212][  0]LogParticles: Destroying 0 GPU particle simulations for FXSystem 0x0000000022FB6160
[2016.01.26-18.18.07:291][  0]LogAIModule: Creating AISystem for world MainMenu
[2016.01.26-18.18.07:339][  0]LogEditorServer: Finished looking for orphan Actors (0.000 secs)
[2016.01.26-18.18.07:416][  0]Cmd: MAP CHECKDEP NOCLEARLOG
[2016.01.26-18.18.07:481][  0]MapCheck: Info Map check complete: 0 Error(s), 0 Warning(s), took 63.808ms to complete.
[2016.01.26-18.18.07:492][  0]LogFileHelpers: Loading map 'MainMenu' took 0.757
[2016.01.26-18.18.08:955][  0]LogCollectionManager: Loaded 0 collections in 0.004431 seconds
[2016.01.26-18.18.09:129][  0]LogFileCache: Scanning file cache for directory 'C:/Users/frederic/Documents/Unreal Projects/LostAge/Saved/Collections/' took 0.01s
[2016.01.26-18.18.09:130][  0]LogFileCache: Scanning file cache for directory 'C:/Users/frederic/Documents/Unreal Projects/LostAge/Content/Developers/frederic/Collections/' took 0.01s
[2016.01.26-18.18.09:130][  0]LogFileCache: Scanning file cache for directory 'C:/Users/frederic/Documents/Unreal Projects/LostAge/Content/Collections/' took 0.01s
[2016.01.26-18.18.09:131][  0]LogContentBrowser: Native class hierarchy populated in 0.0704 seconds. Added 1875 classes and 335 folders.
[2016.01.26-18.18.09:254][  0]LogCollectionManager: Rebuilt the GUID cache for 0 collections in 0.000005 seconds
[2016.01.26-18.18.09:352][  0]LogContentBrowser: Native class hierarchy updated for 'WidgetCarousel' in 0.0030 seconds. Added 0 classes and 0 folders.
[2016.01.26-18.18.10:433][  0]LogContentBrowser: Native class hierarchy updated for 'AddContentDialog' in 0.0018 seconds. Added 0 classes and 0 folders.
[2016.01.26-18.18.10:679][  0]LogContentBrowser: Native class hierarchy updated for 'SceneOutliner' in 0.0042 seconds. Added 1 classes and 2 folders.
[2016.01.26-18.18.11:250][  0]LogCrashTracker: Crashtracker disabled due to settings.
[2016.01.26-18.18.11:477][  0]LogUObjectGlobals:Warning: Failed to find object 'Class None.'
[2016.01.26-18.18.11:546][  0]LogLoad: Full Startup: 109.22 seconds (BP compile: 1.43 seconds)
[2016.01.26-18.18.12:821][  0]LogContentStreaming: Texture pool size now 1000 MB
[2016.01.26-18.18.14:250][  0]LogRenderer: Reallocating scene render targets to support 1208x556 (Frame:2).
[2016.01.26-18.18.16:066][  5]LogAssetRegistry: Asset discovery search completed in 37.6488 seconds
[2016.01.26-18.18.16:067][  5]LogCollectionManager: Rebuilt the object cache for 0 collections in 0.000001 seconds (found 0 objects)
[2016.01.26-18.18.16:068][  5]LogCollectionManager: Fixed up redirectors for 0 collections in 0.000849 seconds (updated 0 objects)
[2016.01.26-18.18.20:810][225]LogPlayLevel: PlayLevel: No blueprints needed recompiling
[2016.01.26-18.18.20:818][225]PIE: New page: PIE session: MainMenu (Jan 26, 2016, 8:18:20 AM)
[2016.01.26-18.18.20:955][225]LogPlayLevel: Creating play world package: /Game/FirstPersonCPP/Maps/UEDPIE_0_MainMenu
[2016.01.26-18.18.20:956][225]LogPlayLevel: PIE: StaticDuplicateObject took: (0.000463s)
[2016.01.26-18.18.20:957][225]LogAIModule: Creating AISystem for world MainMenu
[2016.01.26-18.18.20:957][225]LogPlayLevel: PIE: World Init took: (0.001117s)
[2016.01.26-18.18.20:958][225]LogPlayLevel: PIE: Created PIE world by copying editor world from /Game/FirstPersonCPP/Maps/MainMenu.MainMenu to /Game/FirstPersonCPP/Maps/UEDPIE_0_MainMenu.MainMenu (0.003122s)
[2016.01.26-18.18.20:979][225]LogInit: XAudio2 using 'Haut-parleurs (Realtek High Definition Audio)' : 2 channels at 48 kHz using 32 bits per sample (channel mask 0x3)
[2016.01.26-18.18.20:992][225]LogInit: FAudioDevice initialized.
[2016.01.26-18.18.21:167][225]LogWorld: Game class is 'LostAgeGameMode'
[2016.01.26-18.18.21:313][225]LogWorld: Bringing World /Game/FirstPersonCPP/Maps/UEDPIE_0_MainMenu.MainMenu up for play (max tick rate 0) at 2016.01.26-13.18.21
[2016.01.26-18.18.21:314][225]LogActor:Warning: GameSession /Game/FirstPersonCPP/Maps/UEDPIE_0_MainMenu.MainMenu:PersistentLevel.GameSession_0 has natively added scene component(s), but none of them were set as the actor's RootComponent - picking one arbitrarily
[2016.01.26-18.18.21:315][225]LogActor:Warning