[2016.01.27-02.55.23:503][  0]Log file open, 01/26/16 21:55:23
[2016.01.27-02.55.23:503][  0]LogInit:Display: Running engine for game: LostAge
[2016.01.27-02.55.23:504][  0]LogInit:Display: RandInit(-620661080) SRandInit(-620661080).
[2016.01.27-02.55.23:504][  0]LogTaskGraph: Started task graph with 4 named threads and 7 total threads.
[2016.01.27-02.55.23:504][  0]LogStats: Stats thread started at 0.149216
[2016.01.27-02.55.23:504][  0]LogInit: Version: 4.9.2-2707645+++depot+UE4-Releases+4.9
[2016.01.27-02.55.23:505][  0]LogInit: API Version: 2672455
[2016.01.27-02.55.23:505][  0]LogInit: Compiled (64-bit): Sep 28 2015 10:25:44
[2016.01.27-02.55.23:505][  0]LogInit: Compiled with Visual C++: 18.00.21005.01
[2016.01.27-02.55.23:505][  0]LogInit: Build Configuration: DebugGame
[2016.01.27-02.55.23:505][  0]LogInit: Branch Name: ++depot+UE4-Releases+4.9
[2016.01.27-02.55.23:506][  0]LogInit: Command line:  -debug
[2016.01.27-02.55.23:506][  0]LogInit: Base directory: C:/Program Files/Epic Games/4.9/Engine/Binaries/Win64/
[2016.01.27-02.55.23:506][  0]LogInit: Rocket: 1
[2016.01.27-02.55.23:556][  0]LogInit: Using libcurl 7.41.0
[2016.01.27-02.55.23:557][  0]LogInit:  - built for x86_64-pc-win32
[2016.01.27-02.55.23:557][  0]LogInit:  - supports SSL with WinSSL
[2016.01.27-02.55.23:558][  0]LogInit:  - other features:
[2016.01.27-02.55.23:558][  0]LogInit:      CURL_VERSION_SSL
[2016.01.27-02.55.23:558][  0]LogInit:      CURL_VERSION_IPV6
[2016.01.27-02.55.23:559][  0]LogInit:      CURL_VERSION_ASYNCHDNS
[2016.01.27-02.55.23:559][  0]LogInit:      CURL_VERSION_LARGEFILE
[2016.01.27-02.55.23:559][  0]LogInit:      CURL_VERSION_IDN
[2016.01.27-02.55.23:559][  0]LogInit:  CurlRequestOptions (configurable via config and command line):
[2016.01.27-02.55.23:560][  0]LogInit:  - bVerifyPeer = true  - Libcurl will verify peer certificate
[2016.01.27-02.55.23:560][  0]LogInit:  - bUseHttpProxy = false  - Libcurl will NOT use HTTP proxy
[2016.01.27-02.55.23:560][  0]LogInit:  - bDontReuseConnections = false  - Libcurl will reuse connections
[2016.01.27-02.55.23:560][  0]LogInit:  - CertBundlePath = nullptr  - Libcurl will use whatever was configured at build time.
[2016.01.27-02.55.23:615][  0]LogInit: WinSock: version 1.1 (2.2), MaxSocks=32767, MaxUdp=65467
[2016.01.27-02.55.23:629][  0]LogVoice:Warning: Failed to initialize voice interface
[2016.01.27-02.55.23:635][  0]LogInit: Presizing for 0 objects not considered by GC, pre-allocating 0 bytes.
[2016.01.27-02.55.23:644][  0]LogInit: Object subsystem initialized
[2016.01.27-02.55.23:646][  0]LogInit: Selected Device Profile: [Windows]
[2016.01.27-02.55.23:646][  0]LogInit: Applying CVar settings loaded from the selected device profile: [Windows]
[2016.01.27-02.55.23:655][  0]LogInit: Computer: FREDERIC-PC
[2016.01.27-02.55.23:655][  0]LogInit: User: frederic
[2016.01.27-02.55.23:656][  0]LogInit: CPU Page size=4096, Cores=4
[2016.01.27-02.55.23:656][  0]LogInit: High frequency timer resolution =3.331220 MHz
[2016.01.27-02.55.23:656][  0]LogMemory: Memory total: Physical=15.9GB (16GB approx)
[2016.01.27-02.55.23:657][  0]LogMemory: Platform Memory Stats for Windows
[2016.01.27-02.55.23:657][  0]LogMemory: Process Physical Memory: 55.16 MB used, 55.16 MB peak
[2016.01.27-02.55.23:657][  0]LogMemory: Process Virtual Memory: 55.84 MB used, 55.84 MB peak
[2016.01.27-02.55.23:657][  0]LogMemory: Physical Memory: 9796.61 MB used, 16288.39 MB total
[2016.01.27-02.55.23:658][  0]LogMemory: Virtual Memory: 337.63 MB used, 8388608.00 MB total
[2016.01.27-02.55.23:739][  0]LogTextLocalizationManager: No translations for ('fr-CA') exist, falling back to 'en' for localization and internationalization data.
[2016.01.27-02.55.24:426][  0]LogD3D11RHI: Found D3D11 adapter 0: NVIDIA GeForce GTX 970 (Feature Level 11_0)
[2016.01.27-02.55.24:426][  0]LogD3D11RHI: Adapter has 4008MB of dedicated video memory, 0MB of dedicated system memory, and 7888MB of shared system memory, 1 output[s]
[2016.01.27-02.55.24:436][  0]LogD3D11RHI: Found D3D11 adapter 1: Intel(R) HD Graphics 3000 (Feature Level 10_0)
[2016.01.27-02.55.24:436][  0]LogD3D11RHI: Adapter has 64MB of dedicated video memory, 0MB of dedicated system memory, and 1632MB of shared system memory, 0 output[s]
[2016.01.27-02.55.24:437][  0]LogD3D11RHI: Chosen D3D11 Adapter Id = 0
[2016.01.27-02.55.24:441][  0]LogD3D11RHI: !Direct3DDevice
[2016.01.27-02.55.24:442][  0]LogRHI: Texture pool is 1361 MB (70% of 1945 MB)
[2016.01.27-02.55.24:509][  0]LogD3D11RHI: Async texture creation enabled
[2016.01.27-02.55.24:524][  0]LogShaderCompilers: Guid format shader working directory is 15 characters bigger than the processId version (../../../../../../Users/frederic/Documents/Unreal Projects/LostAge/Intermediate/Shaders/WorkingDirectory/4048/).
[2016.01.27-02.55.24:524][  0]LogShaderCompilers: Cleaned the shader compiler working directory '../../../../../../Users/frederic/Documents/Unreal Projects/LostAge/Intermediate/Shaders/tmp/ED53A4474CBFEAFAA97481942D43CDC5/'.
[2016.01.27-02.55.24:525][  0]LogShaderCompilers:Display: Using Local Shader Compiler.
[2016.01.27-02.55.25:761][  0]LogTemp:Display: Loaded TP AllDesktopTargetPlatform
[2016.01.27-02.55.25:777][  0]LogTemp:Display: Loaded TP WindowsClientTargetPlatform
[2016.01.27-02.55.25:793][  0]LogTemp:Display: Loaded TP WindowsNoEditorTargetPlatform
[2016.01.27-02.55.25:810][  0]LogTemp:Display: Loaded TP WindowsServerTargetPlatform
[2016.01.27-02.55.25:825][  0]LogTemp:Display: Loaded TP WindowsTargetPlatform
[2016.01.27-02.55.25:834][  0]LogTemp:Display: Loaded TP AndroidTargetPlatform
[2016.01.27-02.55.25:841][  0]LogTemp:Display: Loaded TP Android_ASTCTargetPlatform
[2016.01.27-02.55.25:850][  0]LogTemp:Display: Loaded TP Android_ATCTargetPlatform
[2016.01.27-02.55.25:858][  0]LogTemp:Display: Loaded TP Android_DXTTargetPlatform
[2016.01.27-02.55.25:866][  0]LogTemp:Display: Loaded TP Android_ETC1TargetPlatform
[2016.01.27-02.55.25:874][  0]LogTemp:Display: Loaded TP Android_ETC2TargetPlatform
[2016.01.27-02.55.25:882][  0]LogTemp:Display: Loaded TP Android_PVRTCTargetPlatform
[2016.01.27-02.55.25:886][  0]LogTemp:Display: Loaded TP HTML5TargetPlatform
[2016.01.27-02.55.25:919][  0]LogTemp:Display: Loaded TP IOSTargetPlatform
[2016.01.27-02.55.25:925][  0]LogTemp:Display: Loaded TP LinuxNoEditorTargetPlatform
[2016.01.27-02.55.25:934][  0]LogTemp:Display: Loaded TP LinuxServerTargetPlatform
[2016.01.27-02.55.25:941][  0]LogTemp:Display: Loaded TP LinuxTargetPlatform
[2016.01.27-02.55.25:941][  0]LogTargetPlatformManager:Display: Building Assets For Windows
[2016.01.27-02.55.26:159][  0]LogDerivedDataCache:Display: Max Cache Size: 512 MB
[2016.01.27-02.55.26:210][  0]LogDerivedDataCache: Loaded boot cache 0.05s 42MB C:/Users/frederic/AppData/Local/UnrealEngine/4.9/DerivedDataCache/Boot.ddc.
[2016.01.27-02.55.26:210][  0]LogDerivedDataCache:Display: Loaded Boot cache: C:/Users/frederic/AppData/Local/UnrealEngine/4.9/DerivedDataCache/Boot.ddc
[2016.01.27-02.55.26:211][  0]LogDerivedDataCache: FDerivedDataBackendGraph:  Pak pak cache file ../../../../../../Users/frederic/Documents/Unreal Projects/LostAge/DerivedDataCache/DDC.ddp not found, will not use a pak cache.
[2016.01.27-02.55.26:211][  0]LogDerivedDataCache: Unable to find inner node Pak for hierarchical cache Hierarchy.
[2016.01.27-02.55.26:211][  0]LogDerivedDataCache: FDerivedDataBackendGraph:  CompressedPak pak cache file ../../../../../../Users/frederic/Documents/Unreal Projects/LostAge/DerivedDataCache/Compressed.ddp not found, will not use a pak cache.
[2016.01.27-02.55.26:212][  0]LogDerivedDataCache: Unable to find inner node CompressedPak for hierarchical cache Hierarchy.
[2016.01.27-02.55.26:357][  0]LogDerivedDataCache:Display: Pak cache opened for reading ../../../Engine/DerivedDataCache/Compressed.ddp.
[2016.01.27-02.55.26:369][  0]LogDerivedDataCache: Using Local data cache path C:/Users/frederic/AppData/Local/UnrealEngine/Common/DerivedDataCache: Writable
[2016.01.27-02.55.26:554][  0]LogInit: Selected Device Profile: [Windows]
[2016.01.27-02.55.26:555][  0]LogContentStreaming: Texture pool size is 0.000000MB
[2016.01.27-02.55.26:592][  0]LogMeshUtilities: No automatic mesh reduction module available
[2016.01.27-02.55.26:593][  0]LogMeshUtilities: No automatic mesh merging module available
[2016.01.27-02.55.28:011][  0]UdpMessaging: Initializing bridge on interface 0.0.0.0:0 to multicast group 230.0.0.1:6666.
[2016.01.27-02.55.28:380][  0]LogAssetRegistry: FAssetRegistry took 0.0102 seconds to start up
[2016.01.27-02.55.28:713][  0]SourceControl: Info Source control is disabled
[2016.01.27-02.55.28:714][  0]SourceControl: Info Source control is disabled
[2016.01.27-02.55.28:733][  0]SourceControl: Info Source control is disabled
[2016.01.27-02.55.28:755][  0]SourceControl: Info Source control is disabled
[2016.01.27-02.55.28:940][  0]LogLinker:Warning: Asset '../../../Engine/Plugins/Runtime/LeapMotionController/Content/LM_PassthroughMaterial.uasset' has been saved with empty engine version. The asset will be loaded but may be incompatible.
[2016.01.27-02.55.29:043][  0]LogObj: 31829 objects as part of root set at end of initial load.
[2016.01.27-02.55.29:044][  0]LogUObjectAllocator: 7266512 out of 0 bytes used by permanent object pool.
[2016.01.27-02.55.29:125][  0]LogEngine: Initializing Engine...
[2016.01.27-02.55.29:128][  0]LogHMD: Can't find Oculus library dev build: is proper Runtime installed? Version: 0.7.0.0
[2016.01.27-02.55.29:130][  0]LogHMD: SteamVR failed to initialize.  Err: 110
[2016.01.27-02.55.29:278][  0]LogAIModule: Creating AISystem for world NewWorld
[2016.01.27-02.55.29:295][  0]LogInit: XAudio2 using 'Haut-parleurs (USB PnP Sound Device)' : 2 channels at 44.1 kHz using 16 bits per sample (channel mask 0x3)
[2016.01.27-02.55.29:304][  0]LogInit: FAudioDevice initialized.
[2016.01.27-02.55.29:325][  0]LogDerivedDataCache: Saved boot cache 0.02s 42MB C:/Users/frederic/AppData/Local/UnrealEngine/4.9/DerivedDataCache/Boot.ddc.
[2016.01.27-02.55.29:331][  0]LogInit: Texture streaming: Enabled
[2016.01.27-02.55.29:347][  0]LogAnalytics: Creating configured Analytics provider AnalyticsET
[2016.01.27-02.55.29:347][  0]LogAnalytics: [UEEditor.Rocket.Release] APIServer = http://et2.epicgames.com/ET2/. AppVersion = 4.9.2-2707645+++depot+UE4-Releases+4.9
[2016.01.27-02.55.29:347][  0]LogAnalytics: [UEEditor.Rocket.Release] SetUserId c8da8d664a36a98701fe659c10ae4ff8|70626fa7f476448fb82ad9618fbbb1ab|00e7fb16-00c3-4af4-a2a1-2cc8013aae38
[2016.01.27-02.55.29:348][  0]LogAnalytics: [UEEditor.Rocket.Release] AnalyticsET::StartSession
[2016.01.27-02.55.29:365][  0]LogInit: Transaction tracking system initialized
[2016.01.27-02.55.29:466][  0]BlueprintLog: New page: Editor Load
[2016.01.27-02.55.29:844][  0]LocalizationService: Info Localization service is disabled
[2016.01.27-02.55.29:998][  0]LogLinker:Warning: Can't find file '/Game/ThirdPersonCPP/ThirdPersonOverview'
[2016.01.27-02.55.29:998][  0]LogLinker:Warning: Can't find file '/Game/ThirdPersonCPP/ThirdPersonOverview'
[2016.01.27-02.55.29:999][  0]LogUObjectGlobals:Warning: Failed to find object 'Class /Game/ThirdPersonCPP/ThirdPersonOverview.ThirdPersonOverview_C'
[2016.01.27-02.55.30:027][  0]LogConsoleResponse:Display: 
[2016.01.27-02.55.30:157][  0]LogCook:Display: Done creating registry. It took  0.00s.
[2016.01.27-02.55.30:326][  0]LogFileCache: Scanning file cache for directory 'C:/Users/frederic/Documents/Unreal Projects/LostAge/Content/' took 0.01s
[2016.01.27-02.55.30:326][  0]SourceControl: Info Source control is disabled
[2016.01.27-02.55.30:327][  0]Cmd: MAP LOAD FILE="../../../../../../Users/frederic/Documents/Unreal Projects/LostAge/Content/FirstPersonCPP/Maps/MainMenu.umap" TEMPLATE=0 SHOWPROGRESS=1 FEATURELEVEL=3
[2016.01.27-02.55.30:327][  0]LightingResults: New page: Lighting Build
[2016.01.27-02.55.30:333][  0]MapCheck: New page: Map Check
[2016.01.27-02.55.30:333][  0]LightingResults: New page: Lighting Build
[2016.01.27-02.55.30:345][  0]LogParticles: Destroying 0 GPU particle simulations for FXSystem 0x0000000023306480
[2016.01.27-02.55.30:351][  0]LogAIModule: Creating AISystem for world MainMenu
[2016.01.27-02.55.30:353][  0]LogEditorServer: Finished looking for orphan Actors (0.000 secs)
[2016.01.27-02.55.30:354][  0]Cmd: MAP CHECKDEP NOCLEARLOG
[2016.01.27-02.55.30:399][  0]MapCheck: Info Map check complete: 0 Error(s), 0 Warning(s), took 45.349ms to complete.
[2016.01.27-02.55.30:400][  0]LogFileHelpers: Loading map 'MainMenu' took 0.073
[2016.01.27-02.55.30:517][  0]LogCollectionManager: Loaded 0 collections in 0.002058 seconds
[2016.01.27-02.55.30:560][  0]LogFileCache: Scanning file cache for directory 'C:/Users/frederic/Documents/Unreal Projects/LostAge/Saved/Collections/' took 0.01s
[2016.01.27-02.55.30:561][  0]LogFileCache: Scanning file cache for directory 'C:/Users/frederic/Documents/Unreal Projects/LostAge/Content/Developers/frederic/Collections/' took 0.01s
[2016.01.27-02.55.30:561][  0]LogFileCache: Scanning file cache for directory 'C:/Users/frederic/Documents/Unreal Projects/LostAge/Content/Collections/' took 0.01s
[2016.01.27-02.55.30:562][  0]LogContentBrowser: Native class hierarchy populated in 0.0085 seconds. Added 1875 classes and 335 folders.
[2016.01.27-02.55.30:570][  0]LogCollectionManager: Rebuilt the GUID cache for 0 collections in 0.000002 seconds
[2016.01.27-02.55.30:584][  0]LogContentBrowser: Native class hierarchy updated for 'WidgetCarousel' in 0.0029 seconds. Added 0 classes and 0 folders.
[2016.01.27-02.55.30:645][  0]LogContentBrowser: Native class hierarchy updated for 'AddContentDialog' in 0.0018 seconds. Added 0 classes and 0 folders.
[2016.01.27-02.55.30:664][  0]LogContentBrowser: Native class hierarchy updated for 'SceneOutliner' in 0.0018 seconds. Added 1 classes and 2 folders.
[2016.01.27-02.55.30:696][  0]LogCrashTracker: Crashtracker disabled due to settings.
[2016.01.27-02.55.30:700][  0]LogUObjectGlobals:Warning: Failed to find object 'Class None.'
[2016.01.27-02.55.30:721][  0]LogLoad: Full Startup: 8.19 seconds (BP compile: 0.04 seconds)
[2016.01.27-02.55.30:804][  0]LogContentStreaming: Texture pool size now 1000 MB
[2016.01.27-02.55.30:939][  2]LogRenderer: Reallocating scene render targets to support 972x516 (Frame:2).
[2016.01.27-02.55.31:088][  3]LogAssetRegistry: Asset discovery search completed in 2.7174 seconds
[2016.01.27-02.55.31:089][  3]LogCollectionManager: Rebuilt the object cache for 0 collections in 0.000001 seconds (found 0 objects)
[2016.01.27-02.55.31:089][  3]LogCollectionManager: Fixed up redirectors for 0 collections in 0.000312 seconds (updated 0 objects)
[2016.01.27-02.55.53:876][507]LogPlayLevel: PlayLevel: No blueprints needed recompiling
[2016.01.27-02.55.53:877][507]PIE: New page: PIE session: MainMenu (Jan 26, 2016, 4:55:53 PM)
[2016.01.27-02.55.53:935][507]LogPlayLevel: Creating play world package: /Game/FirstPersonCPP/Maps/UEDPIE_0_MainMenu
[2016.01.27-02.55.53:936][507]LogPlayLevel: PIE: StaticDuplicateObject took: (0.000511s)
[2016.01.27-02.55.53:937][507]LogAIModule: Creating AISystem for world MainMenu
[2016.01.27-02.55.53:938][507]LogPlayLevel: PIE: World Init took: (0.001085s)
[2016.01.27-02.55.53:938][507]LogPlayLevel: PIE: Created PIE world by copying editor world from /Game/FirstPersonCPP/Maps/MainMenu.MainMenu to /Game/FirstPersonCPP/Maps/UEDPIE_0_MainMenu.MainMenu (0.003041s)
[2016.01.27-02.55.53:962][507]LogInit: XAudio2 using 'Haut-parleurs (USB PnP Sound Device)' : 2 channels at 44.1 kHz using 16 bits per sample (channel mask 0x3)
[2016.01.27-02.55.53:966][507]LogInit: FAudioDevice initialized.
[2016.01.27-02.55.54:013][507]LogWorld: Game class is 'LostAgeGameMode'
[2016.01.27-02.55.54:015][507]LogWorld: Bringing World /Game/FirstPersonCPP/Maps/UEDPIE_0_MainMenu.MainMenu up for play (max tick rate 0) at 2016.01.26-21.55.54
[2016.01.27-02.55.54:016][507]LogActor:Warning: GameSession /Game/FirstPersonCPP/Maps/UEDPIE_0_MainMenu.MainMenu:PersistentLevel.GameSession_0 has natively added scene component(s), but none of them were set as the actor's RootComponent - picking one arbitrarily
[2016.01.27-02.55.54:016][507]LogActor:Warning: GameNetworkManag