[2016.01.27-11.27.59:629][  0]Log file open, 01/27/16 06:27:59
[2016.01.27-11.27.59:629][  0]LogInit:Display: Running engine for game: LostAge
[2016.01.27-11.27.59:650][  0]LogInit:Display: RandInit(1701148069) SRandInit(1701148070).
[2016.01.27-11.27.59:650][  0]LogTaskGraph: Started task graph with 4 named threads and 7 total threads.
[2016.01.27-11.27.59:651][  0]LogStats: Stats thread started at 4.522669
[2016.01.27-11.27.59:652][  0]LogInit: Version: 4.9.2-2707645+++depot+UE4-Releases+4.9
[2016.01.27-11.27.59:653][  0]LogInit: API Version: 2672455
[2016.01.27-11.27.59:653][  0]LogInit: Compiled (64-bit): Sep 28 2015 10:25:44
[2016.01.27-11.27.59:654][  0]LogInit: Compiled with Visual C++: 18.00.21005.01
[2016.01.27-11.27.59:654][  0]LogInit: Build Configuration: Development
[2016.01.27-11.27.59:655][  0]LogInit: Branch Name: ++depot+UE4-Releases+4.9
[2016.01.27-11.27.59:655][  0]LogInit: Command line: 
[2016.01.27-11.27.59:656][  0]LogInit: Base directory: C:/Program Files/Epic Games/4.9/Engine/Binaries/Win64/
[2016.01.27-11.27.59:656][  0]LogInit: Rocket: 1
[2016.01.27-11.28.01:077][  0]LogInit: Using libcurl 7.41.0
[2016.01.27-11.28.01:078][  0]LogInit:  - built for x86_64-pc-win32
[2016.01.27-11.28.01:078][  0]LogInit:  - supports SSL with WinSSL
[2016.01.27-11.28.01:079][  0]LogInit:  - other features:
[2016.01.27-11.28.01:079][  0]LogInit:      CURL_VERSION_SSL
[2016.01.27-11.28.01:080][  0]LogInit:      CURL_VERSION_IPV6
[2016.01.27-11.28.01:080][  0]LogInit:      CURL_VERSION_ASYNCHDNS
[2016.01.27-11.28.01:081][  0]LogInit:      CURL_VERSION_LARGEFILE
[2016.01.27-11.28.01:081][  0]LogInit:      CURL_VERSION_IDN
[2016.01.27-11.28.01:083][  0]LogInit:  CurlRequestOptions (configurable via config and command line):
[2016.01.27-11.28.01:083][  0]LogInit:  - bVerifyPeer = true  - Libcurl will verify peer certificate
[2016.01.27-11.28.01:084][  0]LogInit:  - bUseHttpProxy = false  - Libcurl will NOT use HTTP proxy
[2016.01.27-11.28.01:084][  0]LogInit:  - bDontReuseConnections = false  - Libcurl will reuse connections
[2016.01.27-11.28.01:085][  0]LogInit:  - CertBundlePath = nullptr  - Libcurl will use whatever was configured at build time.
[2016.01.27-11.28.02:981][  0]LogInit: WinSock: version 1.1 (2.2), MaxSocks=32767, MaxUdp=65467
[2016.01.27-11.28.03:021][  0]LogVoice:Warning: Failed to initialize voice interface
[2016.01.27-11.28.03:146][  0]LogInit: Presizing for 0 objects not considered by GC, pre-allocating 0 bytes.
[2016.01.27-11.28.04:003][  0]LogInit: Object subsystem initialized
[2016.01.27-11.28.04:552][  0]LogInit: Selected Device Profile: [Windows]
[2016.01.27-11.28.04:553][  0]LogInit: Applying CVar settings loaded from the selected device profile: [Windows]
[2016.01.27-11.28.04:689][  0]LogInit: Computer: FREDERIC-PC
[2016.01.27-11.28.04:690][  0]LogInit: User: frederic
[2016.01.27-11.28.04:690][  0]LogInit: CPU Page size=4096, Cores=4
[2016.01.27-11.28.04:696][  0]LogInit: High frequency timer resolution =3.331220 MHz
[2016.01.27-11.28.04:697][  0]LogMemory: Memory total: Physical=15.9GB (16GB approx)
[2016.01.27-11.28.04:698][  0]LogMemory: Platform Memory Stats for Windows
[2016.01.27-11.28.04:698][  0]LogMemory: Process Physical Memory: 54.75 MB used, 54.75 MB peak
[2016.01.27-11.28.04:698][  0]LogMemory: Process Virtual Memory: 55.71 MB used, 55.71 MB peak
[2016.01.27-11.28.04:699][  0]LogMemory: Physical Memory: 4448.46 MB used, 16288.39 MB total
[2016.01.27-11.28.04:699][  0]LogMemory: Virtual Memory: 337.63 MB used, 8388608.00 MB total
[2016.01.27-11.28.08:682][  0]LogTextLocalizationManager: No translations for ('fr-CA') exist, falling back to 'en' for localization and internationalization data.
[2016.01.27-11.28.11:086][  0]LogD3D11RHI: Found D3D11 adapter 0: NVIDIA GeForce GTX 970 (Feature Level 11_0)
[2016.01.27-11.28.11:104][  0]LogD3D11RHI: Adapter has 4008MB of dedicated video memory, 0MB of dedicated system memory, and 7888MB of shared system memory, 1 output[s]
[2016.01.27-11.28.11:244][  0]LogD3D11RHI: Found D3D11 adapter 1: Intel(R) HD Graphics 3000 (Feature Level 10_0)
[2016.01.27-11.28.11:245][  0]LogD3D11RHI: Adapter has 64MB of dedicated video memory, 0MB of dedicated system memory, and 1632MB of shared system memory, 0 output[s]
[2016.01.27-11.28.11:245][  0]LogD3D11RHI: Chosen D3D11 Adapter Id = 0
[2016.01.27-11.28.11:271][  0]LogD3D11RHI: !Direct3DDevice
[2016.01.27-11.28.11:272][  0]LogRHI: Texture pool is 1361 MB (70% of 1945 MB)
[2016.01.27-11.28.11:359][  0]LogD3D11RHI: Async texture creation enabled
[2016.01.27-11.28.11:823][  0]LogShaderCompilers: Guid format shader working directory is 15 characters bigger than the processId version (../../../../../../Users/frederic/Documents/Unreal Projects/LostAge/Intermediate/Shaders/WorkingDirectory/5536/).
[2016.01.27-11.28.11:824][  0]LogShaderCompilers: Cleaned the shader compiler working directory '../../../../../../Users/frederic/Documents/Unreal Projects/LostAge/Intermediate/Shaders/tmp/A25408CC47E30A4DFC4E7C8C608B9DA5/'.
[2016.01.27-11.28.11:840][  0]LogShaderCompilers:Display: Using Local Shader Compiler.
[2016.01.27-11.28.19:528][  0]LogTemp:Display: Loaded TP AllDesktopTargetPlatform
[2016.01.27-11.28.20:025][  0]LogTemp:Display: Loaded TP WindowsClientTargetPlatform
[2016.01.27-11.28.20:163][  0]LogTemp:Display: Loaded TP WindowsNoEditorTargetPlatform
[2016.01.27-11.28.20:235][  0]LogTemp:Display: Loaded TP WindowsServerTargetPlatform
[2016.01.27-11.28.20:307][  0]LogTemp:Display: Loaded TP WindowsTargetPlatform
[2016.01.27-11.28.20:421][  0]LogTemp:Display: Loaded TP AndroidTargetPlatform
[2016.01.27-11.28.20:456][  0]LogTemp:Display: Loaded TP Android_ASTCTargetPlatform
[2016.01.27-11.28.20:490][  0]LogTemp:Display: Loaded TP Android_ATCTargetPlatform
[2016.01.27-11.28.20:553][  0]LogTemp:Display: Loaded TP Android_DXTTargetPlatform
[2016.01.27-11.28.20:592][  0]LogTemp:Display: Loaded TP Android_ETC1TargetPlatform
[2016.01.27-11.28.20:617][  0]LogTemp:Display: Loaded TP Android_ETC2TargetPlatform
[2016.01.27-11.28.20:638][  0]LogTemp:Display: Loaded TP Android_PVRTCTargetPlatform
[2016.01.27-11.28.20:699][  0]LogTemp:Display: Loaded TP HTML5TargetPlatform
[2016.01.27-11.28.21:201][  0]LogTemp:Display: Loaded TP IOSTargetPlatform
[2016.01.27-11.28.21:288][  0]LogTemp:Display: Loaded TP LinuxNoEditorTargetPlatform
[2016.01.27-11.28.21:353][  0]LogTemp:Display: Loaded TP LinuxServerTargetPlatform
[2016.01.27-11.28.21:408][  0]LogTemp:Display: Loaded TP LinuxTargetPlatform
[2016.01.27-11.28.21:409][  0]LogTargetPlatformManager:Display: Building Assets For Windows
[2016.01.27-11.28.23:304][  0]LogDerivedDataCache:Display: Max Cache Size: 512 MB
[2016.01.27-11.28.23:793][  0]LogDerivedDataCache: Loaded boot cache 0.49s 42MB C:/Users/frederic/AppData/Local/UnrealEngine/4.9/DerivedDataCache/Boot.ddc.
[2016.01.27-11.28.23:794][  0]LogDerivedDataCache:Display: Loaded Boot cache: C:/Users/frederic/AppData/Local/UnrealEngine/4.9/DerivedDataCache/Boot.ddc
[2016.01.27-11.28.23:795][  0]LogDerivedDataCache: FDerivedDataBackendGraph:  Pak pak cache file ../../../../../../Users/frederic/Documents/Unreal Projects/LostAge/DerivedDataCache/DDC.ddp not found, will not use a pak cache.
[2016.01.27-11.28.23:796][  0]LogDerivedDataCache: Unable to find inner node Pak for hierarchical cache Hierarchy.
[2016.01.27-11.28.23:797][  0]LogDerivedDataCache: FDerivedDataBackendGraph:  CompressedPak pak cache file ../../../../../../Users/frederic/Documents/Unreal Projects/LostAge/DerivedDataCache/Compressed.ddp not found, will not use a pak cache.
[2016.01.27-11.28.23:798][  0]LogDerivedDataCache: Unable to find inner node CompressedPak for hierarchical cache Hierarchy.
[2016.01.27-11.28.24:031][  0]LogDerivedDataCache:Display: Pak cache opened for reading ../../../Engine/DerivedDataCache/Compressed.ddp.
[2016.01.27-11.28.24:044][  0]LogDerivedDataCache: Using Local data cache path C:/Users/frederic/AppData/Local/UnrealEngine/Common/DerivedDataCache: Writable
[2016.01.27-11.28.30:591][  0]LogInit: Selected Device Profile: [Windows]
[2016.01.27-11.28.30:613][  0]LogContentStreaming: Texture pool size is 0.000000MB
[2016.01.27-11.28.31:230][  0]LogMeshUtilities: No automatic mesh reduction module available
[2016.01.27-11.28.31:231][  0]LogMeshUtilities: No automatic mesh merging module available
[2016.01.27-11.29.08:369][  0]UdpMessaging: Initializing bridge on interface 0.0.0.0:0 to multicast group 230.0.0.1:6666.
[2016.01.27-11.29.13:469][  0]LogAssetRegistry: FAssetRegistry took 0.0133 seconds to start up
[2016.01.27-11.29.22:900][  0]SourceControl: Info Source control is disabled
[2016.01.27-11.29.23:081][  0]SourceControl: Info Source control is disabled
[2016.01.27-11.29.23:536][  0]SourceControl: Info Source control is disabled
[2016.01.27-11.29.23:906][  0]SourceControl: Info Source control is disabled
[2016.01.27-11.29.26:574][  0]LogLinker:Warning: Asset '../../../Engine/Plugins/Runtime/LeapMotionController/Content/LM_PassthroughMaterial.uasset' has been saved with empty engine version. The asset will be loaded but may be incompatible.
[2016.01.27-11.29.27:348][  0]LogObj: 31792 objects as part of root set at end of initial load.
[2016.01.27-11.29.27:348][  0]LogUObjectAllocator: 7252928 out of 0 bytes used by permanent object pool.
[2016.01.27-11.29.28:304][  0]LogEngine: Initializing Engine...
[2016.01.27-11.29.28:339][  0]LogHMD: Can't find Oculus library dev build: is proper Runtime installed? Version: 0.7.0.0
[2016.01.27-11.29.28:385][  0]LogHMD: SteamVR failed to initialize.  Err: 110
[2016.01.27-11.29.29:645][  0]LogAIModule: Creating AISystem for world NewWorld
[2016.01.27-11.29.29:832][  0]LogInit: XAudio2 using 'Haut-parleurs (USB PnP Sound Device)' : 2 channels at 44.1 kHz using 16 bits per sample (channel mask 0x3)
[2016.01.27-11.29.30:070][  0]LogInit: FAudioDevice initialized.
[2016.01.27-11.29.30:091][  0]LogDerivedDataCache: Saved boot cache 0.02s 42MB C:/Users/frederic/AppData/Local/UnrealEngine/4.9/DerivedDataCache/Boot.ddc.
[2016.01.27-11.29.30:097][  0]LogInit: Texture streaming: Enabled
[2016.01.27-11.29.30:334][  0]LogAnalytics: Creating configured Analytics provider AnalyticsET
[2016.01.27-11.29.30:362][  0]LogAnalytics: [UEEditor.Rocket.Release] APIServer = http://et2.epicgames.com/ET2/. AppVersion = 4.9.2-2707645+++depot+UE4-Releases+4.9
[2016.01.27-11.29.30:363][  0]LogAnalytics: [UEEditor.Rocket.Release] SetUserId c8da8d664a36a98701fe659c10ae4ff8|70626fa7f476448fb82ad9618fbbb1ab|00e7fb16-00c3-4af4-a2a1-2cc8013aae38
[2016.01.27-11.29.30:364][  0]LogAnalytics: [UEEditor.Rocket.Release] AnalyticsET::StartSession
[2016.01.27-11.29.30:681][  0]LogInit: Transaction tracking system initialized
[2016.01.27-11.29.31:782][  0]BlueprintLog: New page: Editor Load
[2016.01.27-11.29.36:434][  0]LocalizationService: Info Localization service is disabled
[2016.01.27-11.29.38:498][  0]LogLinker:Warning: Can't find file '/Game/ThirdPersonCPP/ThirdPersonOverview'
[2016.01.27-11.29.38:500][  0]LogLinker:Warning: Can't find file '/Game/ThirdPersonCPP/ThirdPersonOverview'
[2016.01.27-11.29.38:510][  0]LogUObjectGlobals:Warning: Failed to find object 'Class /Game/ThirdPersonCPP/ThirdPersonOverview.ThirdPersonOverview_C'
[2016.01.27-11.29.39:003][  0]LogConsoleResponse:Display: 
[2016.01.27-11.29.40:683][  0]LogFileCache: Scanning file cache for directory 'C:/Users/frederic/Documents/Unreal Projects/LostAge/Content/' took 0.03s
[2016.01.27-11.29.40:685][  0]LogCook:Display: Done creating registry. It took  0.00s.
[2016.01.27-11.29.43:573][  0]SourceControl: Info Source control is disabled
[2016.01.27-11.29.43:756][  0]Cmd: MAP LOAD FILE="../../../../../../Users/frederic/Documents/Unreal Projects/LostAge/Content/FirstPersonCPP/Maps/MainMenu.umap" TEMPLATE=0 SHOWPROGRESS=1 FEATURELEVEL=3
[2016.01.27-11.29.43:822][  0]LightingResults: New page: Lighting Build
[2016.01.27-11.29.44:409][  0]MapCheck: New page: Map Check
[2016.01.27-11.29.44:410][  0]LightingResults: New page: Lighting Build
[2016.01.27-11.29.45:202][  0]LogParticles: Destroying 0 GPU particle simulations for FXSystem 0x0000000023B4E160
[2016.01.27-11.29.45:524][  0]LogAIModule: Creating AISystem for world MainMenu
[2016.01.27-11.29.45:928][  0]LogEditorServer: Finished looking for orphan Actors (0.000 secs)
[2016.01.27-11.29.46:241][  0]Cmd: MAP CHECKDEP NOCLEARLOG
[2016.01.27-11.29.46:344][  0]MapCheck: Info Map check complete: 0 Error(s), 0 Warning(s), took 101.332ms to complete.
[2016.01.27-11.29.46:374][  0]LogFileHelpers: Loading map 'MainMenu' took 2.732
[2016.01.27-11.29.48:962][  0]LogCollectionManager: Loaded 0 collections in 0.004686 seconds
[2016.01.27-11.29.49:124][  0]LogFileCache: Scanning file cache for directory 'C:/Users/frederic/Documents/Unreal Projects/LostAge/Saved/Collections/' took 0.01s
[2016.01.27-11.29.49:125][  0]LogFileCache: Scanning file cache for directory 'C:/Users/frederic/Documents/Unreal Projects/LostAge/Content/Developers/frederic/Collections/' took 0.01s
[2016.01.27-11.29.49:126][  0]LogFileCache: Scanning file cache for directory 'C:/Users/frederic/Documents/Unreal Projects/LostAge/Content/Collections/' took 0.01s
[2016.01.27-11.29.49:126][  0]LogContentBrowser: Native class hierarchy populated in 0.0596 seconds. Added 1875 classes and 335 folders.
[2016.01.27-11.29.49:219][  0]LogCollectionManager: Rebuilt the GUID cache for 0 collections in 0.000005 seconds
[2016.01.27-11.29.49:319][  0]LogContentBrowser: Native class hierarchy updated for 'WidgetCarousel' in 0.0071 seconds. Added 0 classes and 0 folders.
[2016.01.27-11.29.51:969][  0]LogContentBrowser: Native class hierarchy updated for 'AddContentDialog' in 0.0047 seconds. Added 0 classes and 0 folders.
[2016.01.27-11.29.52:250][  0]LogContentBrowser: Native class hierarchy updated for 'SceneOutliner' in 0.0020 seconds. Added 1 classes and 2 folders.
[2016.01.27-11.29.52:885][  0]LogCrashTracker: Crashtracker disabled due to settings.
[2016.01.27-11.29.53:034][  0]LogUObjectGlobals:Warning: Failed to find object 'Class None.'
[2016.01.27-11.29.53:103][  0]LogLoad: Full Startup: 124.45 seconds (BP compile: 1.03 seconds)
[2016.01.27-11.29.54:262][  0]LogContentStreaming: Texture pool size now 1000 MB
[2016.01.27-11.29.55:049][  0]LogRenderer: Reallocating scene render targets to support 1208x556 (Frame:2).
[2016.01.27-11.29.56:279][  4]LogAssetRegistry: Asset discovery search completed in 42.8208 seconds
[2016.01.27-11.29.56:280][  4]LogCollectionManager: Rebuilt the object cache for 0 collections in 0.000001 seconds (found 0 objects)
[2016.01.27-11.29.56:280][  4]LogCollectionManager: Fixed up redirectors for 0 collections in 0.000425 seconds (updated 0 objects)
[2016.01.27-11.32.29:925][ 63]LogPlayLevel: PlayLevel: No blueprints needed recompiling
[2016.01.27-11.32.29:967][ 63]PIE: New page: PIE session: MainMenu (Jan 27, 2016, 1:32:29 AM)
[2016.01.27-11.32.30:107][ 63]LogPlayLevel: Creating play world package: /Game/FirstPersonCPP/Maps/UEDPIE_0_MainMenu
[2016.01.27-11.32.30:108][ 63]LogPlayLevel: PIE: StaticDuplicateObject took: (0.000530s)
[2016.01.27-11.32.30:109][ 63]LogAIModule: Creating AISystem for world MainMenu
[2016.01.27-11.32.30:110][ 63]LogPlayLevel: PIE: World Init took: (0.001194s)
[2016.01.27-11.32.30:110][ 63]LogPlayLevel: PIE: Created PIE world by copying editor world from /Game/FirstPersonCPP/Maps/MainMenu.MainMenu to /Game/FirstPersonCPP/Maps/UEDPIE_0_MainMenu.MainMenu (0.003188s)
[2016.01.27-11.32.30:110][ 63]LogActorComponent: UnregisterComponent: (/Engine/Transient.CharMoveComp) Not registered. Aborting.
[2016.01.27-11.32.30:134][ 63]LogInit: XAudio2 using 'Haut-parleurs (USB PnP Sound Device)' : 2 channels at 44.1 kHz using 16 bits per sample (channel mask 0x3)
[2016.01.27-11.32.30:138][ 63]LogInit: FAudioDevice initialized.
[2016.01.27-11.32.30:428][ 63]LogWorld: Game class is 'GameModeBP_C'
[2016.01.27-11.32.30:430][ 63]LogWorld: Bringing World /Game/FirstPersonCPP/Maps/UEDPIE_0_MainMenu.MainMenu up for play (max tick rate 0) at 2016.01.27-06.32.30
[2016.01.27-11.32.30:430][ 63]LogActor:Warning: GameSession /Game/FirstPersonCPP/Maps/UEDPIE_0_MainMenu.MainMenu:PersistentLevel.GameSession_0 has natively added scene component(s), but none of them we