[2016.01.26-22.35.09:767][  0]Log file open, 01/26/16 17:35:09
[2016.01.26-22.35.09:767][  0]LogInit:Display: Running engine for game: LostAge
[2016.01.26-22.35.09:768][  0]LogInit:Display: RandInit(-518592824) SRandInit(-518592823).
[2016.01.26-22.35.09:768][  0]LogTaskGraph: Started task graph with 4 named threads and 7 total threads.
[2016.01.26-22.35.09:769][  0]LogStats: Stats thread started at 0.153172
[2016.01.26-22.35.09:769][  0]LogInit: Version: 4.9.2-2707645+++depot+UE4-Releases+4.9
[2016.01.26-22.35.09:769][  0]LogInit: API Version: 2672455
[2016.01.26-22.35.09:770][  0]LogInit: Compiled (64-bit): Sep 28 2015 10:25:44
[2016.01.26-22.35.09:770][  0]LogInit: Compiled with Visual C++: 18.00.21005.01
[2016.01.26-22.35.09:771][  0]LogInit: Build Configuration: DebugGame
[2016.01.26-22.35.09:771][  0]LogInit: Branch Name: ++depot+UE4-Releases+4.9
[2016.01.26-22.35.09:771][  0]LogInit: Command line:  -debug
[2016.01.26-22.35.09:771][  0]LogInit: Base directory: C:/Program Files/Epic Games/4.9/Engine/Binaries/Win64/
[2016.01.26-22.35.09:772][  0]LogInit: Rocket: 1
[2016.01.26-22.35.09:807][  0]LogInit: Using libcurl 7.41.0
[2016.01.26-22.35.09:808][  0]LogInit:  - built for x86_64-pc-win32
[2016.01.26-22.35.09:808][  0]LogInit:  - supports SSL with WinSSL
[2016.01.26-22.35.09:808][  0]LogInit:  - other features:
[2016.01.26-22.35.09:808][  0]LogInit:      CURL_VERSION_SSL
[2016.01.26-22.35.09:809][  0]LogInit:      CURL_VERSION_IPV6
[2016.01.26-22.35.09:809][  0]LogInit:      CURL_VERSION_ASYNCHDNS
[2016.01.26-22.35.09:809][  0]LogInit:      CURL_VERSION_LARGEFILE
[2016.01.26-22.35.09:809][  0]LogInit:      CURL_VERSION_IDN
[2016.01.26-22.35.09:810][  0]LogInit:  CurlRequestOptions (configurable via config and command line):
[2016.01.26-22.35.09:810][  0]LogInit:  - bVerifyPeer = true  - Libcurl will verify peer certificate
[2016.01.26-22.35.09:810][  0]LogInit:  - bUseHttpProxy = false  - Libcurl will NOT use HTTP proxy
[2016.01.26-22.35.09:811][  0]LogInit:  - bDontReuseConnections = false  - Libcurl will reuse connections
[2016.01.26-22.35.09:811][  0]LogInit:  - CertBundlePath = nullptr  - Libcurl will use whatever was configured at build time.
[2016.01.26-22.35.09:874][  0]LogInit: WinSock: version 1.1 (2.2), MaxSocks=32767, MaxUdp=65467
[2016.01.26-22.35.09:889][  0]LogVoice:Warning: Failed to initialize voice interface
[2016.01.26-22.35.09:895][  0]LogInit: Presizing for 0 objects not considered by GC, pre-allocating 0 bytes.
[2016.01.26-22.35.09:903][  0]LogInit: Object subsystem initialized
[2016.01.26-22.35.09:905][  0]LogInit: Selected Device Profile: [Windows]
[2016.01.26-22.35.09:905][  0]LogInit: Applying CVar settings loaded from the selected device profile: [Windows]
[2016.01.26-22.35.09:915][  0]LogInit: Computer: FREDERIC-PC
[2016.01.26-22.35.09:916][  0]LogInit: User: frederic
[2016.01.26-22.35.09:916][  0]LogInit: CPU Page size=4096, Cores=4
[2016.01.26-22.35.09:916][  0]LogInit: High frequency timer resolution =3.331240 MHz
[2016.01.26-22.35.09:917][  0]LogMemory: Memory total: Physical=15.9GB (16GB approx)
[2016.01.26-22.35.09:917][  0]LogMemory: Platform Memory Stats for Windows
[2016.01.26-22.35.09:917][  0]LogMemory: Process Physical Memory: 54.64 MB used, 54.64 MB peak
[2016.01.26-22.35.09:917][  0]LogMemory: Process Virtual Memory: 55.75 MB used, 55.75 MB peak
[2016.01.26-22.35.09:918][  0]LogMemory: Physical Memory: 7526.18 MB used, 16288.39 MB total
[2016.01.26-22.35.09:918][  0]LogMemory: Virtual Memory: 337.63 MB used, 8388608.00 MB total
[2016.01.26-22.35.09:999][  0]LogTextLocalizationManager: No translations for ('fr-CA') exist, falling back to 'en' for localization and internationalization data.
[2016.01.26-22.35.10:677][  0]LogD3D11RHI: Found D3D11 adapter 0: NVIDIA GeForce GTX 970 (Feature Level 11_0)
[2016.01.26-22.35.10:677][  0]LogD3D11RHI: Adapter has 4008MB of dedicated video memory, 0MB of dedicated system memory, and 7888MB of shared system memory, 1 output[s]
[2016.01.26-22.35.10:685][  0]LogD3D11RHI: Found D3D11 adapter 1: Intel(R) HD Graphics 3000 (Feature Level 10_0)
[2016.01.26-22.35.10:685][  0]LogD3D11RHI: Adapter has 64MB of dedicated video memory, 0MB of dedicated system memory, and 1632MB of shared system memory, 0 output[s]
[2016.01.26-22.35.10:685][  0]LogD3D11RHI: Chosen D3D11 Adapter Id = 0
[2016.01.26-22.35.10:690][  0]LogD3D11RHI: !Direct3DDevice
[2016.01.26-22.35.10:691][  0]LogRHI: Texture pool is 1361 MB (70% of 1945 MB)
[2016.01.26-22.35.10:743][  0]LogD3D11RHI: Async texture creation enabled
[2016.01.26-22.35.10:758][  0]LogShaderCompilers: Guid format shader working directory is 15 characters bigger than the processId version (../../../../../../Users/frederic/Documents/Unreal Projects/LostAge/Intermediate/Shaders/WorkingDirectory/7060/).
[2016.01.26-22.35.10:759][  0]LogShaderCompilers: Cleaned the shader compiler working directory '../../../../../../Users/frederic/Documents/Unreal Projects/LostAge/Intermediate/Shaders/tmp/4A7460D1439B583AED57E7A60F3FD0C2/'.
[2016.01.26-22.35.10:759][  0]LogShaderCompilers:Display: Using Local Shader Compiler.
[2016.01.26-22.35.11:984][  0]LogTemp:Display: Loaded TP AllDesktopTargetPlatform
[2016.01.26-22.35.12:005][  0]LogTemp:Display: Loaded TP WindowsClientTargetPlatform
[2016.01.26-22.35.12:025][  0]LogTemp:Display: Loaded TP WindowsNoEditorTargetPlatform
[2016.01.26-22.35.12:044][  0]LogTemp:Display: Loaded TP WindowsServerTargetPlatform
[2016.01.26-22.35.12:061][  0]LogTemp:Display: Loaded TP WindowsTargetPlatform
[2016.01.26-22.35.12:071][  0]LogTemp:Display: Loaded TP AndroidTargetPlatform
[2016.01.26-22.35.12:079][  0]LogTemp:Display: Loaded TP Android_ASTCTargetPlatform
[2016.01.26-22.35.12:088][  0]LogTemp:Display: Loaded TP Android_ATCTargetPlatform
[2016.01.26-22.35.12:096][  0]LogTemp:Display: Loaded TP Android_DXTTargetPlatform
[2016.01.26-22.35.12:105][  0]LogTemp:Display: Loaded TP Android_ETC1TargetPlatform
[2016.01.26-22.35.12:113][  0]LogTemp:Display: Loaded TP Android_ETC2TargetPlatform
[2016.01.26-22.35.12:121][  0]LogTemp:Display: Loaded TP Android_PVRTCTargetPlatform
[2016.01.26-22.35.12:125][  0]LogTemp:Display: Loaded TP HTML5TargetPlatform
[2016.01.26-22.35.12:161][  0]LogTemp:Display: Loaded TP IOSTargetPlatform
[2016.01.26-22.35.12:169][  0]LogTemp:Display: Loaded TP LinuxNoEditorTargetPlatform
[2016.01.26-22.35.12:177][  0]LogTemp:Display: Loaded TP LinuxServerTargetPlatform
[2016.01.26-22.35.12:184][  0]LogTemp:Display: Loaded TP LinuxTargetPlatform
[2016.01.26-22.35.12:185][  0]LogTargetPlatformManager:Display: Building Assets For Windows
[2016.01.26-22.35.12:415][  0]LogDerivedDataCache:Display: Max Cache Size: 512 MB
[2016.01.26-22.35.12:466][  0]LogDerivedDataCache: Loaded boot cache 0.05s 41MB C:/Users/frederic/AppData/Local/UnrealEngine/4.9/DerivedDataCache/Boot.ddc.
[2016.01.26-22.35.12:466][  0]LogDerivedDataCache:Display: Loaded Boot cache: C:/Users/frederic/AppData/Local/UnrealEngine/4.9/DerivedDataCache/Boot.ddc
[2016.01.26-22.35.12:467][  0]LogDerivedDataCache: FDerivedDataBackendGraph:  Pak pak cache file ../../../../../../Users/frederic/Documents/Unreal Projects/LostAge/DerivedDataCache/DDC.ddp not found, will not use a pak cache.
[2016.01.26-22.35.12:467][  0]LogDerivedDataCache: Unable to find inner node Pak for hierarchical cache Hierarchy.
[2016.01.26-22.35.12:467][  0]LogDerivedDataCache: FDerivedDataBackendGraph:  CompressedPak pak cache file ../../../../../../Users/frederic/Documents/Unreal Projects/LostAge/DerivedDataCache/Compressed.ddp not found, will not use a pak cache.
[2016.01.26-22.35.12:468][  0]LogDerivedDataCache: Unable to find inner node CompressedPak for hierarchical cache Hierarchy.
[2016.01.26-22.35.12:612][  0]LogDerivedDataCache:Display: Pak cache opened for reading ../../../Engine/DerivedDataCache/Compressed.ddp.
[2016.01.26-22.35.12:625][  0]LogDerivedDataCache: Using Local data cache path C:/Users/frederic/AppData/Local/UnrealEngine/Common/DerivedDataCache: Writable
[2016.01.26-22.35.12:822][  0]LogInit: Selected Device Profile: [Windows]
[2016.01.26-22.35.12:823][  0]LogContentStreaming: Texture pool size is 0.000000MB
[2016.01.26-22.35.12:862][  0]LogMeshUtilities: No automatic mesh reduction module available
[2016.01.26-22.35.12:862][  0]LogMeshUtilities: No automatic mesh merging module available
[2016.01.26-22.35.14:365][  0]UdpMessaging: Initializing bridge on interface 0.0.0.0:0 to multicast group 230.0.0.1:6666.
[2016.01.26-22.35.21:654][  0]LogAssetRegistry: FAssetRegistry took 0.0105 seconds to start up
[2016.01.26-22.35.22:025][  0]SourceControl: Info Source control is disabled
[2016.01.26-22.35.22:027][  0]SourceControl: Info Source control is disabled
[2016.01.26-22.35.22:046][  0]SourceControl: Info Source control is disabled
[2016.01.26-22.35.22:065][  0]SourceControl: Info Source control is disabled
[2016.01.26-22.35.22:257][  0]LogLinker:Warning: Asset '../../../Engine/Plugins/Runtime/LeapMotionController/Content/LM_PassthroughMaterial.uasset' has been saved with empty engine version. The asset will be loaded but may be incompatible.
[2016.01.26-22.35.22:354][  0]LogObj: 28402 objects as part of root set at end of initial load.
[2016.01.26-22.35.22:355][  0]LogUObjectAllocator: 6067872 out of 0 bytes used by permanent object pool.
[2016.01.26-22.35.22:438][  0]LogEngine: Initializing Engine...
[2016.01.26-22.35.22:440][  0]LogHMD: Can't find Oculus library dev build: is proper Runtime installed? Version: 0.7.0.0
[2016.01.26-22.35.22:442][  0]LogHMD: SteamVR failed to initialize.  Err: 110
[2016.01.26-22.35.22:603][  0]LogAIModule: Creating AISystem for world NewWorld
[2016.01.26-22.35.22:620][  0]LogInit: XAudio2 using 'Haut-parleurs (USB PnP Sound Device)' : 2 channels at 44.1 kHz using 16 bits per sample (channel mask 0x3)
[2016.01.26-22.35.22:628][  0]LogInit: FAudioDevice initialized.
[2016.01.26-22.35.22:650][  0]LogDerivedDataCache: Saved boot cache 0.02s 41MB C:/Users/frederic/AppData/Local/UnrealEngine/4.9/DerivedDataCache/Boot.ddc.
[2016.01.26-22.35.22:656][  0]LogInit: Texture streaming: Enabled
[2016.01.26-22.35.22:673][  0]LogAnalytics: Creating configured Analytics provider AnalyticsET
[2016.01.26-22.35.22:674][  0]LogAnalytics: [UEEditor.Rocket.Release] APIServer = http://et2.epicgames.com/ET2/. AppVersion = 4.9.2-2707645+++depot+UE4-Releases+4.9
[2016.01.26-22.35.22:674][  0]LogAnalytics: [UEEditor.Rocket.Release] SetUserId c8da8d664a36a98701fe659c10ae4ff8|70626fa7f476448fb82ad9618fbbb1ab|00e7fb16-00c3-4af4-a2a1-2cc8013aae38
[2016.01.26-22.35.22:674][  0]LogAnalytics: [UEEditor.Rocket.Release] AnalyticsET::StartSession
[2016.01.26-22.35.22:694][  0]LogInit: Transaction tracking system initialized
[2016.01.26-22.35.22:810][  0]BlueprintLog: New page: Editor Load
[2016.01.26-22.35.23:207][  0]LocalizationService: Info Localization service is disabled
[2016.01.26-22.35.23:383][  0]LogLinker:Warning: Can't find file '/Game/ThirdPersonCPP/ThirdPersonOverview'
[2016.01.26-22.35.23:384][  0]LogLinker:Warning: Can't find file '/Game/ThirdPersonCPP/ThirdPersonOverview'
[2016.01.26-22.35.23:384][  0]LogUObjectGlobals:Warning: Failed to find object 'Class /Game/ThirdPersonCPP/ThirdPersonOverview.ThirdPersonOverview_C'
[2016.01.26-22.35.23:420][  0]LogConsoleResponse:Display: 
[2016.01.26-22.35.23:562][  0]LogCook:Display: Done creating registry. It took  0.00s.
[2016.01.26-22.35.23:765][  0]LogFileCache: Scanning file cache for directory 'C:/Users/frederic/Documents/Unreal Projects/LostAge/Content/' took 0.01s
[2016.01.26-22.35.23:765][  0]SourceControl: Info Source control is disabled
[2016.01.26-22.35.23:766][  0]Cmd: MAP LOAD FILE="../../../../../../Users/frederic/Documents/Unreal Projects/LostAge/Content/FirstPersonCPP/Maps/MainMenu.umap" TEMPLATE=0 SHOWPROGRESS=1 FEATURELEVEL=3
[2016.01.26-22.35.23:767][  0]LightingResults: New page: Lighting Build
[2016.01.26-22.35.23:772][  0]MapCheck: New page: Map Check
[2016.01.26-22.35.23:773][  0]LightingResults: New page: Lighting Build
[2016.01.26-22.35.23:784][  0]LogParticles: Destroying 0 GPU particle simulations for FXSystem 0x000000002244EAC0
[2016.01.26-22.35.23:789][  0]LogAIModule: Creating AISystem for world MainMenu
[2016.01.26-22.35.23:791][  0]LogEditorServer: Finished looking for orphan Actors (0.000 secs)
[2016.01.26-22.35.23:792][  0]Cmd: MAP CHECKDEP NOCLEARLOG
[2016.01.26-22.35.23:836][  0]MapCheck: Info Map check complete: 0 Error(s), 0 Warning(s), took 43.492ms to complete.
[2016.01.26-22.35.23:837][  0]LogFileHelpers: Loading map 'MainMenu' took 0.071
[2016.01.26-22.35.23:936][  0]LogCollectionManager: Loaded 0 collections in 0.002039 seconds
[2016.01.26-22.35.23:985][  0]LogFileCache: Scanning file cache for directory 'C:/Users/frederic/Documents/Unreal Projects/LostAge/Saved/Collections/' took 0.01s
[2016.01.26-22.35.23:986][  0]LogFileCache: Scanning file cache for directory 'C:/Users/frederic/Documents/Unreal Projects/LostAge/Content/Developers/frederic/Collections/' took 0.01s
[2016.01.26-22.35.23:986][  0]LogFileCache: Scanning file cache for directory 'C:/Users/frederic/Documents/Unreal Projects/LostAge/Content/Collections/' took 0.01s
[2016.01.26-22.35.23:987][  0]LogContentBrowser: Native class hierarchy populated in 0.0123 seconds. Added 1875 classes and 335 folders.
[2016.01.26-22.35.23:995][  0]LogCollectionManager: Rebuilt the GUID cache for 0 collections in 0.000002 seconds
[2016.01.26-22.35.24:011][  0]LogContentBrowser: Native class hierarchy updated for 'WidgetCarousel' in 0.0030 seconds. Added 0 classes and 0 folders.
[2016.01.26-22.35.24:080][  0]LogContentBrowser: Native class hierarchy updated for 'AddContentDialog' in 0.0018 seconds. Added 0 classes and 0 folders.
[2016.01.26-22.35.24:105][  0]LogContentBrowser: Native class hierarchy updated for 'SceneOutliner' in 0.0019 seconds. Added 1 classes and 2 folders.
[2016.01.26-22.35.24:139][  0]LogCrashTracker: Crashtracker disabled due to settings.
[2016.01.26-22.35.24:143][  0]LogUObjectGlobals:Warning: Failed to find object 'Class None.'
[2016.01.26-22.35.24:165][  0]LogLoad: Full Startup: 15.41 seconds (BP compile: 0.00 seconds)
[2016.01.26-22.35.24:257][  0]LogContentStreaming: Texture pool size now 1000 MB
[2016.01.26-22.35.24:383][  2]LogRenderer: Reallocating scene render targets to support 948x488 (Frame:2).
[2016.01.26-22.35.24:526][  2]LogAssetRegistry: Asset discovery search completed in 2.8827 seconds
[2016.01.26-22.35.24:527][  2]LogCollectionManager: Rebuilt the object cache for 0 collections in 0.000001 seconds (found 0 objects)
[2016.01.26-22.35.24:527][  2]LogCollectionManager: Fixed up redirectors for 0 collections in 0.000416 seconds (updated 0 objects)
[2016.01.26-22.35.26:428][223]LogPlayLevel: PlayLevel: No blueprints needed recompiling
[2016.01.26-22.35.26:429][223]PIE: New page: PIE session: MainMenu (Jan 26, 2016, 12:35:26 PM)
[2016.01.26-22.35.26:496][223]LogPlayLevel: Creating play world package: /Game/FirstPersonCPP/Maps/UEDPIE_0_MainMenu
[2016.01.26-22.35.26:497][223]LogPlayLevel: PIE: StaticDuplicateObject took: (0.000573s)
[2016.01.26-22.35.26:498][223]LogAIModule: Creating AISystem for world MainMenu
[2016.01.26-22.35.26:499][223]LogPlayLevel: PIE: World Init took: (0.001427s)
[2016.01.26-22.35.26:499][223]LogPlayLevel: PIE: Created PIE world by copying editor world from /Game/FirstPersonCPP/Maps/MainMenu.MainMenu to /Game/FirstPersonCPP/Maps/UEDPIE_0_MainMenu.MainMenu (0.003268s)
[2016.01.26-22.35.26:521][223]LogInit: XAudio2 using 'Haut-parleurs (USB PnP Sound Device)' : 2 channels at 44.1 kHz using 16 bits per sample (channel mask 0x3)
[2016.01.26-22.35.26:525][223]LogInit: FAudioDevice initialized.
[2016.01.26-22.35.26:571][223]LogWorld: Game class is 'LostAgeGameMode'
[2016.01.26-22.35.36:629][223]LogWorld: Bringing World /Game/FirstPersonCPP/Maps/UEDPIE_0_MainMenu.MainMenu up for play (max tick rate 3) at 2016.01.26-17.35.36
[2016.01.26-22.35.36:629][223]LogActor:Warning: GameSession /Game/FirstPersonCPP/Maps/UEDPIE_0_MainMenu.MainMenu:PersistentLevel.GameSession_0 has natively added scene component(s), but none of them were set as the actor's RootComponent - picking one arbitrarily
[2016.01.26-22.35.36:630][223]LogActor:Warning: GameNetworkManager /Game/FirstPersonCPP/Maps/UEDPIE_0_MainMenu.MainMenu:PersistentLevel.GameNetworkManager_0 has natively added scene component(s), but none of them were set as the actor's RootComponent - picking one arbitrarily
[2016.01.26-22.35.36:630][223]LogWorld: Bringing up level for play took: 0.001983
[2016.01.26-22.35.36:641][223]LogVoice:Warning: Failed to initialize voice interface
[2016.01.26-22.36.56:240][223]LogOnline:Warning: NULL: Can't start an online game for session (Game) that hasn't been created
[2016.01.26-22.36.59:810][223]PIE: Info Play in editor start time for /Game/FirstPersonCPP/Maps/UEDPIE_0_MainMenu 94.163
[2016.01.26-22.37.03:921][591]LogInit: WinSock: I am frederic-PC (192.168.1.103:0)
[2016.01.26-22.37.03:986][591]LogPackageName: SearchForPackageOnDisk took   0.064s to resolve FirstPersonExampleMap.umap.
[2016.01.26-22.37.04:052][591]LogPackageName: SearchForPackageOnDisk took   0.065s to resolve FirstPersonExampleMap.umap.
[2016.01.26-22.37.04:052][591]LogNet: Browse: /Game/FirstPersonCPP/Maps/FirstPersonExampleMap?listen
[2016.01.26-22.37.04:053][591]LogLoad: LoadMap: /Game/FirstPersonCPP/Maps/FirstPersonExampleMap?listen
[2016.01.26-22.37.04:068][591]LogParticles: Destroying 0 GPU particle simulations for FXSystem 0x0000000033B20860
[2016.01.26-22.37.04:074][591]Cmd: MEM
[2016.01.26-22.37.04:087][591]LogMemory: Platform Memory Stats for Windows
[2016.01.26-22.37.04:087][591]LogMemory: Process Physical Memory: 574.72 MB used, 586.71 MB peak
[2016.01.26-22.37.04:087][591]LogMemory: Process Virtual Memory: 917.25 MB used, 924.66 MB peak
[2016.01.26-22.37.04:088][591]LogMemory: Physical Memory: 9280.28 MB used, 16288.39 MB total
[2016.01.26-22.37.04:088][591]LogMemory: Virtual Memory: 1601.45 MB used, 8388608.00 MB total
[2016.01.26-22.37.04:088][591]LogMemory: 
[2016.01.26-22.37.04:089][591]Allocator Stats for TBB: (not implemented)
[2016.01.26-22.37.04:986][591]LogAIModule: Creating AISystem for world FirstPersonExampleMap
[2016.01.26-22.37.04:987][591]LogWorld: Game class is 'LostAgeGameMode'
[2016.01.26-22.37.04:988][591]LogInit: WinSock: Socket queue 131072 / 131072
[2016.01.26-22.37.04:989][591]LogNet: GameNetDriver IpNetDriver_0 IpNetDriver listening on port 7777
[2016.01.26-22.37.05:022][591]LogWorld: Bringing World /Game/FirstPersonCPP/Maps/UEDPIE_0_FirstPersonExampleMap.FirstPersonExampleMap up for play (max tick rate 0) at 2016.01.26-17.37.05
[2016.01.26-22.37.05:023][591]LogActor:Warning: GameSession /Game/FirstPersonCPP/Maps/UEDPIE_0_FirstPersonExampleMap.FirstPersonExampleMap:PersistentLevel.GameSession_1 has natively added scene component(s), but none of them were set as the actor's RootComponent - picking one arbitrarily
[2016.01.26-22.37.05:024][591]LogActor:Warning: GameNetworkManager /Game/FirstPersonCPP/Maps/UEDPIE_0_FirstPersonExampleMap.FirstPersonExampleMap:PersistentLevel.GameNetworkManager_1 has natively added scene component(s), but none of them were set as the actor's RootComponent - picking one arbitrarily
[2016.01.26-22.37.05:025][591]LogWorld: Bringing up level for play took: 0.035019
[2016.01.26-22.38.16:928][591]LogOnline:Warning: NULL: Can't start an online session (Game) in state InProgress
[2016.01.26-22.38.41:400][109]LogPackageName: SearchForPackageOnDisk took   0.056s to resolve MainMenu.umap.
[2016.01.26-22.38.41:464][110]LogPackageName: SearchForPackageOnDisk took   0.059s to resolve MainMenu.umap.
[2016.01.26-22.38.41:465][110]LogNet: Browse: /Game/FirstPersonCPP/Maps/MainMenu
[2016.01.26-22.38.41:465][110]LogLoad: LoadMap: /Game/FirstPersonCPP/Maps/MainMenu
[2016.01.26-22.38.41:465][110]LogNet: World NetDriver shutdown IpNetDriver_0 [GameNetDriver]
[2016.01.26-22.38.41:465][110]LogNet: DestroyNamedNetDriver IpNetDriver_0 [GameNetDriver]
[2016.01.26-22.38.41:466][110]LogExit: GameNetDriver IpNetDriver_0 shut down
[2016.01.26-22.38.41:481][110]LogParticles: Destroying 0 GPU particle simulations for FXSystem 0x0000000033D8B420
[2016.01.26-22.38.41:581][110]Cmd: MEM
[2016.01.26-22.38.41:592][110]LogMemory: Platform Memory Stats fo