[2016.01.25-20.42.46:674][  0]Log file open, 01/25/16 15:42:46
[2016.01.25-20.42.46:674][  0]LogInit:Display: Running engine for game: LostAge
[2016.01.25-20.42.46:674][  0]LogInit:Display: RandInit(-138101507) SRandInit(-138101507).
[2016.01.25-20.42.46:674][  0]LogTaskGraph: Started task graph with 4 named threads and 7 total threads.
[2016.01.25-20.42.46:674][  0]LogStats: Stats thread started at 0.150109
[2016.01.25-20.42.46:675][  0]LogInit: Version: 4.9.2-2707645+++depot+UE4-Releases+4.9
[2016.01.25-20.42.46:675][  0]LogInit: API Version: 2672455
[2016.01.25-20.42.46:675][  0]LogInit: Compiled (64-bit): Sep 28 2015 10:25:44
[2016.01.25-20.42.46:675][  0]LogInit: Compiled with Visual C++: 18.00.21005.01
[2016.01.25-20.42.46:676][  0]LogInit: Build Configuration: DebugGame
[2016.01.25-20.42.46:676][  0]LogInit: Branch Name: ++depot+UE4-Releases+4.9
[2016.01.25-20.42.46:676][  0]LogInit: Command line:  -debug
[2016.01.25-20.42.46:676][  0]LogInit: Base directory: C:/Program Files/Epic Games/4.9/Engine/Binaries/Win64/
[2016.01.25-20.42.46:677][  0]LogInit: Rocket: 1
[2016.01.25-20.42.46:695][  0]LogInit: Using libcurl 7.41.0
[2016.01.25-20.42.46:696][  0]LogInit:  - built for x86_64-pc-win32
[2016.01.25-20.42.46:696][  0]LogInit:  - supports SSL with WinSSL
[2016.01.25-20.42.46:696][  0]LogInit:  - other features:
[2016.01.25-20.42.46:697][  0]LogInit:      CURL_VERSION_SSL
[2016.01.25-20.42.46:697][  0]LogInit:      CURL_VERSION_IPV6
[2016.01.25-20.42.46:697][  0]LogInit:      CURL_VERSION_ASYNCHDNS
[2016.01.25-20.42.46:697][  0]LogInit:      CURL_VERSION_LARGEFILE
[2016.01.25-20.42.46:697][  0]LogInit:      CURL_VERSION_IDN
[2016.01.25-20.42.46:698][  0]LogInit:  CurlRequestOptions (configurable via config and command line):
[2016.01.25-20.42.46:698][  0]LogInit:  - bVerifyPeer = true  - Libcurl will verify peer certificate
[2016.01.25-20.42.46:698][  0]LogInit:  - bUseHttpProxy = false  - Libcurl will NOT use HTTP proxy
[2016.01.25-20.42.46:698][  0]LogInit:  - bDontReuseConnections = false  - Libcurl will reuse connections
[2016.01.25-20.42.46:699][  0]LogInit:  - CertBundlePath = nullptr  - Libcurl will use whatever was configured at build time.
[2016.01.25-20.42.46:728][  0]LogInit: Presizing for 0 objects not considered by GC, pre-allocating 0 bytes.
[2016.01.25-20.42.46:735][  0]LogInit: Object subsystem initialized
[2016.01.25-20.42.46:737][  0]LogInit: Selected Device Profile: [Windows]
[2016.01.25-20.42.46:737][  0]LogInit: Applying CVar settings loaded from the selected device profile: [Windows]
[2016.01.25-20.42.46:745][  0]LogInit: Computer: FREDERIC-PC
[2016.01.25-20.42.46:745][  0]LogInit: User: frederic
[2016.01.25-20.42.46:745][  0]LogInit: CPU Page size=4096, Cores=4
[2016.01.25-20.42.46:745][  0]LogInit: High frequency timer resolution =3.331269 MHz
[2016.01.25-20.42.46:746][  0]LogMemory: Memory total: Physical=15.9GB (16GB approx)
[2016.01.25-20.42.46:746][  0]LogMemory: Platform Memory Stats for Windows
[2016.01.25-20.42.46:746][  0]LogMemory: Process Physical Memory: 53.57 MB used, 53.57 MB peak
[2016.01.25-20.42.46:746][  0]LogMemory: Process Virtual Memory: 57.46 MB used, 57.46 MB peak
[2016.01.25-20.42.46:747][  0]LogMemory: Physical Memory: 7997.90 MB used, 16288.39 MB total
[2016.01.25-20.42.46:747][  0]LogMemory: Virtual Memory: 332.55 MB used, 8388608.00 MB total
[2016.01.25-20.42.46:819][  0]LogTextLocalizationManager: No translations for ('fr-CA') exist, falling back to 'en' for localization and internationalization data.
[2016.01.25-20.42.47:467][  0]LogD3D11RHI: Found D3D11 adapter 0: NVIDIA GeForce GTX 970 (Feature Level 11_0)
[2016.01.25-20.42.47:467][  0]LogD3D11RHI: Adapter has 4008MB of dedicated video memory, 0MB of dedicated system memory, and 7888MB of shared system memory, 1 output[s]
[2016.01.25-20.42.47:476][  0]LogD3D11RHI: Found D3D11 adapter 1: Intel(R) HD Graphics 3000 (Feature Level 10_0)
[2016.01.25-20.42.47:476][  0]LogD3D11RHI: Adapter has 64MB of dedicated video memory, 0MB of dedicated system memory, and 1632MB of shared system memory, 0 output[s]
[2016.01.25-20.42.47:477][  0]LogD3D11RHI: Chosen D3D11 Adapter Id = 0
[2016.01.25-20.42.47:481][  0]LogD3D11RHI: !Direct3DDevice
[2016.01.25-20.42.47:482][  0]LogRHI: Texture pool is 1361 MB (70% of 1945 MB)
[2016.01.25-20.42.47:528][  0]LogD3D11RHI: Async texture creation enabled
[2016.01.25-20.42.47:543][  0]LogShaderCompilers: Guid format shader working directory is 15 characters bigger than the processId version (../../../../../../Users/frederic/Documents/Unreal Projects/LostAge/Intermediate/Shaders/WorkingDirectory/7728/).
[2016.01.25-20.42.47:543][  0]LogShaderCompilers: Cleaned the shader compiler working directory '../../../../../../Users/frederic/Documents/Unreal Projects/LostAge/Intermediate/Shaders/tmp/E634C2F9456E3BFB401D10967F97156B/'.
[2016.01.25-20.42.47:543][  0]LogShaderCompilers:Display: Using Local Shader Compiler.
[2016.01.25-20.42.48:662][  0]LogTemp:Display: Loaded TP AllDesktopTargetPlatform
[2016.01.25-20.42.48:674][  0]LogTemp:Display: Loaded TP WindowsClientTargetPlatform
[2016.01.25-20.42.48:689][  0]LogTemp:Display: Loaded TP WindowsNoEditorTargetPlatform
[2016.01.25-20.42.48:701][  0]LogTemp:Display: Loaded TP WindowsServerTargetPlatform
[2016.01.25-20.42.48:714][  0]LogTemp:Display: Loaded TP WindowsTargetPlatform
[2016.01.25-20.42.48:721][  0]LogTemp:Display: Loaded TP AndroidTargetPlatform
[2016.01.25-20.42.48:727][  0]LogTemp:Display: Loaded TP Android_ASTCTargetPlatform
[2016.01.25-20.42.48:734][  0]LogTemp:Display: Loaded TP Android_ATCTargetPlatform
[2016.01.25-20.42.48:741][  0]LogTemp:Display: Loaded TP Android_DXTTargetPlatform
[2016.01.25-20.42.48:748][  0]LogTemp:Display: Loaded TP Android_ETC1TargetPlatform
[2016.01.25-20.42.48:755][  0]LogTemp:Display: Loaded TP Android_ETC2TargetPlatform
[2016.01.25-20.42.48:762][  0]LogTemp:Display: Loaded TP Android_PVRTCTargetPlatform
[2016.01.25-20.42.48:765][  0]LogTemp:Display: Loaded TP HTML5TargetPlatform
[2016.01.25-20.42.48:793][  0]LogTemp:Display: Loaded TP IOSTargetPlatform
[2016.01.25-20.42.48:799][  0]LogTemp:Display: Loaded TP LinuxNoEditorTargetPlatform
[2016.01.25-20.42.48:805][  0]LogTemp:Display: Loaded TP LinuxServerTargetPlatform
[2016.01.25-20.42.48:811][  0]LogTemp:Display: Loaded TP LinuxTargetPlatform
[2016.01.25-20.42.48:812][  0]LogTargetPlatformManager:Display: Building Assets For Windows
[2016.01.25-20.42.48:997][  0]LogDerivedDataCache:Display: Max Cache Size: 512 MB
[2016.01.25-20.42.49:041][  0]LogDerivedDataCache: Loaded boot cache 0.04s 43MB C:/Users/frederic/AppData/Local/UnrealEngine/4.9/DerivedDataCache/Boot.ddc.
[2016.01.25-20.42.49:042][  0]LogDerivedDataCache:Display: Loaded Boot cache: C:/Users/frederic/AppData/Local/UnrealEngine/4.9/DerivedDataCache/Boot.ddc
[2016.01.25-20.42.49:042][  0]LogDerivedDataCache: FDerivedDataBackendGraph:  Pak pak cache file ../../../../../../Users/frederic/Documents/Unreal Projects/LostAge/DerivedDataCache/DDC.ddp not found, will not use a pak cache.
[2016.01.25-20.42.49:043][  0]LogDerivedDataCache: Unable to find inner node Pak for hierarchical cache Hierarchy.
[2016.01.25-20.42.49:043][  0]LogDerivedDataCache: FDerivedDataBackendGraph:  CompressedPak pak cache file ../../../../../../Users/frederic/Documents/Unreal Projects/LostAge/DerivedDataCache/Compressed.ddp not found, will not use a pak cache.
[2016.01.25-20.42.49:043][  0]LogDerivedDataCache: Unable to find inner node CompressedPak for hierarchical cache Hierarchy.
[2016.01.25-20.42.49:184][  0]LogDerivedDataCache:Display: Pak cache opened for reading ../../../Engine/DerivedDataCache/Compressed.ddp.
[2016.01.25-20.42.49:196][  0]LogDerivedDataCache: Using Local data cache path C:/Users/frederic/AppData/Local/UnrealEngine/Common/DerivedDataCache: Writable
[2016.01.25-20.42.49:369][  0]LogInit: Selected Device Profile: [Windows]
[2016.01.25-20.42.49:370][  0]LogContentStreaming: Texture pool size is 0.000000MB
[2016.01.25-20.42.49:403][  0]LogMeshUtilities: No automatic mesh reduction module available
[2016.01.25-20.42.49:404][  0]LogMeshUtilities: No automatic mesh merging module available
[2016.01.25-20.42.49:753][  0]LogInit: WinSock: version 1.1 (2.2), MaxSocks=32767, MaxUdp=65467
[2016.01.25-20.42.50:660][  0]UdpMessaging: Initializing bridge on interface 0.0.0.0:0 to multicast group 230.0.0.1:6666.
[2016.01.25-20.42.50:733][  0]LogLinker:Warning: Asset '../../../../../../Users/frederic/Documents/Unreal Projects/LostAge/Content/FirstPersonCPP/Blueprints/FirstPersonCharacter.uasset' has been saved with empty engine version. The asset will be loaded but may be incompatible.
[2016.01.25-20.42.50:841][  0]LogLinker:Warning: Asset '../../../../../../Users/frederic/Documents/Unreal Projects/LostAge/Content/FirstPerson/Meshes/FirstPersonProjectileMesh.uasset' has been saved with empty engine version. The asset will be loaded but may be incompatible.
[2016.01.25-20.42.51:013][  0]LogAssetRegistry: FAssetRegistry took 0.0105 seconds to start up
[2016.01.25-20.42.51:304][  0]SourceControl: Info Source control is disabled
[2016.01.25-20.42.51:305][  0]SourceControl: Info Source control is disabled
[2016.01.25-20.42.51:321][  0]SourceControl: Info Source control is disabled
[2016.01.25-20.42.51:338][  0]SourceControl: Info Source control is disabled
[2016.01.25-20.42.51:521][  0]LogLinker:Warning: Asset '../../../Engine/Plugins/Runtime/LeapMotionController/Content/LM_PassthroughMaterial.uasset' has been saved with empty engine version. The asset will be loaded but may be incompatible.
[2016.01.25-20.42.51:620][  0]LogObj: 32001 objects as part of root set at end of initial load.
[2016.01.25-20.42.51:621][  0]LogUObjectAllocator: 7342296 out of 0 bytes used by permanent object pool.
[2016.01.25-20.42.51:695][  0]LogEngine: Initializing Engine...
[2016.01.25-20.42.51:698][  0]LogHMD: Can't find Oculus library dev build: is proper Runtime installed? Version: 0.7.0.0
[2016.01.25-20.42.51:700][  0]LogHMD: SteamVR failed to initialize.  Err: 110
[2016.01.25-20.42.51:831][  0]LogAIModule: Creating AISystem for world NewWorld
[2016.01.25-20.42.51:847][  0]LogInit: XAudio2 using 'Haut-parleurs (USB PnP Sound Device)' : 2 channels at 44.1 kHz using 16 bits per sample (channel mask 0x3)
[2016.01.25-20.42.52:008][  0]LogInit: FAudioDevice initialized.
[2016.01.25-20.42.52:029][  0]LogDerivedDataCache: Saved boot cache 0.02s 43MB C:/Users/frederic/AppData/Local/UnrealEngine/4.9/DerivedDataCache/Boot.ddc.
[2016.01.25-20.42.52:036][  0]LogInit: Texture streaming: Enabled
[2016.01.25-20.42.52:050][  0]LogAnalytics: Creating configured Analytics provider AnalyticsET
[2016.01.25-20.42.52:050][  0]LogAnalytics: [UEEditor.Rocket.Release] APIServer = http://et2.epicgames.com/ET2/. AppVersion = 4.9.2-2707645+++depot+UE4-Releases+4.9
[2016.01.25-20.42.52:050][  0]LogAnalytics: [UEEditor.Rocket.Release] SetUserId c8da8d664a36a98701fe659c10ae4ff8|70626fa7f476448fb82ad9618fbbb1ab|00e7fb16-00c3-4af4-a2a1-2cc8013aae38
[2016.01.25-20.42.52:051][  0]LogAnalytics: [UEEditor.Rocket.Release] AnalyticsET::StartSession
[2016.01.25-20.42.52:066][  0]LogInit: Transaction tracking system initialized
[2016.01.25-20.42.52:151][  0]BlueprintLog: New page: Editor Load
[2016.01.25-20.42.52:499][  0]LocalizationService: Info Localization service is disabled
[2016.01.25-20.42.52:639][  0]LogLinker:Warning: Can't find file '/Game/ThirdPersonCPP/ThirdPersonOverview'
[2016.01.25-20.42.52:640][  0]LogLinker:Warning: Can't find file '/Game/ThirdPersonCPP/ThirdPersonOverview'
[2016.01.25-20.42.52:640][  0]LogUObjectGlobals:Warning: Failed to find object 'Class /Game/ThirdPersonCPP/ThirdPersonOverview.ThirdPersonOverview_C'
[2016.01.25-20.42.52:670][  0]LogConsoleResponse:Display: 
[2016.01.25-20.42.52:790][  0]LogCook:Display: Done creating registry. It took  0.00s.
[2016.01.25-20.42.52:931][  0]LogFileCache: Scanning file cache for directory 'C:/Users/frederic/Documents/Unreal Projects/LostAge/Content/' took 0.01s
[2016.01.25-20.42.52:932][  0]SourceControl: Info Source control is disabled
[2016.01.25-20.42.52:932][  0]Cmd: MAP LOAD FILE="../../../../../../Users/frederic/Documents/Unreal Projects/LostAge/Content/FirstPersonCPP/Maps/FirstPersonExampleMap.umap" TEMPLATE=0 SHOWPROGRESS=1 FEATURELEVEL=3
[2016.01.25-20.42.52:933][  0]LightingResults: New page: Lighting Build
[2016.01.25-20.42.52:939][  0]MapCheck: New page: Map Check
[2016.01.25-20.42.52:939][  0]LightingResults: New page: Lighting Build
[2016.01.25-20.42.52:950][  0]LogParticles: Destroying 0 GPU particle simulations for FXSystem 0x00000000239B3CE0
[2016.01.25-20.42.53:157][  0]LogAIModule: Creating AISystem for world FirstPersonExampleMap
[2016.01.25-20.42.53:168][  0]LogEditorServer: Finished looking for orphan Actors (0.000 secs)
[2016.01.25-20.42.53:169][  0]Cmd: MAP CHECKDEP NOCLEARLOG
[2016.01.25-20.42.53:262][  0]MapCheck: Info Map check complete: 0 Error(s), 0 Warning(s), took 92.377ms to complete.
[2016.01.25-20.42.53:262][  0]LogFileHelpers: Loading map 'FirstPersonExampleMap' took 0.330
[2016.01.25-20.42.53:356][  0]LogCollectionManager: Loaded 0 collections in 0.002269 seconds
[2016.01.25-20.42.53:400][  0]LogFileCache: Scanning file cache for directory 'C:/Users/frederic/Documents/Unreal Projects/LostAge/Saved/Collections/' took 0.01s
[2016.01.25-20.42.53:401][  0]LogFileCache: Scanning file cache for directory 'C:/Users/frederic/Documents/Unreal Projects/LostAge/Content/Developers/frederic/Collections/' took 0.01s
[2016.01.25-20.42.53:401][  0]LogFileCache: Scanning file cache for directory 'C:/Users/frederic/Documents/Unreal Projects/LostAge/Content/Collections/' took 0.01s
[2016.01.25-20.42.53:401][  0]LogContentBrowser: Native class hierarchy populated in 0.0086 seconds. Added 1874 classes and 335 folders.
[2016.01.25-20.42.53:409][  0]LogCollectionManager: Rebuilt the GUID cache for 0 collections in 0.000002 seconds
[2016.01.25-20.42.53:421][  0]LogContentBrowser: Native class hierarchy updated for 'WidgetCarousel' in 0.0020 seconds. Added 0 classes and 0 folders.
[2016.01.25-20.42.53:479][  0]LogContentBrowser: Native class hierarchy updated for 'AddContentDialog' in 0.0020 seconds. Added 0 classes and 0 folders.
[2016.01.25-20.42.53:497][  0]LogContentBrowser: Native class hierarchy updated for 'SceneOutliner' in 0.0021 seconds. Added 1 classes and 2 folders.
[2016.01.25-20.42.53:529][  0]LogCrashTracker: Crashtracker disabled due to settings.
[2016.01.25-20.42.53:533][  0]LogUObjectGlobals:Warning: Failed to find object 'Class None.'
[2016.01.25-20.42.53:555][  0]LogLoad: Full Startup: 7.82 seconds (BP compile: 0.07 seconds)
[2016.01.25-20.42.53:626][  0]LogContentStreaming: Texture pool size now 1000 MB
[2016.01.25-20.42.53:746][  0]LogRenderer: Reallocating scene render targets to support 1208x556 (Frame:2).
[2016.01.25-20.42.53:959][  3]LogAssetRegistry: Asset discovery search completed in 2.9565 seconds
[2016.01.25-20.42.53:959][  3]LogCollectionManager: Rebuilt the object cache for 0 collections in 0.000001 seconds (found 0 objects)
[2016.01.25-20.42.53:960][  3]LogCollectionManager: Fixed up redirectors for 0 collections in 0.000446 seconds (updated 0 objects)
[2016.01.25-20.42.57:707][436]LogBlueprintUserMessages: Early PlayInEditor Detection: Level '/Game/FirstPersonCPP/Maps/FirstPersonExampleMap.FirstPersonExampleMap:PersistentLevel' has LevelScriptBlueprint '/Game/FirstPersonCPP/Maps/FirstPersonExampleMap.FirstPersonExampleMap:PersistentLevel.FirstPersonExampleMap' with GeneratedClass '/Game/FirstPersonCPP/Maps/FirstPersonExampleMap.FirstPersonExampleMap_C' with ClassGeneratedBy '/Game/FirstPersonCPP/Maps/FirstPersonExampleMap.FirstPersonExampleMap:PersistentLevel.FirstPersonExampleMap'
[2016.01.25-20.42.57:708][436]LogPlayLevel: PlayLevel: No blueprints needed recompiling
[2016.01.25-20.42.57:708][436]PIE: New page: PIE session: FirstPersonExampleMap (Jan 25, 2016, 10:42:57 AM)
[2016.01.25-20.42.57:709][436]LogPlayLevel: Creating play world package: /Game/FirstPersonCPP/Maps/UEDPIE_0_FirstPersonExampleMap
[2016.01.25-20.42.57:733][436]LogPlayLevel: PIE: StaticDuplicateObject took: (0.024441s)
[2016.01.25-20.42.57:735][436]LogAIModule: Creating AISystem for world FirstPersonExampleMap
[2016.01.25-20.42.57:736][436]LogPlayLevel: PIE: World Init took: (0.001597s)
[2016.01.25-20.42.57:736][436]LogPlayLevel: PIE: Created PIE world by copying editor world from /Game/FirstPersonCPP/Maps/FirstPersonExampleMap.FirstPersonExampleMap to /Game/FirstPersonCPP/Maps/UEDPIE_0_FirstPersonExampleMap.FirstPersonExampleMap (0.027710s)
[2016.01.25-20.42.57:765][436]LogInit: XAudio2 using 'Haut-parleurs (USB PnP Sound Device)' : 2 channels at 44.1 kHz using 16 bits per sample (channel mask 0x3)
[2016.01.25-20.42.57:768][436]LogInit: FAudioDevice initialized.
[2016.01.25-20.42.57:816][436]LogWorld: Game class is 'LostAgeGameMode'
[2016.01.25-20.42.57:822][436]LogWorld: Bringing World /Game/FirstPersonCPP/Maps/UEDPIE_0_FirstPersonExampleMap.FirstPersonExampleMap up for play (max tick rate 0) at 2016.01.25-15.42.57
[2016.01.25-20.42.57:822][436]LogActor:Warning: GameSession /Game/FirstPersonCPP/Maps/UEDPIE_0_FirstPersonExampleMap.FirstPersonExampleMap:PersistentLevel.GameSession_0 has natively added scene component(s), but none of them were set as the actor's RootComponent - picking one arbitrarily
[2016.01.25-20.42.57:823][436]LogActor:Warning: GameNetworkManager /Game/FirstPersonCPP/Maps/UEDPIE_0_FirstPersonExampleMap.FirstPersonExampleMap:PersistentLevel.GameNetworkManager_0 has natively added scene component(s), but none of them were set as the actor's RootComponent - picking one arbitrarily
[2016.01.25-20.42.57:823][436]LogWorld: Bringing up level for play took: 0.005922
[2016.01.25-20.42.57:825][436]PIE: Info Play in editor start time for /Game/FirstPersonCPP/Maps/UEDPIE_0_FirstPersonExampleMap 0.258
[2016.01.25-20.42.57:825][436]LogBlueprintUserMessages: Late PlayInEditor Detection: Level '/Game/FirstPersonCPP/Maps/FirstPersonExampleMap.FirstPersonExampleMap:PersistentLevel' has LevelScriptBlueprint '/Game/FirstPersonCPP/Maps/FirstPersonExampleMap.FirstPersonExampleMap:PersistentLevel.FirstPersonExampleMap' with GeneratedClass '/Game/FirstPersonCPP/Maps/FirstPersonExampleMap.FirstPersonExampleMap_C' with ClassGeneratedBy '/Game/FirstPersonCPP/Maps/FirstPersonExampleMap.FirstPersonExampleMap:PersistentLevel.FirstPersonExampleMap'
[2016.01.25-20.43.35:679][949]LogBlueprintUserMessages: Early EndPlayMap Detection: Level '/Game/FirstPersonCPP/Maps/FirstPersonExampleMap.FirstPersonExampleMap:PersistentLevel' has LevelScriptBlueprint '/Game/FirstPersonCPP/Maps/FirstPersonExampleMap.FirstPersonExampleMap:PersistentLevel.FirstPersonExampleMap' with GeneratedClass '/Game/FirstPersonCPP/Maps/FirstPersonExampleMap.FirstPersonExampleMap_C' with ClassGeneratedBy '/Game/FirstPersonCPP/Maps/FirstPersonExampleMap.FirstPersonExampleMap:PersistentLevel.FirstPersonExampleMap'
[2016.01.25-20.43.35:709][949]LogBlueprintUserMessages: Late EndPlayMap Detection: Level '/Game/FirstPersonCPP/Maps/FirstPersonExampleMap.FirstPersonExampleMap:PersistentLevel' has LevelScriptBlueprint '/Game/FirstPersonCPP/Maps/FirstPersonExampleMap.FirstPersonExampleMap:PersistentLevel.FirstPersonExampleMap' with GeneratedClass '/Game/FirstPersonCPP/Maps/FirstPersonExampleMap.FirstPersonExampleMap_C' with ClassGeneratedBy '/Game/FirstPersonCPP/Maps/FirstPersonExampleMap.FirstPersonExampleMap:PersistentLevel.FirstPersonExampleMap'
[2016.01.25-20.43.35:722][949]LogParticles: Destroying 0 GPU particle simulations for FXSystem 0x0000000032B29940
[2016.01.25-20.43.49:834][617]LogLinker:Warning: Asset '../../../Engine/Content/ArtTools/RenderToTexture/Macros/RenderToTextureMacros.uasset' has been saved with empty engine version. The asset will be loaded but may be incompatible.
[2016.01.25-20.43.50:345][617]LogContentBrowser: Native class hierarchy updated for 'BlueprintGraph' in 0.0020 seconds. Added 107 classes and 0 folders.
[2016.01.25-20.43.56:266][176]LogActorComponent: UnregisterComponent: (/Engine/Transient.ProjectileComp) Not registered. Aborting.
[2016.01.25-20.43.56:266][176]LogActorComponent: UnregisterComponent: (/Engine/Transient.CharMoveComp) Not registered. Aborting.
[2016.01.25-20.43.58:125][364]BlueprintLog: New page: Compile FirstPersonCharacter
[2016.01.25-20.43.58:265][364]LogActorComponent: UnregisterComponent: (/Engine/Transient.CharacterMovementComponent_0) Not registered. Aborting.
[2016.01.25-20.43.58:299][364]BlueprintEditorCompileResults: Info [0072.56] Compile of FirstPersonCharacter successful! [in 172 ms]
[2016.01.25-20.43.58:908][416]LogSavePackage: Save=25.432350ms
[2016.01.25-20.43.58:909][416]LogSavePackage: Moving '../../../../../../Users/frederic/Documents/Unreal Projects/LostAge/Saved/FirstPersonCharacter7A9D7D8E4348C0BB0F2C34919B698D12.tmp' to '../../../../../../Users/frederic/Documents/Unreal Projects/LostAge/Content/FirstPersonCPP/Blueprints/FirstPersonCharacter.uasset'
[2016.01.25-20.43.58:912][416]LogSavePackage: Total save time: 31.010106ms
[2016.01.25-20.43.58:913][416]LogSavePackage:Warning: Finished SavePackage ../../../../../../Users/frederic/Documents/Unreal Projects/LostAge/Content/FirstPersonCPP/Blueprints/FirstPersonCharacter.uasset
[2016.01.25-20.44.02:893][888]LogEditorViewport: Clicking on Actor (LMB): FirstPersonCharacter_C (FirstPersonCharacter)
[2016.01.25-20.44.15:439][178]LogActorComponent: UnregisterComponent: (/Engine/Transient.CharMoveComp) Not registered. Aborting.
[2016.01.25-20.44.15:440][178]LogActorComponent: UnregisterComponent: (/Engine/Transient.ProjectileComp) Not registered. Aborting.
[2016.01.25-20.44.17:493][383]BlueprintLog: New page: Compile FirstPersonCharacter
[2016.01.25-20.44.17:763][383]LogActorComponent: UnregisterComponent: (/Engine/Transient.CharacterMovementComponent_1) Not registered. Aborting.
[2016.01.25-20.44.17:789][383]BlueprintEditorCompileResults: Info [0092.05] Compile of FirstPersonCharacter successful! [in 295 ms]
[2016.01.25-20.44.18:115][399]LogSavePackage: Save=18.643646ms
[2016.01.25-20.44.18:116][399]LogSavePackage: Moving '../../../../../../Users/frederic/Documents/Unreal Projects/LostAge/Saved/FirstPersonCharacter0109E9094D42AE2F40A5ABB3990B5B6A.tmp' to '../../../../../../Users/frederic/Documents/Unreal Projects/LostAge/Content/FirstPersonCPP/Blueprints/FirstPersonCharacter.uasset'
[2016.01.25-20.44.18:119][399]LogSavePackage: Total save time: 23.256604ms
[2016.01.25-20.44.18:120][399]LogSavePackage:Warning: Finished SavePackage ../../../../../../Users/frederic/Documents/Unreal Projects/LostAge/Content/FirstPersonCPP/Blueprints/FirstPersonCharacter.uasset
[2016.01.25-20.44.21:029][711]LogBlueprintUserMessages: Early PlayInEditor Detection: Level '/Game/FirstPersonCPP/Maps/FirstPersonExampleMap.FirstPersonExampleMap:PersistentLevel' has LevelScriptBlueprint '/Game/FirstPersonCPP/Maps/FirstPersonExampleMap.FirstPersonExampleMap:PersistentLevel.FirstPersonExampleMap' with GeneratedClass '/Game/FirstPersonCPP/Maps/FirstPersonExampleMap.FirstPersonExampleMap_C' with ClassGeneratedBy '/Game/FirstPersonCPP/Maps/FirstPersonExampleMap.FirstPersonExampleMap:PersistentLevel.FirstPersonExampleMap'
[2016.01.25-20.44.21:030][711]LogPlayLevel: PlayLevel: No blueprints needed recompiling
[2016.01.25-20.44.21:030][711]PIE: New page: PIE session: FirstPersonExampleMap (Jan 25, 2016, 10:44:21 AM)
[2016.01.25-20.44.21:030][711]LogPlayLevel: Creating play world package: /Game/FirstPersonCPP/Maps/UEDPIE_0_FirstPersonExampleMap
[2016.01.25-20.44.21:053][711]LogPlayLevel: PIE: StaticDuplicateObject took: (0.022192s)
[2016.01.25-20.44.21:054][711]LogAIModule: Creating AISystem for world FirstPersonExampleMap
[2016.01.25-20.44.21:055][711]LogPlayLevel: PIE: World Init took: (0.001291s)
[2016.01.25-20.44.21:055][711]LogPlayLevel: PIE: Created PIE world by copying editor world from /Game/FirstPersonCPP/Maps/FirstPersonExampleMap.FirstPersonExampleMap to /Game/FirstPersonCPP/Maps/UEDPIE_0_FirstPersonExampleMap.FirstPersonExampleMap (0.024922s)
[2016.01.25-20.44.21:056][711]LogActorComponent: UnregisterComponent: (/Engine/Transient.CharMoveComp) Not registered. Aborting.
[2016.01.25-20.44.21:088][711]LogInit: XAudio2 using 'Haut-parleurs (USB PnP Sound Device)' : 2 channels at 44.1 kHz using 16 bits per sample (channel mask 0x3)
[2016.01.25-20.44.21:092][711]LogInit: FAudioDevice initialized.
[2016.01.25-20.44.21:125][711]LogWorld: Game class is 'LostAgeGameMode'
[2016.01.25-20.44.21:131][711]LogWorld: Bringing World /Game/FirstPersonCPP/Maps/UEDPIE_0_FirstPersonExampleMap.FirstPersonExampleMap up for play (max tick rate 0) at 2016.01.25-15.44.21
[2016.01.25-20.44.21:132][711]LogActor:Warning: GameSession /Game/FirstPersonCPP/Maps/UEDPIE_0_FirstPersonExampleMap.FirstPersonExampleMap:PersistentLevel.GameSession_1 has natively added scene component(s), but none of them were set as the actor's RootComponent - picking one arbitrarily
[2016.01.25-20.44.21:132][711]LogActor:Warning: GameNetworkManager /Game/FirstPersonCPP/Maps/UEDPIE_0_FirstPersonExampleMap.FirstPersonExampleMap:PersistentLevel.GameNetworkManager_1 has natively added scene component(s), but none of them were set as the actor's RootComponent - picking one arbitrarily
[2016.01.25-20.44.21:133][711]LogWorld: Bringing up level for play took: 0.006372
[2016.01.25-20.44.21:134][711]PIE: Info Play in editor start time for /Game/FirstPersonCPP/Maps/UEDPIE_0_FirstPersonExampleMap -0.435
[2016.01.25-20.44.21:135][711]LogBlueprintUserMessages: Late PlayInEditor Detection: Level '/Game/FirstPersonCPP/Maps/FirstPersonExampleMap.FirstPersonExampleMap:PersistentLevel' has LevelScriptBlueprint '/Game/FirstPersonCPP/Maps/FirstPersonExampleMap.FirstPersonExampleMap:PersistentLevel.FirstPersonExampleMap' with GeneratedClass '/Game/FirstPersonCPP/Maps/FirstPersonExampleMap.FirstPersonExampleMap_C' with ClassGeneratedBy '/Game/FirstPersonCPP/Maps/FirstPersonExampleMap.FirstPersonExampleMap:PersistentLevel.FirstPersonExampleMap'
[2016.01.25-20.45.10:791][607]LogBlueprintUserMessages: Early EndPlayMap Detection: Level '/Game/FirstPersonCPP/Maps/FirstPersonExampleMap.FirstPersonExampleMap:PersistentLevel' has LevelScriptBlueprint '/Game/FirstPersonCPP/Maps/FirstPersonExampleMap.FirstPersonExampleMap:PersistentLevel.FirstPersonExampleMap' with GeneratedClass '/Game/FirstPersonCPP/Maps/FirstPersonExampleMap.FirstPersonExampleMap_C' with ClassGeneratedBy '/Game/FirstPersonCPP/Maps/FirstPersonExampleMap.FirstPersonExampleMap:PersistentLevel.FirstPersonExampleMap'
[2016.01.25-20.45.10:901][607]LogBlueprintUserMessages: Late EndPlayMap Detection: Level '/Game/FirstPersonCPP/Maps/FirstPersonExampleMap.FirstPersonExampleMap:PersistentLevel' has LevelScriptBlueprint '/Game/FirstPersonCPP/Maps/FirstPersonExampleMap.FirstPersonExampleMap:PersistentLevel.FirstPersonExampleMap' with GeneratedClass '/Game/FirstPersonCPP/Maps/FirstPersonExampleMap.FirstPersonExampleMap_C' with ClassGeneratedBy '/Game/FirstPersonCPP/Maps/FirstPersonExampleMap.FirstPersonExampleMap:PersistentLevel.FirstPersonExampleMap'
[2016.01.25-20.45.10:924][607]LogParticles: Destroying 0 GPU particle simulations for FXSystem 0x0000000023A2CB80
[2016.01.25-20.47.29:090][218]LogBlueprintUserMessages: Early PlayInEditor Detection: Level '/Game/FirstPersonCPP/Maps/FirstPersonExampleMap.FirstPersonExampleMap:PersistentLevel' has LevelScriptBlueprint '/Game/FirstPersonCPP/Maps/FirstPersonExampleMap.FirstPersonExampleMap:PersistentLevel.FirstPersonExampleMap' with GeneratedClass '/Game/FirstPersonCPP/Maps/FirstPersonExampleMap.FirstPersonExampleMap_C' with ClassGeneratedBy '/Game/FirstPersonCPP/Maps/FirstPersonExampleMap.FirstPersonExampleMap:PersistentLevel.FirstPersonExampleMap'
[2016.01.25-20.47.29:091][218]LogPlayLevel: PlayLevel: No blueprints needed recompiling
[2016.01.25-20.47.29:091][218]PIE: New page: PIE session: FirstPersonExampleMap (Jan 25, 2016, 10:47:29 AM)
[2016.01.25-20.47.29:092][218]LogPlayLevel: Creating play world package: /Game/FirstPersonCPP/Maps/UEDPIE_0_FirstPersonExampleMap
[2016.01.25-20.47.29:154][218]LogPlayLevel: PIE: StaticDuplicateObject took: (0.060963s)
[2016.01.25-20.47.29:155][218]LogAIModule: Creating AISystem for world FirstPersonExampleMap
[2016.01.25-20.47.29:156][218]LogPlayLevel: PIE: World Init took: (0.001190s)
[2016.01.25-20.47.29:156][218]LogPlayLevel: PIE: Created PIE world by copying editor world from /Game/FirstPersonCPP/Maps/FirstPersonExampleMap.FirstPersonExampleMap to /Game/FirstPersonCPP/Maps/UEDPIE_0_FirstPersonExampleMap.FirstPersonExampleMap (0.063982s)
[2016.01.25-20.47.29:157][218]LogActorComponent: UnregisterComponent: (/Engine/Transient.ProjectileComp) Not registered. Aborting.
[2016.01.25-20.47.29:157][218]LogActorComponent: UnregisterComponent: (/Engine/Transient.CharMoveComp) Not registered. Aborting.
[2016.01.25-20.47.29:193][218]LogInit: XAudio2 using 'Haut-parleurs (USB PnP Sound Device)' : 2 channels at 44.1 kHz using 16 bits per sample (channel mask 0x3)
[2016.01.25-20.47.29:197][218]LogInit: FAudioDevice initialized.
[2016.01.25-20.47.29:233][218]LogWorld: Game class is 'LostAgeGameMode'
[2016.01.25-20.47.29:239][218]LogWorld: Bringing World /Game/FirstPersonCPP/Maps/UEDPIE_0_FirstPersonExampleMap.FirstPersonExampleMap up for play (max tick rate 0) at 2016.01.25-15.47.29
[2016.01.25-20.47.29:239][218]LogActor:Warning: GameSession /Game/FirstPersonCPP/Maps/UEDPIE_0_FirstPersonExampleMap.FirstPersonExampleMap:PersistentLevel.GameSession_2 has natively added scene component(s), but none of them were set as the actor's RootComponent - picking one arbitrarily
[2016.01.25-20.47.29:240][218]LogActor:Warning: GameNetworkManager /Game/FirstPersonCPP/Maps/UEDPIE_0_FirstPersonExampleMap.FirstPersonExampleMap:PersistentLevel.GameNetworkManager_2 has natively added scene component(s), but none of them were set as the actor's RootComponent - picking one arbitrarily
[2016.01.25-20.47.29:241][218]LogWorld: Bringing up level for play took: 0.006463
[2016.01.25-20.47.29:242][218]PIE: Info Play in editor start time for /Game/FirstPersonCPP/Maps/UEDPIE_0_FirstPersonExampleMap -0.332
[2016.01.25-20.47.29:242][218]LogBlueprintUserMessages: Late PlayInEditor Detection: Level '/Game/FirstPersonCPP/Maps/FirstPersonExampleMap.FirstPersonExampleMap:PersistentLevel' has LevelScriptBlueprint '/Game/FirstPersonCPP/Maps/FirstPersonExampleMap.FirstPersonExampleMap:PersistentLevel.FirstPersonExampleMap' with GeneratedClass '/Game/FirstPersonCPP/Maps/FirstPersonExampleMap.FirstPersonExampleMap_C' with ClassGeneratedBy '/Game/FirstPersonCPP/Maps/FirstPersonExampleMap.FirstPersonExampleMap:PersistentLevel.FirstPersonExampleMap'
[2016.01.25-20.48.04:358][295]LogBlueprintUserMessages: Early EndPlayMap Detection: Level '/Game/FirstPersonCPP/Maps/FirstPersonExampleMap.FirstPersonExampleMap:PersistentLevel' has LevelScriptBlueprint '/Game/FirstPersonCPP/Maps/FirstPersonExampleMap.FirstPersonExampleMap:PersistentLevel.FirstPersonExampleMap' with GeneratedClass '/Game/FirstPersonCPP/Maps/FirstPersonExampleMap.FirstPersonExampleMap_C' with ClassGeneratedBy '/Game/FirstPersonCPP/Maps/FirstPersonExampleMap.FirstPersonExampleMap:PersistentLevel.FirstPersonExampleMap'
[2016.01.25-20.48.04:463][295]LogBlueprintUserMessages: Late EndPlayMap Detection: Level '/Game/FirstPersonCPP/Maps/FirstPersonExampleMap.FirstPersonExampleMap:PersistentLevel' has LevelScriptBlueprint '/Game/FirstPersonCPP/Maps/FirstPersonExampleMap.FirstPersonExampleMap:PersistentLevel.FirstPersonExampleMap' with GeneratedClass '/Game/FirstPersonCPP/Maps/FirstPersonExampleMap.FirstPersonExampleMap_C' with ClassGeneratedBy '/Game/FirstPersonCPP/Maps/FirstPersonExampleMap.FirstPersonExampleMap:PersistentLevel.FirstPersonExampleMap'
[2016.01.25-20.48.04:486][295]LogParticles: Destroying 0 GPU particle simulations for FXSystem 0x000000005B02ECA0
[2016.01.25-20.51.04:886][833]LogEditorViewport: Clicking on Actor (LMB): StaticMeshActor (BigWall2)
[2016.01.25-20.51.10:020][384]LogBlueprintUserMessages: Early PlayInEditor Detection: Level '/Game/FirstPersonCPP/Maps/FirstPersonExampleMap.FirstPersonExampleMap:PersistentLevel' has LevelScriptBlueprint '/Game/FirstPersonCPP/Maps/FirstPersonExampleMap.FirstPersonExampleMap:PersistentLevel.FirstPersonExampleMap' with GeneratedClass '/Game/FirstPersonCPP/Maps/FirstPersonExampleMap.FirstPersonExampleMap_C' with ClassGeneratedBy '/Game/FirstPersonCPP/Maps/FirstPersonExampleMap.FirstPersonExampleMap:PersistentLevel.FirstPersonExampleMap'
[2016.01.25-20.51.10:021][384]LogPlayLevel: PlayLevel: No blueprints needed recompiling
[2016.01.25-20.51.10:021][384]PIE: New page: PIE session: FirstPersonExampleMap (Jan 25, 2016, 10:51:10 AM)
[2016.01.25-20.51.10:022][384]LogPlayLevel: Creating play world package: /Game/FirstPersonCPP/Maps/UEDPIE_0_FirstPersonExampleMap
[2016.01.25-20.51.10:046][384]LogPlayLevel: PIE: StaticDuplicateObject took: (0.023922s)
[2016.01.25-20.51.10:048][384]LogAIModule: Creating AISystem for world FirstPersonExampleMap
[2016.01.25-20.51.10:049][384]LogPlayLevel: PIE: World Init took: (0.001667s)
[2016.01.25-20.51.10:049][384]LogPlayLevel: PIE: Created PIE world by copying editor world from /Game/FirstPersonCPP/Maps/FirstPersonExampleMap.FirstPersonExampleMap to /Game/FirstPersonCPP/Maps/UEDPIE_0_FirstPersonExampleMap.FirstPersonExampleMap (0.027296s)
[2016.01.25-20.51.10:049][384]LogActorComponent: UnregisterComponent: (/Engine/Transient.ProjectileComp) Not registered. Aborting.
[2016.01.25-20.51.10:050][384]LogActorComponent: UnregisterComponent: (/Engine/Transient.CharMoveComp) Not registered. Aborting.
[2016.01.25-20.51.10:096][384]LogInit: XAudio2 using 'Haut-parleurs (USB PnP Sound Device)' : 2 channels at 44.1 kHz using 16 bits per sample (channel mask 0x3)
[2016.01.25-20.51.10:101][384]LogInit: FAudioDevice initialized.
[2016.01.25-20.51.10:135][384]LogWorld: Game class is 'LostAgeGameMode'
[2016.01.25-20.51.10:141][384]LogWorld: Bringing World /Game/FirstPersonCPP/Maps/UEDPIE_0_FirstPersonExampleMap.FirstPersonExampleMap up for play (max tick rate 0) at 2016.01.25-15.51.10
[2016.01.25-20.51.10:141][384]LogActor:Warning: GameSession /Game/FirstPersonCPP/Maps/UEDPIE_0_FirstPersonExampleMap.FirstPersonExampleMap:PersistentLevel.GameSession_3 has natively added scene component(s), but none of them were set as the actor's RootComponent - picking one arbitrarily
[2016.01.25-20.51.10:142][384]LogActor:Warning: GameNetworkManager /Game/FirstPersonCPP/Maps/UEDPIE_0_FirstPersonExampleMap.FirstPersonExampleMap:PersistentLevel.GameNetworkManager_3 has natively added scene component(s), but none of them were set as the actor's RootComponent - picking one arbitrarily
[2016.01.25-20.51.10:142][384]LogWorld: Bringing up level for play took: 0.006437
[2016.01.25-20.51.10:144][384]PIE: Info Play in editor start time for /Game/FirstPersonCPP/Maps/UEDPIE_0_FirstPersonExampleMap 0.565
[2016.01.25-20.51.10:145][384]LogBlueprintUserMessages: Late PlayInEditor Detection: Level '/Game/FirstPersonCPP/Maps/FirstPersonExampleMap.FirstPersonExampleMap:PersistentLevel' has LevelScriptBlueprint '/Game/FirstPersonCPP/Maps/FirstPersonExampleMap.FirstPersonExampleMap:PersistentLevel.FirstPersonExampleMap' with GeneratedClass '/Game/FirstPersonCPP/Maps/FirstPersonExampleMap.FirstPersonExampleMap_C' with ClassGeneratedBy '/Game/FirstPersonCPP/Maps/FirstPersonExampleMap.FirstPersonExampleMap:PersistentLevel.FirstPersonExampleMap'
[2016.01.25-20.52.35:660][  5]LogBlueprintUserMessages: Early EndPlayMap Detection: Level '/Game/FirstPersonCPP/Maps/FirstPersonExampleMap.FirstPersonExampleMap:PersistentLevel' has LevelScriptBlueprint '/Game/FirstPersonCPP/Maps/FirstPersonExampleMap.FirstPersonExampleMap:PersistentLevel.FirstPersonExampleMap' with GeneratedClass '/Game/FirstPersonCPP/Maps/FirstPersonExampleMap.FirstPersonExampleMap_C' with ClassGeneratedBy '/Game/FirstPersonCPP/Maps/FirstPersonExampleMap.FirstPersonExampleMap:PersistentLevel.FirstPersonExampleMap'
[2016.01.25-20.52.35:723][  5]LogBlueprintUserMessages: Late EndPlayMap Detection: Level '/Game/FirstPersonCPP/Maps/FirstPersonExampleMap.FirstPersonExampleMap:PersistentLevel' has LevelScriptBlueprint '/Game/FirstPersonCPP/Maps/FirstPersonExampleMap.FirstPersonExampleMap:PersistentLevel.FirstPersonExampleMap' with GeneratedClass '/Game/FirstPersonCPP/Maps/FirstPersonExampleMap.FirstPersonExampleMap_C' with ClassGeneratedBy '/Game/FirstPersonCPP/Maps/FirstPersonExampleMap.FirstPersonExampleMap:PersistentLevel.FirstPersonExampleMap'
[2016.01.25-20.52.35:746][  5]LogParticles: Destroying 0 GPU particle