[2016.01.27-03.37.02:760][  0]Log file open, 01/26/16 22:37:02
[2016.01.27-03.37.02:760][  0]LogInit:Display: Running engine for game: LostAge
[2016.01.27-03.37.02:760][  0]LogInit:Display: RandInit(-885202612) SRandInit(-885202612).
[2016.01.27-03.37.02:760][  0]LogTaskGraph: Started task graph with 4 named threads and 7 total threads.
[2016.01.27-03.37.02:761][  0]LogStats: Stats thread started at 0.156478
[2016.01.27-03.37.02:761][  0]LogInit: Version: 4.9.2-2707645+++depot+UE4-Releases+4.9
[2016.01.27-03.37.02:761][  0]LogInit: API Version: 2672455
[2016.01.27-03.37.02:761][  0]LogInit: Compiled (64-bit): Sep 28 2015 10:25:44
[2016.01.27-03.37.02:762][  0]LogInit: Compiled with Visual C++: 18.00.21005.01
[2016.01.27-03.37.02:762][  0]LogInit: Build Configuration: Development
[2016.01.27-03.37.02:762][  0]LogInit: Branch Name: ++depot+UE4-Releases+4.9
[2016.01.27-03.37.02:762][  0]LogInit: Command line: 
[2016.01.27-03.37.02:763][  0]LogInit: Base directory: C:/Program Files/Epic Games/4.9/Engine/Binaries/Win64/
[2016.01.27-03.37.02:763][  0]LogInit: Rocket: 1
[2016.01.27-03.37.02:819][  0]LogInit: Using libcurl 7.41.0
[2016.01.27-03.37.02:819][  0]LogInit:  - built for x86_64-pc-win32
[2016.01.27-03.37.02:820][  0]LogInit:  - supports SSL with WinSSL
[2016.01.27-03.37.02:820][  0]LogInit:  - other features:
[2016.01.27-03.37.02:820][  0]LogInit:      CURL_VERSION_SSL
[2016.01.27-03.37.02:821][  0]LogInit:      CURL_VERSION_IPV6
[2016.01.27-03.37.02:821][  0]LogInit:      CURL_VERSION_ASYNCHDNS
[2016.01.27-03.37.02:821][  0]LogInit:      CURL_VERSION_LARGEFILE
[2016.01.27-03.37.02:821][  0]LogInit:      CURL_VERSION_IDN
[2016.01.27-03.37.02:822][  0]LogInit:  CurlRequestOptions (configurable via config and command line):
[2016.01.27-03.37.02:822][  0]LogInit:  - bVerifyPeer = true  - Libcurl will verify peer certificate
[2016.01.27-03.37.02:822][  0]LogInit:  - bUseHttpProxy = false  - Libcurl will NOT use HTTP proxy
[2016.01.27-03.37.02:822][  0]LogInit:  - bDontReuseConnections = false  - Libcurl will reuse connections
[2016.01.27-03.37.02:822][  0]LogInit:  - CertBundlePath = nullptr  - Libcurl will use whatever was configured at build time.
[2016.01.27-03.37.02:882][  0]LogInit: WinSock: version 1.1 (2.2), MaxSocks=32767, MaxUdp=65467
[2016.01.27-03.37.02:897][  0]LogVoice:Warning: Failed to initialize voice interface
[2016.01.27-03.37.02:904][  0]LogInit: Presizing for 0 objects not considered by GC, pre-allocating 0 bytes.
[2016.01.27-03.37.02:917][  0]LogInit: Object subsystem initialized
[2016.01.27-03.37.02:920][  0]LogInit: Selected Device Profile: [Windows]
[2016.01.27-03.37.02:920][  0]LogInit: Applying CVar settings loaded from the selected device profile: [Windows]
[2016.01.27-03.37.02:928][  0]LogInit: Computer: FREDERIC-PC
[2016.01.27-03.37.02:928][  0]LogInit: User: frederic
[2016.01.27-03.37.02:928][  0]LogInit: CPU Page size=4096, Cores=4
[2016.01.27-03.37.02:929][  0]LogInit: High frequency timer resolution =3.331220 MHz
[2016.01.27-03.37.02:929][  0]LogMemory: Memory total: Physical=15.9GB (16GB approx)
[2016.01.27-03.37.02:929][  0]LogMemory: Platform Memory Stats for Windows
[2016.01.27-03.37.02:929][  0]LogMemory: Process Physical Memory: 54.77 MB used, 54.77 MB peak
[2016.01.27-03.37.02:930][  0]LogMemory: Process Virtual Memory: 55.73 MB used, 55.73 MB peak
[2016.01.27-03.37.02:930][  0]LogMemory: Physical Memory: 5453.41 MB used, 16288.39 MB total
[2016.01.27-03.37.02:930][  0]LogMemory: Virtual Memory: 337.63 MB used, 8388608.00 MB total
[2016.01.27-03.37.03:015][  0]LogTextLocalizationManager: No translations for ('fr-CA') exist, falling back to 'en' for localization and internationalization data.
[2016.01.27-03.37.03:850][  0]LogD3D11RHI: Found D3D11 adapter 0: NVIDIA GeForce GTX 970 (Feature Level 11_0)
[2016.01.27-03.37.03:850][  0]LogD3D11RHI: Adapter has 4008MB of dedicated video memory, 0MB of dedicated system memory, and 7888MB of shared system memory, 1 output[s]
[2016.01.27-03.37.03:862][  0]LogD3D11RHI: Found D3D11 adapter 1: Intel(R) HD Graphics 3000 (Feature Level 10_0)
[2016.01.27-03.37.03:862][  0]LogD3D11RHI: Adapter has 64MB of dedicated video memory, 0MB of dedicated system memory, and 1632MB of shared system memory, 0 output[s]
[2016.01.27-03.37.03:863][  0]LogD3D11RHI: Chosen D3D11 Adapter Id = 0
[2016.01.27-03.37.03:867][  0]LogD3D11RHI: !Direct3DDevice
[2016.01.27-03.37.03:868][  0]LogRHI: Texture pool is 1361 MB (70% of 1945 MB)
[2016.01.27-03.37.03:926][  0]LogD3D11RHI: Async texture creation enabled
[2016.01.27-03.37.03:941][  0]LogShaderCompilers: Guid format shader working directory is 15 characters bigger than the processId version (../../../../../../Users/frederic/Documents/Unreal Projects/LostAge/Intermediate/Shaders/WorkingDirectory/7840/).
[2016.01.27-03.37.03:942][  0]LogShaderCompilers: Cleaned the shader compiler working directory '../../../../../../Users/frederic/Documents/Unreal Projects/LostAge/Intermediate/Shaders/tmp/4AD539F84523D350934F1A9443EC8538/'.
[2016.01.27-03.37.03:942][  0]LogShaderCompilers:Display: Using Local Shader Compiler.
[2016.01.27-03.37.05:111][  0]LogTemp:Display: Loaded TP AllDesktopTargetPlatform
[2016.01.27-03.37.05:128][  0]LogTemp:Display: Loaded TP WindowsClientTargetPlatform
[2016.01.27-03.37.05:144][  0]LogTemp:Display: Loaded TP WindowsNoEditorTargetPlatform
[2016.01.27-03.37.05:161][  0]LogTemp:Display: Loaded TP WindowsServerTargetPlatform
[2016.01.27-03.37.05:177][  0]LogTemp:Display: Loaded TP WindowsTargetPlatform
[2016.01.27-03.37.05:186][  0]LogTemp:Display: Loaded TP AndroidTargetPlatform
[2016.01.27-03.37.05:195][  0]LogTemp:Display: Loaded TP Android_ASTCTargetPlatform
[2016.01.27-03.37.05:203][  0]LogTemp:Display: Loaded TP Android_ATCTargetPlatform
[2016.01.27-03.37.05:212][  0]LogTemp:Display: Loaded TP Android_DXTTargetPlatform
[2016.01.27-03.37.05:221][  0]LogTemp:Display: Loaded TP Android_ETC1TargetPlatform
[2016.01.27-03.37.05:228][  0]LogTemp:Display: Loaded TP Android_ETC2TargetPlatform
[2016.01.27-03.37.05:236][  0]LogTemp:Display: Loaded TP Android_PVRTCTargetPlatform
[2016.01.27-03.37.05:240][  0]LogTemp:Display: Loaded TP HTML5TargetPlatform
[2016.01.27-03.37.05:275][  0]LogTemp:Display: Loaded TP IOSTargetPlatform
[2016.01.27-03.37.05:283][  0]LogTemp:Display: Loaded TP LinuxNoEditorTargetPlatform
[2016.01.27-03.37.05:290][  0]LogTemp:Display: Loaded TP LinuxServerTargetPlatform
[2016.01.27-03.37.05:298][  0]LogTemp:Display: Loaded TP LinuxTargetPlatform
[2016.01.27-03.37.05:299][  0]LogTargetPlatformManager:Display: Building Assets For Windows
[2016.01.27-03.37.05:520][  0]LogDerivedDataCache:Display: Max Cache Size: 512 MB
[2016.01.27-03.37.05:568][  0]LogDerivedDataCache: Loaded boot cache 0.05s 43MB C:/Users/frederic/AppData/Local/UnrealEngine/4.9/DerivedDataCache/Boot.ddc.
[2016.01.27-03.37.05:569][  0]LogDerivedDataCache:Display: Loaded Boot cache: C:/Users/frederic/AppData/Local/UnrealEngine/4.9/DerivedDataCache/Boot.ddc
[2016.01.27-03.37.05:569][  0]LogDerivedDataCache: FDerivedDataBackendGraph:  Pak pak cache file ../../../../../../Users/frederic/Documents/Unreal Projects/LostAge/DerivedDataCache/DDC.ddp not found, will not use a pak cache.
[2016.01.27-03.37.05:569][  0]LogDerivedDataCache: Unable to find inner node Pak for hierarchical cache Hierarchy.
[2016.01.27-03.37.05:569][  0]LogDerivedDataCache: FDerivedDataBackendGraph:  CompressedPak pak cache file ../../../../../../Users/frederic/Documents/Unreal Projects/LostAge/DerivedDataCache/Compressed.ddp not found, will not use a pak cache.
[2016.01.27-03.37.05:570][  0]LogDerivedDataCache: Unable to find inner node CompressedPak for hierarchical cache Hierarchy.
[2016.01.27-03.37.05:730][  0]LogDerivedDataCache:Display: Pak cache opened for reading ../../../Engine/DerivedDataCache/Compressed.ddp.
[2016.01.27-03.37.05:743][  0]LogDerivedDataCache: Using Local data cache path C:/Users/frederic/AppData/Local/UnrealEngine/Common/DerivedDataCache: Writable
[2016.01.27-03.37.05:943][  0]LogInit: Selected Device Profile: [Windows]
[2016.01.27-03.37.05:944][  0]LogContentStreaming: Texture pool size is 0.000000MB
[2016.01.27-03.37.05:982][  0]LogMeshUtilities: No automatic mesh reduction module available
[2016.01.27-03.37.05:983][  0]LogMeshUtilities: No automatic mesh merging module available
[2016.01.27-03.37.07:412][  0]UdpMessaging: Initializing bridge on interface 0.0.0.0:0 to multicast group 230.0.0.1:6666.
[2016.01.27-03.37.07:777][  0]LogAssetRegistry: FAssetRegistry took 0.0103 seconds to start up
[2016.01.27-03.37.08:104][  0]SourceControl: Info Source control is disabled
[2016.01.27-03.37.08:106][  0]SourceControl: Info Source control is disabled
[2016.01.27-03.37.08:138][  0]SourceControl: Info Source control is disabled
[2016.01.27-03.37.08:161][  0]SourceControl: Info Source control is disabled
[2016.01.27-03.37.08:351][  0]LogLinker:Warning: Asset '../../../Engine/Plugins/Runtime/LeapMotionController/Content/LM_PassthroughMaterial.uasset' has been saved with empty engine version. The asset will be loaded but may be incompatible.
[2016.01.27-03.37.08:458][  0]LogObj: 31792 objects as part of root set at end of initial load.
[2016.01.27-03.37.08:459][  0]LogUObjectAllocator: 7252928 out of 0 bytes used by permanent object pool.
[2016.01.27-03.37.08:548][  0]LogEngine: Initializing Engine...
[2016.01.27-03.37.08:551][  0]LogHMD: Can't find Oculus library dev build: is proper Runtime installed? Version: 0.7.0.0
[2016.01.27-03.37.08:553][  0]LogHMD: SteamVR failed to initialize.  Err: 110
[2016.01.27-03.37.08:696][  0]LogAIModule: Creating AISystem for world NewWorld
[2016.01.27-03.37.08:716][  0]LogInit: XAudio2 using 'Haut-parleurs (USB PnP Sound Device)' : 2 channels at 44.1 kHz using 16 bits per sample (channel mask 0x3)
[2016.01.27-03.37.08:735][  0]LogInit: FAudioDevice initialized.
[2016.01.27-03.37.08:758][  0]LogDerivedDataCache: Saved boot cache 0.02s 43MB C:/Users/frederic/AppData/Local/UnrealEngine/4.9/DerivedDataCache/Boot.ddc.
[2016.01.27-03.37.08:765][  0]LogInit: Texture streaming: Enabled
[2016.01.27-03.37.08:783][  0]LogAnalytics: Creating configured Analytics provider AnalyticsET
[2016.01.27-03.37.08:783][  0]LogAnalytics: [UEEditor.Rocket.Release] APIServer = http://et2.epicgames.com/ET2/. AppVersion = 4.9.2-2707645+++depot+UE4-Releases+4.9
[2016.01.27-03.37.08:784][  0]LogAnalytics: [UEEditor.Rocket.Release] SetUserId c8da8d664a36a98701fe659c10ae4ff8|70626fa7f476448fb82ad9618fbbb1ab|00e7fb16-00c3-4af4-a2a1-2cc8013aae38
[2016.01.27-03.37.08:784][  0]LogAnalytics: [UEEditor.Rocket.Release] AnalyticsET::StartSession
[2016.01.27-03.37.08:801][  0]LogInit: Transaction tracking system initialized
[2016.01.27-03.37.08:908][  0]BlueprintLog: New page: Editor Load
[2016.01.27-03.37.09:312][  0]LocalizationService: Info Localization service is disabled
[2016.01.27-03.37.09:474][  0]LogLinker:Warning: Can't find file '/Game/ThirdPersonCPP/ThirdPersonOverview'
[2016.01.27-03.37.09:475][  0]LogLinker:Warning: Can't find file '/Game/ThirdPersonCPP/ThirdPersonOverview'
[2016.01.27-03.37.09:476][  0]LogUObjectGlobals:Warning: Failed to find object 'Class /Game/ThirdPersonCPP/ThirdPersonOverview.ThirdPersonOverview_C'
[2016.01.27-03.37.09:505][  0]LogConsoleResponse:Display: 
[2016.01.27-03.37.09:657][  0]LogCook:Display: Done creating registry. It took  0.00s.
[2016.01.27-03.37.09:841][  0]LogFileCache: Scanning file cache for directory 'C:/Users/frederic/Documents/Unreal Projects/LostAge/Content/' took 0.01s
[2016.01.27-03.37.09:841][  0]SourceControl: Info Source control is disabled
[2016.01.27-03.37.09:842][  0]Cmd: MAP LOAD FILE="../../../../../../Users/frederic/Documents/Unreal Projects/LostAge/Content/FirstPersonCPP/Maps/MainMenu.umap" TEMPLATE=0 SHOWPROGRESS=1 FEATURELEVEL=3
[2016.01.27-03.37.09:843][  0]LightingResults: New page: Lighting Build
[2016.01.27-03.37.09:848][  0]MapCheck: New page: Map Check
[2016.01.27-03.37.09:849][  0]LightingResults: New page: Lighting Build
[2016.01.27-03.37.09:862][  0]LogParticles: Destroying 0 GPU particle simulations for FXSystem 0x00000000231C2160
[2016.01.27-03.37.09:869][  0]LogAIModule: Creating AISystem for world MainMenu
[2016.01.27-03.37.09:871][  0]LogEditorServer: Finished looking for orphan Actors (0.000 secs)
[2016.01.27-03.37.09:872][  0]Cmd: MAP CHECKDEP NOCLEARLOG
[2016.01.27-03.37.09:919][  0]MapCheck: Info Map check complete: 0 Error(s), 0 Warning(s), took 45.78ms to complete.
[2016.01.27-03.37.09:919][  0]LogFileHelpers: Loading map 'MainMenu' took 0.077
[2016.01.27-03.37.10:043][  0]LogCollectionManager: Loaded 0 collections in 0.002096 seconds
[2016.01.27-03.37.10:088][  0]LogFileCache: Scanning file cache for directory 'C:/Users/frederic/Documents/Unreal Projects/LostAge/Saved/Collections/' took 0.01s
[2016.01.27-03.37.10:089][  0]LogFileCache: Scanning file cache for directory 'C:/Users/frederic/Documents/Unreal Projects/LostAge/Content/Developers/frederic/Collections/' took 0.01s
[2016.01.27-03.37.10:089][  0]LogFileCache: Scanning file cache for directory 'C:/Users/frederic/Documents/Unreal Projects/LostAge/Content/Collections/' took 0.01s
[2016.01.27-03.37.10:089][  0]LogContentBrowser: Native class hierarchy populated in 0.0086 seconds. Added 1875 classes and 335 folders.
[2016.01.27-03.37.10:098][  0]LogCollectionManager: Rebuilt the GUID cache for 0 collections in 0.000002 seconds
[2016.01.27-03.37.10:114][  0]LogContentBrowser: Native class hierarchy updated for 'WidgetCarousel' in 0.0031 seconds. Added 0 classes and 0 folders.
[2016.01.27-03.37.10:182][  0]LogContentBrowser: Native class hierarchy updated for 'AddContentDialog' in 0.0028 seconds. Added 0 classes and 0 folders.
[2016.01.27-03.37.10:201][  0]LogContentBrowser: Native class hierarchy updated for 'SceneOutliner' in 0.0018 seconds. Added 1 classes and 2 folders.
[2016.01.27-03.37.10:235][  0]LogCrashTracker: Crashtracker disabled due to settings.
[2016.01.27-03.37.10:239][  0]LogUObjectGlobals:Warning: Failed to find object 'Class None.'
[2016.01.27-03.37.10:261][  0]LogLoad: Full Startup: 8.50 seconds (BP compile: 0.04 seconds)
[2016.01.27-03.37.10:354][  0]LogContentStreaming: Texture pool size now 1000 MB
[2016.01.27-03.37.10:500][  0]LogRenderer: Reallocating scene render targets to support 1208x556 (Frame:2).
[2016.01.27-03.37.10:690][  3]LogAssetRegistry: Asset discovery search completed in 2.9222 seconds
[2016.01.27-03.37.10:690][  3]LogCollectionManager: Rebuilt the object cache for 0 collections in 0.000001 seconds (found 0 objects)
[2016.01.27-03.37.10:691][  3]LogCollectionManager: Fixed up redirectors for 0 collections in 0.000330 seconds (updated 0 objects)
[2016.01.27-03.37.17:181][764]LogLinker:Warning: Asset '../../../Engine/Content/ArtTools/RenderToTexture/Macros/RenderToTextureMacros.uasset' has been saved with empty engine version. The asset will be loaded but may be incompatible.
[2016.01.27-03.37.17:739][764]LogContentBrowser: Native class hierarchy updated for 'BlueprintGraph' in 0.0025 seconds. Added 107 classes and 0 folders.
[2016.01.27-03.37.18:211][764]LogActor:Warning: GameNetworkManager /Engine/Transient.World_2:PersistentLevel.GameNetworkManager_0 has natively added scene component(s), but none of them were set as the actor's RootComponent - picking one arbitrarily
[2016.01.27-03.38.15:728][444]LogActorComponent: UnregisterComponent: (/Engine/Transient.CharMoveComp) Not registered. Aborting.
[2016.01.27-03.38.15:749][444]LogParticles: Destroying 0 GPU particle simulations for FXSystem 0x0000000010A3F380
[2016.01.27-03.38.16:119][445]Cmd: QUIT_EDITOR
[2016.01.27-03.38.16:455][445]LogExit: Preparing to exit.
[2016.01.27-03.38.17:467][445]LogActorComponent: UnregisterComponent: (None.None) Not registered. Aborting.
[2016.01.27-03.38.17:467][445]LogActorComponent: UnregisterComponent: (None.None) Not registered. Aborting.
[2016.01.27-03.38.17:468][445]LogActorComponent: UnregisterComponent: (None.None) Not registered. Aborting.
[2016.01.27-03.38.17:468][445]LogActorComponent: UnregisterComponent: (None.None) Not registered. Aborting.
[2016.01.27-03.38.17:468][445]LogActorComponent: UnregisterComponent: (None.None) Not registered. Aborting.
[2016.01.27-03.38.17:468][445]LogActorComponent: UnregisterComponent: (None.None) Not registered. Aborting.
[2016.01.27-03.38.17:469][445]LogActorComponent: UnregisterComponent: (None.None) Not registered. Aborting.
[2016.01.27-03.38.17:469][445]LogActorComponent: UnregisterComponent: (None.None) Not registered. Aborting.
[2016.01.27-03.38.17:469][445]LogActorComponent: UnregisterComponent: (None.None) Not registered. Aborting.
[2016.01.27-03.38.17:470][445]LogActorComponent: UnregisterComponent: (None.None) Not registered. Aborting.
[2016.01.27-03.38.17:470][445]LogActorComponent: UnregisterComponent: (None.None) Not registered. Aborting.
[2016.01.27-03.38.17:470][445]LogActorComponent: UnregisterComponent: (None.None) Not registered. Aborting.
[2016.01.27-03.38.17:497][445]LogParticles: Destroying 0 GPU particle simulations for FXSystem 0x0000000010FF8720
[2016.01.27-03.38.17:497][445]LogParticles: Destroying 0 GPU particle simulations for FXSystem 0x0000000010F37880
[2016.01.27-03.38.17:499][445]LogExit: Editor shut down
[2016.01.27-03.38.17:500][445]LogExit: Transaction tracking system shut down
[2016.01.27-03.38.17:502][445]LogParticles: Destroying 0 GPU particle simulations for FXSystem 0x000000001259B240
[2016.01.27-03.38.17:649][445]LogExit: Object subsystem successfully closed.
[2016.01.27-03.38.17:666][445]LogD3D11RHI: Shutdown
[2016.01.27-03.38.17:667][445]LogD3D11RHI: CleanupD3DDevice
[2016.01.27-03.38.17:882][445]LogD3D11RHI: ~FD3D11DynamicRHI
[2016.01.27-03.38.17:900][445]LogModuleManager: Shutting down and abandoning module BlueprintGraph (201)
[2016.01.27-03.38.17:901][445]LogModuleManager: Shutting down and abandoning module CrashTracker (200)
[2016.01.27-03.38.17:901][445]LogModuleManager: Shutting down and abandoning module SceneOutliner (199)
[2016.01.27-03.38.17:901][445]LogModuleManager: Shutting down and abandoning module SuperSearch (198)
[2016.01.27-03.38.17:902][445]LogModuleManager: Shutting down and abandoning module WidgetCarousel (197)
[2016.01.27-03.38.17:902][445]LogModuleManager: Shutting down and abandoning module AddContentDialog (196)
[2016.01.27-03.38.17:903][445]LogModuleManager: Shutting down and abandoning module EditorWidgets (195)
[2016.01.27-03.38.17:904][445]LogModuleManager: Shutting down and abandoning module CollectionManager (194)
[2016.01.27-03.38.17:904][445]LogModuleManager: Shutting down and abandoning module StatsViewer (193)
[2016.01.27-03.38.17:904][445]LogModuleManager: Shutting down and abandoning module FoliageEdit (192)
[2016.01.27-03.38.17:905][445]LogModuleManager: Shutting down and abandoning module LandscapeEditor (191)
[2016.01.27-03.38.17:905][445]LogModuleManager: Shutting down and abandoning module ActorPickerMode (190)
[2016.01.27-03.38.17:905][445]LogModuleManager: Shutting down and abandoning module GeometryMode (189)
[2016.01.27-03.38.17:905][445]LogModuleManager: Shutting down and abandoning module TextureAlignMode (188)
[2016.01.27-03.38.17:906][445]LogModuleManager: Shutting down and abandoning module BspMode (187)
[2016.01.27-03.38.17:906][445]LogModuleManager: Shutting down and abandoning module PlacementMode (186)
[2016.01.27-03.38.17:906][445]LogModuleManager: Shutting down and abandoning module AutomationWorker (185)
[2016.01.27-03.38.17:906][445]LogModuleManager: Shutting down and abandoning module CharacterAI (184)
[2016.01.27-03.38.17:907][445]LogModuleManager: Shutting down and abandoning module SmartSnapping (183)
[2016.01.27-03.38.17:907][445]LogModuleManager: Shutting down and abandoning module ViewportSnapping (182)
[2016.01.27-03.38.17:907][445]LogModuleManager: Shutting down and abandoning module LogVisualizer (181)
[2016.01.27-03.38.17:908][445]LogModuleManager: Shutting down and abandoning module GameProjectGeneration (180)
[2016.01.27-03.38.17:908][445]LogModuleManager: Shutting down and abandoning module IntroTutorials (179)
[2016.01.27-03.38.17:908][445]LogModuleManager: Shutting down and abandoning module EditorLiveStreaming (178)
[2016.01.27-03.38.17:909][445]LogModuleManager: Shutting down and abandoning module IOSPlatformEditor (177)
[2016.01.27-03.38.17:909][445]LogModuleManager: Shutting down and abandoning module HTML5PlatformEditor (176)
[2016.01.27-03.38.17:909][445]LogModuleManager: Shutting down and abandoning module AndroidDeviceDetection (175)
[2016.01.27-03.38.18:419][445]LogModuleManager: Shutting down and abandoning module AndroidPlatformEditor (174)
[2016.01.27-03.38.18:419][445]LogModuleManager: Shutting down and abandoning module IOSRuntimeSettings (173)
[2016.01.27-03.38.18:419][445]LogModuleManager: Shutting down and abandoning module AndroidRuntimeSettings (172)
[2016.01.27-03.38.18:420][445]LogModuleManager: Shutting down and abandoning module MergeActors (171)
[2016.01.27-03.38.18:420][445]LogModuleManager: Shutting down and abandoning module SizeMap (170)
[2016.01.27-03.38.18:420][445]LogModuleManager: Shutting down and abandoning module TreeMap (169)
[2016.01.27-03.38.18:420][445]LogModuleManager: Shutting down and abandoning module ReferenceViewer (168)
[2016.01.27-03.38.18:421][445]LogModuleManager: Shutting down and abandoning module LocalizationService (167)
[2016.01.27-03.38.18:421][445]LogModuleManager: Shutting down and abandoning module LocalizationDashboard (166)
[2016.01.27-03.38.18:421][445]LogModuleManager: Shutting down and abandoning module HardwareTargeting (165)
[2016.01.27-03.38.18:422][445]LogModuleManager: Shutting down and abandoning module DeviceProfileEditor (164)
[2016.01.27-03.38.18:422][445]LogModuleManager: Shutting down and abandoning module UndoHistory (163)
[2016.01.27-03.38.18:422][445]LogModuleManager: Shutting down and abandoning module GameplayTagsEditor (162)
[2016.01.27-03.38.18:422][445]LogModuleManager: Shutting down and abandoning module UserFeedback (161)
[2016.01.27-03.38.18:423][445]LogModuleManager: Shutting down and abandoning module XmlParser (160)
[2016.01.27-03.38.18:423][445]LogModuleManager: Shutting down and abandoning module Blutility (159)
[2016.01.27-03.38.18:423][445]LogModuleManager: Shutting down and abandoning module ProjectTargetPlatformEditor (158)
[2016.01.27-03.38.18:423][445]LogModuleManager: Shutting down and abandoning module ProjectSettingsViewer (157)
[2016.01.27-03.38.18:424][445]LogModuleManager: Shutting down and abandoning module InputBindingEditor (156)
[2016.01.27-03.38.18:424][445]LogModuleManager: Shutting down and abandoning module EditorSettingsViewer (155)
[2016.01.27-03.38.18:424][445]LogModuleManager: Shutting down and abandoning module SettingsEditor (154)
[2016.01.27-03.38.18:424][445]LogModuleManager: Shutting down and abandoning module ProjectLauncher (153)
[2016.01.27-03.38.18:425][445]LogModuleManager: Shutting down and abandoning module SessionFrontend (152)
[2016.01.27-03.38.18:425][445]LogModuleManager: Shutting down and abandoning module ProfilerClient (151)
[2016.01.27-03.38.18:425][445]LogModuleManager: Shutting down and abandoning module TargetDeviceServices (150)
[2016.01.27-03.38.18:425][445]LogModuleManager: Shutting down and abandoning module DeviceManager (149)
[2016.01.27-03.38.18:426][445]LogModuleManager: Shutting down and abandoning module AutomationController (148)
[2016.01.27-03.38.18:426][445]LogModuleManager: Shutting down and abandoning module AutomationWindow (147)
[2016.01.27-03.38.18:426][445]LogModuleManager: Shutting down and abandoning module Layers (146)
[2016.01.27-03.38.18:427][445]LogModuleManager: Shutting down and abandoning module ComponentVisualizers (145)
[2016.01.27-03.38.18:427][445]LogModuleManager: Shutting down and abandoning module DetailCustomizations (144)
[2016.01.27-03.38.18:427][445]LogModuleManager: Shutting down and abandoning module PackagesDialog (143)
[2016.01.27-03.38.18:427][445]LogModuleManager: Shutting down and abandoning module Persona (142)
[2016.01.27-03.38.18:428][445]LogModuleManager: Shutting down and abandoning module Kismet (141)
[2016.01.27-03.38.18:428][445]LogModuleManager: Shutting down and abandoning module GraphEditor (140)
[2016.01.27-03.38.18:428][445]LogModuleManager: Shutting down and abandoning module ClassViewer (139)
[2016.01.27-03.38.18:428][445]LogModuleManager: Shutting down and abandoning module Toolbox (138)
[2016.01.27-03.38.18:429][445]LogModuleManager: Shutting down and abandoning module ModuleUI (137)
[2016.01.27-03.38.18:429][445]LogModuleManager: Shutting down and abandoning module MovieSceneTools (136)
[2016.01.27-03.38.18:429][445]LogModuleManager: Shutting down and abandoning module OutputLog (135)
[2016.01.27-03.38.18:429][445]LogModuleManager: Shutting down and abandoning module GammaUI (134)
[2016.01.27-03.38.18:430][445]LogModuleManager: Shutting down and abandoning module Documentation (133)
[2016.01.27-03.38.18:430][445]LogModuleManager: Shutting down and abandoning module GameLiveStreaming (132)
[2016.01.27-03.38.18:430][445]LogModuleManager: Shutting down and abandoning module StreamingPauseRendering (131)
[2016.01.27-03.38.18:430][445]LogModuleManager: Shutting down and abandoning module AnalyticsET (130)
[2016.01.27-03.38.18:431][445]LogModuleManager: Shutting down and abandoning module Analytics (129)
[2016.01.27-03.38.18:431][445]LogModuleManager: Shutting down and abandoning module AITestSuite (128)
[2016.01.27-03.38.18:431][445]LogModuleManager: Shutting down and abandoning module GameplayDebugger (127)
[2016.01.27-03.38.18:431][445]LogModuleManager: Shutting down and abandoning module AIModule (126)
[2016.01.27-03.38.18:431][445]LogModuleManager: Shutting down and abandoning module ProfilerService (125)
[2016.01.27-03.38.18:532][445]LogModuleManager: Shutting down and abandoning module TaskGraph (124)
[2016.01.27-03.38.18:533][445]LogModuleManager: Shutting down and abandoning module SlateRemote (123)
[2016.01.27-03.38.18:533][445]LogModuleManager: Shutting down and abandoning module SteamVRController (122)
[2016.01.27-03.38.18:534][445]LogModuleManager: Shutting down and abandoning module SteamVR (121)
[2016.01.27-03.38.18:534][445]LogModuleManager: Shutting down and abandoning module ProceduralMeshComponent (120)
[2016.01.27-03.38.18:534][445]LogModuleManager: Shutting down and abandoning module OculusRift (119)
[2016.01.27-03.38.18:534][445]LogModuleManager: Shutting down and abandoning module OculusLibrary (118)
[2016.01.27-03.38.18:535][445]LogModuleManager: Shutting down and abandoning module LeapMotionController (117)
[2016.01.27-03.38.18:544][445]LogModuleManager: Shutting down and abandoning module CustomMeshComponent (116)
[2016.01.27-03.38.18:544][445]LogModuleManager: Shutting down and abandoning module CableComponent (115)
[2016.01.27-03.38.18:545][445]LogModuleManager: Shutting down and abandoning module ArchVisCharacter (114)
[2016.01.27-03.38.18:545][445]LogModuleManager: Shutting down and abandoning module MessagingDebugger (113)
[2016.01.27-03.38.18:545][445]LogModuleManager: Shutting down and abandoning module MediaPlayerEditor (112)
[2016.01.27-03.38.18:546][445]LogModuleManager: Shutting down and abandoning module HTML5Networking (111)
[2016.01.27-03.38.18:546][445]LogModuleManager: Shutting down and abandoning module SpeedTreeImporter (110)
[2016.01.27-03.38.18:546][445]LogModuleManager: Shutting down and abandoning module PluginBrowser (109)
[2016.01.27-03.38.18:546][445]LogModuleManager: Shutting down and abandoning module EpicSurvey (108)
[2016.01.27-03.38.18:547][445]LogModuleManager: Shutting down and abandoning module DesktopPlatform (107)
[2016.01.27-03.38.18:547][445]LogModuleManager: Shutting down and abandoning module VisualStudioSourceCodeAccess (106)
[2016.01.27-03.38.18:547][445]LogModuleManager: Shutting down and abandoning module UObjectPlugin (105)
[2016.01.27-03.38.18:547][445]LogModuleManager: Shutting down and abandoning module SubversionSourceControl (104)
[2016.01.27-03.38.18:548][445]LogModuleManager: Shutting down and abandoning module PerforceSourceControl (103)
[2016.01.27-03.38.18:548][445]LogModuleManager: Shutting down and abandoning module SourceControl (102)
[2016.01.27-03.38.18:548][445]LogModuleManager: Shutting down and abandoning module GitSourceControl (101)
[2016.01.27-03.38.18:548][445]LogModuleManager: Shutting down and abandoning module LightPropagationVolumeEditor (100)
[2016.01.27-03.38.18:549][445]LogModuleManager: Shutting down and abandoning module PaperTiledImporter (99)
[2016.01.27-03.38.18:549][445]LogModuleManager: Shutting down and abandoning module PaperSpriteSheetImporter (98)
[2016.01.27-03.38.18:549][445]LogModuleManager: Shutting down and abandoning module MeshPaint (97)
[2016.01.27-03.38.18:549][445]LogModuleManager: Shutting down and abandoning module SlateReflector (96)
[2016.01.27-03.38.18:550][445]LogModuleManager: Shutting down and abandoning module HotReload (95)
[2016.01.27-03.38.18:550][445]LogModuleManager: Shutting down and abandoning module MainFrame (94)
[2016.01.27-03.38.18:550][445]LogModuleManager: Shutting down and abandoning module LevelEditor (93)
[2016.01.27-03.38.18:551][445]LogModuleManager: Shutting down and abandoning module DirectoryWatcher (92)
[2016.01.27-03.38.18:552][445]LogModuleManager: Shutting down and abandoning module AssetRegistry (91)
[2016.01.27-03.38.18:627][445]LogModuleManager: Shutting down and abandoning module ContentBrowser (90)
[2016.01.27-03.38.18:629][445]LogModuleManager: Shutting down and abandoning module Paper2DEditor (89)
[2016.01.27-03.38.18:630][445]LogModuleManager: Shutting down and abandoning module LostAge (88)
[2016.01.27-03.38.18:630][445]LogModuleManager: Shutting down and abandoning module UdpMessaging (87)
[2016.01.27-03.38.18:731][445]LogModuleManager: Shutting down and abandoning module LightPropagationVolumeRuntime (86)
[2016.01.27-03.38.18:731][445]LogModuleManager: Shutting down and abandoning module Paper2D (85)
[2016.01.27-03.38.18:732][445]LogModuleManager: Shutting down and abandoning module WindowsMoviePlayer (84)
[2016.01.27-03.38.18:734][445]LogModuleManager: Shutting down and abandoning module Media (83)
[2016.01.27-03.38.18:735][445]LogModuleManager: Shutting down and abandoning module WmfMedia (82)
[2016.01.27-03.38.18:736][445]LogModuleManager: Shutting down and abandoning module OnlineBlueprintSupport (81)
[2016.01.27-03.38.18:737][445]LogModuleManager: Shutting down and abandoning module GameplayTasksEditor (80)
[2016.01.27-03.38.18:737][445]LogModuleManager: Shutting down and abandoning module PropertyEditor (79)
[2016.01.27-03.38.18:738][445]LogModuleManager: Shutting down and abandoning module BehaviorTreeEditor (78)
[2016.01.27-03.38.18:738][445]LogModuleManager: Shutting down and abandoning module FunctionalTesting (77)
[2016.01.27-03.38.18:738][445]LogModuleManager: Shutting down and abandoning module CollisionAnalyzer (76)
[2016.01.27-03.38.18:738][445]LogModuleManager: Shutting down and abandoning module WorkspaceMenuStructure (75)
[2016.01.27-03.38.18:739][445]LogModuleManager: Shutting down and abandoning module MessageLog (74)
[2016.01.27-03.38.18:739][445]LogModuleManager: Shutting down and abandoning module Sequencer (73)
[2016.01.27-03.38.18:739][445]LogModuleManager: Shutting down and abandoning module AssetTools (72)
[2016.01.27-03.38.18:739][445]LogModuleManager: Shutting down and abandoning module UMGEditor (71)
[2016.01.27-03.38.18:740][445]LogModuleManager: Shutting down and abandoning module UMG (70)
[2016.01.27-03.38.18:740][445]LogModuleManager: Shutting down and abandoning module Slate (69)
[2016.01.27-03.38.18:740][445]LogModuleManager: Shutting down and abandoning module EditorStyle (68)
[2016.01.27-03.38.18:742][445]LogModuleManager: Shutting down and abandoning module SessionServices (67)
[2016.01.27-03.38.18:742][445]LogModuleManager: Shutting down and abandoning module SourceCodeAccess (66)
[2016.01.27-03.38.18:743][445]LogModuleManager: Shutting down and abandoning module HeadMountedDisplay (65)
[2016.01.27-03.38.18:743][445]LogModuleManager: Shutting down and abandoning module XAudio2 (64)
[2016.01.27-03.38.18:743][445]LogModuleManager: Shutting down and abandoning module Networking (63)
[2016.01.27-03.38.18:744][445]LogModuleManager: Shutting down and abandoning module Core (62)
[2016.01.27-03.38.18:744][445]LogModuleManager: Shutting down and abandoning module KismetCompiler (61)
[2016.01.27-03.38.18:744][445]LogModuleManager: Shutting down and abandoning module PhysXFormats (60)
[2016.01.27-03.38.18:744][445]LogModuleManager: Shutting down and abandoning module MeshUtilities (59)
[2016.01.27-03.38.18:745][445]LogModuleManager: Shutting down and abandoning module CookingStats (58)
[2016.01.27-03.38.18:745][445]LogModuleManager: Shutting down and abandoning module DerivedDataCache (57)
[2016.01.27-03.38.18:758][445]LogDerivedDataCache: Shutdown
[2016.01.27-03.38.18:758][445]LogModuleManager: Shutting down and abandoning module ShaderFormatOpenGL (56)
[2016.01.27-03.38.18:758][445]LogModuleManager: Shutting down and abandoning module ShaderFormatD3D (55)
[2016.01.27-03.38.18:759][445]LogModuleManager: Shutting down and abandoning module MetalShaderFormat (54)
[2016.01.27-03.38.18:759][445]LogModuleManager: Shutting down and abandoning module TextureFormatUncompressed (53)
[2016.01.27-03.38.18:759][445]LogModuleManager: Shutting down and abandoning module TextureFormatPVR (52)
[2016.01.27-03.38.18:759][445]LogModuleManager: Shutting down and abandoning module TextureFormatIntelISPCTexComp (51)
[2016.01.27-03.38.18:760][445]LogModuleManager: Shutting down and abandoning module TextureFormatDXT (50)
[2016.01.27-03.38.18:760][445]LogModuleManager: Shutting down and abandoning module ImageWrapper (49)
[2016.01.27-03.38.18:760][445]LogModuleManager: Shutting down and abandoning module TextureFormatASTC (48)
[2016.01.27-03.38.18:760][445]LogModuleManager: Shutting down and abandoning module TextureFormatAndroid (47)
[2016.01.27-03.38.18:760][445]LogModuleManager: Shutting down and abandoning module AudioFormatOpus (46)
[2016.01.27-03.38.18:761][445]LogModuleManager: Shutting down and abandoning module AudioFormatOgg (45)
[2016.01.27-03.38.18:761][445]LogModuleManager: Shutting down and abandoning module AudioFormatADPCM (44)
[2016.01.27-03.38.18:761][445]LogModuleManager: Shutting down and abandoning module LinuxTargetPlatform (43)
[2016.01.27-03.38.18:761][445]LogModuleManager: Shutting down and abandoning module LinuxServerTargetPlatform (42)
[2016.01.27-03.38.18:762][445]LogModuleManager: Shutting down and abandoning module LinuxNoEditorTargetPlatform (41)
[2016.01.27-03.38.18:762][445]LogModuleManager: Shutting down and abandoning module Messaging (40)
[2016.01.27-03.38.18:762][445]LogModuleManager: Shutting down and abandoning module IOSTargetPlatform (39)
[2016.01.27-03.38.18:762][445]LogModuleManager: Shutting down and abandoning module HTML5TargetPlatform (38)
[2016.01.27-03.38.18:763][445]LogModuleManager: Shutting down and abandoning module Android_PVRTCTargetPlatform (37)
[2016.01.27-03.38.18:763][445]LogModuleManager: Shutting down and abandoning module Android_ETC2TargetPlatform (36)
[2016.01.27-03.38.18:763][445]LogModuleManager: Shutting down and abandoning module Android_ETC1TargetPlatform (35)
[2016.01.27-03.38.18:763][445]LogModuleManager: Shutting down and abandoning module Android_DXTTargetPlatform (34)
[2016.01.27-03.38.18:764][445]LogModuleManager: Shutting down and abandoning module Android_ATCTargetPlatform (33)
[2016.01.27-03.38.18:764][445]LogModuleManager: Shutting down and abandoning module Android_ASTCTargetPlatform (32)
[2016.01.27-03.38.18:764][445]LogModuleManager: Shutting down and abandoning module AndroidTargetPlatform (31)
[2016.01.27-03.38.18:764][445]LogModuleManager: Shutting down and abandoning module WindowsTargetPlatform (30)
[2016.01.27-03.38.18:765][445]LogModuleManager: Shutting down and abandoning module WindowsServerTargetPlatform (29)
[2016.01.27-03.38.18:765][445]LogModuleManager: Shutting down and abandoning module WindowsNoEditorTargetPlatform (28)
[2016.01.27-03.38.18:765][445]LogModuleManager: Shutting down and abandoning module WindowsClientTargetPlatform (27)
[2016.01.27-03.38.18:765][445]LogModuleManager: Shutting down and abandoning module AllDesktopTargetPlatform (26)
[2016.01.27-03.38.18:766][445]LogModuleManager: Shutting down and abandoning module TargetPlatform (25)
[2016.01.27-03.38.18:766][445]LogModuleManager: Shutting down and abandoning module InputCore (24)
[2016.01.27-03.38.18:766][445]LogModuleManager: Shutting down and abandoning module Settings (23)
[2016.01.27-03.38.18:766][445]LogModuleManager: Shutting down and abandoning module Voice (21)
[2016.01.27-03.38.18:767][445]LogModuleManager: Shutting down and abandoning module OnlineSubsystem (18)
[2016.01.27-03.38.18:767][445]LogOnline:Display: NULL: FOnlineSubsystemNull::Shutdown()
[2016.01.27-03.38.18:768][445]LogOnline:Display: Unloading online subsystem: Null
[2016.01.27-03.38.18:768][445]LogModuleManager: Shutting down and abandoning module HTTP (17)
[2016.01.27-03.38.19:769][445]LogModuleManager: Shutting down and abandoning module XMPP (16)
[2016.01.27-03.38.19:770][445]LogModuleManager: Shutting down and abandoning module ExampleDeviceProfileSelector (15)
[2016.01.27-03.38.19:770][445]LogModuleManager: Shutting down and abandoning module TextureCompressor (14)
[2016.01.27-03.38.19:771][445]LogModuleManager: Shutting down and abandoning module ShaderCore (13)
[2016.01.27-03.38.19:771][445]LogModuleManager: Shutting down and abandoning module Landscape (12)
[2016.01.27-03.38.19:772][445]LogModuleManager: Shutting down and abandoning module SlateRHIRenderer (11)
[2016.01.27-03.38.19:773][445]LogModuleManager: Shutting down and abandoning module OpenGLDrv (10)
[2016.01.27-03.38.19:774][445]LogModuleManager: Shutting down and abandoning module D3D11RHI (9)
[2016.01.27-03.38.19:774][445]LogModuleManager: Shutting down and abandoning module AnimGraphRuntime (8)
[2016.01.27-03.38.19:774][445]LogModuleManager: Shutting down and abandoning module Renderer (7)
[2016.01.27-03.38.19:775][445]LogModuleManager: Shutting down and abandoning module Engine (6)
[2016.01.27-03.38.19:775][445]LogModuleManager: Shutting down and abandoning module CoreUObject (5)
[2016.01.27-03.38.19:775][445]LogModuleManager: Shutting down and abandoning module NetworkFile (4)
[2016.01.27-03.38.19:775][445]LogModuleManager: Shutting down and abandoning module StreamingFile (3)
[2016.01.27-03.38.19:776][445]LogModuleManager: Shutting down and abandoning module SandboxFile (2)
[2016.01.27-03.38.19:776][445]LogModuleManager: Shutting down and abandoning module PakFile (1)
[2016.01.27-03.38.19:779][445]LogExit: Exiting.
[2016.01.27-03.38.19:780][445]Log file closed, 01/26/16 22:38:19
