[2016.01.26-19.25.48:159][  0]Log file open, 01/26/16 14:25:48
[2016.01.26-19.25.48:159][  0]LogInit:Display: Running engine for game: LostAge
[2016.01.26-19.25.48:159][  0]LogInit:Display: RandInit(288858509) SRandInit(288858509).
[2016.01.26-19.25.48:159][  0]LogTaskGraph: Started task graph with 4 named threads and 7 total threads.
[2016.01.26-19.25.48:159][  0]LogStats: Stats thread started at 0.074695
[2016.01.26-19.25.48:159][  0]LogInit: Version: 4.9.2-2707645+++depot+UE4-Releases+4.9
[2016.01.26-19.25.48:159][  0]LogInit: API Version: 2672455
[2016.01.26-19.25.48:159][  0]LogInit: Compiled (64-bit): Sep 28 2015 10:25:44
[2016.01.26-19.25.48:159][  0]LogInit: Compiled with Visual C++: 18.00.21005.01
[2016.01.26-19.25.48:159][  0]LogInit: Build Configuration: Development
[2016.01.26-19.25.48:159][  0]LogInit: Branch Name: ++depot+UE4-Releases+4.9
[2016.01.26-19.25.48:159][  0]LogInit: Command line:  -game
[2016.01.26-19.25.48:159][  0]LogInit: Base directory: C:/Program Files/Epic Games/4.9/Engine/Binaries/Win64/
[2016.01.26-19.25.48:159][  0]LogInit: Rocket: 1
[2016.01.26-19.25.48:174][  0]LogInit: Using libcurl 7.41.0
[2016.01.26-19.25.48:174][  0]LogInit:  - built for x86_64-pc-win32
[2016.01.26-19.25.48:174][  0]LogInit:  - supports SSL with WinSSL
[2016.01.26-19.25.48:174][  0]LogInit:  - other features:
[2016.01.26-19.25.48:174][  0]LogInit:      CURL_VERSION_SSL
[2016.01.26-19.25.48:174][  0]LogInit:      CURL_VERSION_IPV6
[2016.01.26-19.25.48:174][  0]LogInit:      CURL_VERSION_ASYNCHDNS
[2016.01.26-19.25.48:174][  0]LogInit:      CURL_VERSION_LARGEFILE
[2016.01.26-19.25.48:174][  0]LogInit:      CURL_VERSION_IDN
[2016.01.26-19.25.48:175][  0]LogInit:  CurlRequestOptions (configurable via config and command line):
[2016.01.26-19.25.48:175][  0]LogInit:  - bVerifyPeer = true  - Libcurl will verify peer certificate
[2016.01.26-19.25.48:175][  0]LogInit:  - bUseHttpProxy = false  - Libcurl will NOT use HTTP proxy
[2016.01.26-19.25.48:175][  0]LogInit:  - bDontReuseConnections = false  - Libcurl will reuse connections
[2016.01.26-19.25.48:175][  0]LogInit:  - CertBundlePath = nullptr  - Libcurl will use whatever was configured at build time.
[2016.01.26-19.25.48:192][  0]LogInit: WinSock: version 1.1 (2.2), MaxSocks=32767, MaxUdp=65467
[2016.01.26-19.25.48:197][  0]LogVoice:Warning: Failed to initialize voice interface
[2016.01.26-19.25.48:200][  0]LogInit: Presizing for 0 objects not considered by GC, pre-allocating 0 bytes.
[2016.01.26-19.25.48:208][  0]LogInit: Object subsystem initialized
[2016.01.26-19.25.48:210][  0]LogInit: Selected Device Profile: [Windows]
[2016.01.26-19.25.48:210][  0]LogInit: Applying CVar settings loaded from the selected device profile: [Windows]
[2016.01.26-19.25.48:217][  0]LogInit: Computer: FREDERIC-PC
[2016.01.26-19.25.48:217][  0]LogInit: User: frederic
[2016.01.26-19.25.48:217][  0]LogInit: CPU Page size=4096, Cores=4
[2016.01.26-19.25.48:217][  0]LogInit: High frequency timer resolution =3.331240 MHz
[2016.01.26-19.25.48:217][  0]LogMemory: Memory total: Physical=15.9GB (16GB approx)
[2016.01.26-19.25.48:217][  0]LogMemory: Platform Memory Stats for Windows
[2016.01.26-19.25.48:217][  0]LogMemory: Process Physical Memory: 55.83 MB used, 55.83 MB peak
[2016.01.26-19.25.48:217][  0]LogMemory: Process Virtual Memory: 59.56 MB used, 59.56 MB peak
[2016.01.26-19.25.48:217][  0]LogMemory: Physical Memory: 6800.13 MB used, 16288.39 MB total
[2016.01.26-19.25.48:217][  0]LogMemory: Virtual Memory: 343.57 MB used, 8388608.00 MB total
[2016.01.26-19.25.48:253][  0]LogTextLocalizationManager: No translations for ('fr-CA') exist, falling back to 'en' for localization and internationalization data.
[2016.01.26-19.25.48:930][  0]LogD3D11RHI: Found D3D11 adapter 0: NVIDIA GeForce GTX 970 (Feature Level 11_0)
[2016.01.26-19.25.48:930][  0]LogD3D11RHI: Adapter has 4008MB of dedicated video memory, 0MB of dedicated system memory, and 7888MB of shared system memory, 1 output[s]
[2016.01.26-19.25.48:934][  0]LogD3D11RHI: Found D3D11 adapter 1: Intel(R) HD Graphics 3000 (Feature Level 10_0)
[2016.01.26-19.25.48:934][  0]LogD3D11RHI: Adapter has 64MB of dedicated video memory, 0MB of dedicated system memory, and 1632MB of shared system memory, 0 output[s]
[2016.01.26-19.25.48:934][  0]LogD3D11RHI: Chosen D3D11 Adapter Id = 0
[2016.01.26-19.25.48:938][  0]LogD3D11RHI: !Direct3DDevice
[2016.01.26-19.25.48:938][  0]LogRHI: Texture pool is 1361 MB (70% of 1945 MB)
[2016.01.26-19.25.48:949][  0]LogD3D11RHI: Async texture creation enabled
[2016.01.26-19.25.48:963][  0]LogShaderCompilers: Guid format shader working directory is 15 characters bigger than the processId version (../../../../../../Users/frederic/Documents/Unreal Projects/LostAge/Intermediate/Shaders/WorkingDirectory/7228/).
[2016.01.26-19.25.48:963][  0]LogShaderCompilers: Cleaned the shader compiler working directory '../../../../../../Users/frederic/Documents/Unreal Projects/LostAge/Intermediate/Shaders/tmp/EBAC02A946E5C6F2044F6AB8B27939FF/'.
[2016.01.26-19.25.48:963][  0]LogShaderCompilers:Display: Using Local Shader Compiler.
[2016.01.26-19.25.50:192][  0]LogTemp:Display: Loaded TP AllDesktopTargetPlatform
[2016.01.26-19.25.50:197][  0]LogTemp:Display: Loaded TP WindowsClientTargetPlatform
[2016.01.26-19.25.50:202][  0]LogTemp:Display: Loaded TP WindowsNoEditorTargetPlatform
[2016.01.26-19.25.50:209][  0]LogTemp:Display: Loaded TP WindowsServerTargetPlatform
[2016.01.26-19.25.50:214][  0]LogTemp:Display: Loaded TP WindowsTargetPlatform
[2016.01.26-19.25.50:217][  0]LogTemp:Display: Loaded TP AndroidTargetPlatform
[2016.01.26-19.25.50:220][  0]LogTemp:Display: Loaded TP Android_ASTCTargetPlatform
[2016.01.26-19.25.50:224][  0]LogTemp:Display: Loaded TP Android_ATCTargetPlatform
[2016.01.26-19.25.50:227][  0]LogTemp:Display: Loaded TP Android_DXTTargetPlatform
[2016.01.26-19.25.50:230][  0]LogTemp:Display: Loaded TP Android_ETC1TargetPlatform
[2016.01.26-19.25.50:234][  0]LogTemp:Display: Loaded TP Android_ETC2TargetPlatform
[2016.01.26-19.25.50:239][  0]LogTemp:Display: Loaded TP Android_PVRTCTargetPlatform
[2016.01.26-19.25.50:240][  0]LogTemp:Display: Loaded TP HTML5TargetPlatform
[2016.01.26-19.25.50:256][  0]LogTemp:Display: Loaded TP IOSTargetPlatform
[2016.01.26-19.25.50:259][  0]LogTemp:Display: Loaded TP LinuxNoEditorTargetPlatform
[2016.01.26-19.25.50:263][  0]LogTemp:Display: Loaded TP LinuxServerTargetPlatform
[2016.01.26-19.25.50:267][  0]LogTemp:Display: Loaded TP LinuxTargetPlatform
[2016.01.26-19.25.50:267][  0]LogTargetPlatformManager:Display: Building Assets For Windows
[2016.01.26-19.25.50:354][  0]LogDerivedDataCache:Display: Max Cache Size: 512 MB
[2016.01.26-19.25.50:407][  0]LogDerivedDataCache: Loaded boot cache 0.05s 42MB C:/Users/frederic/AppData/Local/UnrealEngine/4.9/DerivedDataCache/Boot.ddc.
[2016.01.26-19.25.50:407][  0]LogDerivedDataCache:Display: Loaded Boot cache: C:/Users/frederic/AppData/Local/UnrealEngine/4.9/DerivedDataCache/Boot.ddc
[2016.01.26-19.25.50:407][  0]LogDerivedDataCache: FDerivedDataBackendGraph:  Pak pak cache file ../../../../../../Users/frederic/Documents/Unreal Projects/LostAge/DerivedDataCache/DDC.ddp not found, will not use a pak cache.
[2016.01.26-19.25.50:407][  0]LogDerivedDataCache: Unable to find inner node Pak for hierarchical cache Hierarchy.
[2016.01.26-19.25.50:407][  0]LogDerivedDataCache: FDerivedDataBackendGraph:  CompressedPak pak cache file ../../../../../../Users/frederic/Documents/Unreal Projects/LostAge/DerivedDataCache/Compressed.ddp not found, will not use a pak cache.
[2016.01.26-19.25.50:407][  0]LogDerivedDataCache: Unable to find inner node CompressedPak for hierarchical cache Hierarchy.
[2016.01.26-19.25.50:559][  0]LogDerivedDataCache:Display: Pak cache opened for reading ../../../Engine/DerivedDataCache/Compressed.ddp.
[2016.01.26-19.25.50:570][  0]LogDerivedDataCache: Using Local data cache path C:/Users/frederic/AppData/Local/UnrealEngine/Common/DerivedDataCache: Writable
[2016.01.26-19.25.50:764][  0]LogInit: Selected Device Profile: [Windows]
[2016.01.26-19.25.50:765][  0]LogContentStreaming: Texture pool size is 1000.000000MB
[2016.01.26-19.25.50:778][  0]LogMeshUtilities: No automatic mesh reduction module available
[2016.01.26-19.25.50:778][  0]LogMeshUtilities: No automatic mesh merging module available
[2016.01.26-19.25.51:260][  0]LogWindowsMoviePlayer: Unable to load movie: ../../../../../../Users/frederic/Documents/Unreal Projects/LostAge/Content/Movies/Default_Startup.mp4
[2016.01.26-19.25.51:356][  0]LogLinker:Warning: Can't find file '/Game/FirstPersonCPP/Blueprints/FirstPersonCharacter'
[2016.01.26-19.25.51:356][  0]LogUObjectGlobals:Warning: Failed to load '/Game/FirstPersonCPP/Blueprints/FirstPersonCharacter': Can't find file '/Game/FirstPersonCPP/Blueprints/FirstPersonCharacter'
[2016.01.26-19.25.51:356][  0]LogLinker:Warning: Can't find file '/Game/FirstPersonCPP/Blueprints/FirstPersonCharacter'
[2016.01.26-19.25.51:356][  0]LogUObjectGlobals:Warning: Failed to load '/Game/FirstPersonCPP/Blueprints/FirstPersonCharacter': Can't find file '/Game/FirstPersonCPP/Blueprints/FirstPersonCharacter'
[2016.01.26-19.25.51:356][  0]LogUObjectGlobals:Warning: Failed to find object 'Class /Game/FirstPersonCPP/Blueprints/FirstPersonCharacter.FirstPersonCharacter_C'
[2016.01.26-19.25.51:356][  0]Error: CDO Constructor (LostAgeGameMode): Failed to find /Game/FirstPersonCPP/Blueprints/FirstPersonCharacter.FirstPersonCharacter_C

[2016.01.26-19.25.51:357][  0]LogUObjectBase:Warning: -------------- Default Property warnings and errors:
[2016.01.26-19.25.51:357][  0]LogUObjectBase:Warning: Error: CDO Constructor (LostAgeGameMode): Failed to find /Game/FirstPersonCPP/Blueprints/FirstPersonCharacter.FirstPersonCharacter_C

[2016.01.26-19.25.56:345][  0]LogThreadingWindows:Error: Runnable thread SlateLoadingThread crashed.
[2016.01.26-19.25.56:345][  0]LogWindows: === Critical error: ===
Fatal error!


Crash in runnable thread SlateLoadingThread

[2016.01.26-19.25.56:480][  0]LogExit: Executing StaticShutdownAfterError
[2016.01.26-19.25.56:480][  0]LogWindows: FPlatformMisc::RequestExit(1)
[2016.01.26-19.25.56:480][  0]Log file closed, 01/26/16 14:25:56
