[2016.01.25-22.33.57:628][  0]Log file open, 01/25/16 17:33:57
[2016.01.25-22.33.57:628][  0]LogInit:Display: Running engine for game: LostAge
[2016.01.25-22.33.57:629][  0]LogInit:Display: RandInit(-901676389) SRandInit(-901676389).
[2016.01.25-22.33.57:629][  0]LogTaskGraph: Started task graph with 4 named threads and 7 total threads.
[2016.01.25-22.33.57:629][  0]LogStats: Stats thread started at 0.145563
[2016.01.25-22.33.57:629][  0]LogInit: Version: 4.9.2-2707645+++depot+UE4-Releases+4.9
[2016.01.25-22.33.57:630][  0]LogInit: API Version: 2672455
[2016.01.25-22.33.57:630][  0]LogInit: Compiled (64-bit): Sep 28 2015 10:25:44
[2016.01.25-22.33.57:630][  0]LogInit: Compiled with Visual C++: 18.00.21005.01
[2016.01.25-22.33.57:630][  0]LogInit: Build Configuration: DebugGame
[2016.01.25-22.33.57:631][  0]LogInit: Branch Name: ++depot+UE4-Releases+4.9
[2016.01.25-22.33.57:631][  0]LogInit: Command line:  -debug
[2016.01.25-22.33.57:631][  0]LogInit: Base directory: C:/Program Files/Epic Games/4.9/Engine/Binaries/Win64/
[2016.01.25-22.33.57:631][  0]LogInit: Rocket: 1
[2016.01.25-22.33.57:651][  0]LogInit: Using libcurl 7.41.0
[2016.01.25-22.33.57:651][  0]LogInit:  - built for x86_64-pc-win32
[2016.01.25-22.33.57:651][  0]LogInit:  - supports SSL with WinSSL
[2016.01.25-22.33.57:652][  0]LogInit:  - other features:
[2016.01.25-22.33.57:652][  0]LogInit:      CURL_VERSION_SSL
[2016.01.25-22.33.57:652][  0]LogInit:      CURL_VERSION_IPV6
[2016.01.25-22.33.57:652][  0]LogInit:      CURL_VERSION_ASYNCHDNS
[2016.01.25-22.33.57:652][  0]LogInit:      CURL_VERSION_LARGEFILE
[2016.01.25-22.33.57:653][  0]LogInit:      CURL_VERSION_IDN
[2016.01.25-22.33.57:653][  0]LogInit:  CurlRequestOptions (configurable via config and command line):
[2016.01.25-22.33.57:653][  0]LogInit:  - bVerifyPeer = true  - Libcurl will verify peer certificate
[2016.01.25-22.33.57:653][  0]LogInit:  - bUseHttpProxy = false  - Libcurl will NOT use HTTP proxy
[2016.01.25-22.33.57:653][  0]LogInit:  - bDontReuseConnections = false  - Libcurl will reuse connections
[2016.01.25-22.33.57:653][  0]LogInit:  - CertBundlePath = nullptr  - Libcurl will use whatever was configured at build time.
[2016.01.25-22.33.57:687][  0]LogInit: Presizing for 0 objects not considered by GC, pre-allocating 0 bytes.
[2016.01.25-22.33.57:695][  0]LogInit: Object subsystem initialized
[2016.01.25-22.33.57:696][  0]LogInit: Selected Device Profile: [Windows]
[2016.01.25-22.33.57:697][  0]LogInit: Applying CVar settings loaded from the selected device profile: [Windows]
[2016.01.25-22.33.57:704][  0]LogInit: Computer: FREDERIC-PC
[2016.01.25-22.33.57:705][  0]LogInit: User: frederic
[2016.01.25-22.33.57:705][  0]LogInit: CPU Page size=4096, Cores=4
[2016.01.25-22.33.57:705][  0]LogInit: High frequency timer resolution =3.331240 MHz
[2016.01.25-22.33.57:706][  0]LogMemory: Memory total: Physical=15.9GB (16GB approx)
[2016.01.25-22.33.57:706][  0]LogMemory: Platform Memory Stats for Windows
[2016.01.25-22.33.57:706][  0]LogMemory: Process Physical Memory: 53.43 MB used, 53.43 MB peak
[2016.01.25-22.33.57:706][  0]LogMemory: Process Virtual Memory: 55.50 MB used, 55.50 MB peak
[2016.01.25-22.33.57:707][  0]LogMemory: Physical Memory: 4923.06 MB used, 16288.39 MB total
[2016.01.25-22.33.57:707][  0]LogMemory: Virtual Memory: 330.62 MB used, 8388608.00 MB total
[2016.01.25-22.33.57:775][  0]LogTextLocalizationManager: No translations for ('fr-CA') exist, falling back to 'en' for localization and internationalization data.
[2016.01.25-22.33.58:568][  0]LogD3D11RHI: Found D3D11 adapter 0: NVIDIA GeForce GTX 970 (Feature Level 11_0)
[2016.01.25-22.33.58:568][  0]LogD3D11RHI: Adapter has 4008MB of dedicated video memory, 0MB of dedicated system memory, and 7888MB of shared system memory, 1 output[s]
[2016.01.25-22.33.58:577][  0]LogD3D11RHI: Found D3D11 adapter 1: Intel(R) HD Graphics 3000 (Feature Level 10_0)
[2016.01.25-22.33.58:577][  0]LogD3D11RHI: Adapter has 64MB of dedicated video memory, 0MB of dedicated system memory, and 1632MB of shared system memory, 0 output[s]
[2016.01.25-22.33.58:578][  0]LogD3D11RHI: Chosen D3D11 Adapter Id = 0
[2016.01.25-22.33.58:582][  0]LogD3D11RHI: !Direct3DDevice
[2016.01.25-22.33.58:583][  0]LogRHI: Texture pool is 1361 MB (70% of 1945 MB)
[2016.01.25-22.33.58:625][  0]LogD3D11RHI: Async texture creation enabled
[2016.01.25-22.33.58:639][  0]LogShaderCompilers: Guid format shader working directory is 15 characters bigger than the processId version (../../../../../../Users/frederic/Documents/Unreal Projects/LostAge/Intermediate/Shaders/WorkingDirectory/6204/).
[2016.01.25-22.33.58:639][  0]LogShaderCompilers: Cleaned the shader compiler working directory '../../../../../../Users/frederic/Documents/Unreal Projects/LostAge/Intermediate/Shaders/tmp/BBEDB6C3440626B137AE7D975CC5BA30/'.
[2016.01.25-22.33.58:640][  0]LogShaderCompilers:Display: Using Local Shader Compiler.
[2016.01.25-22.33.59:826][  0]LogTemp:Display: Loaded TP AllDesktopTargetPlatform
[2016.01.25-22.33.59:841][  0]LogTemp:Display: Loaded TP WindowsClientTargetPlatform
[2016.01.25-22.33.59:854][  0]LogTemp:Display: Loaded TP WindowsNoEditorTargetPlatform
[2016.01.25-22.33.59:868][  0]LogTemp:Display: Loaded TP WindowsServerTargetPlatform
[2016.01.25-22.33.59:881][  0]LogTemp:Display: Loaded TP WindowsTargetPlatform
[2016.01.25-22.33.59:888][  0]LogTemp:Display: Loaded TP AndroidTargetPlatform
[2016.01.25-22.33.59:894][  0]LogTemp:Display: Loaded TP Android_ASTCTargetPlatform
[2016.01.25-22.33.59:902][  0]LogTemp:Display: Loaded TP Android_ATCTargetPlatform
[2016.01.25-22.33.59:910][  0]LogTemp:Display: Loaded TP Android_DXTTargetPlatform
[2016.01.25-22.33.59:918][  0]LogTemp:Display: Loaded TP Android_ETC1TargetPlatform
[2016.01.25-22.33.59:925][  0]LogTemp:Display: Loaded TP Android_ETC2TargetPlatform
[2016.01.25-22.33.59:932][  0]LogTemp:Display: Loaded TP Android_PVRTCTargetPlatform
[2016.01.25-22.33.59:936][  0]LogTemp:Display: Loaded TP HTML5TargetPlatform
[2016.01.25-22.33.59:967][  0]LogTemp:Display: Loaded TP IOSTargetPlatform
[2016.01.25-22.33.59:973][  0]LogTemp:Display: Loaded TP LinuxNoEditorTargetPlatform
[2016.01.25-22.33.59:980][  0]LogTemp:Display: Loaded TP LinuxServerTargetPlatform
[2016.01.25-22.33.59:988][  0]LogTemp:Display: Loaded TP LinuxTargetPlatform
[2016.01.25-22.33.59:988][  0]LogTargetPlatformManager:Display: Building Assets For Windows
[2016.01.25-22.34.00:186][  0]LogDerivedDataCache:Display: Max Cache Size: 512 MB
[2016.01.25-22.34.00:233][  0]LogDerivedDataCache: Loaded boot cache 0.05s 43MB C:/Users/frederic/AppData/Local/UnrealEngine/4.9/DerivedDataCache/Boot.ddc.
[2016.01.25-22.34.00:233][  0]LogDerivedDataCache:Display: Loaded Boot cache: C:/Users/frederic/AppData/Local/UnrealEngine/4.9/DerivedDataCache/Boot.ddc
[2016.01.25-22.34.00:234][  0]LogDerivedDataCache: FDerivedDataBackendGraph:  Pak pak cache file ../../../../../../Users/frederic/Documents/Unreal Projects/LostAge/DerivedDataCache/DDC.ddp not found, will not use a pak cache.
[2016.01.25-22.34.00:234][  0]LogDerivedDataCache: Unable to find inner node Pak for hierarchical cache Hierarchy.
[2016.01.25-22.34.00:234][  0]LogDerivedDataCache: FDerivedDataBackendGraph:  CompressedPak pak cache file ../../../../../../Users/frederic/Documents/Unreal Projects/LostAge/DerivedDataCache/Compressed.ddp not found, will not use a pak cache.
[2016.01.25-22.34.00:234][  0]LogDerivedDataCache: Unable to find inner node CompressedPak for hierarchical cache Hierarchy.
[2016.01.25-22.34.00:380][  0]LogDerivedDataCache:Display: Pak cache opened for reading ../../../Engine/DerivedDataCache/Compressed.ddp.
[2016.01.25-22.34.00:392][  0]LogDerivedDataCache: Using Local data cache path C:/Users/frederic/AppData/Local/UnrealEngine/Common/DerivedDataCache: Writable
[2016.01.25-22.34.00:597][  0]LogInit: Selected Device Profile: [Windows]
[2016.01.25-22.34.00:598][  0]LogContentStreaming: Texture pool size is 0.000000MB
[2016.01.25-22.34.00:634][  0]LogMeshUtilities: No automatic mesh reduction module available
[2016.01.25-22.34.00:635][  0]LogMeshUtilities: No automatic mesh merging module available
[2016.01.25-22.34.01:031][  0]LogInit: WinSock: version 1.1 (2.2), MaxSocks=32767, MaxUdp=65467
[2016.01.25-22.34.02:008][  0]UdpMessaging: Initializing bridge on interface 0.0.0.0:0 to multicast group 230.0.0.1:6666.
[2016.01.25-22.34.02:350][  0]LogAssetRegistry: FAssetRegistry took 0.0104 seconds to start up
[2016.01.25-22.34.02:650][  0]SourceControl: Info Source control is disabled
[2016.01.25-22.34.02:651][  0]SourceControl: Info Source control is disabled
[2016.01.25-22.34.02:668][  0]SourceControl: Info Source control is disabled
[2016.01.25-22.34.02:691][  0]SourceControl: Info Source control is disabled
[2016.01.25-22.34.02:880][  0]LogLinker:Warning: Asset '../../../Engine/Plugins/Runtime/LeapMotionController/Content/LM_PassthroughMaterial.uasset' has been saved with empty engine version. The asset will be loaded but may be incompatible.
[2016.01.25-22.34.02:983][  0]LogObj: 31835 objects as part of root set at end of initial load.
[2016.01.25-22.34.02:983][  0]LogUObjectAllocator: 7269088 out of 0 bytes used by permanent object pool.
[2016.01.25-22.34.03:057][  0]LogEngine: Initializing Engine...
[2016.01.25-22.34.03:060][  0]LogHMD: Can't find Oculus library dev build: is proper Runtime installed? Version: 0.7.0.0
[2016.01.25-22.34.03:062][  0]LogHMD: SteamVR failed to initialize.  Err: 110
[2016.01.25-22.34.03:210][  0]LogAIModule: Creating AISystem for world NewWorld
[2016.01.25-22.34.03:228][  0]LogInit: XAudio2 using 'Haut-parleurs (USB PnP Sound Device)' : 2 channels at 44.1 kHz using 16 bits per sample (channel mask 0x3)
[2016.01.25-22.34.03:237][  0]LogInit: FAudioDevice initialized.
[2016.01.25-22.34.03:257][  0]LogDerivedDataCache: Saved boot cache 0.02s 42MB C:/Users/frederic/AppData/Local/UnrealEngine/4.9/DerivedDataCache/Boot.ddc.
[2016.01.25-22.34.03:264][  0]LogInit: Texture streaming: Enabled
[2016.01.25-22.34.03:278][  0]LogAnalytics: Creating configured Analytics provider AnalyticsET
[2016.01.25-22.34.03:278][  0]LogAnalytics: [UEEditor.Rocket.Release] APIServer = http://et2.epicgames.com/ET2/. AppVersion = 4.9.2-2707645+++depot+UE4-Releases+4.9
[2016.01.25-22.34.03:279][  0]LogAnalytics: [UEEditor.Rocket.Release] SetUserId c8da8d664a36a98701fe659c10ae4ff8|70626fa7f476448fb82ad9618fbbb1ab|00e7fb16-00c3-4af4-a2a1-2cc8013aae38
[2016.01.25-22.34.03:279][  0]LogAnalytics: [UEEditor.Rocket.Release] AnalyticsET::StartSession
[2016.01.25-22.34.03:298][  0]LogInit: Transaction tracking system initialized
[2016.01.25-22.34.03:386][  0]BlueprintLog: New page: Editor Load
[2016.01.25-22.34.03:738][  0]LocalizationService: Info Localization service is disabled
[2016.01.25-22.34.03:886][  0]LogLinker:Warning: Can't find file '/Game/ThirdPersonCPP/ThirdPersonOverview'
[2016.01.25-22.34.03:887][  0]LogLinker:Warning: Can't find file '/Game/ThirdPersonCPP/ThirdPersonOverview'
[2016.01.25-22.34.03:887][  0]LogUObjectGlobals:Warning: Failed to find object 'Class /Game/ThirdPersonCPP/ThirdPersonOverview.ThirdPersonOverview_C'
[2016.01.25-22.34.03:919][  0]LogConsoleResponse:Display: 
[2016.01.25-22.34.04:056][  0]LogCook:Display: Done creating registry. It took  0.00s.
[2016.01.25-22.34.04:181][  0]LogFileCache: Scanning file cache for directory 'C:/Users/frederic/Documents/Unreal Projects/LostAge/Content/' took 0.01s
[2016.01.25-22.34.04:200][  0]SourceControl: Info Source control is disabled
[2016.01.25-22.34.04:201][  0]Cmd: MAP LOAD FILE="../../../../../../Users/frederic/Documents/Unreal Projects/LostAge/Content/FirstPersonCPP/Maps/FirstPersonExampleMap.umap" TEMPLATE=0 SHOWPROGRESS=1 FEATURELEVEL=3
[2016.01.25-22.34.04:201][  0]LightingResults: New page: Lighting Build
[2016.01.25-22.34.04:206][  0]MapCheck: New page: Map Check
[2016.01.25-22.34.04:207][  0]LightingResults: New page: Lighting Build
[2016.01.25-22.34.04:219][  0]LogParticles: Destroying 0 GPU particle simulations for FXSystem 0x0000000023716480
[2016.01.25-22.34.04:434][  0]LogAIModule: Creating AISystem for world FirstPersonExampleMap
[2016.01.25-22.34.04:443][  0]LogEditorServer: Finished looking for orphan Actors (0.000 secs)
[2016.01.25-22.34.04:444][  0]Cmd: MAP CHECKDEP NOCLEARLOG
[2016.01.25-22.34.04:530][  0]MapCheck: Info Map check complete: 0 Error(s), 0 Warning(s), took 85.328ms to complete.
[2016.01.25-22.34.04:531][  0]LogFileHelpers: Loading map 'FirstPersonExampleMap' took 0.330
[2016.01.25-22.34.04:636][  0]LogCollectionManager: Loaded 0 collections in 0.002187 seconds
[2016.01.25-22.34.04:678][  0]LogFileCache: Scanning file cache for directory 'C:/Users/frederic/Documents/Unreal Projects/LostAge/Saved/Collections/' took 0.01s
[2016.01.25-22.34.04:678][  0]LogFileCache: Scanning file cache for directory 'C:/Users/frederic/Documents/Unreal Projects/LostAge/Content/Developers/frederic/Collections/' took 0.01s
[2016.01.25-22.34.04:679][  0]LogFileCache: Scanning file cache for directory 'C:/Users/frederic/Documents/Unreal Projects/LostAge/Content/Collections/' took 0.01s
[2016.01.25-22.34.04:679][  0]LogContentBrowser: Native class hierarchy populated in 0.0077 seconds. Added 1874 classes and 335 folders.
[2016.01.25-22.34.04:686][  0]LogCollectionManager: Rebuilt the GUID cache for 0 collections in 0.000002 seconds
[2016.01.25-22.34.04:702][  0]LogContentBrowser: Native class hierarchy updated for 'WidgetCarousel' in 0.0017 seconds. Added 0 classes and 0 folders.
[2016.01.25-22.34.04:762][  0]LogContentBrowser: Native class hierarchy updated for 'AddContentDialog' in 0.0017 seconds. Added 0 classes and 0 folders.
[2016.01.25-22.34.04:779][  0]LogContentBrowser: Native class hierarchy updated for 'SceneOutliner' in 0.0020 seconds. Added 1 classes and 2 folders.
[2016.01.25-22.34.04:812][  0]LogCrashTracker: Crashtracker disabled due to settings.
[2016.01.25-22.34.04:818][  0]LogUObjectGlobals:Warning: Failed to find object 'Class None.'
[2016.01.25-22.34.04:841][  0]LogLoad: Full Startup: 8.18 seconds (BP compile: 0.08 seconds)
[2016.01.25-22.34.04:901][  0]LogContentStreaming: Texture pool size now 1000 MB
[2016.01.25-22.34.05:036][  0]LogRenderer: Reallocating scene render targets to support 1208x556 (Frame:2).
[2016.01.25-22.34.05:314][  3]LogAssetRegistry: Asset discovery search completed in 2.9746 seconds
[2016.01.25-22.34.05:316][  3]LogCollectionManager: Rebuilt the object cache for 0 collections in 0.000001 seconds (found 0 objects)
[2016.01.25-22.34.05:317][  3]LogCollectionManager: Fixed up redirectors for 0 collections in 0.000640 seconds (updated 0 objects)
[2016.01.25-22.34.07:552][246]LogBlueprintUserMessages: Early PlayInEditor Detection: Level '/Game/FirstPersonCPP/Maps/FirstPersonExampleMap.FirstPersonExampleMap:PersistentLevel' has LevelScriptBlueprint '/Game/FirstPersonCPP/Maps/FirstPersonExampleMap.FirstPersonExampleMap:PersistentLevel.FirstPersonExampleMap' with GeneratedClass '/Game/FirstPersonCPP/Maps/FirstPersonExampleMap.FirstPersonExampleMap_C' with ClassGeneratedBy '/Game/FirstPersonCPP/Maps/FirstPersonExampleMap.FirstPersonExampleMap:PersistentLevel.FirstPersonExampleMap'
[2016.01.25-22.34.07:553][246]LogPlayLevel: PlayLevel: No blueprints needed recompiling
[2016.01.25-22.34.07:553][246]PIE: New page: PIE session: FirstPersonExampleMap (Jan 25, 2016, 12:34:07 PM)
[2016.01.25-22.34.07:554][246]LogPlayLevel: Creating play world package: /Game/FirstPersonCPP/Maps/UEDPIE_0_FirstPersonExampleMap
[2016.01.25-22.34.07:585][246]LogPlayLevel: PIE: StaticDuplicateObject took: (0.030888s)
[2016.01.25-22.34.07:587][246]LogAIModule: Creating AISystem for world FirstPersonExampleMap
[2016.01.25-22.34.07:587][246]LogPlayLevel: PIE: World Init took: (0.001518s)
[2016.01.25-22.34.07:588][246]LogPlayLevel: PIE: Created PIE world by copying editor world from /Game/FirstPersonCPP/Maps/FirstPersonExampleMap.FirstPersonExampleMap to /Game/FirstPersonCPP/Maps/UEDPIE_0_FirstPersonExampleMap.FirstPersonExampleMap (0.033817s)
[2016.01.25-22.34.07:588][246]LogActorComponent: UnregisterComponent: (/Engine/Transient.CharMoveComp) Not registered. Aborting.
[2016.01.25-22.34.07:616][246]LogInit: XAudio2 using 'Haut-parleurs (USB PnP Sound Device)' : 2 channels at 44.1 kHz using 16 bits per sample (channel mask 0x3)
[2016.01.25-22.34.07:619][246]LogInit: FAudioDevice initialized.
[2016.01.25-22.34.07:668][246]LogWorld: Game class is 'LostAgeGameMode'
[2016.01.25-22.34.07:674][246]LogWorld: Bringing World /Game/FirstPersonCPP/Maps/UEDPIE_0_FirstPersonExampleMap.FirstPersonExampleMap up for play (max tick rate 0) at 2016.01.25-17.34.07
[2016.01.25-22.34.07:675][246]LogActor:Warning: GameSession /Game/FirstPersonCPP/Maps/UEDPIE_0_FirstPersonExampleMap.FirstPersonExampleMap:PersistentLevel.GameSession_0 has natively added scene component(s), but none of them were set as the actor's RootComponent - picking one arbitrarily
[2016.01.25-22.34.07:675][246]LogActor:Warning: GameNetworkManager /Game/FirstPersonCPP/Maps/UEDPIE_0_FirstPersonExampleMap.FirstPersonExampleMap:PersistentLevel.GameNetworkManager_0 has natively added scene component(s), but none of them were set as the actor's RootComponent - picking one arbitrarily
[2016.01.25-22.34.07:676][246]LogWorld: Bringing up level for play took: 0.006251
[2016.01.25-22.34.07:679][246]PIE: Info Play in editor start time for /Game/FirstPersonCPP/Maps/UEDPIE_0_FirstPersonExampleMap 0.143
[2016.01.25-22.34.07:680][246]LogBlueprintUserMessages: Late PlayInEditor Detection: Level '/Game/FirstPersonCPP/Maps/FirstPersonExampleMap.FirstPersonExampleMap:PersistentLevel' has LevelScriptBlueprint '/Game/FirstPersonCPP/Maps/FirstPersonExampleMap.FirstPersonExampleMap:PersistentLevel.FirstPersonExampleMap' with GeneratedClass '/Game/FirstPersonCPP/Maps/FirstPersonExampleMap.FirstPersonExampleMap_C' with ClassGeneratedBy '/Game/FirstPersonCPP/Maps/FirstPersonExampleMap.FirstPersonExampleMap:PersistentLevel.FirstPersonExampleMap'
[2016.01.25-22.34.12:880][860]LogBlueprintUserMessages: Early EndPlayMap Detection: Level '/Game/FirstPersonCPP/Maps/FirstPersonExampleMap.FirstPersonExampleMap:PersistentLevel' has LevelScriptBlueprint '/Game/FirstPersonCPP/Maps/FirstPersonExampleMap.FirstPersonExampleMap:PersistentLevel.FirstPersonExampleMap' with GeneratedClass '/Game/FirstPersonCPP/Maps/FirstPersonExampleMap.FirstPersonExampleMap_C' with ClassGeneratedBy '/Game/FirstPersonCPP/Maps/FirstPersonExampleMap.FirstPersonExampleMap:PersistentLevel.FirstPersonExampleMap'
[2016.01.25-22.34.12:913][860]LogBlueprintUserMessages: Late EndPlayMap Detection: Level '/Game/FirstPersonCPP/Maps/FirstPersonExampleMap.FirstPersonExampleMap:PersistentLevel' has LevelScriptBlueprint '/Game/FirstPersonCPP/Maps/FirstPersonExampleMap.FirstPersonExampleMap:PersistentLevel.FirstPersonExampleMap' with GeneratedClass '/Game/FirstPersonCPP/Maps/FirstPersonExampleMap.FirstPersonExampleMap_C' with ClassGeneratedBy '/Game/FirstPersonCPP/Maps/FirstPersonExampleMap.FirstPersonExampleMap:PersistentLevel.FirstPersonExampleMap'
[2016.01.25-22.34.12:928][860]LogParticles: Destroying 0 GPU particle simulations for FXSystem 0x00000000114AD1C0
[2016.01.25-22.34.20:259][720]LogLinker:Warning: Asset '../../../Engine/Content/ArtTools/RenderToTexture/Macros/RenderToTextureMacros.uasset' has been saved with empty engine version. The asset will be loaded but may be incompatible.
[2016.01.25-22.34.20:793][720]LogContentBrowser: Native class hierarchy updated for 'BlueprintGraph' in 0.0026 seconds. Added 107 classes and 0 folders.
[2016.01.25-22.34.33:118][757]LogRenderer: Reallocating scene render targets to support 1528x712 (Frame:4185).
[2016.01.25-22.34.42:100][578]LogActorComponent: UnregisterComponent: (/Engine/Transient.CharMoveComp) Not registered. Aborting.
[2016.01.25-22.34.44:304][788]BlueprintLog: New page: Compile test
[2016.01.25-22.34.44:421][788]LogActorComponent: UnregisterComponent: (/Engine/Transient.CharacterMovementComponent_0) Not registered. Aborting.
[2016.01.25-22.34.44:444][788]LogParticles: Destroying 0 GPU particle simulations for FXSystem 0x0000000011DDCE00
[2016.01.25-22.34.44:452][788]BlueprintEditorCompileResults: Info [0047.79] Compile of test successful! [in 147 ms]
[2016.01.25-22.34.55:262][856]LogActorComponent: UnregisterComponent: (/Engine/Transient.CharMoveComp) Not registered. Aborting.
[2016.01.25-22.34.57:311][ 53]BlueprintLog: New page: Compile test
[2016.01.25-22.34.57:426][ 53]LogActorComponent: UnregisterComponent: (/Engine/Transient.CharacterMovementComponent_1) Not registered. Aborting.
[2016.01.25-22.34.57:455][ 53]BlueprintEditorCompileResults: Info [0060.80] Compile of test successful! [in 142 ms]
[2016.01.25-22.35.00:035][341]LogBlueprintUserMessages: Early PlayInEditor Detection: Level '/Game/FirstPersonCPP/Maps/FirstPersonExampleMap.FirstPersonExampleMap:PersistentLevel' has LevelScriptBlueprint '/Game/FirstPersonCPP/Maps/FirstPersonExampleMap.FirstPersonExampleMap:PersistentLevel.FirstPersonExampleMap' with GeneratedClass '/Game/FirstPersonCPP/Maps/FirstPersonExampleMap.FirstPersonExampleMap_C' with ClassGeneratedBy '/Game/FirstPersonCPP/Maps/FirstPersonExampleMap.FirstPersonExampleMap:PersistentLevel.FirstPersonExampleMap'
[2016.01.25-22.35.00:036][341]LogPlayLevel: PlayLevel: No blueprints needed recompiling
[2016.01.25-22.35.00:036][341]PIE: New page: PIE session: FirstPersonExampleMap (Jan 25, 2016, 12:35:00 PM)
[2016.01.25-22.35.00:036][341]LogPlayLevel: Creating play world package: /Game/FirstPersonCPP/Maps/UEDPIE_0_FirstPersonExampleMap
[2016.01.25-22.35.00:058][341]LogPlayLevel: PIE: StaticDuplicateObject took: (0.021716s)
[2016.01.25-22.35.00:060][341]LogAIModule: Creating AISystem for world FirstPersonExampleMap
[2016.01.25-22.35.00:061][341]LogPlayLevel: PIE: World Init took: (0.001277s)
[2016.01.25-22.35.00:061][341]LogPlayLevel: PIE: Created PIE world by copying editor world from /Game/FirstPersonCPP/Maps/FirstPersonExampleMap.FirstPersonExampleMap to /Game/FirstPersonCPP/Maps/UEDPIE_0_FirstPersonExampleMap.FirstPersonExampleMap (0.024489s)
[2016.01.25-22.35.00:061][341]LogActorComponent: UnregisterComponent: (/Engine/Transient.CharMoveComp) Not registered. Aborting.
[2016.01.25-22.35.00:098][341]LogInit: XAudio2 using 'Haut-parleurs (USB PnP Sound Device)' : 2 channels at 44.1 kHz using 16 bits per sample (channel mask 0x3)
[2016.01.25-22.35.00:102][341]LogInit: FAudioDevice initialized.
[2016.01.25-22.35.00:136][341]LogWorld: Game class is 'LostAgeGameMode'
[2016.01.25-22.35.00:142][341]LogWorld: Bringing World /Game/FirstPersonCPP/Maps/UEDPIE_0_FirstPersonExampleMap.FirstPersonExampleMap up for play (max tick rate 0) at 2016.01.25-17.35.00
[2016.01.25-22.35.00:143][341]LogActor:Warning: GameSession /Game/FirstPersonCPP/Maps/UEDPIE_0_FirstPersonExampleMap.FirstPersonExampleMap:PersistentLevel.GameSession_1 has natively added scene component(s), but none of them were set as the actor's RootComponent - picking one arbitrarily
[2016.01.25-22.35.00:143][341]LogActor:Warning: GameNetworkManager /Game/FirstPersonCPP/Maps/UEDPIE_0_FirstPersonExampleMap.FirstPersonExampleMap:PersistentLevel.GameNetworkManager_1 has natively added scene component(s), but none of them were set as the actor's RootComponent - picking one arbitrarily
[2016.01.25-22.35.00:144][341]LogWorld: Bringing up level for play took: 0.005620
[2016.01.25-22.35.00:146][341]PIE: Info Play in editor start time for /Game/FirstPersonCPP/Maps/UEDPIE_0_FirstPersonExampleMap 0.609
[2016.01.25-22.35.00:147][341]LogBlueprintUserMessages: Late PlayInEditor Detection: Level '/Game/FirstPersonCPP/Maps/FirstPersonExampleMap.FirstPersonExampleMap:PersistentLevel' has LevelScriptBlueprint '/Game/FirstPersonCPP/Maps/FirstPersonExampleMap.FirstPersonExampleMap:PersistentLevel.FirstPersonExampleMap' with GeneratedClass '/Game/FirstPersonCPP/Maps/FirstPersonExampleMap.FirstPersonExampleMap_C' with ClassGeneratedBy '/Game/FirstPersonCPP/Maps/FirstPersonExampleMap.FirstPersonExampleMap:PersistentLevel.FirstPersonExampleMap'
[2016.01.25-22.35.08:843][363]LogBlueprintUserMessages: Early EndPlayMap Detection: Level '/Game/FirstPersonCPP/Maps/FirstPersonExampleMap.FirstPersonExampleMap:PersistentLevel' has LevelScriptBlueprint '/Game/FirstPersonCPP/Maps/FirstPersonExampleMap.FirstPersonExampleMap:PersistentLevel.FirstPersonExampleMap' with GeneratedClass '/Game/FirstPersonCPP/Maps/FirstPersonExampleMap.FirstPersonExampleMap_C' with ClassGeneratedBy '/Game/FirstPersonCPP/Maps/FirstPersonExampleMap.FirstPersonExampleMap:PersistentLevel.FirstPersonExampleMap'
[2016.01.25-22.35.08:878][363]LogBlueprintUserMessages: Late EndPlayMap Detection: Level '/Game/FirstPersonCPP/Maps/FirstPersonExampleMap.FirstPersonExampleMap:PersistentLevel' has LevelScriptBlueprint '/Game/FirstPersonCPP/Maps/FirstPersonExampleMap.FirstPersonExampleMap:PersistentLevel.FirstPersonExampleMap' with GeneratedClass '/Game/FirstPersonCPP/Maps/FirstPersonExampleMap.FirstPersonExampleMap_C' with ClassGeneratedBy '/Game/FirstPersonCPP/Maps/FirstPersonExampleMap.FirstPersonExampleMap:PersistentLevel.FirstPersonExampleMap'
[2016.01.25-22.35.08:901][363]LogParticles: Destroying 0 GPU particle simulations for FXSystem 0x0000000011DA23E0
[2016.01.25-22.35.40:864][ 67]LogActorComponent: UnregisterComponent: (/Engine/Transient.CharMoveComp) Not registered. Aborting.
[2016.01.25-22.35.40:895][ 67]LogMetaData: Removing '/Game/FirstPersonCPP/Blueprints/t.t_C' ref from Metadata '/Game/FirstPersonCPP/Blueprints/FirstPersonCharacter.PackageMetaData'
[2016.01.25-22.35.40:896][ 67]LogMetaData: Removing '/Game/FirstPersonCPP/Blueprints/t.SKEL_t_C' ref from Metadata '/Game/FirstPersonCPP/Blueprints/FirstPersonCharacter.PackageMetaData'
[2016.01.25-22.35.40:989][ 67]Cmd: OBJ SAVEPACKAGE PACKAGE="/Game/FirstPersonCPP/Blueprints/t" FILE="../../../../../../Users/frederic/Documents/Unreal Projects/LostAge/Content/FirstPersonCPP/Blueprints/t.uasset" SILENT=true
[2016.01.25-22.35.41:014][ 67]LogSavePackage: Save=22.517441ms
[2016.01.25-22.35.41:014][ 67]LogSavePackage: Moving '../../../../../../Users/frederic/Documents/Unreal Projects/LostAge/Saved/tDF3924C748AEF626C67C96BD6299E213.tmp' to '../../../../../../Users/frederic/Documents/Unreal Projects/LostAge/Content/FirstPersonCPP/Blueprints/t.uasset'
[2016.01.25-22.35.41:017][ 67]LogSavePackage: Total save time: 26.295613ms
[2016.01.25-22.35.41:018][ 67]LogSavePackage:Warning: Finished SavePackage ../../../../../../Users/frederic/Documents/Unreal Projects/LostAge/Content/FirstPersonCPP/Blueprints/t.uasset
[2016.01.25-22.35.41:070][ 67]LogActorComponent: UnregisterComponent: (/Engine/Transient.CharMoveComp) Not registered. Aborting.
[2016.01.25-22.35.43:444][303]LogActorComponent: UnregisterComponent: (/Engine/Transient.CharMoveComp) Not registered. Aborting.
[2016.01.25-22.35.43:445][303]LogActorComponent: UnregisterComponent: (/Engine/Transient.CharacterMovementComponent_2) Not registered. Aborting.
[2016.01.25-22.35.45:243][304]Cmd: QUIT_EDITOR
[2016.01.25-22.35.45:518][304]LogExit: Preparing to exit.
[2016.01.25-22.35.46:131][304]LogExit: Editor shut down
[2016.01.25-22.35.46:132][304]LogExit: Transaction tracking system shut down
[2016.01.25-22.35.46:134][304]LogParticles: Destroying 0 GPU particle simulations for FXSystem 0x000000000F3DF4C0
[2016.01.25-22.35.46:136][304]LogParticles: Destroying 0 GPU particle simulations for FXSystem 0x0000000011533880
[2016.01.25-22.35.46:136][304]LogParticles: Destroying 0 GPU particle simulations for FXSystem 0x000000002D272E80
[2016.01.25-22.35.46:139][304]LogParticles: Destroying 0 GPU particle simulations for FXSystem 0x000000001B5E8B80
[2016.01.25-22.35.46:140][304]LogParticles: Destroying 0 GPU particle simulations for FXSystem 0x000000001B41C5E0
[2016.01.25-22.35.46:142][304]LogParticles: Destroying 0 GPU particle simulations for FXSystem 0x00000000696347C0
[2016.01.25-22.35.46:322][304]LogExit: Object subsystem successfully closed.
[2016.01.25-22.35.46:345][304]LogD3D11RHI: Shutdown
[2016.01.25-22.35.46:346][304]LogD3D11RHI: CleanupD3DDevice
[2016.01.25-22.35.47:071][304]LogD3D11RHI: ~FD3D11DynamicRHI
[2016.01.25-22.35.47:089][304]LogModuleManager: Shutting down and abandoning module BlueprintGraph (199)
[2016.01.25-22.35.47:090][304]LogModuleManager: Shutting down and abandoning module CrashTracker (198)
[2016.01.25-22.35.47:090][304]LogModuleManager: Shutting down and abandoning module SceneOutliner (197)
[2016.01.25-22.35.47:090][304]LogModuleManager: Shutting down and abandoning module SuperSearch (196)
[2016.01.25-22.35.47:091][304]LogModuleManager: Shutting down and abandoning module WidgetCarousel (195)
[2016.01.25-22.35.47:091][304]LogModuleManager: Shutting down and abandoning module AddContentDialog (194)
[2016.01.25-22.35.47:092][304]LogModuleManager: Shutting down and abandoning module EditorWidgets (193)
[2016.01.25-22.35.47:093][304]LogModuleManager: Shutting down and abandoning module CollectionManager (192)
[2016.01.25-22.35.47:093][304]LogModuleManager: Shutting down and abandoning module StatsViewer (191)
[2016.01.25-22.35.47:093][304]LogModuleManager: Shutting down and abandoning module FoliageEdit (190)
[2016.01.25-22.35.47:094][304]LogModuleManager: Shutting down and abandoning module LandscapeEditor (189)
[2016.01.25-22.35.47:094][304]LogModuleManager: Shutting down and abandoning module ActorPickerMode (188)
[2016.01.25-22.35.47:094][304]LogModuleManager: Shutting down and abandoning module GeometryMode (187)
[2016.01.25-22.35.47:094][304]LogModuleManager: Shutting down and abandoning module TextureAlignMode (186)
[2016.01.25-22.35.47:095][304]LogModuleManager: Shutting down and abandoning module BspMode (185)
[2016.01.25-22.35.47:095][304]LogModuleManager: Shutting down and abandoning module PlacementMode (184)
[2016.01.25-22.35.47:095][304]LogModuleManager: Shutting down and abandoning module AutomationWorker (183)
[2016.01.25-22.35.47:095][304]LogModuleManager: Shutting down and abandoning module CharacterAI (182)
[2016.01.25-22.35.47:095][304]LogModuleManager: Shutting down and abandoning module SmartSnapping (181)
[2016.01.25-22.35.47:096][304]LogModuleManager: Shutting down and abandoning module ViewportSnapping (180)
[2016.01.25-22.35.47:096][304]LogModuleManager: Shutting down and abandoning module LogVisualizer (179)
[2016.01.25-22.35.47:096][304]LogModuleManager: Shutting down and abandoning module GameProjectGeneration (178)
[2016.01.25-22.35.47:096][304]LogModuleManager: Shutting down and abandoning module IntroTutorials (177)
[2016.01.25-22.35.47:097][304]LogModuleManager: Shutting down and abandoning module EditorLiveStreaming (176)
[2016.01.25-22.35.47:097][304]LogModuleManager: Shutting down and abandoning module IOSPlatformEditor (175)
[2016.01.25-22.35.47:097][304]LogModuleManager: Shutting down and abandoning module HTML5PlatformEditor (174)
[2016.01.25-22.35.47:097][304]LogModuleManager: Shutting down and abandoning module AndroidDeviceDetection (173)
[2016.01.25-22.35.47:838][304]LogModuleManager: Shutting down and abandoning module AndroidPlatformEditor (172)
[2016.01.25-22.35.47:839][304]LogModuleManager: Shutting down and abandoning module IOSRuntimeSettings (171)
[2016.01.25-22.35.47:839][304]LogModuleManager: Shutting down and abandoning module AndroidRuntimeSettings (170)
[2016.01.25-22.35.47:839][304]LogModuleManager: Shutting down and abandoning module MergeActors (169)
[2016.01.25-22.35.47:840][304]LogModuleManager: Shutting down and abandoning module SizeMap (168)
[2016.01.25-22.35.47:840][304]LogModuleManager: Shutting down and abandoning module TreeMap (167)
[2016.01.25-22.35.47:840][304]LogModuleManager: Shutting down and abandoning module ReferenceViewer (166)
[2016.01.25-22.35.47:840][304]LogModuleManager: Shutting down and abandoning module LocalizationService (165)
[2016.01.25-22.35.47:841][304]LogModuleManager: Shutting down and abandoning module LocalizationDashboard (164)
[2016.01.25-22.35.47:841][304]LogModuleManager: Shutting down and abandoning module HardwareTargeting (163)
[2016.01.25-22.35.47:841][304]LogModuleManager: Shutting down and abandoning module DeviceProfileEditor (162)
[2016.01.25-22.35.47:841][304]LogModuleManager: Shutting down and abandoning module UndoHistory (161)
[2016.01.25-22.35.47:842][304]LogModuleManager: Shutting down and abandoning module GameplayTagsEditor (160)
[2016.01.25-22.35.47:842][304]LogModuleManager: Shutting down and abandoning module UserFeedback (159)
[2016.01.25-22.35.47:842][304]LogModuleManager: Shutting down and abandoning module XmlParser (158)
[2016.01.25-22.35.47:842][304]LogModuleManager: Shutting down and abandoning module Blutility (157)
[2016.01.25-22.35.47:843][304]LogModuleManager: Shutting down and abandoning module ProjectTargetPlatformEditor (156)
[2016.01.25-22.35.47:843][304]LogModuleManager: Shutting down and abandoning module ProjectSettingsViewer (155)
[2016.01.25-22.35.47:843][304]LogModuleManager: Shutting down and abandoning module InputBindingEditor (154)
[2016.01.25-22.35.47:843][304]LogModuleManager: Shutting down and abandoning module EditorSettingsViewer (153)
[2016.01.25-22.35.47:844][304]LogModuleManager: Shutting down and abandoning module SettingsEditor (152)
[2016.01.25-22.35.47:844][304]LogModuleManager: Shutting down and abandoning module ProjectLauncher (151)
[2016.01.25-22.35.47:844][304]LogModuleManager: Shutting down and abandoning module SessionFrontend (150)
[2016.01.25-22.35.47:844][304]LogModuleManager: Shutting down and abandoning module ProfilerClient (149)
[2016.01.25-22.35.47:845][304]LogModuleManager: Shutting down and abandoning module TargetDeviceServices (148)
[2016.01.25-22.35.47:845][304]LogModuleManager: Shutting down and abandoning module DeviceManager (147)
[2016.01.25-22.35.47:845][304]LogModuleManager: Shutting down and abandoning module AutomationController (146)
[2016.01.25-22.35.47:845][304]LogModuleManager: Shutting down and abandoning module AutomationWindow (145)
[2016.01.25-22.35.47:846][304]LogModuleManager: Shutting down and abandoning module Layers (144)
[2016.01.25-22.35.47:846][304]LogModuleManager: Shutting down and abandoning module ComponentVisualizers (143)
[2016.01.25-22.35.47:846][304]LogModuleManager: Shutting down and abandoning module DetailCustomizations (142)
[2016.01.25-22.35.47:846][304]LogModuleManager: Shutting down and abandoning module PackagesDialog (141)
[2016.01.25-22.35.47:847][304]LogModuleManager: Shutting down and abandoning module Persona (140)
[2016.01.25-22.35.47:847][304]LogModuleManager: Shutting down and abandoning module Kismet (139)
[2016.01.25-22.35.47:847][304]LogModuleManager: Shutting down and abandoning module GraphEditor (138)
[2016.01.25-22.35.47:848][304]LogModuleManager: Shutting down and abandoning module ClassViewer (137)
[2016.01.25-22.35.47:849][304]LogModuleManager: Shutting down and abandoning module Toolbox (136)
[2016.01.25-22.35.47:849][304]LogModuleManager: Shutting down and abandoning module ModuleUI (135)
[2016.01.25-22.35.47:849][304]LogModuleManager: Shutting down and abandoning module MovieSceneTools (134)
[2016.01.25-22.35.47:850][304]LogModuleManager: Shutting down and abandoning module OutputLog (133)
[2016.01.25-22.35.47:850][304]LogModuleManager: Shutting down and abandoning module GammaUI (132)
[2016.01.25-22.35.47:850][304]LogModuleManager: Shutting down and abandoning module Documentation (131)
[2016.01.25-22.35.47:851][304]LogModuleManager: Shutting down and abandoning module GameLiveStreaming (130)
[2016.01.25-22.35.47:851][304]LogModuleManager: Shutting down and abandoning module StreamingPauseRendering (129)
[2016.01.25-22.35.47:851][304]LogModuleManager: Shutting down and abandoning module AnalyticsET (128)
[2016.01.25-22.35.47:851][304]LogModuleManager: Shutting down and abandoning module Analytics (127)
[2016.01.25-22.35.47:852][304]LogModuleManager: Shutting down and abandoning module AITestSuite (126)
[2016.01.25-22.35.47:852][304]LogModuleManager: Shutting down and abandoning module GameplayDebugger (125)
[2016.01.25-22.35.47:852][304]LogModuleManager: Shutting down and abandoning module AIModule (124)
[2016.01.25-22.35.47:853][304]LogModuleManager: Shutting down and abandoning module ProfilerService (123)
[2016.01.25-22.35.48:020][304]LogModuleManager: Shutting down and abandoning module TaskGraph (122)
[2016.01.25-22.35.48:021][304]LogModuleManager: Shutting down and abandoning module SlateRemote (121)
[2016.01.25-22.35.48:021][304]LogModuleManager: Shutting down and abandoning module SteamVRController (120)
[2016.01.25-22.35.48:022][304]LogModuleManager: Shutting down and abandoning module SteamVR (119)
[2016.01.25-22.35.48:022][304]LogModuleManager: Shutting down and abandoning module ProceduralMeshComponent (118)
[2016.01.25-22.35.48:022][304]LogModuleManager: Shutting down and abandoning module OculusRift (117)
[2016.01.25-22.35.48:022][304]LogModuleManager: Shutting down and abandoning module OculusLibrary (116)
[2016.01.25-22.35.48:023][304]LogModuleManager: Shutting down and abandoning module LeapMotionController (115)
[2016.01.25-22.35.48:032][304]LogModuleManager: Shutting down and abandoning module CustomMeshComponent (114)
[2016.01.25-22.35.48:032][304]LogModuleManager: Shutting down and abandoning module CableComponent (113)
[2016.01.25-22.35.48:033][304]LogModuleManager: Shutting down and abandoning module ArchVisCharacter (112)
[2016.01.25-22.35.48:033][304]LogModuleManager: Shutting down and abandoning module MessagingDebugger (111)
[2016.01.25-22.35.48:033][304]LogModuleManager: Shutting down and abandoning module MediaPlayerEditor (110)
[2016.01.25-22.35.48:034][304]LogModuleManager: Shutting down and abandoning module HTML5Networking (109)
[2016.01.25-22.35.48:034][304]LogModuleManager: Shutting down and abandoning module SpeedTreeImporter (108)
[2016.01.25-22.35.48:034][304]LogModuleManager: Shutting down and abandoning module PluginBrowser (107)
[2016.01.25-22.35.48:034][304]LogModuleManager: Shutting down and abandoning module EpicSurvey (106)
[2016.01.25-22.35.48:035][304]LogModuleManager: Shutting down and abandoning module DesktopPlatform (105)
[2016.01.25-22.35.48:035][304]LogModuleManager: Shutting down and abandoning module VisualStudioSourceCodeAccess (104)
[2016.01.25-22.35.48:035][304]LogModuleManager: Shutting down and abandoning module UObjectPlugin (103)
[2016.01.25-22.35.48:036][304]LogModuleManager: Shutting down and abandoning module SubversionSourceControl (102)
[2016.01.25-22.35.48:036][304]LogModuleManager: Shutting down and abandoning module PerforceSourceControl (101)
[2016.01.25-22.35.48:036][304]LogModuleManager: Shutting down and abandoning module SourceControl (100)
[2016.01.25-22.35.48:036][304]LogModuleManager: Shutting down and abandoning module GitSourceControl (99)
[2016.01.25-22.35.48:037][304]LogModuleManager: Shutting down and abandoning module LightPropagationVolumeEditor (98)
[2016.01.25-22.35.48:037][304]LogModuleManager: Shutting down and abandoning module PaperTiledImporter (97)
[2016.01.25-22.35.48:037][304]LogModuleManager: Shutting down and abandoning module PaperSpriteSheetImporter (96)
[2016.01.25-22.35.48:037][304]LogModuleManager: Shutting down and abandoning module MeshPaint (95)
[2016.01.25-22.35.48:037][304]LogModuleManager: Shutting down and abandoning module SlateReflector (94)
[2016.01.25-22.35.48:038][304]LogModuleManager: Shutting down and abandoning module HotReload (93)
[2016.01.25-22.35.48:038][304]LogModuleManager: Shutting down and abandoning module MainFrame (92)
[2016.01.25-22.35.48:038][304]LogModuleManager: Shutting down and abandoning module LevelEditor (91)
[2016.01.25-22.35.48:039][304]LogModuleManager: Shutting down and abandoning module DirectoryWatcher (90)
[2016.01.25-22.35.48:040][304]LogModuleManager: Shutting down and abandoning module AssetRegistry (89)
[2016.01.25-22.35.48:161][304]LogModuleManager: Shutting down and abandoning module ContentBrowser (88)
[2016.01.25-22.35.48:162][304]LogModuleManager: Shutting down and abandoning module Paper2DEditor (87)
[2016.01.25-22.35.48:163][304]LogModuleManager: Shutting down and abandoning module LostAge (86)
[2016.01.25-22.35.48:163][304]LogModuleManager: Shutting down and abandoning module UdpMessaging (85)
[2016.01.25-22.35.48:263][304]LogModuleManager: Shutting down and abandoning module LightPropagationVolumeRuntime (84)
[2016.01.25-22.35.48:263][304]LogModuleManager: Shutting down and abandoning module Paper2D (83)
[2016.01.25-22.35.48:263][304]LogModuleManager: Shutting down and abandoning module WindowsMoviePlayer (82)
[2016.01.25-22.35.48:266][304]LogModuleManager: Shutting down and abandoning module Media (81)
[2016.01.25-22.35.48:267][304]LogModuleManager: Shutting down and abandoning module WmfMedia (80)
[2016.01.25-22.35.48:269][304]LogModuleManager: Shutting down and abandoning module OnlineBlueprintSupport (79)
[2016.01.25-22.35.48:269][304]LogModuleManager: Shutting down and abandoning module GameplayTasksEditor (78)
[2016.01.25-22.35.48:269][304]LogModuleManager: Shutting down and abandoning module PropertyEditor (77)
[2016.01.25-22.35.48:269][304]LogModuleManager: Shutting down and abandoning module BehaviorTreeEditor (76)
[2016.01.25-22.35.48:270][304]LogModuleManager: Shutting down and abandoning module FunctionalTesting (75)
[2016.01.25-22.35.48:270][304]LogModuleManager: Shutting down and abandoning module CollisionAnalyzer (74)
[2016.01.25-22.35.48:270][304]LogModuleManager: Shutting down and abandoning module WorkspaceMenuStructure (73)
[2016.01.25-22.35.48:270][304]LogModuleManager: Shutting down and abandoning module MessageLog (72)
[2016.01.25-22.35.48:271][304]LogModuleManager: Shutting down and abandoning module Sequencer (71)
[2016.01.25-22.35.48:271][304]LogModuleManager: Shutting down and abandoning module AssetTools (70)
[2016.01.25-22.35.48:271][304]LogModuleManager: Shutting down and abandoning module UMGEditor (69)
[2016.01.25-22.35.48:271][304]LogModuleManager: Shutting down and abandoning module UMG (68)
[2016.01.25-22.35.48:272][304]LogModuleManager: Shutting down and abandoning module Slate (67)
[2016.01.25-22.35.48:272][304]LogModuleManager: Shutting down and abandoning module EditorStyle (66)
[2016.01.25-22.35.48:274][304]LogModuleManager: Shutting down and abandoning module SessionServices (65)
[2016.01.25-22.35.48:274][304]LogModuleManager: Shutting down and abandoning module SourceCodeAccess (64)
[2016.01.25-22.35.48:274][304]LogModuleManager: Shutting down and abandoning module HeadMountedDisplay (63)
[2016.01.25-22.35.48:275][304]LogModuleManager: Shutting down and abandoning module XAudio2 (62)
[2016.01.25-22.35.48:275][304]LogModuleManager: Shutting down and abandoning module Networking (60)
[2016.01.25-22.35.48:275][304]LogModuleManager: Shutting down and abandoning module Core (59)
[2016.01.25-22.35.48:275][304]LogModuleManager: Shutting down and abandoning module KismetCompiler (58)
[2016.01.25-22.35.48:275][304]LogModuleManager: Shutting down and abandoning module PhysXFormats (57)
[2016.01.25-22.35.48:276][304]LogModuleManager: Shutting down and abandoning module MeshUtilities (56)
[2016.01.25-22.35.48:276][304]LogModuleManager: Shutting down and abandoning module CookingStats (55)
[2016.01.25-22.35.48:277][304]LogModuleManager: Shutting down and abandoning module DerivedDataCache (54)
[2016.01.25-22.35.48:393][304]LogDerivedDataCache: Shutdown
[2016.01.25-22.35.48:393][304]LogModuleManager: Shutting down and abandoning module ShaderFormatOpenGL (53)
[2016.01.25-22.35.48:393][304]LogModuleManager: Shutting down and abandoning module ShaderFormatD3D (52)
[2016.01.25-22.35.48:393][304]LogModuleManager: Shutting down and abandoning module MetalShaderFormat (51)
[2016.01.25-22.35.48:394][304]LogModuleManager: Shutting down and abandoning module TextureFormatUncompressed (50)
[2016.01.25-22.35.48:394][304]LogModuleManager: Shutting down and abandoning module TextureFormatPVR (49)
[2016.01.25-22.35.48:394][304]LogModuleManager: Shutting down and abandoning module TextureFormatIntelISPCTexComp (48)
[2016.01.25-22.35.48:394][304]LogModuleManager: Shutting down and abandoning module TextureFormatDXT (47)
[2016.01.25-22.35.48:394][304]LogModuleManager: Shutting down and abandoning module ImageWrapper (46)
[2016.01.25-22.35.48:395][304]LogModuleManager: Shutting down and abandoning module TextureFormatASTC (45)
[2016.01.25-22.35.48:395][304]LogModuleManager: Shutting down and abandoning module TextureFormatAndroid (44)
[2016.01.25-22.35.48:395][304]LogModuleManager: Shutting down and abandoning module AudioFormatOpus (43)
[2016.01.25-22.35.48:395][304]LogModuleManager: Shutting down and abandoning module AudioFormatOgg (42)
[2016.01.25-22.35.48:396][304]LogModuleManager: Shutting down and abandoning module AudioFormatADPCM (41)
[2016.01.25-22.35.48:396][304]LogModuleManager: Shutting down and abandoning module LinuxTargetPlatform (40)
[2016.01.25-22.35.48:396][304]LogModuleManager: Shutting down and abandoning module LinuxServerTargetPlatform (39)
[2016.01.25-22.35.48:396][304]LogModuleManager: Shutting down and abandoning module LinuxNoEditorTargetPlatform (38)
[2016.01.25-22.35.48:397][304]LogModuleManager: Shutting down and abandoning module Messaging (37)
[2016.01.25-22.35.48:397][304]LogModuleManager: Shutting down and abandoning module IOSTargetPlatform (36)
[2016.01.25-22.35.48:397][304]LogModuleManager: Shutting down and abandoning module HTML5TargetPlatform (35)
[2016.01.25-22.35.48:397][304]LogModuleManager: Shutting down and abandoning module Android_PVRTCTargetPlatform (34)
[2016.01.25-22.35.48:397][304]LogModuleManager: Shutting down and abandoning module Android_ETC2TargetPlatform (33)
[2016.01.25-22.35.48:397][304]LogModuleManager: Shutting down and abandoning module Android_ETC1TargetPlatform (32)
[2016.01.25-22.35.48:398][304]LogModuleManager: Shutting down and abandoning module Android_DXTTargetPlatform (31)
[2016.01.25-22.35.48:398][304]LogModuleManager: Shutting down and abandoning module Android_ATCTargetPlatform (30)
[2016.01.25-22.35.48:398][304]LogModuleManager: Shutting down and abandoning module Android_ASTCTargetPlatform (29)
[2016.01.25-22.35.48:398][304]LogModuleManager: Shutting down and abandoning module AndroidTargetPlatform (28)
[2016.01.25-22.35.48:398][304]LogModuleManager: Shutting down and abandoning module WindowsTargetPlatform (27)
[2016.01.25-22.35.48:399][304]LogModuleManager: Shutting down and abandoning module WindowsServerTargetPlatform (26)
[2016.01.25-22.35.48:399][304]LogModuleManager: Shutting down and abandoning module WindowsNoEditorTargetPlatform (25)
[2016.01.25-22.35.48:399][304]LogModuleManager: Shutting down and abandoning module WindowsClientTargetPlatform (24)
[2016.01.25-22.35.48:399][304]LogModuleManager: Shutting down and abandoning module AllDesktopTargetPlatform (23)
[2016.01.25-22.35.48:399][304]LogModuleManager: Shutting down and abandoning module TargetPlatform (22)
[2016.01.25-22.35.48:400][304]LogModuleManager: Shutting down and abandoning module InputCore (21)
[2016.01.25-22.35.48:400][304]LogModuleManager: Shutting down and abandoning module Settings (20)
[2016.01.25-22.35.48:400][304]LogModuleManager: Shutting down and abandoning module OnlineSubsystem (18)
[2016.01.25-22.35.48:400][304]LogModuleManager: Shutting down and abandoning module HTTP (17)
[2016.01.25-22.35.49:400][304]LogModuleManager: Shutting down and abandoning module XMPP (16)
[2016.01.25-22.35.49:401][304]LogModuleManager: Shutting down and abandoning module ExampleDeviceProfileSelector (15)
[2016.01.25-22.35.49:401][304]LogModuleManager: Shutting down and abandoning module TextureCompressor (14)
[2016.01.25-22.35.49:402][304]LogModuleManager: Shutting down and abandoning module ShaderCore (13)
[2016.01.25-22.35.49:402][304]LogModuleManager: Shutting down and abandoning module Landscape (12)
[2016.01.25-22.35.49:402][304]LogModuleManager: Shutting down and abandoning module SlateRHIRenderer (11)
[2016.01.25-22.35.49:404][304]LogModuleManager: Shutting down and abandoning module OpenGLDrv (10)
[2016.01.25-22.35.49:405][304]LogModuleManager: Shutting down and abandoning module D3D11RHI (9)
[2016.01.25-22.35.49:405][304]LogModuleManager: Shutting down and abandoning module AnimGraphRuntime (8)
[2016.01.25-22.35.49:405][304]LogModuleManager: Shutting down and abandoning module Renderer (7)
[2016.01.25-22.35.49:406][304]LogModuleManager: Shutting down and abandoning module Engine (6)
[2016.01.25-22.35.49:406][304]LogModuleManager: Shutting down and abandoning module CoreUObject (5)
[2016.01.25-22.35.49:406][304]LogModuleManager: Shutting down and abandoning module NetworkFile (4)
[2016.01.25-22.35.49:406][304]LogModuleManager: Shutting down and abandoning module StreamingFile (3)
[2016.01.25-22.35.49:407][304]LogModuleManager: Shutting down and abandoning module SandboxFile (2)
[2016.01.25-22.35.49:407][304]LogModuleManager: Shutting down and abandoning module PakFile (1)
[2016.01.25-22.35.49:410][304]LogExit: Exiting.
[2016.01.25-22.35.49:412][304]Log file closed, 01/25/16 17:35:49
