[2016.01.26-18.21.10:586][  0]Log file open, 01/26/16 13:21:10
[2016.01.26-18.21.10:586][  0]LogInit:Display: Running engine for game: LostAge
[2016.01.26-18.21.10:586][  0]LogInit:Display: RandInit(244669230) SRandInit(244669230).
[2016.01.26-18.21.10:587][  0]LogTaskGraph: Started task graph with 4 named threads and 7 total threads.
[2016.01.26-18.21.10:587][  0]LogStats: Stats thread started at 0.492652
[2016.01.26-18.21.10:587][  0]LogInit: Version: 4.9.2-2707645+++depot+UE4-Releases+4.9
[2016.01.26-18.21.10:587][  0]LogInit: API Version: 2672455
[2016.01.26-18.21.10:588][  0]LogInit: Compiled (64-bit): Sep 28 2015 10:25:44
[2016.01.26-18.21.10:588][  0]LogInit: Compiled with Visual C++: 18.00.21005.01
[2016.01.26-18.21.10:588][  0]LogInit: Build Configuration: DebugGame
[2016.01.26-18.21.10:588][  0]LogInit: Branch Name: ++depot+UE4-Releases+4.9
[2016.01.26-18.21.10:589][  0]LogInit: Command line:  -debug
[2016.01.26-18.21.10:589][  0]LogInit: Base directory: C:/Program Files/Epic Games/4.9/Engine/Binaries/Win64/
[2016.01.26-18.21.10:589][  0]LogInit: Rocket: 1
[2016.01.26-18.21.10:838][  0]LogInit: Using libcurl 7.41.0
[2016.01.26-18.21.10:838][  0]LogInit:  - built for x86_64-pc-win32
[2016.01.26-18.21.10:839][  0]LogInit:  - supports SSL with WinSSL
[2016.01.26-18.21.10:839][  0]LogInit:  - other features:
[2016.01.26-18.21.10:840][  0]LogInit:      CURL_VERSION_SSL
[2016.01.26-18.21.10:840][  0]LogInit:      CURL_VERSION_IPV6
[2016.01.26-18.21.10:841][  0]LogInit:      CURL_VERSION_ASYNCHDNS
[2016.01.26-18.21.10:841][  0]LogInit:      CURL_VERSION_LARGEFILE
[2016.01.26-18.21.10:842][  0]LogInit:      CURL_VERSION_IDN
[2016.01.26-18.21.10:842][  0]LogInit:  CurlRequestOptions (configurable via config and command line):
[2016.01.26-18.21.10:843][  0]LogInit:  - bVerifyPeer = true  - Libcurl will verify peer certificate
[2016.01.26-18.21.10:843][  0]LogInit:  - bUseHttpProxy = false  - Libcurl will NOT use HTTP proxy
[2016.01.26-18.21.10:844][  0]LogInit:  - bDontReuseConnections = false  - Libcurl will reuse connections
[2016.01.26-18.21.10:844][  0]LogInit:  - CertBundlePath = nullptr  - Libcurl will use whatever was configured at build time.
[2016.01.26-18.21.11:394][  0]LogInit: WinSock: version 1.1 (2.2), MaxSocks=32767, MaxUdp=65467
[2016.01.26-18.21.11:495][  0]LogVoice:Warning: Failed to initialize voice interface
[2016.01.26-18.21.11:500][  0]LogInit: Presizing for 0 objects not considered by GC, pre-allocating 0 bytes.
[2016.01.26-18.21.11:507][  0]LogInit: Object subsystem initialized
[2016.01.26-18.21.11:509][  0]LogInit: Selected Device Profile: [Windows]
[2016.01.26-18.21.11:509][  0]LogInit: Applying CVar settings loaded from the selected device profile: [Windows]
[2016.01.26-18.21.11:525][  0]LogInit: Computer: FREDERIC-PC
[2016.01.26-18.21.11:526][  0]LogInit: User: frederic
[2016.01.26-18.21.11:526][  0]LogInit: CPU Page size=4096, Cores=4
[2016.01.26-18.21.11:526][  0]LogInit: High frequency timer resolution =3.331240 MHz
[2016.01.26-18.21.11:527][  0]LogMemory: Memory total: Physical=15.9GB (16GB approx)
[2016.01.26-18.21.11:527][  0]LogMemory: Platform Memory Stats for Windows
[2016.01.26-18.21.11:527][  0]LogMemory: Process Physical Memory: 55.21 MB used, 55.21 MB peak
[2016.01.26-18.21.11:527][  0]LogMemory: Process Virtual Memory: 55.86 MB used, 55.86 MB peak
[2016.01.26-18.21.11:527][  0]LogMemory: Physical Memory: 7426.46 MB used, 16288.39 MB total
[2016.01.26-18.21.11:528][  0]LogMemory: Virtual Memory: 337.63 MB used, 8388608.00 MB total
[2016.01.26-18.21.13:713][  0]LogTextLocalizationManager: No translations for ('fr-CA') exist, falling back to 'en' for localization and internationalization data.
[2016.01.26-18.21.15:904][  0]LogD3D11RHI: Found D3D11 adapter 0: NVIDIA GeForce GTX 970 (Feature Level 11_0)
[2016.01.26-18.21.15:904][  0]LogD3D11RHI: Adapter has 4008MB of dedicated video memory, 0MB of dedicated system memory, and 7888MB of shared system memory, 1 output[s]
[2016.01.26-18.21.16:236][  0]LogD3D11RHI: Found D3D11 adapter 1: Intel(R) HD Graphics 3000 (Feature Level 10_0)
[2016.01.26-18.21.16:237][  0]LogD3D11RHI: Adapter has 64MB of dedicated video memory, 0MB of dedicated system memory, and 1632MB of shared system memory, 0 output[s]
[2016.01.26-18.21.16:237][  0]LogD3D11RHI: Chosen D3D11 Adapter Id = 0
[2016.01.26-18.21.16:241][  0]LogD3D11RHI: !Direct3DDevice
[2016.01.26-18.21.16:241][  0]LogRHI: Texture pool is 1361 MB (70% of 1945 MB)
[2016.01.26-18.21.16:294][  0]LogD3D11RHI: Async texture creation enabled
[2016.01.26-18.21.16:309][  0]LogShaderCompilers: Guid format shader working directory is 15 characters bigger than the processId version (../../../../../../Users/frederic/Documents/Unreal Projects/LostAge/Intermediate/Shaders/WorkingDirectory/5880/).
[2016.01.26-18.21.16:309][  0]LogShaderCompilers: Cleaned the shader compiler working directory '../../../../../../Users/frederic/Documents/Unreal Projects/LostAge/Intermediate/Shaders/tmp/ACBCC9F7452317BCB83E55B2A18A2EF8/'.
[2016.01.26-18.21.16:310][  0]LogShaderCompilers:Display: Using Local Shader Compiler.
[2016.01.26-18.21.18:434][  0]LogTemp:Display: Loaded TP AllDesktopTargetPlatform
[2016.01.26-18.21.18:475][  0]LogTemp:Display: Loaded TP WindowsClientTargetPlatform
[2016.01.26-18.21.18:555][  0]LogTemp:Display: Loaded TP WindowsNoEditorTargetPlatform
[2016.01.26-18.21.18:611][  0]LogTemp:Display: Loaded TP WindowsServerTargetPlatform
[2016.01.26-18.21.18:678][  0]LogTemp:Display: Loaded TP WindowsTargetPlatform
[2016.01.26-18.21.18:736][  0]LogTemp:Display: Loaded TP AndroidTargetPlatform
[2016.01.26-18.21.18:782][  0]LogTemp:Display: Loaded TP Android_ASTCTargetPlatform
[2016.01.26-18.21.18:817][  0]LogTemp:Display: Loaded TP Android_ATCTargetPlatform
[2016.01.26-18.21.18:854][  0]LogTemp:Display: Loaded TP Android_DXTTargetPlatform
[2016.01.26-18.21.18:886][  0]LogTemp:Display: Loaded TP Android_ETC1TargetPlatform
[2016.01.26-18.21.18:941][  0]LogTemp:Display: Loaded TP Android_ETC2TargetPlatform
[2016.01.26-18.21.18:965][  0]LogTemp:Display: Loaded TP Android_PVRTCTargetPlatform
[2016.01.26-18.21.18:998][  0]LogTemp:Display: Loaded TP HTML5TargetPlatform
[2016.01.26-18.21.19:324][  0]LogTemp:Display: Loaded TP IOSTargetPlatform
[2016.01.26-18.21.19:362][  0]LogTemp:Display: Loaded TP LinuxNoEditorTargetPlatform
[2016.01.26-18.21.19:398][  0]LogTemp:Display: Loaded TP LinuxServerTargetPlatform
[2016.01.26-18.21.19:427][  0]LogTemp:Display: Loaded TP LinuxTargetPlatform
[2016.01.26-18.21.19:428][  0]LogTargetPlatformManager:Display: Building Assets For Windows
[2016.01.26-18.21.21:655][  0]LogDerivedDataCache:Display: Max Cache Size: 512 MB
[2016.01.26-18.21.21:751][  0]LogDerivedDataCache: Loaded boot cache 0.09s 42MB C:/Users/frederic/AppData/Local/UnrealEngine/4.9/DerivedDataCache/Boot.ddc.
[2016.01.26-18.21.21:751][  0]LogDerivedDataCache:Display: Loaded Boot cache: C:/Users/frederic/AppData/Local/UnrealEngine/4.9/DerivedDataCache/Boot.ddc
[2016.01.26-18.21.21:752][  0]LogDerivedDataCache: FDerivedDataBackendGraph:  Pak pak cache file ../../../../../../Users/frederic/Documents/Unreal Projects/LostAge/DerivedDataCache/DDC.ddp not found, will not use a pak cache.
[2016.01.26-18.21.21:752][  0]LogDerivedDataCache: Unable to find inner node Pak for hierarchical cache Hierarchy.
[2016.01.26-18.21.21:752][  0]LogDerivedDataCache: FDerivedDataBackendGraph:  CompressedPak pak cache file ../../../../../../Users/frederic/Documents/Unreal Projects/LostAge/DerivedDataCache/Compressed.ddp not found, will not use a pak cache.
[2016.01.26-18.21.21:753][  0]LogDerivedDataCache: Unable to find inner node CompressedPak for hierarchical cache Hierarchy.
[2016.01.26-18.21.21:914][  0]LogDerivedDataCache:Display: Pak cache opened for reading ../../../Engine/DerivedDataCache/Compressed.ddp.
[2016.01.26-18.21.21:926][  0]LogDerivedDataCache: Using Local data cache path C:/Users/frederic/AppData/Local/UnrealEngine/Common/DerivedDataCache: Writable
[2016.01.26-18.21.55:644][  0]LogInit: Selected Device Profile: [Windows]
[2016.01.26-18.21.55:645][  0]LogContentStreaming: Texture pool size is 0.000000MB
[2016.01.26-18.21.55:814][  0]LogMeshUtilities: No automatic mesh reduction module available
[2016.01.26-18.21.55:814][  0]LogMeshUtilities: No automatic mesh merging module available
[2016.01.26-18.22.04:316][  0]UdpMessaging: Initializing bridge on interface 0.0.0.0:0 to multicast group 230.0.0.1:6666.
[2016.01.26-18.22.05:807][  0]LogAssetRegistry: FAssetRegistry took 0.0115 seconds to start up
[2016.01.26-18.22.08:541][  0]SourceControl: Info Source control is disabled
[2016.01.26-18.22.08:543][  0]SourceControl: Info Source control is disabled
[2016.01.26-18.22.08:703][  0]SourceControl: Info Source control is disabled
[2016.01.26-18.22.09:087][  0]SourceControl: Info Source control is disabled
[2016.01.26-18.22.11:847][  0]LogLinker:Warning: Asset '../../../Engine/Plugins/Runtime/LeapMotionController/Content/LM_PassthroughMaterial.uasset' has been saved with empty engine version. The asset will be loaded but may be incompatible.
[2016.01.26-18.22.13:095][  0]LogObj: 31791 objects as part of root set at end of initial load.
[2016.01.26-18.22.13:096][  0]LogUObjectAllocator: 7252848 out of 0 bytes used by permanent object pool.
[2016.01.26-18.22.14:396][  0]LogEngine: Initializing Engine...
[2016.01.26-18.22.14:398][  0]LogHMD: Can't find Oculus library dev build: is proper Runtime installed? Version: 0.7.0.0
[2016.01.26-18.22.15:119][  0]LogHMD: SteamVR failed to initialize.  Err: 110
[2016.01.26-18.22.15:579][  0]LogAIModule: Creating AISystem for world NewWorld
[2016.01.26-18.22.15:738][  0]LogInit: XAudio2 using 'Haut-parleurs (USB PnP Sound Device)' : 2 channels at 44.1 kHz using 16 bits per sample (channel mask 0x3)
[2016.01.26-18.22.15:758][  0]LogInit: FAudioDevice initialized.
[2016.01.26-18.22.15:779][  0]LogDerivedDataCache: Saved boot cache 0.02s 42MB C:/Users/frederic/AppData/Local/UnrealEngine/4.9/DerivedDataCache/Boot.ddc.
[2016.01.26-18.22.15:785][  0]LogInit: Texture streaming: Enabled
[2016.01.26-18.22.16:190][  0]LogAnalytics: Creating configured Analytics provider AnalyticsET
[2016.01.26-18.22.16:190][  0]LogAnalytics: [UEEditor.Rocket.Release] APIServer = http://et2.epicgames.com/ET2/. AppVersion = 4.9.2-2707645+++depot+UE4-Releases+4.9
[2016.01.26-18.22.16:191][  0]LogAnalytics: [UEEditor.Rocket.Release] SetUserId c8da8d664a36a98701fe659c10ae4ff8|70626fa7f476448fb82ad9618fbbb1ab|00e7fb16-00c3-4af4-a2a1-2cc8013aae38
[2016.01.26-18.22.16:191][  0]LogAnalytics: [UEEditor.Rocket.Release] AnalyticsET::StartSession
[2016.01.26-18.22.16:499][  0]LogInit: Transaction tracking system initialized
[2016.01.26-18.22.17:940][  0]BlueprintLog: New page: Editor Load
[2016.01.26-18.22.23:637][  0]LocalizationService: Info Localization service is disabled
[2016.01.26-18.22.25:894][  0]LogLinker:Warning: Can't find file '/Game/ThirdPersonCPP/ThirdPersonOverview'
[2016.01.26-18.22.25:895][  0]LogLinker:Warning: Can't find file '/Game/ThirdPersonCPP/ThirdPersonOverview'
[2016.01.26-18.22.25:895][  0]LogUObjectGlobals:Warning: Failed to find object 'Class /Game/ThirdPersonCPP/ThirdPersonOverview.ThirdPersonOverview_C'
[2016.01.26-18.22.26:130][  0]LogConsoleResponse:Display: 
[2016.01.26-18.22.26:514][  0]LogCook:Display: Done creating registry. It took  0.00s.
[2016.01.26-18.22.26:940][  0]LogFileCache: Scanning file cache for directory 'C:/Users/frederic/Documents/Unreal Projects/LostAge/Content/' took 0.01s
[2016.01.26-18.22.28:331][  0]SourceControl: Info Source control is disabled
[2016.01.26-18.22.28:332][  0]Cmd: MAP LOAD FILE="../../../../../../Users/frederic/Documents/Unreal Projects/LostAge/Content/FirstPersonCPP/Maps/MainMenu.umap" TEMPLATE=0 SHOWPROGRESS=1 FEATURELEVEL=3
[2016.01.26-18.22.28:334][  0]LightingResults: New page: Lighting Build
[2016.01.26-18.22.28:340][  0]MapCheck: New page: Map Check
[2016.01.26-18.22.28:340][  0]LightingResults: New page: Lighting Build
[2016.01.26-18.22.28:351][  0]LogParticles: Destroying 0 GPU particle simulations for FXSystem 0x0000000023C32160
[2016.01.26-18.22.28:355][  0]LogAIModule: