[2016.01.27-01.23.17:769][  0]Log file open, 01/26/16 20:23:17
[2016.01.27-01.23.17:769][  0]LogInit:Display: Running engine for game: LostAge
[2016.01.27-01.23.17:769][  0]LogInit:Display: RandInit(-1848249020) SRandInit(-1848249020).
[2016.01.27-01.23.17:769][  0]LogTaskGraph: Started task graph with 4 named threads and 7 total threads.
[2016.01.27-01.23.17:770][  0]LogStats: Stats thread started at 0.175991
[2016.01.27-01.23.17:770][  0]LogInit: Version: 4.9.2-2707645+++depot+UE4-Releases+4.9
[2016.01.27-01.23.17:770][  0]LogInit: API Version: 2672455
[2016.01.27-01.23.17:770][  0]LogInit: Compiled (64-bit): Sep 28 2015 10:25:44
[2016.01.27-01.23.17:770][  0]LogInit: Compiled with Visual C++: 18.00.21005.01
[2016.01.27-01.23.17:771][  0]LogInit: Build Configuration: DebugGame
[2016.01.27-01.23.17:771][  0]LogInit: Branch Name: ++depot+UE4-Releases+4.9
[2016.01.27-01.23.17:771][  0]LogInit: Command line:  -debug
[2016.01.27-01.23.17:771][  0]LogInit: Base directory: C:/Program Files/Epic Games/4.9/Engine/Binaries/Win64/
[2016.01.27-01.23.17:771][  0]LogInit: Rocket: 1
[2016.01.27-01.23.17:809][  0]LogInit: Using libcurl 7.41.0
[2016.01.27-01.23.17:809][  0]LogInit:  - built for x86_64-pc-win32
[2016.01.27-01.23.17:810][  0]LogInit:  - supports SSL with WinSSL
[2016.01.27-01.23.17:810][  0]LogInit:  - other features:
[2016.01.27-01.23.17:810][  0]LogInit:      CURL_VERSION_SSL
[2016.01.27-01.23.17:810][  0]LogInit:      CURL_VERSION_IPV6
[2016.01.27-01.23.17:811][  0]LogInit:      CURL_VERSION_ASYNCHDNS
[2016.01.27-01.23.17:811][  0]LogInit:      CURL_VERSION_LARGEFILE
[2016.01.27-01.23.17:811][  0]LogInit:      CURL_VERSION_IDN
[2016.01.27-01.23.17:811][  0]LogInit:  CurlRequestOptions (configurable via config and command line):
[2016.01.27-01.23.17:812][  0]LogInit:  - bVerifyPeer = true  - Libcurl will verify peer certificate
[2016.01.27-01.23.17:812][  0]LogInit:  - bUseHttpProxy = false  - Libcurl will NOT use HTTP proxy
[2016.01.27-01.23.17:812][  0]LogInit:  - bDontReuseConnections = false  - Libcurl will reuse connections
[2016.01.27-01.23.17:812][  0]LogInit:  - CertBundlePath = nullptr  - Libcurl will use whatever was configured at build time.
[2016.01.27-01.23.17:985][  0]LogInit: WinSock: version 1.1 (2.2), MaxSocks=32767, MaxUdp=65467
[2016.01.27-01.23.18:000][  0]LogVoice:Warning: Failed to initialize voice interface
[2016.01.27-01.23.18:006][  0]LogInit: Presizing for 0 objects not considered by GC, pre-allocating 0 bytes.
[2016.01.27-01.23.18:014][  0]LogInit: Object subsystem initialized
[2016.01.27-01.23.18:016][  0]LogInit: Selected Device Profile: [Windows]
[2016.01.27-01.23.18:017][  0]LogInit: Applying CVar settings loaded from the selected device profile: [Windows]
[2016.01.27-01.23.18:026][  0]LogInit: Computer: FREDERIC-PC
[2016.01.27-01.23.18:027][  0]LogInit: User: frederic
[2016.01.27-01.23.18:027][  0]LogInit: CPU Page size=4096, Cores=4
[2016.01.27-01.23.18:027][  0]LogInit: High frequency timer resolution =3.331220 MHz
[2016.01.27-01.23.18:027][  0]LogMemory: Memory total: Physical=15.9GB (16GB approx)
[2016.01.27-01.23.18:028][  0]LogMemory: Platform Memory Stats for Windows
[2016.01.27-01.23.18:028][  0]LogMemory: Process Physical Memory: 54.99 MB used, 54.99 MB peak
[2016.01.27-01.23.18:028][  0]LogMemory: Process Virtual Memory: 55.68 MB used, 55.68 MB peak
[2016.01.27-01.23.18:028][  0]LogMemory: Physical Memory: 5161.87 MB used, 16288.39 MB total
[2016.01.27-01.23.18:028][  0]LogMemory: Virtual Memory: 337.63 MB used, 8388608.00 MB total
[2016.01.27-01.23.18:118][  0]LogTextLocalizationManager: No translations for ('fr-CA') exist, falling back to 'en' for localization and internationalization data.
[2016.01.27-01.23.18:800][  0]LogD3D11RHI: Found D3D11 adapter 0: NVIDIA GeForce GTX 970 (Feature Level 11_0)
[2016.01.27-01.23.18:801][  0]LogD3D11RHI: Adapter has 4008MB of dedicated video memory, 0MB of dedicated system memory, and 7888MB of shared system memory, 1 output[s]
[2016.01.27-01.23.18:808][  0]LogD3D11RHI: Found D3D11 adapter 1: Intel(R) HD Graphics 3000 (Feature Level 10_0)
[2016.01.27-01.23.18:809][  0]LogD3D11RHI: Adapter has 64MB of dedicated video memory, 0MB of dedicated system memory, and 1632MB of shared system memory, 0 output[s]
[2016.01.27-01.23.18:809][  0]LogD3D11RHI: Chosen D3D11 Adapter Id = 0
[2016.01.27-01.23.18:814][  0]LogD3D11RHI: !Direct3DDevice
[2016.01.27-01.23.18:814][  0]LogRHI: Texture pool is 1361 MB (70% of 1945 MB)
[2016.01.27-01.23.18:868][  0]LogD3D11RHI: Async texture creation enabled
[2016.01.27-01.23.18:886][  0]LogShaderCompilers: Guid format shader working directory is 15 characters bigger than the processId version (../../../../../../Users/frederic/Documents/Unreal Projects/LostAge/Intermediate/Shaders/WorkingDirectory/5676/).
[2016.01.27-01.23.18:886][  0]LogShaderCompilers: Cleaned the shader compiler working directory '../../../../../../Users/frederic/Documents/Unreal Projects/LostAge/Intermediate/Shaders/tmp/BFD146D54AE10E7D23C7BA8F86959919/'.
[2016.01.27-01.23.18:887][  0]LogShaderCompilers:Display: Using Local Shader Compiler.
[2016.01.27-01.23.20:106][  0]LogTemp:Display: Loaded TP AllDesktopTargetPlatform
[2016.01.27-01.23.20:125][  0]LogTemp:Display: Loaded TP WindowsClientTargetPlatform
[2016.01.27-01.23.20:144][  0]LogTemp:Display: Loaded TP WindowsNoEditorTargetPlatform
[2016.01.27-01.23.20:163][  0]LogTemp:Display: Loaded TP WindowsServerTargetPlatform
[2016.01.27-01.23.20:186][  0]LogTemp:Display: Loaded TP WindowsTargetPlatform
[2016.01.27-01.23.20:193][  0]LogTemp:Display: Loaded TP AndroidTargetPlatform
[2016.01.27-01.23.20:200][  0]LogTemp:Display: Loaded TP Android_ASTCTargetPlatform
[2016.01.27-01.23.20:208][  0]LogTemp:Display: Loaded TP Android_ATCTargetPlatform
[2016.01.27-01.23.20:215][  0]LogTemp:Display: Loaded TP Android_DXTTargetPlatform
[2016.01.27-01.23.20:223][  0]LogTemp:Display: Loaded TP Android_ETC1TargetPlatform
[2016.01.27-01.23.20:232][  0]LogTemp:Display: Loaded TP Android_ETC2TargetPlatform
[2016.01.27-01.23.20:241][  0]LogTemp:Display: Loaded TP Android_PVRTCTargetPlatform
[2016.01.27-01.23.20:245][  0]LogTemp:Display: Loaded TP HTML5TargetPlatform
[2016.01.27-01.23.20:278][  0]LogTemp:Display: Loaded TP IOSTargetPlatform
[2016.01.27-01.23.20:284][  0]LogTemp:Display: Loaded TP LinuxNoEditorTargetPlatform
[2016.01.27-01.23.20:290][  0]LogTemp:Display: Loaded TP LinuxServerTargetPlatform
[2016.01.27-01.23.20:337][  0]LogTemp:Display: Loaded TP LinuxTargetPlatform
[2016.01.27-01.23.20:337][  0]LogTargetPlatformManager:Display: Building Assets For Windows
[2016.01.27-01.23.20:564][  0]LogDerivedDataCache:Display: Max Cache Size: 512 MB
[2016.01.27-01.23.20:610][  0]LogDerivedDataCache: Loaded boot cache 0.05s 42MB C:/Users/frederic/AppData/Local/UnrealEngine/4.9/DerivedDataCache/Boot.ddc.
[2016.01.27-01.23.20:611][  0]LogDerivedDataCache:Display: Loaded Boot cache: C:/Users/frederic/AppData/Local/UnrealEngine/4.9/DerivedDataCache/Boot.ddc
[2016.01.27-01.23.20:611][  0]LogDerivedDataCache: FDerivedDataBackendGraph:  Pak pak cache file ../../../../../../Users/frederic/Documents/Unreal Projects/LostAge/DerivedDataCache/DDC.ddp not found, will not use a pak cache.
[2016.01.27-01.23.20:611][  0]LogDerivedDataCache: Unable to find inner node Pak for hierarchical cache Hierarchy.
[2016.01.27-01.23.20:611][  0]LogDerivedDataCache: FDerivedDataBackendGraph:  CompressedPak pak cache file ../../../../../../Users/frederic/Documents/Unreal Projects/LostAge/DerivedDataCache/Compressed.ddp not found, will not use a pak cache.
[2016.01.27-01.23.20:612][  0]LogDerivedDataCache: Unable to find inner node CompressedPak for hierarchical cache Hierarchy.
[2016.01.27-01.23.20:770][  0]LogDerivedDataCache:Display: Pak cache opened for reading ../../../Engine/DerivedDataCache/Compressed.ddp.
[2016.01.27-01.23.20:782][  0]LogDerivedDataCache: Using Local data cache path C:/Users/frederic/AppData/Local/UnrealEngine/Common/DerivedDataCache: Writable
[2016.01.27-01.23.20:996][  0]LogInit: Selected Device Profile: [Windows]
[2016.01.27-01.23.20:997][  0]LogContentStreaming: Texture pool size is 0.000000MB
[2016.01.27-01.23.21:035][  0]LogMeshUtilities: No automatic mesh reduction module available
[2016.01.27-01.23.21:036][  0]LogMeshUtilities: No automatic mesh merging module available
[2016.01.27-01.23.23:667][  0]UdpMessaging: Initializing bridge on interface 0.0.0.0:0 to multicast group 230.0.0.1:6666.
[2016.01.27-01.33.31:444][  0]LogAssetRegistry: FAssetRegistry took 0.0099 seconds to start up
[2016.01.27-01.33.32:360][  0]SourceControl: Info Source control is disabled
[2016.01.27-01.33.32:361][  0]SourceControl: Info Source control is disabled
[2016.01.27-01.33.32:375][  0]SourceControl: Info Source control is disabled
[2016.01.27-01.33.32:393][  0]SourceControl: Info Source control is disabled
[2016.01.27-01.33.32:580][  0]LogLinker:Warning: Asset '../../../Engine/Plugins/Runtime/LeapMotionController/Content/LM_PassthroughMaterial.uasset' has been saved with empty engine version. The asset will be loaded but may be incompatible.
[2016.01.27-01.33.32:678][  0]LogObj: 31829 objects as part of root set at end of initial load.
[2016.01.27-01.33.32:678][  0]LogUObjectAllocator: 7266512 out of 0 bytes used by permanent object pool.
[2016.01.27-01.33.32:761][  0]LogEngine: Initializing Engine...
[2016.01.27-01.33.32:764][  0]LogHMD: Can't find Oculus library dev build: is proper Runtime installed? Version: 0.7.0.0
[2016.01.27-01.33.32:766][  0]LogHMD: SteamVR failed to initialize.  Err: 110
[2016.01.27-01.33.32:904][  0]LogAIModule: Creating AISystem for world NewWorld
[2016.01.27-01.33.32:919][  0]LogInit: XAudio2 using 'Haut-parleurs (USB PnP Sound Device)' : 2 channels at 44.1 kHz using 16 bits per sample (channel mask 0x3)
[2016.01.27-01.33.32:927][  0]LogInit: FAudioDevice initialized.
[2016.01.27-01.33.32:947][  0]LogDerivedDataCache: Saved boot cache 0.02s 42MB C:/Users/frederic/AppData/Local/UnrealEngine/4.9/DerivedDataCache/Boot.ddc.
[2016.01.27-01.33.32:954][  0]LogInit: Texture streaming: Enabled
[2016.01.27-01.33.32:971][  0]LogAnalytics: Creating configured Analytics provider AnalyticsET
[2016.01.27-01.33.32:971][  0]LogAnalytics: [UEEditor.Rocket.Release] APIServer = http://et2.epicgames.com/ET2/. AppVersion = 4.9.2-2707645+++depot+UE4-Releases+4.9
[2016.01.27-01.33.32:972][  0]LogAnalytics: [UEEditor.Rocket.Release] SetUserId c8da8d664a36a98701fe659c10ae4ff8|70626fa7f476448fb82ad9618fbbb1ab|00e7fb16-00c3-4af4-a2a1-2cc8013aae38
[2016.01.27-01.33.32:972][  0]LogAnalytics: [UEEditor.Rocket.Release] AnalyticsET::StartSession
[2016.01.27-01.33.32:991][  0]LogInit: Transaction tracking system initialized
[2016.01.27-01.33.33:106][  0]BlueprintLog: New page: Editor Load
[2016.01.27-01.33.33:540][  0]LocalizationService: Info Localization service is disabled
[2016.01.27-01.33.33:740][  0]LogLinker:Warning: Can't find file '/Game/ThirdPersonCPP/ThirdPersonOverview'
[2016.01.27-01.33.33:740][  0]LogLinker:Warning: Can't find file '/Game/ThirdPersonCPP/ThirdPersonOverview'
[2016.01.27-01.33.33:741][  0]LogUObjectGlobals:Warning: Failed to find object 'Class /Game/ThirdPersonCPP/ThirdPersonOverview.ThirdPersonOverview_C'
[2016.01.27-01.33.33:773][  0]LogConsoleResponse:Display: 
[2016.01.27-01.33.34:036][  0]LogCook:Display: Done creating registry. It took  0.00s.
[2016.01.27-01.33.34:238][  0]LogFileCache: Scanning file cache for directory 'C:/Users/frederic/Documents/Unreal Projects/LostAge/Content/' took 0.01s
[2016.01.27-01.33.34:238][  0]SourceControl: Info Source control is disabled
[2016.01.27-01.33.34:239][  0]Cmd: MAP LOAD FILE="../../../../../../Users/frederic/Documents/Unreal Projects/LostAge/Content/FirstPersonCPP/Maps/MainMenu.umap" TEMPLATE=0 SHOWPROGRESS=1 FEATURELEVEL=3
[2016.01.27-01.33.34:240][  0]LightingResults: New page: Lighting Build
[2016.01.27-01.33.34:245][  0]MapCheck: New page: Map Check
[2016.01.27-01.33.34:246][  0]LightingResults: New page: Lighting Build
[2016.01.27-01.33.34:257][  0]LogParticles: Destroying 0 GPU particle simulations for FXSystem 0x0000000023DB6480
[2016.01.27-01.33.34:262][  0]LogAIModule: Creating AISystem for world MainMenu
[2016.01.27-01.33.34:263][  0]LogEditorServer: Finished looking for orphan Actors (0.000 secs)
[2016.01.27-01.33.34:264][  0]Cmd: MAP CHECKDEP NOCLEARLOG
[2016.01.27-01.33.34:307][  0]MapCheck: Info Map check complete: 0 Error(s), 0 Warning(s), took 42.392ms to complete.
[2016.01.27-01.33.34:307][  0]LogFileHelpers: Loading map 'MainMenu' took 0.069
[2016.01.27-01.33.34:411][  0]LogCollectionManager: Loaded 0 collections in 0.001964 seconds
[2016.01.27-01.33.34:454][  0]LogFileCache: Scanning file cache for directory 'C:/Users/frederic/Documents/Unreal Projects/LostAge/Saved/Collections/' took 0.01s
[2016.01.27-01.33.34:455][  0]LogFileCache: Scanning file cache for directory 'C:/Users/frederic/Documents/Unreal Projects/LostAge/Content/Developers/frederic/Collections/' took 0.01s
[2016.01.27-01.33.34:455][  0]LogFileCache: Scanning file cache for directory 'C:/Users/frederic/Documents/Unreal Projects/LostAge/Content/Collections/' took 0.01s
[2016.01.27-01.33.34:456][  0]LogContentBrowser: Native class hierarchy populated in 0.0086 seconds. Added 1875 classes and 335 folders.
[2016.01.27-01.33.34:464][  0]LogCollectionManager: Rebuilt the GUID cache for 0 collections in 0.000002 seconds
[2016.01.27-01.33.34:479][  0]LogContentBrowser: Native class hierarchy updated for 'WidgetCarousel' in 0.0029 seconds. Added 0 classes and 0 folders.
[2016.01.27-01.33.34:542][  0]LogContentBrowser: Native class hierarchy updated for 'AddContentDialog' in 0.0018 seconds. Added 0 classes and 0 folders.
[2016.01.27-01.33.34:567][  0]LogContentBrowser: Native class hierarchy updated for 'SceneOutliner' in 0.0020 seconds. Added 1 classes and 2 folders.
[2016.01.27-01.33.34:652][  0]LogCrashTracker: Crashtracker disabled due to settings.
[2016.01.27-01.33.34:657][  0]LogUObjectGlobals:Warning: Failed to find object 'Class None.'
[2016.01.27-01.33.34:680][  0]LogLoad: Full Startup: 617.97 seconds (BP compile: 1.04 seconds)
[2016.01.27-01.33.34:751][  0]LogContentStreaming: Texture pool size now 1000 MB
[2016.01.27-01.33.34:892][  2]LogRenderer: Reallocating scene render targets to support 972x516 (Frame:2).
[2016.01.27-01.33.35:045][  3]LogAssetRegistry: Asset discovery search completed in 3.6108 seconds
[2016.01.27-01.33.35:045][  3]LogCollectionManager: Rebuilt the object cache for 0 collections in 0.000001 seconds (found 0 objects)
[2016.01.27-01.33.35:046][  3]LogCollectionManager: Fixed up redirectors for 0 collections in 0.000430 seconds (updated 0 objects)
[2016.01.27-01.33.42:883][541]LogPlayLevel: PlayLevel: No blueprints needed recompiling
[2016.01.27-01.33.42:884][541]PIE: New page: PIE session: MainMenu (Jan 26, 2016, 3:33:42 PM)
[2016.01.27-01.33.42:942][541]LogPlayLevel: Creating play world package: /Game/FirstPersonCPP/Maps/UEDPIE_0_MainMenu
[2016.01.27-01.33.42:943][541]LogPlayLevel: PIE: StaticDuplicateObject took: (0.000498s)
[2016.01.27-01.33.42:944][541]LogAIModule: Creating AISystem for world MainMenu
[2016.01.27-01.33.42:944][541]LogPlayLevel: PIE: World Init took: (0.001140s)
[2016.01.27-01.33.42:945][541]LogPlayLevel: PIE: Created PIE world by copying editor world from /Game/FirstPersonCPP/Maps/MainMenu.MainMenu to /Game/FirstPersonCPP/Maps/UEDPIE_0_MainMenu.MainMenu (0.003056s)
[2016.01.27-01.33.42:967][541]LogInit: XAudio2 using 'Haut-parleurs (USB PnP Sound Device)' : 2 channels at 44.1 kHz using 16 bits per sample (channel mask 0x3)
[2016.01.27-01.33.42:971][541]LogInit: FAudioDevice initialized.
[2016.01.27-01.33.43:029][541]LogWorld: Game class is 'LostAgeGameMode'
[2016.01.27-01.33.46:690][541]LogWorld: Bringing World /Game/FirstPersonCPP/Maps/UEDPIE_0_MainMenu.MainMenu up for play (max tick rate 3) at 2016.01.26-20.33.46
[2016.01.27-01.33.46:691][541]LogActor:Warning: GameSession /Game/FirstPersonCPP/Maps/UEDPIE_0_MainMenu.MainMenu:PersistentLevel.GameSession_0 has natively added scene component(s), but none of them were set as the actor's RootComponent - picking one arbitrarily
[2016.01.27-01.33.46:691][541]LogActor:Warning: GameNetworkManager /Game/FirstPersonCPP/Maps/UEDPIE_0_MainMenu.MainMenu:PersistentLevel.GameNetworkManager_0 has natively added scene component(s), but none of them were set as the actor's RootComponent - picking one arbitrarily
[2016.01.27-01.33.46:692][541]LogWorld: Bringing up level for play took: 0.002658
[2016.01.27-01.33.46:703][541]LogVoice:Warning: Failed to initialize voice interface
[2016.01.27-01.33.49:133][541]LogOnline:Warning: NULL: Can't start an online game for session (Game) that hasn't been created
[2016.01.27-01.33.49:831][541]PIE: Info Play in editor start time for /Game/FirstPersonCPP/Maps/UEDPIE_0_MainMenu 7.47
[2016.01.27-01.34.03:034][  9]LogInit: WinSock: I am frederic-PC (192.168.1.103:0)
[2016.01.27-01.34.12:184][107]LogNet: Browse: 192.168.1.103//Game/FirstPersonCPP/Maps/MainMenu
[2016.01.27-01.34.12:185][107]LogInit: WinSock: Socket queue 32768 / 32768
[2016.01.27-01.34.12:185][107]LogNet: Game client on port 7777, rate 10000
[2016.01.27-01.34.12:186][107]LogNet: GetLocalNetworkVersion: GEngineNetVersion: 2707645, ProjectName: lostage, ProjectVersion: 1.0.0.0, InternalProtocolVersion: 9, LocalNetworkVersion: 4161370921
[2016.01.27-01.34.12:217][111]LogNet: Welcomed by server (Level: /Game/FirstPersonCPP/Maps/FirstPersonExampleMap, Game: /Script/LostAge.LostAgeGameMode)
[2016.01.27-01.34.12:218][111]LogLoad: LoadMap: 192.168.1.103//Game/FirstPersonCPP/Maps/FirstPersonExampleMap?game=/Script/LostAge.LostAgeGameMode
[2016.01.27-01.34.12:233][111]LogParticles: Destroying 0 GPU particle simulations for FXSystem 0x00000000343AB6A0
[2016.01.27-01.34.12:237][111]Cmd: MEM
[2016.01.27-01.34.12:247][111]LogMemory: Platform Memory Stats for Windows
[2016.01.27-01.34.12:248][111]LogMemory: Process Physical Memory: 598.75 MB used, 599.97 MB peak
[2016.01.27-01.34.12:248][111]LogMemory: Process Virtual Memory: 976.25 MB used, 978.75 MB peak
[2016.01.27-01.34.12:249][111]LogMemory: Physical Memory: 7184.43 MB used, 16288.39 MB total
[2016.01.27-01.34.12:249][111]LogMemory: Virtual Memory: 1590.63 MB used, 8388608.00 MB total
[2016.01.27-01.34.12:249][111]LogMemory: 
[2016.01.27-01.34.12:249][111]Allocator Stats for TBB: (not implemented)
[2016.01.27-01.34.12:436][111]LogAIModule: Creating AISystem for world FirstPersonExampleMap
[2016.01.27-01.34.12:440][111]LogWorld: Bringing World /Game/FirstPersonCPP/Maps/FirstPersonExampleMap.FirstPersonExampleMap up for play (max tick rate 0) at 2016.01.26-20.34.12
[2016.01.27-01.34.12:441][111]LogWorld: Bringing up level for play took: 0.002860
[2016.01.27-01.36.12:796][112]LogD3D11RHI: Timed out while waiting for GPU to catch up. (500 ms)
[2016.01.27-01.36.12:801][112]LogNet: UChannel::ReceivedSequencedBunch: Bunch.bClose == true. ChIndex == 0. Calling ConditionalCleanUp.
[2016.01.27-01.36.12:802][112]LogNet: UChannel::CleanUp: [GameNetDriver] [LostAgePlayerController_1] [LostAgePlayerController_1]. ChIndex == 0. Closing connection.
[2016.01.27-01.36.12:803][112]LogNet: UNetConnection::Close: Name: IpConnection_0, Driver: GameNetDriver IpNetDriver_0, PC: LostAgePlayerController_1, Owner: LostAgePlayerController_1, Channels: 10, RemoteAddr: 192.168.1.103:7777, Time: 2016.01.27-01.36.12
[2016.01.27-01.36.12:803][112]LogNet: UChannel::Close: Sending CloseBunch. ChIndex == 0. Name: ControlChannel_0
[2016.01.27-01.36.12:804][112]LogNet:Warning: Network Failure: GameNetDriver[ConnectionLost]: Your connection to the host has been lost.
[2016.01.27-01.36.12:805][112]LogNet: NetworkFailure: ConnectionLost, Error: 'Your connection to the host has been lost.'
[2016.01.27-01.36.12:823][112]LogNet:Warning: FObjectReplicator::UpdateUnmappedObjects: Connection->State == USOCK_Closed
[2016.01.27-01.36.12:827][112]LogNet:Warning: FObjectReplicator::UpdateUnmappedObjects: Connection->State == USOCK_Closed
[2016.01.27-01.36.12:828][112]LogNet:Warning: FObjectReplicator::UpdateUnmappedObjects: Connection->State == USOCK_Closed
[2016.01.27-01.36.12:828][112]LogNet:Warning: FObjectReplicator::UpdateUnmappedObjects: Connection->State == USOCK_Closed
[2016.01.27-01.36.12:899][113]LogNet: Browse: /Game/FirstPersonCPP/Maps/MainMenu?closed
[2016.01.27-01.36.12:902][113]LogNet: Failed; returning to Entry
[2016.01.27-01.36.13:778][113]LogLoad: LoadMap: /Game/FirstPersonCPP/Maps/MainMenu?closed
[2016.01.27-01.36.13:778][113]LogNet: World NetDriver shutdown IpNetDriver_0 [GameNetDriver]
[2016.01.27-01.36.13:779][113]LogNet: DestroyNamedNetDriver IpNetDriver_0 [GameNetDriver]
[2016.01.27-01.36.13:779][113]LogExit: GameNetDriver IpNetDriver_0 shut down
[2016.01.27-01.36.13:793][113]LogParticles: Destroying 0 GPU particle simulations for FXSystem 0x000000004AF43880
[2016.01.27-01.36.13:884][113]Cmd: MEM
[2016.01.27-01.36.13:895][113]LogMemory: Platform Memory Stats for Windows
[2016.01.27-01.36.13:896][113]LogMemory: Process Physical Memory: 627.41 MB used, 1012.36 MB peak
[2016.01.27-01.36.13:896][113]LogMemory: Process Virtual Memory: 1099.05 MB used, 1484.60 MB peak
[2016.01.27-01.36.13:896][113]LogMemory: Physical Memory: 7331.69 MB used, 16288.39 MB total
[2016.01.27-01.36.13:896][113]LogMemory: Virtual Memory: 1700.75 MB used, 8388608.00 MB total
[2016.01.27-01.36.13:897][113]LogMemory: 
[2016.01.27-01.36.13:897][113]Allocator Stats for TBB: (not implemented)
[2016.01.27-01.36.13:897][113]LogPlayLevel: Creating play world package: /Game/FirstPersonCPP/Maps/UEDPIE_0_MainMenu
[2016.01.27-01.36.13:898][113]LogPlayLevel: PIE: StaticDuplicateObject took: (0.000520s)
[2016.01.27-01.36.13:899][113]LogAIModule: Creating AISystem for world MainMenu
[2016.01.27-01.36.13:900][113]LogPlayLevel: PIE: World Init took: (0.001841s)
[2016.01.27-01.36.13:900][113]LogPlayLevel: PIE: Created PIE world by copying editor world from /Game/FirstPersonCPP/Maps/MainMenu.MainMenu to /Game/FirstPersonCPP/Maps/UEDPIE_0_MainMenu.MainMenu (0.003237s)
[2016.01.27-01.36.13:901][113]LogWorld: Game class is 'LostAgeGameMode'
[2016.01.27-01.36.35:661][113]LogWorld: Bringing World /Game/FirstPersonCPP/Maps/UEDPIE_0_MainMenu.MainMenu up for play (max tick rate 3) at 2016.01.26-20.36.35
[2016.01.27-01.36.35:662][113]LogActor:Warning: GameSession /Game/FirstPersonCPP/Maps/UEDPIE_0_MainMenu.MainMenu:PersistentLevel.GameSession_1 has natively added scene component(s), but none of them were set as the actor's RootComponent - picking one arbitrarily
[2016.01.27-01.36.35:662][113]LogActor:Warning: GameNetworkManager /Game/FirstPersonCPP/Maps/UEDPIE_0_MainMenu.MainMenu:PersistentLevel.GameNetworkManager_1 has natively added scene component(s), but none of them were set as the actor's RootComponent - picking one arbitrarily
[2016.01.27-01.36.35:662][113]LogWorld: Bringing up level for play took: 0.001747
[2016.01.27-01.36.38:816][113]LogGameMode: Warning - PATHS NOT DEFINED or NO PLAYERSTART with positive rating
[2016.01.27-01.37.15:557][737]LogOnline:Warning: NULL: Session (Game) already exists, can't join twice
[2016.01.27-01.37.15:558][737]LogBlueprintUserMessages: [GameInstanceBP_C_0] Failed to join
[2016.01.27-01.37.16:549][856]LogNet: Browse: 192.168.1.103//Game/FirstPersonCPP/Maps/MainMenu
[2016.01.27-01.37.16:550][856]LogInit: WinSock: Socket queue 32768 / 32768
[2016.01.27-01.37.16:551][856]LogNet: Game client on port 7777, rate 10000
[2016.01.27-01.37.16:551][856]LogNet: GetLocalNetworkVersion: GEngineNetVersion: 2707645, ProjectName: lostage, ProjectVersion: 1.0.0.0, InternalProtocolVersion: 9, LocalNetworkVersion: 4161370921
[2016.01.27-01.37.16:582][860]LogNet: Welcomed by server (Level: /Game/FirstPersonCPP/Maps/FirstPersonExampleMap, Game: /Script/LostAge.LostAgeGameMode)
[2016.01.27-01.37.16:583][860]LogLoad: LoadMap: 192.168.1.103//Game/FirstPersonCPP/Maps/FirstPersonExampleMap?game=/Script/LostAge.LostAgeGameMode
[2016.01.27-01.37.16:596][860]LogParticles: Destroying 0 GPU particle simulations for FXSystem 0x0000000033F2B420
[2016.01.27-01.37.16:596][860]Cmd: MEM
[2016.01.27-01.37.16:606][860]LogMemory: Platform Memory Stats for Windows
[2016.01.27-01.37.16:607][860]LogMemory: Process Physical Memory: 618.30 MB used, 1012.36 MB peak
[2016.01.27-01.37.16:607][860]LogMemory: Proces