[2016.01.26-23.56.51:134][  0]Log file open, 01/26/16 18:56:51
[2016.01.26-23.56.51:134][  0]LogInit:Display: Running engine for game: LostAge
[2016.01.26-23.56.51:134][  0]LogInit:Display: RandInit(-1370097305) SRandInit(-1370097304).
[2016.01.26-23.56.51:134][  0]LogTaskGraph: Started task graph with 4 named threads and 7 total threads.
[2016.01.26-23.56.51:134][  0]LogStats: Stats thread started at 0.078738
[2016.01.26-23.56.51:134][  0]LogInit: Version: 4.9.2-2707645+++depot+UE4-Releases+4.9
[2016.01.26-23.56.51:134][  0]LogInit: API Version: 2672455
[2016.01.26-23.56.51:134][  0]LogInit: Compiled (64-bit): Sep 28 2015 10:25:44
[2016.01.26-23.56.51:134][  0]LogInit: Compiled with Visual C++: 18.00.21005.01
[2016.01.26-23.56.51:134][  0]LogInit: Build Configuration: DebugGame
[2016.01.26-23.56.51:134][  0]LogInit: Branch Name: ++depot+UE4-Releases+4.9
[2016.01.26-23.56.51:134][  0]LogInit: Command line:  /Temp/Autosaves/Game/FirstPersonCPP/Maps/UEDPCMainMenu -game -PIEVIACONSOLE -ResX=1280 -ResY=720  -Multiprocess -debug 
[2016.01.26-23.56.51:134][  0]LogInit: Base directory: C:/Program Files/Epic Games/4.9/Engine/Binaries/Win64/
[2016.01.26-23.56.51:134][  0]LogInit: Rocket: 1
[2016.01.26-23.56.51:158][  0]LogInit: Using libcurl 7.41.0
[2016.01.26-23.56.51:158][  0]LogInit:  - built for x86_64-pc-win32
[2016.01.26-23.56.51:158][  0]LogInit:  - supports SSL with WinSSL
[2016.01.26-23.56.51:158][  0]LogInit:  - other features:
[2016.01.26-23.56.51:158][  0]LogInit:      CURL_VERSION_SSL
[2016.01.26-23.56.51:158][  0]LogInit:      CURL_VERSION_IPV6
[2016.01.26-23.56.51:158][  0]LogInit:      CURL_VERSION_ASYNCHDNS
[2016.01.26-23.56.51:158][  0]LogInit:      CURL_VERSION_LARGEFILE
[2016.01.26-23.56.51:158][  0]LogInit:      CURL_VERSION_IDN
[2016.01.26-23.56.51:158][  0]LogInit:  CurlRequestOptions (configurable via config and command line):
[2016.01.26-23.56.51:158][  0]LogInit:  - bVerifyPeer = true  - Libcurl will verify peer certificate
[2016.01.26-23.56.51:158][  0]LogInit:  - bUseHttpProxy = false  - Libcurl will NOT use HTTP proxy
[2016.01.26-23.56.51:158][  0]LogInit:  - bDontReuseConnections = false  - Libcurl will reuse connections
[2016.01.26-23.56.51:158][  0]LogInit:  - CertBundlePath = nullptr  - Libcurl will use whatever was configured at build time.
[2016.01.26-23.56.51:179][  0]LogInit: WinSock: version 1.1 (2.2), MaxSocks=32767, MaxUdp=65467
[2016.01.26-23.56.51:186][  0]LogVoice:Warning: Failed to initialize voice interface
[2016.01.26-23.56.51:190][  0]LogInit: Presizing for 0 objects not considered by GC, pre-allocating 0 bytes.
[2016.01.26-23.56.51:197][  0]LogInit: Object subsystem initialized
[2016.01.26-23.56.51:199][  0]LogInit: Selected Device Profile: [Windows]
[2016.01.26-23.56.51:199][  0]LogInit: Applying CVar settings loaded from the selected device profile: [Windows]
[2016.01.26-23.56.51:203][  0]LogInit: Computer: FREDERIC-PC
[2016.01.26-23.56.51:203][  0]LogInit: User: frederic
[2016.01.26-23.56.51:203][  0]LogInit: CPU Page size=4096, Cores=4
[2016.01.26-23.56.51:203][  0]LogInit: High frequency timer resolution =3.331240 MHz
[2016.01.26-23.56.51:203][  0]LogMemory: Memory total: Physical=15.9GB (16GB approx)
[2016.01.26-23.56.51:203][  0]LogMemory: Platform Memory Stats for Windows
[2016.01.26-23.56.51:203][  0]LogMemory: Process Physical Memory: 55.68 MB used, 55.68 MB peak
[2016.01.26-23.56.51:203][  0]LogMemory: Process Virtual Memory: 59.59 MB used, 59.59 MB peak
[2016.01.26-23.56.51:203][  0]LogMemory: Physical Memory: 9009.32 MB used, 16288.39 MB total
[2016.01.26-23.56.51:203][  0]LogMemory: Virtual Memory: 343.57 MB used, 8388608.00 MB total
[2016.01.26-23.56.51:242][  0]LogTextLocalizationManager: No translations for ('fr-CA') exist, falling back to 'en' for localization and internationalization data.
[2016.01.26-23.56.51:942][  0]LogD3D11RHI: Found D3D11 adapter 0: NVIDIA GeForce GTX 970 (Feature Level 11_0)
[2016.01.26-23.56.51:942][  0]LogD3D11RHI: Adapter has 4008MB of dedicated video memory, 0MB of dedicated system memory, and 7888MB of shared system memory, 1 output[s]
[2016.01.26-23.56.51:945][  0]LogD3D11RHI: Found D3D11 adapter 1: Intel(R) HD Graphics 3000 (Feature Level 10_0)
[2016.01.26-23.56.51:945][  0]LogD3D11RHI: Adapter has 64MB of dedicated video memory, 0MB of dedicated system memory, and 1632MB of shared system memory, 0 output[s]
[2016.01.26-23.56.51:945][  0]LogD3D11RHI: Chosen D3D11 Adapter Id = 0
[2016.01.26-23.56.51:950][  0]LogD3D11RHI: !Direct3DDevice
[2016.01.26-23.56.51:950][  0]LogRHI: Texture pool is 1361 MB (70% of 1945 MB)
[2016.01.26-23.56.51:960][  0]LogD3D11RHI: Async texture creation enabled
[2016.01.26-23.56.51:975][  0]LogShaderCompilers: Guid format shader working directory is 15 characters bigger than the processId version (../../../../../../Users/frederic/Documents/Unreal Projects/LostAge/Intermediate/Shaders/WorkingDirectory/4200/).
[2016.01.26-23.56.51:975][  0]LogShaderCompilers: Cleaned the shader compiler working directory '../../../../../../Users/frederic/Documents/Unreal Projects/LostAge/Intermediate/Shaders/tmp/B9BA2DB14A241B9C95A25AA2D108610E/'.
[2016.01.26-23.56.51:975][  0]LogShaderCompilers:Display: Using Local Shader Compiler.
[2016.01.26-23.56.53:172][  0]LogTemp:Display: Loaded TP AllDesktopTargetPlatform
[2016.01.26-23.56.53:177][  0]LogTemp:Display: Loaded TP WindowsClientTargetPlatform
[2016.01.26-23.56.53:182][  0]LogTemp:Display: Loaded TP WindowsNoEditorTargetPlatform
[2016.01.26-23.56.53:187][  0]LogTemp:Display: Loaded TP WindowsServerTargetPlatform
[2016.01.26-23.56.53:191][  0]LogTemp:Display: Loaded TP WindowsTargetPlatform
[2016.01.26-23.56.53:195][  0]LogTemp:Display: Loaded TP AndroidTargetPlatform
[2016.01.26-23.56.53:198][  0]LogTemp:Display: Loaded TP Android_ASTCTargetPlatform
[2016.01.26-23.56.53:202][  0]LogTemp:Display: Loaded TP Android_ATCTargetPlatform
[2016.01.26-23.56.53:205][  0]LogTemp:Display: Loaded TP Android_DXTTargetPlatform
[2016.01.26-23.56.53:209][  0]LogTemp:Display: Loaded TP Android_ETC1TargetPlatform
[2016.01.26-23.56.53:212][  0]LogTemp:Display: Loaded TP Android_ETC2TargetPlatform
[2016.01.26-23.56.53:216][  0]LogTemp:Display: Loaded TP Android_PVRTCTargetPlatform
[2016.01.26-23.56.53:216][  0]LogTemp:Display: Loaded TP HTML5TargetPlatform
[2016.01.26-23.56.53:233][  0]LogTemp:Display: Loaded TP IOSTargetPlatform
[2016.01.26-23.56.53:236][  0]LogTemp:Display: Loaded TP LinuxNoEditorTargetPlatform
[2016.01.26-23.56.53:241][  0]LogTemp:Display: Loaded TP LinuxServerTargetPlatform
[2016.01.26-23.56.53:244][  0]LogTemp:Display: Loaded TP LinuxTargetPlatform
[2016.01.26-23.56.53:244][  0]LogTargetPlatformManager:Display: Building Assets For Windows
[2016.01.26-23.56.53:324][  0]LogDerivedDataCache:Display: Max Cache Size: 512 MB
[2016.01.26-23.56.53:368][  0]LogDerivedDataCache: Loaded boot cache 0.04s 42MB C:/Users/frederic/AppData/Local/UnrealEngine/4.9/DerivedDataCache/Boot.ddc.
[2016.01.26-23.56.53:368][  0]LogDerivedDataCache:Display: Loaded Boot cache: C:/Users/frederic/AppData/Local/UnrealEngine/4.9/DerivedDataCache/Boot.ddc
[2016.01.26-23.56.53:368][  0]LogDerivedDataCache: FDerivedDataBackendGraph:  Pak pak cache file ../../../../../../Users/frederic/Documents/Unreal Projects/LostAge/DerivedDataCache/DDC.ddp not found, will not use a pak cache.
[2016.01.26-23.56.53:368][  0]LogDerivedDataCache: Unable to find inner node Pak for hierarchical cache Hierarchy.
[2016.01.26-23.56.53:368][  0]LogDerivedDataCache: FDerivedDataBackendGraph:  CompressedPak pak cache file ../../../../../../Users/frederic/Documents/Unreal Projects/LostAge/DerivedDataCache/Compressed.ddp not found, will not use a pak cache.
[2016.01.26-23.56.53:368][  0]LogDerivedDataCache: Unable to find inner node CompressedPak for hierarchical cache Hierarchy.
[2016.01.26-23.56.53:511][  0]LogDerivedDataCache:Display: Pak cache opened for reading ../../../Engine/DerivedDataCache/Compressed.ddp.
[2016.01.26-23.56.53:522][  0]LogDerivedDataCache: Using Local data cache path C:/Users/frederic/AppData/Local/UnrealEngine/Common/DerivedDataCache: Writable
[2016.01.26-23.56.53:717][  0]LogInit: Selected Device Profile: [Windows]
[2016.01.26-23.56.53:717][  0]LogContentStreaming: Texture pool size is 1000.000000MB
[2016.01.26-23.56.53:730][  0]LogMeshUtilities: No automatic mesh reduction module available
[2016.01.26-23.56.53:730][  0]LogMeshUtilities: No automatic mesh merging module available
[2016.01.26-23.56.54:199][  0]LogWindowsMoviePlayer: Unable to load movie: ../../../../../../Users/frederic/Documents/Unreal Projects/LostAge/Content/Movies/Default_Startup.mp4
[2016.01.26-23.56.54:308][  0]SourceControl: Info Source control is disabled
[2016.01.26-23.56.54:309][  0]SourceControl: Info Source control is disabled
[2016.01.26-23.56.54:317][  0]SourceControl: Info Source control is disabled
[2016.01.26-23.56.54:394][  0]LogLinker:Warning: Asset '../../../Engine/Plugins/Runtime/LeapMotionController/Content/LM_PassthroughMaterial.uasset' has been saved with empty engine version. The asset will be loaded but may be incompatible.
[2016.01.26-23.56.54:464][  0]LogObj: 27709 objects as part of root set at end of initial load.
[2016.01.26-23.56.54:464][  0]LogUObjectAllocator: 5803208 out of 0 bytes used by permanent object pool.
[2016.01.26-23.56.54:517][  0]LogEngine: Initializing Engine...
[2016.01.26-23.56.54:519][  0]LogHMD: Can't find Oculus library dev build: is proper Runtime installed? Version: 0.7.0.0
[2016.01.26-23.56.54:519][  0]LogHMD: SteamVR failed to initialize.  Err: 110
[2016.01.26-23.56.54:629][  0]LogInit: XAudio2 using 'Haut-parleurs (USB PnP Sound Device)' : 2 channels at 44.1 kHz using 16 bits per sample (channel mask 0x3)
[2016.01.26-23.56.54:633][  0]LogInit: FAudioDevice initialized.
[2016.01.26-23.56.54:639][  0]LogInit: Texture streaming: Enabled
[2016.01.26-23.56.54:752][  0]LogNet: Browse: /Temp/Autosaves/Game/FirstPersonCPP/Maps/UEDPCMainMenu?Name=Player
[2016.01.26-23.56.54:753][  0]LogLoad: LoadMap: /Temp/Autosaves/Game/FirstPersonCPP/Maps/UEDPCMainMenu?Name=Player
[2016.01.26-23.56.54:766][  0]LogParticles: Destroying 0 GPU particle simulations for FXSystem 0x00000000222BB100
[2016.01.26-23.56.54:777][  0]LogMemory: Platform Memory Stats for Windows
[2016.01.26-23.56.54:777][  0]LogMemory: Process Physical Memory: 376.05 MB used, 376.05 MB peak
[2016.01.26-23.56.54:777][  0]LogMemory: Process Virtual Memory: 452.11 MB used, 452.11 MB peak
[2016.01.26-23.56.54:777][  0]LogMemory: Physical Memory: 9278.35 MB used, 16288.39 MB total
[2016.01.26-23.56.54:777][  0]LogMemory: Virtual Memory: 952.11 MB used, 8388608.00 MB total
[2016.01.26-23.56.54:777][  0]LogMemory: 
[2016.01.26-23.56.54:777][  0]Allocator Stats for TBB: (not implemented)
[2016.01.26-23.56.54:786][  0]LogAIModule: Creating AISystem for world MainMenu
[2016.01.26-23.56.54:787][  0]LogWorld: Game class is 'LostAgeGameMode'
[2016.01.26-23.56.54:928][  0]LogWorld: Bringing World /Temp/Autosaves/Game/FirstPersonCPP/Maps/UEDPCMainMenu.MainMenu up for play (max tick rate 0) at 2016.01.26-18.56.54
[2016.01.26-23.56.54:928][  0]LogWorld: Bringing up level for play took: 0.000398
[2016.01.26-23.56.54:930][  0]LogOnline:Warning: NULL: Can't start an online game for session (Game) that hasn't been created
[2016.01.26-23.56.55:031][  0]LogInit:Display: Game Engine Initialized.
[2016.01.26-23.56.55:246][  0]LogLoad: Full Startup: 4.74 seconds (BP compile: 0.10 seconds)
[2016.01.26-23.56.55:355][  2]LogRenderer: Reallocating scene render targets to support 1280x720 (Frame:2).
[2016.01.26-23.56.56:347][ 62]LogInit: WinSock: I am frederic-PC (192.168.1.103:0)
[2016.01.26-23.56.56:406][ 62]LogPackageName: SearchForPackageOnDisk took   0.059s to resolve FirstPersonExampleMap.umap.
[2016.01.26-23.56.56:457][ 62]LogPackageName: SearchForPackageOnDisk took   0.051s to resolve FirstPersonExampleMap.umap.
[2016.01.26-23.56.56:457][ 62]LogNet: Browse: /Game/FirstPersonCPP/Maps/FirstPersonExampleMap?listen
[2016.01.26-23.56.56:457][ 62]LogLoad: LoadMap: /Game/FirstPersonCPP/Maps/FirstPersonExampleMap?listen
[2016.01.26-23.56.56:476][ 62]LogParticles: Destroying 0 GPU particle simulations for FXSystem 0x00000000222BBA60
[2016.01.26-23.56.56:493][ 62]LogMemory: Platform Memory Stats for Windows
[2016.01.26-23.56.56:493][ 62]LogMemory: Process Physical Memory: 411.97 MB used, 419.32 MB peak
[2016.01.26-23.56.56:493][ 62]LogMemory: Process Virtual Memory: 653.91 MB used, 662.33 MB peak
[2016.01.26-23.56.56:493][ 62]LogMemory: Physical Memory: 9312.83 MB used, 16288.39 MB total
[2016.01.26-23.56.56:493][ 62]LogMemory: Virtual Memory: 1167.27 MB used, 8388608.00 MB total
[2016.01.26-23.56.56:493][ 62]LogMemory: 
[2016.01.26-23.56.56:493][ 62]Allocator Stats for TBB: (not implemented)
[2016.01.26-23.56.56:723][ 62]LogAIModule: Creating AISystem for world FirstPersonExampleMap
[2016.01.26-23.56.56:723][ 62]LogWorld: Game class is 'LostAgeGameMode'
[2016.01.26-23.56.56:874][ 62]LogWindows: === Critical error: ===
Fatal error!



[2016.01.26-23.56.56:874][ 62]LogExit: Executing StaticShutdownAfterError
[2016.01.26-23.56.56:877][ 62]LogPhysics:Warning: PHYSX: ..\..\PhysX\src\NpScene.cpp (2946) 8 : PxScene::unlockWrite() called without matching call to PxScene::lockWrite(), behaviour will be undefined.
[2016.01.26-23.56.56:877][ 62]LogPhysics:Warning: PHYSX: ..\..\PhysX\src\NpScene.cpp (2946) 8 : PxScene::unlockWrite() called without matching call to PxScene::lockWrite(), behaviour will be undefined.
[2016.01.26-23.56.56:877][ 62]LogWindows: FPlatformMisc::RequestExit(1)
[2016.01.26-23.56.56:877][ 62]Log file closed, 01/26/16 18:56:56
