[2016.01.25-20.56.20:913][  0]Log file open, 01/25/16 15:56:20
[2016.01.25-20.56.20:913][  0]LogInit:Display: Running engine for game: LostAge
[2016.01.25-20.56.20:913][  0]LogInit:Display: RandInit(-1720700730) SRandInit(-1720700730).
[2016.01.25-20.56.20:914][  0]LogTaskGraph: Started task graph with 4 named threads and 7 total threads.
[2016.01.25-20.56.20:914][  0]LogStats: Stats thread started at 0.151924
[2016.01.25-20.56.20:914][  0]LogInit: Version: 4.9.2-2707645+++depot+UE4-Releases+4.9
[2016.01.25-20.56.20:914][  0]LogInit: API Version: 2672455
[2016.01.25-20.56.20:915][  0]LogInit: Compiled (64-bit): Sep 28 2015 10:25:44
[2016.01.25-20.56.20:915][  0]LogInit: Compiled with Visual C++: 18.00.21005.01
[2016.01.25-20.56.20:915][  0]LogInit: Build Configuration: DebugGame
[2016.01.25-20.56.20:915][  0]LogInit: Branch Name: ++depot+UE4-Releases+4.9
[2016.01.25-20.56.20:916][  0]LogInit: Command line:  -debug
[2016.01.25-20.56.20:916][  0]LogInit: Base directory: C:/Program Files/Epic Games/4.9/Engine/Binaries/Win64/
[2016.01.25-20.56.20:916][  0]LogInit: Rocket: 1
[2016.01.25-20.56.20:936][  0]LogInit: Using libcurl 7.41.0
[2016.01.25-20.56.20:936][  0]LogInit:  - built for x86_64-pc-win32
[2016.01.25-20.56.20:936][  0]LogInit:  - supports SSL with WinSSL
[2016.01.25-20.56.20:937][  0]LogInit:  - other features:
[2016.01.25-20.56.20:937][  0]LogInit:      CURL_VERSION_SSL
[2016.01.25-20.56.20:937][  0]LogInit:      CURL_VERSION_IPV6
[2016.01.25-20.56.20:937][  0]LogInit:      CURL_VERSION_ASYNCHDNS
[2016.01.25-20.56.20:938][  0]LogInit:      CURL_VERSION_LARGEFILE
[2016.01.25-20.56.20:938][  0]LogInit:      CURL_VERSION_IDN
[2016.01.25-20.56.20:938][  0]LogInit:  CurlRequestOptions (configurable via config and command line):
[2016.01.25-20.56.20:938][  0]LogInit:  - bVerifyPeer = true  - Libcurl will verify peer certificate
[2016.01.25-20.56.20:938][  0]LogInit:  - bUseHttpProxy = false  - Libcurl will NOT use HTTP proxy
[2016.01.25-20.56.20:939][  0]LogInit:  - bDontReuseConnections = false  - Libcurl will reuse connections
[2016.01.25-20.56.20:939][  0]LogInit:  - CertBundlePath = nullptr  - Libcurl will use whatever was configured at build time.
[2016.01.25-20.56.20:967][  0]LogInit: Presizing for 0 objects not considered by GC, pre-allocating 0 bytes.
[2016.01.25-20.56.20:975][  0]LogInit: Object subsystem initialized
[2016.01.25-20.56.20:977][  0]LogInit: Selected Device Profile: [Windows]
[2016.01.25-20.56.20:977][  0]LogInit: Applying CVar settings loaded from the selected device profile: [Windows]
[2016.01.25-20.56.20:984][  0]LogInit: Computer: FREDERIC-PC
[2016.01.25-20.56.20:985][  0]LogInit: User: frederic
[2016.01.25-20.56.20:985][  0]LogInit: CPU Page size=4096, Cores=4
[2016.01.25-20.56.20:985][  0]LogInit: High frequency timer resolution =3.331269 MHz
[2016.01.25-20.56.20:986][  0]LogMemory: Memory total: Physical=15.9GB (16GB approx)
[2016.01.25-20.56.20:986][  0]LogMemory: Platform Memory Stats for Windows
[2016.01.25-20.56.20:986][  0]LogMemory: Process Physical Memory: 53.56 MB used, 53.56 MB peak
[2016.01.25-20.56.20:986][  0]LogMemory: Process Virtual Memory: 55.52 MB used, 55.52 MB peak
[2016.01.25-20.56.20:986][  0]LogMemory: Physical Memory: 8028.88 MB used, 16288.39 MB total
[2016.01.25-20.56.20:987][  0]LogMemory: Virtual Memory: 330.62 MB used, 8388608.00 MB total
[2016.01.25-20.56.21:056][  0]LogTextLocalizationManager: No translations for ('fr-CA') exist, falling back to 'en' for localization and internationalization data.
[2016.01.25-20.56.21:848][  0]LogD3D11RHI: Found D3D11 adapter 0: NVIDIA GeForce GTX 970 (Feature Level 11_0)
[2016.01.25-20.56.21:848][  0]LogD3D11RHI: Adapter has 4008MB of dedicated video memory, 0MB of dedicated system memory, and 7888MB of shared system memory, 1 output[s]
[2016.01.25-20.56.21:858][  0]LogD3D11RHI: Found D3D11 adapter 1: Intel(R) HD Graphics 3000 (Feature Level 10_0)
[2016.01.25-20.56.21:858][  0]LogD3D11RHI: Adapter has 64MB of dedicated video memory, 0MB of dedicated system memory, and 1632MB of shared system memory, 0 output[s]
[2016.01.25-20.56.21:859][  0]LogD3D11RHI: Chosen D3D11 Adapter Id = 0
[2016.01.25-20.56.21:863][  0]LogD3D11RHI: !Direct3DDevice
[2016.01.25-20.56.21:863][  0]LogRHI: Texture pool is 1361 MB (70% of 1945 MB)
[2016.01.25-20.56.21:913][  0]LogD3D11RHI: Async texture creation enabled
[2016.01.25-20.56.21:928][  0]LogShaderCompilers: Guid format shader working directory is 15 characters bigger than the processId version (../../../../../../Users/frederic/Documents/Unreal Projects/LostAge/Intermediate/Shaders/WorkingDirectory/7744/).
[2016.01.25-20.56.21:929][  0]LogShaderCompilers: Cleaned the shader compiler working directory '../../../../../../Users/frederic/Documents/Unreal Projects/LostAge/Intermediate/Shaders/tmp/C4DF9A0F4E5EC7D44CA538AA81AC54A4/'.
[2016.01.25-20.56.21:929][  0]LogShaderCompilers:Display: Using Local Shader Compiler.
[2016.01.25-20.56.23:158][  0]LogTemp:Display: Loaded TP AllDesktopTargetPlatform
[2016.01.25-20.56.23:173][  0]LogTemp:Display: Loaded TP WindowsClientTargetPlatform
[2016.01.25-20.56.23:187][  0]LogTemp:Display: Loaded TP WindowsNoEditorTargetPlatform
[2016.01.25-20.56.23:201][  0]LogTemp:Display: Loaded TP WindowsServerTargetPlatform
[2016.01.25-20.56.23:216][  0]LogTemp:Display: Loaded TP WindowsTargetPlatform
[2016.01.25-20.56.23:225][  0]LogTemp:Display: Loaded TP AndroidTargetPlatform
[2016.01.25-20.56.23:233][  0]LogTemp:Display: Loaded TP Android_ASTCTargetPlatform
[2016.01.25-20.56.23:241][  0]LogTemp:Display: Loaded TP Android_ATCTargetPlatform
[2016.01.25-20.56.23:250][  0]LogTemp:Display: Loaded TP Android_DXTTargetPlatform
[2016.01.25-20.56.23:258][  0]LogTemp:Display: Loaded TP Android_ETC1TargetPlatform
[2016.01.25-20.56.23:267][  0]LogTemp:Display: Loaded TP Android_ETC2TargetPlatform
[2016.01.25-20.56.23:275][  0]LogTemp:Display: Loaded TP Android_PVRTCTargetPlatform
[2016.01.25-20.56.23:279][  0]LogTemp:Display: Loaded TP HTML5TargetPlatform
[2016.01.25-20.56.23:310][  0]LogTemp:Display: Loaded TP IOSTargetPlatform
[2016.01.25-20.56.23:317][  0]LogTemp:Display: Loaded TP LinuxNoEditorTargetPlatform
[2016.01.25-20.56.23:325][  0]LogTemp:Display: Loaded TP LinuxServerTargetPlatform
[2016.01.25-20.56.23:333][  0]LogTemp:Display: Loaded TP LinuxTargetPlatform
[2016.01.25-20.56.23:333][  0]LogTargetPlatformManager:Display: Building Assets For Windows
[2016.01.25-20.56.23:545][  0]LogDerivedDataCache:Display: Max Cache Size: 512 MB
[2016.01.25-20.56.23:590][  0]LogDerivedDataCache: Loaded boot cache 0.04s 43MB C:/Users/frederic/AppData/Local/UnrealEngine/4.9/DerivedDataCache/Boot.ddc.
[2016.01.25-20.56.23:590][  0]LogDerivedDataCache:Display: Loaded Boot cache: C:/Users/frederic/AppData/Local/UnrealEngine/4.9/DerivedDataCache/Boot.ddc
[2016.01.25-20.56.23:591][  0]LogDerivedDataCache: FDerivedDataBackendGraph:  Pak pak cache file ../../../../../../Users/frederic/Documents/Unreal Projects/LostAge/DerivedDataCache/DDC.ddp not found, will not use a pak cache.
[2016.01.25-20.56.23:591][  0]LogDerivedDataCache: Unable to find inner node Pak for hierarchical cache Hierarchy.
[2016.01.25-20.56.23:591][  0]LogDerivedDataCache: FDerivedDataBackendGraph:  CompressedPak pak cache file ../../../../../../Users/frederic/Documents/Unreal Projects/LostAge/DerivedDataCache/Compressed.ddp not found, will not use a pak cache.
[2016.01.25-20.56.23:592][  0]LogDerivedDataCache: Unable to find inner node CompressedPak for hierarchical cache Hierarchy.
[2016.01.25-20.56.23:743][  0]LogDerivedDataCache:Display: Pak cache opened for reading ../../../Engine/DerivedDataCache/Compressed.ddp.
[2016.01.25-20.56.23:755][  0]LogDerivedDataCache: Using Local data cache path C:/Users/frederic/AppData/Local/UnrealEngine/Common/DerivedDataCache: Writable
[2016.01.25-20.56.23:958][  0]LogInit: Selected Device Profile: [Windows]
[2016.01.25-20.56.23:959][  0]LogContentStreaming: Texture pool size is 0.000000MB
[2016.01.25-20.56.23:995][  0]LogMeshUtilities: No automatic mesh reduction module available
[2016.01.25-20.56.23:995][  0]LogMeshUtilities: No automatic mesh merging module available
[2016.01.25-20.56.24:371][  0]LogInit: WinSock: version 1.1 (2.2), MaxSocks=32767, MaxUdp=65467
[2016.01.25-20.56.25:376][  0]UdpMessaging: Initializing bridge on interface 0.0.0.0:0 to multicast group 230.0.0.1:6666.
[2016.01.25-20.56.25:710][  0]LogAssetRegistry: FAssetRegistry took 0.0102 seconds to start up
[2016.01.25-20.56.26:007][  0]SourceControl: Info Source control is disabled
[2016.01.25-20.56.26:009][  0]SourceControl: Info Source control is disabled
[2016.01.25-20.56.26:024][  0]SourceControl: Info Source control is disabled
[2016.01.25-20.56.26:043][  0]SourceControl: Info Source control is disabled
[2016.01.25-20.56.26:233][  0]LogLinker:Warning: Asset '../../../Engine/Plugins/Runtime/LeapMotionController/Content/LM_PassthroughMaterial.uasset' has been saved with empty engine version. The asset will be loaded but may be incompatible.
[2016.01.25-20.56.26:336][  0]LogObj: 31786 objects as part of root set at end of initial load.
[2016.01.25-20.56.26:337][  0]LogUObjectAllocator: 7251160 out of 0 bytes used by permanent object pool.
[2016.01.25-20.56.26:414][  0]LogEngine: Initializing Engine...
[2016.01.25-20.56.26:418][  0]LogHMD: Can't find Oculus library dev build: is proper Runtime installed? Version: 0.7.0.0
[2016.01.25-20.56.26:421][  0]LogHMD: SteamVR failed to initialize.  Err: 110
[2016.01.25-20.56.26:557][  0]LogAIModule: Creating AISystem for world NewWorld
[2016.01.25-20.56.26:572][  0]LogInit: XAudio2 using 'Haut-parleurs (USB PnP Sound Device)' : 2 channels at 44.1 kHz using 16 bits per sample (channel mask 0x3)
[2016.01.25-20.56.26:580][  0]LogInit: FAudioDevice initialized.
[2016.01.25-20.56.26:601][  0]LogDerivedDataCache: Saved boot cache 0.02s 43MB C:/Users/frederic/AppData/Local/UnrealEngine/4.9/DerivedDataCache/Boot.ddc.
[2016.01.25-20.56.26:608][  0]LogInit: Texture streaming: Enabled
[2016.01.25-20.56.26:622][  0]LogAnalytics: Creating configured Analytics provider AnalyticsET
[2016.01.25-20.56.26:622][  0]LogAnalytics: [UEEditor.Rocket.Release] APIServer = http://et2.epicgames.com/ET2/. AppVersion = 4.9.2-2707645+++depot+UE4-Releases+4.9
[2016.01.25-20.56.26:622][  0]LogAnalytics: [UEEditor.Rocket.Release] SetUserId c8da8d664a36a98701fe659c10ae4ff8|70626fa7f476448fb82ad9618fbbb1ab|00e7fb16-00c3-4af4-a2a1-2cc8013aae38
[2016.01.25-20.56.26:623][  0]LogAnalytics: [UEEditor.Rocket.Release] AnalyticsET::StartSession
[2016.01.25-20.56.26:638][  0]LogInit: Transaction tracking system initialized
[2016.01.25-20.56.26:733][  0]BlueprintLog: New page: Editor Load
[2016.01.25-20.56.27:079][  0]LocalizationService: Info Localization service is disabled
[2016.01.25-20.56.27:228][  0]LogLinker:Warning: Can't find file '/Game/ThirdPersonCPP/ThirdPersonOverview'
[2016.01.25-20.56.27:229][  0]LogLinker:Warning: Can't find file '/Game/ThirdPersonCPP/ThirdPersonOverview'
[2016.01.25-20.56.27:229][  0]LogUObjectGlobals:Warning: Failed to find object 'Class /Game/ThirdPersonCPP/ThirdPersonOverview.ThirdPersonOverview_C'
[2016.01.25-20.56.27:255][  0]LogConsoleResponse:Display: 
[2016.01.25-20.56.27:374][  0]LogCook:Display: Done creating registry. It took  0.00s.
[2016.01.25-20.56.27:505][  0]LogFileCache: Scanning file cache for directory 'C:/Users/frederic/Documents/Unreal Projects/LostAge/Content/' took 0.01s
[2016.01.25-20.56.27:523][  0]SourceControl: Info Source control is disabled
[2016.01.25-20.56.27:523][  0]Cmd: MAP LOAD FILE="../../../../../../Users/frederic/Documents/Unreal Projects/LostAge/Content/FirstPersonCPP/Maps/FirstPersonExampleMap.umap" TEMPLATE=0 SHOWPROGRESS=1 FEATURELEVEL=3
[2016.01.25-20.56.27:524][  0]LightingResults: New page: Lighting Build
[2016.01.25-20.56.27:531][  0]MapCheck: New page: Map Check
[2016.01.25-20.56.27:531][  0]LightingResults: New page: Lighting Build
[2016.01.25-20.56.27:542][  0]LogParticles: Destroying 0 GPU particle simulations for FXSystem 0x00000000236BE480
[2016.01.25-20.56.27:766][  0]LogAIModule: Creating AISystem for world FirstPersonExampleMap
[2016.01.25-20.56.27:778][  0]LogEditorServer: Finished looking for orphan Actors (0.000 secs)
[2016.01.25-20.56.27:780][  0]Cmd: MAP CHECKDEP NOCLEARLOG
[2016.01.25-20.56.27:915][  0]MapCheck: Info Map check complete: 0 Error(s), 0 Warning(s), took 134.811ms to complete.
[2016.01.25-20.56.27:916][  0]LogFileHelpers: Loading map 'FirstPersonExampleMap' took 0.393
[2016.01.25-20.56.28:014][  0]LogCollectionManager: Loaded 0 collections in 0.002283 seconds
[2016.01.25-20.56.28:058][  0]LogFileCache: Scanning file cache for directory 'C:/Users/frederic/Documents/Unreal Projects/LostAge/Saved/Collections/' took 0.01s
[2016.01.25-20.56.28:059][  0]LogFileCache: Scanning file cache for directory 'C:/Users/frederic/Documents/Unreal Projects/LostAge/Content/Developers/frederic/Collections/' took 0.01s
[2016.01.25-20.56.28:059][  0]LogFileCache: Scanning file cache for directory 'C:/Users/frederic/Documents/Unreal Projects/LostAge/Content/Collections/' took 0.01s
[2016.01.25-20.56.28:059][  0]LogContentBrowser: Native class hierarchy populated in 0.0080 seconds. Added 1874 classes and 335 folders.
[2016.01.25-20.56.28:067][  0]LogCollectionManager: Rebuilt the GUID cache for 0 collections in 0.000002 seconds
[2016.01.25-20.56.28:079][  0]LogContentBrowser: Native class hierarchy updated for 'WidgetCarousel' in 0.0021 seconds. Added 0 classes and 0 folders.
[2016.01.25-20.56.28:141][  0]LogContentBrowser: Native class hierarchy updated for 'AddContentDialog' in 0.0021 seconds. Added 0 classes and 0 folders.
[2016.01.25-20.56.28:160][  0]LogContentBrowser: Native class hierarchy updated for 'SceneOutliner' in 0.0022 seconds. Added 1 classes and 2 folders.
[2016.01.25-20.56.28:201][  0]LogCrashTracker: Crashtracker disabled due to settings.
[2016.01.25-20.56.28:207][  0]LogUObjectGlobals:Warning: Failed to find object 'Class None.'
[2016.01.25-20.56.28:230][  0]LogLoad: Full Startup: 8.26 seconds (BP compile: 0.08 seconds)
[2016.01.25-20.56.28:241][  0]LoadErrors:Error: Error /Game/FirstPersonCPP/Maps/FirstPersonExampleMap : Failed import for CameraComponent /Game/FirstPersonCPP/Blueprints/FirstPersonCharacter.Default__FirstPersonCharacter_C:FirstPersonCamera
[2016.01.25-20.56.28:241][  0]LoadErrors:Error: Error /Game/FirstPersonCPP/Maps/FirstPersonExampleMap : Failed import for SkeletalMeshComponent /Game/FirstPersonCPP/Blueprints/FirstPersonCharacter.Default__FirstPersonCharacter_C:CharacterMesh1P
[2016.01.25-20.56.28:310][  0]LogContentStreaming: Texture pool size now 1000 MB
[2016.01.25-20.56.28:456][  0]LogRenderer: Reallocating scene render targets to support 1208x556 (Frame:2).
[2016.01.25-20.56.28:704][  3]LogAssetRegistry: Asset discovery search completed in 3.0049 seconds
[2016.01.25-20.56.28:705][  3]LogCollectionManager: Rebuilt the object cache for 0 collections in 0.000001 seconds (found 0 objects)
[2016.01.25-20.56.28:709][  3]LogCollectionManager: Fixed up redirectors for 0 collections in 0.002943 seconds (updated 0 objects)
[2016.01.25-20.59.03:532][958]LogLinker:Warning: Asset '../../../Engine/Content/ArtTools/RenderToTexture/Macros/RenderToTextureMacros.uasset' has been saved with empty engine version. The asset will be loaded but may be incompatible.
[2016.01.25-20.59.04:050][958]LogContentBrowser: Native class hierarchy updated for 'BlueprintGraph' in 0.0020 seconds. Added 107 classes and 0 folders.
[2016.01.25-20.59.04:565][958]LogRenderer: Reallocating scene render targets to support 1528x712 (Frame:17094).
[2016.01.25-20.59.17:316][353]LogWindows: LaunchURL http://docs.unrealengine.com/latest/INT/index.html?utm_source=editor&utm_medium=docs&utm_campaign=help_menu
[2016.01.25-20.59.35:060][705]LogActorComponent: UnregisterComponent: (/Engine/Transient.CharMoveComp) Not registered. Aborting.
[2016.01.25-20.59.35:093][705]LogMetaData: Removing '/Game/FirstPersonCPP/Blueprints/test.test:UserConstructionScript.K2Node_FunctionEntry_27' ref from Metadata '/Game/FirstPersonCPP/Blueprints/NewBlueprint.PackageMetaData'
[2016.01.25-20.59.35:094][705]LogMetaData: Removing '/Game/FirstPersonCPP/Blueprints/test.SKEL_test_C' ref from Metadata '/Game/FirstPersonCPP/Blueprints/NewBlueprint.PackageMetaData'
[2016.01.25-20.59.35:094][705]LogMetaData: Removing '/Game/FirstPersonCPP/Blueprints/test.test_C' ref from Metadata '/Game/FirstPersonCPP/Blueprints/NewBlueprint.PackageMetaData'
[2016.01.25-20.59.35:095][705]LogMetaData: Removing '/Game/FirstPersonCPP/Blueprints/test.test:EventGraph.K2Node_Event_3' ref from Metadata '/Game/FirstPersonCPP/Blueprints/NewBlueprint.PackageMetaData'
[2016.01.25-20.59.35:095][705]LogMetaData: Removing '/Game/FirstPersonCPP/Blueprints/test.test:EventGraph.K2Node_Event_4' ref from Metadata '/Game/FirstPersonCPP/Blueprints/NewBlueprint.PackageMetaData'
[2016.01.25-20.59.35:095][705]LogMetaData: Removing '/Game/FirstPersonCPP/Blueprints/test.test:EventGraph.K2Node_Event_5' ref from Metadata '/Game/FirstPersonCPP/Blueprints/NewBlueprint.PackageMetaData'
[2016.01.25-20.59.35:130][705]Cmd: OBJ SAVEPACKAGE PACKAGE="/Game/FirstPersonCPP/Blueprints/test" FILE="../../../../../../Users/frederic/Documents/Unreal Projects/LostAge/Content/FirstPersonCPP/Blueprints/test.uasset" SILENT=true
[2016.01.25-20.59.35:148][705]LogSavePackage: Save=16.036232ms
[2016.01.25-20.59.35:149][705]LogSavePackage: Moving '../../../../../../Users/frederic/Documents/Unreal Projects/LostAge/Saved/testB84B5B6F4FA967879FC7FCA10BFA04F8.tmp' to '../../../../../../Users/frederic/Documents/Unreal Projects/LostAge/Content/FirstPersonCPP/Blueprints/test.uasset'
[2016.01.25-20.59.35:152][705]LogSavePackage: Total save time: 20.178195ms
[2016.01.25-20.59.35:153][705]LogSavePackage:Warning: Finished SavePackage ../../../../../../Users/frederic/Documents/Unreal Projects/LostAge/Content/FirstPersonCPP/Blueprints/test.uasset
[2016.01.25-21.00.21:942][980]LogActorComponent: UnregisterComponent: (/Engine/Transient.CharMoveComp) Not registered. Aborting.
[2016.01.25-21.00.28:397][642]LogActorComponent: UnregisterComponent: (/Engine/Transient.CharacterMovementComponent_0) Not registered. Aborting.
[2016.01.25-21.00.36:390][492]LogActorComponent: UnregisterComponent: (/Engine/Transient.CharacterMovementComponent_1) Not registered. Aborting.
[2016.01.25-21.01.08:859][797]LogActorComponent: UnregisterComponent: (/Engine/Transient.CharacterMovementComponent_2) Not registered. Aborting.
[2016.01.25-21.01.14:321][357]LogActorComponent: UnregisterComponent: (/Engine/Transient.CharacterMovementComponent_3) Not registered. Aborting.
[2016.01.25-21.01.44:788][670]LogSlate:Warning: Prevented a slow task dialog from being summoned while a context menu was open
[2016.01.25-21.01.48:500][109]LogActorComponent: UnregisterComponent: (/Engine/Transient.CharacterMovementComponent_4) Not registered. Aborting.
[2016.01.25-21.01.48:500][109]LogActorComponent: UnregisterComponent: (/Engine/Transient.CharacterMovementComponent_5) Not registered. Aborting.
[2016.01.25-21.01.56:604][ 12]LogActorComponent: UnregisterComponent: (/Engine/Transient.CharacterMovementComponent_6) Not registered. Aborting.
[2016.01.25-21.01.58:143][175]BlueprintLog: New page: Compile test
[2016.01.25-21.01.58:261][175]LogActorComponent: UnregisterComponent: (/Engine/Transient.CharacterMovementComponent_7) Not registered. Aborting.
[2016.01.25-21.01.58:289][175]BlueprintEditorCompileResults: Info [0338.31] Compile of test successful! [in 145 ms]
[2016.01.25-21.02.18:524][264]LogActorComponent: UnregisterComponent: (/Engine/Transient.CharMoveComp) Not registered. Aborting.
[2016.01.25-21.02.24:406][845]BlueprintLog: New page: Compile test
[2016.01.25-21.02.24:521][845]LogActorComponent: UnregisterComponent: (/Engine/Transient.CharacterMovementComponent_8) Not registered. Aborting.
[2016.01.25-21.02.24:548][845]BlueprintEditorCompileResults: Info [0364.57] Compile of test successful! [in 141 ms]
[2016.01.25-21.02.40:329][691]Cmd: OBJ SAVEPACKAGE PACKAGE="/Game/FirstPersonCPP/Blueprints/test" FILE="../../../../../../Users/frederic/Documents/Unreal Projects/LostAge/Content/FirstPersonCPP/Blueprints/test.uasset" SILENT=true
[2016.01.25-21.02.40:355][691]LogSavePackage: Save=22.875