[2016.01.26-23.25.36:056][  0]Log file open, 01/26/16 18:25:36
[2016.01.26-23.25.36:056][  0]LogInit:Display: Running engine for game: LostAge
[2016.01.26-23.25.36:056][  0]LogInit:Display: RandInit(972813987) SRandInit(972813987).
[2016.01.26-23.25.36:057][  0]LogTaskGraph: Started task graph with 4 named threads and 7 total threads.
[2016.01.26-23.25.36:057][  0]LogStats: Stats thread started at 0.146741
[2016.01.26-23.25.36:057][  0]LogInit: Version: 4.9.2-2707645+++depot+UE4-Releases+4.9
[2016.01.26-23.25.36:057][  0]LogInit: API Version: 2672455
[2016.01.26-23.25.36:058][  0]LogInit: Compiled (64-bit): Sep 28 2015 10:25:44
[2016.01.26-23.25.36:058][  0]LogInit: Compiled with Visual C++: 18.00.21005.01
[2016.01.26-23.25.36:058][  0]LogInit: Build Configuration: DebugGame
[2016.01.26-23.25.36:058][  0]LogInit: Branch Name: ++depot+UE4-Releases+4.9
[2016.01.26-23.25.36:059][  0]LogInit: Command line:  -debug
[2016.01.26-23.25.36:059][  0]LogInit: Base directory: C:/Program Files/Epic Games/4.9/Engine/Binaries/Win64/
[2016.01.26-23.25.36:059][  0]LogInit: Rocket: 1
[2016.01.26-23.25.36:090][  0]LogInit: Using libcurl 7.41.0
[2016.01.26-23.25.36:090][  0]LogInit:  - built for x86_64-pc-win32
[2016.01.26-23.25.36:090][  0]LogInit:  - supports SSL with WinSSL
[2016.01.26-23.25.36:090][  0]LogInit:  - other features:
[2016.01.26-23.25.36:091][  0]LogInit:      CURL_VERSION_SSL
[2016.01.26-23.25.36:091][  0]LogInit:      CURL_VERSION_IPV6
[2016.01.26-23.25.36:091][  0]LogInit:      CURL_VERSION_ASYNCHDNS
[2016.01.26-23.25.36:091][  0]LogInit:      CURL_VERSION_LARGEFILE
[2016.01.26-23.25.36:092][  0]LogInit:      CURL_VERSION_IDN
[2016.01.26-23.25.36:092][  0]LogInit:  CurlRequestOptions (configurable via config and command line):
[2016.01.26-23.25.36:092][  0]LogInit:  - bVerifyPeer = true  - Libcurl will verify peer certificate
[2016.01.26-23.25.36:092][  0]LogInit:  - bUseHttpProxy = false  - Libcurl will NOT use HTTP proxy
[2016.01.26-23.25.36:093][  0]LogInit:  - bDontReuseConnections = false  - Libcurl will reuse connections
[2016.01.26-23.25.36:093][  0]LogInit:  - CertBundlePath = nullptr  - Libcurl will use whatever was configured at build time.
[2016.01.26-23.25.36:148][  0]LogInit: WinSock: version 1.1 (2.2), MaxSocks=32767, MaxUdp=65467
[2016.01.26-23.25.36:161][  0]LogVoice:Warning: Failed to initialize voice interface
[2016.01.26-23.25.36:166][  0]LogInit: Presizing for 0 objects not considered by GC, pre-allocating 0 bytes.
[2016.01.26-23.25.36:173][  0]LogInit: Object subsystem initialized
[2016.01.26-23.25.36:175][  0]LogInit: Selected Device Profile: [Windows]
[2016.01.26-23.25.36:175][  0]LogInit: Applying CVar settings loaded from the selected device profile: [Windows]
[2016.01.26-23.25.36:183][  0]LogInit: Computer: FREDERIC-PC
[2016.01.26-23.25.36:183][  0]LogInit: User: frederic
[2016.01.26-23.25.36:184][  0]LogInit: CPU Page size=4096, Cores=4
[2016.01.26-23.25.36:184][  0]LogInit: High frequency timer resolution =3.331240 MHz
[2016.01.26-23.25.36:184][  0]LogMemory: Memory total: Physical=15.9GB (16GB approx)
[2016.01.26-23.25.36:184][  0]LogMemory: Platform Memory Stats for Windows
[2016.01.26-23.25.36:185][  0]LogMemory: Process Physical Memory: 55.07 MB used, 55.07 MB peak
[2016.01.26-23.25.36:185][  0]LogMemory: Process Virtual Memory: 55.75 MB used, 55.75 MB peak
[2016.01.26-23.25.36:185][  0]LogMemory: Physical Memory: 6879.75 MB used, 16288.39 MB total
[2016.01.26-23.25.36:186][  0]LogMemory: Virtual Memory: 337.63 MB used, 8388608.00 MB total
[2016.01.26-23.25.36:254][  0]LogTextLocalizationManager: No translations for ('fr-CA') exist, falling back to 'en' for localization and internationalization data.
[2016.01.26-23.25.36:898][  0]LogD3D11RHI: Found D3D11 adapter 0: NVIDIA GeForce GTX 970 (Feature Level 11_0)
[2016.01.26-23.25.36:898][  0]LogD3D11RHI: Adapter has 4008MB of dedicated video memory, 0MB of dedicated system memory, and 7888MB of shared system memory, 1 output[s]
[2016.01.26-23.25.36:905][  0]LogD3D11RHI: Found D3D11 adapter 1: Intel(R) HD Graphics 3000 (Feature Level 10_0)
[2016.01.26-23.25.36:905][  0]LogD3D11RHI: Adapter has 64MB of dedicated video memory, 0MB of dedicated system memory, and 1632MB of shared system memory, 0 output[s]
[2016.01.26-23.25.36:906][  0]LogD3D11RHI: Chosen D3D11 Adapter Id = 0
[2016.01.26-23.25.36:910][  0]LogD3D11RHI: !Direct3DDevice
[2016.01.26-23.25.36:910][  0]LogRHI: Texture pool is 1361 MB (70% of 1945 MB)
[2016.01.26-23.25.36:959][  0]LogD3D11RHI: Async texture creation enabled
[2016.01.26-23.25.36:975][  0]LogShaderCompilers: Guid format shader working directory is 15 characters bigger than the processId version (../../../../../../Users/frederic/Documents/Unreal Projects/LostAge/Intermediate/Shaders/WorkingDirectory/8140/).
[2016.01.26-23.25.36:976][  0]LogShaderCompilers: Cleaned the shader compiler working directory '../../../../../../Users/frederic/Documents/Unreal Projects/LostAge/Intermediate/Shaders/tmp/DCCADD8748B32748720FB59D7D9A1057/'.
[2016.01.26-23.25.36:976][  0]LogShaderCompilers:Display: Using Local Shader Compiler.
[2016.01.26-23.25.38:112][  0]LogTemp:Display: Loaded TP AllDesktopTargetPlatform
[2016.01.26-23.25.38:132][  0]LogTemp:Display: Loaded TP WindowsClientTargetPlatform
[2016.01.26-23.25.38:148][  0]LogTemp:Display: Loaded TP WindowsNoEditorTargetPlatform
[2016.01.26-23.25.38:169][  0]LogTemp:Display: Loaded TP WindowsServerTargetPlatform
[2016.01.26-23.25.38:183][  0]LogTemp:Display: Loaded TP WindowsTargetPlatform
[2016.01.26-23.25.38:191][  0]LogTemp:Display: Loaded TP AndroidTargetPlatform
[2016.01.26-23.25.38:197][  0]LogTemp:Display: Loaded TP Android_ASTCTargetPlatform
[2016.01.26-23.25.38:206][  0]LogTemp:Display: Loaded TP Android_ATCTargetPlatform
[2016.01.26-23.25.38:213][  0]LogTemp:Display: Loaded TP Android_DXTTargetPlatform
[2016.01.26-23.25.38:220][  0]LogTemp:Display: Loaded TP Android_ETC1TargetPlatform
[2016.01.26-23.25.38:226][  0]LogTemp:Display: Loaded TP Android_ETC2TargetPlatform
[2016.01.26-23.25.38:234][  0]LogTemp:Display: Loaded TP Android_PVRTCTargetPlatform
[2016.01.26-23.25.38:238][  0]LogTemp:Display: Loaded TP HTML5TargetPlatform
[2016.01.26-23.25.38:268][  0]LogTemp:Display: Loaded TP IOSTargetPlatform
[2016.01.26-23.25.38:274][  0]LogTemp:Display: Loaded TP LinuxNoEditorTargetPlatform
[2016.01.26-23.25.38:280][  0]LogTemp:Display: Loaded TP LinuxServerTargetPlatform
[2016.01.26-23.25.38:287][  0]LogTemp:Display: Loaded TP LinuxTargetPlatform
[2016.01.26-23.25.38:287][  0]LogTargetPlatformManager:Display: Building Assets For Windows
[2016.01.26-23.25.38:482][  0]LogDerivedDataCache:Display: Max Cache Size: 512 MB
[2016.01.26-23.25.38:525][  0]LogDerivedDataCache: Loaded boot cache 0.04s 42MB C:/Users/frederic/AppData/Local/UnrealEngine/4.9/DerivedDataCache/Boot.ddc.
[2016.01.26-23.25.38:526][  0]LogDerivedDataCache:Display: Loaded Boot cache: C:/Users/frederic/AppData/Local/UnrealEngine/4.9/DerivedDataCache/Boot.ddc
[2016.01.26-23.25.38:526][  0]LogDerivedDataCache: FDerivedDataBackendGraph:  Pak pak cache file ../../../../../../Users/frederic/Documents/Unreal Projects/LostAge/DerivedDataCache/DDC.ddp not found, will not use a pak cache.
[2016.01.26-23.25.38:526][  0]LogDerivedDataCache: Unable to find inner node Pak for hierarchical cache Hierarchy.
[2016.01.26-23.25.38:527][  0]LogDerivedDataCache: FDerivedDataBackendGraph:  CompressedPak pak cache file ../../../../../../Users/frederic/Documents/Unreal Projects/LostAge/DerivedDataCache/Compressed.ddp not found, will not use a pak cache.
[2016.01.26-23.25.38:527][  0]LogDerivedDataCache: Unable to find inner node CompressedPak for hierarchical cache Hierarchy.
[2016.01.26-23.25.38:666][  0]LogDerivedDataCache:Display: Pak cache opened for reading ../../../Engine/DerivedDataCache/Compressed.ddp.
[2016.01.26-23.25.38:678][  0]LogDerivedDataCache: Using Local data cache path C:/Users/frederic/AppData/Local/UnrealEngine/Common/DerivedDataCache: Writable
[2016.01.26-23.25.38:852][  0]LogInit: Selected Device Profile: [Windows]
[2016.01.26-23.25.38:853][  0]LogContentStreaming: Texture pool size is 0.000000MB
[2016.01.26-23.25.38:888][  0]LogMeshUtilities: No automatic mesh reduction module available
[2016.01.26-23.25.38:888][  0]LogMeshUtilities: No automatic mesh merging module available
[2016.01.26-23.25.40:188][  0]UdpMessaging: Initializing bridge on interface 0.0.0.0:0 to multicast group 230.0.0.1:6666.
[2016.01.26-23.25.40:532][  0]LogAssetRegistry: FAssetRegistry took 0.0099 seconds to start up
[2016.01.26-23.25.40:838][  0]SourceControl: Info Source control is disabled
[2016.01.26-23.25.40:840][  0]SourceControl: Info Source control is disabled
[2016.01.26-23.25.40:855][  0]SourceControl: Info Source control is disabled
[2016.01.26-23.25.40:873][  0]SourceControl: Info Source control is disabled
[2016.01.26-23.25.41:046][  0]LogLinker:Warning: Asset '../../../Engine/Plugins/Runtime/LeapMotionController/Content/LM_PassthroughMaterial.uasset' has been saved with empty engine version. The asset will be loaded but may be incompatible.
[2016.01.26-23.25.41:141][  0]LogObj: 31829 objects as part of root set at end of initial load.
[2016.01.26-23.25.41:142][  0]LogUObjectAllocator: 7266512 out of 0 bytes used by permanent object pool.
[2016.01.26-23.25.41:226][  0]LogEngine: Initializing Engine...
[2016.01.26-23.25.41:229][  0]LogHMD: Can't find Oculus library dev build: is proper Runtime installed? Version: 0.7.0.0
[2016.01.26-23.25.41:231][  0]LogHMD: SteamVR failed to initialize.  Err: 110
[2016.01.26-23.25.41:361][  0]LogAIModule: Creating AISystem for world NewWorld
[2016.01.26-23.25.41:376][  0]LogInit: XAudio2 using 'Haut-parleurs (USB PnP Sound Device)' : 2 channels at 44.1 kHz using 16 bits per sample (channel mask 0x3)
[2016.01.26-23.25.41:393][  0]LogInit: FAudioDevice initialized.
[2016.01.26-23.25.41:413][  0]LogDerivedDataCache: Saved boot cache 0.02s 42MB C:/Users/frederic/AppData/Local/UnrealEngine/4.9/DerivedDataCache/Boot.ddc.
[2016.01.26-23.25.41:419][  0]LogInit: Texture streaming: Enabled
[2016.01.26-23.25.41:433][  0]LogAnalytics: Creating configured Analytics provider AnalyticsET
[2016.01.26-23.25.41:433][  0]LogAnalytics: [UEEditor.Rocket.Release] APIServer = http://et2.epicgames.com/ET2/. AppVersion = 4.9.2-2707645+++depot+UE4-Releases+4.9
[2016.01.26-23.25.41:434][  0]LogAnalytics: [UEEditor.Rocket.Release] SetUserId c8da8d664a36a98701fe659c10ae4ff8|70626fa7f476448fb82ad9618fbbb1ab|00e7fb16-00c3-4af4-a2a1-2cc8013aae38
[2016.01.26-23.25.41:434][  0]LogAnalytics: [UEEditor.Rocket.Release] AnalyticsET::StartSession
[2016.01.26-23.25.41:450][  0]LogInit: Transaction tracking system initialized
[2016.01.26-23.25.41:543][  0]BlueprintLog: New page: Editor Load
[2016.01.26-23.25.41:903][  0]LocalizationService: Info Localization service is disabled
[2016.01.26-23.25.42:051][  0]LogLinker:Warning: Can't find file '/Game/ThirdPersonCPP/ThirdPersonOverview'
[2016.01.26-23.25.42:051][  0]LogLinker:Warning: Can't find file '/Game/ThirdPersonCPP/ThirdPersonOverview'
[2016.01.26-23.25.42:052][  0]LogUObjectGlobals:Warning: Failed to find object 'Class /Game/ThirdPersonCPP/ThirdPersonOverview.ThirdPersonOverview_C'
[2016.01.26-23.25.42:079][  0]LogConsoleResponse:Display: 
[2016.01.26-23.25.42:197][  0]LogCook:Display: Done creating registry. It took  0.00s.
[2016.01.26-23.25.42:334][  0]LogFileCache: Scanning file cache for directory 'C:/Users/frederic/Documents/Unreal Projects/LostAge/Content/' took 0.01s
[2016.01.26-23.25.42:354][  0]SourceControl: Info Source control is disabled
[2016.01.26-23.25.42:355][  0]Cmd: MAP LOAD FILE="../../../../../../Users/frederic/Documents/Unreal Projects/LostAge/Content/FirstPersonCPP/Maps/MainMenu.umap" TEMPLATE=0 SHOWPROGRESS=1 FEATURELEVEL=3
[2016.01.26-23.25.42:356][  0]LightingResults: New page: Lighting Build
[2016.01.26-23.25.42:361][  0]MapCheck: New page: Map Check
[2016.01.26-23.25.42:361][  0]LightingResults: New page: Lighting Build
[2016.01.26-23.25.42:372][  0]LogParticles: Destroying 0 GPU particle simulations for FXSystem 0x0000000023B46480
[2016.01.26-23.25.42:377][  0]LogAIModule: Creating AISystem for world MainMenu
[2016.01.26-23.25.42:379][  0]LogEditorServer: Finished looking for orphan Actors (0.000 secs)
[2016.01.26-23.25.42:380][  0]Cmd: MAP CHECKDEP NOCLEARLOG
[2016.01.26-23.25.42:423][  0]MapCheck: Info Map check complete: 0 Error(s), 0 Warning(s), took 43.243ms to complete.
[2016.01.26-23.25.42:424][  0]LogFileHelpers: Loading map 'MainMenu' took 0.069
[2016.01.26-23.25.42:524][  0]LogCollectionManager: Loaded 0 collections in 0.002186 seconds
[2016.01.26-23.25.42:566][  0]LogFileCache: Scanning file cache for directory 'C:/Users/frederic/Documents/Unreal Projects/LostAge/Saved/Collections/' took 0.01s
[2016.01.26-23.25.42:567][  0]LogFileCache: Scanning file cache for directory 'C:/Users/frederic/Documents/Unreal Projects/LostAge/Content/Developers/frederic/Collections/' took 0.01s
[2016.01.26-23.25.42:567][  0]LogFileCache: Scanning file cache for directory 'C:/Users/frederic/Documents/Unreal Projects/LostAge/Content/Collections/' took 0.01s
[2016.01.26-23.25.42:567][  0]LogContentBrowser: Native class hierarchy populated in 0.0082 seconds. Added 1875 classes and 335 folders.
[2016.01.26-23.25.42:575][  0]LogCollectionManager: Rebuilt the GUID cache for 0 collections in 0.000002 seconds
[2016.01.26-23.25.42:589][  0]LogContentBrowser: Native class hierarchy updated for 'WidgetCarousel' in 0.0030 seconds. Added 0 classes and 0 folders.
[2016.01.26-23.25.42:649][  0]LogContentBrowser: Native class hierarchy updated for 'AddContentDialog' in 0.0018 seconds. Added 0 classes and 0 folders.
[2016.01.26-23.25.42:668][  0]LogContentBrowser: Native class hierarchy updated for 'SceneOutliner' in 0.0018 seconds. Added 1 classes and 2 folders.
[2016.01.26-23.25.42:699][  0]LogCrashTracker: Crashtracker disabled due to settings.
[2016.01.26-23.25.42:703][  0]LogUObjectGlobals:Warning: Failed to find object 'Class None.'
[2016.01.26-23.25.42:725][  0]LogLoad: Full Startup: 7.60 seconds (BP compile: 0.03 seconds)
[2016.01.26-23.25.42:811][  0]LogContentStreaming: Texture pool size now 1000 MB
[2016.01.26-23.25.42:938][  2]LogRenderer: Reallocating scene render targets to support 972x516 (Frame:2).
[2016.01.26-23.25.43:062][  2]LogAssetRegistry: Asset discovery search completed in 2.5395 seconds
[2016.01.26-23.25.43:063][  2]LogCollectionManager: Rebuilt the object cache for 0 collections in 0.000001 seconds (found 0 objects)
[2016.01.26-23.25.43:064][  2]LogCollectionManager: Fixed up redirectors for 0 collections in 0.000819 seconds (updated 0 objects)
[2016.01.26-23.25.44:838][206]LogPlayLevel: PlayLevel: No blueprints needed recompiling
[2016.01.26-23.25.44:839][206]PIE: New page: PIE session: MainMenu (Jan 26, 2016, 1:25:44 PM)
[2016.01.26-23.25.44:895][206]LogPlayLevel: Creating play world package: /Game/FirstPersonCPP/Maps/UEDPIE_0_MainMenu
[2016.01.26-23.25.44:896][206]LogPlayLevel: PIE: StaticDuplicateObject took: (0.000466s)
[2016.01.26-23.25.44:897][206]LogAIModule: Creating AISystem for world MainMenu
[2016.01.26-23.25.44:898][206]LogPlayLevel: PIE: World Init took: (0.001035s)
[2016.01.26-23.25.44:898][206]LogPlayLevel: PIE: Created PIE world by copying editor world from /Game/FirstPersonCPP/Maps/MainMenu.MainMenu to /Game/FirstPersonCPP/Maps/UEDPIE_0_MainMenu.MainMenu (0.002961s)
[2016.01.26-23.25.44:919][206]LogInit: XAudio2 using 'Haut-parleurs (USB PnP Sound Device)' : 2 channels at 44.1 kHz using 16 bits per sample (channel mask 0x3)
[2016.01.26-23.25.44:922][206]LogInit: FAudioDevice initialized.
[2016.01.26-23.25.44:965][206]LogWorld: Game class is 'LostAgeGameMode'
[2016.01.26-23.25.44:967][206]LogWorld: Bringing World /Game/FirstPersonCPP/Maps/UEDPIE_0_MainMenu.MainMenu up for play (max tick rate 0) at 2016.01.26-18.25.44
[2016.01.26-23.25.44:967][206]LogActor:Warning: GameSession /Game/FirstPersonCPP/Maps/UEDPIE_0_MainMenu.MainMenu:PersistentLevel.GameSession_0 has natively added scene component(s), but none of them were set as the actor's RootComponent - picking one arbitrarily
[2016.01.26-23.25.44:968][206]LogActor:Warning: GameNetworkManager