[2016.01.26-22.40.40:457][  0]Log file open, 01/26/16 17:40:40
[2016.01.26-22.40.40:457][  0]LogInit:Display: Running engine for game: LostAge
[2016.01.26-22.40.40:457][  0]LogInit:Display: RandInit(583756193) SRandInit(583756193).
[2016.01.26-22.40.40:457][  0]LogTaskGraph: Started task graph with 4 named threads and 7 total threads.
[2016.01.26-22.40.40:457][  0]LogStats: Stats thread started at 0.083365
[2016.01.26-22.40.40:457][  0]LogInit: Version: 4.9.2-2707645+++depot+UE4-Releases+4.9
[2016.01.26-22.40.40:457][  0]LogInit: API Version: 2672455
[2016.01.26-22.40.40:457][  0]LogInit: Compiled (64-bit): Sep 28 2015 10:25:44
[2016.01.26-22.40.40:457][  0]LogInit: Compiled with Visual C++: 18.00.21005.01
[2016.01.26-22.40.40:457][  0]LogInit: Build Configuration: Development
[2016.01.26-22.40.40:457][  0]LogInit: Branch Name: ++depot+UE4-Releases+4.9
[2016.01.26-22.40.40:457][  0]LogInit: Command line:  /Temp/Autosaves/Game/FirstPersonCPP/Maps/UEDPCMainMenu -game -PIEVIACONSOLE -ResX=1280 -ResY=720  -Multiprocess 
[2016.01.26-22.40.40:457][  0]LogInit: Base directory: C:/Program Files/Epic Games/4.9/Engine/Binaries/Win64/
[2016.01.26-22.40.40:457][  0]LogInit: Rocket: 1
[2016.01.26-22.40.40:486][  0]LogInit: Using libcurl 7.41.0
[2016.01.26-22.40.40:486][  0]LogInit:  - built for x86_64-pc-win32
[2016.01.26-22.40.40:486][  0]LogInit:  - supports SSL with WinSSL
[2016.01.26-22.40.40:486][  0]LogInit:  - other features:
[2016.01.26-22.40.40:486][  0]LogInit:      CURL_VERSION_SSL
[2016.01.26-22.40.40:486][  0]LogInit:      CURL_VERSION_IPV6
[2016.01.26-22.40.40:486][  0]LogInit:      CURL_VERSION_ASYNCHDNS
[2016.01.26-22.40.40:486][  0]LogInit:      CURL_VERSION_LARGEFILE
[2016.01.26-22.40.40:486][  0]LogInit:      CURL_VERSION_IDN
[2016.01.26-22.40.40:486][  0]LogInit:  CurlRequestOptions (configurable via config and command line):
[2016.01.26-22.40.40:486][  0]LogInit:  - bVerifyPeer = true  - Libcurl will verify peer certificate
[2016.01.26-22.40.40:486][  0]LogInit:  - bUseHttpProxy = false  - Libcurl will NOT use HTTP proxy
[2016.01.26-22.40.40:486][  0]LogInit:  - bDontReuseConnections = false  - Libcurl will reuse connections
[2016.01.26-22.40.40:486][  0]LogInit:  - CertBundlePath = nullptr  - Libcurl will use whatever was configured at build time.
[2016.01.26-22.40.40:505][  0]LogInit: WinSock: version 1.1 (2.2), MaxSocks=32767, MaxUdp=65467
[2016.01.26-22.40.40:511][  0]LogVoice:Warning: Failed to initialize voice interface
[2016.01.26-22.40.40:516][  0]LogInit: Presizing for 0 objects not considered by GC, pre-allocating 0 bytes.
[2016.01.26-22.40.40:526][  0]LogInit: Object subsystem initialized
[2016.01.26-22.40.40:528][  0]LogInit: Selected Device Profile: [Windows]
[2016.01.26-22.40.40:528][  0]LogInit: Applying CVar settings loaded from the selected device profile: [Windows]
[2016.01.26-22.40.40:532][  0]LogInit: Computer: FREDERIC-PC
[2016.01.26-22.40.40:532][  0]LogInit: User: frederic
[2016.01.26-22.40.40:532][  0]LogInit: CPU Page size=4096, Cores=4
[2016.01.26-22.40.40:532][  0]LogInit: High frequency timer resolution =3.331240 MHz
[2016.01.26-22.40.40:532][  0]LogMemory: Memory total: Physical=15.9GB (16GB approx)
[2016.01.26-22.40.40:532][  0]LogMemory: Platform Memory Stats for Windows
[2016.01.26-22.40.40:532][  0]LogMemory: Process Physical Memory: 55.68 MB used, 55.68 MB peak
[2016.01.26-22.40.40:532][  0]LogMemory: Process Virtual Memory: 59.59 MB used, 59.59 MB peak
[2016.01.26-22.40.40:532][  0]LogMemory: Physical Memory: 7684.66 MB used, 16288.39 MB total
[2016.01.26-22.40.40:532][  0]LogMemory: Virtual Memory: 343.57 MB used, 8388608.00 MB total
[2016.01.26-22.40.40:578][  0]LogTextLocalizationManager: No translations for ('fr-CA') exist, falling back to 'en' for localization and internationalization data.
[2016.01.26-22.40.41:318][  0]LogD3D11RHI: Found D3D11 adapter 0: NVIDIA GeForce GTX 970 (Feature Level 11_0)
[2016.01.26-22.40.41:318][  0]LogD3D11RHI: Adapter has 4008MB of dedicated video memory, 0MB of dedicated system memory, and 7888MB of shared system memory, 1 output[s]
[2016.01.26-22.40.41:322][  0]LogD3D11RHI: Found D3D11 adapter 1: Intel(R) HD Graphics 3000 (Feature Level 10_0)
[2016.01.26-22.40.41:322][  0]LogD3D11RHI: Adapter has 64MB of dedicated video memory, 0MB of dedicated system memory, and 1632MB of shared system memory, 0 output[s]
[2016.01.26-22.40.41:322][  0]LogD3D11RHI: Chosen D3D11 Adapter Id = 0
[2016.01.26-22.40.41:327][  0]LogD3D11RHI: !Direct3DDevice
[2016.01.26-22.40.41:327][  0]LogRHI: Texture pool is 1361 MB (70% of 1945 MB)
[2016.01.26-22.40.41:341][  0]LogD3D11RHI: Async texture creation enabled
[2016.01.26-22.40.41:355][  0]LogShaderCompilers: Guid format shader working directory is 15 characters bigger than the processId version (../../../../../../Users/frederic/Documents/Unreal Projects/LostAge/Intermediate/Shaders/WorkingDirectory/2516/).
[2016.01.26-22.40.41:355][  0]LogShaderCompilers: Cleaned the shader compiler working directory '../../../../../../Users/frederic/Documents/Unreal Projects/LostAge/Intermediate/Shaders/tmp/B6BEAD15401027BB3FB30F87B7EA60CE/'.
[2016.01.26-22.40.41:355][  0]LogShaderCompilers:Display: Using Local Shader Compiler.
[2016.01.26-22.40.42:624][  0]LogTemp:Display: Loaded TP AllDesktopTargetPlatform
[2016.01.26-22.40.42:629][  0]LogTemp:Display: Loaded TP WindowsClientTargetPlatform
[2016.01.26-22.40.42:634][  0]LogTemp:Display: Loaded TP WindowsNoEditorTargetPlatform
[2016.01.26-22.40.42:640][  0]LogTemp:Display: Loaded TP WindowsServerTargetPlatform
[2016.01.26-22.40.42:648][  0]LogTemp:Display: Loaded TP WindowsTargetPlatform
[2016.01.26-22.40.42:652][  0]LogTemp:Display: Loaded TP AndroidTargetPlatform
[2016.01.26-22.40.42:655][  0]LogTemp:Display: Loaded TP Android_ASTCTargetPlatform
[2016.01.26-22.40.42:658][  0]LogTemp:Display: Loaded TP Android_ATCTargetPlatform
[2016.01.26-22.40.42:662][  0]LogTemp:Display: Loaded TP Android_DXTTargetPlatform
[2016.01.26-22.40.42:665][  0]LogTemp:Display: Loaded TP Android_ETC1TargetPlatform
[2016.01.26-22.40.42:669][  0]LogTemp:Display: Loaded TP Android_ETC2TargetPlatform
[2016.01.26-22.40.42:673][  0]LogTemp:Display: Loaded TP Android_PVRTCTargetPlatform
[2016.01.26-22.40.42:673][  0]LogTemp:Display: Loaded TP HTML5TargetPlatform
[2016.01.26-22.40.42:690][  0]LogTemp:Display: Loaded TP IOSTargetPlatform
[2016.01.26-22.40.42:693][  0]LogTemp:Display: Loaded TP LinuxNoEditorTargetPlatform
[2016.01.26-22.40.42:696][  0]LogTemp:Display: Loaded TP LinuxServerTargetPlatform
[2016.01.26-22.40.42:700][  0]LogTemp:Display: Loaded TP LinuxTargetPlatform
[2016.01.26-22.40.42:700][  0]LogTargetPlatformManager:Display: Building Assets For Windows
[2016.01.26-22.40.42:783][  0]LogDerivedDataCache:Display: Max Cache Size: 512 MB
[2016.01.26-22.40.42:833][  0]LogDerivedDataCache: Loaded boot cache 0.05s 41MB C:/Users/frederic/AppData/Local/UnrealEngine/4.9/DerivedDataCache/Boot.ddc.
[2016.01.26-22.40.42:833][  0]LogDerivedDataCache:Display: Loaded Boot cache: C:/Users/frederic/AppData/Local/UnrealEngine/4.9/DerivedDataCache/Boot.ddc
[2016.01.26-22.40.42:833][  0]LogDerivedDataCache: FDerivedDataBackendGraph:  Pak pak cache file ../../../../../../Users/frederic/Documents/Unreal Projects/LostAge/DerivedDataCache/DDC.ddp not found, will not use a pak cache.
[2016.01.26-22.40.42:833][  0]LogDerivedDataCache: Unable to find inner node Pak for hierarchical cache Hierarchy.
[2016.01.26-22.40.42:833][  0]LogDerivedDataCache: FDerivedDataBackendGraph:  CompressedPak pak cache file ../../../../../../Users/frederic/Documents/Unreal Projects/LostAge/DerivedDataCache/Compressed.ddp not found, will not use a pak cache.
[2016.01.26-22.40.42:833][  0]LogDerivedDataCache: Unable to find inner node CompressedPak for hierarchical cache Hierarchy.
[2016.01.26-22.40.42:987][  0]LogDerivedDataCache:Display: Pak cache opened for reading ../../../Engine/DerivedDataCache/Compressed.ddp.
[2016.01.26-22.40.42:998][  0]LogDerivedDataCache: Using Local data cache path C:/Users/frederic/AppData/Local/UnrealEngine/Common/DerivedDataCache: Writable
[2016.01.26-22.40.43:216][  0]LogInit: Selected Device Profile: [Windows]
[2016.01.26-22.40.43:217][  0]LogContentStreaming: Texture pool size is 1000.000000MB
[2016.01.26-22.40.43:236][  0]LogMeshUtilities: No automatic mesh reduction module available
[2016.01.26-22.40.43:236][  0]LogMeshUtilities: No automatic mesh merging module available
[2016.01.26-22.40.43:812][  0]LogWindowsMoviePlayer: Unable to load movie: ../../../../../../Users/frederic/Documents/Unreal Projects/LostAge/Content/Movies/Default_Startup.mp4
[2016.01.26-22.40.43:932][  0]SourceControl: Info Source control is disabled
[2016.01.26-22.40.43:932][  0]SourceControl: Info Source control is disabled
[2016.01.26-22.40.43:943][  0]SourceControl: Info Source control is disabled
[2016.01.26-22.40.44:038][  0]LogLinker:Warning: Asset '../../../Engine/Plugins/Runtime/LeapMotionController/Content/LM_PassthroughMaterial.uasset' has been saved with empty engine version. The asset will be loaded but may be incompatible.
[2016.01.26-22.40.44:118][  0]LogObj: 27709 objects as part of root set at end of initial load.
[2016.01.26-22.40.44:118][  0]LogUObjectAllocator: 5803208 out of 0 bytes used by permanent object pool.
[2016.01.26-22.40.44:178][  0]LogEngine: Initializing Engine...
[2016.01.26-22.40.44:180][  0]LogHMD: Can't find Oculus library dev build: is proper Runtime installed? Version: 0.7.0.0
[2016.01.26-22.40.44:181][  0]LogHMD: SteamVR failed to initialize.  Err: 110
[2016.01.26-22.40.44:314][  0]LogInit: XAudio2 using 'Haut-parleurs (USB PnP Sound Device)' : 2 channels at 44.1 kHz using 16 bits per sample (channel mask 0x3)
[2016.01.26-22.40.44:319][  0]LogInit: FAudioDevice initialized.
[2016.01.26-22.40.44:325][  0]LogInit: Texture streaming: Enabled
[2016.01.26-22.40.44:466][  0]LogNet: Browse: /Temp/Autosaves/Game/FirstPersonCPP/Maps/UEDPCMainMenu?Name=Player
[2016.01.26-22.40.44:468][  0]LogLoad: LoadMap: /Temp/Autosaves/Game/FirstPersonCPP/Maps/UEDPCMainMenu?Name=Player
[2016.01.26-22.40.44:483][  0]LogParticles: Destroying 0 GPU particle simulations for FXSystem 0x0000000012BCF240
[2016.01.26-22.40.44:498][  0]LogMemory: Platform Memory Stats for Windows
[2016.01.26-22.40.44:498][  0]LogMemory: Process Physical Memory: 376.73 MB used, 376.73 MB peak
[2016.01.26-22.40.44:498][  0]LogMemory: Process Virtual Memory: 452.43 MB used, 452.43 MB peak
[2016.01.26-22.40.44:498][  0]LogMemory: Physical Memory: 7977.73 MB used, 16288.39 MB total
[2016.01.26-22.40.44:498][  0]LogMemory: Virtual Memory: 952.48 MB used, 8388608.00 MB total
[2016.01.26-22.40.44:498][  0]LogMemory: 
[2016.01.26-22.40.44:498][  0]Allocator Stats for TBB: (not implemented)
[2016.01.26-22.40.44:512][  0]LogAIModule: Creating AISystem for world MainMenu
[2016.01.26-22.40.44:512][  0]LogWorld: Game class is 'LostAgeGameMode'
[2016.01.26-22.40.44:680][  0]LogWorld: Bringing World /Temp/Autosaves/Game/FirstPersonCPP/Maps/UEDPCMainMenu.MainMenu up for play (max tick rate 0) at 2016.01.26-17.40.44
[2016.01.26-22.40.44:680][  0]LogWorld: Bringing up level for play took: 0.000517
[2016.01.26-22.40.44:682][  0]LogOnline:Warning: NULL: Can't start an online game for session (Game) that hasn't been created
[2016.01.26-22.40.44:792][  0]LogInit:Display: Game Engine Initialized.
[2016.01.26-22.40.45:009][  0]LogLoad: Full Startup: 5.27 seconds (BP compile: 0.14 seconds)
[2016.01.26-22.40.45:118][  2]LogRenderer: Reallocating scene render targets to support 1280x720 (Frame:2).
[2016.01.26-22.40.46:367][ 78]LogInit: WinSock: I am frederic-PC (192.168.1.103:0)
[2016.01.26-22.40.46:429][ 78]LogPackageName: SearchForPackageOnDisk took   0.062s to resolve FirstPersonExampleMap.umap.
[2016.01.26-22.40.46:482][ 78]LogPackageName: SearchForPackageOnDisk took   0.052s to resolve FirstPersonExampleMap.umap.
[2016.01.26-22.40.46:482][ 78]LogNet: Browse: /Game/FirstPersonCPP/Maps/FirstPersonExampleMap?listen
[2016.01.26-22.40.46:482][ 78]LogLoad: LoadMap: /Game/FirstPersonCPP/Maps/FirstPersonExampleMap?listen
[2016.01.26-22.40.46:501][ 78]LogParticles: Destroying 0 GPU particle simulations for FXSystem 0x0000000012BCFBA0
[2016.01.26-22.40.46:517][ 78]LogMemory: Platform Memory Stats for Windows
[2016.01.26-22.40.46:517][ 78]LogMemory: Process Physical Memory: 408.00 MB used, 420.52 MB peak
[2016.01.26-22.40.46:517][ 78]LogMemory: Process Virtual Memory: 650.09 MB used, 660.64 MB peak
[2016.01.26-22.40.46:517][ 78]LogMemory: Physical Memory: 8107.74 MB used, 16288.39 MB total
[2016.01.26-22.40.46:517][ 78]LogMemory: Virtual Memory: 1163.33 MB used, 8388608.00 MB total
[2016.01.26-22.40.46:517][ 78]LogMemory: 
[2016.01.26-22.40.46:517][ 78]Allocator Stats for TBB: (not implemented)
[2016.01.26-22.40.46:776][ 78]LogAIModule: Creating AISystem for world FirstPersonExampleMap
[2016.01.26-22.40.46:776][ 78]LogWorld: Game class is 'LostAgeGameMode'
[2016.01.26-22.40.46:961][ 78]LogWindows: === Critical error: ===
Fatal error!



[2016.01.26-22.40.46:962][ 78]LogExit: Executing StaticShutdownAfterError
[2016.01.26-22.40.46:965][ 78]LogPhysics:Warning: PHYSX: ..\..\PhysX\src\NpScene.cpp (2946) 8 : PxScene::unlockWrite() called without matching call to PxScene::lockWrite(), behaviour will be undefined.
[2016.01.26-22.40.46:966][ 78]LogPhysics:Warning: PHYSX: ..\..\PhysX\src\NpScene.cpp (2946) 8 : PxScene::unlockWrite() called without matching call to PxScene::lockWrite(), behaviour will be undefined.
[2016.01.26-22.40.46:966][ 78]LogWindows: FPlatformMisc::RequestExit(1)
[2016.01.26-22.40.46:966][ 78]Log file closed, 01/26/16 17:40:46
