[2016.01.26-19.09.07:420][  0]Log file open, 01/26/16 14:09:07
[2016.01.26-19.09.07:420][  0]LogInit:Display: Running engine for game: LostAge
[2016.01.26-19.09.07:421][  0]LogInit:Display: RandInit(1249850089) SRandInit(1249850090).
[2016.01.26-19.09.07:421][  0]LogTaskGraph: Started task graph with 4 named threads and 7 total threads.
[2016.01.26-19.09.07:421][  0]LogStats: Stats thread started at 0.150770
[2016.01.26-19.09.07:421][  0]LogInit: Version: 4.9.2-2707645+++depot+UE4-Releases+4.9
[2016.01.26-19.09.07:422][  0]LogInit: API Version: 2672455
[2016.01.26-19.09.07:422][  0]LogInit: Compiled (64-bit): Sep 28 2015 10:25:44
[2016.01.26-19.09.07:422][  0]LogInit: Compiled with Visual C++: 18.00.21005.01
[2016.01.26-19.09.07:422][  0]LogInit: Build Configuration: DebugGame
[2016.01.26-19.09.07:423][  0]LogInit: Branch Name: ++depot+UE4-Releases+4.9
[2016.01.26-19.09.07:423][  0]LogInit: Command line:  -debug
[2016.01.26-19.09.07:423][  0]LogInit: Base directory: C:/Program Files/Epic Games/4.9/Engine/Binaries/Win64/
[2016.01.26-19.09.07:424][  0]LogInit: Rocket: 1
[2016.01.26-19.09.07:450][  0]LogInit: Using libcurl 7.41.0
[2016.01.26-19.09.07:450][  0]LogInit:  - built for x86_64-pc-win32
[2016.01.26-19.09.07:450][  0]LogInit:  - supports SSL with WinSSL
[2016.01.26-19.09.07:451][  0]LogInit:  - other features:
[2016.01.26-19.09.07:451][  0]LogInit:      CURL_VERSION_SSL
[2016.01.26-19.09.07:451][  0]LogInit:      CURL_VERSION_IPV6
[2016.01.26-19.09.07:451][  0]LogInit:      CURL_VERSION_ASYNCHDNS
[2016.01.26-19.09.07:452][  0]LogInit:      CURL_VERSION_LARGEFILE
[2016.01.26-19.09.07:452][  0]LogInit:      CURL_VERSION_IDN
[2016.01.26-19.09.07:452][  0]LogInit:  CurlRequestOptions (configurable via config and command line):
[2016.01.26-19.09.07:452][  0]LogInit:  - bVerifyPeer = true  - Libcurl will verify peer certificate
[2016.01.26-19.09.07:453][  0]LogInit:  - bUseHttpProxy = false  - Libcurl will NOT use HTTP proxy
[2016.01.26-19.09.07:453][  0]LogInit:  - bDontReuseConnections = false  - Libcurl will reuse connections
[2016.01.26-19.09.07:453][  0]LogInit:  - CertBundlePath = nullptr  - Libcurl will use whatever was configured at build time.
[2016.01.26-19.09.07:518][  0]LogInit: WinSock: version 1.1 (2.2), MaxSocks=32767, MaxUdp=65467
[2016.01.26-19.09.07:535][  0]LogVoice:Warning: Failed to initialize voice interface
[2016.01.26-19.09.07:540][  0]LogInit: Presizing for 0 objects not considered by GC, pre-allocating 0 bytes.
[2016.01.26-19.09.07:548][  0]LogInit: Object subsystem initialized
[2016.01.26-19.09.07:550][  0]LogInit: Selected Device Profile: [Windows]
[2016.01.26-19.09.07:550][  0]LogInit: Applying CVar settings loaded from the selected device profile: [Windows]
[2016.01.26-19.09.07:558][  0]LogInit: Computer: FREDERIC-PC
[2016.01.26-19.09.07:558][  0]LogInit: User: frederic
[2016.01.26-19.09.07:559][  0]LogInit: CPU Page size=4096, Cores=4
[2016.01.26-19.09.07:559][  0]LogInit: High frequency timer resolution =3.331240 MHz
[2016.01.26-19.09.07:559][  0]LogMemory: Memory total: Physical=15.9GB (16GB approx)
[2016.01.26-19.09.07:560][  0]LogMemory: Platform Memory Stats for Windows
[2016.01.26-19.09.07:560][  0]LogMemory: Process Physical Memory: 54.84 MB used, 54.84 MB peak
[2016.01.26-19.09.07:560][  0]LogMemory: Process Virtual Memory: 55.86 MB used, 55.86 MB peak
[2016.01.26-19.09.07:560][  0]LogMemory: Physical Memory: 8555.24 MB used, 16288.39 MB total
[2016.01.26-19.09.07:561][  0]LogMemory: Virtual Memory: 337.63 MB used, 8388608.00 MB total
[2016.01.26-19.09.07:635][  0]LogTextLocalizationManager: No translations for ('fr-CA') exist, falling back to 'en' for localization and internationalization data.
[2016.01.26-19.09.08:454][  0]LogD3D11RHI: Found D3D11 adapter 0: NVIDIA GeForce GTX 970 (Feature Level 11_0)
[2016.01.26-19.09.08:454][  0]LogD3D11RHI: Adapter has 4008MB of dedicated video memory, 0MB of dedicated system memory, and 7888MB of shared system memory, 1 output[s]
[2016.01.26-19.09.08:462][  0]LogD3D11RHI: Found D3D11 adapter 1: Intel(R) HD Graphics 3000 (Feature Level 10_0)
[2016.01.26-19.09.08:463][  0]LogD3D11RHI: Adapter has 64MB of dedicated video memory, 0MB of dedicated system memory, and 1632MB of shared system memory, 0 output[s]
[2016.01.26-19.09.08:463][  0]LogD3D11RHI: Chosen D3D11 Adapter Id = 0
[2016.01.26-19.09.08:468][  0]LogD3D11RHI: !Direct3DDevice
[2016.01.26-19.09.08:468][  0]LogRHI: Texture pool is 1361 MB (70% of 1945 MB)
[2016.01.26-19.09.08:501][  0]LogD3D11RHI: Async texture creation enabled
[2016.01.26-19.09.08:516][  0]LogShaderCompilers: Guid format shader working directory is 15 characters bigger than the processId version (../../../../../../Users/frederic/Documents/Unreal Projects/LostAge/Intermediate/Shaders/WorkingDirectory/4028/).
[2016.01.26-19.09.08:517][  0]LogShaderCompilers: Cleaned the shader compiler working directory '../../../../../../Users/frederic/Documents/Unreal Projects/LostAge/Intermediate/Shaders/tmp/D408D0F742AE63B682EBE696FAB552FC/'.
[2016.01.26-19.09.08:517][  0]LogShaderCompilers:Display: Using Local Shader Compiler.
[2016.01.26-19.09.09:716][  0]LogTemp:Display: Loaded TP AllDesktopTargetPlatform
[2016.01.26-19.09.09:734][  0]LogTemp:Display: Loaded TP WindowsClientTargetPlatform
[2016.01.26-19.09.09:748][  0]LogTemp:Display: Loaded TP WindowsNoEditorTargetPlatform
[2016.01.26-19.09.09:762][  0]LogTemp:Display: Loaded TP WindowsServerTargetPlatform
[2016.01.26-19.09.09:777][  0]LogTemp:Display: Loaded TP WindowsTargetPlatform
[2016.01.26-19.09.09:784][  0]LogTemp:Display: Loaded TP AndroidTargetPlatform
[2016.01.26-19.09.09:792][  0]LogTemp:Display: Loaded TP Android_ASTCTargetPlatform
[2016.01.26-19.09.09:801][  0]LogTemp:Display: Loaded TP Android_ATCTargetPlatform
[2016.01.26-19.09.09:809][  0]LogTemp:Display: Loaded TP Android_DXTTargetPlatform
[2016.01.26-19.09.09:816][  0]LogTemp:Display: Loaded TP Android_ETC1TargetPlatform
[2016.01.26-19.09.09:826][  0]LogTemp:Display: Loaded TP Android_ETC2TargetPlatform
[2016.01.26-19.09.09:833][  0]LogTemp:Display: Loaded TP Android_PVRTCTargetPlatform
[2016.01.26-19.09.09:838][  0]LogTemp:Display: Loaded TP HTML5TargetPlatform
[2016.01.26-19.09.09:867][  0]LogTemp:Display: Loaded TP IOSTargetPlatform
[2016.01.26-19.09.09:874][  0]LogTemp:Display: Loaded TP LinuxNoEditorTargetPlatform
[2016.01.26-19.09.09:881][  0]LogTemp:Display: Loaded TP LinuxServerTargetPlatform
[2016.01.26-19.09.09:888][  0]LogTemp:Display: Loaded TP LinuxTargetPlatform
[2016.01.26-19.09.09:889][  0]LogTargetPlatformManager:Display: Building Assets For Windows
[2016.01.26-19.09.10:086][  0]LogDerivedDataCache:Display: Max Cache Size: 512 MB
[2016.01.26-19.09.10:135][  0]LogDerivedDataCache: Loaded boot cache 0.05s 42MB C:/Users/frederic/AppData/Local/UnrealEngine/4.9/DerivedDataCache/Boot.ddc.
[2016.01.26-19.09.10:135][  0]LogDerivedDataCache:Display: Loaded Boot cache: C:/Users/frederic/AppData/Local/UnrealEngine/4.9/DerivedDataCache/Boot.ddc
[2016.01.26-19.09.10:136][  0]LogDerivedDataCache: FDerivedDataBackendGraph:  Pak pak cache file ../../../../../../Users/frederic/Documents/Unreal Projects/LostAge/DerivedDataCache/DDC.ddp not found, will not use a pak cache.
[2016.01.26-19.09.10:136][  0]LogDerivedDataCache: Unable to find inner node Pak for hierarchical cache Hierarchy.
[2016.01.26-19.09.10:136][  0]LogDerivedDataCache: FDerivedDataBackendGraph:  CompressedPak pak cache file ../../../../../../Users/frederic/Documents/Unreal Projects/LostAge/DerivedDataCache/Compressed.ddp not found, will not use a pak cache.
[2016.01.26-19.09.10:136][  0]LogDerivedDataCache: Unable to find inner node CompressedPak for hierarchical cache Hierarchy.
[2016.01.26-19.09.10:289][  0]LogDerivedDataCache:Display: Pak cache opened for reading ../../../Engine/DerivedDataCache/Compressed.ddp.
[2016.01.26-19.09.10:301][  0]LogDerivedDataCache: Using Local data cache path C:/Users/frederic/AppData/Local/UnrealEngine/Common/DerivedDataCache: Writable
[2016.01.26-19.09.10:482][  0]LogInit: Selected Device Profile: [Windows]
[2016.01.26-19.09.10:483][  0]LogContentStreaming: Texture pool size is 0.000000MB
[2016.01.26-19.09.10:520][  0]LogMeshUtilities: No automatic mesh reduction module available
[2016.01.26-19.09.10:521][  0]LogMeshUtilities: No automatic mesh merging module available
[2016.01.26-19.09.11:849][  0]UdpMessaging: Initializing bridge on interface 0.0.0.0:0 to multicast group 230.0.0.1:6666.
[2016.01.26-19.09.12:171][  0]LogAssetRegistry: FAssetRegistry took 0.0106 seconds to start up
[2016.01.26-19.09.12:482][  0]SourceControl: Info Source control is disabled
[2016.01.26-19.09.12:484][  0]SourceControl: Info Source control is disabled
[2016.01.26-19.09.12:504][  0]SourceControl: Info Source control is disabled
[2016.01.26-19.09.12:525][  0]SourceControl: Info Source control is disabled
[2016.01.26-19.09.12:716][  0]LogLinker:Warning: Asset '../../../Engine/Plugins/Runtime/LeapMotionController/Content/LM_PassthroughMaterial.uasset' has been saved with empty engine version. The asset will be loaded but may be incompatible.
[2016.01.26-19.09.12:832][  0]LogObj: 31792 objects as part of root set at end of initial load.
[2016.01.26-19.09.12:833][  0]LogUObjectAllocator: 7252992 out of 0 bytes used by permanent object pool.
[2016.01.26-19.09.12:923][  0]LogEngine: Initializing Engine...
[2016.01.26-19.09.12:927][  0]LogHMD: Can't find Oculus library dev build: is proper Runtime installed? Version: 0.7.0.0
[2016.01.26-19.09.12:929][  0]LogHMD: SteamVR failed to initialize.  Err: 110
[2016.01.26-19.09.13:069][  0]LogAIModule: Creating AISystem for world NewWorld
[2016.01.26-19.09.13:084][  0]LogInit: XAudio2 using 'Haut-parleurs (Realtek High Definition Audio)' : 2 channels at 48 kHz using 32 bits per sample (channel mask 0x3)
[2016.01.26-19.09.13:101][  0]LogInit: FAudioDevice initialized.
[2016.01.26-19.09.13:122][  0]LogDerivedDataCache: Saved boot cache 0.02s 42MB C:/Users/frederic/AppData/Local/UnrealEngine/4.9/DerivedDataCache/Boot.ddc.
[2016.01.26-19.09.13:129][  0]LogInit: Texture streaming: Enabled
[2016.01.26-19.09.13:144][  0]LogAnalytics: Creating configured Analytics provider AnalyticsET
[2016.01.26-19.09.13:144][  0]LogAnalytics: [UEEditor.Rocket.Release] APIServer = http://et2.epicgames.com/ET2/. AppVersion = 4.9.2-2707645+++depot+UE4-Releases+4.9
[2016.01.26-19.09.13:144][  0]LogAnalytics: [UEEditor.Rocket.Release] SetUserId c8da8d664a36a98701fe659c10ae4ff8|70626fa7f476448fb82ad9618fbbb1ab|00e7fb16-00c3-4af4-a2a1-2cc8013aae38
[2016.01.26-19.09.13:145][  0]LogAnalytics: [UEEditor.Rocket.Release] AnalyticsET::StartSession
[2016.01.26-19.09.13:170][  0]LogInit: Transaction tracking system initialized
[2016.01.26-19.09.13:261][  0]BlueprintLog: New page: Editor Load
[2016.01.26-19.09.13:601][  0]LocalizationService: Info Localization service is disabled
[2016.01.26-19.09.13:744][  0]LogLinker:Warning: Can't find file '/Game/ThirdPersonCPP/ThirdPersonOverview'
[2016.01.26-19.09.13:744][  0]LogLinker:Warning: Can't find file '/Game/ThirdPersonCPP/ThirdPersonOverview'
[2016.01.26-19.09.13:745][  0]LogUObjectGlobals:Warning: Failed to find object 'Class /Game/ThirdPersonCPP/ThirdPersonOverview.ThirdPersonOverview_C'
[2016.01.26-19.09.13:771][  0]LogConsoleResponse:Display: 
[2016.01.26-19.09.13:904][  0]LogCook:Display: Done creating registry. It took  0.00s.
[2016.01.26-19.09.14:037][  0]LogFileCache: Scanning file cache for directory 'C:/Users/frederic/Documents/Unreal Projects/LostAge/Content/' took 0.01s
[2016.01.26-19.09.14:055][  0]SourceControl: Info Source control is disabled
[2016.01.26-19.09.14:055][  0]Cmd: MAP LOAD FILE="../../../../../../Users/frederic/Documents/Unreal Projects/LostAge/Content/FirstPersonCPP/Maps/MainMenu.umap" TEMPLATE=0 SHOWPROGRESS=1 FEATURELEVEL=3
[2016.01.26-19.09.14:056][  0]LightingResults: New page: Lighting Build
[2016.01.26-19.09.14:061][  0]MapCheck: New page: Map Check
[2016.01.26-19.09.14:061][  0]LightingResults: New page: Lighting Build
[2016.01.26-19.09.14:073][  0]LogParticles: Destroying 0 GPU particle simulations for FXSystem 0x0000000023962160
[2016.01.26-19.09.14:078][  0]LogAIModule: Creating AISystem for world MainMenu
[2016.01.26-19.09.14:079][  0]LogEditorServer: Finished looking for orphan Actors (0.000 secs)
[2016.01.26-19.09.14:081][  0]Cmd: MAP CHECKDEP NOCLEARLOG
[2016.01.26-19.09.14:132][  0]MapCheck: Info Map check complete: 0 Error(s), 0 Warning(s), took 51.281ms to complete.
[2016.01.26-19.09.14:133][  0]LogFileHelpers: Loading map 'MainMenu' took 0.078
[2016.01.26-19.09.14:253][  0]LogCollectionManager: Loaded 0 collections in 0.002260 seconds
[2016.01.26-19.09.14:296][  0]LogFileCache: Scanning file cache for directory 'C:/Users/frederic/Documents/Unreal Projects/LostAge/Saved/Collections/' took 0.01s
[2016.01.26-19.09.14:297][  0]LogFileCache: Scanning file cache for directory 'C:/Users/frederic/Documents/Unreal Projects/LostAge/Content/Developers/frederic/Collections/' took 0.01s
[2016.01.26-19.09.14:297][  0]LogFileCache: Scanning file cache for directory 'C:/Users/frederic/Documents/Unreal Projects/LostAge/Content/Collections/' took 0.01s
[2016.01.26-19.09.14:297][  0]LogContentBrowser: Native class hierarchy populated in 0.0083 seconds. Added 1875 classes and 335 folders.
[2016.01.26-19.09.14:306][  0]LogCollectionManager: Rebuilt the GUID cache for 0 collections in 0.000003 seconds
[2016.01.26-19.09.14:320][  0]LogContentBrowser: Native class hierarchy updated for 'WidgetCarousel' in 0.0030 seconds. Added 0 classes and 0 folders.
[2016.01.26-19.09.14:383][  0]LogContentBrowser: Native class hierarchy updated for 'AddContentDialog' in 0.0019 seconds. Added 0 classes and 0 folders.
[2016.01.26-19.09.14:402][  0]LogContentBrowser: Native class hierarchy updated for 'SceneOutliner' in 0.0018 seconds. Added 1 classes and 2 folders.
[2016.01.26-19.09.14:433][  0]LogCrashTracker: Crashtracker disabled due to settings.
[2016.01.26-19.09.14:437][  0]LogUObjectGlobals:Warning: Failed to find object 'Class None.'
[2016.01.26-19.09.14:459][  0]LogLoad: Full Startup: 8.06 seconds (BP compile: 0.03 seconds)
[2016.01.26-19.09.14:535][  0]LogContentStreaming: Texture pool size now 1000 MB
[2016.01.26-19.09.14:668][  0]LogRenderer: Reallocating scene render targets to support 1208x556 (Frame:2).
[2016.01.26-19.09.14:859][  3]LogAssetRegistry: Asset discovery search completed in 2.6988 seconds
[2016.01.26-19.09.14:860][  3]LogCollectionManager: Rebuilt the object cache for 0 collections in 0.000002 seconds (found 0 objects)
[2016.01.26-19.09.14:860][  3]LogCollectionManager: Fixed up redirectors for 0 collections in 0.000300 seconds (updated 0 objects)
[2016.01.26-19.09.26:120][321]LogBlueprint:Error: [compiler GameModeBP] Error Missing Event 'ShowMainMenu' for  Event ShowMainMenu 
[2016.01.26-19.09.26:123][321]LogBlueprint:Warning: [compiler GameModeBP] Warning [0019.72] Compile of GameModeBP failed. 1 Fatal Issue(s) 0 Warning(s) [in 4 ms]
[2016.01.26-19.09.26:123][321]LogBlueprint:Warning: [compiler GameModeBP] Warning [0019.72] Compile of GameModeBP failed. 1 Fatal Issue(s) 1 Warning(s) [in 0 ms]
[2016.01.26-19.09.26:124][321]LogBlueprint:Warning: [compiler GameModeBP] Warning [0019.72] Compile of GameModeBP failed. 1 Fatal Issue(s) 2 Warning(s) [in 0 ms]
[2016.01.26-19.09.26:175][321]LogLinker:Warning: Asset '../../../Engine/Content/ArtTools/RenderToTexture/Macros/RenderToTextureMacros.uasset' has been saved with empty engine version. The asset will be loaded but may be incompatible.
[2016.01.26-19.09.26:732][321]LogContentBrowser: Native class hierarchy updated for 'BlueprintGraph' in 0.0022 seconds. Added 107 classes and 0 folders.
[2016.01.26-19.09.27:186][321]LogActor:Warning: GameNetworkManager /Engine/Transient.World_2:PersistentLevel.GameNetworkManager_0 has natively added scene component(s), but none of them were set as the actor's RootComponent - picking one arbitrarily
[2016.01.26-19.10.08:049][858]BlueprintLog: New page: Compile GameInstanceBP
[2016.01.26-19.10.08:173][858]LogActorComponent: UnregisterComponent: (/Engine/Transient.CharMoveComp) Not registered. Aborting.
[2016.01.26-19.10.08:205][858]LogParticles: Destroying 0 GPU particle simulations for FXSystem 0x0000000014B1B6A0
[2016.01.26-19.10.08:218][858]BlueprintEditorCompileResults: Info [0061.82] Compile of GameInstanceBP successful! [in 168 ms]
[2016.01.26-19.11.11:373][503]LogSavePackage: Save=58.255486ms
[2016.01.26-19.11.11:374][503]LogSavePackage: Moving '../../../../../../Users/frederic/Documents/Unreal Projects/LostAge/Saved/GameInstanceBPE891520741F9BB6AB14681871DA5C3FE.tmp' to '../../../../../../Users/frederic/Documents/Unreal Projects/LostAge/Content/FirstPersonCPP/Blueprints/GameInstanceBP.uasset'
[2016.01.26-19.11.11:378][503]LogSavePackage: Total save time: 68.815514ms
[2016.01.26-19.11.11:378][503]LogSavePackage:Warning: Finished SavePackage ../../../../../../Users/frederic/Documents/Unreal Projects/LostAge/Content/FirstPersonCPP/Blueprints/GameInstanceBP.uasset
[2016.01.26-19.11.14:056][789]LogActor:Warning: GameNetworkManager /Engine/Transient.World_4:PersistentLevel.GameNetworkManager_1 has natively added scene component(s), but none of them were set as the actor's RootComponent - picking one arbitrarily
[2016.01.26-19.11.17:503][173]LogActorComponent: UnregisterComponent: (/Engine/Transient.CharMoveComp) Not registered. Aborting.
[2016.01.26-19.11.17:525][173]LogParticles: Destroying 0 GPU particle simulations for FXSystem 0x00000000520D6160
[2016.01.26-19.11.17:528][173]LogParticles: Destroying 0 GPU particle simulations for FXSystem 0x000000000379F740
[2016.01.26-19.11.19:405][174]Cmd: QUIT_EDITOR
[2016.01.26-19.11.19:669][174]LogExit: Preparing to exit.
[2016.01.26-19.11.19:949][174]LogActorComponent: UnregisterComponent: (None.None) Not registered. Aborting.
[2016.01.26-19.11.19:950][174]LogActorComponent: UnregisterComponent: (None.None) Not registered. Aborting.
[2016.01.26-19.11.19:950][174]LogActorComponent: UnregisterComponent: (None.None) Not registered. Aborting.
[2016.01.26-19.11.19:950][174]LogActorComponent: UnregisterComponent: (None.None) Not registered. Aborting.
[2016.01.26-19.11.19:951][174]LogActorComponent: UnregisterComponent: (None.None) Not registered. Aborting.
[2016.01.26-19.11.19:951][174]LogActorComponent: UnregisterComponent: (None.None) Not registered. Aborting.
[2016.01.26-19.11.19:952][174]LogActorComponent: UnregisterComponent: (None.None) Not registered. Aborting.
[2016.01.26-19.11.19:952][174]LogActorComponent: UnregisterComponent: (None.None) Not registered. Aborting.
[2016.01.26-19.11.19:952][174]LogActorComponent: UnregisterComponent: (None.None) Not registered. Aborting.
[2016.01.26-19.11.19:953][174]LogActorComponent: UnregisterComponent: (None.None) Not registered. Aborting.
[2016.01.26-19.11.19:953][174]LogActorComponent: UnregisterComponent: (None.None) Not registered. Aborting.
[2016.01.26-19.11.19:953][174]LogActorComponent: UnregisterComponent: (None.None) Not registered. Aborting.
[2016.01.26-19.11.19:983][174]LogParticles: Destroying 0 GPU particle simulations for FXSystem 0x000000000F556D40
[2016.01.26-19.11.19:984][174]LogParticles: Destroying 0 GPU particle simulations for FXSystem 0x0000000010F23880
[2016.01.26-19.11.19:986][174]LogExit: Editor shut down
[2016.01.26-19.11.19:987][174]LogExit: Transaction tracking system shut down
[2016.01.26-19.11.19:988][174]LogParticles: Destroying 0 GPU particle simulations for FXSystem 0x000000000EDF3240
[2016.01.26-19.11.20:151][174]LogExit: Object subsystem successfully closed.
[2016.01.26-19.11.20:170][174]LogD3D11RHI: Shutdown
[2016.01.26-19.11.20:170][174]LogD3D11RHI: CleanupD3DDevice
[2016.01.26-19.11.20:390][174]LogD3D11RHI: ~FD3D11DynamicRHI
[2016.01.26-19.11.20:409][174]LogModuleManager: Shutting down and abandoning module ExternalImagePicker (202)
[2016.01.26-19.11.20:410][174]LogModuleManager: Shutting down and abandoning module BlueprintGraph (201)
[2016.01.26-19.11.20:410][174]LogModuleManager: Shutting down and abandoning module CrashTracker (200)
[2016.01.26-19.11.20:410][174]LogModuleManager: Shutting down and abandoning module SceneOutliner (199)
[2016.01.26-19.11.20:410][174]LogModuleManager: Shutting down and abandoning module SuperSearch (198)
[2016.01.26-19.11.20:411][174]LogModuleManager: Shutting down and abandoning module WidgetCarousel (197)
[2016.01.26-19.11.20:411][174]LogModuleManager: Shutting down and abandoning module AddContentDialog (196)
[2016.01.26-19.11.20:412][174]LogModuleManager: Shutting down and abandoning module EditorWidgets (195)
[2016.01.26-19.11.20:413][174]LogModuleManager: Shutting down and abandoning module CollectionManager (194)
[2016.01.26-19.11.20:413][174]LogModuleManager: Shutting down and abandoning module StatsViewer (193)
[2016.01.26-19.11.20:413][174]LogModuleManager: Shutting down and abandoning module FoliageEdit (192)
[2016.01.26-19.11.20:414][174]LogModuleManager: Shutting down and abandoning module LandscapeEditor (191)
[2016.01.26-19.11.20:414][174]LogModuleManager: Shutting down and abandoning module ActorPickerMode (190)
[2016.01.26-19.11.20:414][174]LogModuleManager: Shutting down and abandoning module GeometryMode (189)
[2016.01.26-19.11.20:415][174]LogModuleManager: Shutting down and abandoning module TextureAlignMode (188)
[2016.01.26-19.11.20:415][174]LogModuleManager: Shutting down and abandoning module BspMode (187)
[2016.01.26-19.11.20:415][174]LogModuleManager: Shutting down and abandoning module PlacementMode (186)
[2016.01.26-19.11.20:415][174]LogModuleManager: Shutting down and abandoning module AutomationWorker (185)
[2016.01.26-19.11.20:416][174]LogModuleManager: Shutting down and abandoning module CharacterAI (184)
[2016.01.26-19.11.20:416][174]LogModuleManager: Shutting down and abandoning module SmartSnapping (183)
[2016.01.26-19.11.20:416][174]LogModuleManager: Shutting down and abandoning module ViewportSnapping (182)
[2016.01.26-19.11.20:416][174]LogModuleManager: Shutting down and abandoning module LogVisualizer (181)
[2016.01.26-19.11.20:417][174]LogModuleManager: Shutting down and abandoning module GameProjectGeneration (180)
[2016.01.26-19.11.20:417][174]LogModuleManager: Shutting down and abandoning module IntroTutorials (179)
[2016.01.26-19.11.20:417][174]LogModuleManager: Shutting down and abandoning module EditorLiveStreaming (178)
[2016.01.26-19.11.20:418][174]LogModuleManager: Shutting down and abandoning module IOSPlatformEditor (177)
[2016.01.26-19.11.20:418][174]LogModuleManager: Shutting down and abandoning module HTML5PlatformEditor (176)
[2016.01.26-19.11.20:418][174]LogModuleManager: Shutting down and abandoning module AndroidDeviceDetection (175)
[2016.01.26-19.11.20:698][174]LogModuleManager: Shutting down and abandoning module AndroidPlatformEditor (174)
[2016.01.26-19.11.20:698][174]LogModuleManager: Shutting down and abandoning module IOSRuntimeSettings (173)
[2016.01.26-19.11.20:698][174]LogModuleManager: Shutting down and abandoning module AndroidRuntimeSettings (172)
[2016.01.26-19.11.20:699][174]LogModuleManager: Shutting down and abandoning module MergeActors (171)
[2016.01.26-19.11.20:699][174]LogModuleManager: Shutting down and abandoning module SizeMap (170)
[2016.01.26-19.11.20:699][174]LogModuleManager: Shutting down and abandoning module TreeMap (169)
[2016.01.26-19.11.20:699][174]LogModuleManager: Shutting down and abandoning module ReferenceViewer (168)
[2016.01.26-19.11.20:700][174]LogModuleManager: Shutting down and abandoning module LocalizationService (167)
[2016.01.26-19.11.20:700][174]LogModuleManager: Shutting down and abandoning module LocalizationDashboard (166)
[2016.01.26-19.11.20:700][174]LogModuleManager: Shutting down and abandoning module HardwareTargeting (165)
[2016.01.26-19.11.20:700][174]LogModuleManager: Shutting down and abandoning module DeviceProfileEditor (164)
[2016.01.26-19.11.20:701][174]LogModuleManager: Shutting down and abandoning module UndoHistory (163)
[2016.01.26-19.11.20:701][174]LogModuleManager: Shutting down and abandoning module GameplayTagsEditor (162)
[2016.01.26-19.11.20:701][174]LogModuleManager: Shutting down and abandoning module UserFeedback (161)
[2016.01.26-19.11.20:701][174]LogModuleManager: Shutting down and abandoning module XmlParser (160)
[2016.01.26-19.11.20:702][174]LogModuleManager: Shutting down and abandoning module Blutility (159)
[2016.01.26-19.11.20:702][174]LogModuleManager: Shutting down and abandoning module ProjectTargetPlatformEditor (158)
[2016.01.26-19.11.20:702][174]LogModuleManager: Shutting down and abandoning module ProjectSettingsViewer (157)
[2016.01.26-19.11.20:703][174]LogModuleManager: Shutting down and abandoning module InputBindingEditor (156)
[2016.01.26-19.11.20:703][174]LogModuleManager: Shutting down and abandoning module EditorSettingsViewer (155)
[2016.01.26-19.11.20:703][174]LogModuleManager: Shutting down and abandoning module SettingsEditor (154)
[2016.01.26-19.11.20:704][174]LogModuleManager: Shutting down and abandoning module ProjectLauncher (153)
[2016.01.26-19.11.20:704][174]LogModuleManager: Shutting down and abandoning module SessionFrontend (152)
[2016.01.26-19.11.20:704][174]LogModuleManager: Shutting down and abandoning module ProfilerClient (151)
[2016.01.26-19.11.20:704][174]LogModuleManager: Shutting down and abandoning module TargetDeviceServices (150)
[2016.01.26-19.11.20:705][174]LogModuleManager: Shutting down and abandoning module DeviceManager (149)
[2016.01.26-19.11.20:705][174]LogModuleManager: Shutting down and abandoning module AutomationController (148)
[2016.01.26-19.11.20:705][174]LogModuleManager: Shutting down and abandoning module AutomationWindow (147)
[2016.01.26-19.11.20:706][174]LogModuleManager: Shutting down and abandoning module Layers (146)
[2016.01.26-19.11.20:706][174]LogModuleManager: Shutting down and abandoning module ComponentVisualizers (145)
[2016.01.26-19.11.20:706][174]LogModuleManager: Shutting down and abandoning module DetailCustomizations (144)
[2016.01.26-19.11.20:707][174]LogModuleManager: Shutting down and abandoning module PackagesDialog (143)
[2016.01.26-19.11.20:707][174]LogModuleManager: Shutting down and abandoning module Persona (142)
[2016.01.26-19.11.20:707][174]LogModuleManager: Shutting down and abandoning module Kismet (141)
[2016.01.26-19.11.20:707][174]LogModuleManager: Shutting down and abandoning module GraphEditor (140)
[2016.01.26-19.11.20:708][174]LogModuleManager: Shutting down and abandoning module ClassViewer (139)
[2016.01.26-19.11.20:708][174]LogModuleManager: Shutting down and abandoning module Toolbox (138)
[2016.01.26-19.11.20:708][174]LogModuleManager: Shutting down and abandoning module ModuleUI (137)
[2016.01.26-19.11.20:708][174]LogModuleManager: Shutting down and abandoning module MovieSceneTools (136)
[2016.01.26-19.11.20:709][174]LogModuleManager: Shutting down and abandoning module OutputLog (135)
[2016.01.26-19.11.20:709][174]LogModuleManager: Shutting down and abandoning module GammaUI (134)
[2016.01.26-19.11.20:709][174]LogModuleManager: Shutting down and abandoning module Documentation (133)
[2016.01.26-19.11.20:710][174]LogModuleManager: Shutting down and abandoning module GameLiveStreaming (132)
[2016.01.26-19.11.20:710][174]LogModuleManager: Shutting down and abandoning module StreamingPauseRendering (131)
[2016.01.26-19.11.20:710][174]LogModuleManager: Shutting down and abandoning module AnalyticsET (130)
[2016.01.26-19.11.20:710][174]LogModuleManager: Shutting down and abandoning module Analytics (129)
[2016.01.26-19.11.20:711][174]LogModuleManager: Shutting down and abandoning module AITestSuite (128)
[2016.01.26-19.11.20:711][174]LogModuleManager: Shutting down and abandoning module GameplayDebugger (127)
[2016.01.26-19.11.20:711][174]LogModuleManager: Shutting down and abandoning module AIModule (126)
[2016.01.26-19.11.20:711][174]LogModuleManager: Shutting down and abandoning module ProfilerService (125)
[2016.01.26-19.11.20:874][174]LogModuleManager: Shutting down and abandoning module TaskGraph (124)
[2016.01.26-19.11.20:874][174]LogModuleManager: Shutting down and abandoning module SlateRemote (123)
[2016.01.26-19.11.20:874][174]LogModuleManager: Shutting down and abandoning module SteamVRController (122)
[2016.01.26-19.11.20:875][174]LogModuleManager: Shutting down and abandoning module SteamVR (121)
[2016.01.26-19.11.20:875][174]LogModuleManager: Shutting down and abandoning module ProceduralMeshComponent (120)
[2016.01.26-19.11.20:875][174]LogModuleManager: Shutting down and abandoning module OculusRift (119)
[2016.01.26-19.11.20:875][174]LogModuleManager: Shutting down and abandoning module OculusLibrary (118)
[2016.01.26-19.11.20:876][174]LogModuleManager: Shutting down and abandoning module LeapMotionController (117)
[2016.01.26-19.11.20:886][174]LogModuleManager: Shutting down and abandoning module CustomMeshComponent (116)
[2016.01.26-19.11.20:886][174]LogModuleManager: Shutting down and abandoning module CableComponent (115)
[2016.01.26-19.11.20:887][174]LogModuleManager: Shutting down and abandoning module ArchVisCharacter (114)
[2016.01.26-19.11.20:887][174]LogModuleManager: Shutting down and abandoning module MessagingDebugger (113)
[2016.01.26-19.11.20:887][174]LogModuleManager: Shutting down and abandoning module MediaPlayerEditor (112)
[2016.01.26-19.11.20:888][174]LogModuleManager: Shutting down and abandoning module HTML5Networking (111)
[2016.01.26-19.11.20:888][174]LogModuleManager: Shutting down and abandoning module SpeedTreeImporter (110)
[2016.01.26-19.11.20:888][174]LogModuleManager: Shutting down and abandoning module PluginBrowser (109)
[2016.01.26-19.11.20:888][174]LogModuleManager: Shutting down and abandoning module EpicSurvey (108)
[2016.01.26-19.11.20:889][174]LogModuleManager: Shutting down and abandoning module DesktopPlatform (107)
[2016.01.26-19.11.20:889][174]LogModuleManager: Shutting down and abandoning module VisualStudioSourceCodeAccess (106)
[2016.01.26-19.11.20:889][174]LogModuleManager: Shutting down and abandoning module UObjectPlugin (105)
[2016.01.26-19.11.20:889][174]LogModuleManager: Shutting down and abandoning module SubversionSourceControl (104)
[2016.01.26-19.11.20:890][174]LogModuleManager: Shutting down and abandoning module PerforceSourceControl (103)
[2016.01.26-19.11.20:890][174]LogModuleManager: Shutting down and abandoning module SourceControl (102)
[2016.01.26-19.11.20:890][174]LogModuleManager: Shutting down and abandoning module GitSourceControl (101)
[2016.01.26-19.11.20:891][174]LogModuleManager: Shutting down and abandoning module LightPropagationVolumeEditor (100)
[2016.01.26-19.11.20:891][174]LogModuleManager: Shutting down and abandoning module PaperTiledImporter (99)
[2016.01.26-19.11.20:891][174]LogModuleManager: Shutting down and abandoning module PaperSpriteSheetImporter (98)
[2016.01.26-19.11.20:891][174]LogModuleManager: Shutting down and abandoning module MeshPaint (97)
[2016.01.26-19.11.20:892][174]LogModuleManager: Shutting down and abandoning module SlateReflector (96)
[2016.01.26-19.11.20:892][174]LogModuleManager: Shutting down and abandoning module HotReload (95)
[2016.01.26-19.11.20:892][174]LogModuleManager: Shutting down and abandoning module MainFrame (94)
[2016.01.26-19.11.20:892][174]LogModuleManager: Shutting down and abandoning module LevelEditor (93)
[2016.01.26-19.11.20:893][174]LogModuleManager: Shutting down and abandoning module DirectoryWatcher (92)
[2016.01.26-19.11.20:894][174]LogModuleManager: Shutting down and abandoning module AssetRegistry (91)
[2016.01.26-19.11.20:978][174]LogModuleManager: Shutting down and abandoning module ContentBrowser (90)
[2016.01.26-19.11.20:979][174]LogModuleManager: Shutting down and abandoning module Paper2DEditor (89)
[2016.01.26-19.11.20:979][174]LogModuleManager: Shutting down and abandoning module LostAge (88)
[2016.01.26-19.11.20:980][174]LogModuleManager: Shutting down and abandoning module UdpMessaging (87)
[2016.01.26-19.11.21:080][174]LogModuleManager: Shutting down and abandoning module LightPropagationVolumeRuntime (86)
[2016.01.26-19.11.21:080][174]LogModuleManager: Shutting down and abandoning module Paper2D (85)
[2016.01.26-19.11.21:081][174]LogModuleManager: Shutting down and abandoning module WindowsMoviePlayer (84)
[2016.01.26-19.11.21:083][174]LogModuleManager: Shutting down and abandoning module Media (83)
[2016.01.26-19.11.21:084][174]LogModuleManager: Shutting down and abandoning module WmfMedia (82)
[2016.01.26-19.11.21:085][174]LogModuleManager: Shutting down and abandoning module OnlineBlueprintSupport (81)
[2016.01.26-19.11.21:086][174]LogModuleManager: Shutting down and abandoning module GameplayTasksEditor (80)
[2016.01.26-19.11.21:086][174]LogModuleManager: Shutting down and abandoning module PropertyEditor (79)
[2016.01.26-19.11.21:086][174]LogModuleManager: Shutting down and abandoning module BehaviorTreeEditor (78)
[2016.01.26-19.11.21:087][174]LogModuleManager: Shutting down and abandoning module FunctionalTesting (77)
[2016.01.26-19.11.21:088][174]LogModuleManager: Shutting down and abandoning module CollisionAnalyzer (76)
[2016.01.26-19.11.21:088][174]LogModuleManager: Shutting down and abandoning module WorkspaceMenuStructure (75)
[2016.01.26-19.11.21:088][174]LogModuleManager: Shutting down and abandoning module MessageLog (74)
[2016.01.26-19.11.21:088][174]LogModuleManager: Shutting down and abandoning module Sequencer (73)
[2016.01.26-19.11.21:089][174]LogModuleManager: Shutting down and abandoning module AssetTools (72)
[2016.01.26-19.11.21:089][174]LogModuleManager: Shutting down and abandoning module UMGEditor (71)
[2016.01.26-19.11.21:089][174]LogModuleManager: Shutting down and abandoning module UMG (70)
[2016.01.26-19.11.21:090][174]LogModuleManager: Shutting down and abandoning module Slate (69)
[2016.01.26-19.11.21:090][174]LogModuleManager: Shutting down and abandoning module EditorStyle (68)
[2016.01.26-19.11.21:092][174]LogModuleManager: Shutting down and abandoning module SessionServices (67)
[2016.01.26-19.11.21:092][174]LogModuleManager: Shutting down and abandoning module SourceCodeAccess (66)
[2016.01.26-19.11.21:093][174]LogModuleManager: Shutting down and abandoning module HeadMountedDisplay (65)
[2016.01.26-19.11.21:093][174]LogModuleManager: Shutting down and abandoning module XAudio2 (64)
[2016.01.26-19.11.21:093][174]LogModuleManager: Shutting down and abandoning module Networking (63)
[2016.01.26-19.11.21:093][174]LogModuleManager: Shutting down and abandoning module Core (62)
[2016.01.26-19.11.21:094][174]LogModuleManager: Shutting down and abandoning module KismetCompiler (61)
[2016.01.26-19.11.21:094][174]LogModuleManager: Shutting down and abandoning module PhysXFormats (60)
[2016.01.26-19.11.21:094][174]LogModuleManager: Shutting down and abandoning module MeshUtilities (59)
[2016.01.26-19.11.21:095][174]LogModuleManager: Shutting down and abandoning module CookingStats (58)
[2016.01.26-19.11.21:095][174]LogModuleManager: Shutting down and abandoning module DerivedDataCache (57)
[2016.01.26-19.11.21:109][174]LogDerivedDataCache: Shutdown
[2016.01.26-19.11.21:109][174]LogModuleManager: Shutting down and abandoning module ShaderFormatOpenGL (56)
[2016.01.26-19.11.21:109][174]LogModuleManager: Shutting down and abandoning module ShaderFormatD3D (55)
[2016.01.26-19.11.21:110][174]LogModuleManager: Shutting down and abandoning module MetalShaderFormat (54)
[2016.01.26-19.11.21:110][174]LogModuleManager: Shutting down and abandoning module TextureFormatUncompressed (53)
[2016.01.26-19.11.21:110][174]LogModuleManager: Shutting down and abandoning module TextureFormatPVR (52)
[2016.01.26-19.11.21:111][174]LogModuleManager: Shutting down and abandoning module TextureFormatIntelISPCTexComp (51)
[2016.01.26-19.11.21:111][174]LogModuleManager: Shutting down and abandoning module TextureFormatDXT (50)
[2016.01.26-19.11.21:111][174]LogModuleManager: Shutting down and abandoning module ImageWrapper (49)
[2016.01.26-19.11.21:111][174]LogModuleManager: Shutting down and abandoning module TextureFormatASTC (48)
[2016.01.26-19.11.21:112][174]LogModuleManager: Shutting down and abandoning module TextureFormatAndroid (47)
[2016.01.26-19.11.21:112][174]LogModuleManager: Shutting down and abandoning module AudioFormatOpus (46)
[2016.01.26-19.11.21:112][174]LogModuleManager: Shutting down and abandoning module AudioFormatOgg (45)
[2016.01.26-19.11.21:113][174]LogModuleManager: Shutting down and abandoning module AudioFormatADPCM (44)
[2016.01.26-19.11.21:113][174]LogModuleManager: Shutting down and abandoning module LinuxTargetPlatform (43)
[2016.01.26-19.11.21:113][174]LogModuleManager: Shutting down and abandoning module LinuxServerTargetPlatform (42)
[2016.01.26-19.11.21:114][174]LogModuleManager: Shutting down and abandoning module LinuxNoEditorTargetPlatform (41)
[2016.01.26-19.11.21:114][174]LogModuleManager: Shutting down and abandoning module Messaging (40)
[2016.01.26-19.11.21:114][174]LogModuleManager: Shutting down and abandoning module IOSTargetPlatform (39)
[2016.01.26-19.11.21:114][174]LogModuleManager: Shutting down and abandoning module HTML5TargetPlatform (38)
[2016.01.26-19.11.21:115][174]LogModuleManager: Shutting down and abandoning module Android_PVRTCTargetPlatform (37)
[2016.01.26-19.11.21:115][174]LogModuleManager: Shutting down and abandoning module Android_ETC2TargetPlatform (36)
[2016.01.26-19.11.21:115][174]LogModuleManager: Shutting down and abandoning module Android_ETC1TargetPlatform (35)
[2016.01.26-19.11.21:115][174]LogModuleManager: Shutting down and abandoning module Android_DXTTargetPlatform (34)
[2016.01.26-19.11.21:115][174]LogModuleManager: Shutting down and abandoning module Android_ATCTargetPlatform (33)
[2016.01.26-19.11.21:116][174]LogModuleManager: Shutting down and abandoning module Android_ASTCTargetPlatform (32)
[2016.01.26-19.11.21:116][174]LogModuleManager: Shutting down and abandoning module AndroidTargetPlatform (31)
[2016.01.26-19.11.21:117][174]LogModuleManager: Shutting down and abandoning module WindowsTargetPlatform (30)
[2016.01.26-19.11.21:117][174]LogModuleManager: Shutting down and abandoning module WindowsServerTargetPlatform (29)
[2016.01.26-19.11.21:117][174]LogModuleManager: Shutting down and abandoning module WindowsNoEditorTargetPlatform (28)
[2016.01.26-19.11.21:117][174]LogModuleManager: Shutting down and abandoning module WindowsClientTargetPlatform (27)
[2016.01.26-19.11.21:118][174]LogModuleManager: Shutting down and abandoning module AllDesktopTargetPlatform (26)
[2016.01.26-19.11.21:118][174]LogModuleManager: Shutting down and abandoning module TargetPlatform (25)
[2016.01.26-19.11.21:118][174]LogModuleManager: Shutting down and abandoning module InputCore (24)
[2016.01.26-19.11.21:118][174]LogModuleManager: Shutting down and abandoning module Settings (23)
[2016.01.26-19.11.21:119][174]LogModuleManager: Shutting down and abandoning module Voice (21)
[2016.01.26-19.11.21:119][174]LogModuleManager: Shutting down and abandoning module OnlineSubsystem (18)
[2016.01.26-19.11.21:119][174]LogOnline:Display: NULL: FOnlineSubsystemNull::Shutdown()
[2016.01.26-19.11.21:170][174]LogOnline:Display: Unloading online subsystem: Null
[2016.01.26-19.11.21:170][174]LogModuleManager: Shutting down and abandoning module HTTP (17)
[2016.01.26-19.11.23:171][174]LogModuleManager: Shutting down and abandoning module XMPP (16)
[2016.01.26-19.11.23:172][174]LogModuleManager: Shutting down and abandoning module ExampleDeviceProfileSelector (15)
[2016.01.26-19.11.23:172][174]LogModuleManager: Shutting down and abandoning module TextureCompressor (14)
[2016.01.26-19.11.23:173][174]LogModuleManager: Shutting down and abandoning module ShaderCore (13)
[2016.01.26-19.11.23:173][174]LogModuleManager: Shutting down and abandoning module Landscape (12)
[2016.01.26-19.11.23:173][174]LogModuleManager: Shutting down and abandoning module SlateRHIRenderer (11)
[2016.01.26-19.11.23:175][174]LogModuleManager: Shutting down and abandoning module OpenGLDrv (10)
[2016.01.26-19.11.23:176][174]LogModuleManager: Shutting down and abandoning module D3D11RHI (9)
[2016.01.26-19.11.23:176][174]LogModuleManager: Shutting down and abandoning module AnimGraphRuntime (8)
[2016.01.26-19.11.23:176][174]LogModuleManager: Shutting down and abandoning module Renderer (7)
[2016.01.26-19.11.23:176][174]LogModuleManager: Shutting down and abandoning module Engine (6)
[2016.01.26-19.11.23:177][174]LogModuleManager: Shutting down and abandoning module CoreUObject (5)
[2016.01.26-19.11.23:177][174]LogModuleManager: Shutting down and abandoning module NetworkFile (4)
[2016.01.26-19.11.23:177][174]LogModuleManager: Shutting down and abandoning module StreamingFile (3)
[2016.01.26-19.11.23:177][174]LogModuleManager: Shutting down and abandoning module SandboxFile (2)
[2016.01.26-19.11.23:178][174]LogModuleManager: Shutting down and abandoning module PakFile (1)
[2016.01.26-19.11.23:180][174]LogExit: Exiting.
[2016.01.26-19.11.23:182][174]Log file closed, 01/26/16 14:11:23
