[2016.01.27-00.12.55:541][  0]Log file open, 01/26/16 19:12:55
[2016.01.27-00.12.55:541][  0]LogInit:Display: Running engine for game: LostAge
[2016.01.27-00.12.55:542][  0]LogInit:Display: RandInit(1841186192) SRandInit(1841186192).
[2016.01.27-00.12.55:542][  0]LogTaskGraph: Started task graph with 4 named threads and 7 total threads.
[2016.01.27-00.12.55:543][  0]LogStats: Stats thread started at 0.172085
[2016.01.27-00.12.55:543][  0]LogInit: Version: 4.9.2-2707645+++depot+UE4-Releases+4.9
[2016.01.27-00.12.55:543][  0]LogInit: API Version: 2672455
[2016.01.27-00.12.55:544][  0]LogInit: Compiled (64-bit): Sep 28 2015 10:25:44
[2016.01.27-00.12.55:544][  0]LogInit: Compiled with Visual C++: 18.00.21005.01
[2016.01.27-00.12.55:544][  0]LogInit: Build Configuration: Development
[2016.01.27-00.12.55:544][  0]LogInit: Branch Name: ++depot+UE4-Releases+4.9
[2016.01.27-00.12.55:545][  0]LogInit: Command line: 
[2016.01.27-00.12.55:545][  0]LogInit: Base directory: C:/Program Files/Epic Games/4.9/Engine/Binaries/Win64/
[2016.01.27-00.12.55:545][  0]LogInit: Rocket: 1
[2016.01.27-00.12.55:583][  0]LogInit: Using libcurl 7.41.0
[2016.01.27-00.12.55:583][  0]LogInit:  - built for x86_64-pc-win32
[2016.01.27-00.12.55:584][  0]LogInit:  - supports SSL with WinSSL
[2016.01.27-00.12.55:584][  0]LogInit:  - other features:
[2016.01.27-00.12.55:584][  0]LogInit:      CURL_VERSION_SSL
[2016.01.27-00.12.55:585][  0]LogInit:      CURL_VERSION_IPV6
[2016.01.27-00.12.55:585][  0]LogInit:      CURL_VERSION_ASYNCHDNS
[2016.01.27-00.12.55:585][  0]LogInit:      CURL_VERSION_LARGEFILE
[2016.01.27-00.12.55:585][  0]LogInit:      CURL_VERSION_IDN
[2016.01.27-00.12.55:586][  0]LogInit:  CurlRequestOptions (configurable via config and command line):
[2016.01.27-00.12.55:586][  0]LogInit:  - bVerifyPeer = true  - Libcurl will verify peer certificate
[2016.01.27-00.12.55:586][  0]LogInit:  - bUseHttpProxy = false  - Libcurl will NOT use HTTP proxy
[2016.01.27-00.12.55:586][  0]LogInit:  - bDontReuseConnections = false  - Libcurl will reuse connections
[2016.01.27-00.12.55:587][  0]LogInit:  - CertBundlePath = nullptr  - Libcurl will use whatever was configured at build time.
[2016.01.27-00.12.55:652][  0]LogInit: WinSock: version 1.1 (2.2), MaxSocks=32767, MaxUdp=65467
[2016.01.27-00.12.55:667][  0]LogVoice:Warning: Failed to initialize voice interface
[2016.01.27-00.12.55:674][  0]LogInit: Presizing for 0 objects not considered by GC, pre-allocating 0 bytes.
[2016.01.27-00.12.55:682][  0]LogInit: Object subsystem initialized
[2016.01.27-00.12.55:684][  0]LogInit: Selected Device Profile: [Windows]
[2016.01.27-00.12.55:684][  0]LogInit: Applying CVar settings loaded from the selected device profile: [Windows]
[2016.01.27-00.12.55:692][  0]LogInit: Computer: FREDERIC-PC
[2016.01.27-00.12.55:692][  0]LogInit: User: frederic
[2016.01.27-00.12.55:693][  0]LogInit: CPU Page size=4096, Cores=4
[2016.01.27-00.12.55:693][  0]LogInit: High frequency timer resolution =3.331240 MHz
[2016.01.27-00.12.55:693][  0]LogMemory: Memory total: Physical=15.9GB (16GB approx)
[2016.01.27-00.12.55:694][  0]LogMemory: Platform Memory Stats for Windows
[2016.01.27-00.12.55:694][  0]LogMemory: Process Physical Memory: 55.00 MB used, 55.00 MB peak
[2016.01.27-00.12.55:694][  0]LogMemory: Process Virtual Memory: 55.75 MB used, 55.75 MB peak
[2016.01.27-00.12.55:695][  0]LogMemory: Physical Memory: 7738.84 MB used, 16288.39 MB total
[2016.01.27-00.12.55:695][  0]LogMemory: Virtual Memory: 337.63 MB used, 8388608.00 MB total
[2016.01.27-00.12.55:779][  0]LogTextLocalizationManager: No translations for ('fr-CA') exist, falling back to 'en' for localization and internationalization data.
[2016.01.27-00.12.56:518][  0]LogD3D11RHI: Found D3D11 adapter 0: NVIDIA GeForce GTX 970 (Feature Level 11_0)
[2016.01.27-00.12.56:518][  0]LogD3D11RHI: Adapter has 4008MB of dedicated video memory, 0MB of dedicated system memory, and 7888MB of shared system memory, 1 output[s]
[2016.01.27-00.12.56:528][  0]LogD3D11RHI: Found D3D11 adapter 1: Intel(R) HD Graphics 3000 (Feature Level 10_0)
[2016.01.27-00.12.56:528][  0]LogD3D11RHI: Adapter has 64MB of dedicated video memory, 0MB of dedicated system memory, and 1632MB of shared system memory, 0 output[s]
[2016.01.27-00.12.56:529][  0]LogD3D11RHI: Chosen D3D11 Adapter Id = 0
[2016.01.27-00.12.56:534][  0]LogD3D11RHI: !Direct3DDevice
[2016.01.27-00.12.56:534][  0]LogRHI: Texture pool is 1361 MB (70% of 1945 MB)
[2016.01.27-00.12.56:611][  0]LogD3D11RHI: Async texture creation enabled
[2016.01.27-00.12.56:627][  0]LogShaderCompilers: Guid format shader working directory is 15 characters bigger than the processId version (../../../../../../Users/frederic/Documents/Unreal Projects/LostAge/Intermediate/Shaders/WorkingDirectory/1632/).
[2016.01.27-00.12.56:628][  0]LogShaderCompilers: Cleaned the shader compiler working directory '../../../../../../Users/frederic/Documents/Unreal Projects/LostAge/Intermediate/Shaders/tmp/76200EDF439E62911BE3E099511870CB/'.
[2016.01.27-00.12.56:628][  0]LogShaderCompilers:Display: Using Local Shader Compiler.
[2016.01.27-00.12.57:890][  0]LogTemp:Display: Loaded TP AllDesktopTargetPlatform
[2016.01.27-00.12.57:910][  0]LogTemp:Display: Loaded TP WindowsClientTargetPlatform
[2016.01.27-00.12.57:928][  0]LogTemp:Display: Loaded TP WindowsNoEditorTargetPlatform
[2016.01.27-00.12.57:948][  0]LogTemp:Display: Loaded TP WindowsServerTargetPlatform
[2016.01.27-00.12.57:968][  0]LogTemp:Display: Loaded TP WindowsTargetPlatform
[2016.01.27-00.12.57:976][  0]LogTemp:Display: Loaded TP AndroidTargetPlatform
[2016.01.27-00.12.57:984][  0]LogTemp:Display: Loaded TP Android_ASTCTargetPlatform
[2016.01.27-00.12.57:992][  0]LogTemp:Display: Loaded TP Android_ATCTargetPlatform
[2016.01.27-00.12.58:001][  0]LogTemp:Display: Loaded TP Android_DXTTargetPlatform
[2016.01.27-00.12.58:010][  0]LogTemp:Display: Loaded TP Android_ETC1TargetPlatform
[2016.01.27-00.12.58:018][  0]LogTemp:Display: Loaded TP Android_ETC2TargetPlatform
[2016.01.27-00.12.58:027][  0]LogTemp:Display: Loaded TP Android_PVRTCTargetPlatform
[2016.01.27-00.12.58:032][  0]LogTemp:Display: Loaded TP HTML5TargetPlatform
[2016.01.27-00.12.58:071][  0]LogTemp:Display: Loaded TP IOSTargetPlatform
[2016.01.27-00.12.58:079][  0]LogTemp:Display: Loaded TP LinuxNoEditorTargetPlatform
[2016.01.27-00.12.58:087][  0]LogTemp:Display: Loaded TP LinuxServerTargetPlatform
[2016.01.27-00.12.58:095][  0]LogTemp:Display: Loaded TP LinuxTargetPlatform
[2016.01.27-00.12.58:095][  0]LogTargetPlatformManager:Display: Building Assets For Windows
[2016.01.27-00.12.58:343][  0]LogDerivedDataCache:Display: Max Cache Size: 512 MB
[2016.01.27-00.12.58:396][  0]LogDerivedDataCache: Loaded boot cache 0.05s 42MB C:/Users/frederic/AppData/Local/UnrealEngine/4.9/DerivedDataCache/Boot.ddc.
[2016.01.27-00.12.58:396][  0]LogDerivedDataCache:Display: Loaded Boot cache: C:/Users/frederic/AppData/Local/UnrealEngine/4.9/DerivedDataCache/Boot.ddc
[2016.01.27-00.12.58:397][  0]LogDerivedDataCache: FDerivedDataBackendGraph:  Pak pak cache file ../../../../../../Users/frederic/Documents/Unreal Projects/LostAge/DerivedDataCache/DDC.ddp not found, will not use a pak cache.
[2016.01.27-00.12.58:397][  0]LogDerivedDataCache: Unable to find inner node Pak for hierarchical cache Hierarchy.
[2016.01.27-00.12.58:397][  0]LogDerivedDataCache: FDerivedDataBackendGraph:  CompressedPak pak cache file ../../../../../../Users/frederic/Documents/Unreal Projects/LostAge/DerivedDataCache/Compressed.ddp not found, will not use a pak cache.
[2016.01.27-00.12.58:397][  0]LogDerivedDataCache: Unable to find inner node CompressedPak for hierarchical cache Hierarchy.
[2016.01.27-00.12.58:564][  0]LogDerivedDataCache:Display: Pak cache opened for reading ../../../Engine/DerivedDataCache/Compressed.ddp.
[2016.01.27-00.12.58:577][  0]LogDerivedDataCache: Using Local data cache path C:/Users/frederic/AppData/Local/UnrealEngine/Common/DerivedDataCache: Writable
[2016.01.27-00.12.58:785][  0]LogInit: Selected Device Profile: [Windows]
[2016.01.27-00.12.58:786][  0]LogContentStreaming: Texture pool size is 0.000000MB
[2016.01.27-00.12.58:828][  0]LogMeshUtilities: No automatic mesh reduction module available
[2016.01.27-00.12.58:828][  0]LogMeshUtilities: No automatic mesh merging module available
[2016.01.27-00.13.00:355][  0]UdpMessaging: Initializing bridge on interface 0.0.0.0:0 to multicast group 230.0.0.1:6666.
[2016.01.27-00.13.03:837][  0]LogAssetRegistry: FAssetRegistry took 0.0102 seconds to start up
[2016.01.27-00.13.04:212][  0]SourceControl: Info Source control is disabled
[2016.01.27-00.13.04:214][  0]SourceControl: Info Source control is disabled
[2016.01.27-00.13.04:229][  0]SourceControl: Info Source control is disabled
[2016.01.27-00.13.04:248][  0]SourceControl: Info Source control is disabled
[2016.01.27-00.13.04:443][  0]LogLinker:Warning: Asset '../../../Engine/Plugins/Runtime/LeapMotionController/Content/LM_PassthroughMaterial.uasset' has been saved with empty engine version. The asset will be loaded but may be incompatible.
[2016.01.27-00.13.04:546][  0]LogObj: 31829 objects as part of root set at end of initial load.
[2016.01.27-00.13.04:547][  0]LogUObjectAllocator: 7266512 out of 0 bytes used by permanent object pool.
[2016.01.27-00.13.04:636][  0]LogEngine: Initializing Engine...
[2016.01.27-00.13.04:639][  0]LogHMD: Can't find Oculus library dev build: is proper Runtime installed? Version: 0.7.0.0
[2016.01.27-00.13.04:640][  0]LogHMD: SteamVR failed to initialize.  Err: 110
[2016.01.27-00.13.04:787][  0]LogAIModule: Creating AISystem for world NewWorld
[2016.01.27-00.13.04:803][  0]LogInit: XAudio2 using 'Haut-parleurs (USB PnP Sound Device)' : 2 channels at 44.1 kHz using 16 bits per sample (channel mask 0x3)
[2016.01.27-00.13.04:811][  0]LogInit: FAudioDevice initialized.
[2016.01.27-00.13.04:831][  0]LogDerivedDataCache: Saved boot cache 0.02s 42MB C:/Users/frederic/AppData/Local/UnrealEngine/4.9/DerivedDataCache/Boot.ddc.
[2016.01.27-00.13.04:837][  0]LogInit: Texture streaming: Enabled
[2016.01.27-00.13.04:854][  0]LogAnalytics: Creating configured Analytics provider AnalyticsET
[2016.01.27-00.13.04:854][  0]LogAnalytics: [UEEditor.Rocket.Release] APIServer = http://et2.epicgames.com/ET2/. AppVersion = 4.9.2-2707645+++depot+UE4-Releases+4.9
[2016.01.27-00.13.04:855][  0]LogAnalytics: [UEEditor.Rocket.Release] SetUserId c8da8d664a36a98701fe659c10ae4ff8|70626fa7f476448fb82ad9618fbbb1ab|00e7fb16-00c3-4af4-a2a1-2cc8013aae38
[2016.01.27-00.13.04:855][  0]LogAnalytics: [UEEditor.Rocket.Release] AnalyticsET::StartSession
[2016.01.27-00.13.04:875][  0]LogInit: Transaction tracking system initialized
[2016.01.27-00.13.04:987][  0]BlueprintLog: New page: Editor Load
[2016.01.27-00.13.05:424][  0]LocalizationService: Info Localization service is disabled
[2016.01.27-00.13.05:597][  0]LogLinker:Warning: Can't find file '/Game/ThirdPersonCPP/ThirdPersonOverview'
[2016.01.27-00.13.05:598][  0]LogLinker:Warning: Can't find file '/Game/ThirdPersonCPP/ThirdPersonOverview'
[2016.01.27-00.13.05:598][  0]LogUObjectGlobals:Warning: Failed to find object 'Class /Game/ThirdPersonCPP/ThirdPersonOverview.ThirdPersonOverview_C'
[2016.01.27-00.13.05:635][  0]LogConsoleResponse:Display: 
[2016.01.27-00.13.05:777][  0]LogCook:Display: Done creating registry. It took  0.00s.
[2016.01.27-00.13.05:968][  0]LogFileCache: Scanning file cache for directory 'C:/Users/frederic/Documents/Unreal Projects/LostAge/Content/' took 0.01s
[2016.01.27-00.13.05:968][  0]SourceControl: Info Source control is disabled
[2016.01.27-00.13.05:969][  0]Cmd: MAP LOAD FILE="../../../../../../Users/frederic/Documents/Unreal Projects/LostAge/Content/FirstPersonCPP/Maps/MainMenu.umap" TEMPLATE=0 SHOWPROGRESS=1 FEATURELEVEL=3
[2016.01.27-00.13.05:969][  0]LightingResults: New page: Lighting Build
[2016.01.27-00.13.05:975][  0]MapCheck: New page: Map Check
[2016.01.27-00.13.05:975][  0]LightingResults: New page: Lighting Build
[2016.01.27-00.13.05:988][  0]LogParticles: Destroying 0 GPU particle simulations for FXSystem 0x00000000239A2480
[2016.01.27-00.13.05:993][  0]LogAIModule: Cr