[2016.01.25-20.36.29:093][  0]Log file open, 01/25/16 15:36:29
[2016.01.25-20.36.29:093][  0]LogInit:Display: Running engine for game: LostAge
[2016.01.25-20.36.29:093][  0]LogInit:Display: RandInit(-1395888514) SRandInit(-1395888514).
[2016.01.25-20.36.29:093][  0]LogTaskGraph: Started task graph with 4 named threads and 7 total threads.
[2016.01.25-20.36.29:094][  0]LogStats: Stats thread started at 0.154037
[2016.01.25-20.36.29:094][  0]LogInit: Version: 4.9.2-2707645+++depot+UE4-Releases+4.9
[2016.01.25-20.36.29:094][  0]LogInit: API Version: 2672455
[2016.01.25-20.36.29:094][  0]LogInit: Compiled (64-bit): Sep 28 2015 10:25:44
[2016.01.25-20.36.29:095][  0]LogInit: Compiled with Visual C++: 18.00.21005.01
[2016.01.25-20.36.29:095][  0]LogInit: Build Configuration: DebugGame
[2016.01.25-20.36.29:095][  0]LogInit: Branch Name: ++depot+UE4-Releases+4.9
[2016.01.25-20.36.29:095][  0]LogInit: Command line:  -debug
[2016.01.25-20.36.29:096][  0]LogInit: Base directory: C:/Program Files/Epic Games/4.9/Engine/Binaries/Win64/
[2016.01.25-20.36.29:096][  0]LogInit: Rocket: 1
[2016.01.25-20.36.29:114][  0]LogInit: Using libcurl 7.41.0
[2016.01.25-20.36.29:115][  0]LogInit:  - built for x86_64-pc-win32
[2016.01.25-20.36.29:115][  0]LogInit:  - supports SSL with WinSSL
[2016.01.25-20.36.29:115][  0]LogInit:  - other features:
[2016.01.25-20.36.29:115][  0]LogInit:      CURL_VERSION_SSL
[2016.01.25-20.36.29:116][  0]LogInit:      CURL_VERSION_IPV6
[2016.01.25-20.36.29:116][  0]LogInit:      CURL_VERSION_ASYNCHDNS
[2016.01.25-20.36.29:116][  0]LogInit:      CURL_VERSION_LARGEFILE
[2016.01.25-20.36.29:116][  0]LogInit:      CURL_VERSION_IDN
[2016.01.25-20.36.29:116][  0]LogInit:  CurlRequestOptions (configurable via config and command line):
[2016.01.25-20.36.29:117][  0]LogInit:  - bVerifyPeer = true  - Libcurl will verify peer certificate
[2016.01.25-20.36.29:117][  0]LogInit:  - bUseHttpProxy = false  - Libcurl will NOT use HTTP proxy
[2016.01.25-20.36.29:117][  0]LogInit:  - bDontReuseConnections = false  - Libcurl will reuse connections
[2016.01.25-20.36.29:117][  0]LogInit:  - CertBundlePath = nullptr  - Libcurl will use whatever was configured at build time.
[2016.01.25-20.36.29:147][  0]LogInit: Presizing for 0 objects not considered by GC, pre-allocating 0 bytes.
[2016.01.25-20.36.29:155][  0]LogInit: Object subsystem initialized
[2016.01.25-20.36.29:156][  0]LogInit: Selected Device Profile: [Windows]
[2016.01.25-20.36.29:157][  0]LogInit: Applying CVar settings loaded from the selected device profile: [Windows]
[2016.01.25-20.36.29:164][  0]LogInit: Computer: FREDERIC-PC
[2016.01.25-20.36.29:165][  0]LogInit: User: frederic
[2016.01.25-20.36.29:165][  0]LogInit: CPU Page size=4096, Cores=4
[2016.01.25-20.36.29:166][  0]LogInit: High frequency timer resolution =3.331269 MHz
[2016.01.25-20.36.29:167][  0]LogMemory: Memory total: Physical=15.9GB (16GB approx)
[2016.01.25-20.36.29:167][  0]LogMemory: Platform Memory Stats for Windows
[2016.01.25-20.36.29:167][  0]LogMemory: Process Physical Memory: 53.56 MB used, 53.56 MB peak
[2016.01.25-20.36.29:168][  0]LogMemory: Process Virtual Memory: 57.45 MB used, 57.45 MB peak
[2016.01.25-20.36.29:168][  0]LogMemory: Physical Memory: 7701.02 MB used, 16288.39 MB total
[2016.01.25-20.36.29:168][  0]LogMemory: Virtual Memory: 332.55 MB used, 8388608.00 MB total
[2016.01.25-20.36.29:236][  0]LogTextLocalizationManager: No translations for ('fr-CA') exist, falling back to 'en' for localization and internationalization data.
[2016.01.25-20.36.29:898][  0]LogD3D11RHI: Found D3D11 adapter 0: NVIDIA GeForce GTX 970 (Feature Level 11_0)
[2016.01.25-20.36.29:898][  0]LogD3D11RHI: Adapter has 4008MB of dedicated video memory, 0MB of dedicated system memory, and 7888MB of shared system memory, 1 output[s]
[2016.01.25-20.36.29:906][  0]LogD3D11RHI: Found D3D11 adapter 1: Intel(R) HD Graphics 3000 (Feature Level 10_0)
[2016.01.25-20.36.29:907][  0]LogD3D11RHI: Adapter has 64MB of dedicated video memory, 0MB of dedicated system memory, and 1632MB of shared system memory, 0 output[s]
[2016.01.25-20.36.29:907][  0]LogD3D11RHI: Chosen D3D11 Adapter Id = 0
[2016.01.25-20.36.29:912][  0]LogD3D11RHI: !Direct3DDevice
[2016.01.25-20.36.29:913][  0]LogRHI: Texture pool is 1361 MB (70% of 1945 MB)
[2016.01.25-20.36.29:949][  0]LogD3D11RHI: Async texture creation enabled
[2016.01.25-20.36.29:964][  0]LogShaderCompilers: Guid format shader working directory is 15 characters bigger than the processId version (../../../../../../Users/frederic/Documents/Unreal Projects/LostAge/Intermediate/Shaders/WorkingDirectory/5564/).
[2016.01.25-20.36.29:964][  0]LogShaderCompilers: Cleaned the shader compiler working directory '../../../../../../Users/frederic/Documents/Unreal Projects/LostAge/Intermediate/Shaders/tmp/93ADE59B4891653E5BEE64BD6044D6C4/'.
[2016.01.25-20.36.29:965][  0]LogShaderCompilers:Display: Using Local Shader Compiler.
[2016.01.25-20.36.31:122][  0]LogTemp:Display: Loaded TP AllDesktopTargetPlatform
[2016.01.25-20.36.31:138][  0]LogTemp:Display: Loaded TP WindowsClientTargetPlatform
[2016.01.25-20.36.31:152][  0]LogTemp:Display: Loaded TP WindowsNoEditorTargetPlatform
[2016.01.25-20.36.31:167][  0]LogTemp:Display: Loaded TP WindowsServerTargetPlatform
[2016.01.25-20.36.31:181][  0]LogTemp:Display: Loaded TP WindowsTargetPlatform
[2016.01.25-20.36.31:187][  0]LogTemp:Display: Loaded TP AndroidTargetPlatform
[2016.01.25-20.36.31:194][  0]LogTemp:Display: Loaded TP Android_ASTCTargetPlatform
[2016.01.25-20.36.31:202][  0]LogTemp:Display: Loaded TP Android_ATCTargetPlatform
[2016.01.25-20.36.31:209][  0]LogTemp:Display: Loaded TP Android_DXTTargetPlatform
[2016.01.25-20.36.31:216][  0]LogTemp:Display: Loaded TP Android_ETC1TargetPlatform
[2016.01.25-20.36.31:222][  0]LogTemp:Display: Loaded TP Android_ETC2TargetPlatform
[2016.01.25-20.36.31:230][  0]LogTemp:Display: Loaded TP Android_PVRTCTargetPlatform
[2016.01.25-20.36.31:233][  0]LogTemp:Display: Loaded TP HTML5TargetPlatform
[2016.01.25-20.36.31:263][  0]LogTemp:Display: Loaded TP IOSTargetPlatform
[2016.01.25-20.36.31:269][  0]LogTemp:Display: Loaded TP LinuxNoEditorTargetPlatform
[2016.01.25-20.36.31:276][  0]LogTemp:Display: Loaded TP LinuxServerTargetPlatform
[2016.01.25-20.36.31:283][  0]LogTemp:Display: Loaded TP LinuxTargetPlatform
[2016.01.25-20.36.31:283][  0]LogTargetPlatformManager:Display: Building Assets For Windows
[2016.01.25-20.36.31:491][  0]LogDerivedDataCache:Display: Max Cache Size: 512 MB
[2016.01.25-20.36.31:533][  0]LogDerivedDataCache: Loaded boot cache 0.04s 43MB C:/Users/frederic/AppData/Local/UnrealEngine/4.9/DerivedDataCache/Boot.ddc.
[2016.01.25-20.36.31:534][  0]LogDerivedDataCache:Display: Loaded Boot cache: C:/Users/frederic/AppData/Local/UnrealEngine/4.9/DerivedDataCache/Boot.ddc
[2016.01.25-20.36.31:534][  0]LogDerivedDataCache: FDerivedDataBackendGraph:  Pak pak cache file ../../../../../../Users/frederic/Documents/Unreal Projects/LostAge/DerivedDataCache/DDC.ddp not found, will not use a pak cache.
[2016.01.25-20.36.31:534][  0]LogDerivedDataCache: Unable to find inner node Pak for hierarchical cache Hierarchy.
[2016.01.25-20.36.31:535][  0]LogDerivedDataCache: FDerivedDataBackendGraph:  CompressedPak pak cache file ../../../../../../Users/frederic/Documents/Unreal Projects/LostAge/DerivedDataCache/Compressed.ddp not found, will not use a pak cache.
[2016.01.25-20.36.31:535][  0]LogDerivedDataCache: Unable to find inner node CompressedPak for hierarchical cache Hierarchy.
[2016.01.25-20.36.31:673][  0]LogDerivedDataCache:Display: Pak cache opened for reading ../../../Engine/DerivedDataCache/Compressed.ddp.
[2016.01.25-20.36.31:685][  0]LogDerivedDataCache: Using Local data cache path C:/Users/frederic/AppData/Local/UnrealEngine/Common/DerivedDataCache: Writable
[2016.01.25-20.36.31:860][  0]LogInit: Selected Device Profile: [Windows]
[2016.01.25-20.36.31:861][  0]LogContentStreaming: Texture pool size is 0.000000MB
[2016.01.25-20.36.31:895][  0]LogMeshUtilities: No automatic mesh reduction module available
[2016.01.25-20.36.31:895][  0]LogMeshUtilities: No automatic mesh merging module available
[2016.01.25-20.36.32:247][  0]LogInit: WinSock: version 1.1 (2.2), MaxSocks=32767, MaxUdp=65467
[2016.01.25-20.36.33:216][  0]UdpMessaging: Initializing bridge on interface 0.0.0.0:0 to multicast group 230.0.0.1:6666.
[2016.01.25-20.36.33:301][  0]LogLinker:Warning: Asset '../../../../../../Users/frederic/Documents/Unreal Projects/LostAge/Content/FirstPersonCPP/Blueprints/FirstPersonCharacter.uasset' has been saved with empty engine version. The asset will be loaded but may be incompatible.
[2016.01.25-20.36.33:413][  0]LogLinker:Warning: Asset '../../../../../../Users/frederic/Documents/Unreal Projects/LostAge/Content/FirstPerson/Meshes/FirstPersonProjectileMesh.uasset' has been saved with empty engine version. The asset will be loaded but may be incompatible.
[2016.01.25-20.36.33:594][  0]LogAssetRegistry: FAssetRegistry took 0.0107 seconds to start up
[2016.01.25-20.36.33:898][  0]SourceControl: Info Source control is disabled
[2016.01.25-20.36.33:899][  0]SourceControl: Info Source control is disabled
[2016.01.25-20.36.33:915][  0]SourceControl: Info Source control is disabled
[2016.01.25-20.36.33:932][  0]SourceControl: Info Source control is disabled
[2016.01.25-20.36.34:107][  0]LogLinker:Warning: Asset '../../../Engine/Plugins/Runtime/LeapMotionController/Content/LM_PassthroughMaterial.uasset' has been saved with empty engine version. The asset will be loaded but may be incompatible.
[2016.01.25-20.36.34:202][  0]LogObj: 32001 objects as part of root set at end of initial load.
[2016.01.25-20.36.34:202][  0]LogUObjectAllocator: 7342296 out of 0 bytes used by permanent object pool.
[2016.01.25-20.36.34:277][  0]LogEngine: Initializing Engine...
[2016.01.25-20.36.34:280][  0]LogHMD: Can't find Oculus library dev build: is proper Runtime installed? Version: 0.7.0.0
[2016.01.25-20.36.34:282][  0]LogHMD: SteamVR failed to initialize.  Err: 110
[2016.01.25-20.36.34:415][  0]LogAIModule: Creating AISystem for world NewWorld
[2016.01.25-20.36.34:430][  0]LogInit: XAudio2 using 'Haut-parleurs (USB PnP Sound Device)' : 2 channels at 44.1 kHz using 16 bits per sample (channel mask 0x3)
[2016.01.25-20.36.34:447][  0]LogInit: FAudioDevice initialized.
[2016.01.25-20.36.34:468][  0]LogDerivedDataCache: Saved boot cache 0.02s 43MB C:/Users/frederic/AppData/Local/UnrealEngine/4.9/DerivedDataCache/Boot.ddc.
[2016.01.25-20.36.34:474][  0]LogInit: Texture streaming: Enabled
[2016.01.25-20.36.34:489][  0]LogAnalytics: Creating configured Analytics provider AnalyticsET
[2016.01.25-20.36.34:489][  0]LogAnalytics: [UEEditor.Rocket.Release] APIServer = http://et2.epicgames.com/ET2/. AppVersion = 4.9.2-2707645+++depot+UE4-Releases+4.9
[2016.01.25-20.36.34:490][  0]LogAnalytics: [UEEditor.Rocket.Release] SetUserId c8da8d664a36a98701fe659c10ae4ff8|70626fa7f476448fb82ad9618fbbb1ab|00e7fb16-00c3-4af4-a2a1-2cc8013aae38
[2016.01.25-20.36.34:490][  0]LogAnalytics: [UEEditor.Rocket.Release] AnalyticsET::StartSession
[2016.01.25-20.36.34:509][  0]LogInit: Transaction tracking system initialized
[2016.01.25-20.36.34:612][  0]BlueprintLog: New page: Editor Load
[2016.01.25-20.36.34:962][  0]LocalizationService: Info Localization service is disabled
[2016.01.25-20.36.35:116][  0]LogLinker:Warning: Can't find file '/Game/ThirdPersonCPP/ThirdPersonOverview'
[2016.01.25-20.36.35:117][  0]LogLinker:Warning: Can't find file '/Game/ThirdPersonCPP/ThirdPersonOverview'
[2016.01.25-20.36.35:117][  0]LogUObjectGlobals:Warning: Failed to find object 'Class /Game/ThirdPersonCPP/ThirdPersonOverview.ThirdPersonOverview_C'
[2016.01.25-20.36.35:146][  0]LogConsoleResponse:Display: 
[2016.01.25-20.36.35:276][  0]LogCook:Display: Done creating registry. It took  0.00s.
[2016.01.25-20.36.35:430][  0]LogFileCache: Scanning file cache for directory 'C:/Users/frederic/Documents/Unreal Projects/LostAge/Content/' took 0.01s
[2016.01.25-20.36.35:431][  0]SourceControl: Info Source control is disabled
[2016.01.25-20.36.35:431][  0]Cmd: MAP LOAD FILE="../../../../../../Users/frederic/Documents/Unreal Projects/LostAge/Content/FirstPersonCPP/Maps/FirstPersonExampleMap.umap" TEMPLATE=0 SHOWPROGRESS=1 FEATURELEVEL=3
[2016.01.25-20.36.35:432][  0]LightingResults: New page: Lighting Build
[2016.01.25-20.36.35:437][  0]MapCheck: New page: Map Check
[2016.01.25-20.36.35:437][  0]LightingResults: New page: Lighting Build
[2016.01.25-20.36.35:448][  0]LogParticles: Destroying 0 GPU particle simulations for FXSystem 0x0000000023C4BCE0
[2016.01.25-20.36.35:646][  0]LogAIModule: Creating AISystem for world FirstPersonExampleMap
[2016.01.25-20.36.35:656][  0]LogEditorServer: Finished looking for orphan Actors (0.000 secs)
[2016.01.25-20.36.35:657][  0]Cmd: MAP CHECKDEP NOCLEARLOG
[2016.01.25-20.36.35:743][  0]MapCheck: Info Map check complete: 0 Error(s), 0 Warning(s), took 83.524ms to complete.
[2016.01.25-20.36.35:744][  0]LogFileHelpers: Loading map 'FirstPersonExampleMap' took 0.313
[2016.01.25-20.36.35:843][  0]LogCollectionManager: Loaded 0 collections in 0.002027 seconds
[2016.01.25-20.36.35:885][  0]LogFileCache: Scanning file cache for directory 'C:/Users/frederic/Documents/Unreal Projects/LostAge/Saved/Collections/' took 0.01s
[2016.01.25-20.36.35:885][  0]LogFileCache: Scanning file cache for directory 'C:/Users/frederic/Documents/Unreal Projects/LostAge/Content/Developers/frederic/Collections/' took 0.01s
[2016.01.25-20.36.35:885][  0]LogFileCache: Scanning file cache for directory 'C:/Users/frederic/Documents/Unreal Projects/LostAge/Content/Collections/' took 0.01s
[2016.01.25-20.36.35:886][  0]LogContentBrowser: Native class hierarchy populated in 0.0078 seconds. Added 1874 classes and 335 folders.
[2016.01.25-20.36.35:893][  0]LogCollectionManager: Rebuilt the GUID cache for 0 collections in 0.000002 seconds
[2016.01.25-20.36.35:906][  0]LogContentBrowser: Native class hierarchy updated for 'WidgetCarousel' in 0.0018 seconds. Added 0 classes and 0 folders.
[2016.01.25-20.36.35:965][  0]LogContentBrowser: Native class hierarchy updated for 'AddContentDialog' in 0.0016 seconds. Added 0 classes and 0 folders.
[2016.01.25-20.36.35:986][  0]LogContentBrowser: Native class hierarchy updated for 'SceneOutliner' in 0.0017 seconds. Added 1 classes and 2 folders.
[2016.01.25-20.36.36:018][  0]LogCrashTracker: Crashtracker disabled due to settings.
[2016.01.25-20.36.36:023][  0]LogUObjectGlobals:Warning: Failed to find object 'Class None.'
[2016.01.25-20.36.36:044][  0]LogLoad: Full Startup: 7.90 seconds (BP compile: 0.07 seconds)
[2016.01.25-20.36.36:111][  0]LogContentStreaming: Texture pool size now 1000 MB
[2016.01.25-20.36.36:233][  0]LogRenderer: Reallocating scene render targets to support 1208x556 (Frame:2).
[2016.01.25-20.36.36:494][  3]LogAssetRegistry: Asset discovery search completed in 2.9097 seconds
[2016.01.25-20.36.36:495][  3]LogCollectionManager: Rebuilt the object cache for 0 collections in 0.000002 seconds (found 0 objects)
[2016.01.25-20.36.36:498][  3]LogCollectionManager: Fixed up redirectors for 0 collections in 0.002311 seconds (updated 0 objects)
[2016.01.25-20.36.37:782][141]LogBlueprintUserMessages: Early PlayInEditor Detection: Level '/Game/FirstPersonCPP/Maps/FirstPersonExampleMap.FirstPersonExampleMap:PersistentLevel' has LevelScriptBlueprint '/Game/FirstPersonCPP/Maps/FirstPersonExampleMap.FirstPersonExampleMap:PersistentLevel.FirstPersonExampleMap' with GeneratedClass '/Game/FirstPersonCPP/Maps/FirstPersonExampleMap.FirstPersonExampleMap_C' with ClassGeneratedBy '/Game/FirstPersonCPP/Maps/FirstPersonExampleMap.FirstPersonExampleMap:PersistentLevel.FirstPersonExampleMap'
[2016.01.25-20.36.37:783][141]LogPlayLevel: PlayLevel: No blueprints needed recompiling
[2016.01.25-20.36.37:783][141]PIE: New page: PIE session: FirstPersonExampleMap (Jan 25, 2016, 10:36:37 AM)
[2016.01.25-20.36.37:783][141]LogPlayLevel: Creating play world package: /Game/FirstPersonCPP/Maps/UEDPIE_0_FirstPersonExampleMap
[2016.01.25-20.36.37:809][141]LogPlayLevel: PIE: StaticDuplicateObject took: (0.025526s)
[2016.01.25-20.36.37:811][141]LogAIModule: Creating AISystem for world FirstPer