[2016.01.27-11.49.48:889][  0]Log file open, 01/27/16 06:49:48
[2016.01.27-11.49.48:889][  0]LogInit:Display: Running engine for game: LostAge
[2016.01.27-11.49.48:890][  0]LogInit:Display: RandInit(1786766837) SRandInit(1786766838).
[2016.01.27-11.49.48:890][  0]LogTaskGraph: Started task graph with 4 named threads and 7 total threads.
[2016.01.27-11.49.48:890][  0]LogStats: Stats thread started at 0.146908
[2016.01.27-11.49.48:890][  0]LogInit: Version: 4.9.2-2707645+++depot+UE4-Releases+4.9
[2016.01.27-11.49.48:891][  0]LogInit: API Version: 2672455
[2016.01.27-11.49.48:891][  0]LogInit: Compiled (64-bit): Sep 28 2015 10:25:44
[2016.01.27-11.49.48:891][  0]LogInit: Compiled with Visual C++: 18.00.21005.01
[2016.01.27-11.49.48:891][  0]LogInit: Build Configuration: Development
[2016.01.27-11.49.48:892][  0]LogInit: Branch Name: ++depot+UE4-Releases+4.9
[2016.01.27-11.49.48:892][  0]LogInit: Command line: 
[2016.01.27-11.49.48:892][  0]LogInit: Base directory: C:/Program Files/Epic Games/4.9/Engine/Binaries/Win64/
[2016.01.27-11.49.48:892][  0]LogInit: Rocket: 1
[2016.01.27-11.49.48:945][  0]LogInit: Using libcurl 7.41.0
[2016.01.27-11.49.48:945][  0]LogInit:  - built for x86_64-pc-win32
[2016.01.27-11.49.48:946][  0]LogInit:  - supports SSL with WinSSL
[2016.01.27-11.49.48:946][  0]LogInit:  - other features:
[2016.01.27-11.49.48:946][  0]LogInit:      CURL_VERSION_SSL
[2016.01.27-11.49.48:946][  0]LogInit:      CURL_VERSION_IPV6
[2016.01.27-11.49.48:946][  0]LogInit:      CURL_VERSION_ASYNCHDNS
[2016.01.27-11.49.48:947][  0]LogInit:      CURL_VERSION_LARGEFILE
[2016.01.27-11.49.48:947][  0]LogInit:      CURL_VERSION_IDN
[2016.01.27-11.49.48:947][  0]LogInit:  CurlRequestOptions (configurable via config and command line):
[2016.01.27-11.49.48:947][  0]LogInit:  - bVerifyPeer = true  - Libcurl will verify peer certificate
[2016.01.27-11.49.48:948][  0]LogInit:  - bUseHttpProxy = false  - Libcurl will NOT use HTTP proxy
[2016.01.27-11.49.48:948][  0]LogInit:  - bDontReuseConnections = false  - Libcurl will reuse connections
[2016.01.27-11.49.48:948][  0]LogInit:  - CertBundlePath = nullptr  - Libcurl will use whatever was configured at build time.
[2016.01.27-11.49.49:002][  0]LogInit: WinSock: version 1.1 (2.2), MaxSocks=32767, MaxUdp=65467
[2016.01.27-11.49.49:014][  0]LogVoice:Warning: Failed to initialize voice interface
[2016.01.27-11.49.49:020][  0]LogInit: Presizing for 0 objects not considered by GC, pre-allocating 0 bytes.
[2016.01.27-11.49.49:028][  0]LogInit: Object subsystem initialized
[2016.01.27-11.49.49:030][  0]LogInit: Selected Device Profile: [Windows]
[2016.01.27-11.49.49:030][  0]LogInit: Applying CVar settings loaded from the selected device profile: [Windows]
[2016.01.27-11.49.49:038][  0]LogInit: Computer: FREDERIC-PC
[2016.01.27-11.49.49:038][  0]LogInit: User: frederic
[2016.01.27-11.49.49:038][  0]LogInit: CPU Page size=4096, Cores=4
[2016.01.27-11.49.49:039][  0]LogInit: High frequency timer resolution =3.331220 MHz
[2016.01.27-11.49.49:039][  0]LogMemory: Memory total: Physical=15.9GB (16GB approx)
[2016.01.27-11.49.49:039][  0]LogMemory: Platform Memory Stats for Windows
[2016.01.27-11.49.49:040][  0]LogMemory: Process Physical Memory: 54.56 MB used, 54.56 MB peak
[2016.01.27-11.49.49:040][  0]LogMemory: Process Virtual Memory: 55.73 MB used, 55.73 MB peak
[2016.01.27-11.49.49:040][  0]LogMemory: Physical Memory: 5101.47 MB used, 16288.39 MB total
[2016.01.27-11.49.49:040][  0]LogMemory: Virtual Memory: 337.63 MB used, 8388608.00 MB total
[2016.01.27-11.49.49:108][  0]LogTextLocalizationManager: No translations for ('fr-CA') exist, falling back to 'en' for localization and internationalization data.
[2016.01.27-11.49.49:856][  0]LogD3D11RHI: Found D3D11 adapter 0: NVIDIA GeForce GTX 970 (Feature Level 11_0)
[2016.01.27-11.49.49:856][  0]LogD3D11RHI: Adapter has 4008MB of dedicated video memory, 0MB of dedicated system memory, and 7888MB of shared system memory, 1 output[s]
[2016.01.27-11.49.49:864][  0]LogD3D11RHI: Found D3D11 adapter 1: Intel(R) HD Graphics 3000 (Feature Level 10_0)
[2016.01.27-11.49.49:865][  0]LogD3D11RHI: Adapter has 64MB of dedicated video memory, 0MB of dedicated system memory, and 1632MB of shared system memory, 0 output[s]
[2016.01.27-11.49.49:865][  0]LogD3D11RHI: Chosen D3D11 Adapter Id = 0
[2016.01.27-11.49.49:869][  0]LogD3D11RHI: !Direct3DDevice
[2016.01.27-11.49.49:870][  0]LogRHI: Texture pool is 1361 MB (70% of 1945 MB)
[2016.01.27-11.49.49:924][  0]LogD3D11RHI: Async texture creation enabled
[2016.01.27-11.49.49:939][  0]LogShaderCompilers: Guid format shader working directory is 15 characters bigger than the processId version (../../../../../../Users/frederic/Documents/Unreal Projects/LostAge/Intermediate/Shaders/WorkingDirectory/4720/).
[2016.01.27-11.49.49:939][  0]LogShaderCompilers: Cleaned the shader compiler working directory '../../../../../../Users/frederic/Documents/Unreal Projects/LostAge/Intermediate/Shaders/tmp/191A431F4539156543F1E4B9217F9DAF/'.
[2016.01.27-11.49.49:940][  0]LogShaderCompilers:Display: Using Local Shader Compiler.
[2016.01.27-11.49.51:056][  0]LogTemp:Display: Loaded TP AllDesktopTargetPlatform
[2016.01.27-11.49.51:071][  0]LogTemp:Display: Loaded TP WindowsClientTargetPlatform
[2016.01.27-11.49.51:086][  0]LogTemp:Display: Loaded TP WindowsNoEditorTargetPlatform
[2016.01.27-11.49.51:101][  0]LogTemp:Display: Loaded TP WindowsServerTargetPlatform
[2016.01.27-11.49.51:115][  0]LogTemp:Display: Loaded TP WindowsTargetPlatform
[2016.01.27-11.49.51:122][  0]LogTemp:Display: Loaded TP AndroidTargetPlatform
[2016.01.27-11.49.51:128][  0]LogTemp:Display: Loaded TP Android_ASTCTargetPlatform
[2016.01.27-11.49.51:135][  0]LogTemp:Display: Loaded TP Android_ATCTargetPlatform
[2016.01.27-11.49.51:143][  0]LogTemp:Display: Loaded TP Android_DXTTargetPlatform
[2016.01.27-11.49.51:150][  0]LogTemp:Display: Loaded TP Android_ETC1TargetPlatform
[2016.01.27-11.49.51:158][  0]LogTemp:Display: Loaded TP Android_ETC2TargetPlatform
[2016.01.27-11.49.51:165][  0]LogTemp:Display: Loaded TP Android_PVRTCTargetPlatform
[2016.01.27-11.49.51:168][  0]LogTemp:Display: Loaded TP HTML5TargetPlatform
[2016.01.27-11.49.51:197][  0]LogTemp:Display: Loaded TP IOSTargetPlatform
[2016.01.27-11.49.51:203][  0]LogTemp:Display: Loaded TP LinuxNoEditorTargetPlatform
[2016.01.27-11.49.51:209][  0]LogTemp:Display: Loaded TP LinuxServerTargetPlatform
[2016.01.27-11.49.51:215][  0]LogTemp:Display: Loaded TP LinuxTargetPlatform
[2016.01.27-11.49.51:216][  0]LogTargetPlatformManager:Display: Building Assets For Windows
[2016.01.27-11.49.51:411][  0]LogDerivedDataCache:Display: Max Cache Size: 512 MB
[2016.01.27-11.49.51:453][  0]LogDerivedDataCache: Loaded boot cache 0.04s 42MB C:/Users/frederic/AppData/Local/UnrealEngine/4.9/DerivedDataCache/Boot.ddc.
[2016.01.27-11.49.51:453][  0]LogDerivedDataCache:Display: Loaded Boot cache: C:/Users/frederic/AppData/Local/UnrealEngine/4.9/DerivedDataCache/Boot.ddc
[2016.01.27-11.49.51:454][  0]LogDerivedDataCache: FDerivedDataBackendGraph:  Pak pak cache file ../../../../../../Users/frederic/Documents/Unreal Projects/LostAge/DerivedDataCache/DDC.ddp not found, will not use a pak cache.
[2016.01.27-11.49.51:454][  0]LogDerivedDataCache: Unable to find inner node Pak for hierarchical cache Hierarchy.
[2016.01.27-11.49.51:454][  0]LogDerivedDataCache: FDerivedDataBackendGraph:  CompressedPak pak cache file ../../../../../../Users/frederic/Documents/Unreal Projects/LostAge/DerivedDataCache/Compressed.ddp not found, will not use a pak cache.
[2016.01.27-11.49.51:455][  0]LogDerivedDataCache: Unable to find inner node CompressedPak for hierarchical cache Hierarchy.
[2016.01.27-11.49.51:595][  0]LogDerivedDataCache:Display: Pak cache opened for reading ../../../Engine/DerivedDataCache/Compressed.ddp.
[2016.01.27-11.49.51:607][  0]LogDerivedDataCache: Using Local data cache path C:/Users/frederic/AppData/Local/UnrealEngine/Common/DerivedDataCache: Writable
[2016.01.27-11.49.51:781][  0]LogInit: Selected Device Profile: [Windows]
[2016.01.27-11.49.51:782][  0]LogContentStreaming: Texture pool size is 0.000000MB
[2016.01.27-11.49.51:817][  0]LogMeshUtilities: No automatic mesh reduction module available
[2016.01.27-11.49.51:817][  0]LogMeshUtilities: No automatic mesh merging module available
[2016.01.27-11.49.53:127][  0]UdpMessaging: Initializing bridge on interface 0.0.0.0:0 to multicast group 230.0.0.1:6666.
[2016.01.27-11.49.53:468][  0]LogAssetRegistry: FAssetRegistry took 0.0100 seconds to start up
[2016.01.27-11.49.53:786][  0]SourceControl: Info Source control is disabled
[2016.01.27-11.49.53:787][  0]SourceControl: Info Source control is disabled
[2016.01.27-11.49.53:803][  0]SourceControl: Info Source control is disabled
[2016.01.27-11.49.53:821][  0]SourceControl: Info Source control is disabled
[2016.01.27-11.49.53:998][  0]LogLinker:Warning: Asset '../../../Engine/Plugins/Runtime/LeapMotionController/Content/LM_PassthroughMaterial.uasset' has been saved with empty engine version. The asset will be loaded but may be incompatible.
[2016.01.27-11.49.54:095][  0]LogObj: 31792 objects as part of root set at end of initial load.
[2016.01.27-11.49.54:095][  0]LogUObjectAllocator: 7252928 out of 0 bytes used by permanent object pool.
[2016.01.27-11.49.54:173][  0]LogEngine: Initializing Engine...
[2016.01.27-11.49.54:176][  0]LogHMD: Can't find Oculus library dev build: is proper Runtime installed? Version: 0.7.0.0
[2016.01.27-11.49.54:178][  0]LogHMD: SteamVR failed to initialize.  Err: 110
[2016.01.27-11.49.54:313][  0]LogAIModule: Creating AISystem for world NewWorld
[2016.01.27-11.49.54:327][  0]LogInit: XAudio2 using 'Haut-parleurs (USB PnP Sound Device)' : 2 channels at 44.1 kHz using 16 bits per sample (channel mask 0x3)
[2016.01.27-11.49.54:345][  0]LogInit: FAudioDevice initialized.
[2016.01.27-11.49.54:365][  0]LogDerivedDataCache: Saved boot cache 0.02s 42MB C:/Users/frederic/AppData/Local/UnrealEngine/4.9/DerivedDataCache/Boot.ddc.
[2016.01.27-11.49.54:371][  0]LogInit: Texture streaming: Enabled
[2016.01.27-11.49.54:387][  0]LogAnalytics: Creating configured Analytics provider AnalyticsET
[2016.01.27-11.49.54:387][  0]LogAnalytics: [UEEditor.Rocket.Release] APIServer = http://et2.epicgames.com/ET2/. AppVersion = 4.9.2-2707645+++depot+UE4-Releases+4.9
[2016.01.27-11.49.54:387][  0]LogAnalytics: [UEEditor.Rocket.Release] SetUserId c8da8d664a36a98701fe659c10ae4ff8|70626fa7f476448fb82ad9618fbbb1ab|00e7fb16-00c3-4af4-a2a1-2cc8013aae38
[2016.01.27-11.49.54:388][  0]LogAnalytics: [UEEditor.Rocket.Release] AnalyticsET::StartSession
[2016.01.27-11.49.54:404][  0]LogInit: Transaction tracking system initialized
[2016.01.27-11.49.54:499][  0]BlueprintLog: New page: Editor Load
[2016.01.27-11.49.54:855][  0]LocalizationService: Info Localization service is disabled
[2016.01.27-11.49.55:005][  0]LogLinker:Warning: Can't find file '/Game/ThirdPersonCPP/ThirdPersonOverview'
[2016.01.27-11.49.55:006][  0]LogLinker:Warning: Can't find file '/Game/ThirdPersonCPP/ThirdPersonOverview'
[2016.01.27-11.49.55:006][  0]LogUObjectGlobals:Warning: Failed to find object 'Class /Game/ThirdPersonCPP/ThirdPersonOverview.ThirdPersonOverview_C'
[2016.01.27-11.49.55:035][  0]LogConsoleResponse:Display: 
[2016.01.27-11.49.55:151][  0]LogCook:Display: Done creating registry. It took  0.00s.
[2016.01.27-11.49.55:319][  0]LogFileCache: Scanning file cache for directory 'C:/Users/frederic/Documents/Unreal Projects/LostAge/Content/' took 0.01s
[2016.01.27-11.49.55:319][  0]SourceControl: Info Source control is disabled
[2016.01.27-11.49.55:319][  0]Cmd: MAP LOAD FILE="../../../../../../Users/frederic/Documents/Unreal Projects/LostAge/Content/FirstPersonCPP/Maps/MainMenu.umap" TEMPLATE=0 SHOWPROGRESS=1 FEATURELEVEL=3
[2016.01.27-11.49.55:320][  0]LightingResults: New page: Lighting Build
[2016.01.27-11.49.55:325][  0]MapCheck: New page: Map Check
[2016.01.27-11.49.55:325][  0]LightingResults: New page: Lighting Build
[2016.01.27-11.49.55:336][  0]LogParticles: Destroying 0 GPU particle simulations for FXSystem 0x00000000231A6160
[2016.01.27-11.49.55:341][  0]LogAIModule: Creating AISystem for world MainMenu
[2016.01.27-11.49.55:342][  0]LogEditorServer: Finished looking for orphan Actors (0.000 secs)
[2016.01.27-11.49.55:343][  0]Cmd: MAP CHECKDEP NOCLEARLOG
[2016.01.27-11.49.55:385][  0]MapCheck: Info Map check complete: 0 Error(s), 0 Warning(s), took 41.441ms to complete.
[2016.01.27-11.49.55:385][  0]LogFileHelpers: Loading map 'MainMenu' took 0.066
[2016.01.27-11.49.55:487][  0]LogCollectionManager: Loaded 0 collections in 0.002269 seconds
[2016.01.27-11.49.55:533][  0]LogFileCache: Scanning file cache for directory 'C:/Users/frederic/Documents/Unreal Projects/LostAge/Saved/Collections/' took 0.01s
[2016.01.27-11.49.55:533][  0]LogFileCache: Scanning file cache for directory 'C:/Users/frederic/Documents/Unreal Projects/LostAge/Content/Developers/frederic/Collections/' took 0.01s
[2016.01.27-11.49.55:534][  0]LogFileCache: Scanning file cache for directory 'C:/Users/frederic/Documents/Unreal Projects/LostAge/Content/Collections/' took 0.01s
[2016.01.27-11.49.55:534][  0]LogContentBrowser: Native class hierarchy populated in 0.0088 seconds. Added 1875 classes and 335 folders.
[2016.01.27-11.49.55:542][  0]LogCollectionManager: Rebuilt the GUID cache for 0 collections in 0.000002 seconds
[2016.01.27-11.49.55:556][  0]LogContentBrowser: Native class hierarchy updated for 'WidgetCarousel' in 0.0030 seconds. Added 0 classes and 0 folders.
[2016.01.27-11.49.55:617][  0]LogContentBrowser: Native class hierarchy updated for 'AddContentDialog' in 0.0020 seconds. Added 0 classes and 0 folders.
[2016.01.27-11.49.55:637][  0]LogContentBrowser: Native class hierarchy updated for 'SceneOutliner' in 0.0018 seconds. Added 1 classes and 2 folders.
[2016.01.27-11.49.55:667][  0]LogCrashTracker: Crashtracker disabled due to settings.
[2016.01.27-11.49.55:671][  0]LogUObjectGlobals:Warning: Failed to find object 'Class None.'
[2016.01.27-11.49.55:694][  0]LogLoad: Full Startup: 7.76 seconds (BP compile: 0.03 seconds)
[2016.01.27-11.49.55:778][  0]LogContentStreaming: Texture pool size now 1000 MB
[2016.01.27-11.49.55:897][  0]LogRenderer: Reallocating scene render targets to support 1208x556 (Frame:2).
[2016.01.27-11.49.56:087][  2]LogAssetRegistry: Asset discovery search completed in 2.6288 seconds
[2016.01.27-11.49.56:087][  2]LogCollectionManager: Rebuilt the object cache for 0 collections in 0.000001 seconds (found 0 objects)
[2016.01.27-11.49.56:088][  2]LogCollectionManager: Fixed up redirectors for 0 collections in 0.000451 seconds (updated 0 objects)
[2016.01.27-11.50.03:335][861]LogPlayLevel: PlayLevel: No blueprints needed recompiling
[2016.01.27-11.50.03:336][861]PIE: New page: PIE session: MainMenu (Jan 27, 2016, 1:50:03 AM)
[2016.01.27-11.50.03:392][861]LogPlayLevel: Creating play world package: /Game/FirstPersonCPP/Maps/UEDPIE_0_MainMenu
[2016.01.27-11.50.03:393][861]LogPlayLevel: PIE: StaticDuplicateObject took: (0.000468s)
[2016.01.27-11.50.03:394][861]LogAIModule: Creating AISystem for world MainMenu
[2016.01.27-11.50.03:395][861]LogPlayLevel: PIE: World Init took: (0.001013s)
[2016.01.27-11.50.03:395][861]LogPlayLevel: PIE: Created PIE world by copying editor world from /Game/FirstPersonCPP/Maps/MainMenu.MainMenu to /Game/FirstPersonCPP/Maps/UEDPIE_0_MainMenu.MainMenu (0.002924s)
[2016.01.27-11.50.03:395][861]LogActorComponent: UnregisterComponent: (/Engine/Transient.CharMoveComp) Not registered. Aborting.
[2016.01.27-11.50.03:418][861]LogInit: XAudio2 using 'Haut-parleurs (USB PnP Sound Device)' : 2 channels at 44.1 kHz using 16 bits per sample (channel mask 0x3)
[2016.01.27-11.50.03:421][861]LogInit: FAudioDevice initialized.
[2016.01.27-11.50.03:527][861]LogWorld: Game class is 'GameModeBP_C'
[2016.01.27-11.50.03:529][861]LogWorld: Bringing World /Game/FirstPersonCPP/Maps/UEDPIE_0_MainMenu.MainMenu up for play (max tick rate 0) at 2016.01.27-06.50.03
[2016.01.27-11.50.03:529][861]LogActor:Warning: GameSession /Game/FirstPersonCPP/Maps/UEDPIE_0_MainMenu.MainMenu:PersistentLevel.GameSession_0 has natively added scene component(s), but none of them were set as the actor's RootComponent - picking one arbitrarily
[2016.01.27-11.50.03:530][861]LogActor:Warning: GameNetworkManager /Game/FirstPersonCPP/Maps/UEDPIE_0_MainMenu.MainMenu:PersistentLevel.GameNetworkManager_0 has natively added scene component(s), but none of them were set as the actor's RootComponent - picking one arbitrarily
[2016.01.27-11.50.03:530][861]LogWorld: Bringing up level for play took: 0.001659
[2016.01.27-11.50.03:541][861]LogVoice:Warning: Failed to initialize voice interface
[2016.01.27-11.50.03:543][861]LogOnline:Warning: NULL: Can't start an online game for session (Game) that hasn't been created
[2016.01.27-11.50.05:711][861]PIE: Info Play in editor start time for /Game/FirstPersonCPP/Maps/UEDPIE_0_MainMenu 3.344
[2016.01.27-11.50.05:729][862]LogRenderer: Reallocating scene render targets to support 1280x720 (Frame:445).
[2016.01.27-11.50.13:182][628]LogOnline:Display: NULL: FOnlineSubsystemNull::Shutdown()
[2016.01.27-11.50.13:183][628]LogPlayLevel:Display: Shutting down PIE online subsystems
[2016.01.27-11.50.13:202][628]LogParticles: Destroying 0 GPU particle simulations for FXSystem 0x00000000187876A0
[2016.01.27-11.50.13:469][629]LogPlayLevel:Display: Destroying online subsystem :Context_3
[2016.01.27-11.50.13:469][629]LogOnline:Display: NULL: FOnlineSubsystemNull::Shutdown()
[2016.01.27-11.50.21:237][ 99]LogSavePackage: Save=9.520236ms
[2016.01.27-11.50.21:238][ 99]LogSavePackage: Moving '../../../../../../Users/frederic/Documents/Unreal Projects/LostAge/Saved/UEDPCMainMenu2A56C9E64806B5A6BCEAF1AF87B84B62.tmp' to '../../../../../../Users/frederic/Documents/Unreal Projects/LostAge/Saved/Autosaves/Game/FirstPersonCPP/Maps/UEDPCMainMenu.umap'
[2016.01.27-11.50.21:240][ 99]LogSavePackage: Total save time: 480.209351ms
[2016.01.27-11.50.21:240][ 99]LogSavePackage:Warning: Finished SavePackage ../../../../../../Users/frederic/Documents/Unreal Projects/LostAge/Saved/Autosaves/Game/FirstPersonCPP/Maps/UEDPCMainMenu.umap
[2016.01.27-11.51.02:151][337]LogPlayLevel: PlayLevel: No blueprints needed recompiling
[2016.01.27-11.51.02:152][337]PIE: New page: PIE session: MainMenu (Jan 27, 2016, 1:51:02 AM)
[2016.01.27-11.51.02:152][337]LogPlayLevel: Creating play world package: /Game/FirstPersonCPP/Maps/UEDPIE_0_MainMenu
[2016.01.27-11.51.02:153][337]LogPlayLevel: PIE: StaticDuplicateObject took: (0.000550s)
[2016.01.27-11.51.02:155][337]LogAIModule: Creating AISystem for world MainMenu
[2016.01.27-11.51.02:155][337]LogPlayLevel: PIE: World Init took: (0.001499s)
[2016.01.27-11.51.02:156][337]LogPlayLevel: PIE: Created PIE world by copying editor world from /Game/FirstPersonCPP/Maps/MainMenu.MainMenu to /Game/FirstPersonCPP/Maps/UEDPIE_0_MainMenu.MainMenu (0.003392s)
[2016.01.27-11.51.02:179][337]LogInit: XAudio2 using 'Haut-parleurs (USB PnP Sound Device)' : 2 channels at 44.1 kHz using 16 bits per sample (channel mask 0x3)
[2016.01.27-11.51.02:183][337]LogInit: FAudioDevice initialized.
[2016.01.27-11.51.02:218][337]LogWorld: Game class is 'GameModeBP_C'
[2016.01.27-11.51.02:220][337]LogWorld: Bringing World /Game/FirstPersonCPP/Maps/UEDPIE_0_MainMenu.MainMenu up for play (max tick rate 0) at 2016.01.27-06.51.02
[2016.01.27-11.51.02:220][337]LogActor:Warning: GameSession /Game/FirstPersonCPP/Maps/UEDPIE_0_MainMenu.MainMenu:PersistentLevel.GameSession_1 has natively added scene component(s), but none of them were set as the actor's RootComponent - picking one arbitrarily
[2016.01.27-11.51.02:221][337]LogActor:Warning: GameNetworkManager /Game/FirstPersonCPP/Maps/UEDPIE_0_MainMenu.MainMenu:PersistentLevel.GameNetworkManager_1 has natively added scene component(s), but none of them were set as the actor's RootComponent - picking one arbitrarily
[2016.01.27-11.51.02:221][337]LogWorld: Bringing up level for play took: 0.001783
[2016.01.27-11.51.02:232][337]LogVoice:Warning: Failed to initialize voice interface
[2016.01.27-11.51.02:234][337]LogOnline:Warning: NULL: Can't start an online game for session (Game) that hasn't been created
[2016.01.27-11.51.07:799][337]PIE: Info Play