[2016.01.27-11.48.42:603][  0]Log file open, 01/27/16 06:48:42
[2016.01.27-11.48.42:603][  0]LogInit:Display: Running engine for game: LostAge
[2016.01.27-11.48.42:604][  0]LogInit:Display: RandInit(1565928724) SRandInit(1565928724).
[2016.01.27-11.48.42:604][  0]LogTaskGraph: Started task graph with 4 named threads and 7 total threads.
[2016.01.27-11.48.42:604][  0]LogStats: Stats thread started at 0.148203
[2016.01.27-11.48.42:605][  0]LogInit: Version: 4.9.2-2707645+++depot+UE4-Releases+4.9
[2016.01.27-11.48.42:605][  0]LogInit: API Version: 2672455
[2016.01.27-11.48.42:605][  0]LogInit: Compiled (64-bit): Sep 28 2015 10:25:44
[2016.01.27-11.48.42:605][  0]LogInit: Compiled with Visual C++: 18.00.21005.01
[2016.01.27-11.48.42:606][  0]LogInit: Build Configuration: Development
[2016.01.27-11.48.42:606][  0]LogInit: Branch Name: ++depot+UE4-Releases+4.9
[2016.01.27-11.48.42:606][  0]LogInit: Command line: 
[2016.01.27-11.48.42:606][  0]LogInit: Base directory: C:/Program Files/Epic Games/4.9/Engine/Binaries/Win64/
[2016.01.27-11.48.42:606][  0]LogInit: Rocket: 1
[2016.01.27-11.48.42:659][  0]LogInit: Using libcurl 7.41.0
[2016.01.27-11.48.42:659][  0]LogInit:  - built for x86_64-pc-win32
[2016.01.27-11.48.42:660][  0]LogInit:  - supports SSL with WinSSL
[2016.01.27-11.48.42:660][  0]LogInit:  - other features:
[2016.01.27-11.48.42:660][  0]LogInit:      CURL_VERSION_SSL
[2016.01.27-11.48.42:660][  0]LogInit:      CURL_VERSION_IPV6
[2016.01.27-11.48.42:661][  0]LogInit:      CURL_VERSION_ASYNCHDNS
[2016.01.27-11.48.42:661][  0]LogInit:      CURL_VERSION_LARGEFILE
[2016.01.27-11.48.42:661][  0]LogInit:      CURL_VERSION_IDN
[2016.01.27-11.48.42:661][  0]LogInit:  CurlRequestOptions (configurable via config and command line):
[2016.01.27-11.48.42:662][  0]LogInit:  - bVerifyPeer = true  - Libcurl will verify peer certificate
[2016.01.27-11.48.42:662][  0]LogInit:  - bUseHttpProxy = false  - Libcurl will NOT use HTTP proxy
[2016.01.27-11.48.42:662][  0]LogInit:  - bDontReuseConnections = false  - Libcurl will reuse connections
[2016.01.27-11.48.42:662][  0]LogInit:  - CertBundlePath = nullptr  - Libcurl will use whatever was configured at build time.
[2016.01.27-11.48.42:719][  0]LogInit: WinSock: version 1.1 (2.2), MaxSocks=32767, MaxUdp=65467
[2016.01.27-11.48.42:734][  0]LogVoice:Warning: Failed to initialize voice interface
[2016.01.27-11.48.42:739][  0]LogInit: Presizing for 0 objects not considered by GC, pre-allocating 0 bytes.
[2016.01.27-11.48.42:747][  0]LogInit: Object subsystem initialized
[2016.01.27-11.48.42:749][  0]LogInit: Selected Device Profile: [Windows]
[2016.01.27-11.48.42:749][  0]LogInit: Applying CVar settings loaded from the selected device profile: [Windows]
[2016.01.27-11.48.42:756][  0]LogInit: Computer: FREDERIC-PC
[2016.01.27-11.48.42:757][  0]LogInit: User: frederic
[2016.01.27-11.48.42:757][  0]LogInit: CPU Page size=4096, Cores=4
[2016.01.27-11.48.42:758][  0]LogInit: High frequency timer resolution =3.331220 MHz
[2016.01.27-11.48.42:758][  0]LogMemory: Memory total: Physical=15.9GB (16GB approx)
[2016.01.27-11.48.42:758][  0]LogMemory: Platform Memory Stats for Windows
[2016.01.27-11.48.42:759][  0]LogMemory: Process Physical Memory: 54.58 MB used, 54.58 MB peak
[2016.01.27-11.48.42:759][  0]LogMemory: Process Virtual Memory: 55.71 MB used, 55.71 MB peak
[2016.01.27-11.48.42:759][  0]LogMemory: Physical Memory: 5547.96 MB used, 16288.39 MB total
[2016.01.27-11.48.42:759][  0]LogMemory: Virtual Memory: 337.63 MB used, 8388608.00 MB total
[2016.01.27-11.48.42:832][  0]LogTextLocalizationManager: No translations for ('fr-CA') exist, falling back to 'en' for localization and internationalization data.
[2016.01.27-11.48.43:501][  0]LogD3D11RHI: Found D3D11 adapter 0: NVIDIA GeForce GTX 970 (Feature Level 11_0)
[2016.01.27-11.48.43:501][  0]LogD3D11RHI: Adapter has 4008MB of dedicated video memory, 0MB of dedicated system memory, and 7888MB of shared system memory, 1 output[s]
[2016.01.27-11.48.43:510][  0]LogD3D11RHI: Found D3D11 adapter 1: Intel(R) HD Graphics 3000 (Feature Level 10_0)
[2016.01.27-11.48.43:510][  0]LogD3D11RHI: Adapter has 64MB of dedicated video memory, 0MB of dedicated system memory, and 1632MB of shared system memory, 0 output[s]
[2016.01.27-11.48.43:511][  0]LogD3D11RHI: Chosen D3D11 Adapter Id = 0
[2016.01.27-11.48.43:515][  0]LogD3D11RHI: !Direct3DDevice
[2016.01.27-11.48.43:516][  0]LogRHI: Texture pool is 1361 MB (70% of 1945 MB)
[2016.01.27-11.48.43:563][  0]LogD3D11RHI: Async texture creation enabled
[2016.01.27-11.48.43:578][  0]LogShaderCompilers: Guid format shader working directory is 15 characters bigger than the processId version (../../../../../../Users/frederic/Documents/Unreal Projects/LostAge/Intermediate/Shaders/WorkingDirectory/5192/).
[2016.01.27-11.48.43:579][  0]LogShaderCompilers: Cleaned the shader compiler working directory '../../../../../../Users/frederic/Documents/Unreal Projects/LostAge/Intermediate/Shaders/tmp/CBA96426423C80089BEE08A36D84A869/'.
[2016.01.27-11.48.43:579][  0]LogShaderCompilers:Display: Using Local Shader Compiler.
[2016.01.27-11.48.44:754][  0]LogTemp:Display: Loaded TP AllDesktopTargetPlatform
[2016.01.27-11.48.44:771][  0]LogTemp:Display: Loaded TP WindowsClientTargetPlatform
[2016.01.27-11.48.44:787][  0]LogTemp:Display: Loaded TP WindowsNoEditorTargetPlatform
[2016.01.27-11.48.44:804][  0]LogTemp:Display: Loaded TP WindowsServerTargetPlatform
[2016.01.27-11.48.44:820][  0]LogTemp:Display: Loaded TP WindowsTargetPlatform
[2016.01.27-11.48.44:827][  0]LogTemp:Display: Loaded TP AndroidTargetPlatform
[2016.01.27-11.48.44:833][  0]LogTemp:Display: Loaded TP Android_ASTCTargetPlatform
[2016.01.27-11.48.44:840][  0]LogTemp:Display: Loaded TP Android_ATCTargetPlatform
[2016.01.27-11.48.44:847][  0]LogTemp:Display: Loaded TP Android_DXTTargetPlatform
[2016.01.27-11.48.44:854][  0]LogTemp:Display: Loaded TP Android_ETC1TargetPlatform
[2016.01.27-11.48.44:861][  0]LogTemp:Display: Loaded TP Android_ETC2TargetPlatform
[2016.01.27-11.48.44:868][  0]LogTemp:Display: Loaded TP Android_PVRTCTargetPlatform
[2016.01.27-11.48.44:872][  0]LogTemp:Display: Loaded TP HTML5TargetPlatform
[2016.01.27-11.48.44:902][  0]LogTemp:Display: Loaded TP IOSTargetPlatform
[2016.01.27-11.48.44:908][  0]LogTemp:Display: Loaded TP LinuxNoEditorTargetPlatform
[2016.01.27-11.48.44:914][  0]LogTemp:Display: Loaded TP LinuxServerTargetPlatform
[2016.01.27-11.48.44:922][  0]LogTemp:Display: Loaded TP LinuxTargetPlatform
[2016.01.27-11.48.44:923][  0]LogTargetPlatformManager:Display: Building Assets For Windows
[2016.01.27-11.48.45:133][  0]LogDerivedDataCache:Display: Max Cache Size: 512 MB
[2016.01.27-11.48.45:178][  0]LogDerivedDataCache: Loaded boot cache 0.04s 42MB C:/Users/frederic/AppData/Local/UnrealEngine/4.9/DerivedDataCache/Boot.ddc.
[2016.01.27-11.48.45:178][  0]LogDerivedDataCache:Display: Loaded Boot cache: C:/Users/frederic/AppData/Local/UnrealEngine/4.9/DerivedDataCache/Boot.ddc
[2016.01.27-11.48.45:179][  0]LogDerivedDataCache: FDerivedDataBackendGraph:  Pak pak cache file ../../../../../../Users/frederic/Documents/Unreal Projects/LostAge/DerivedDataCache/DDC.ddp not found, will not use a pak cache.
[2016.01.27-11.48.45:179][  0]LogDerivedDataCache: Unable to find inner node Pak for hierarchical cache Hierarchy.
[2016.01.27-11.48.45:179][  0]LogDerivedDataCache: FDerivedDataBackendGraph:  CompressedPak pak cache file ../../../../../../Users/frederic/Documents/Unreal Projects/LostAge/DerivedDataCache/Compressed.ddp not found, will not use a pak cache.
[2016.01.27-11.48.45:180][  0]LogDerivedDataCache: Unable to find inner node CompressedPak for hierarchical cache Hierarchy.
[2016.01.27-11.48.45:321][  0]LogDerivedDataCache:Display: Pak cache opened for reading ../../../Engine/DerivedDataCache/Compressed.ddp.
[2016.01.27-11.48.45:333][  0]LogDerivedDataCache: Using Local data cache path C:/Users/frederic/AppData/Local/UnrealEngine/Common/DerivedDataCache: Writable
[2016.01.27-11.48.45:516][  0]LogInit: Selected Device Profile: [Windows]
[2016.01.27-11.48.45:517][  0]LogContentStreaming: Texture pool size is 0.000000MB
[2016.01.27-11.48.45:555][  0]LogMeshUtilities: No automatic mesh reduction module available
[2016.01.27-11.48.45:555][  0]LogMeshUtilities: No automatic mesh merging module available
[2016.01.27-11.48.46:935][  0]UdpMessaging: Initializing bridge on interface 0.0.0.0:0 to multicast group 230.0.0.1:6666.
[2016.01.27-11.48.47:293][  0]LogAssetRegistry: FAssetRegistry took 0.0101 seconds to start up
[2016.01.27-11.48.47:620][  0]SourceControl: Info Source control is disabled
[2016.01.27-11.48.47:621][  0]SourceControl: Info Source control is disabled
[2016.01.27-11.48.47:635][  0]SourceControl: Info Source control is disabled
[2016.01.27-11.48.47:657][  0]SourceControl: Info Source control is disabled
[2016.01.27-11.48.47:839][  0]LogLinker:Warning: Asset '../../../Engine/Plugins/Runtime/LeapMotionController/Content/LM_PassthroughMaterial.uasset' has been saved with empty engine version. The asset will be loaded but may be incompatible.
[2016.01.27-11.48.47:938][  0]LogObj: 31792 objects as part of root set at end of initial load.
[2016.01.27-11.48.47:939][  0]LogUObjectAllocator: 7252928 out of 0 bytes used by permanent object pool.
[2016.01.27-11.48.48:020][  0]LogEngine: Initializing Engine...
[2016.01.27-11.48.48:023][  0]LogHMD: Can't find Oculus library dev build: is proper Runtime installed? Version: 0.7.0.0
[2016.01.27-11.48.48:025][  0]LogHMD: SteamVR failed to initialize.  Err: 110
[2016.01.27-11.48.48:168][  0]LogAIModule: Creating AISystem for world NewWorld
[2016.01.27-11.48.48:184][  0]LogInit: XAudio2 using 'Haut-parleurs (USB PnP Sound Device)' : 2 channels at 44.1 kHz using 16 bits per sample (channel mask 0x3)
[2016.01.27-11.48.48:192][  0]LogInit: FAudioDevice initialized.
[2016.01.27-11.48.48:212][  0]LogDerivedDataCache: Saved boot cache 0.02s 42MB C:/Users/frederic/AppData/Local/UnrealEngine/4.9/DerivedDataCache/Boot.ddc.
[2016.01.27-11.48.48:219][  0]LogInit: Texture streaming: Enabled
[2016.01.27-11.48.48:235][  0]LogAnalytics: Creating configured Analytics provider AnalyticsET
[2016.01.27-11.48.48:235][  0]LogAnalytics: [UEEditor.Rocket.Release] APIServer = http://et2.epicgames.com/ET2/. AppVersion = 4.9.2-2707645+++depot+UE4-Releases+4.9
[2016.01.27-11.48.48:236][  0]LogAnalytics: [UEEditor.Rocket.Release] SetUserId c8da8d664a36a98701fe659c10ae4ff8|70626fa7f476448fb82ad9618fbbb1ab|00e7fb16-00c3-4af4-a2a1-2cc8013aae38
[2016.01.27-11.48.48:236][  0]LogAnalytics: [UEEditor.Rocket.Release] AnalyticsET::StartSession
[2016.01.27-11.48.48:253][  0]LogInit: Transaction tracking system initialized
[2016.01.27-11.48.48:357][  0]BlueprintLog: New page: Editor Load
[2016.01.27-11.48.48:759][  0]LocalizationService: Info Localization service is disabled
[2016.01.27-11.48.48:923][  0]LogLinker:Warning: Can't find file '/Game/ThirdPersonCPP/ThirdPersonOverview'
[2016.01.27-11.48.48:923][  0]LogLinker:Warning: Can't find file '/Game/ThirdPersonCPP/ThirdPersonOverview'
[2016.01.27-11.48.48:924][  0]LogUObjectGlobals:Warning: Failed to find object 'Class /Game/ThirdPersonCPP/ThirdPersonOverview.ThirdPersonOverview_C'
[2016.01.27-11.48.48:955][  0]LogConsoleResponse:Display: 
[2016.01.27-11.48.49:078][  0]LogCook:Display: Done creating registry. It took  0.00s.
[2016.01.27-11.48.49:253][  0]LogFileCache: Scanning file cache for directory 'C:/Users/frederic/Documents/Unreal Projects/LostAge/Content/' took 0.01s
[2016.01.27-11.48.49:253][  0]SourceControl: Info Source control is disabled
[2016.01.27-11.48.49:254][  0]Cmd: MAP LOAD FILE="../../../../../../Users/frederic/Documents/Unreal Projects/LostAge/Content/FirstPersonCPP/Maps/MainMenu.umap" TEMPLATE=0 SHOWPROGRESS=1 FEATURELEVEL=3
[2016.01.27-11.48.49:254][  0]LightingResults: New page: Lighting Build
[2016.01.27-11.48.49:259][  0]MapCheck: New page: Map Check
[2016.01.27-11.48.49:260][  0]LightingResults: New page: Lighting Build
[2016.01.27-11.48.49:271][  0]LogParticles: Destroying 0 GPU particle simulations for FXSystem 0x0000000023572160
[2016.01.27-11.48.49:276][  0]LogAIModule: Creating AISystem for world MainMenu
[2016.01.27-11.48.49:277][  0]LogEditorServer: Finished looking for orphan Actors (0.000 secs)
[2016.01.27-11.48.49:278][  0]Cmd: MAP CHECKDEP NOCLEARLOG
[2016.01.27-11.48.49:321][  0]MapCheck: Info Map check complete: 0 Error(s), 0 Warning(s), took 42.828ms to complete.
[2016.01.27-11.48.49:322][  0]LogFileHelpers: Loading map 'MainMenu' took 0.068
[2016.01.27-11.48.49:421][  0]LogCollectionManager: Loaded 0 collections in 0.002250 seconds
[2016.01.27-11.48.49:463][  0]LogFileCache: Scanning file cache for directory 'C:/Users/frederic/Documents/Unreal Projects/LostAge/Saved/Collections/' took 0.01s
[2016.01.27-11.48.49:464][  0]LogFileCache: Scanning file cache for directory 'C:/Users/frederic/Documents/Unreal Projects/LostAge/Content/Developers/frederic/Collections/' took 0.01s
[2016.01.27-11.48.49:464][  0]LogFileCache: Scanning file cache for directory 'C:/Users/frederic/Documents/Unreal Projects/LostAge/Content/Collections/' took 0.01s
[2016.01.27-11.48.49:464][  0]LogContentBrowser: Native class hierarchy populated in 0.0085 seconds. Added 1875 classes and 335 folders.
[2016.01.27-11.48.49:473][  0]LogCollectionManager: Rebuilt the GUID cache for 0 collections in 0.000002 seconds
[2016.01.27-11.48.49:487][  0]LogContentBrowser: Native class hierarchy updated for 'WidgetCarousel' in 0.0030 seconds. Added 0 classes and 0 folders.
[2016.01.27-11.48.49:552][  0]LogContentBrowser: Native class hierarchy updated for 'AddContentDialog' in 0.0018 seconds. Added 0 classes and 0 folders.
[2016.01.27-11.48.49:575][  0]LogContentBrowser: Native class hierarchy updated for 'SceneOutliner' in 0.0019 seconds. Added 1 classes and 2 folders.
[2016.01.27-11.48.49:608][  0]LogCrashTracker: Crashtracker disabled due to settings.
[2016.01.27-11.48.49:612][  0]LogUObjectGlobals:Warning: Failed to find object 'Class None.'
[2016.01.27-11.48.49:635][  0]LogLoad: Full Startup: 7.99 seconds (BP compile: 0.03 seconds)
[2016.01.27-11.48.49:772][  0]LogContentStreaming: Texture pool size now 1000 MB
[2016.01.27-11.48.49:895][  0]LogRenderer: Reallocating scene render targets to support 1208x556 (Frame:2).
[2016.01.27-11.48.50:097][  3]LogAssetRegistry: Asset discovery search completed in 2.8144 seconds
[2016.01.27-11.48.50:098][  3]LogCollectionManager: Rebuilt the object cache for 0 collections in 0.000001 seconds (found 0 objects)
[2016.01.27-11.48.50:098][  3]LogCollectionManager: Fixed up redirectors for 0 collections in 0.000295 seconds (updated 0 objects)
[2016.01.27-11.48.54:394][ 78]LogPlayLevel: PlayLevel: No blueprints needed recompiling
[2016.01.27-11.48.54:395][ 78]PIE: New page: PIE session: MainMenu (Jan 27, 2016, 1:48:54 AM)
[2016.01.27-11.48.54:450][ 78]LogPlayLevel: Creating play world package: /Game/FirstPersonCPP/Maps/UEDPIE_0_MainMenu
[2016.01.27-11.48.54:451][ 78]LogPlayLevel: PIE: StaticDuplicateObject took: (0.000486s)
[2016.01.27-11.48.54:452][ 78]LogAIModule: Creating AISystem for world MainMenu
[2016.01.27-11.48.54:453][ 78]LogPlayLevel: PIE: World Init took: (0.001150s)
[2016.01.27-11.48.54:453][ 78]LogPlayLevel: PIE: Created PIE world by copying editor world from /Game/FirstPersonCPP/Maps/MainMenu.MainMenu to /Game/FirstPersonCPP/Maps/UEDPIE_0_MainMenu.MainMenu (0.003261s)
[2016.01.27-11.48.54:454][ 78]LogActorComponent: UnregisterComponent: (/Engine/Transient.CharMoveComp) Not registered. Aborting.
[2016.01.27-11.48.54:475][ 78]LogInit: XAudio2 using 'Haut-parleurs (USB PnP Sound Device)' : 2 channels at 44.1 kHz using 16 bits per sample (channel mask 0x3)
[2016.01.27-11.48.54:479][ 78]LogInit: FAudioDevice initialized.
[2016.01.27-11.48.54:558][ 78]LogWorld: Game class is 'GameModeBP_C'
[2016.01.27-11.48.54:560][ 78]LogWorld: Bringing World /Game/FirstPersonCPP/Maps/UEDPIE_0_MainMenu.MainMenu up for play (max tick rate 0) at 2016.01.27-06.48.54
[2016.01.27-11.48.54:561][ 78]LogActor:Warning: GameSession /Game/FirstPersonCPP/Maps/UEDPIE_0_MainMenu.MainMenu:PersistentLevel.GameSession_0 has natively added scene component(s), but none of them were set as the actor's RootComponent - picking one arbitrarily
[2016.01.27-11.48.54:561][ 78]LogActor:Warning: GameNetworkManager /Game/FirstPersonCPP/Maps/UEDPIE_0_MainMenu.MainMenu:PersistentLevel.GameNetworkManager_0 has natively added scene component(s), but none of them were set as the actor's RootComponent - picking one arbitrarily
[2016.01.27-11.48.54:562][ 78]LogWorld: Bringing up level for play took: 0.001585
[2016.01.27-11.48.54:572][ 78]LogVoice:Warning: Failed to initialize voice interface
[2016.01.27-11.48.54:574][ 78]LogOnline:Warning: NULL: Can't start an online game for session (Game) that hasn't been created
[2016.01.27-11.48.57:530][ 78]PIE: Info Play in editor start time for /Game/FirstPersonCPP/Maps/UEDPIE_0_MainMenu 3.163
[2016.01.27-11.49.07:492][155]LogInit: WinSock: I am frederic-PC (192.168.1.103:0)
[2016.01.27-11.49.07:552][155]LogPackageName: SearchForPackageOnDisk took   0.059s to resolve FirstPersonExampleMap.umap.
[2016.01.27-11.49.07:605][155]LogPackageName: SearchForPackageOnDisk took   0.052s to resolve FirstPersonExampleMap.umap.
[2016.01.27-11.49.07:606][155]LogNet: Browse: /Game/FirstPersonCPP/Maps/FirstPersonExampleMap?listen
[2016.01.27-11.49.07:606][155]LogLoad: LoadMap: /Game/FirstPersonCPP/Maps/FirstPersonExampleMap?listen
[2016.01.27-11.49.07:621][155]LogParticles: Destroying 0 GPU particle simulations for FXSystem 0x0000000038706A20
[2016.01.27-11.49.07:626][155]Cmd: MEM
[2016.01.27-11.49.07:637][155]LogMemory: Platform Memory Stats for Windows
[2016.01.27-11.49.07:638][155]LogMemory: Process Physical Memory: 574.51 MB used, 578.39 MB peak
[2016.01.27-11.49.07:638][155]LogMemory: Process Virtual Memory: 1029.84 MB used, 1034.79 MB peak
[2016.01.27-11.49.07:638][155]LogMemory: Physical Memory: 6967.15 MB used, 16288.39 MB total
[2016.01.27-11.49.07:639][155]LogMemory: Virtual Memory: 1707.18 MB used, 8388608.00 MB total
[2016.01.27-11.49.07:639][155]LogMemory: 
[2016.01.27-11.49.07:639][155]Allocator Stats for TBB: (not implemented)
[2016.01.27-11.49.09:958][155]LogAIModule: Creating AISystem for world FirstPersonExampleMap
[2016.01.27-11.49.09:959][155]LogWorld: Game class is 'GameModeBP_C'
[2016.01.27-11.49.09:960][155]LogInit: WinSock: Socket queue 131072 / 131072
[2016.01.27-11.49.09:961][155]LogNet: GameNetDriver IpNetDriver_0 IpNetDriver listening on port 7777
[2016.01.27-11.49.09:971][155]LogWorld: Bringing World /Game/FirstPersonCPP/Maps/UEDPIE_0_FirstPersonExampleMap.FirstPersonExampleMap up for play (max tick rate 0) at 2016.01.27-06.49.09
[2016.01.27-11.49.09:972][155]LogActor:Warning: GameSession /Game/FirstPersonCPP/Maps/UEDPIE_0_FirstPersonExampleMap.FirstPersonExampleMap:PersistentLevel.GameSession_1 has natively added scene component(s), but none of them were set as the actor's RootComponent - picking one arbitrarily
[2016.01.27-11.49.09:973][155]LogActor:Warning: GameNetworkManager /Game/FirstPersonCPP/Maps/UEDPIE_0_FirstPersonExampleMap.FirstPersonExampleMap:PersistentLevel.GameNetworkManager_1 has natively added scene component(s), but none of them were set as the actor's RootComponent - picking one arbitrarily
[2016.01.27-11.49.09:973][155]LogWorld: Bringing up level for play took: 0.011674
[2016.01.27-11.49.09:975][155]LogOnline:Warning: NULL: Can't start an online session (Game) in state InProgress
[2016.01.27-11.49.16:623][489]LogPackageName: SearchForPackageOnDisk took   0.062s to resolve MainMenu.umap.
[2016.01.27-11.49.16:683][490]LogPackageName: SearchForPackageOnDisk took   0.053s to resolve MainMenu.umap.
[2016.01.27-11.49.16:683][490]LogNet: Browse: /Game/FirstPersonCPP/Maps/MainMenu
[2016.01.27-11.49.16:684][490]LogLoad: LoadMap: /Game/FirstPersonCPP/Maps/MainMenu
[2016.01.27-11.49.16:684][490]LogNet: World NetDriver shutdown IpNetDriver_0 [GameNetDriver]
[2016.01.27-11.49.16:684][490]LogNet: DestroyNamedNetDriver IpNetDriver_0 [GameNetDriver]
[2016.01.27-11.49.16:684][490]LogExit: GameNetDriver IpNetDriver_0 shut down
[2016.01.27-11.49.16:699][490]LogParticles: Destroying 0 GPU particle simulations for FXSystem 0x0000