[2016.01.27-15.29.15:017][  0]Log file open, 01/27/16 10:29:15
[2016.01.27-15.29.15:017][  0]LogInit:Display: Running engine for game: LostAge
[2016.01.27-15.29.15:018][  0]LogInit:Display: RandInit(-1599252158) SRandInit(-1599252157).
[2016.01.27-15.29.15:018][  0]LogTaskGraph: Started task graph with 4 named threads and 7 total threads.
[2016.01.27-15.29.15:018][  0]LogStats: Stats thread started at 0.145558
[2016.01.27-15.29.15:019][  0]LogInit: Version: 4.9.2-2707645+++depot+UE4-Releases+4.9
[2016.01.27-15.29.15:019][  0]LogInit: API Version: 2672455
[2016.01.27-15.29.15:019][  0]LogInit: Compiled (64-bit): Sep 28 2015 10:25:44
[2016.01.27-15.29.15:019][  0]LogInit: Compiled with Visual C++: 18.00.21005.01
[2016.01.27-15.29.15:020][  0]LogInit: Build Configuration: Development
[2016.01.27-15.29.15:020][  0]LogInit: Branch Name: ++depot+UE4-Releases+4.9
[2016.01.27-15.29.15:020][  0]LogInit: Command line: 
[2016.01.27-15.29.15:020][  0]LogInit: Base directory: C:/Program Files/Epic Games/4.9/Engine/Binaries/Win64/
[2016.01.27-15.29.15:021][  0]LogInit: Rocket: 1
[2016.01.27-15.29.15:076][  0]LogInit: Using libcurl 7.41.0
[2016.01.27-15.29.15:076][  0]LogInit:  - built for x86_64-pc-win32
[2016.01.27-15.29.15:076][  0]LogInit:  - supports SSL with WinSSL
[2016.01.27-15.29.15:077][  0]LogInit:  - other features:
[2016.01.27-15.29.15:077][  0]LogInit:      CURL_VERSION_SSL
[2016.01.27-15.29.15:077][  0]LogInit:      CURL_VERSION_IPV6
[2016.01.27-15.29.15:078][  0]LogInit:      CURL_VERSION_ASYNCHDNS
[2016.01.27-15.29.15:078][  0]LogInit:      CURL_VERSION_LARGEFILE
[2016.01.27-15.29.15:078][  0]LogInit:      CURL_VERSION_IDN
[2016.01.27-15.29.15:079][  0]LogInit:  CurlRequestOptions (configurable via config and command line):
[2016.01.27-15.29.15:079][  0]LogInit:  - bVerifyPeer = true  - Libcurl will verify peer certificate
[2016.01.27-15.29.15:079][  0]LogInit:  - bUseHttpProxy = false  - Libcurl will NOT use HTTP proxy
[2016.01.27-15.29.15:079][  0]LogInit:  - bDontReuseConnections = false  - Libcurl will reuse connections
[2016.01.27-15.29.15:079][  0]LogInit:  - CertBundlePath = nullptr  - Libcurl will use whatever was configured at build time.
[2016.01.27-15.29.15:130][  0]LogInit: WinSock: version 1.1 (2.2), MaxSocks=32767, MaxUdp=65467
[2016.01.27-15.29.15:143][  0]LogVoice:Warning: Failed to initialize voice interface
[2016.01.27-15.29.15:149][  0]LogInit: Presizing for 0 objects not considered by GC, pre-allocating 0 bytes.
[2016.01.27-15.29.15:156][  0]LogInit: Object subsystem initialized
[2016.01.27-15.29.15:160][  0]LogInit: Selected Device Profile: [Windows]
[2016.01.27-15.29.15:160][  0]LogInit: Applying CVar settings loaded from the selected device profile: [Windows]
[2016.01.27-15.29.15:168][  0]LogInit: Computer: FREDERIC-PC
[2016.01.27-15.29.15:168][  0]LogInit: User: frederic
[2016.01.27-15.29.15:168][  0]LogInit: CPU Page size=4096, Cores=4
[2016.01.27-15.29.15:169][  0]LogInit: High frequency timer resolution =3.331220 MHz
[2016.01.27-15.29.15:169][  0]LogMemory: Memory total: Physical=15.9GB (16GB approx)
[2016.01.27-15.29.15:169][  0]LogMemory: Platform Memory Stats for Windows
[2016.01.27-15.29.15:169][  0]LogMemory: Process Physical Memory: 54.70 MB used, 54.70 MB peak
[2016.01.27-15.29.15:170][  0]LogMemory: Process Virtual Memory: 55.85 MB used, 55.85 MB peak
[2016.01.27-15.29.15:170][  0]LogMemory: Physical Memory: 6693.29 MB used, 16288.39 MB total
[2016.01.27-15.29.15:170][  0]LogMemory: Virtual Memory: 337.63 MB used, 8388608.00 MB total
[2016.01.27-15.29.15:243][  0]LogTextLocalizationManager: No translations for ('fr-CA') exist, falling back to 'en' for localization and internationalization data.
[2016.01.27-15.29.15:914][  0]LogD3D11RHI: Found D3D11 adapter 0: NVIDIA GeForce GTX 970 (Feature Level 11_0)
[2016.01.27-15.29.15:914][  0]LogD3D11RHI: Adapter has 4008MB of dedicated video memory, 0MB of dedicated system memory, and 7888MB of shared system memory, 1 output[s]
[2016.01.27-15.29.15:924][  0]LogD3D11RHI: Found D3D11 adapter 1: Intel(R) HD Graphics 3000 (Feature Level 10_0)
[2016.01.27-15.29.15:924][  0]LogD3D11RHI: Adapter has 64MB of dedicated video memory, 0MB of dedicated system memory, and 1632MB of shared system memory, 0 output[s]
[2016.01.27-15.29.15:925][  0]LogD3D11RHI: Chosen D3D11 Adapter Id = 0
[2016.01.27-15.29.15:930][  0]LogD3D11RHI: !Direct3DDevice
[2016.01.27-15.29.15:930][  0]LogRHI: Texture pool is 1361 MB (70% of 1945 MB)
[2016.01.27-15.29.15:960][  0]LogD3D11RHI: Async texture creation enabled
[2016.01.27-15.29.15:975][  0]LogShaderCompilers: Guid format shader working directory is 15 characters bigger than the processId version (../../../../../../Users/frederic/Documents/Unreal Projects/LostAge/Intermediate/Shaders/WorkingDirectory/3696/).
[2016.01.27-15.29.15:975][  0]LogShaderCompilers: Cleaned the shader compiler working directory '../../../../../../Users/frederic/Documents/Unreal Projects/LostAge/Intermediate/Shaders/tmp/178DC96F4EC1BE8FAFFB19A28C05B119/'.
[2016.01.27-15.29.15:976][  0]LogShaderCompilers:Display: Using Local Shader Compiler.
[2016.01.27-15.29.17:188][  0]LogTemp:Display: Loaded TP AllDesktopTargetPlatform
[2016.01.27-15.29.17:202][  0]LogTemp:Display: Loaded TP WindowsClientTargetPlatform
[2016.01.27-15.29.17:216][  0]LogTemp:Display: Loaded TP WindowsNoEditorTargetPlatform
[2016.01.27-15.29.17:231][  0]LogTemp:Display: Loaded TP WindowsServerTargetPlatform
[2016.01.27-15.29.17:246][  0]LogTemp:Display: Loaded TP WindowsTargetPlatform
[2016.01.27-15.29.17:254][  0]LogTemp:Display: Loaded TP AndroidTargetPlatform
[2016.01.27-15.29.17:261][  0]LogTemp:Display: Loaded TP Android_ASTCTargetPlatform
[2016.01.27-15.29.17:269][  0]LogTemp:Display: Loaded TP Android_ATCTargetPlatform
[2016.01.27-15.29.17:276][  0]LogTemp:Display: Loaded TP Android_DXTTargetPlatform
[2016.01.27-15.29.17:283][  0]LogTemp:Display: Loaded TP Android_ETC1TargetPlatform
[2016.01.27-15.29.17:291][  0]LogTemp:Display: Loaded TP Android_ETC2TargetPlatform
[2016.01.27-15.29.17:298][  0]LogTemp:Display: Loaded TP Android_PVRTCTargetPlatform
[2016.01.27-15.29.17:302][  0]LogTemp:Display: Loaded TP HTML5TargetPlatform
[2016.01.27-15.29.17:332][  0]LogTemp:Display: Loaded TP IOSTargetPlatform
[2016.01.27-15.29.17:339][  0]LogTemp:Display: Loaded TP LinuxNoEditorTargetPlatform
[2016.01.27-15.29.17:346][  0]LogTemp:Display: Loaded TP LinuxServerTargetPlatform
[2016.01.27-15.29.17:354][  0]LogTemp:Display: Loaded TP LinuxTargetPlatform
[2016.01.27-15.29.17:354][  0]LogTargetPlatformManager:Display: Building Assets For Windows
[2016.01.27-15.29.17:562][  0]LogDerivedDataCache:Display: Max Cache Size: 512 MB
[2016.01.27-15.29.17:610][  0]LogDerivedDataCache: Loaded boot cache 0.05s 42MB C:/Users/frederic/AppData/Local/UnrealEngine/4.9/DerivedDataCache/Boot.ddc.
[2016.01.27-15.29.17:610][  0]LogDerivedDataCache:Display: Loaded Boot cache: C:/Users/frederic/AppData/Local/UnrealEngine/4.9/DerivedDataCache/Boot.ddc
[2016.01.27-15.29.17:611][  0]LogDerivedDataCache: FDerivedDataBackendGraph:  Pak pak cache file ../../../../../../Users/frederic/Documents/Unreal Projects/LostAge/DerivedDataCache/DDC.ddp not found, will not use a pak cache.
[2016.01.27-15.29.17:611][  0]LogDerivedDataCache: Unable to find inner node Pak for hierarchical cache Hierarchy.
[2016.01.27-15.29.17:611][  0]LogDerivedDataCache: FDerivedDataBackendGraph:  CompressedPak pak cache file ../../../../../../Users/frederic/Documents/Unreal Projects/LostAge/DerivedDataCache/Compressed.ddp not found, will not use a pak cache.
[2016.01.27-15.29.17:612][  0]LogDerivedDataCache: Unable to find inner node CompressedPak for hierarchical cache Hierarchy.
[2016.01.27-15.29.17:758][  0]LogDerivedDataCache:Display: Pak cache opened for reading ../../../Engine/DerivedDataCache/Compressed.ddp.
[2016.01.27-15.29.17:770][  0]LogDerivedDataCache: Using Local data cache path C:/Users/frederic/AppData/Local/UnrealEngine/Common/DerivedDataCache: Writable
[2016.01.27-15.29.17:971][  0]LogInit: Selected Device Profile: [Windows]
[2016.01.27-15.29.17:972][  0]LogContentStreaming: Texture pool size is 0.000000MB
[2016.01.27-15.29.18:007][  0]LogMeshUtilities: No automatic mesh reduction module available
[2016.01.27-15.29.18:007][  0]LogMeshUtilities: No automatic mesh merging module available
[2016.01.27-15.29.19:343][  0]UdpMessaging: Initializing bridge on interface 0.0.0.0:0 to multicast group 230.0.0.1:6666.
[2016.01.27-15.29.19:672][  0]LogAssetRegistry: FAssetRegistry took 0.0108 seconds to start up
[2016.01.27-15.29.19:976][  0]SourceControl: Info Source control is disabled
[2016.01.27-15.29.19:978][  0]SourceControl: Info Source control is disabled
[2016.01.27-15.29.19:994][  0]SourceControl: Info Source control is disabled
[2016.01.27-15.29.20:019][  0]SourceControl: Info Source control is disabled
[2016.01.27-15.29.20:210][  0]LogLinker:Warning: Asset '../../../Engine/Plugins/Runtime/LeapMotionController/Content/LM_PassthroughMaterial.uasset' has been saved with empty engine version. The asset will be loaded but may be incompatible.
[2016.01.27-15.29.20:314][  0]LogObj: 31792 objects as part of root set at end of initial load.
[2016.01.27-15.29.20:315][  0]LogUObjectAllocator: 7252928 out of 0 bytes used by permanent object pool.
[2016.01.27-15.29.20:390][  0]LogEngine: Initializing Engine...
[2016.01.27-15.29.20:394][  0]LogHMD: Can't find Oculus library dev build: is proper Runtime installed? Version: 0.7.0.0
[2016.01.27-15.29.20:397][  0]LogHMD: SteamVR failed to initialize.  Err: 110
[2016.01.27-15.29.20:541][  0]LogAIModule: Creating AISystem for world NewWorld
[2016.01.27-15.29.20:559][  0]LogInit: XAudio2 using 'Haut-parleurs (USB PnP Sound Device)' : 2 channels at 44.1 kHz using 16 bits per sample (channel mask 0x3)
[2016.01.27-15.29.20:569][  0]LogInit: FAudioDevice initialized.
[2016.01.27-15.29.20:590][  0]LogDerivedDataCache: Saved boot cache 0.02s 42MB C:/Users/frederic/AppData/Local/UnrealEngine/4.9/DerivedDataCache/Boot.ddc.
[2016.01.27-15.29.20:597][  0]LogInit: Texture streaming: Enabled
[2016.01.27-15.29.20:614][  0]LogAnalytics: Creating configured Analytics provider AnalyticsET
[2016.01.27-15.29.20:614][  0]LogAnalytics: [UEEditor.Rocket.Release] APIServer = http://et2.epicgames.com/ET2/. AppVersion = 4.9.2-2707645+++depot+UE4-Releases+4.9
[2016.01.27-15.29.20:615][  0]LogAnalytics: [UEEditor.Rocket.Release] SetUserId c8da8d664a36a98701fe659c10ae4ff8|70626fa7f476448fb82ad9618fbbb1ab|00e7fb16-00c3-4af4-a2a1-2cc8013aae38
[2016.01.27-15.29.20:615][  0]LogAnalytics: [UEEditor.Rocket.Release] AnalyticsET::StartSession
[2016.01.27-15.29.20:631][  0]LogInit: Transaction tracking system initialized
[2016.01.27-15.29.20:719][  0]BlueprintLog: New page: Editor Load
[2016.01.27-15.29.21:059][  0]LocalizationService: Info Localization service is disabled
[2016.01.27-15.29.21:204][  0]LogLinker:Warning: Can't find file '/Game/ThirdPersonCPP/ThirdPersonOverview'
[2016.01.27-15.29.21:204][  0]LogLinker:Warning: Can't find file '/Game/ThirdPersonCPP/ThirdPersonOverview'
[2016.01.27-15.29.21:205][  0]LogUObjectGlobals:Warning: Failed to find object 'Class /Game/ThirdPersonCPP/ThirdPersonOverview.ThirdPersonOverview_C'
[2016.01.27-15.29.21:232][  0]LogConsoleResponse:Display: 
[2016.01.27-15.29.21:358][  0]LogCook:Display: Done creating registry. It took  0.00s.
[2016.01.27-15.29.21:488][  0]LogFileCache: Scanning file cache for directory 'C:/Users/frederic/Documents/Unreal Projects/LostAge/Content/' took 0.01s
[2016.01.27-15.29.21:506][  0]SourceControl: Info Source control is disabled
[2016.01.27-15.29.21:507][  0]Cmd: MAP LOAD FILE="../../../../../../Users/frederic/Documents/Unreal Projects/LostAge/Content/FirstPersonCPP/Maps/MainMenu.umap" TEMPLATE=0 SHOWPROGRESS=1 FEATURELEVEL=3
[2016.01.27-15.29.21:507][  0]LightingResults: New page: Lighting Build
[2016.01.27-15.29.21:513][  0]MapCheck: New page: Map Check
[2016.01.27-15.29.21:513][  0]LightingResults: New page: Lighting Build
[2016.01.27-15.29.21:526][  0]LogParticles: Destroying 0 GPU particle simulations for FXSystem 0x00000000232AA160
[2016.01.27-15.29.21:531][  0]LogAIModule: Creating AISystem for world MainMenu
[2016.01.27-15.29.21:533][  0]LogEditorServer: Finished looking for orphan Actors (0.000 secs)
[2016.01.27-15.29.21:533][  0]Cmd: MAP CHECKDEP NOCLEARLOG
[2016.01.27-15.29.21:585][  0]MapCheck: Info Map check complete: 0 Error(s), 0 Warning(s), took 51.557ms to complete.
[2016.01.27-15.29.21:586][  0]LogFileHelpers: Loading map 'MainMenu' took 0.080
[2016.01.27-15.29.21:696][  0]LogCollectionManager: Loaded 0 collections in 0.002086 seconds
[2016.01.27-15.29.21:742][  0]LogFileCache: Scanning file cache for directory 'C:/Users/frederic/Documents/Unreal Projects/LostAge/Saved/Collections/' took 0.01s
[2016.01.27-15.29.21:742][  0]LogFileCache: Scanning file cache for directory 'C:/Users/frederic/Documents/Unreal Projects/LostAge/Content/Developers/frederic/Collections/' took 0.01s
[2016.01.27-15.29.21:742][  0]LogFileCache: Scanning file cache for directory 'C:/Users/frederic/Documents/Unreal Projects/LostAge/Content/Collections/' took 0.01s
[2016.01.27-15.29.21:743][  0]LogContentBrowser: Native class hierarchy populated in 0.0085 seconds. Added 1875 classes and 335 folders.
[2016.01.27-15.29.21:751][  0]LogCollectionManager: Rebuilt the GUID cache for 0 collections in 0.000002 seconds
[2016.01.27-15.29.21:766][  0]LogContentBrowser: Native class hierarchy updated for 'WidgetCarousel' in 0.0032 seconds. Added 0 classes and 0 folders.
[2016.01.27-15.29.21:826][  0]LogContentBrowser: Native class hierarchy updated for 'AddContentDialog' in 0.0018 seconds. Added 0 classes and 0 folders.
[2016.01.27-15.29.21:845][  0]LogContentBrowser: Native class hierarchy updated for 'SceneOutliner' in 0.0019 seconds. Added 1 classes and 2 folders.
[2016.01.27-15.29.21:874][  0]LogCrashTracker: Crashtracker disabled due to settings.
[2016.01.27-15.29.21:878][  0]LogUObjectGlobals:Warning: Failed to find object 'Class None.'
[2016.01.27-15.29.21:901][  0]LogLoad: Full Startup: 7.87 seconds (BP compile: 0.03 seconds)
[2016.01.27-15.29.21:989][  0]LogContentStreaming: Texture pool size now 1000 MB
[2016.01.27-15.29.22:120][  0]LogRenderer: Reallocating scene render targets to support 1208x556 (Frame:2).
[2016.01.27-15.29.22:318][  3]LogAssetRegistry: Asset discovery search completed in 2.6570 seconds
[2016.01.27-15.29.22:319][  3]LogCollectionManager: Rebuilt the object cache for 0 collections in 0.000002 seconds (found 0 objects)
[2016.01.27-15.29.22:319][  3]LogCollectionManager: Fixed up redirectors for 0 collections in 0.000368 seconds (updated 0 objects)
[2016.01.27-15.29.41:187][785]LogPlayLevel: PlayLevel: No blueprints needed recompiling
[2016.01.27-15.29.41:188][785]PIE: New page: PIE session: MainMenu (Jan 27, 2016, 5:29:41 AM)
[2016.01.27-15.29.41:243][785]LogPlayLevel: Creating play world package: /Game/FirstPersonCPP/Maps/UEDPIE_0_MainMenu
[2016.01.27-15.29.41:245][785]LogPlayLevel: PIE: StaticDuplicateObject took: (0.000460s)
[2016.01.27-15.29.41:245][785]LogAIModule: Creating AISystem for world MainMenu
[2016.01.27-15.29.41:246][785]LogPlayLevel: PIE: World Init took: (0.001090s)
[2016.01.27-15.29.41:246][785]LogPlayLevel: PIE: Created PIE world by copying editor world from /Game/FirstPersonCPP/Maps/MainMenu.MainMenu to /Game/FirstPersonCPP/Maps/UEDPIE_0_MainMenu.MainMenu (0.002986s)
[2016.01.27-15.29.41:247][785]LogActorComponent: UnregisterComponent: (/Engine/Transient.CharMoveComp) Not registered. Aborting.
[2016.01.27-15.29.41:268][785]LogInit: XAudio2 using 'Haut-parleurs (USB PnP Sound Device)' : 2 channels at 44.1 kHz using 16 bits per sample (channel mask 0x3)
[2016.01.27-15.29.41:272][785]LogInit: FAudioDevice initialized.
[2016.01.27-15.29.41:369][785]LogWorld: Game class is 'GameModeBP_C'
[2016.01.27-15.29.41:371][785]LogWorld: Bringing World /Game/FirstPersonCPP/Maps/UEDPIE_0_MainMenu.MainMenu up for play (max tick rate 0) at 2016.01.27-10.29.41
[2016.01.27-15.29.41:372][785]LogActor:Warning: GameSession /Game/FirstPersonCPP/Maps/UEDPIE_0_MainMenu.MainMenu:PersistentLevel.GameSession_0 has natively added scene component(s), but none of them were set as the actor's RootComponent - picking one arbitrarily
[2016.01.27-15.29.41:372][785]LogActor:Warning: GameNetworkManager /Game/FirstPersonCPP/Maps/UEDPIE_0_MainMenu.MainMenu:PersistentLevel.GameNetworkManager_0 has natively added scene component(s), but none of them were set as the actor's RootComponent - picking one arbitrarily
[2016.01.27-15.29.41:372][785]LogWorld: Bringing up level for play took: 0.001548
[2016.01.27-15.29.41:383][785]LogVoice:Warning: Failed to initialize voice interface
[2016.01.27-15.29.41:385][785]LogOnline:Warning: NULL: Can't start an online game for session (Game) that hasn't been created
[2016.01.27-15.29.41:386][785]LogBlueprintUserMessages: [PlayerControllerBP_C_0] ICI
[2016.01.27-15.29.41:531][785]PIE: Info Play in editor start time for /Game/FirstPersonCPP/Maps/UEDPIE_0_MainMenu 1.005
[2016.01.27-15.29.41:546][786]LogRenderer: Reallocating scene render targets to support 1280x720 (Frame:1825).
[2016.01.27-15.29.48:458][597]LogOnline:Display: NULL: FOnlineSubsystemNull::Shutdown()
[2016.01.27-15.29.48:459][597]LogPlayLevel:Display: Shutting down PIE online subsystems
[2016.01.27-15.29.48:474][597]LogParticles: Destroying 0 GPU particle simulations for FXSystem 0x0000000036E40CC0
[2016.01.27-15.29.48:511][601]LogPlayLevel:Display: Destroying online subsystem :Context_3
[2016.01.27-15.29.48:512][601]LogOnline:Display: NULL: FOnlineSubsystemNull::Shutdown()
[2016.01.27-15.29.53:254][126]Cmd: QUIT_EDITOR
[2016.01.27-15.29.53:589][126]LogExit: Preparing to exit.
[2016.01.27-15.29.54:410][126]LogActorComponent: UnregisterComponent: (None.None) Not registered. Aborting.
[2016.01.27-15.29.54:411][126]LogActorComponent: UnregisterComponent: (None.None) Not registered. Aborting.
[2016.01.27-15.29.54:412][126]LogActorComponent: UnregisterComponent: (None.None) Not registered. Aborting.
[2016.01.27-15.29.54:413][126]LogActorComponent: UnregisterComponent: (None.None) Not registered. Aborting.
[2016.01.27-15.29.54:414][126]LogActorComponent: UnregisterComponent: (None.None) Not registered. Aborting.
[2016.01.27-15.29.54:414][126]LogActorComponent: UnregisterComponent: (None.None) Not registered. Aborting.
[2016.01.27-15.29.54:415][126]LogActorComponent: UnregisterComponent: (None.None) Not registered. Aborting.
[2016.01.27-15.29.54:416][126]LogActorComponent: UnregisterComponent: (None.None) Not registered. Aborting.
[2016.01.27-15.29.54:416][126]LogActorComponent: UnregisterComponent: (None.None) Not registered. Aborting.
[2016.01.27-15.29.54:417][126]LogActorComponent: UnregisterComponent: (None.None) Not registered. Aborting.
[2016.01.27-15.29.54:417][126]LogActorComponent: UnregisterComponent: (None.None) Not registered. Aborting.
[2016.01.27-15.29.54:417][126]LogActorComponent: UnregisterComponent: (None.None) Not registered. Aborting.
[2016.01.27-15.29.54:428][126]LogParticles: Destroying 0 GPU particle simulations for FXSystem 0x0000000011608720
[2016.01.27-15.29.54:429][126]LogParticles: Destroying 0 GPU particle simulations for FXSystem 0x000000001142F880
[2016.01.27-15.29.54:431][126]LogExit: Editor shut down
[2016.01.27-15.29.54:432][126]LogExit: Transaction tracking system shut down
[2016.01.27-15.29.54:433][126]LogParticles: Destroying 0 GPU particle simulations for FXSystem 0x0000000011D3B240
[2016.01.27-15.29.54:547][126]LogExit: Object subsystem successfully closed.
[2016.01.27-15.29.54:565][126]LogD3D11RHI: Shutdown
[2016.01.27-15.29.54:566][126]LogD3D11RHI: CleanupD3DDevice
[2016.01.27-15.29.54:760][126]LogD3D11RHI: ~FD3D11DynamicRHI
[2016.01.27-15.29.54:778][126]LogModuleManager: Shutting down and abandoning module CrashTracker (200)
[2016.01.27-15.29.54:778][126]LogModuleManager: Shutting down and abandoning module SceneOutliner (199)
[2016.01.27-15.29.54:778][126]LogModuleManager: Shutting down and abandoning module SuperSearch (198)
[2016.01.27-15.29.54:779][126]LogModuleManager: Shutting down and abandoning module WidgetCarousel (197)
[2016.01.27-15.29.54:779][126]LogModuleManager: Shutting down and abandoning module AddContentDialog (196)
[2016.01.27-15.29.54:780][126]LogModuleManager: Shutting down and abandoning module EditorWidgets (195)
[2016.01.27-15.29.54:780][126]LogModuleManager: Shutting down and abandoning module CollectionManager (194)
[2016.01.27-15.29.54:781][126]LogModuleManager: Shutting down and abandoning module StatsViewer (193)
[2016.01.27-15.29.54:781][126]LogModuleManager: Shutting down and abandoning module FoliageEdit (192)
[2016.01.27-15.29.54:781][126]LogModuleManager: Shutting down and abandoning module LandscapeEditor (191)
[2016.01.27-15.29.54:782][126]LogModuleManager: Shutting down and abandoning module ActorPickerMode (190)
[2016.01.27-15.29.54:782][126]LogModuleManager: Shutting down and abandoning module GeometryMode (189)
[2016.01.27-15.29.54:782][126]LogModuleManager: Shutting down and abandoning module TextureAlignMode (188)
[2016.01.27-15.29.54:782][126]LogModuleManager: Shutting down and abandoning module BspMode (187)
[2016.01.27-15.29.54:783][126]LogModuleManager: Shutting down and abandoning module PlacementMode (186)
[2016.01.27-15.29.54:783][126]LogModuleManager: Shutting down and abandoning module AutomationWorker (185)
[2016.01.27-15.29.54:783][126]LogModuleManager: Shutting down and abandoning module CharacterAI (184)
[2016.01.27-15.29.54:783][126]LogModuleManager: Shutting down and abandoning module SmartSnapping (183)
[2016.01.27-15.29.54:784][126]LogModuleManager: Shutting down and abandoning module ViewportSnapping (182)
[2016.01.27-15.29.54:784][126]LogModuleManager: Shutting down and abandoning module LogVisualizer (181)
[2016.01.27-15.29.54:784][126]LogModuleManager: Shutting down and abandoning module GameProjectGeneration (180)
[2016.01.27-15.29.54:784][126]LogModuleManager: Shutting down and abandoning module IntroTutorials (179)
[2016.01.27-15.29.54:785][126]LogModuleManager: Shutting down and abandoning module EditorLiveStreaming (178)
[2016.01.27-15.29.54:785][126]LogModuleManager: Shutting down and abandoning module IOSPlatformEditor (177)
[2016.01.27-15.29.54:785][126]LogModuleManager: Shutting down and abandoning module HTML5PlatformEditor (176)
[2016.01.27-15.29.54:785][126]LogModuleManager: Shutting down and abandoning module AndroidDeviceDetection (175)
[2016.01.27-15.29.55:153][126]LogModuleManager: Shutting down and abandoning module AndroidPlatformEditor (174)
[2016.01.27-15.29.55:154][126]LogModuleManager: Shutting down and abandoning module IOSRuntimeSettings (173)
[2016.01.27-15.29.55:154][126]LogModuleManager: Shutting down and abandoning module AndroidRuntimeSettings (172)
[2016.01.27-15.29.55:155][126]LogModuleManager: Shutting down and abandoning module MergeActors (171)
[2016.01.27-15.29.55:156][126]LogModuleManager: Shutting down and abandoning module SizeMap (170)
[2016.01.27-15.29.55:156][126]LogModuleManager: Shutting down and abandoning module TreeMap (169)
[2016.01.27-15.29.55:157][126]LogModuleManager: Shutting down and abandoning module ReferenceViewer (168)
[2016.01.27-15.29.55:159][126]LogModuleManager: Shutting down and abandoning module LocalizationService (167)
[2016.01.27-15.29.55:161][126]LogModuleManager: Shutting down and abandoning module LocalizationDashboard (166)
[2016.01.27-15.29.55:161][126]LogModuleManager: Shutting down and abandoning module HardwareTargeting (165)
[2016.01.27-15.29.55:162][126]LogModuleManager: Shutting down and abandoning module DeviceProfileEditor (164)
[2016.01.27-15.29.55:163][126]LogModuleManager: Shutting down and abandoning module UndoHistory (163)
[2016.01.27-15.29.55:163][126]LogModuleManager: Shutting down and abandoning module GameplayTagsEditor (162)
[2016.01.27-15.29.55:164][126]LogModuleManager: Shutting down and abandoning module UserFeedback (161)
[2016.01.27-15.29.55:164][126]LogModuleManager: Shutting down and abandoning module XmlParser (160)
[2016.01.27-15.29.55:165][126]LogModuleManager: Shutting down and abandoning module Blutility (159)
[2016.01.27-15.29.55:166][126]LogModuleManager: Shutting down and abandoning module ProjectTargetPlatformEditor (158)
[2016.01.27-15.29.55:166][126]LogModuleManager: Shutting down and abandoning module ProjectSettingsViewer (157)
[2016.01.27-15.29.55:167][126]LogModuleManager: Shutting down and abandoning module InputBindingEditor (156)
[2016.01.27-15.29.55:168][126]LogModuleManager: Shutting down and abandoning module EditorSettingsViewer (155)
[2016.01.27-15.29.55:168][126]LogModuleManager: Shutting down and abandoning module SettingsEditor (154)
[2016.01.27-15.29.55:169][126]LogModuleManager: Shutting down and abandoning module ProjectLauncher (153)
[2016.01.27-15.29.55:169][126]LogModuleManager: Shutting down and abandoning module SessionFrontend (152)
[2016.01.27-15.29.55:170][126]LogModuleManager: Shutting down and abandoning module ProfilerClient (151)
[2016.01.27-15.29.55:170][126]LogModuleManager: Shutting down and abandoning module TargetDeviceServices (150)
[2016.01.27-15.29.55:171][126]LogModuleManager: Shutting down and abandoning module DeviceManager (149)
[2016.01.27-15.29.55:172][126]LogModuleManager: Shutting down and abandoning module AutomationController (148)
[2016.01.27-15.29.55:172][126]LogModuleManager: Shutting down and abandoning module AutomationWindow (147)
[2016.01.27-15.29.55:173][126]LogModuleManager: Shutting down and abandoning module Layers (146)
[2016.01.27-15.29.55:173][126]LogModuleManager: Shutting down and abandoning module ComponentVisualizers (145)
[2016.01.27-15.29.55:174][126]LogModuleManager: Shutting down and abandoning module DetailCustomizations (144)
[2016.01.27-15.29.55:174][126]LogModuleManager: Shutting down and abandoning module PackagesDialog (143)
[2016.01.27-15.29.55:175][126]LogModuleManager: Shutting down and abandoning module Persona (142)
[2016.01.27-15.29.55:176][126]LogModuleManager: Shutting down and abandoning module Kismet (141)
[2016.01.27-15.29.55:176][126]LogModuleManager: Shutting down and abandoning module GraphEditor (140)
[2016.01.27-15.29.55:177][126]LogModuleManager: Shutting down and abandoning module ClassViewer (139)
[2016.01.27-15.29.55:177][126]LogModuleManager: Shutting down and abandoning module Toolbox (138)
[2016.01.27-15.29.55:178][126]LogModuleManager: Shutting down and abandoning module ModuleUI (137)
[2016.01.27-15.29.55:178][126]LogModuleManager: Shutting down and abandoning module MovieSceneTools (136)
[2016.01.27-15.29.55:179][126]LogModuleManager: Shutting down and abandoning module OutputLog (135)
[2016.01.27-15.29.55:179][126]LogModuleManager: Shutting down and abandoning module GammaUI (134)
[2016.01.27-15.29.55:180][126]LogModuleManager: Shutting down and abandoning module Documentation (133)
[2016.01.27-15.29.55:180][126]LogModuleManager: Shutting down and abandoning module GameLiveStreaming (132)
[2016.01.27-15.29.55:181][126]LogModuleManager: Shutting down and abandoning module StreamingPauseRendering (131)
[2016.01.27-15.29.55:182][126]LogModuleManager: Shutting down and abandoning module AnalyticsET (130)
[2016.01.27-15.29.55:182][126]LogModuleManager: Shutting down and abandoning module Analytics (129)
[2016.01.27-15.29.55:183][126]LogModuleManager: Shutting down and abandoning module AITestSuite (128)
[2016.01.27-15.29.55:183][126]LogModuleManager: Shutting down and abandoning module GameplayDebugger (127)
[2016.01.27-15.29.55:184][126]LogModuleManager: Shutting down and abandoning module AIModule (126)
[2016.01.27-15.29.55:184][126]LogModuleManager: Shutting down and abandoning module ProfilerService (125)
[2016.01.27-15.29.55:352][126]LogModuleManager: Shutting down and abandoning module TaskGraph (124)
[2016.01.27-15.29.55:353][126]LogModuleManager: Shutting down and abandoning module SlateRemote (123)
[2016.01.27-15.29.55:354][126]LogModuleManager: Shutting down and abandoning module SteamVRController (122)
[2016.01.27-15.29.55:355][126]LogModuleManager: Shutting down and abandoning module SteamVR (121)
[2016.01.27-15.29.55:356][126]LogModuleManager: Shutting down and abandoning module ProceduralMeshComponent (120)
[2016.01.27-15.29.55:356][126]LogModuleManager: Shutting down and abandoning module OculusRift (119)
[2016.01.27-15.29.55:357][126]LogModuleManager: Shutting down and abandoning module OculusLibrary (118)
[2016.01.27-15.29.55:357][126]LogModuleManager: Shutting down and abandoning module LeapMotionController (117)
[2016.01.27-15.29.55:377][126]LogModuleManager: Shutting down and abandoning module CustomMeshComponent (116)
[2016.01.27-15.29.55:377][126]LogModuleManager: Shutting down and abandoning module CableComponent (115)
[2016.01.27-15.29.55:378][126]LogModuleManager: Shutting down and abandoning module ArchVisCharacter (114)
[2016.01.27-15.29.55:378][126]LogModuleManager: Shutting down and abandoning module MessagingDebugger (113)
[2016.01.27-15.29.55:378][126]LogModuleManager: Shutting down and abandoning module MediaPlayerEditor (112)
[2016.01.27-15.29.55:378][126]LogModuleManager: Shutting down and abandoning module HTML5Networking (111)
[2016.01.27-15.29.55:379][126]LogModuleManager: Shutting down and abandoning module SpeedTreeImporter (110)
[2016.01.27-15.29.55:379][126]LogModuleManager: Shutting down and abandoning module PluginBrowser (109)
[2016.01.27-15.29.55:379][126]LogModuleManager: Shutting down and abandoning module EpicSurvey (108)
[2016.01.27-15.29.55:379][126]LogModuleManager: Shutting down and abandoning module DesktopPlatform (107)
[2016.01.27-15.29.55:380][126]LogModuleManager: Shutting down and abandoning module VisualStudioSourceCodeAccess (106)
[2016.01.27-15.29.55:380][126]LogModuleManager: Shutting down and abandoning module UObjectPlugin (105)
[2016.01.27-15.29.55:380][126]LogModuleManager: Shutting down and abandoning module SubversionSourceControl (104)
[2016.01.27-15.29.55:380][126]LogModuleManager: Shutting down and abandoning module PerforceSourceControl (103)
[2016.01.27-15.29.55:380][126]LogModuleManager: Shutting down and abandoning module SourceControl (102)
[2016.01.27-15.29.55:381][126]LogModuleManager: Shutting down and abandoning module GitSourceControl (101)
[2016.01.27-15.29.55:381][126]LogModuleManager: Shutting down and abandoning module LightPropagationVolumeEditor (100)
[2016.01.27-15.29.55:381][126]LogModuleManager: Shutting down and abandoning module PaperTiledImporter (99)
[2016.01.27-15.29.55:381][126]LogModuleManager: Shutting down and abandoning module PaperSpriteSheetImporter (98)
[2016.01.27-15.29.55:382][126]LogModuleManager: Shutting down and abandoning module MeshPaint (97)
[2016.01.27-15.29.55:382][126]LogModuleManager: Shutting down and abandoning module SlateReflector (96)
[2016.01.27-15.29.55:382][126]LogModuleManager: Shutting down and abandoning module HotReload (95)
[2016.01.27-15.29.55:382][126]LogModuleManager: Shutting down and abandoning module MainFrame (94)
[2016.01.27-15.29.55:383][126]LogModuleManager: Shutting down and abandoning module LevelEditor (93)
[2016.01.27-15.29.55:384][126]LogModuleManager: Shutting down and abandoning module DirectoryWatcher (92)
[2016.01.27-15.29.55:384][126]LogModuleManager: Shutting down and abandoning module AssetRegistry (91)
[2016.01.27-15.29.55:480][126]LogModuleManager: Shutting down and abandoning module ContentBrowser (90)
[2016.01.27-15.29.55:481][126]LogModuleManager: Shutting down and abandoning module Paper2DEditor (89)
[2016.01.27-15.29.55:481][126]LogModuleManager: Shutting down and abandoning module LostAge (88)
[2016.01.27-15.29.55:482][126]LogModuleManager: Shutting down and abandoning module UdpMessaging (87)
[2016.01.27-15.29.55:582][126]LogModuleManager: Shutting down and abandoning module LightPropagationVolumeRuntime (86)
[2016.01.27-15.29.55:583][126]LogModuleManager: Shutting down and abandoning module Paper2D (85)
[2016.01.27-15.29.55:584][126]LogModuleManager: Shutting down and abandoning module WindowsMoviePlayer (84)
[2016.01.27-15.29.55:589][126]LogModuleManager: Shutting down and abandoning module Media (83)
[2016.01.27-15.29.55:590][126]LogModuleManager: Shutting down and abandoning module WmfMedia (82)
[2016.01.27-15.29.55:592][126]LogModuleManager: Shutting down and abandoning module OnlineBlueprintSupport (81)
[2016.01.27-15.29.55:593][126]LogModuleManager: Shutting down and abandoning module GameplayTasksEditor (80)
[2016.01.27-15.29.55:595][126]LogModuleManager: Shutting down and abandoning module PropertyEditor (79)
[2016.01.27-15.29.55:595][126]LogModuleManager: Shutting down and abandoning module BehaviorTreeEditor (78)
[2016.01.27-15.29.55:596][126]LogModuleManager: Shutting down and abandoning module FunctionalTesting (77)
[2016.01.27-15.29.55:596][126]LogModuleManager: Shutting down and abandoning module CollisionAnalyzer (76)
[2016.01.27-15.29.55:597][126]LogModuleManager: Shutting down and abandoning module WorkspaceMenuStructure (75)
[2016.01.27-15.29.55:597][126]LogModuleManager: Shutting down and abandoning module MessageLog (74)
[2016.01.27-15.29.55:598][126]LogModuleManager: Shutting down and abandoning module Sequencer (73)
[2016.01.27-15.29.55:599][126]LogModuleManager: Shutting down and abandoning module AssetTools (72)
[2016.01.27-15.29.55:599][126]LogModuleManager: Shutting down and abandoning module UMGEditor (71)
[2016.01.27-15.29.55:600][126]LogModuleManager: Shutting down and abandoning module UMG (70)
[2016.01.27-15.29.55:600][126]LogModuleManager: Shutting down and abandoning module Slate (69)
[2016.01.27-15.29.55:601][126]LogModuleManager: Shutting down and abandoning module EditorStyle (68)
[2016.01.27-15.29.55:605][126]LogModuleManager: Shutting down and abandoning module SessionServices (67)
[2016.01.27-15.29.55:606][126]LogModuleManager: Shutting down and abandoning module SourceCodeAccess (66)
[2016.01.27-15.29.55:607][126]LogModuleManager: Shutting down and abandoning module HeadMountedDisplay (65)
[2016.01.27-15.29.55:608][126]LogModuleManager: Shutting down and abandoning module XAudio2 (64)
[2016.01.27-15.29.55:608][126]LogModuleManager: Shutting down and abandoning module Networking (63)
[2016.01.27-15.29.55:609][126]LogModuleManager: Shutting down and abandoning module Core (62)
[2016.01.27-15.29.55:610][126]LogModuleManager: Shutting down and abandoning module KismetCompiler (61)
[2016.01.27-15.29.55:610][126]LogModuleManager: Shutting down and abandoning module PhysXFormats (60)
[2016.01.27-15.29.55:611][126]LogModuleManager: Shutting down and abandoning module MeshUtilities (59)
[2016.01.27-15.29.55:612][126]LogModuleManager: Shutting down and abandoning module CookingStats (58)
[2016.01.27-15.29.55:613][126]LogModuleManager: Shutting down and abandoning module DerivedDataCache (57)
[2016.01.27-15.29.55:786][126]LogDerivedDataCache: Shutdown
[2016.01.27-15.29.55:786][126]LogModuleManager: Shutting down and abandoning module ShaderFormatOpenGL (56)
[2016.01.27-15.29.55:787][126]LogModuleManager: Shutting down and abandoning module ShaderFormatD3D (55)
[2016.01.27-15.29.55:788][126]LogModuleManager: Shutting down and abandoning module MetalShaderFormat (54)
[2016.01.27-15.29.55:788][126]LogModuleManager: Shutting down and abandoning module TextureFormatUncompressed (53)
[2016.01.27-15.29.55:789][126]LogModuleManager: Shutting down and abandoning module TextureFormatPVR (52)
[2016.01.27-15.29.55:790][126]LogModuleManager: Shutting down and abandoning module TextureFormatIntelISPCTexComp (51)
[2016.01.27-15.29.55:790][126]LogModuleManager: Shutting down and abandoning module TextureFormatDXT (50)
[2016.01.27-15.29.55:791][126]LogModuleManager: Shutting down and abandoning module ImageWrapper (49)
[2016.01.27-15.29.55:791][126]LogModuleManager: Shutting down and abandoning module TextureFormatASTC (48)
[2016.01.27-15.29.55:792][126]LogModuleManager: Shutting down and abandoning module TextureFormatAndroid (47)
[2016.01.27-15.29.55:792][126]LogModuleManager: Shutting down and abandoning module AudioFormatOpus (46)
[2016.01.27-15.29.55:793][126]LogModuleManager: Shutting down and abandoning module AudioFormatOgg (45)
[2016.01.27-15.29.55:793][126]LogModuleManager: Shutting down and abandoning module AudioFormatADPCM (44)
[2016.01.27-15.29.55:794][126]LogModuleManager: Shutting down and abandoning module LinuxTargetPlatform (43)
[2016.01.27-15.29.55:795][126]LogModuleManager: Shutting down and abandoning module LinuxServerTargetPlatform (42)
[2016.01.27-15.29.55:795][126]LogModuleManager: Shutting down and abandoning module LinuxNoEditorTargetPlatform (41)
[2016.01.27-15.29.55:796][126]LogModuleManager: Shutting down and abandoning module Messaging (40)
[2016.01.27-15.29.55:796][126]LogModuleManager: Shutting down and abandoning module IOSTargetPlatform (39)
[2016.01.27-15.29.55:797][126]LogModuleManager: Shutting down and abandoning module HTML5TargetPlatform (38)
[2016.01.27-15.29.55:797][126]LogModuleManager: Shutting down and abandoning module Android_PVRTCTargetPlatform (37)
[2016.01.27-15.29.55:797][126]LogModuleManager: Shutting down and abandoning module Android_ETC2TargetPlatform (36)
[2016.01.27-15.29.55:798][126]LogModuleManager: Shutting down and abandoning module Android_ETC1TargetPlatform (35)
[2016.01.27-15.29.55:798][126]LogModuleManager: Shutting down and abandoning module Android_DXTTargetPlatform (34)
[2016.01.27-15.29.55:798][126]LogModuleManager: Shutting down and abandoning module Android_ATCTargetPlatform (33)
[2016.01.27-15.29.55:798][126]LogModuleManager: Shutting down and abandoning module Android_ASTCTargetPlatform (32)
[2016.01.27-15.29.55:798][126]LogModuleManager: Shutting down and abandoning module AndroidTargetPlatform (31)
[2016.01.27-15.29.55:799][126]LogModuleManager: Shutting down and abandoning module WindowsTargetPlatform (30)
[2016.01.27-15.29.55:799][126]LogModuleManager: Shutting down and abandoning module WindowsServerTargetPlatform (29)
[2016.01.27-15.29.55:799][126]LogModuleManager: Shutting down and abandoning module WindowsNoEditorTargetPlatform (28)
[2016.01.27-15.29.55:799][126]LogModuleManager: Shutting down and abandoning module WindowsClientTargetPlatform (27)
[2016.01.27-15.29.55:800][126]LogModuleManager: Shutting down and abandoning module AllDesktopTargetPlatform (26)
[2016.01.27-15.29.55:800][126]LogModuleManager: Shutting down and abandoning module TargetPlatform (25)
[2016.01.27-15.29.55:800][126]LogModuleManager: Shutting down and abandoning module InputCore (24)
[2016.01.27-15.29.55:800][126]LogModuleManager: Shutting down and abandoning module Settings (23)
[2016.01.27-15.29.55:801][126]LogModuleManager: Shutting down and abandoning module Voice (21)
[2016.01.27-15.29.55:801][126]LogModuleManager: Shutting down and abandoning module OnlineSubsystem (18)
[2016.01.27-15.29.55:801][126]LogOnline:Display: NULL: FOnlineSubsystemNull::Shutdown()
[2016.01.27-15.29.55:802][126]LogOnline:Display: Unloading online subsystem: Null
[2016.01.27-15.29.55:802][126]LogModuleManager: Shutting down and abandoning module HTTP (17)
[2016.01.27-15.29.57:804][126]LogModuleManager: Shutting down and abandoning module XMPP (16)
[2016.01.27-15.29.57:805][126]LogModuleManager: Shutting down and abandoning module ExampleDeviceProfileSelector (15)
[2016.01.27-15.29.57:806][126]LogModuleManager: Shutting down and abandoning module TextureCompressor (14)
[2016.01.27-15.29.57:807][126]LogModuleManager: Shutting down and abandoning module ShaderCore (13)
[2016.01.27-15.29.57:808][126]LogModuleManager: Shutting down and abandoning module Landscape (12)
[2016.01.27-15.29.57:809][126]LogModuleManager: Shutting down and abandoning module SlateRHIRenderer (11)
[2016.01.27-15.29.57:810][126]LogModuleManager: Shutting down and abandoning module OpenGLDrv (10)
[2016.01.27-15.29.57:811][126]LogModuleManager: Shutting down and abandoning module D3D11RHI (9)
[2016.01.27-15.29.57:812][126]LogModuleManager: Shutting down and abandoning module AnimGraphRuntime (8)
[2016.01.27-15.29.57:812][126]LogModuleManager: Shutting down and abandoning module Renderer (7)
[2016.01.27-15.29.57:813][126]LogModuleManager: Shutting down and abandoning module Engine (6)
[2016.01.27-15.29.57:813][126]LogModuleManager: Shutting down and abandoning module CoreUObject (5)
[2016.01.27-15.29.57:814][126]LogModuleManager: Shutting down and abandoning module NetworkFile (4)
[2016.01.27-15.29.57:814][126]LogModuleManager: Shutting down and abandoning module StreamingFile (3)
[2016.01.27-15.29.57:815][126]LogModuleManager: Shutting down and abandoning module SandboxFile (2)
[2016.01.27-15.29.57:815][126]LogModuleManager: Shutting down and abandoning module PakFile (1)
[2016.01.27-15.29.57:821][126]LogExit: Exiting.
[2016.01.27-15.29.57:824][126]Log file closed, 01/27/16 10:29:57
