[2016.01.26-01.34.56:491][  0]Log file open, 01/25/16 20:34:56
[2016.01.26-01.34.56:491][  0]LogInit:Display: Running engine for game: LostAge
[2016.01.26-01.34.56:492][  0]LogInit:Display: RandInit(1092929485) SRandInit(1092929485).
[2016.01.26-01.34.56:493][  0]LogTaskGraph: Started task graph with 4 named threads and 7 total threads.
[2016.01.26-01.34.56:493][  0]LogStats: Stats thread started at 0.268863
[2016.01.26-01.34.56:494][  0]LogInit: Version: 4.9.2-2707645+++depot+UE4-Releases+4.9
[2016.01.26-01.34.56:495][  0]LogInit: API Version: 2672455
[2016.01.26-01.34.56:495][  0]LogInit: Compiled (64-bit): Sep 28 2015 10:25:44
[2016.01.26-01.34.56:496][  0]LogInit: Compiled with Visual C++: 18.00.21005.01
[2016.01.26-01.34.56:496][  0]LogInit: Build Configuration: DebugGame
[2016.01.26-01.34.56:497][  0]LogInit: Branch Name: ++depot+UE4-Releases+4.9
[2016.01.26-01.34.56:497][  0]LogInit: Command line:  -debug
[2016.01.26-01.34.56:498][  0]LogInit: Base directory: C:/Program Files/Epic Games/4.9/Engine/Binaries/Win64/
[2016.01.26-01.34.56:498][  0]LogInit: Rocket: 1
[2016.01.26-01.34.56:531][  0]LogInit: Using libcurl 7.41.0
[2016.01.26-01.34.56:532][  0]LogInit:  - built for x86_64-pc-win32
[2016.01.26-01.34.56:532][  0]LogInit:  - supports SSL with WinSSL
[2016.01.26-01.34.56:532][  0]LogInit:  - other features:
[2016.01.26-01.34.56:532][  0]LogInit:      CURL_VERSION_SSL
[2016.01.26-01.34.56:532][  0]LogInit:      CURL_VERSION_IPV6
[2016.01.26-01.34.56:533][  0]LogInit:      CURL_VERSION_ASYNCHDNS
[2016.01.26-01.34.56:533][  0]LogInit:      CURL_VERSION_LARGEFILE
[2016.01.26-01.34.56:533][  0]LogInit:      CURL_VERSION_IDN
[2016.01.26-01.34.56:533][  0]LogInit:  CurlRequestOptions (configurable via config and command line):
[2016.01.26-01.34.56:534][  0]LogInit:  - bVerifyPeer = true  - Libcurl will verify peer certificate
[2016.01.26-01.34.56:534][  0]LogInit:  - bUseHttpProxy = false  - Libcurl will NOT use HTTP proxy
[2016.01.26-01.34.56:534][  0]LogInit:  - bDontReuseConnections = false  - Libcurl will reuse connections
[2016.01.26-01.34.56:534][  0]LogInit:  - CertBundlePath = nullptr  - Libcurl will use whatever was configured at build time.
[2016.01.26-01.34.56:565][  0]LogInit: Presizing for 0 objects not considered by GC, pre-allocating 0 bytes.
[2016.01.26-01.34.56:572][  0]LogInit: Object subsystem initialized
[2016.01.26-01.34.56:574][  0]LogInit: Selected Device Profile: [Windows]
[2016.01.26-01.34.56:574][  0]LogInit: Applying CVar settings loaded from the selected device profile: [Windows]
[2016.01.26-01.34.56:632][  0]LogInit: Computer: FREDERIC-PC
[2016.01.26-01.34.56:633][  0]LogInit: User: frederic
[2016.01.26-01.34.56:633][  0]LogInit: CPU Page size=4096, Cores=4
[2016.01.26-01.34.56:633][  0]LogInit: High frequency timer resolution =3.331230 MHz
[2016.01.26-01.34.56:634][  0]LogMemory: Memory total: Physical=15.9GB (16GB approx)
[2016.01.26-01.34.56:634][  0]LogMemory: Platform Memory Stats for Windows
[2016.01.26-01.34.56:634][  0]LogMemory: Process Physical Memory: 53.81 MB used, 53.81 MB peak
[2016.01.26-01.34.56:634][  0]LogMemory: Process Virtual Memory: 55.46 MB used, 55.46 MB peak
[2016.01.26-01.34.56:635][  0]LogMemory: Physical Memory: 4265.59 MB used, 16288.39 MB total
[2016.01.26-01.34.56:635][  0]LogMemory: Virtual Memory: 330.62 MB used, 8388608.00 MB total
[2016.01.26-01.34.56:851][  0]LogTextLocalizationManager: No translations for ('fr-CA') exist, falling back to 'en' for localization and internationalization data.
[2016.01.26-01.34.59:073][  0]LogD3D11RHI: Found D3D11 adapter 0: NVIDIA GeForce GTX 970 (Feature Level 11_0)
[2016.01.26-01.34.59:073][  0]LogD3D11RHI: Adapter has 4008MB of dedicated video memory, 0MB of dedicated system memory, and 7888MB of shared system memory, 1 output[s]
[2016.01.26-01.34.59:080][  0]LogD3D11RHI: Found D3D11 adapter 1: Intel(R) HD Graphics 3000 (Feature Level 10_0)
[2016.01.26-01.34.59:080][  0]LogD3D11RHI: Adapter has 64MB of dedicated video memory, 0MB of dedicated system memory, and 1632MB of shared system memory, 0 output[s]
[2016.01.26-01.34.59:080][  0]LogD3D11RHI: Chosen D3D11 Adapter Id = 0
[2016.01.26-01.34.59:084][  0]LogD3D11RHI: !Direct3DDevice
[2016.01.26-01.34.59:085][  0]LogRHI: Texture pool is 1361 MB (70% of 1945 MB)
[2016.01.26-01.34.59:132][  0]LogD3D11RHI: Async texture creation enabled
[2016.01.26-01.34.59:147][  0]LogShaderCompilers: Guid format shader working directory is 15 characters bigger than the processId version (../../../../../../Users/frederic/Documents/Unreal Projects/LostAge/Intermediate/Shaders/WorkingDirectory/6348/).
[2016.01.26-01.34.59:147][  0]LogShaderCompilers: Cleaned the shader compiler working directory '../../../../../../Users/frederic/Documents/Unreal Projects/LostAge/Intermediate/Shaders/tmp/8642A57A41DFF3ACCA57FDBFF14155CE/'.
[2016.01.26-01.34.59:147][  0]LogShaderCompilers:Display: Using Local Shader Compiler.
[2016.01.26-01.35.11:016][  0]LogTemp:Display: Loaded TP AllDesktopTargetPlatform
[2016.01.26-01.35.11:030][  0]LogTemp:Display: Loaded TP WindowsClientTargetPlatform
[2016.01.26-01.35.11:044][  0]LogTemp:Display: Loaded TP WindowsNoEditorTargetPlatform
[2016.01.26-01.35.11:059][  0]LogTemp:Display: Loaded TP WindowsServerTargetPlatform
[2016.01.26-01.35.11:073][  0]LogTemp:Display: Loaded TP WindowsTargetPlatform
[2016.01.26-01.35.11:079][  0]LogTemp:Display: Loaded TP AndroidTargetPlatform
[2016.01.26-01.35.11:085][  0]LogTemp:Display: Loaded TP Android_ASTCTargetPlatform
[2016.01.26-01.35.11:092][  0]LogTemp:Display: Loaded TP Android_ATCTargetPlatform
[2016.01.26-01.35.11:098][  0]LogTemp:Display: Loaded TP Android_DXTTargetPlatform
[2016.01.26-01.35.11:105][  0]LogTemp:Display: Loaded TP Android_ETC1TargetPlatform
[2016.01.26-01.35.11:112][  0]LogTemp:Display: Loaded TP Android_ETC2TargetPlatform
[2016.01.26-01.35.11:119][  0]LogTemp:Display: Loaded TP Android_PVRTCTargetPlatform
[2016.01.26-01.35.11:122][  0]LogTemp:Display: Loaded TP HTML5TargetPlatform
[2016.01.26-01.35.11:151][  0]LogTemp:Display: Loaded TP IOSTargetPlatform
[2016.01.26-01.35.11:157][  0]LogTemp:Display: Loaded TP LinuxNoEditorTargetPlatform
[2016.01.26-01.35.11:162][  0]LogTemp:Display: Loaded TP LinuxServerTargetPlatform
[2016.01.26-01.35.11:169][  0]LogTemp:Display: Loaded TP LinuxTargetPlatform
[2016.01.26-01.35.11:169][  0]LogTargetPlatformManager:Display: Building Assets For Windows
[2016.01.26-01.35.11:362][  0]LogDerivedDataCache:Display: Max Cache Size: 512 MB
[2016.01.26-01.35.18:964][  0]LogDerivedDataCache: Loaded boot cache 7.60s 43MB C:/Users/frederic/AppData/Local/UnrealEngine/4.9/DerivedDataCache/Boot.ddc.
[2016.01.26-01.35.18:966][  0]LogDerivedDataCache:Display: Loaded Boot cache: C:/Users/frederic/AppData/Local/UnrealEngine/4.9/DerivedDataCache/Boot.ddc
[2016.01.26-01.35.18:967][  0]LogDerivedDataCache: FDerivedDataBackendGraph:  Pak pak cache file ../../../../../../Users/frederic/Documents/Unreal Projects/LostAge/DerivedDataCache/DDC.ddp not found, will not use a pak cache.
[2016.01.26-01.35.18:967][  0]LogDerivedDataCache: Unable to find inner node Pak for hierarchical cache Hierarchy.
[2016.01.26-01.35.18:968][  0]LogDerivedDataCache: FDerivedDataBackendGraph:  CompressedPak pak cache file ../../../../../../Users/frederic/Documents/Unreal Projects/LostAge/DerivedDataCache/Compressed.ddp not found, will not use a pak cache.
[2016.01.26-01.35.18:969][  0]LogDerivedDataCache: Unable to find inner node CompressedPak for hierarchical cache Hierarchy.
[2016.01.26-01.35.20:805][  0]LogDerivedDataCache:Display: Pak cache opened for reading ../../../Engine/DerivedDataCache/Compressed.ddp.
[2016.01.26-01.35.20:818][  0]LogDerivedDataCache: Using Local data cache path C:/Users/frederic/AppData/Local/UnrealEngine/Common/DerivedDataCache: Writable
[2016.01.26-01.35.20:992][  0]LogInit: Selected Device Profile: [Windows]
[2016.01.26-01.35.20:993][  0]LogContentStreaming: Texture pool size is 0.000000MB
[2016.01.26-01.35.21:028][  0]LogMeshUtilities: No automatic mesh reduction module available
[2016.01.26-01.35.21:029][  0]LogMeshUtilities: No automatic mesh merging module available
[2016.01.26-01.35.21:414][  0]LogInit: WinSock: version 1.1 (2.2), MaxSocks=32767, MaxUdp=65467
[2016.01.26-01.35.35:074][  0]UdpMessaging: Initializing bridge on interface 0.0.0.0:0 to multicast group 230.0.0.1:6666.
[2016.01.26-01.36.27:944][  0]LogAssetRegistry: FAssetRegistry took 0.0100 seconds to start up
[2016.01.26-01.36.28:245][  0]SourceControl: Info Source control is disabled
[2016.01.26-01.36.28:246][  0]SourceControl: Info Source control is disabled
[2016.01.26-01.36.28:260][  0]SourceControl: Info Source control is disabled
[2016.01.26-01.36.28:277][  0]SourceControl: Info Source control is disabled
[2016.01.26-01.36.28:460][  0]LogLinker:Warning: Asset '../../../Engine/Plugins/Runtime/LeapMotionController/Content/LM_PassthroughMaterial.uasset' has been saved with empty engine version. The asset will be loaded but may be incompatible.
[2016.01.26-01.36.28:561][  0]LogObj: 31787 objects as part of root set at end of initial load.
[2016.01.26-01.36.28:561][  0]LogUObjectAllocator: 7251360 out of 0 bytes used by permanent object pool.
[2016.01.26-01.36.28:638][  0]LogEngine: Initializing Engine...
[2016.01.26-01.36.28:641][  0]LogHMD: Can't find Oculus library dev build: is proper Runtime installed? Version: 0.7.0.0
[2016.01.26-01.36.28:644][  0]LogHMD: SteamVR failed to initialize.  Err: 110
[2016.01.26-01.36.28:777][  0]LogAIModule: Creating AISystem for world NewWorld
[2016.01.26-01.36.28:791][  0]LogInit: XAudio2 using 'Haut-parleurs (USB PnP Sound Device)' : 2 channels at 44.1 kHz using 16 bits per sample (channel mask 0x3)
[2016.01.26-01.36.28:798][  0]LogInit: FAudioDevice initialized.
[2016.01.26-01.36.28:819][  0]LogDerivedDataCache: Saved boot cache 0.02s 42MB C:/Users/frederic/AppData/Local/UnrealEngine/4.9/DerivedDataCache/Boot.ddc.
[2016.01.26-01.36.28:825][  0]LogInit: Texture streaming: Enabled
[2016.01.26-01.36.28:841][  0]LogAnalytics: Creating configured Analytics provider AnalyticsET
[2016.01.26-01.36.28:841][  0]LogAnalytics: [UEEditor.Rocket.Release] APIServer = http://et2.epicgames.com/ET2/. AppVersion = 4.9.2-2707645+++depot+UE4-Releases+4.9
[2016.01.26-01.36.28:842][  0]LogAnalytics: [UEEditor.Rocket.Release] SetUserId c8da8d664a36a98701fe659c10ae4ff8|70626fa7f476448fb82ad9618fbbb1ab|00e7fb16-00c3-4af4-a2a1-2cc8013aae38
[2016.01.26-01.36.28:842][  0]LogAnalytics: [UEEditor.Rocket.Release] AnalyticsET::StartSession
[2016.01.26-01.36.28:858][  0]LogInit: Transaction tracking system initialized
[2016.01.26-01.36.28:951][  0]BlueprintLog: New page: Editor Load
[2016.01.26-01.36.29:309][  0]LocalizationService: Info Localization service is disabled
[2016.01.26-01.36.29:801][  0]LogLinker:Warning: Can't find file '/Game/ThirdPersonCPP/ThirdPersonOverview'
[2016.01.26-01.36.29:803][  0]LogLinker:Warning: Can't find file '/Game/ThirdPersonCPP/ThirdPersonOverview'
[2016.01.26-01.36.29:803][  0]LogUObjectGlobals:Warning: Failed to find object 'Class /Game/ThirdPersonCPP/ThirdPersonOverview.ThirdPersonOverview_C'
[2016.01.26-01.36.29:857][  0]LogConsoleResponse:Display: 
[2016.01.26-01.36.32:237][  0]LogCook:Display: Done creating registry. It took  0.00s.
[2016.01.26-01.36.32:483][  0]LogFileCache: Scanning file cache for directory 'C:/Users/frederic/Documents/Unreal Projects/LostAge/Content/' took 0.01s
[2016.01.26-01.36.32:484][  0]SourceControl: Info Source control is disabled
[2016.01.26-01.36.32:485][  0]Cmd: MAP LOAD FILE="../../../../../../Users/frederic/Documents/Unreal Projects/LostAge/Content/FirstPersonCPP/Maps/MainMenu.umap" TEMPLATE=0 SHOWPROGRESS=1 FEATURELEVEL=3
[2016.01.26-01.36.32:509][  0]LightingResults: New page: Lighting Build
[2016.01.26-01.36.32:514][  0]MapCheck: New page: Map Check
[2016.01.26-01.36.32:514][  0]LightingResults: New page: Lighting Build
[2016.01.26-01.36.32:525][  0]LogParticles: Destroying 0 GPU particle simulations for FXSystem 0x000000002423A480
[2016.01.26-01.36.32:529][  0]LogAIModule: Creating AISystem for world MainMenu
[2016.01.26-01.36.32:531][  0]LogEditorServer