[2016.01.27-12.11.41:092][  0]Log file open, 01/27/16 07:11:41
[2016.01.27-12.11.41:092][  0]LogInit:Display: Running engine for game: LostAge
[2016.01.27-12.11.41:092][  0]LogInit:Display: RandInit(1862990049) SRandInit(1862990049).
[2016.01.27-12.11.41:092][  0]LogTaskGraph: Started task graph with 4 named threads and 7 total threads.
[2016.01.27-12.11.41:093][  0]LogStats: Stats thread started at 0.146240
[2016.01.27-12.11.41:093][  0]LogInit: Version: 4.9.2-2707645+++depot+UE4-Releases+4.9
[2016.01.27-12.11.41:093][  0]LogInit: API Version: 2672455
[2016.01.27-12.11.41:093][  0]LogInit: Compiled (64-bit): Sep 28 2015 10:25:44
[2016.01.27-12.11.41:094][  0]LogInit: Compiled with Visual C++: 18.00.21005.01
[2016.01.27-12.11.41:094][  0]LogInit: Build Configuration: Development
[2016.01.27-12.11.41:094][  0]LogInit: Branch Name: ++depot+UE4-Releases+4.9
[2016.01.27-12.11.41:094][  0]LogInit: Command line: 
[2016.01.27-12.11.41:095][  0]LogInit: Base directory: C:/Program Files/Epic Games/4.9/Engine/Binaries/Win64/
[2016.01.27-12.11.41:095][  0]LogInit: Rocket: 1
[2016.01.27-12.11.41:149][  0]LogInit: Using libcurl 7.41.0
[2016.01.27-12.11.41:149][  0]LogInit:  - built for x86_64-pc-win32
[2016.01.27-12.11.41:150][  0]LogInit:  - supports SSL with WinSSL
[2016.01.27-12.11.41:150][  0]LogInit:  - other features:
[2016.01.27-12.11.41:150][  0]LogInit:      CURL_VERSION_SSL
[2016.01.27-12.11.41:150][  0]LogInit:      CURL_VERSION_IPV6
[2016.01.27-12.11.41:150][  0]LogInit:      CURL_VERSION_ASYNCHDNS
[2016.01.27-12.11.41:151][  0]LogInit:      CURL_VERSION_LARGEFILE
[2016.01.27-12.11.41:151][  0]LogInit:      CURL_VERSION_IDN
[2016.01.27-12.11.41:151][  0]LogInit:  CurlRequestOptions (configurable via config and command line):
[2016.01.27-12.11.41:151][  0]LogInit:  - bVerifyPeer = true  - Libcurl will verify peer certificate
[2016.01.27-12.11.41:152][  0]LogInit:  - bUseHttpProxy = false  - Libcurl will NOT use HTTP proxy
[2016.01.27-12.11.41:152][  0]LogInit:  - bDontReuseConnections = false  - Libcurl will reuse connections
[2016.01.27-12.11.41:152][  0]LogInit:  - CertBundlePath = nullptr  - Libcurl will use whatever was configured at build time.
[2016.01.27-12.11.41:207][  0]LogInit: WinSock: version 1.1 (2.2), MaxSocks=32767, MaxUdp=65467
[2016.01.27-12.11.41:219][  0]LogVoice:Warning: Failed to initialize voice interface
[2016.01.27-12.11.41:224][  0]LogInit: Presizing for 0 objects not considered by GC, pre-allocating 0 bytes.
[2016.01.27-12.11.41:232][  0]LogInit: Object subsystem initialized
[2016.01.27-12.11.41:234][  0]LogInit: Selected Device Profile: [Windows]
[2016.01.27-12.11.41:234][  0]LogInit: Applying CVar settings loaded from the selected device profile: [Windows]
[2016.01.27-12.11.41:242][  0]LogInit: Computer: FREDERIC-PC
[2016.01.27-12.11.41:242][  0]LogInit: User: frederic
[2016.01.27-12.11.41:242][  0]LogInit: CPU Page size=4096, Cores=4
[2016.01.27-12.11.41:243][  0]LogInit: High frequency timer resolution =3.331220 MHz
[2016.01.27-12.11.41:243][  0]LogMemory: Memory total: Physical=15.9GB (16GB approx)
[2016.01.27-12.11.41:244][  0]LogMemory: Platform Memory Stats for Windows
[2016.01.27-12.11.41:244][  0]LogMemory: Process Physical Memory: 54.48 MB used, 54.48 MB peak
[2016.01.27-12.11.41:244][  0]LogMemory: Process Virtual Memory: 55.72 MB used, 55.72 MB peak
[2016.01.27-12.11.41:244][  0]LogMemory: Physical Memory: 5377.74 MB used, 16288.39 MB total
[2016.01.27-12.11.41:245][  0]LogMemory: Virtual Memory: 337.63 MB used, 8388608.00 MB total
[2016.01.27-12.11.41:314][  0]LogTextLocalizationManager: No translations for ('fr-CA') exist, falling back to 'en' for localization and internationalization data.
[2016.01.27-12.11.41:958][  0]LogD3D11RHI: Found D3D11 adapter 0: NVIDIA GeForce GTX 970 (Feature Level 11_0)
[2016.01.27-12.11.41:959][  0]LogD3D11RHI: Adapter has 4008MB of dedicated video memory, 0MB of dedicated system memory, and 7888MB of shared system memory, 1 output[s]
[2016.01.27-12.11.41:967][  0]LogD3D11RHI: Found D3D11 adapter 1: Intel(R) HD Graphics 3000 (Feature Level 10_0)
[2016.01.27-12.11.41:968][  0]LogD3D11RHI: Adapter has 64MB of dedicated video memory, 0MB of dedicated system memory, and 1632MB of shared system memory, 0 output[s]
[2016.01.27-12.11.41:968][  0]LogD3D11RHI: Chosen D3D11 Adapter Id = 0
[2016.01.27-12.11.41:973][  0]LogD3D11RHI: !Direct3DDevice
[2016.01.27-12.11.41:973][  0]LogRHI: Texture pool is 1361 MB (70% of 1945 MB)
[2016.01.27-12.11.42:004][  0]LogD3D11RHI: Async texture creation enabled
[2016.01.27-12.11.42:018][  0]LogShaderCompilers: Guid format shader working directory is 15 characters bigger than the processId version (../../../../../../Users/frederic/Documents/Unreal Projects/LostAge/Intermediate/Shaders/WorkingDirectory/6112/).
[2016.01.27-12.11.42:019][  0]LogShaderCompilers: Cleaned the shader compiler working directory '../../../../../../Users/frederic/Documents/Unreal Projects/LostAge/Intermediate/Shaders/tmp/C03C93CF4D317D525E9DD79342C86E3D/'.
[2016.01.27-12.11.42:019][  0]LogShaderCompilers:Display: Using Local Shader Compiler.
[2016.01.27-12.11.43:166][  0]LogTemp:Display: Loaded TP AllDesktopTargetPlatform
[2016.01.27-12.11.43:180][  0]LogTemp:Display: Loaded TP WindowsClientTargetPlatform
[2016.01.27-12.11.43:195][  0]LogTemp:Display: Loaded TP WindowsNoEditorTargetPlatform
[2016.01.27-12.11.43:210][  0]LogTemp:Display: Loaded TP WindowsServerTargetPlatform
[2016.01.27-12.11.43:225][  0]LogTemp:Display: Loaded TP WindowsTargetPlatform
[2016.01.27-12.11.43:233][  0]LogTemp:Display: Loaded TP AndroidTargetPlatform
[2016.01.27-12.11.43:239][  0]LogTemp:Display: Loaded TP Android_ASTCTargetPlatform
[2016.01.27-12.11.43:247][  0]LogTemp:Display: Loaded TP Android_ATCTargetPlatform
[2016.01.27-12.11.43:254][  0]LogTemp:Display: Loaded TP Android_DXTTargetPlatform
[2016.01.27-12.11.43:261][  0]LogTemp:Display: Loaded TP Android_ETC1TargetPlatform
[2016.01.27-12.11.43:268][  0]LogTemp:Display: Loaded TP Android_ETC2TargetPlatform
[2016.01.27-12.11.43:274][  0]LogTemp:Display: Loaded TP Android_PVRTCTargetPlatform
[2016.01.27-12.11.43:278][  0]LogTemp:Display: Loaded TP HTML5TargetPlatform
[2016.01.27-12.11.43:308][  0]LogTemp:Display: Loaded TP IOSTargetPlatform
[2016.01.27-12.11.43:314][  0]LogTemp:Display: Loaded TP LinuxNoEditorTargetPlatform
[2016.01.27-12.11.43:320][  0]LogTemp:Display: Loaded TP LinuxServerTargetPlatform
[2016.01.27-12.11.43:328][  0]LogTemp:Display: Loaded TP LinuxTargetPlatform
[2016.01.27-12.11.43:328][  0]LogTargetPlatformManager:Display: Building Assets For Windows
[2016.01.27-12.11.43:524][  0]LogDerivedDataCache:Display: Max Cache Size: 512 MB
[2016.01.27-12.11.43:569][  0]LogDerivedDataCache: Loaded boot cache 0.04s 42MB C:/Users/frederic/AppData/Local/UnrealEngine/4.9/DerivedDataCache/Boot.ddc.
[2016.01.27-12.11.43:569][  0]LogDerivedDataCache:Display: Loaded Boot cache: C:/Users/frederic/AppData/Local/UnrealEngine/4.9/DerivedDataCache/Boot.ddc
[2016.01.27-12.11.43:569][  0]LogDerivedDataCache: FDerivedDataBackendGraph:  Pak pak cache file ../../../../../../Users/frederic/Documents/Unreal Projects/LostAge/DerivedDataCache/DDC.ddp not found, will not use a pak cache.
[2016.01.27-12.11.43:570][  0]LogDerivedDataCache: Unable to find inner node Pak for hierarchical cache Hierarchy.
[2016.01.27-12.11.43:570][  0]LogDerivedDataCache: FDerivedDataBackendGraph:  CompressedPak pak cache file ../../../../../../Users/frederic/Documents/Unreal Projects/LostAge/DerivedDataCache/Compressed.ddp not found, will not use a pak cache.
[2016.01.27-12.11.43:570][  0]LogDerivedDataCache: Unable to find inner node CompressedPak for hierarchical cache Hierarchy.
[2016.01.27-12.11.43:711][  0]LogDerivedDataCache:Display: Pak cache opened for reading ../../../Engine/DerivedDataCache/Compressed.ddp.
[2016.01.27-12.11.43:723][  0]LogDerivedDataCache: Using Local data cache path C:/Users/frederic/AppData/Local/UnrealEngine/Common/DerivedDataCache: Writable
[2016.01.27-12.11.43:902][  0]LogInit: Selected Device Profile: [Windows]
[2016.01.27-12.11.43:903][  0]LogContentStreaming: Texture pool size is 0.000000MB
[2016.01.27-12.11.43:938][  0]LogMeshUtilities: No automatic mesh reduction module available
[2016.01.27-12.11.43:939][  0]LogMeshUtilities: No automatic mesh merging module available
[2016.01.27-12.11.45:273][  0]UdpMessaging: Initializing bridge on interface 0.0.0.0:0 to multicast group 230.0.0.1:6666.
[2016.01.27-12.11.45:617][  0]LogAssetRegistry: FAssetRegistry took 0.0101 seconds to start up
[2016.01.27-12.11.45:924][  0]SourceControl: Info Source control is disabled
[2016.01.27-12.11.45:925][  0]SourceControl: Info Source control is disabled
[2016.01.27-12.11.45:940][  0]SourceControl: Info Source control is disabled
[2016.01.27-12.11.45:959][  0]SourceControl: Info Source control is disabled
[2016.01.27-12.11.46:136][  0]LogLinker:Warning: Asset '../../../Engine/Plugins/Runtime/LeapMotionController/Content/LM_PassthroughMaterial.uasset' has been saved with empty engine version. The asset will be loaded but may be incompatible.
[2016.01.27-12.11.46:237][  0]LogObj: 31792 objects as part of root set at end of initial load.
[2016.01.27-12.11.46:238][  0]LogUObjectAllocator: 7252928 out of 0 bytes used by permanent object pool.
[2016.01.27-12.11.46:316][  0]LogEngine: Initializing Engine...
[2016.01.27-12.11.46:319][  0]LogHMD: Can't find Oculus library dev build: is proper Runtime installed? Version: 0.7.0.0
[2016.01.27-12.11.46:321][  0]LogHMD: SteamVR failed to initialize.  Err: 110
[2016.01.27-12.11.46:458][  0]LogAIModule: Creating AISystem for world NewWorld
[2016.01.27-12.11.46:473][  0]LogInit: XAudio2 using 'Haut-parleurs (USB PnP Sound Device)' : 2 channels at 44.1 kHz using 16 bits per sample (channel mask 0x3)
[2016.01.27-12.11.46:480][  0]LogInit: FAudioDevice initialized.
[2016.01.27-12.11.46:501][  0]LogDerivedDataCache: Saved boot cache 0.02s 42MB C:/Users/frederic/AppData/Local/UnrealEngine/4.9/DerivedDataCache/Boot.ddc.
[2016.01.27-12.11.46:507][  0]LogInit: Texture streaming: Enabled
[2016.01.27-12.11.46:523][  0]LogAnalytics: Creating configured Analytics provider AnalyticsET
[2016.01.27-12.11.46:523][  0]LogAnalytics: [UEEditor.Rocket.Release] APIServer = http://et2.epicgames.com/ET2/. AppVersion = 4.9.2-2707645+++depot+UE4-Releases+4.9
[2016.01.27-12.11.46:524][  0]LogAnalytics: [UEEditor.Rocket.Release] SetUserId c8da8d664a36a98701fe659c10ae4ff8|70626fa7f476448fb82ad9618fbbb1ab|00e7fb16-00c3-4af4-a2a1-2cc8013aae38
[2016.01.27-12.11.46:524][  0]LogAnalytics: [UEEditor.Rocket.Release] AnalyticsET::StartSession
[2016.01.27-12.11.46:541][  0]LogInit: Transaction tracking system initialized
[2016.01.27-12.11.46:636][  0]BlueprintLog: New page: Editor Load
[2016.01.27-12.11.46:994][  0]LocalizationService: Info Localization service is disabled
[2016.01.27-12.11.47:143][  0]LogLinker:Warning: Can't find file '/Game/ThirdPersonCPP/ThirdPersonOverview'
[2016.01.27-12.11.47:144][  0]LogLinker:Warning: Can't find file '/Game/ThirdPersonCPP/ThirdPersonOverview'
[2016.01.27-12.11.47:144][  0]LogUObjectGlobals:Warning: Failed to find object 'Class /Game/ThirdPersonCPP/ThirdPersonOverview.ThirdPersonOverview_C'
[2016.01.27-12.11.47:173][  0]LogConsoleResponse:Display: 
[2016.01.27-12.11.47:289][  0]LogCook:Display: Done creating registry. It took  0.00s.
[2016.01.27-12.11.47:425][  0]LogFileCache: Scanning file cache for directory 'C:/Users/frederic/Documents/Unreal Projects/LostAge/Content/' took 0.01s
[2016.01.27-12.11.47:445][  0]SourceControl: Info Source control is disabled
[2016.01.27-12.11.47:445][  0]Cmd: MAP LOAD FILE="../../../../../../Users/frederic/Documents/Unreal Projects/LostAge/Content/FirstPersonCPP/Maps/MainMenu.umap" TEMPLATE=0 SHOWPROGRESS=1 FEATURELEVEL=3
[2016.01.27-12.11.47:446][  0]LightingResults: New page: Lighting Build
[2016.01.27-12.11.47:451][  0]MapCheck: New page: Map Check
[2016.01.27-12.11.47:451][  0]LightingResults: New page: Lighting Build
[2016.01.27-12.11.47:463][  0]LogParticles: Destroying 0 GPU particle simulations for FXSystem 0x00000000234AA160
[2016.01.27-12.11.47:468][  0]LogAIModule: Creating AISystem for world MainMenu
[2016.01.27-12.11.47:469][  0]LogEditorServer: Finished looking for orphan Actors (0.000 secs)
[2016.01.27-12.11.47:470][  0]Cmd: MAP CHECKDEP NOCLEARLOG
[2016.01.27-12.11.47:513][  0]MapCheck: Info Map check complete: 0 Error(s), 0 Warning(s), took 42.603ms to complete.
[2016.01.27-12.11.47:513][  0]LogFileHelpers: Loading map 'MainMenu' took 0.068
[2016.01.27-12.11.47:613][  0]LogCollectionManager: Loaded 0 collections in 0.002239 seconds
[2016.01.27-12.11.47:658][  0]LogFileCache: Scanning file cache for directory 'C:/Users/frederic/Documents/Unreal Projects/LostAge/Saved/Collections/' took 0.01s
[2016.01.27-12.11.47:659][  0]LogFileCache: Scanning file cache for directory 'C:/Users/frederic/Documents/Unreal Projects/LostAge/Content/Developers/frederic/Collections/' took 0.01s
[2016.01.27-12.11.47:659][  0]LogFileCache: Scanning file cache for directory 'C:/Users/frederic/Documents/Unreal Projects/LostAge/Content/Collections/' took 0.01s
[2016.01.27-12.11.47:660][  0]LogContentBrowser: Native class hierarchy populated in 0.0084 seconds. Added 1875 classes and 335 folders.
[2016.01.27-12.11.47:668][  0]LogCollectionManager: Rebuilt the GUID cache for 0 collections in 0.000002 seconds
[2016.01.27-12.11.47:682][  0]LogContentBrowser: Native class hierarchy updated for 'WidgetCarousel' in 0.0029 seconds. Added 0 classes and 0 folders.
[2016.01.27-12.11.47:742][  0]LogContentBrowser: Native class hierarchy updated for 'AddContentDialog' in 0.0018 seconds. Added 0 classes and 0 folders.
[2016.01.27-12.11.47:762][  0]LogContentBrowser: Native class hierarchy updated for 'SceneOutliner' in 0.0019 seconds. Added 1 classes and 2 folders.
[2016.01.27-12.11.47:793][  0]LogCrashTracker: Crashtracker disabled due to settings.
[2016.01.27-12.11.47:797][  0]LogUObjectGlobals:Warning: Failed to find object 'Class None.'
[2016.01.27-12.11.47:818][  0]LogLoad: Full Startup: 7.67 seconds (BP compile: 0.03 seconds)
[2016.01.27-12.11.47:903][  0]LogContentStreaming: Texture pool size now 1000 MB
[2016.01.27-12.11.48:023][  0]LogRenderer: Reallocating scene render targets to support 1208x556 (Frame:2).
[2016.01.27-12.11.48:216][  3]LogAssetRegistry: Asset discovery search completed in 2.6085 seconds
[2016.01.27-12.11.48:217][  3]LogCollectionManager: Rebuilt the object cache for 0 collections in 0.000001 seconds (found 0 objects)
[2016.01.27-12.11.48:217][  3]LogCollectionManager: Fixed up redirectors for 0 collections in 0.000760 seconds (updated 0 objects)
[2016.01.27-12.11.55:573][872]LogPlayLevel: PlayLevel: No blueprints needed recompiling
[2016.01.27-12.11.55:574][872]PIE: New page: PIE session: MainMenu (Jan 27, 2016, 2:11:55 AM)
[2016.01.27-12.11.55:630][872]LogPlayLevel: Creating play world package: /Game/FirstPersonCPP/Maps/UEDPIE_0_MainMenu
[2016.01.27-12.11.55:631][872]LogPlayLevel: PIE: StaticDuplicateObject took: (0.000474s)
[2016.01.27-12.11.55:632][872]LogAIModule: Creating AISystem for world MainMenu
[2016.01.27-12.11.55:632][872]LogPlayLevel: PIE: World Init took: (0.001012s)
[2016.01.27-12.11.55:633][872]LogPlayLevel: PIE: Created PIE world by copying editor world from /Game/FirstPersonCPP/Maps/MainMenu.MainMenu to /Game/FirstPersonCPP/Maps/UEDPIE_0_MainMenu.MainMenu (0.002910s)
[2016.01.27-12.11.55:633][872]LogActorComponent: UnregisterComponent: (/Engine/Transient.CharMoveComp) Not registered. Aborting.
[2016.01.27-12.11.55:654][872]LogInit: XAudio2 using 'Haut-parleurs (USB PnP Sound Device)' : 2 channels at 44.1 kHz using 16 bits per sample (channel mask 0x3)
[2016.01.27-12.11.55:657][872]LogInit: FAudioDevice initialized.
[2016.01.27-12.11.55:754][872]LogWorld: Game class is 'GameModeBP_C'
[2016.01.27-12.11.55:756][872]LogWorld: Bringing World /Game/FirstPersonCPP/Maps/UEDPIE_0_MainMenu.MainMenu up for play (max tick rate 0) at 2016.01.27-07.11.55
[2016.01.27-12.11.55:757][872]LogActor:Warning: GameSession /Game/FirstPersonCPP/Maps/UEDPIE_0_MainMenu.MainMenu:PersistentLevel.GameSession_0 has natively added scene component(s), but none of them were s