[2016.01.27-15.35.47:446][  0]Log file open, 01/27/16 10:35:47
[2016.01.27-15.35.47:446][  0]LogInit:Display: Running engine for game: LostAge
[2016.01.27-15.35.47:446][  0]LogInit:Display: RandInit(-291873354) SRandInit(-291873354).
[2016.01.27-15.35.47:446][  0]LogTaskGraph: Started task graph with 4 named threads and 7 total threads.
[2016.01.27-15.35.47:446][  0]LogStats: Stats thread started at 0.159107
[2016.01.27-15.35.47:447][  0]LogInit: Version: 4.9.2-2707645+++depot+UE4-Releases+4.9
[2016.01.27-15.35.47:447][  0]LogInit: API Version: 2672455
[2016.01.27-15.35.47:447][  0]LogInit: Compiled (64-bit): Sep 28 2015 10:25:44
[2016.01.27-15.35.47:447][  0]LogInit: Compiled with Visual C++: 18.00.21005.01
[2016.01.27-15.35.47:447][  0]LogInit: Build Configuration: Development
[2016.01.27-15.35.47:448][  0]LogInit: Branch Name: ++depot+UE4-Releases+4.9
[2016.01.27-15.35.47:448][  0]LogInit: Command line: 
[2016.01.27-15.35.47:448][  0]LogInit: Base directory: C:/Program Files/Epic Games/4.9/Engine/Binaries/Win64/
[2016.01.27-15.35.47:448][  0]LogInit: Rocket: 1
[2016.01.27-15.35.47:500][  0]LogInit: Using libcurl 7.41.0
[2016.01.27-15.35.47:501][  0]LogInit:  - built for x86_64-pc-win32
[2016.01.27-15.35.47:501][  0]LogInit:  - supports SSL with WinSSL
[2016.01.27-15.35.47:501][  0]LogInit:  - other features:
[2016.01.27-15.35.47:501][  0]LogInit:      CURL_VERSION_SSL
[2016.01.27-15.35.47:501][  0]LogInit:      CURL_VERSION_IPV6
[2016.01.27-15.35.47:502][  0]LogInit:      CURL_VERSION_ASYNCHDNS
[2016.01.27-15.35.47:502][  0]LogInit:      CURL_VERSION_LARGEFILE
[2016.01.27-15.35.47:502][  0]LogInit:      CURL_VERSION_IDN
[2016.01.27-15.35.47:502][  0]LogInit:  CurlRequestOptions (configurable via config and command line):
[2016.01.27-15.35.47:503][  0]LogInit:  - bVerifyPeer = true  - Libcurl will verify peer certificate
[2016.01.27-15.35.47:503][  0]LogInit:  - bUseHttpProxy = false  - Libcurl will NOT use HTTP proxy
[2016.01.27-15.35.47:503][  0]LogInit:  - bDontReuseConnections = false  - Libcurl will reuse connections
[2016.01.27-15.35.47:503][  0]LogInit:  - CertBundlePath = nullptr  - Libcurl will use whatever was configured at build time.
[2016.01.27-15.35.47:553][  0]LogInit: WinSock: version 1.1 (2.2), MaxSocks=32767, MaxUdp=65467
[2016.01.27-15.35.47:565][  0]LogVoice:Warning: Failed to initialize voice interface
[2016.01.27-15.35.47:572][  0]LogInit: Presizing for 0 objects not considered by GC, pre-allocating 0 bytes.
[2016.01.27-15.35.47:579][  0]LogInit: Object subsystem initialized
[2016.01.27-15.35.47:581][  0]LogInit: Selected Device Profile: [Windows]
[2016.01.27-15.35.47:581][  0]LogInit: Applying CVar settings loaded from the selected device profile: [Windows]
[2016.01.27-15.35.47:588][  0]LogInit: Computer: FREDERIC-PC
[2016.01.27-15.35.47:589][  0]LogInit: User: frederic
[2016.01.27-15.35.47:589][  0]LogInit: CPU Page size=4096, Cores=4
[2016.01.27-15.35.47:589][  0]LogInit: High frequency timer resolution =3.331220 MHz
[2016.01.27-15.35.47:590][  0]LogMemory: Memory total: Physical=15.9GB (16GB approx)
[2016.01.27-15.35.47:590][  0]LogMemory: Platform Memory Stats for Windows
[2016.01.27-15.35.47:590][  0]LogMemory: Process Physical Memory: 54.57 MB used, 54.57 MB peak
[2016.01.27-15.35.47:590][  0]LogMemory: Process Virtual Memory: 55.73 MB used, 55.73 MB peak
[2016.01.27-15.35.47:591][  0]LogMemory: Physical Memory: 7364.65 MB used, 16288.39 MB total
[2016.01.27-15.35.47:591][  0]LogMemory: Virtual Memory: 337.63 MB used, 8388608.00 MB total
[2016.01.27-15.35.47:656][  0]LogTextLocalizationManager: No translations for ('fr-CA') exist, falling back to 'en' for localization and internationalization data.
[2016.01.27-15.35.48:416][  0]LogD3D11RHI: Found D3D11 adapter 0: NVIDIA GeForce GTX 970 (Feature Level 11_0)
[2016.01.27-15.35.48:416][  0]LogD3D11RHI: Adapter has 4008MB of dedicated video memory, 0MB of dedicated system memory, and 7888MB of shared system memory, 1 output[s]
[2016.01.27-15.35.48:424][  0]LogD3D11RHI: Found D3D11 adapter 1: Intel(R) HD Graphics 3000 (Feature Level 10_0)
[2016.01.27-15.35.48:424][  0]LogD3D11RHI: Adapter has 64MB of dedicated video memory, 0MB of dedicated system memory, and 1632MB of shared system memory, 0 output[s]
[2016.01.27-15.35.48:425][  0]LogD3D11RHI: Chosen D3D11 Adapter Id = 0
[2016.01.27-15.35.48:429][  0]LogD3D11RHI: !Direct3DDevice
[2016.01.27-15.35.48:429][  0]LogRHI: Texture pool is 1361 MB (70% of 1945 MB)
[2016.01.27-15.35.48:476][  0]LogD3D11RHI: Async texture creation enabled
[2016.01.27-15.35.48:491][  0]LogShaderCompilers: Guid format shader working directory is 15 characters bigger than the processId version (../../../../../../Users/frederic/Documents/Unreal Projects/LostAge/Intermediate/Shaders/WorkingDirectory/7140/).
[2016.01.27-15.35.48:491][  0]LogShaderCompilers: Cleaned the shader compiler working directory '../../../../../../Users/frederic/Documents/Unreal Projects/LostAge/Intermediate/Shaders/tmp/DCFA9249437D480E192A8684693F48ED/'.
[2016.01.27-15.35.48:492][  0]LogShaderCompilers:Display: Using Local Shader Compiler.
[2016.01.27-15.35.49:612][  0]LogTemp:Display: Loaded TP AllDesktopTargetPlatform
[2016.01.27-15.35.49:625][  0]LogTemp:Display: Loaded TP WindowsClientTargetPlatform
[2016.01.27-15.35.49:639][  0]LogTemp:Display: Loaded TP WindowsNoEditorTargetPlatform
[2016.01.27-15.35.49:652][  0]LogTemp:Display: Loaded TP WindowsServerTargetPlatform
[2016.01.27-15.35.49:665][  0]LogTemp:Display: Loaded TP WindowsTargetPlatform
[2016.01.27-15.35.49:672][  0]LogTemp:Display: Loaded TP AndroidTargetPlatform
[2016.01.27-15.35.49:679][  0]LogTemp:Display: Loaded TP Android_ASTCTargetPlatform
[2016.01.27-15.35.49:686][  0]LogTemp:Display: Loaded TP Android_ATCTargetPlatform
[2016.01.27-15.35.49:692][  0]LogTemp:Display: Loaded TP Android_DXTTargetPlatform
[2016.01.27-15.35.49:699][  0]LogTemp:Display: Loaded TP Android_ETC1TargetPlatform
[2016.01.27-15.35.49:706][  0]LogTemp:Display: Loaded TP Android_ETC2TargetPlatform
[2016.01.27-15.35.49:713][  0]LogTemp:Display: Loaded TP Android_PVRTCTargetPlatform
[2016.01.27-15.35.49:716][  0]LogTemp:Display: Loaded TP HTML5TargetPlatform
[2016.01.27-15.35.49:745][  0]LogTemp:Display: Loaded TP IOSTargetPlatform
[2016.01.27-15.35.49:751][  0]LogTemp:Display: Loaded TP LinuxNoEditorTargetPlatform
[2016.01.27-15.35.49:757][  0]LogTemp:Display: Loaded TP LinuxServerTargetPlatform
[2016.01.27-15.35.49:763][  0]LogTemp:Display: Loaded TP LinuxTargetPlatform
[2016.01.27-15.35.49:764][  0]LogTargetPlatformManager:Display: Building Assets For Windows
[2016.01.27-15.35.49:950][  0]LogDerivedDataCache:Display: Max Cache Size: 512 MB
[2016.01.27-15.35.49:992][  0]LogDerivedDataCache: Loaded boot cache 0.04s 42MB C:/Users/frederic/AppData/Local/UnrealEngine/4.9/DerivedDataCache/Boot.ddc.
[2016.01.27-15.35.49:993][  0]LogDerivedDataCache:Display: Loaded Boot cache: C:/Users/frederic/AppData/Local/UnrealEngine/4.9/DerivedDataCache/Boot.ddc
[2016.01.27-15.35.49:993][  0]LogDerivedDataCache: FDerivedDataBackendGraph:  Pak pak cache file ../../../../../../Users/frederic/Documents/Unreal Projects/LostAge/DerivedDataCache/DDC.ddp not found, will not use a pak cache.
[2016.01.27-15.35.49:993][  0]LogDerivedDataCache: Unable to find inner node Pak for hierarchical cache Hierarchy.
[2016.01.27-15.35.49:994][  0]LogDerivedDataCache: FDerivedDataBackendGraph:  CompressedPak pak cache file ../../../../../../Users/frederic/Documents/Unreal Projects/LostAge/DerivedDataCache/Compressed.ddp not found, will not use a pak cache.
[2016.01.27-15.35.49:994][  0]LogDerivedDataCache: Unable to find inner node CompressedPak for hierarchical cache Hierarchy.
[2016.01.27-15.35.50:133][  0]LogDerivedDataCache:Display: Pak cache opened for reading ../../../Engine/DerivedDataCache/Compressed.ddp.
[2016.01.27-15.35.50:146][  0]LogDerivedDataCache: Using Local data cache path C:/Users/frederic/AppData/Local/UnrealEngine/Common/DerivedDataCache: Writable
[2016.01.27-15.35.50:321][  0]LogInit: Selected Device Profile: [Windows]
[2016.01.27-15.35.50:322][  0]LogContentStreaming: Texture pool size is 0.000000MB
[2016.01.27-15.35.50:355][  0]LogMeshUtilities: No automatic mesh reduction module available
[2016.01.27-15.35.50:356][  0]LogMeshUtilities: No automatic mesh merging module available
[2016.01.27-15.35.51:619][  0]UdpMessaging: Initializing bridge on interface 0.0.0.0:0 to multicast group 230.0.0.1:6666.
[2016.01.27-15.35.51:962][  0]LogAssetRegistry: FAssetRegistry took 0.0100 seconds to start up
[2016.01.27-15.35.52:255][  0]SourceControl: Info Source control is disabled
[2016.01.27-15.35.52:256][  0]SourceControl: Info Source control is disabled
[2016.01.27-15.35.52:271][  0]SourceControl: Info Source control is disabled
[2016.01.27-15.35.52:289][  0]SourceControl: Info Source control is disabled
[2016.01.27-15.35.52:470][  0]LogLinker:Warning: Asset '../../../Engine/Plugins/Runtime/LeapMotionController/Content/LM_PassthroughMaterial.uasset' has been saved with empty engine version. The asset will be loaded but may be incompatible.
[2016.01.27-15.35.52:569][  0]LogObj: 31792 objects as part of root set at end of initial load.
[2016.01.27-15.35.52:570][  0]LogUObjectAllocator: 7252928 out of 0 bytes used by permanent object pool.
[2016.01.27-15.35.52:643][  0]LogEngine: Initializing Engine...
[2016.01.27-15.35.52:646][  0]LogHMD: Can't find Oculus library dev build: is proper Runtime installed? Version: 0.7.0.0
[2016.01.27-15.35.52:648][  0]LogHMD: SteamVR failed to initialize.  Err: 110
[2016.01.27-15.35.52:779][  0]LogAIModule: Creating AISystem for world NewWorld
[2016.01.27-15.35.52:795][  0]LogInit: XAudio2 using 'Haut-parleurs (USB PnP Sound Device)' : 2 channels at 44.1 kHz using 16 bits per sample (channel mask 0x3)
[2016.01.27-15.35.52:803][  0]LogInit: FAudioDevice initialized.
[2016.01.27-15.35.52:823][  0]LogDerivedDataCache: Saved boot cache 0.02s 42MB C:/Users/frederic/AppData/Local/UnrealEngine/4.9/DerivedDataCache/Boot.ddc.
[2016.01.27-15.35.52:829][  0]LogInit: Texture streaming: Enabled
[2016.01.27-15.35.52:843][  0]LogAnalytics: Creating configured Analytics provider AnalyticsET
[2016.01.27-15.35.52:843][  0]LogAnalytics: [UEEditor.Rocket.Release] APIServer = http://et2.epicgames.com/ET2/. AppVersion = 4.9.2-2707645+++depot+UE4-Releases+4.9
[2016.01.27-15.35.52:843][  0]LogAnalytics: [UEEditor.Rocket.Release] SetUserId c8da8d664a36a98701fe659c10ae4ff8|70626fa7f476448fb82ad9618fbbb1ab|00e7fb16-00c3-4af4-a2a1-2cc8013aae38
[2016.01.27-15.35.52:844][  0]LogAnalytics: [UEEditor.Rocket.Release] AnalyticsET::StartSession
[2016.01.27-15.35.52:859][  0]LogInit: Transaction tracking system initialized
[2016.01.27-15.35.52:946][  0]BlueprintLog: New page: Editor Load
[2016.01.27-15.35.53:274][  0]LocalizationService: Info Localization service is disabled
[2016.01.27-15.35.53:411][  0]LogLinker:Warning: Can't find file '/Game/ThirdPersonCPP/ThirdPersonOverview'
[2016.01.27-15.35.53:412][  0]LogLinker:Warning: Can't find file '/Game/ThirdPersonCPP/ThirdPersonOverview'
[2016.01.27-15.35.53:412][  0]LogUObjectGlobals:Warning: Failed to find object 'Class /Game/ThirdPersonCPP/ThirdPersonOverview.ThirdPersonOverview_C'
[2016.01.27-15.35.53:439][  0]LogConsoleResponse:Display: 
[2016.01.27-15.35.53:551][  0]LogCook:Display: Done creating registry. It took  0.00s.
[2016.01.27-15.35.53:691][  0]LogFileCache: Scanning file cache for directory 'C:/Users/frederic/Documents/Unreal Projects/LostAge/Content/' took 0.01s
[2016.01.27-15.35.53:691][  0]SourceControl: Info Source control is disabled
[2016.01.27-15.35.53:692][  0]Cmd: MAP LOAD FILE="../../../../../../Users/frederic/Documents/Unreal Projects/LostAge/Content/FirstPersonCPP/Maps/MainMenu.umap" TEMPLATE=0 SHOWPROGRESS=1 FEATURELEVEL=3
[2016.01.27-15.35.53:692][  0]LightingResults: New page: Lighting Build
[2016.01.27-15.35.53:697][  0]MapCheck: New page: Map Check
[2016.01.27-15.35.53:698][  0]LightingResults: New page: Lighting Build
[2016.01.27-15.35.53:708][  0]LogParticles: Destroying 0 GPU particle simulations for FXSystem 0x0000000022E16160
[2016.01.27-15.35.53:713][  0]LogAIModule: Creating AISystem for world MainMenu
[2016.01.27-15.35.53:714][  0]LogEditorServer: Finished looking for orphan Actors (0.000 secs)
[2016.01.27-15.35.53:715][  0]Cmd: MAP CHECKDEP NOCLEARLOG
[2016.01.27-15.35.53:759][  0]MapCheck: Info Map check complete: 0 Error(s), 0 Warning(s), took 43.24ms to complete.
[2016.01.27-15.35.53:759][  0]LogFileHelpers: Loading map 'MainMenu' took 0.068
[2016.01.27-15.35.53:859][  0]LogCollectionManager: Loaded 0 collections in 0.001886 seconds
[2016.01.27-15.35.53:902][  0]LogFileCache: Scanning file cache for directory 'C:/Users/frederic/Documents/Unreal Projects/LostAge/Saved/Collections/' took 0.01s
[2016.01.27-15.35.53:903][  0]LogFileCache: Scanning file cache for directory 'C:/Users/frederic/Documents/Unreal Projects/LostAge/Content/Developers/frederic/Collections/' took 0.01s
[2016.01.27-15.35.53:903][  0]LogFileCache: Scanning file cache for directory 'C:/Users/frederic/Documents/Unreal Projects/LostAge/Content/Collections/' took 0.01s
[2016.01.27-15.35.53:904][  0]LogContentBrowser: Native class hierarchy populated in 0.0086 seconds. Added 1875 classes and 335 folders.
[2016.01.27-15.35.53:912][  0]LogCollectionManager: Rebuilt the GUID cache for 0 collections in 0.000002 seconds
[2016.01.27-15.35.53:925][  0]LogContentBrowser: Native class hierarchy updated for 'WidgetCarousel' in 0.0029 seconds. Added 0 classes and 0 folders.
[2016.01.27-15.35.53:983][  0]LogContentBrowser: Native class hierarchy updated for 'AddContentDialog' in 0.0018 seconds. Added 0 classes and 0 folders.
[2016.01.27-15.35.54:001][  0]LogContentBrowser: Native class hierarchy updated for 'SceneOutliner' in 0.0019 seconds. Added 1 classes and 2 folders.
[2016.01.27-15.35.54:030][  0]LogCrashTracker: Crashtracker disabled due to settings.
[2016.01.27-15.35.54:034][  0]LogUObjectGlobals:Warning: Failed to find object 'Class None.'
[2016.01.27-15.35.54:055][  0]LogLoad: Full Startup: 7.57 seconds (BP compile: 0.03 seconds)
[2016.01.27-15.35.54:121][  0]LogContentStreaming: Texture pool size now 1000 MB
[2016.01.27-15.35.54:240][  0]LogRenderer: Reallocating scene render targets to support 1208x556 (Frame:2).
[2016.01.27-15.35.54:424][  3]LogAssetRegistry: Asset discovery search completed in 2.4727 seconds
[2016.01.27-15.35.54:425][  3]LogCollectionManager: Rebuilt the object cache for 0 collections in 0.000001 seconds (found 0 objects)
[2016.01.27-15.35.54:426][  3]LogCollectionManager: Fixed up redirectors for 0 collections in 0.000570 seconds (updated 0 objects)
[2016.01.27-15.36.26:480][576]LogPlayLevel: PlayLevel: No blueprints needed recompiling
[2016.01.27-15.36.26:481][576]PIE: New page: PIE session: MainMenu (Jan 27, 2016, 5:36:26 AM)
[2016.01.27-15.36.26:538][576]LogPlayLevel: Creating play world package: /Game/FirstPersonCPP/Maps/UEDPIE_0_MainMenu
[2016.01.27-15.36.26:539][576]LogPlayLevel: PIE: StaticDuplicateObject took: (0.000492s)
[2016.01.27-15.36.26:540][576]LogAIModule: Creating AISystem for world MainMenu
[2016.01.27-15.36.26:540][576]LogPlayLevel: PIE: World Init took: (0.001024s)
[2016.01.27-15.36.26:541][576]LogPlayLevel: PIE: Created PIE world by copying editor world from /Game/FirstPersonCPP/Maps/MainMenu.MainMenu to /Game/FirstPersonCPP/Maps/UEDPIE_0_MainMenu.MainMenu (0.002763s)
[2016.01.27-15.36.26:541][576]LogActorComponent: UnregisterComponent: (/Engine/Transient.CharMoveComp) Not registered. Aborting.
[2016.01.27-15.36.26:562][576]LogInit: XAudio2 using 'Haut-parleurs (USB PnP Sound Device)' : 2 channels at 44.1 kHz using 16 bits per sample (channel mask 0x3)
[2016.01.27-15.36.26:566][576]LogInit: FAudioDevice initialized.
[2016.01.27-15.36.26:657][576]LogWorld: Game class is 'GameModeBP_C'
[2016.01.27-15.36.26:659][576]LogWorld: Bringing World /Game/FirstPersonCPP/Maps/UEDPIE_0_MainMenu.MainMenu up for play (max tick rate 0) at 2016.01.27-10.36.26
[2016.01.27-15.36.26:660][576]LogActor:Warning: GameSession /Game/FirstPersonCPP/Maps/UEDPIE_0_MainMenu.MainMenu:PersistentLevel.GameSession_0 has natively added scene component(s), but none of them were set as the actor's RootComponent - picking one arbitrarily
[2016.01.27-15.36.26:660][576]LogActor:Warning: GameNetworkManager /Game/FirstPersonCPP/Maps/UEDPIE_0_MainMenu.MainMenu:PersistentLevel.GameNetworkManager_0 has natively added scene component(s), but none of them were set as the actor's RootComponent - picking one arbitrarily
[2016.01.27-15.36.26:660][576]LogWorld: Bringing up level for play took: 0.001589
[2016.01.27-15.36.26:671][576]LogVoice:Warning: Failed to initialize voice interface
[2016.01.27-15.36.26:673][576]LogOnline:Warning: NULL: Can't start an online game for session (Game) that hasn't been created
[2016.01.27-15.36.26:816][576]PIE: Info Play in editor start time for /Game/FirstPersonCPP/Maps/UEDPIE_0_MainMenu 0.285
[2016.01.27-15.36.28:121][723]LogInit: WinSock: I am frederic-PC (192.168.1.103:0)
[2016.01.27-15.36.34:197][452]LogNet: Browse: 192.168.1.103//Game/FirstPersonCPP/Maps/MainMenu
[2016.01.27-15.36.34:197][452]LogInit: WinSock: Socket queue 32768 / 32768
[2016.01.27-15.36.34:198][452]LogNet: Game client on port 7777, rate 10000
[2016.01.27-15.36.34:199][452]LogNet: GetLocalNetworkVersion: GEngineNetVersion: 2707645, ProjectName: lostage, ProjectVersion: 1.0.0.0, InternalProtocolVersion: 9, LocalNetworkVersion: 4161370921
[2016.01.27-15.36.34:238][457]LogNet: Welcomed by server (Level: /Game/FirstPersonCPP/Maps/FirstPersonExampleMap, Game: /Game/FirstPersonCPP/Blueprints/GameModeBP.GameModeBP_C)
[2016.01.27-15.36.34:239][457]LogLoad: LoadMap: 192.168.1.103//Game/FirstPersonCPP/Maps/FirstPersonExampleMap?game=/Game/FirstPersonCPP/Blueprints/GameModeBP.GameModeBP_C
[2016.01.27-15.36.34:254][457]LogParticles: Destroying 0 GPU particle simulations for FXSystem 0x000000002DBC89A0
[2016.01.27-15.36.34:259][457]Cmd: MEM
[2016.01.27-15.36.34:269][457]LogMemory: Platform Memory Stats for Windows
[2016.01.27-15.36.34:270][457]LogMemory: Process Physical Memory: 598.54 MB used, 601.23 MB peak
[2016.01.27-15.36.34:270][457]LogMemory: Process Virtual Memory: 1066.29 MB used, 1070.36 MB peak
[2016.01.27-15.36.34:270][457]LogMemory: Physical Memory: 8709.63 MB used, 16288.39 MB total
[2016.01.27-15.36.34:271][457]LogMemory: Virtual Memory: 1684.39 MB used, 8388608.00 MB total
[2016.01.27-15.36.34:271][457]LogMemory: 
[2016.01.27-15.36.34:271][457]Allocator Stats for TBB: (not implemented)
[2016.01.27-15.36.34:457][457]LogAIModule: Creating AISystem for world FirstPersonExampleMap
[2016.01.27-15.36.34:461][457]LogWorld: Bringing World /Game/FirstPersonCPP/Maps/FirstPersonExampleMap.FirstPersonExampleMap up for play (max tick rate 0) at 2016.01.27-10.36.34
[2016.01.27-15.36.34:462][457]LogWorld: Bringing up level for play took: 0.002452
[2016.01.27-15.38.10:825][802]LogPackageName: SearchForPackageOnDisk took   0.053s to resolve MainMenu.umap.
[2016.01.27-15.38.10:884][803]LogPackageName: SearchForPackageOnDisk took   0.053s to resolve MainMenu.umap.
[2016.01.27-15.38.10:885][803]LogNet: Browse: /Game/FirstPersonCPP/Maps/MainMenu
[2016.01.27-15.38.10:885][803]LogLoad: LoadMap: /Game/FirstPersonCPP/Maps/MainMenu
[2016.01.27-15.38.10:886][803]LogNet: World NetDriver shutdown IpNetDriver_0 [GameNetDriver]
[2016.01.27-15.38.10:886][803]LogNet: DestroyNamedNetDriver IpNetDriver_0 [GameNetDriver]
[2016.01.27-15.38.10:886][803]LogNet: UNetConnection::Close: Name: IpConnection_0, Driver: GameNetDriver IpNetDriver_0, PC: PlayerControllerBP_C_1, Owner: PlayerControllerBP_C_1, Channels: 10, RemoteAddr: 192.168.1.103:7777, Time: 2016.01.27-15.38.10
[2016.01.27-15.38.10:886][803]LogNet: UChannel::Close: Sending CloseBunch. ChIndex == 0. Name: ControlChannel_0
[2016.01.27-15.38.10:887][803]LogExit: GameNetDriver IpNetDriver_0 shut down
[2016.01.27-15.38.10:901][803]LogParticles: Destroying 0 GPU particle simulations for FXSystem 0x000000001B0162A0
[2016.01.27-15.38.10:901][803]Cmd: MEM
[2016.01.27-15.38.10:912][803]LogMemory: Platform Memory Stats for Windows
[2016.01.27-15.38.10:912][803]LogMemory: Process Physical Memory: 661.87 MB used, 689.49 MB peak
[2016.01.27-15.38.10:913][803]LogMemory: Process Virtual Memory: 1252.36 MB used, 1252.36 MB peak
[2016.01.27-15.38.10:913][803]LogMemory: Physical Memory: 9198.57 MB used, 16288.39 MB total
[2016.01.27-15.38.10:914][803]LogMemory: Virtual Memory: 1881.08 MB used, 8388608.00 MB total
[2016.01.27-15.38.10:914][803]LogMemory: 
[2016.01.27-15.38.10:914][803]Allocator Stats for TBB: (not implemented)
[2016.01.27-15.38.10:914][803]LogPlayLevel: Creating play world package: /Game/FirstPersonCPP/Maps/UEDPIE_0_MainMenu
[2016.01.27-15.38.10:915][803]LogPlayLevel: PIE: StaticDuplicateObject took: (0.000521s)
[2016.01.27-15.38.10:916][803]LogAIModule: Creating AISystem for world MainMenu
[2016.01.27-15.38.10:917][803]LogPlayLevel: PIE: World Init took: (0.001090s)
[2016.01.27-15.38.10:917][803]LogPlayLevel: PIE: Created PIE world by copying editor world from /Game/FirstPersonCPP/Maps/MainMenu.MainMenu to /Game/FirstPersonCPP/Maps/UEDPIE_0_MainMenu.MainMenu (0.002748s)
[2016.01.27-15.38.10:918][803]LogWorld: Game class is 'GameModeBP_C'
[2016.01.27-15.38.10:919][803]LogWorld: Bringing World /Game/FirstPersonCPP/Maps/UEDPIE_0_MainMenu.MainMenu up for play (max tick rate 0) at 2016.01.27-10.38.10
[2016.01.27-15.38.10:919][803]LogActor:Warning: GameSession /Game/FirstPersonCPP/Maps/UEDPIE_0_MainMenu.MainMenu:PersistentLevel.GameSession_1 has natively added scene component(s), but none of them were set as the actor's RootComponent - picking one arbitrarily
[2016.01.27-15.38.10:920][803]LogActor:Warning: GameNetworkManager /Game/FirstPersonCPP/Maps/UEDPIE_0_MainMenu.MainMenu:PersistentLevel.GameNetworkManager_1 has natively added scene component(s), but none of them were set as the actor's RootComponent - picking one arbitrarily
[2016.01.27-15.38.10:920][803]LogWorld: Bringing up level for play took: 0.001487
[2016.01.27-15.38.10:921][803]LogGameMode: Warning - PATHS NOT DEFINED or NO PLAYERSTART with positive rating
[2016.01.27-15.38.10:922][803]LogOnline:Warning: NULL: Can't start an online game for session (Game) that hasn't been created
[2016.01.27-15.38.13:488][107]LogOnline:Display: NULL: FOnlineSubsystemNull::Shutdown()
[2016.01.27-15.38.13:489][107]LogPlayLevel:Display: Shutting down PIE online subsystems
[2016.01.27-15.38.13:515][108]LogParticles: Destroying 0 GPU particle simulations for FXSystem 0x00000000267E7740
[2016.01.27-15.38.13:557][113]LogPlayLevel:Display: Destroying online subsystem :Context_3
[2016.01.27-15.38.13:558][113]LogOnline:Display: NULL: FOnlineSubsystemNull::Shutdown()
[2016.01.27-15.38.26:175][627]LogActorComponent: UnregisterComponent: (/Engine/Transient.CharMoveComp) Not registered. Aborting.
[2016.01.27-15.38.26:535][628]Cmd: QUIT_EDITOR
[2016.01.27-15.38.26:787][628]LogExit: Preparing to exit.
[2016.01.27-15.38.27:180][628]LogActorComponent: UnregisterComponent: (None.None) Not registered. Aborting.
[2016.01.27-15.38.27:181][628]LogActorComponent: UnregisterComponent: (None.None) Not registered. Aborting.
[2016.01.27-15.38.27:181][628]LogActorComponent: UnregisterComponent: (None.None) Not registered. Aborting.
[2016.01.27-15.38.27:181][628]LogActorComponent: UnregisterComponent: (None.None) Not registered. Aborting.
[2016.01.27-15.38.27:182][628]LogActorComponent: UnregisterComponent: (None.None) Not registered. Aborting.
[2016.01.27-15.38.27:182][628]LogActorComponent: UnregisterComponent: (None.None) Not registered. Aborting.
[2016.01.27-15.38.27:182][628]LogActorComponent: UnregisterComponent: (None.None) Not registered. Aborting.
[2016.01.27-15.38.27:182][628]LogActorComponent: UnregisterComponent: (None.None) Not registered. Aborting.
[2016.01.27-15.38.27:183][628]LogActorComponent: UnregisterComponent: (None.None) Not registered. Aborting.
[2016.01.27-15.38.27:183][628]LogActorComponent: UnregisterComponent: (None.None) Not registered. Aborting.
[2016.01.27-15.38.27:183][628]LogActorComponent: UnregisterComponent: (None.None) Not registered. Aborting.
[2016.01.27-15.38.27:183][628]LogActorComponent: UnregisterComponent: (None.None) Not registered. Aborting.
[2016.01.27-15.38.27:198][628]LogParticles: Destroying 0 GPU particle simulations for FXSystem 0x0000000011104720
[2016.01.27-15.38.27:199][628]LogParticles: Destroying 0 GPU particle simulations for FXSystem 0x0000000010F27880
[2016.01.27-15.38.27:201][628]LogExit: Editor shut down
[2016.01.27-15.38.27:201][628]LogExit: Transaction tracking system shut down
[2016.01.27-15.38.27:202][628]LogParticles: Destroying 0 GPU particle simulations for FXSystem 0x000000000EA1F240
[2016.01.27-15.38.27:322][628]LogExit: Object subsystem successfully closed.
[2016.01.27-15.38.27:338][628]LogD3D11RHI: Shutdown
[2016.01.27-15.38.27:338][628]LogD3D11RHI: CleanupD3DDevice
[2016.01.27-15.38.27:638][628]LogD3D11RHI: ~FD3D11DynamicRHI
[2016.01.27-15.38.27:658][628]LogModuleManager: Shutting down and abandoning module CrashTracker (200)
[2016.01.27-15.38.27:659][628]LogModuleManager: Shutting down and abandoning module SceneOutliner (199)
[2016.01.27-15.38.27:659][628]LogModuleManager: Shutting down and abandoning module SuperSearch (198)
[2016.01.27-15.38.27:659][628]LogModuleManager: Shutting down and abandoning module WidgetCarousel (197)
[2016.01.27-15.38.27:659][628]LogModuleManager: Shutting down and abandoning module AddContentDialog (196)
[2016.01.27-15.38.27:661][628]LogModuleManager: Shutting down and abandoning module EditorWidgets (195)
[2016.01.27-15.38.27:661][628]LogModuleManager: Shutting down and abandoning module CollectionManager (194)
[2016.01.27-15.38.27:662][628]LogModuleManager: Shutting down and abandoning module StatsViewer (193)
[2016.01.27-15.38.27:662][628]LogModuleManager: Shutting down and abandoning module FoliageEdit (192)
[2016.01.27-15.38.27:662][628]LogModuleManager: Shutting down and abandoning module LandscapeEditor (191)
[2016.01.27-15.38.27:663][628]LogModuleManager: Shutting down and abandoning module ActorPickerMode (190)
[2016.01.27-15.38.27:663][628]LogModuleManager: Shutting down and abandoning module GeometryMode (189)
[2016.01.27-15.38.27:663][628]LogModuleManager: Shutting down and abandoning module TextureAlignMode (188)
[2016.01.27-15.38.27:663][628]LogModuleManager: Shutting down and abandoning module BspMode (187)
[2016.01.27-15.38.27:663][628]LogModuleManager: Shutting down and abandoning module PlacementMode (186)
[2016.01.27-15.38.27:664][628]LogModuleManager: Shutting down and abandoning module AutomationWorker (185)
[2016.01.27-15.38.27:664][628]LogModuleManager: Shutting down and abandoning module CharacterAI (184)
[2016.01.27-15.38.27:664][628]LogModuleManager: Shutting down and abandoning module SmartSnapping (183)
[2016.01.27-15.38.27:664][628]LogModuleManager: Shutting down and abandoning module ViewportSnapping (182)
[2016.01.27-15.38.27:665][628]LogModuleManager: Shutting down and abandoning module LogVisualizer (181)
[2016.01.27-15.38.27:665][628]LogModuleManager: Shutting down and abandoning module GameProjectGeneration (180)
[2016.01.27-15.38.27:665][628]LogModuleManager: Shutting down and abandoning module IntroTutorials (179)
[2016.01.27-15.38.27:665][628]LogModuleManager: Shutting down and abandoning module EditorLiveStreaming (178)
[2016.01.27-15.38.27:666][628]LogModuleManager: Shutting down and abandoning module IOSPlatformEditor (177)
[2016.01.27-15.38.27:666][628]LogModuleManager: Shutting down and abandoning module HTML5PlatformEditor (176)
[2016.01.27-15.38.27:666][628]LogModuleManager: Shutting down and abandoning module AndroidDeviceDetection (175)
[2016.01.27-15.38.28:137][628]LogModuleManager: Shutting down and abandoning module AndroidPlatformEditor (174)
[2016.01.27-15.38.28:137][628]LogModuleManager: Shutting down and abandoning module IOSRuntimeSettings (173)
[2016.01.27-15.38.28:138][628]LogModuleManager: Shutting down and abandoning module AndroidRuntimeSettings (172)
[2016.01.27-15.38.28:138][628]LogModuleManager: Shutting down and abandoning module MergeActors (171)
[2016.01.27-15.38.28:138][628]LogModuleManager: Shutting down and abandoning module SizeMap (170)
[2016.01.27-15.38.28:138][628]LogModuleManager: Shutting down and abandoning module TreeMap (169)
[2016.01.27-15.38.28:139][628]LogModuleManager: Shutting down and abandoning module ReferenceViewer (168)
[2016.01.27-15.38.28:139][628]LogModuleManager: Shutting down and abandoning module LocalizationService (167)
[2016.01.27-15.38.28:139][628]LogModuleManager: Shutting down and abandoning module LocalizationDashboard (166)
[2016.01.27-15.38.28:139][628]LogModuleManager: Shutting down and abandoning module HardwareTargeting (165)
[2016.01.27-15.38.28:140][628]LogModuleManager: Shutting down and abandoning module DeviceProfileEditor (164)
[2016.01.27-15.38.28:140][628]LogModuleManager: Shutting down and abandoning module UndoHistory (163)
[2016.01.27-15.38.28:140][628]LogModuleManager: Shutting down and abandoning module GameplayTagsEditor (162)
[2016.01.27-15.38.28:140][628]LogModuleManager: Shutting down and abandoning module UserFeedback (161)
[2016.01.27-15.38.28:141][628]LogModuleManager: Shutting down and abandoning module XmlParser (160)
[2016.01.27-15.38.28:141][628]LogModuleManager: Shutting down and abandoning module Blutility (159)
[2016.01.27-15.38.28:141][628]LogModuleManager: Shutting down and abandoning module ProjectTargetPlatformEditor (158)
[2016.01.27-15.38.28:142][628]LogModuleManager: Shutting down and abandoning module ProjectSettingsViewer (157)
[2016.01.27-15.38.28:142][628]LogModuleManager: Shutting down and abandoning module InputBindingEditor (156)
[2016.01.27-15.38.28:142][628]LogModuleManager: Shutting down and abandoning module EditorSettingsViewer (155)
[2016.01.27-15.38.28:142][628]LogModuleManager: Shutting down and abandoning module SettingsEditor (154)
[2016.01.27-15.38.28:143][628]LogModuleManager: Shutting down and abandoning module ProjectLauncher (153)
[2016.01.27-15.38.28:143][628]LogModuleManager: Shutting down and abandoning module SessionFrontend (152)
[2016.01.27-15.38.28:143][628]LogModuleManager: Shutting down and abandoning module ProfilerClient (151)
[2016.01.27-15.38.28:143][628]LogModuleManager: Shutting down and abandoning module TargetDeviceServices (150)
[2016.01.27-15.38.28:144][628]LogModuleManager: Shutting down and abandoning module DeviceManager (149)
[2016.01.27-15.38.28:144][628]LogModuleManager: Shutting down and abandoning module AutomationController (148)
[2016.01.27-15.38.28:144][628]LogModuleManager: Shutting down and abandoning module AutomationWindow (147)
[2016.01.27-15.38.28:144][628]LogModuleManager: Shutting down and abandoning module Layers (146)
[2016.01.27-15.38.28:145][628]LogModuleManager: Shutting down and abandoning module ComponentVisualizers (145)
[2016.01.27-15.38.28:145][628]LogModuleManager: Shutting down and abandoning module DetailCustomizations (144)
[2016.01.27-15.38.28:145][628]LogModuleManager: Shutting down and abandoning module PackagesDialog (143)
[2016.01.27-15.38.28:145][628]LogModuleManager: Shutting down and abandoning module Persona (142)
[2016.01.27-15.38.28:146][628]LogModuleManager: Shutting down and abandoning module Kismet (141)
[2016.01.27-15.38.28:146][628]LogModuleManager: Shutting down and abandoning module GraphEditor (140)
[2016.01.27-15.38.28:146][628]LogModuleManager: Shutting down and abandoning module ClassViewer (139)
[2016.01.27-15.38.28:146][628]LogModuleManager: Shutting down and abandoning module Toolbox (138)
[2016.01.27-15.38.28:147][628]LogModuleManager: Shutting down and abandoning module ModuleUI (137)
[2016.01.27-15.38.28:147][628]LogModuleManager: Shutting down and abandoning module MovieSceneTools (136)
[2016.01.27-15.38.28:147][628]LogModuleManager: Shutting down and abandoning module OutputLog (135)
[2016.01.27-15.38.28:147][628]LogModuleManager: Shutting down and abandoning module GammaUI (134)
[2016.01.27-15.38.28:148][628]LogModuleManager: Shutting down and abandoning module Documentation (133)
[2016.01.27-15.38.28:148][628]LogModuleManager: Shutting down and abandoning module GameLiveStreaming (132)
[2016.01.27-15.38.28:148][628]LogModuleManager: Shutting down and abandoning module StreamingPauseRendering (131)
[2016.01.27-15.38.28:148][628]LogModuleManager: Shutting down and abandoning module AnalyticsET (130)
[2016.01.27-15.38.28:149][628]LogModuleManager: Shutting down and abandoning module Analytics (129)
[2016.01.27-15.38.28:149][628]LogModuleManager: Shutting down and abandoning module AITestSuite (128)
[2016.01.27-15.38.28:149][628]LogModuleManager: Shutting down and abandoning module GameplayDebugger (127)
[2016.01.27-15.38.28:149][628]LogModuleManager: Shutting down and abandoning module AIModule (126)
[2016.01.27-15.38.28:149][628]LogModuleManager: Shutting down and abandoning module ProfilerService (125)
[2016.01.27-15.38.28:387][628]LogModuleManager: Shutting down and abandoning module TaskGraph (124)
[2016.01.27-15.38.28:387][628]LogModuleManager: Shutting down and abandoning module SlateRemote (123)
[2016.01.27-15.38.28:387][628]LogModuleManager: Shutting down and abandoning module SteamVRController (122)
[2016.01.27-15.38.28:387][628]LogModuleManager: Shutting down and abandoning module SteamVR (121)
[2016.01.27-15.38.28:388][628]LogModuleManager: Shutting down and abandoning module ProceduralMeshComponent (120)
[2016.01.27-15.38.28:388][628]LogModuleManager: Shutting down and abandoning module OculusRift (119)
[2016.01.27-15.38.28:388][628]LogModuleManager: Shutting down and abandoning module OculusLibrary (118)
[2016.01.27-15.38.28:388][628]LogModuleManager: Shutting down and abandoning module LeapMotionController (117)
[2016.01.27-15.38.28:398][628]LogModuleManager: Shutting down and abandoning module CustomMeshComponent (116)
[2016.01.27-15.38.28:399][628]LogModuleManager: Shutting down and abandoning module CableComponent (115)
[2016.01.27-15.38.28:399][628]LogModuleManager: Shutting down and abandoning module ArchVisCharacter (114)
[2016.01.27-15.38.28:400][628]LogModuleManager: Shutting down and abandoning module MessagingDebugger (113)
[2016.01.27-15.38.28:400][628]LogModuleManager: Shutting down and abandoning module MediaPlayerEditor (112)
[2016.01.27-15.38.28:400][628]LogModuleManager: Shutting down and abandoning module HTML5Networking (111)
[2016.01.27-15.38.28:400][628]LogModuleManager: Shutting down and abandoning module SpeedTreeImporter (110)
[2016.01.27-15.38.28:401][628]LogModuleManager: Shutting down and abandoning module PluginBrowser (109)
[2016.01.27-15.38.28:401][628]LogModuleManager: Shutting down and abandoning module EpicSurvey (108)
[2016.01.27-15.38.28:401][628]LogModuleManager: Shutting down and abandoning module DesktopPlatform (107)
[2016.01.27-15.38.28:402][628]LogModuleManager: Shutting down and abandoning module VisualStudioSourceCodeAccess (106)
[2016.01.27-15.38.28:402][628]LogModuleManager: Shutting down and abandoning module UObjectPlugin (105)
[2016.01.27-15.38.28:402][628]LogModuleManager: Shutting down and abandoning module SubversionSourceControl (104)
[2016.01.27-15.38.28:402][628]LogModuleManager: Shutting down and abandoning module PerforceSourceControl (103)
[2016.01.27-15.38.28:403][628]LogModuleManager: Shutting down and abandoning module SourceControl (102)
[2016.01.27-15.38.28:403][628]LogModuleManager: Shutting down and abandoning module GitSourceControl (101)
[2016.01.27-15.38.28:403][628]LogModuleManager: Shutting down and abandoning module LightPropagationVolumeEditor (100)
[2016.01.27-15.38.28:403][628]LogModuleManager: Shutting down and abandoning module PaperTiledImporter (99)
[2016.01.27-15.38.28:403][628]LogModuleManager: Shutting down and abandoning module PaperSpriteSheetImporter (98)
[2016.01.27-15.38.28:404][628]LogModuleManager: Shutting down and abandoning module MeshPaint (97)
[2016.01.27-15.38.28:404][628]LogModuleManager: Shutting down and abandoning module SlateReflector (96)
[2016.01.27-15.38.28:404][628]LogModuleManager: Shutting down and abandoning module HotReload (95)
[2016.01.27-15.38.28:404][628]LogModuleManager: Shutting down and abandoning module MainFrame (94)
[2016.01.27-15.38.28:405][628]LogModuleManager: Shutting down and abandoning module LevelEditor (93)
[2016.01.27-15.38.28:406][628]LogModuleManager: Shutting down and abandoning module DirectoryWatcher (92)
[2016.01.27-15.38.28:407][628]LogModuleManager: Shutting down and abandoning module AssetRegistry (91)
[2016.01.27-15.38.28:461][628]LogModuleManager: Shutting down and abandoning module ContentBrowser (90)
[2016.01.27-15.38.28:462][628]LogModuleManager: Shutting down and abandoning module Paper2DEditor (89)
[2016.01.27-15.38.28:463][628]LogModuleManager: Shutting down and abandoning module LostAge (88)
[2016.01.27-15.38.28:463][628]LogModuleManager: Shutting down and abandoning module UdpMessaging (87)
[2016.01.27-15.38.28:563][628]LogModuleManager: Shutting down and abandoning module LightPropagationVolumeRuntime (86)
[2016.01.27-15.38.28:563][628]LogModuleManager: Shutting down and abandoning module Paper2D (85)
[2016.01.27-15.38.28:563][628]LogModuleManager: Shutting down and abandoning module WindowsMoviePlayer (84)
[2016.01.27-15.38.28:566][628]LogModuleManager: Shutting down and abandoning module Media (83)
[2016.01.27-15.38.28:567][628]LogModuleManager: Shutting down and abandoning module WmfMedia (82)
[2016.01.27-15.38.28:568][628]LogModuleManager: Shutting down and abandoning module OnlineBlueprintSupport (81)
[2016.01.27-15.38.28:568][628]LogModuleManager: Shutting down and abandoning module GameplayTasksEditor (80)
[2016.01.27-15.38.28:569][628]LogModuleManager: Shutting down and abandoning module PropertyEditor (79)
[2016.01.27-15.38.28:569][628]LogModuleManager: Shutting down and abandoning module BehaviorTreeEditor (78)
[2016.01.27-15.38.28:569][628]LogModuleManager: Shutting down and abandoning module FunctionalTesting (77)
[2016.01.27-15.38.28:570][628]LogModuleManager: Shutting down and abandoning module CollisionAnalyzer (76)
[2016.01.27-15.38.28:570][628]LogModuleManager: Shutting down and abandoning module WorkspaceMenuStructure (75)
[2016.01.27-15.38.28:570][628]LogModuleManager: Shutting down and abandoning module MessageLog (74)
[2016.01.27-15.38.28:570][628]LogModuleManager: Shutting down and abandoning module Sequencer (73)
[2016.01.27-15.38.28:571][628]LogModuleManager: Shutting down and abandoning module AssetTools (72)
[2016.01.27-15.38.28:571][628]LogModuleManager: Shutting down and abandoning module UMGEditor (71)
[2016.01.27-15.38.28:571][628]LogModuleManager: Shutting down and abandoning module UMG (70)
[2016.01.27-15.38.28:571][628]LogModuleManager: Shutting down and abandoning module Slate (69)
[2016.01.27-15.38.28:572][628]LogModuleManager: Shutting down and abandoning module EditorStyle (68)
[2016.01.27-15.38.28:574][628]LogModuleManager: Shutting down and abandoning module SessionServices (67)
[2016.01.27-15.38.28:574][628]LogModuleManager: Shutting down and abandoning module SourceCodeAccess (66)
[2016.01.27-15.38.28:574][628]LogModuleManager: Shutting down and abandoning module HeadMountedDisplay (65)
[2016.01.27-15.38.28:574][628]LogModuleManager: Shutting down and abandoning module XAudio2 (64)
[2016.01.27-15.38.28:575][628]LogModuleManager: Shutting down and abandoning module Networking (63)
[2016.01.27-15.38.28:575][628]LogModuleManager: Shutting down and abandoning module Core (62)
[2016.01.27-15.38.28:575][628]LogModuleManager: Shutting down and abandoning module KismetCompiler (61)
[2016.01.27-15.38.28:575][628]LogModuleManager: Shutting down and abandoning module PhysXFormats (60)
[2016.01.27-15.38.28:576][628]LogModuleManager: Shutting down and abandoning module MeshUtilities (59)
[2016.01.27-15.38.28:576][628]LogModuleManager: Shutting down and abandoning module CookingStats (58)
[2016.01.27-15.38.28:577][628]LogModuleManager: Shutting down and abandoning module DerivedDataCache (57)
[2016.01.27-15.38.28:587][628]LogDerivedDataCache: Shutdown
[2016.01.27-15.38.28:587][628]LogModuleManager: Shutting down and abandoning module ShaderFormatOpenGL (56)
[2016.01.27-15.38.28:587][628]LogModuleManager: Shutting down and abandoning module ShaderFormatD3D (55)
[2016.01.27-15.38.28:588][628]LogModuleManager: Shutting down and abandoning module MetalShaderFormat (54)
[2016.01.27-15.38.28:588][628]LogModuleManager: Shutting down and abandoning module TextureFormatUncompressed (53)
[2016.01.27-15.38.28:588][628]LogModuleManager: Shutting down and abandoning module TextureFormatPVR (52)
[2016.01.27-15.38.28:589][628]LogModuleManager: Shutting down and abandoning module TextureFormatIntelISPCTexComp (51)
[2016.01.27-15.38.28:589][628]LogModuleManager: Shutting down and abandoning module TextureFormatDXT (50)
[2016.01.27-15.38.28:589][628]LogModuleManager: Shutting down and abandoning module ImageWrapper (49)
[2016.01.27-15.38.28:589][628]LogModuleManager: Shutting down and abandoning module TextureFormatASTC (48)
[2016.01.27-15.38.28:589][628]LogModuleManager: Shutting down and abandoning module TextureFormatAndroid (47)
[2016.01.27-15.38.28:590][628]LogModuleManager: Shutting down and abandoning module AudioFormatOpus (46)
[2016.01.27-15.38.28:590][628]LogModuleManager: Shutting down and abandoning module AudioFormatOgg (45)
[2016.01.27-15.38.28:590][628]LogModuleManager: Shutting down and abandoning module AudioFormatADPCM (44)
[2016.01.27-15.38.28:590][628]LogModuleManager: Shutting down and abandoning module LinuxTargetPlatform (43)
[2016.01.27-15.38.28:591][628]LogModuleManager: Shutting down and abandoning module LinuxServerTargetPlatform (42)
[2016.01.27-15.38.28:591][628]LogModuleManager: Shutting down and abandoning module LinuxNoEditorTargetPlatform (41)
[2016.01.27-15.38.28:591][628]LogModuleManager: Shutting down and abandoning module Messaging (40)
[2016.01.27-15.38.28:591][628]LogModuleManager: Shutting down and abandoning module IOSTargetPlatform (39)
[2016.01.27-15.38.28:592][628]LogModuleManager: Shutting down and abandoning module HTML5TargetPlatform (38)
[2016.01.27-15.38.28:592][628]LogModuleManager: Shutting down and abandoning module Android_PVRTCTargetPlatform (37)
[2016.01.27-15.38.28:592][628]LogModuleManager: Shutting down and abandoning module Android_ETC2TargetPlatform (36)
[2016.01.27-15.38.28:592][628]LogModuleManager: Shutting down and abandoning module Android_ETC1TargetPlatform (35)
[2016.01.27-15.38.28:593][628]LogModuleManager: Shutting down and abandoning module Android_DXTTargetPlatform (34)
[2016.01.27-15.38.28:593][628]LogModuleManager: Shutting down and abandoning module Android_ATCTargetPlatform (33)
[2016.01.27-15.38.28:593][628]LogModuleManager: Shutting down and abandoning module Android_ASTCTargetPlatform (32)
[2016.01.27-15.38.28:593][628]LogModuleManager: Shutting down and abandoning module AndroidTargetPlatform (31)
[2016.01.27-15.38.28:594][628]LogModuleManager: Shutting down and abandoning module WindowsTargetPlatform (30)
[2016.01.27-15.38.28:594][628]LogModuleManager: Shutting down and abandoning module WindowsServerTargetPlatform (29)
[2016.01.27-15.38.28:594][628]LogModuleManager: Shutting down and abandoning module WindowsNoEditorTargetPlatform (28)
[2016.01.27-15.38.28:594][628]LogModuleManager: Shutting down and abandoning module WindowsClientTargetPlatform (27)
[2016.01.27-15.38.28:595][628]LogModuleManager: Shutting down and abandoning module AllDesktopTargetPlatform (26)
[2016.01.27-15.38.28:595][628]LogModuleManager: Shutting down and abandoning module TargetPlatform (25)
[2016.01.27-15.38.28:595][628]LogModuleManager: Shutting down and abandoning module InputCore (24)
[2016.01.27-15.38.28:595][628]LogModuleManager: Shutting down and abandoning module Settings (23)
[2016.01.27-15.38.28:596][628]LogModuleManager: Shutting down and abandoning module Voice (21)
[2016.01.27-15.38.28:596][628]LogModuleManager: Shutting down and abandoning module OnlineSubsystem (18)
[2016.01.27-15.38.28:596][628]LogOnline:Display: NULL: FOnlineSubsystemNull::Shutdown()
[2016.01.27-15.38.28:597][628]LogOnline:Display: Unloading online subsystem: Null
[2016.01.27-15.38.28:597][628]LogModuleManager: Shutting down and abandoning module HTTP (17)
[2016.01.27-15.38.30:599][628]LogModuleManager: Shutting down and abandoning module XMPP (16)
[2016.01.27-15.38.30:599][628]LogModuleManager: Shutting down and abandoning module ExampleDeviceProfileSelector (15)
[2016.01.27-15.38.30:600][628]LogModuleManager: Shutting down and abandoning module TextureCompressor (14)
[2016.01.27-15.38.30:600][628]LogModuleManager: Shutting down and abandoning module ShaderCore (13)
[2016.01.27-15.38.30:601][628]LogModuleManager: Shutting down and abandoning module Landscape (12)
[2016.01.27-15.38.30:601][628]LogModuleManager: Shutting down and abandoning module SlateRHIRenderer (11)
[2016.01.27-15.38.30:602][628]LogModuleManager: Shutting down and abandoning module OpenGLDrv (10)
[2016.01.27-15.38.30:602][628]LogModuleManager: Shutting down and abandoning module D3D11RHI (9)
[2016.01.27-15.38.30:602][628]LogModuleManager: Shutting down and abandoning module AnimGraphRuntime (8)
[2016.01.27-15.38.30:603][628]LogModuleManager: Shutting down and abandoning module Renderer (7)
[2016.01.27-15.38.30:603][628]LogModuleManager: Shutting down and abandoning module Engine (6)
[2016.01.27-15.38.30:603][628]LogModuleManager: Shutting down and abandoning module CoreUObject (5)
[2016.01.27-15.38.30:603][628]LogModuleManager: Shutting down and abandoning module NetworkFile (4)
[2016.01.27-15.38.30:603][628]LogModuleManager: Shutting down and abandoning module StreamingFile (3)
[2016.01.27-15.38.30:604][628]LogModuleManager: Shutting down and abandoning module SandboxFile (2)
[2016.01.27-15.38.30:604][628]LogModuleManager: Shutting down and abandoning module PakFile (1)
[2016.01.27-15.38.30:607][628]LogExit: Exiting.
[2016.01.27-15.38.30:608][628]Log file closed, 01/27/16 10:38:30
