[2016.02.06-21.44.19:903][  0]Log file open, 02/06/16 16:44:19
[2016.02.06-21.44.19:903][  0]LogInit:Display: Running engine for game: LostAge
[2016.02.06-21.44.19:903][  0]LogInit:Display: RandInit(1667801888) SRandInit(1667801888).
[2016.02.06-21.44.19:903][  0]LogTaskGraph: Started task graph with 4 named threads and 7 total threads.
[2016.02.06-21.44.19:903][  0]LogStats: Stats thread started at 0.101721
[2016.02.06-21.44.19:903][  0]LogInit: Version: 4.9.2-2707645+++depot+UE4-Releases+4.9
[2016.02.06-21.44.19:904][  0]LogInit: API Version: 2672455
[2016.02.06-21.44.19:904][  0]LogInit: Compiled (64-bit): Sep 28 2015 10:25:44
[2016.02.06-21.44.19:904][  0]LogInit: Compiled with Visual C++: 18.00.21005.01
[2016.02.06-21.44.19:904][  0]LogInit: Build Configuration: Development
[2016.02.06-21.44.19:904][  0]LogInit: Branch Name: ++depot+UE4-Releases+4.9
[2016.02.06-21.44.19:904][  0]LogInit: Command line:  
[2016.02.06-21.44.19:904][  0]LogInit: Base directory: C:/Program Files/Epic Games/4.9/Engine/Binaries/Win64/
[2016.02.06-21.44.19:904][  0]LogInit: Rocket: 1
[2016.02.06-21.44.19:944][  0]LogInit: Using libcurl 7.41.0
[2016.02.06-21.44.19:944][  0]LogInit:  - built for x86_64-pc-win32
[2016.02.06-21.44.19:944][  0]LogInit:  - supports SSL with WinSSL
[2016.02.06-21.44.19:944][  0]LogInit:  - other features:
[2016.02.06-21.44.19:944][  0]LogInit:      CURL_VERSION_SSL
[2016.02.06-21.44.19:944][  0]LogInit:      CURL_VERSION_IPV6
[2016.02.06-21.44.19:944][  0]LogInit:      CURL_VERSION_ASYNCHDNS
[2016.02.06-21.44.19:944][  0]LogInit:      CURL_VERSION_LARGEFILE
[2016.02.06-21.44.19:944][  0]LogInit:      CURL_VERSION_IDN
[2016.02.06-21.44.19:944][  0]LogInit:  CurlRequestOptions (configurable via config and command line):
[2016.02.06-21.44.19:944][  0]LogInit:  - bVerifyPeer = true  - Libcurl will verify peer certificate
[2016.02.06-21.44.19:944][  0]LogInit:  - bUseHttpProxy = false  - Libcurl will NOT use HTTP proxy
[2016.02.06-21.44.19:944][  0]LogInit:  - bDontReuseConnections = false  - Libcurl will reuse connections
[2016.02.06-21.44.19:944][  0]LogInit:  - CertBundlePath = nullptr  - Libcurl will use whatever was configured at build time.
[2016.02.06-21.44.19:967][  0]LogInit: WinSock: version 1.1 (2.2), MaxSocks=32767, MaxUdp=65467
[2016.02.06-21.44.19:974][  0]LogVoice:Warning: Failed to initialize voice interface
[2016.02.06-21.44.19:980][  0]LogInit: Presizing for 0 objects not considered by GC, pre-allocating 0 bytes.
[2016.02.06-21.44.19:994][  0]LogInit: Object subsystem initialized
[2016.02.06-21.44.19:996][  0]LogInit: Selected Device Profile: [Windows]
[2016.02.06-21.44.19:996][  0]LogInit: Applying CVar settings loaded from the selected device profile: [Windows]
[2016.02.06-21.44.20:023][  0]LogInit: Computer: SULLI
[2016.02.06-21.44.20:023][  0]LogInit: User: Sullivan
[2016.02.06-21.44.20:023][  0]LogInit: CPU Page size=4096, Cores=4
[2016.02.06-21.44.20:023][  0]LogInit: High frequency timer resolution =2.240997 MHz
[2016.02.06-21.44.20:023][  0]LogMemory: Memory total: Physical=8.0GB (8GB approx)
[2016.02.06-21.44.20:023][  0]LogMemory: Platform Memory Stats for Windows
[2016.02.06-21.44.20:023][  0]LogMemory: Process Physical Memory: 53.97 MB used, 53.97 MB peak
[2016.02.06-21.44.20:023][  0]LogMemory: Process Virtual Memory: 55.42 MB used, 55.42 MB peak
[2016.02.06-21.44.20:023][  0]LogMemory: Physical Memory: 3603.59 MB used, 8151.90 MB total
[2016.02.06-21.44.20:023][  0]LogMemory: Virtual Memory: 355.51 MB used, 134217728.00 MB total
[2016.02.06-21.44.20:123][  0]LogTextLocalizationManager: No translations for ('fr-FR') exist, falling back to 'en' for localization and internationalization data.
[2016.02.06-21.44.21:410][  0]LogD3D11RHI: Found D3D11 adapter 0: NVIDIA GeForce GTX 670M (Feature Level 11_0)
[2016.02.06-21.44.21:411][  0]LogD3D11RHI: Adapter has 3003MB of dedicated video memory, 0MB of dedicated system memory, and 4075MB of shared system memory, 1 output[s]
[2016.02.06-21.44.21:413][  0]LogD3D11RHI: Found D3D11 adapter 1: Microsoft Basic Render Driver (Feature Level 11_0)
[2016.02.06-21.44.21:413][  0]LogD3D11RHI: Adapter has 0MB of dedicated video memory, 0MB of dedicated system memory, and 256MB of shared system memory, 0 output[s]
[2016.02.06-21.44.21:413][  0]LogD3D11RHI: Chosen D3D11 Adapter Id = 0
[2016.02.06-21.44.21:419][  0]LogD3D11RHI: !Direct3DDevice
[2016.02.06-21.44.21:419][  0]LogRHI: Texture pool is 1361 MB (70% of 1945 MB)
[2016.02.06-21.44.21:429][  0]LogD3D11RHI: Async texture creation enabled
[2016.02.06-21.44.21:452][  0]LogShaderCompilers: Guid format shader working directory is 15 characters bigger than the processId version (../../../../../../Users/Sullivan/Documents/Lost Age/LostAge/Intermediate/Shaders/WorkingDirectory/4080/).
[2016.02.06-21.44.21:452][  0]LogShaderCompilers: Cleaned the shader compiler working directory '../../../../../../Users/Sullivan/Documents/Lost Age/LostAge/Intermediate/Shaders/tmp/28396A2F4EF7D32B83EA62BA9C6B5935/'.
[2016.02.06-21.44.21:452][  0]LogShaderCompilers:Display: Using Local Shader Compiler.
[2016.02.06-21.44.25:970][  0]LogTemp:Display: Loaded TP AllDesktopTargetPlatform
[2016.02.06-21.44.25:980][  0]LogTemp:Display: Loaded TP WindowsClientTargetPlatform
[2016.02.06-21.44.25:988][  0]LogTemp:Display: Loaded TP WindowsNoEditorTargetPlatform
[2016.02.06-21.44.25:996][  0]LogTemp:Display: Loaded TP WindowsServerTargetPlatform
[2016.02.06-21.44.26:005][  0]LogTemp:Display: Loaded TP WindowsTargetPlatform
[2016.02.06-21.44.26:023][  0]LogTemp:Display: Loaded TP AndroidTargetPlatform
[2016.02.06-21.44.26:039][  0]LogTemp:Display: Loaded TP Android_ASTCTargetPlatform
[2016.02.06-21.44.26:049][  0]LogTemp:Display: Loaded TP Android_ATCTargetPlatform
[2016.02.06-21.44.26:061][  0]LogTemp:Display: Loaded TP Android_DXTTargetPlatform
[2016.02.06-21.44.26:067][  0]LogTemp:Display: Loaded TP Android_ETC1TargetPlatform
[2016.02.06-21.44.26:073][  0]LogTemp:Display: Loaded TP Android_ETC2TargetPlatform
[2016.02.06-21.44.26:079][  0]LogTemp:Display: Loaded TP Android_PVRTCTargetPlatform
[2016.02.06-21.44.26:113][  0]LogTemp:Display: Loaded TP HTML5TargetPlatform
[2016.02.06-21.44.26:137][  0]LogTemp:Display: Loaded TP IOSTargetPlatform
[2016.02.06-21.44.26:142][  0]LogTemp:Display: Loaded TP LinuxNoEditorTargetPlatform
[2016.02.06-21.44.26:148][  0]LogTemp:Display: Loaded TP LinuxServerTargetPlatform
[2016.02.06-21.44.26:160][  0]LogTemp:Display: Loaded TP LinuxTargetPlatform
[2016.02.06-21.44.26:160][  0]LogTargetPlatformManager:Display: Building Assets For Windows
[2016.02.06-21.44.26:298][  0]LogDerivedDataCache:Display: Max Cache Size: 512 MB
[2016.02.06-21.44.27:121][  0]LogDerivedDataCache: Loaded boot cache 0.82s 43MB C:/Users/Sullivan/AppData/Local/UnrealEngine/4.9/DerivedDataCache/Boot.ddc.
[2016.02.06-21.44.27:121][  0]LogDerivedDataCache:Display: Loaded Boot cache: C:/Users/Sullivan/AppData/Local/UnrealEngine/4.9/DerivedDataCache/Boot.ddc
[2016.02.06-21.44.27:121][  0]LogDerivedDataCache: FDerivedDataBackendGraph:  Pak pak cache file ../../../../../../Users/Sullivan/Documents/Lost Age/LostAge/DerivedDataCache/DDC.ddp not found, will not use a pak cache.
[2016.02.06-21.44.27:121][  0]LogDerivedDataCache: Unable to find inner node Pak for hierarchical cache Hierarchy.
[2016.02.06-21.44.27:121][  0]LogDerivedDataCache: FDerivedDataBackendGraph:  CompressedPak pak cache file ../../../../../../Users/Sullivan/Documents/Lost Age/LostAge/DerivedDataCache/Compressed.ddp not found, will not use a pak cache.
[2016.02.06-21.44.27:121][  0]LogDerivedDataCache: Unable to find inner node CompressedPak for hierarchical cache Hierarchy.
[2016.02.06-21.44.27:343][  0]LogDerivedDataCache:Display: Pak cache opened for reading ../../../Engine/DerivedDataCache/Compressed.ddp.
[2016.02.06-21.44.27:356][  0]LogDerivedDataCache: Using Local data cache path C:/Users/Sullivan/AppData/Local/UnrealEngine/Common/DerivedDataCache: Writable
[2016.02.06-21.44.31:905][  0]LogInit: Selected Device Profile: [Windows]
[2016.02.06-21.44.31:912][  0]LogContentStreaming: Texture pool size is 0.000000MB
[2016.02.06-21.44.32:164][  0]LogMeshUtilities: No automatic mesh reduction module available
[2016.02.06-21.44.32:164][  0]LogMeshUtilities: No automatic mesh merging module available
[2016.02.06-21.44.56:038][  0]LogWmfMedia: Failed to load mf.dll
[2016.02.06-21.44.56:038][  0]LogWmfMedia: Failed to load required Windows Media Foundation libraries
[2016.02.06-21.44.56:094][  0]LogWindowsMoviePlayer: Could not load mf.dll. Library not found.
[2016.02.06-21.44.56:096][  0]LogWindowsMoviePlayer: Could not load mfplat.dll. Library not found.
[2016.02.06-21.44.56:097][  0]LogWindowsMoviePlayer: Could not load mfplay.dll. Library not found.
[2016.02.06-21.44.56:315][  0]UdpMessaging: Initializing bridge on interface 0.0.0.0:0 to multicast group 230.0.0.1:6666.
[2016.02.06-21.44.57:363][  0]LogAssetRegistry: FAssetRegistry took 0.0112 seconds to start up
[2016.02.06-21.44.57:983][  0]SourceControl: Info Source control is disabled
[2016.02.06-21.44.57:984][  0]SourceControl: Info Source control is disabled
[2016.02.06-21.44.58:040][  0]SourceControl: Info Source control is disabled
[2016.02.06-21.44.58:104][  0]SourceControl: Info Source control is disabled
[2016.02.06-21.44.59:551][  0]LogLinker:Warning: Asset '../../../Engine/Plugins/Runtime/LeapMotionController/Content/LM_PassthroughMaterial.uasset' has been saved with empty engine version. The asset will be loaded but may be incompatible.
[2016.02.06-21.44.59:967][  0]LogObj: 31792 objects as part of root set at end of initial load.
[2016.02.06-21.44.59:967][  0]LogUObjectAllocator: 7252936 out of 0 bytes used by permanent object pool.
[2016.02.06-21.45.00:270][  0]LogEngine: Initializing Engine...
[2016.02.06-21.45.00:274][  0]LogHMD: Can't find Oculus library dev build: is proper Runtime installed? Version: 0.7.0.0
[2016.02.06-21.45.03:336][  0]LogHMD: SteamVR failed to initialize.  Err: 108
[2016.02.06-21.45.03:568][  0]LogAIModule: Creating AISystem for world NewWorld
[2016.02.06-21.45.03:608][  0]LogInit: XAudio2 using 'Haut-parleurs (5- Périphérique High Definition Audio)' : 2 channels at 44.1 kHz using 16 bits per sample (channel mask 0x3)
[2016.02.06-21.45.03:618][  0]LogInit: FAudioDevice initialized.
[2016.02.06-21.45.03:645][  0]LogDerivedDataCache: Saved boot cache 0.03s 43MB C:/Users/Sullivan/AppData/Local/UnrealEngine/4.9/DerivedDataCache/Boot.ddc.
[2016.02.06-21.45.03:652][  0]LogInit: Texture streaming: Enabled
[2016.02.06-21.45.03:724][  0]LogAnalytics: Creating configured Analytics provider AnalyticsET
[2016.02.06-21.45.03:724][  0]LogAnalytics: [UEEditor.Rocket.Release] APIServer = http://et2.epicgames.com/ET2/. AppVersion = 4.9.2-2707645+++depot+UE4-Releases+4.9
[2016.02.06-21.45.03:724][  0]LogAnalytics: [UEEditor.Rocket.Release] SetUserId ad541df74db84af293f9b0a60160a0cf|46a40cfda58c4237b68f593a66e52ede|5c8738c5-c9ae-49ff-8b11-2d4ad6d2f4c4
[2016.02.06-21.45.03:724][  0]LogAnalytics: [UEEditor.Rocket.Release] AnalyticsET::StartSession
[2016.02.06-21.45.05:023][  0]LogInit: Transaction tracking system initialized
[2016.02.06-21.45.05:677][  0]BlueprintLog: New page: Editor Load
[2016.02.06-21.45.08:926][  0]LocalizationService: Info Localization service is disabled
[2016.02.06-21.45.10:300][  0]LogConsoleResponse:Display: 
[2016.02.06-21.45.11:301][  0]LogCook:Display: Done creating registry. It took  0.00s.
[2016.02.06-21.45.11:413][  0]LogFileCache: Scanning file cache for directory 'C:/Users/Sullivan/Documents/Lost Age/LostAge/Content/' took 0.01s
[2016.02.06-21.45.12:280][  0]SourceControl: Info Source control is disabled
[2016.02.06-21.45.12:280][  0]Cmd: MAP LOAD FILE="../../../../../../Users/Sullivan/Documents/Lost Age/LostAge/Content/FirstPersonCPP/Maps/MainMenu.umap" TEMPLATE=0 SHOWPROGRESS=1 FEATURELEVEL=3
[2016.02.06-21.45.12:281][  0]LightingResults: New page: Lighting Build
[2016.02.06-21.45.12:289][  0]MapCheck: New page: Map Check
[2016.02.06-21.45.12:289][  0]LightingResults: New page: Lighting Build
[2016.02.06-21.45.12:313][  0]LogParticles: Destroying 0 GPU particle simulations for FXSystem 0x000000C4C10F3CE0
[2016.02.06-21.45.12:321][  0]LogAIModule: Creating AISystem for world MainMenu
[2016.02.06-21.45.12:323][  0]LogEditorServer: Finished looking for orphan Actors (0.000 secs)
[2016.02.06-21.45.12:324][  0]Cmd: MAP CHECKDEP NOCLEARLOG
[2016.02.06-21.45.12:439][  0]MapCheck: Info Map check complete: 0 Error(s), 0 Warning(s), took 114.741ms to complete.
[2016.02.06-21.45.12:439][  0]LogFileHelpers: Loading map 'MainMenu' took 0.159
[2016.02.06-21.45.13:181][  0]LogCollectionManager: Loaded 0 collections in 0.006675 seconds
[2016.02.06-21.45.13:353][  0]LogFileCache: Scanning file cache for directory 'C:/Users/Sullivan/Documents/Lost Age/LostAge/Saved/Collections/' took 0.01s
[2016.02.06-21.45.13:353][  0]LogFileCache: Scanning file cache for directory 'C:/Users/Sullivan/Documents/Lost Age/LostAge/Content/Developers/Sullivan/Collections/' took 0.01s
[2016.02.06-21.45.13:353][  0]LogFileCache: Scanning file cache for directory 'C:/Users/Sullivan/Documents/Lost Age/LostAge/Content/Collections/' took 0.01s
[2016.02.06-21.45.13:353][  0]LogContentBrowser: Native class hierarchy populated in 0.1356 seconds. Added 1875 classes and 335 folders.
[2016.02.06-21.45.13:367][  0]LogCollectionManager: Rebuilt the GUID cache for 0 collections in 0.000005 seconds
[2016.02.06-21.45.13:410][  0]LogContentBrowser: Native class hierarchy updated for 'WidgetCarousel' in 0.0055 seconds. Added 0 classes and 0 folders.
[2016.02.06-21.45.20:073][  0]LogContentBrowser: Native class hierarchy updated for 'AddContentDialog' in 0.0054 seconds. Added 0 classes and 0 folders.
[2016.02.06-21.45.20:097][  0]LogContentBrowser: Native class hierarchy updated for 'SceneOutliner' in 0.0042 seconds. Added 1 classes and 2 folders.
[2016.02.06-21.45.20:399][  0]LogCrashTracker: Crashtracker disabled due to settings.
[2016.02.06-21.45.20:419][  0]LogUObjectGlobals:Warning: Failed to find object 'Class None.'
[2016.02.06-21.45.20:442][  0]LogLoad: Full Startup: 63.02 seconds (BP compile: 0.20 seconds)
[2016.02.06-21.45.20:855][  0]LogContentStreaming: Texture pool size now 1000 MB
[2016.02.06-21.45.21:103][  0]LogRenderer: Reallocating scene render targets to support 1208x576 (Frame:2).
[2016.02.06-21.45.31:927][151]LogAssetRegistry: Asset discovery search completed in 34.5753 seconds
[2016.02.06-21.45.31:927][151]LogCollectionManager: Rebuilt the object cache for 0 collections in 0.000001 seconds (found 0 objects)
[2016.02.06-21.45.31:927][151]LogCollectionManager: Fixed up redirectors for 0 collections in 0.000054 seconds (updated 0 objects)
[2016.02.06-21.46.27:607][373]LogFactory: FactoryCreateBinary: Texture with ReimportTextureFactory (0 0 ../../../../../../Users/Sullivan/Pictures/Background fantasy.jpg)
[2016.02.06-21.46.27:755][373]LogTexture:Display: Building textures: Background_fantasy (AutoDXT)
[2016.02.06-21.46.30:861][373]LogFactory: FactoryCreateBinary: Texture with ReimportTextureFactory (0 0 ../../../../../../Users/Sullivan/Pictures/Elfe.png)
[2016.02.06-21.46.30:918][373]LogTexture:Display: Building textures: Elfe (AutoDXT)
[2016.02.06-21.46.31:385][373]LogFactory: FactoryCreateBinary: Texture with ReimportTextureFactory (0 0 ../../../../../../Users/Sullivan/Pictures/LoadingCercle.png)
[2016.02.06-21.46.31:388][373]LogTexture:Display: Building textures: LoadingCercle (AutoDXT)
[2016.02.06-21.46.31:394][373]LogFactory: FactoryCreateBinary: Texture with ReimportTextureFactory (0 0 ../../../../../../Users/Sullivan/Pictures/Nain.png)
[2016.02.06-21.46.31:456][373]LogTexture:Display: Building textures: Nain (BGRA8)
[2016.02.06-21.46.37:006][640]LogSavePackage: Save=452.853363ms
[2016.02.06-21.46.37:006][640]LogSavePackage: Moving '../../../../../../Users/Sullivan/Documents/Lost Age/LostAge/Saved/Background_fantasy353E90D24027CE39FBD6198C66CDC502.tmp' to '../../../../../../Users/Sullivan/Documents/Lost Age/LostAge/Content/FirstPerson/Menus/Images/Background_fantasy.uasset'
[2016.02.06-21.46.37:013][640]LogSavePackage: Total save time: 459.846217ms
[2016.02.06-21.46.37:013][640]LogSavePackage:Warning: Finished SavePackage ../../../../../../Users/Sullivan/Documents/Lost Age/LostAge/Content/FirstPerson/Menus/Images/Background_fantasy.uasset
[2016.02.06-21.46.37:034][640]Cmd: OBJ SAVEPACKAGE PACKAGE="/Game/FirstPerson/Menus/Images/Elfe" FILE="../../../../../../Users/Sullivan/Documents/Lost Age/LostAge/Content/FirstPerson/Menus/Images/Elfe.uasset" SILENT=true
[2016.02.06-21.46.37:083][640]LogSavePackage: Save=45.812645ms
[2016.02.06-21.46.37:083][640]LogSavePackage: Moving '../../../../../../Users/Sullivan/Documents/Lost Age/LostAge/Saved/Elfe7B707E15485CA1B8CD073BB154FD1244.tmp' to '../../../../../../Users/Sullivan/Documents/Lost Age/LostAge/Content/FirstPerson/Menus/Images/Elfe.uasset'
[2016.02.06-21.46.37:086][640]LogSavePackage: Total save time: 49.959458ms
[2016.02.06-21.46.37:086][640]LogSavePackage:Warning: Finished SavePackage ../../../../../../Users/Sullivan/Documents/Lost Age/LostAge/Content/FirstPerson/Menus/Images/Elfe.uasset
[2016.02.06-21.46.37:104][640]LogSavePackage: Save=6.553333ms
[2016.02.06-21.46.37:104][640]LogSavePackage: Moving '../../../../../../Users/Sullivan/Documents/Lost Age/LostAge/Saved/LoadingCercleB99B04DB4491C8A706FD21A882CE7C3F.tmp' to '../../../../../../Users/Sullivan/Documents/Lost Age/LostAge/Content/FirstPerson/Menus/Images/LoadingCercle.uasset'
[2016.02.06-21.46.37:108][640]LogSavePackage: Total save time: 11.001352ms
[2016.02.06-21.46.37:108][640]LogSavePackage:Warning: Finished SavePackage ../../../../../../Users/Sullivan/Documents/Lost Age/LostAge/Content/FirstPerson/Menus/Images/LoadingCercle.uasset
[2016.02.06-21.46.37:124][640]Cmd: OBJ SAVEPACKAGE PACKAGE="/Game/FirstPerson/Menus/Images/Nain" FILE="../../../../../../Users/Sullivan/Documents/Lost Age/LostAge/Content/FirstPerson/Menus/Images/Nain.uasset" SILENT=true
[2016.02.06-21.46.37:210][640]LogSavePackage: Save=83.068382ms
[2016.02.06-21.46.37:210][640]LogSavePackage: Moving '../../../../../../Users/Sullivan/Documents/Lost Age/LostAge/Saved/Nain939EE0944C5220B9488A43BAF44EB592.tmp' to '../../../../../../Users/Sullivan/Documents/Lost Age/LostAge/Content/FirstPerson/Menus/Images/Nain.uasset'
[2016.02.06-21.46.37:213][640]LogSavePackage: Total save time: 86.833227ms
[2016.02.06-21.46.37:213][640]LogSavePackage:Warning: Finished SavePackage ../../../../../../Users/Sullivan/Documents/Lost Age/LostAge/Content/FirstPerson/Menus/Images/Nain.uasset
[2016.02.06-21.46.37:252][640]LogActorComponent: UnregisterComponent: (/Engine/Transient.CharMoveComp) Not registered. Aborting.
[2016.02.06-21.46.39:349][756]LogActorComponent: UnregisterComponent: (/Engine/Transient.CharMoveComp) Not registered. Aborting.
[2016.02.06-21.46.39:392][756]Cmd: OBJ SAVEPACKAGE PACKAGE="/Game/FirstPerson/Menus/Background_fantasy" FILE="../../../../../../Users/Sullivan/Documents/Lost Age/LostAge/Content/FirstPerson/Menus/Background_fantasy.uasset" SILENT=true
[2016.02.06-21.46.39:400][756]LogSavePackage: Save=4.726468ms
[2016.02.06-21.46.39:400][756]LogSavePackage: Moving '../../../../../../Users/Sullivan/Documents/Lost Age/LostAge/Saved/Background_fantasyB77252FA42FADC2C473F30B1F25C3697.tmp' to '../../../../../../Users/Sullivan/Documents/Lost Age/LostAge/Content/FirstPerson/Menus/Background_fantasy.uasset'
[2016.02.06-21.46.39:405][756]LogSavePackage: Total save time: 10.166459ms
[2016.02.06-21.46.39:405][756]LogSavePackage:Warning: Finished SavePackage ../../../../../../Users/Sullivan/Documents/Lost Age/LostAge/Content/FirstPerson/Menus/Background_fantasy.uasset
[2016.02.06-21.46.39:412][756]Cmd: OBJ SAVEPACKAGE PACKAGE="/Game/FirstPerson/Menus/Elfe" FILE="../../../../../../Users/Sullivan/Documents/Lost Age/LostAge/Content/FirstPerson/Menus/Elfe.uasset" SILENT=true
[2016.02.06-21.46.39:420][756]LogSavePackage: Save=5.320400ms
[2016.02.06-21.46.39:420][756]LogSavePackage: Moving '../../../../../../Users/Sullivan/Documents/Lost Age/LostAge/Saved/ElfeE24609D64CD479C2C5515FB756DB9F3E.tmp' to '../../../../../../Users/Sullivan/Documents/Lost Age/LostAge/Content/FirstPerson/Menus/Elfe.uasset'
[2016.02.06-21.46.39:425][756]LogSavePackage: Total save time: 10.296308ms
[2016.02.06-21.46.39:425][756]LogSavePackage:Warning: Finished SavePackage ../../../../../../Users/Sullivan/Documents/Lost Age/LostAge/Content/FirstPerson/Menus/Elfe.uasset
[2016.02.06-21.46.39:431][756]Cmd: OBJ SAVEPACKAGE PACKAGE="/Game/FirstPerson/Menus/LoadingCercle" FILE="../../../../../../Users/Sullivan/Documents/Lost Age/LostAge/Content/FirstPerson/Menus/LoadingCercle.uasset" SILENT=true
[2016.02.06-21.46.39:479][756]LogSavePackage: Save=45.385601ms
[2016.02.06-21.46.39:479][756]LogSavePackage: Moving '../../../../../../Users/Sullivan/Documents/Lost Age/LostAge/Saved/LoadingCercle64AF87A84488DAC3906E57A2EE5953DC.tmp' to '../../../../../../Users/Sullivan/Documents/Lost Age/LostAge/Content/FirstPerson/Menus/LoadingCercle.uasset'
[2016.02.06-21.46.39:482][756]LogSavePackage: Total save time: 49.533758ms
[2016.02.06-21.46.39:482][756]LogSavePackage:Warning: Finished SavePackage ../../../../../../Users/Sullivan/Documents/Lost Age/LostAge/Content/FirstPerson/Menus/LoadingCercle.uasset
[2016.02.06-21.46.39:505][756]Cmd: OBJ SAVEPACKAGE PACKAGE="/Game/FirstPerson/Menus/Nain" FILE="../../../../../../Users/Sullivan/Documents/Lost Age/LostAge/Content/FirstPerson/Menus/Nain.uasset" SILENT=true
[2016.02.06-21.46.39:513][756]LogSavePackage: Save=5.425710ms
[2016.02.06-21.46.39:513][756]LogSavePackage: Moving '../../../../../../Users/Sullivan/Documents/Lost Age/LostAge/Saved/Nain2232715B48C30524D91757A9F75F2A75.tmp' to '../../../../../../Users/Sullivan/Documents/Lost Age/LostAge/Content/FirstPerson/Menus/Nain.uasset'
[2016.02.06-21.46.39:517][756]LogSavePackage: Total save time: 9.601086ms
[2016.02.06-21.46.39:517][756]LogSavePackage:Warning: Finished SavePackage ../../../../../../Users/Sullivan/Documents/Lost Age/LostAge/Content/FirstPerson/Menus/Nain.uasset
[2016.02.06-21.46.46:625][175]LogBlueprint:Error: [compiler ClassesSelectionScreen] Error Could not find a function named "SetClassChossed" in 'LostAgeGameInstance'.
Make sure 'LostAgeGameInstance' has been compiled for  Set Class Chossed 
[2016.02.06-21.46.46:648][175]LogBlueprint:Warning: [compiler ClassesSelectionScreen] Warning [0149.23] Compile of ClassesSelectionScreen failed. 1 Fatal Issue(s) 0 Warning(s) [in 28 ms]
[2016.02.06-21.46.46:649][175]LogBlueprint:Warning: [compiler ClassesSelectionScreen] Warning [0149.23] Compile of ClassesSelectionScreen failed. 1 Fatal Issue(s) 1 Warning(s) [in 0 ms]
[2016.02.06-21.46.46:649][175]LogBlueprint:Warning: [compiler ClassesSelectionScreen] Warning [0149.23] Compile of ClassesSelectionScreen failed. 1 Fatal Issue(s) 2 Warning(s) [in 0 ms]
[2016.02.06-21.46.46:737][175]LogLinker:Warning: Asset '../../../Engine/Content/ArtTools/RenderToTexture/Macros/RenderToTextureMacros.uasset' has been saved with empty engine version. The asset will be loaded but may be incompatible.
[2016.02.06-21.46.47:701][175]LogContentBrowser: Native class hierarchy updated for 'BlueprintGraph' in 0.0039 seconds. Added 107 classes and 0 folders.
[2016.02.06-21.49.13:416][765]LogFactory: FactoryCreateBinary: Texture with ReimportTextureFactory (0 0 ../../../../../../Users/Sullivan/Pictures/Bordure.png)
[2016.02.06-21.49.13:418][765]LogTexture:Display: Building textures: Bordure (AutoDXT)
[2016.02.06-21.49.15:073][842]LogSavePackage: Save=89.378967ms
[2016.02.06-21.49.15:073][842]LogSavePackage: Moving '../../../../../../Users/Sullivan/Documents/Lost Age/LostAge/Saved/ClassesSelectionScreenF7157A42434ECBA8171B51AA2296A323.tmp' to '../../../../../../Users/Sullivan/Documents/Lost Age/LostAge/Content/FirstPerson/Menus/ClassesSelectionScreen.uasset'
[2016.02.06-21.49.15:078][842]LogSavePackage: Total save time: 109.029595ms
[2016.02.06-21.49.15:078][842]LogSavePackage:Warning: Finished SavePackage ../../../../../../Users/Sullivan/Documents/Lost Age/LostAge/Content/FirstPerson/Menus/ClassesSelectionScreen.uasset
[2016.02.06-21.49.15:089][842]Cmd: OBJ SAVEPACKAGE PACKAGE="/Game/FirstPerson/Menus/Images/Bordure" FILE="../../../../../../Users/Sullivan/Documents/Lost Age/LostAge/Content/FirstPerson/Menus/Images/Bordure.uasset" SILENT=true
[2016.02.06-21.49.15:100][842]LogSavePackage: Save=7.879082ms
[2016.02.06-21.49.15:100][842]LogSavePackage: Moving '../../../../../../Users/Sullivan/Documents/Lost Age/LostAge/Saved/Bordure58B95E7343B2AFC7BB74EC8266DFB2FD.tmp' to '../../../../../../Users/Sullivan/Documents/Lost Age/LostAge/Content/FirstPerson/Menus/Images/Bordure.uasset'
[2016.02.06-21.49.15:105][842]LogSavePackage: Total save time: 13.559591ms
[2016.02.06-21.49.15:105][842]LogSavePackage:Warning: Finished SavePackage ../../../../../../Users/Sullivan/Documents/Lost Age/LostAge/Content/FirstPerson/Menus/Images/Bordure.uasset
[2016.02.06-21.50.47:763][281]LogSavePackage: Save=89.874733ms
[2016.02.06-21.50.47:763][281]LogSavePackage: Moving '../../../../../../Users/Sullivan/Documents/Lost Age/LostAge/Saved/ClassesSelectionScreenE21BE454443D9EF258552E984BBF7F7A.tmp' to '../../../../../../Users/Sullivan/Documents/Lost Age/LostAge/Content/FirstPerson/Menus/ClassesSelectionScreen.uasset'
[2016.02.06-21.50.47:768][281]LogSavePackage: Total save time: 103.725262ms
[2016.02.06-21.50.47:769][281]LogSavePackage:Warning: Finished SavePackage ../../../../../../Users/Sullivan/Documents/Lost Age/LostAge/Content/FirstPerson/Menus/ClassesSelectionScreen.uasset
[2016.02.06-21.51.13:922][831]LogSavePackage: Save=89.941216ms
[2016.02.06-21.51.13:922][831]LogSavePackage: Moving '../../../../../../Users/Sullivan/Documents/Lost Age/LostAge/Saved/ClassesSelectionScreenFE7F6D674961901B1707D5B0B431C3C3.tmp' to '../../../../../../Users/Sullivan/Documents/Lost Age/LostAge/Content/FirstPerson/Menus/ClassesSelectionScreen.uasset'
[2016.02.06-21.51.13:926][831]LogSavePackage: Total save time: 101.720795ms
[2016.02.06-21.51.13:926][831]LogSavePackage:Warning: Finished SavePackage ../../../../../../Users/Sullivan/Documents/Lost Age/LostAge/Content/FirstPerson/Menus/ClassesSelectionScreen.uasset
[2016.02.06-21.52.06:828][931]LogEditorTransaction: Undo Resize Widget
[2016.02.06-21.52.07:610][975]LogEditorTransaction: Undo Edit Bottom
[2016.02.06-21.52.07:818][985]LogEditorTransaction: Undo Edit Right
[2016.02.06-21.52.08:007][994]LogEditorTransaction: Undo Edit Top
[2016.02.06-21.52.08:233][  5]LogEditorTransaction: Undo Edit Left
[2016.02.06-21.52.08:625][ 26]LogEditorTransaction: Undo Changed Anchors
[2016.02.06-21.52.08:857][ 37]LogEditorTransaction: Undo Edit Top
[2016.02.06-21.52.09:380][ 66]LogEditorTransaction: Undo Edit Left
[2016.02.06-21.52.09:723][ 84]LogEditorTransaction: Undo Changed Anchors
[2016.02.06-21.52.10:415][123]LogEditorTransaction: Undo Add Widget
[2016.02.06-21.54.53:630][864]BlueprintLog: New page: Compile LoadingScreen
[2016.02.06-21.54.53:826][864]BlueprintEditorCompileResults: Info [0636.41] Compile of LoadingScreen successful! [in 196 ms]
[2016.02.06-21.55.16:393][931]Cmd: OBJ SAVEPACKAGE PACKAGE="/Game/FirstPerson/Menus/LoadingScreen" FILE="../../../../../../Users/Sullivan/Documents/Lost Age/LostAge/Content/FirstPerson/Menus/LoadingScreen.uasset" SILENT=true
[2016.02.06-21.55.16:419][931]LogSavePackage: Save=22.549339ms
[2016.02.06-21.55.16:419][931]LogSavePackage: Moving '../../../../../../Users/Sullivan/Documents/Lost Age/LostAge/Saved/LoadingScreenAE6E21FD420DB135778EAE90C6D824FD.tmp' to '../../../../../../Users/Sullivan/Documents/Lost Age/LostAge/Content/FirstPerson/Menus/LoadingScreen.uasset'
[2016.02.06-21.55.16:422][931]LogSavePackage: Total save time: 26.592180ms
[2016.02.06-21.55.16:422][931]LogSavePackage:Warning: Finished SavePackage ../../../../../../Users/Sullivan/Documents/Lost Age/LostAge/Content/FirstPerson/Menus/LoadingScreen.uasset
[2016.02.06-21.58.31:962][481]LogParticles: Destroying 0 GPU particle simulations for FXSystem 0x000000C4B4F4B2E0
[2016.02.06-21.58.31:966][481]LogParticles: Destroying 0 GPU particle simulations for FXSystem 0x000000C4CFC84B80
[2016.02.06-21.58.31:966][481]LogParticles: Destroying 0 GPU particle simulations for FXSystem 0x000000C4DB4F58A0
[2016.02.06-21.58.31:968][481]LogParticles: Destroying 0 GPU particle simulations for FXSystem 0x000000C4DB4F53A0
[2016.02.06-21.58.31:969][481]LogParticles: Destroying 0 GPU particle simulations for FXSystem 0x000000C4DE89F560
[2016.02.06-21.58.31:970][481]LogParticles: Destroying 0 GPU particle simulations for FXSystem 0x000000C4DE89F7E0
[2016.02.06-21.58.31:971][481]LogParticles: Destroying 0 GPU particle simulations for FXSystem 0x000000C4D3696AC0
[2016.02.06-21.58.31:972][481]LogParticles: Destroying 0 GPU particle simulations for FXSystem 0x000000C4D3697380
[2016.02.06-21.58.32:170][481]LogSavePackage: Save=135.458008ms
[2016.02.06-21.58.32:170][481]LogSavePackage: Moving '../../../../../../Users/Sullivan/Documents/Lost Age/LostAge/Saved/ClassesSelectionScreen4A025EA845FB2CA31782888E9E10ABE9.tmp' to '../../../../../../Users/Sullivan/Documents/Lost Age/LostAge/Content/FirstPerson/Menus/ClassesSelectionScreen.uasset'
[2016.02.06-21.58.32:176][481]LogSavePackage: Total save time: 154.315244ms
[2016.02.06-21.58.32:176][481]LogSavePackage:Warning: Finished SavePackage ../../../../../../Users/Sullivan/Documents/Lost Age/LostAge/Content/FirstPerson/Menus/ClassesSelectionScreen.uasset
[2016.02.06-21.59.33:131][714]LogSavePackage: Save=103.512856ms
[2016.02.06-21.59.33:131][714]LogSavePackage: Moving '../../../../../../Users/Sullivan/Documents/Lost Age/LostAge/Saved/ClassesSelectionScreen56776BBA4A9E735225FBC894FD2ACC25.tmp' to '../../../../../../Users/Sullivan/Documents/Lost Age/LostAge/Content/FirstPerson/Menus/ClassesSelectionScreen.uasset'
[2016.02.06-21.59.33:136][714]LogSavePackage: Total save time: 115.687795ms
[2016.02.06-21.59.33:136][714]LogSavePackage:Warning: Finished SavePackage ../../../../../../Users/Sullivan/Documents/Lost Age/LostAge/Content/FirstPerson/Menus/ClassesSelectionScreen.uasset
[2016.02.06-21.59.36:074][883]BlueprintLog: New page: Compile ClassesSelectionScreen
[2016.02.06-21.59.36:111][883]LogBlueprint:Error: [compiler ClassesSelectionScreen] Error Could not find a function named "SetClassChossed" in 'LostAgeGameInstance'.
Make sure 'LostAgeGameInstance' has been compiled for  Set Class Chossed 
[2016.02.06-21.59.36:360][883]LogBlueprint:Warning: [compiler ClassesSelectionScreen] Warning [0918.94] Compile of ClassesSelectionScreen failed. 1 Fatal Issue(s) 0 Warning(s) [in 286 ms]
[2016.02.06-21.59.36:360][883]BlueprintEditorCompileResults:Error: Error Could not find a function named "SetClassChossed" in 'LostAgeGameInstance'.
Make sure 'LostAgeGameInstance' has been compiled for  Set Class Chossed 
[2016.02.06-21.59.36:360][883]BlueprintEditorCompileResults:Warning: Warning [0918.94] Compile of ClassesSelectionScreen failed. 1 Fatal Issue(s) 0 Warning(s) [in 286 ms]
[2016.02.06-21.59.47:701][307]Cmd: QUIT_EDITOR
[2016.02.06-21.59.47:951][307]LogWindowsTextInputMethodSystem:Display: IME system now deactivated.
[2016.02.06-21.59.48:156][307]LogExit: Preparing to exit.
[2016.02.06-21.59.48:438][307]LogActorComponent: UnregisterComponent: (None.None) Not registered. Aborting.
[2016.02.06-21.59.48:438][307]LogActorComponent: UnregisterComponent: (None.None) Not registered. Aborting.
[2016.02.06-21.59.48:438][307]LogActorComponent: UnregisterComponent: (None.None) Not registered. Aborting.
[2016.02.06-21.59.48:438][307]LogActorComponent: UnregisterComponent: (None.None) Not registered. Aborting.
[2016.02.06-21.59.48:438][307]LogActorComponent: UnregisterComponent: (None.None) Not registered. Aborting.
[2016.02.06-21.59.48:438][307]LogActorComponent: UnregisterComponent: (None.None) Not registered. Aborting.
[2016.02.06-21.59.48:439][307]LogActorComponent: UnregisterComponent: (None.None) Not registered. Aborting.
[2016.02.06-21.59.48:439][307]LogActorComponent: UnregisterComponent: (None.None) Not registered. Aborting.
[2016.02.06-21.59.48:439][307]LogActorComponent: UnregisterComponent: (None.None) Not registered. Aborting.
[2016.02.06-21.59.48:439][307]LogActorComponent: UnregisterComponent: (None.None) Not registered. Aborting.
[2016.02.06-21.59.48:439][307]LogActorComponent: UnregisterComponent: (None.None) Not registered. Aborting.
[2016.02.06-21.59.48:439][307]LogActorComponent: UnregisterComponent: (None.None) Not registered. Aborting.
[2016.02.06-21.59.48:495][307]LogParticles: Destroying 0 GPU particle simulations for FXSystem 0x000000C4AFAC9080
[2016.02.06-21.59.48:495][307]LogParticles: Destroying 0 GPU particle simulations for FXSystem 0x000000C4AEE2C7C0
[2016.02.06-21.59.48:503][307]LogExit: Editor shut down
[2016.02.06-21.59.48:503][307]LogExit: Transaction tracking system shut down
[2016.02.06-21.59.48:505][307]LogParticles: Destroying 0 GPU particle simulations for FXSystem 0x000000C4AF67D6C0
[2016.02.06-21.59.48:507][307]LogParticles: Destroying 0 GPU particle simulations for FXSystem 0x000000C4B4F4BA60
[2016.02.06-21.59.48:513][307]LogParticles: Destroying 0 GPU particle simulations for FXSystem 0x000000C4D493EFC0
[2016.02.06-21.59.48:514][307]LogParticles: Destroying 0 GPU particle simulations for FXSystem 0x000000C4DE1C6AC0
[2016.02.06-21.59.48:515][307]LogParticles: Destroying 0 GPU particle simulations for FXSystem 0x000000C4CE2ED580
[2016.02.06-21.59.48:516][307]LogParticles: Destroying 0 GPU particle simulations for FXSystem 0x000000C4CE2EECA0
[2016.02.06-21.59.48:777][307]LogExit: Object subsystem successfully closed.
[2016.02.06-21.59.48:792][307]LogD3D11RHI: Shutdown
[2016.02.06-21.59.48:792][307]LogD3D11RHI: CleanupD3DDevice
[2016.02.06-21.59.48:872][307]LogD3D11RHI: ~FD3D11DynamicRHI
[2016.02.06-21.59.48:918][307]LogModuleManager: Shutting down and abandoning module SequencerWidgets (202)
[2016.02.06-21.59.48:918][307]LogModuleManager: Shutting down and abandoning module BlueprintGraph (201)
[2016.02.06-21.59.48:918][307]LogModuleManager: Shutting down and abandoning module CrashTracker (200)
[2016.02.06-21.59.48:918][307]LogModuleManager: Shutting down and abandoning module SceneOutliner (199)
[2016.02.06-21.59.48:918][307]LogModuleManager: Shutting down and abandoning module SuperSearch (198)
[2016.02.06-21.59.48:918][307]LogModuleManager: Shutting down and abandoning module WidgetCarousel (197)
[2016.02.06-21.59.48:918][307]LogModuleManager: Shutting down and abandoning module AddContentDialog (196)
[2016.02.06-21.59.48:919][307]LogModuleManager: Shutting down and abandoning module EditorWidgets (195)
[2016.02.06-21.59.48:919][307]LogModuleManager: Shutting down and abandoning module CollectionManager (194)
[2016.02.06-21.59.48:920][307]LogModuleManager: Shutting down and abandoning module StatsViewer (193)
[2016.02.06-21.59.48:920][307]LogModuleManager: Shutting down and abandoning module FoliageEdit (192)
[2016.02.06-21.59.48:920][307]LogModuleManager: Shutting down and abandoning module LandscapeEditor (191)
[2016.02.06-21.59.48:920][307]LogModuleManager: Shutting down and abandoning module ActorPickerMode (190)
[2016.02.06-21.59.48:920][307]LogModuleManager: Shutting down and abandoning module GeometryMode (189)
[2016.02.06-21.59.48:920][307]LogModuleManager: Shutting down and abandoning module TextureAlignMode (188)
[2016.02.06-21.59.48:920][307]LogModuleManager: Shutting down and abandoning module BspMode (187)
[2016.02.06-21.59.48:920][307]LogModuleManager: Shutting down and abandoning module PlacementMode (186)
[2016.02.06-21.59.48:920][307]LogModuleManager: Shutting down and abandoning module AutomationWorker (185)
[2016.02.06-21.59.48:920][307]LogModuleManager: Shutting down and abandoning module CharacterAI (184)
[2016.02.06-21.59.48:920][307]LogModuleManager: Shutting down and abandoning module SmartSnapping (183)
[2016.02.06-21.59.48:920][307]LogModuleManager: Shutting down and abandoning module ViewportSnapping (182)
[2016.02.06-21.59.48:920][307]LogModuleManager: Shutting down and abandoning module LogVisualizer (181)
[2016.02.06-21.59.48:920][307]LogModuleManager: Shutting down and abandoning module GameProjectGeneration (180)
[2016.02.06-21.59.48:920][307]LogModuleManager: Shutting down and abandoning module IntroTutorials (179)
[2016.02.06-21.59.48:920][307]LogModuleManager: Shutting down and abandoning module EditorLiveStreaming (178)
[2016.02.06-21.59.48:921][307]LogModuleManager: Shutting down and abandoning module IOSPlatformEditor (177)
[2016.02.06-21.59.48:921][307]LogModuleManager: Shutting down and abandoning module HTML5PlatformEditor (176)
[2016.02.06-21.59.48:921][307]LogModuleManager: Shutting down and abandoning module AndroidDeviceDetection (175)
[2016.02.06-21.59.49:736][307]LogModuleManager: Shutting down and abandoning module AndroidPlatformEditor (174)
[2016.02.06-21.59.49:736][307]LogModuleManager: Shutting down and abandoning module IOSRuntimeSettings (173)
[2016.02.06-21.59.49:736][307]LogModuleManager: Shutting down and abandoning module AndroidRuntimeSettings (172)
[2016.02.06-21.59.49:736][307]LogModuleManager: Shutting down and abandoning module MergeActors (171)
[2016.02.06-21.59.49:736][307]LogModuleManager: Shutting down and abandoning module SizeMap (170)
[2016.02.06-21.59.49:736][307]LogModuleManager: Shutting down and abandoning module TreeMap (169)
[2016.02.06-21.59.49:736][307]LogModuleManager: Shutting down and abandoning module ReferenceViewer (168)
[2016.02.06-21.59.49:736][307]LogModuleManager: Shutting down and abandoning module LocalizationService (167)
[2016.02.06-21.59.49:736][307]LogModuleManager: Shutting down and abandoning module LocalizationDashboard (166)
[2016.02.06-21.59.49:736][307]LogModuleManager: Shutting down and abandoning module HardwareTargeting (165)
[2016.02.06-21.59.49:736][307]LogModuleManager: Shutting down and abandoning module DeviceProfileEditor (164)
[2016.02.06-21.59.49:736][307]LogModuleManager: Shutting down and abandoning module UndoHistory (163)
[2016.02.06-21.59.49:736][307]LogModuleManager: Shutting down and abandoning module GameplayTagsEditor (162)
[2016.02.06-21.59.49:736][307]LogModuleManager: Shutting down and abandoning module UserFeedback (161)
[2016.02.06-21.59.49:736][307]LogModuleManager: Shutting down and abandoning module XmlParser (160)
[2016.02.06-21.59.49:736][307]LogModuleManager: Shutting down and abandoning module Blutility (159)
[2016.02.06-21.59.49:736][307]LogModuleManager: Shutting down and abandoning module ProjectTargetPlatformEditor (158)
[2016.02.06-21.59.49:736][307]LogModuleManager: Shutting down and abandoning module ProjectSettingsViewer (157)
[2016.02.06-21.59.49:736][307]LogModuleManager: Shutting down and abandoning module InputBindingEditor (156)
[2016.02.06-21.59.49:737][307]LogModuleManager: Shutting down and abandoning module EditorSettingsViewer (155)
[2016.02.06-21.59.49:737][307]LogModuleManager: Shutting down and abandoning module SettingsEditor (154)
[2016.02.06-21.59.49:737][307]LogModuleManager: Shutting down and abandoning module ProjectLauncher (153)
[2016.02.06-21.59.49:737][307]LogModuleManager: Shutting down and abandoning module SessionFrontend (152)
[2016.02.06-21.59.49:737][307]LogModuleManager: Shutting down and abandoning module ProfilerClient (151)
[2016.02.06-21.59.49:737][307]LogModuleManager: Shutting down and abandoning module TargetDeviceServices (150)
[2016.02.06-21.59.49:737][307]LogModuleManager: Shutting down and abandoning module DeviceManager (149)
[2016.02.06-21.59.49:737][307]LogModuleManager: Shutting down and abandoning module AutomationController (148)
[2016.02.06-21.59.49:737][307]LogModuleManager: Shutting down and abandoning module AutomationWindow (147)
[2016.02.06-21.59.49:737][307]LogModuleManager: Shutting down and abandoning module Layers (146)
[2016.02.06-21.59.49:737][307]LogModuleManager: Shutting down and abandoning module ComponentVisualizers (145)
[2016.02.06-21.59.49:737][307]LogModuleManager: Shutting down and abandoning module DetailCustomizations (144)
[2016.02.06-21.59.49:737][307]LogModuleManager: Shutting down and abandoning module PackagesDialog (143)
[2016.02.06-21.59.49:737][307]LogModuleManager: Shutting down and abandoning module Persona (142)
[2016.02.06-21.59.49:737][307]LogModuleManager: Shutting down and abandoning module Kismet (141)
[2016.02.06-21.59.49:737][307]LogModuleManager: Shutting down and abandoning module GraphEditor (140)
[2016.02.06-21.59.49:737][307]LogModuleManager: Shutting down and abandoning module ClassViewer (139)
[2016.02.06-21.59.49:739][307]LogModuleManager: Shutting down and abandoning module Toolbox (138)
[2016.02.06-21.59.49:739][307]LogModuleManager: Shutting down and abandoning module ModuleUI (137)
[2016.02.06-21.59.49:739][307]LogModuleManager: Shutting down and abandoning module MovieSceneTools (136)
[2016.02.06-21.59.49:739][307]LogModuleManager: Shutting down and abandoning module OutputLog (135)
[2016.02.06-21.59.49:739][307]LogModuleManager: Shutting down and abandoning module GammaUI (134)
[2016.02.06-21.59.49:739][307]LogModuleManager: Shutting down and abandoning module Documentation (133)
[2016.02.06-21.59.49:740][307]LogModuleManager: Shutting down and abandoning module GameLiveStreaming (132)
[2016.02.06-21.59.49:740][307]LogModuleManager: Shutting down and abandoning module StreamingPauseRendering (131)
[2016.02.06-21.59.49:740][307]LogModuleManager: Shutting down and abandoning module AnalyticsET (130)
[2016.02.06-21.59.49:740][307]LogModuleManager: Shutting down and abandoning module Analytics (129)
[2016.02.06-21.59.49:740][307]LogModuleManager: Shutting down and abandoning module AITestSuite (128)
[2016.02.06-21.59.49:740][307]LogModuleManager: Shutting down and abandoning module GameplayDebugger (127)
[2016.02.06-21.59.49:740][307]LogModuleManager: Shutting down and abandoning module AIModule (126)
[2016.02.06-21.59.49:740][307]LogModuleManager: Shutting down and abandoning module ProfilerService (125)
[2016.02.06-21.59.49:965][307]LogModuleManager: Shutting down and abandoning module TaskGraph (124)
[2016.02.06-21.59.49:965][307]LogModuleManager: Shutting down and abandoning module SlateRemote (123)
[2016.02.06-21.59.49:965][307]LogModuleManager: Shutting down and abandoning module SteamVRController (122)
[2016.02.06-21.59.49:965][307]LogModuleManager: Shutting down and abandoning module SteamVR (121)
[2016.02.06-21.59.49:965][307]LogModuleManager: Shutting down and abandoning module ProceduralMeshComponent (120)
[2016.02.06-21.59.49:965][307]LogModuleManager: Shutting down and abandoning module OculusRift (119)
[2016.02.06-21.59.49:965][307]LogModuleManager: Shutting down and abandoning module OculusLibrary (118)
[2016.02.06-21.59.49:965][307]LogModuleManager: Shutting down and abandoning module LeapMotionController (117)
[2016.02.06-21.59.49:984][307]LogModuleManager: Shutting down and abandoning module CustomMeshComponent (116)
[2016.02.06-21.59.49:984][307]LogModuleManager: Shutting down and abandoning module CableComponent (115)
[2016.02.06-21.59.49:984][307]LogModuleManager: Shutting down and abandoning module ArchVisCharacter (114)
[2016.02.06-21.59.49:984][307]LogModuleManager: Shutting down and abandoning module MessagingDebugger (113)
[2016.02.06-21.59.49:984][307]LogModuleManager: Shutting down and abandoning module MediaPlayerEditor (112)
[2016.02.06-21.59.49:984][307]LogModuleManager: Shutting down and abandoning module HTML5Networking (111)
[2016.02.06-21.59.49:984][307]LogModuleManager: Shutting down and abandoning module SpeedTreeImporter (110)
[2016.02.06-21.59.49:984][307]LogModuleManager: Shutting down and abandoning module PluginBrowser (109)
[2016.02.06-21.59.49:984][307]LogModuleManager: Shutting down and abandoning module EpicSurvey (108)
[2016.02.06-21.59.49:985][307]LogModuleManager: Shutting down and abandoning module DesktopPlatform (107)
[2016.02.06-21.59.49:985][307]LogModuleManager: Shutting down and abandoning module VisualStudioSourceCodeAccess (106)
[2016.02.06-21.59.49:985][307]LogModuleManager: Shutting down and abandoning module UObjectPlugin (105)
[2016.02.06-21.59.49:985][307]LogModuleManager: Shutting down and abandoning module SubversionSourceControl (104)
[2016.02.06-21.59.49:985][307]LogModuleManager: Shutting down and abandoning module PerforceSourceControl (103)
[2016.02.06-21.59.49:985][307]LogModuleManager: Shutting down and abandoning module SourceControl (102)
[2016.02.06-21.59.49:985][307]LogModuleManager: Shutting down and abandoning module GitSourceControl (101)
[2016.02.06-21.59.49:985][307]LogModuleManager: Shutting down and abandoning module LightPropagationVolumeEditor (100)
[2016.02.06-21.59.49:985][307]LogModuleManager: Shutting down and abandoning module PaperTiledImporter (99)
[2016.02.06-21.59.49:985][307]LogModuleManager: Shutting down and abandoning module PaperSpriteSheetImporter (98)
[2016.02.06-21.59.49:985][307]LogModuleManager: Shutting down and abandoning module MeshPaint (97)
[2016.02.06-21.59.49:985][307]LogModuleManager: Shutting down and abandoning module SlateReflector (96)
[2016.02.06-21.59.49:985][307]LogModuleManager: Shutting down and abandoning module HotReload (95)
[2016.02.06-21.59.49:985][307]LogModuleManager: Shutting down and abandoning module MainFrame (94)
[2016.02.06-21.59.49:985][307]LogModuleManager: Shutting down and abandoning module LevelEditor (93)
[2016.02.06-21.59.49:986][307]LogModuleManager: Shutting down and abandoning module DirectoryWatcher (92)
[2016.02.06-21.59.49:988][307]LogModuleManager: Shutting down and abandoning module AssetRegistry (91)
[2016.02.06-21.59.50:060][307]LogModuleManager: Shutting down and abandoning module ContentBrowser (90)
[2016.02.06-21.59.50:061][307]LogModuleManager: Shutting down and abandoning module Paper2DEditor (89)
[2016.02.06-21.59.50:061][307]LogModuleManager: Shutting down and abandoning module LostAge (88)
[2016.02.06-21.59.50:061][307]LogModuleManager: Shutting down and abandoning module UdpMessaging (87)
[2016.02.06-21.59.50:162][307]LogModuleManager: Shutting down and abandoning module LightPropagationVolumeRuntime (86)
[2016.02.06-21.59.50:162][307]LogModuleManager: Shutting down and abandoning module Paper2D (85)
[2016.02.06-21.59.50:162][307]LogModuleManager: Shutting down and abandoning module WindowsMoviePlayer (84)
[2016.02.06-21.59.50:162][307]LogModuleManager: Shutting down and abandoning module Media (83)
[2016.02.06-21.59.50:162][307]LogModuleManager: Shutting down and abandoning module WmfMedia (82)
[2016.02.06-21.59.50:162][307]LogModuleManager: Shutting down and abandoning module OnlineBlueprintSupport (81)
[2016.02.06-21.59.50:162][307]LogModuleManager: Shutting down and abandoning module GameplayTasksEditor (80)
[2016.02.06-21.59.50:162][307]LogModuleManager: Shutting down and abandoning module PropertyEditor (79)
[2016.02.06-21.59.50:162][307]LogModuleManager: Shutting down and abandoning module BehaviorTreeEditor (78)
[2016.02.06-21.59.50:162][307]LogModuleManager: Shutting down and abandoning module FunctionalTesting (77)
[2016.02.06-21.59.50:162][307]LogModuleManager: Shutting down and abandoning module CollisionAnalyzer (76)
[2016.02.06-21.59.50:162][307]LogModuleManager: Shutting down and abandoning module WorkspaceMenuStructure (75)
[2016.02.06-21.59.50:162][307]LogModuleManager: Shutting down and abandoning module MessageLog (74)
[2016.02.06-21.59.50:162][307]LogModuleManager: Shutting down and abandoning module Sequencer (73)
[2016.02.06-21.59.50:162][307]LogModuleManager: Shutting down and abandoning module AssetTools (72)
[2016.02.06-21.59.50:162][307]LogModuleManager: Shutting down and abandoning module UMGEditor (71)
[2016.02.06-21.59.50:162][307]LogModuleManager: Shutting down and abandoning module UMG (70)
[2016.02.06-21.59.50:162][307]LogModuleManager: Shutting down and abandoning module Slate (69)
[2016.02.06-21.59.50:162][307]LogModuleManager: Shutting down and abandoning module EditorStyle (68)
[2016.02.06-21.59.50:165][307]LogModuleManager: Shutting down and abandoning module SessionServices (67)
[2016.02.06-21.59.50:165][307]LogModuleManager: Shutting down and abandoning module SourceCodeAccess (66)
[2016.02.06-21.59.50:165][307]LogModuleManager: Shutting down and abandoning module HeadMountedDisplay (65)
[2016.02.06-21.59.50:165][307]LogModuleManager: Shutting down and abandoning module XAudio2 (64)
[2016.02.06-21.59.50:165][307]LogModuleManager: Shutting down and abandoning module Networking (63)
[2016.02.06-21.59.50:165][307]LogModuleManager: Shutting down and abandoning module Core (62)
[2016.02.06-21.59.50:165][307]LogModuleManager: Shutting down and abandoning module KismetCompiler (61)
[2016.02.06-21.59.50:165][307]LogModuleManager: Shutting down and abandoning module PhysXFormats (60)
[2016.02.06-21.59.50:165][307]LogModuleManager: Shutting down and abandoning module MeshUtilities (59)
[2016.02.06-21.59.50:165][307]LogModuleManager: Shutting down and abandoning module CookingStats (58)
[2016.02.06-21.59.50:166][307]LogModuleManager: Shutting down and abandoning module DerivedDataCache (57)
[2016.02.06-21.59.50:263][307]LogDerivedDataCache: Shutdown
[2016.02.06-21.59.50:263][307]LogModuleManager: Shutting down and abandoning module ShaderFormatOpenGL (56)
[2016.02.06-21.59.50:263][307]LogModuleManager: Shutting down and abandoning module ShaderFormatD3D (55)
[2016.02.06-21.59.50:263][307]LogModuleManager: Shutting down and abandoning module MetalShaderFormat (54)
[2016.02.06-21.59.50:263][307]LogModuleManager: Shutting down and abandoning module TextureFormatUncompressed (53)
[2016.02.06-21.59.50:263][307]LogModuleManager: Shutting down and abandoning module TextureFormatPVR (52)
[2016.02.06-21.59.50:263][307]LogModuleManager: Shutting down and abandoning module TextureFormatIntelISPCTexComp (51)
[2016.02.06-21.59.50:263][307]LogModuleManager: Shutting down and abandoning module TextureFormatDXT (50)
[2016.02.06-21.59.50:263][307]LogModuleManager: Shutting down and abandoning module ImageWrapper (49)
[2016.02.06-21.59.50:263][307]LogModuleManager: Shutting down and abandoning module TextureFormatASTC (48)
[2016.02.06-21.59.50:263][307]LogModuleManager: Shutting down and abandoning module TextureFormatAndroid (47)
[2016.02.06-21.59.50:263][307]LogModuleManager: Shutting down and abandoning module AudioFormatOpus (46)
[2016.02.06-21.59.50:263][307]LogModuleManager: Shutting down and abandoning module AudioFormatOgg (45)
[2016.02.06-21.59.50:263][307]LogModuleManager: Shutting down and abandoning module AudioFormatADPCM (44)
[2016.02.06-21.59.50:263][307]LogModuleManager: Shutting down and abandoning module LinuxTargetPlatform (43)
[2016.02.06-21.59.50:263][307]LogModuleManager: Shutting down and abandoning module LinuxServerTargetPlatform (42)
[2016.02.06-21.59.50:263][307]LogModuleManager: Shutting down and abandoning module LinuxNoEditorTargetPlatform (41)
[2016.02.06-21.59.50:263][307]LogModuleManager: Shutting down and abandoning module Messaging (40)
[2016.02.06-21.59.50:263][307]LogModuleManager: Shutting down and abandoning module IOSTargetPlatform (39)
[2016.02.06-21.59.50:263][307]LogModuleManager: Shutting down and abandoning module HTML5TargetPlatform (38)
[2016.02.06-21.59.50:263][307]LogModuleManager: Shutting down and abandoning module Android_PVRTCTargetPlatform (37)
[2016.02.06-21.59.50:263][307]LogModuleManager: Shutting down and abandoning module Android_ETC2TargetPlatform (36)
[2016.02.06-21.59.50:263][307]LogModuleManager: Shutting down and abandoning module Android_ETC1TargetPlatform (35)
[2016.02.06-21.59.50:263][307]LogModuleManager: Shutting down and abandoning module Android_DXTTargetPlatform (34)
[2016.02.06-21.59.50:263][307]LogModuleManager: Shutting down and abandoning module Android_ATCTargetPlatform (33)
[2016.02.06-21.59.50:263][307]LogModuleManager: Shutting down and abandoning module Android_ASTCTargetPlatform (32)
[2016.02.06-21.59.50:263][307]LogModuleManager: Shutting down and abandoning module AndroidTargetPlatform (31)
[2016.02.06-21.59.50:263][307]LogModuleManager: Shutting down and abandoning module WindowsTargetPlatform (30)
[2016.02.06-21.59.50:263][307]LogModuleManager: Shutting down and abandoning module WindowsServerTargetPlatform (29)
[2016.02.06-21.59.50:263][307]LogModuleManager: Shutting down and abandoning module WindowsNoEditorTargetPlatform (28)
[2016.02.06-21.59.50:263][307]LogModuleManager: Shutting down and abandoning module WindowsClientTargetPlatform (27)
[2016.02.06-21.59.50:263][307]LogModuleManager: Shutting down and abandoning module AllDesktopTargetPlatform (26)
[2016.02.06-21.59.50:263][307]LogModuleManager: Shutting down and abandoning module TargetPlatform (25)
[2016.02.06-21.59.50:264][307]LogModuleManager: Shutting down and abandoning module InputCore (24)
[2016.02.06-21.59.50:264][307]LogModuleManager: Shutting down and abandoning module Settings (23)
[2016.02.06-21.59.50:264][307]LogModuleManager: Shutting down and abandoning module Voice (21)
[2016.02.06-21.59.50:264][307]LogModuleManager: Shutting down and abandoning module OnlineSubsystem (18)
[2016.02.06-21.59.50:264][307]LogOnline:Display: NULL: FOnlineSubsystemNull::Shutdown()
[2016.02.06-21.59.50:264][307]LogOnline:Display: Unloading online subsystem: Null
[2016.02.06-21.59.50:264][307]LogModuleManager: Shutting down and abandoning module HTTP (17)
[2016.02.06-21.59.52:269][307]LogModuleManager: Shutting down and abandoning module XMPP (16)
[2016.02.06-21.59.52:269][307]LogModuleManager: Shutting down and abandoning module ExampleDeviceProfileSelector (15)
[2016.02.06-21.59.52:269][307]LogModuleManager: Shutting down and abandoning module TextureCompressor (14)
[2016.02.06-21.59.52:269][307]LogModuleManager: Shutting down and abandoning module ShaderCore (13)
[2016.02.06-21.59.52:269][307]LogModuleManager: Shutting down and abandoning module Landscape (12)
[2016.02.06-21.59.52:269][307]LogModuleManager: Shutting down and abandoning module SlateRHIRenderer (11)
[2016.02.06-21.59.52:273][307]LogModuleManager: Shutting down and abandoning module OpenGLDrv (10)
[2016.02.06-21.59.52:274][307]LogModuleManager: Shutting down and abandoning module D3D11RHI (9)
[2016.02.06-21.59.52:274][307]LogModuleManager: Shutting down and abandoning module AnimGraphRuntime (8)
[2016.02.06-21.59.52:274][307]LogModuleManager: Shutting down and abandoning module Renderer (7)
[2016.02.06-21.59.52:274][307]LogModuleManager: Shutting down and abandoning module Engine (6)
[2016.02.06-21.59.52:274][307]LogModuleManager: Shutting down and abandoning module CoreUObject (5)
[2016.02.06-21.59.52:274][307]LogModuleManager: Shutting down and abandoning module NetworkFile (4)
[2016.02.06-21.59.52:274][307]LogModuleManager: Shutting down and abandoning module StreamingFile (3)
[2016.02.06-21.59.52:274][307]LogModuleManager: Shutting down and abandoning module SandboxFile (2)
[2016.02.06-21.59.52:274][307]LogModuleManager: Shutting down and abandoning module PakFile (1)
[2016.02.06-21.59.52:275][307]LogExit: Exiting.
[2016.02.06-21.59.52:316][307]Log file closed, 02/06/16 16:59:52
