[2016.01.26-20.23.37:073][  0]Log file open, 01/26/16 15:23:37
[2016.01.26-20.23.37:073][  0]LogInit:Display: Running engine for game: LostAge
[2016.01.26-20.23.37:073][  0]LogInit:Display: RandInit(-1040799750) SRandInit(-1040799750).
[2016.01.26-20.23.37:073][  0]LogTaskGraph: Started task graph with 4 named threads and 7 total threads.
[2016.01.26-20.23.37:074][  0]LogStats: Stats thread started at 0.154102
[2016.01.26-20.23.37:074][  0]LogInit: Version: 4.9.2-2707645+++depot+UE4-Releases+4.9
[2016.01.26-20.23.37:074][  0]LogInit: API Version: 2672455
[2016.01.26-20.23.37:075][  0]LogInit: Compiled (64-bit): Sep 28 2015 10:25:44
[2016.01.26-20.23.37:075][  0]LogInit: Compiled with Visual C++: 18.00.21005.01
[2016.01.26-20.23.37:075][  0]LogInit: Build Configuration: Development
[2016.01.26-20.23.37:076][  0]LogInit: Branch Name: ++depot+UE4-Releases+4.9
[2016.01.26-20.23.37:076][  0]LogInit: Command line: 
[2016.01.26-20.23.37:076][  0]LogInit: Base directory: C:/Program Files/Epic Games/4.9/Engine/Binaries/Win64/
[2016.01.26-20.23.37:076][  0]LogInit: Rocket: 1
[2016.01.26-20.23.37:108][  0]LogInit: Using libcurl 7.41.0
[2016.01.26-20.23.37:109][  0]LogInit:  - built for x86_64-pc-win32
[2016.01.26-20.23.37:109][  0]LogInit:  - supports SSL with WinSSL
[2016.01.26-20.23.37:110][  0]LogInit:  - other features:
[2016.01.26-20.23.37:110][  0]LogInit:      CURL_VERSION_SSL
[2016.01.26-20.23.37:110][  0]LogInit:      CURL_VERSION_IPV6
[2016.01.26-20.23.37:110][  0]LogInit:      CURL_VERSION_ASYNCHDNS
[2016.01.26-20.23.37:111][  0]LogInit:      CURL_VERSION_LARGEFILE
[2016.01.26-20.23.37:111][  0]LogInit:      CURL_VERSION_IDN
[2016.01.26-20.23.37:111][  0]LogInit:  CurlRequestOptions (configurable via config and command line):
[2016.01.26-20.23.37:111][  0]LogInit:  - bVerifyPeer = true  - Libcurl will verify peer certificate
[2016.01.26-20.23.37:112][  0]LogInit:  - bUseHttpProxy = false  - Libcurl will NOT use HTTP proxy
[2016.01.26-20.23.37:112][  0]LogInit:  - bDontReuseConnections = false  - Libcurl will reuse connections
[2016.01.26-20.23.37:112][  0]LogInit:  - CertBundlePath = nullptr  - Libcurl will use whatever was configured at build time.
[2016.01.26-20.23.37:179][  0]LogInit: WinSock: version 1.1 (2.2), MaxSocks=32767, MaxUdp=65467
[2016.01.26-20.23.37:194][  0]LogVoice:Warning: Failed to initialize voice interface
[2016.01.26-20.23.37:202][  0]LogInit: Presizing for 0 objects not considered by GC, pre-allocating 0 bytes.
[2016.01.26-20.23.37:217][  0]LogInit: Object subsystem initialized
[2016.01.26-20.23.37:219][  0]LogInit: Selected Device Profile: [Windows]
[2016.01.26-20.23.37:219][  0]LogInit: Applying CVar settings loaded from the selected device profile: [Windows]
[2016.01.26-20.23.37:228][  0]LogInit: Computer: FREDERIC-PC
[2016.01.26-20.23.37:229][  0]LogInit: User: frederic
[2016.01.26-20.23.37:229][  0]LogInit: CPU Page size=4096, Cores=4
[2016.01.26-20.23.37:229][  0]LogInit: High frequency timer resolution =3.331240 MHz
[2016.01.26-20.23.37:230][  0]LogMemory: Memory total: Physical=15.9GB (16GB approx)
[2016.01.26-20.23.37:230][  0]LogMemory: Platform Memory Stats for Windows
[2016.01.26-20.23.37:230][  0]LogMemory: Process Physical Memory: 54.59 MB used, 54.59 MB peak
[2016.01.26-20.23.37:231][  0]LogMemory: Process Virtual Memory: 55.75 MB used, 55.75 MB peak
[2016.01.26-20.23.37:231][  0]LogMemory: Physical Memory: 6577.48 MB used, 16288.39 MB total
[2016.01.26-20.23.37:231][  0]LogMemory: Virtual Memory: 337.63 MB used, 8388608.00 MB total
[2016.01.26-20.23.37:331][  0]LogTextLocalizationManager: No translations for ('fr-CA') exist, falling back to 'en' for localization and internationalization data.
[2016.01.26-20.23.38:101][  0]LogD3D11RHI: Found D3D11 adapter 0: NVIDIA GeForce GTX 970 (Feature Level 11_0)
[2016.01.26-20.23.38:101][  0]LogD3D11RHI: Adapter has 4008MB of dedicated video memory, 0MB of dedicated system memory, and 7888MB of shared system memory, 1 output[s]
[2016.01.26-20.23.38:110][  0]LogD3D11RHI: Found D3D11 adapter 1: Intel(R) HD Graphics 3000 (Feature Level 10_0)
[2016.01.26-20.23.38:111][  0]LogD3D11RHI: Adapter has 64MB of dedicated video memory, 0MB of dedicated system memory, and 1632MB of shared system memory, 0 output[s]
[2016.01.26-20.23.38:111][  0]LogD3D11RHI: Chosen D3D11 Adapter Id = 0
[2016.01.26-20.23.38:116][  0]LogD3D11RHI: !Direct3DDevice
[2016.01.26-20.23.38:116][  0]LogRHI: Texture pool is 1361 MB (70% of 1945 MB)
[2016.01.26-20.23.38:187][  0]LogD3D11RHI: Async texture creation enabled
[2016.01.26-20.23.38:202][  0]LogShaderCompilers: Guid format shader working directory is 15 characters bigger than the processId version (../../../../../../Users/frederic/Documents/Unreal Projects/LostAge/Intermediate/Shaders/WorkingDirectory/6872/).
[2016.01.26-20.23.38:203][  0]LogShaderCompilers: Cleaned the shader compiler working directory '../../../../../../Users/frederic/Documents/Unreal Projects/LostAge/Intermediate/Shaders/tmp/22E59D5B4A9F76513E77CEB3C9B591E1/'.
[2016.01.26-20.23.38:203][  0]LogShaderCompilers:Display: Using Local Shader Compiler.
[2016.01.26-20.23.39:501][  0]LogTemp:Display: Loaded TP AllDesktopTargetPlatform
[2016.01.26-20.23.39:518][  0]LogTemp:Display: Loaded TP WindowsClientTargetPlatform
[2016.01.26-20.23.39:538][  0]LogTemp:Display: Loaded TP WindowsNoEditorTargetPlatform
[2016.01.26-20.23.39:558][  0]LogTemp:Display: Loaded TP WindowsServerTargetPlatform
[2016.01.26-20.23.39:577][  0]LogTemp:Display: Loaded TP WindowsTargetPlatform
[2016.01.26-20.23.39:585][  0]LogTemp:Display: Loaded TP AndroidTargetPlatform
[2016.01.26-20.23.39:593][  0]LogTemp:Display: Loaded TP Android_ASTCTargetPlatform
[2016.01.26-20.23.39:601][  0]LogTemp:Display: Loaded TP Android_ATCTargetPlatform
[2016.01.26-20.23.39:609][  0]LogTemp:Display: Loaded TP Android_DXTTargetPlatform
[2016.01.26-20.23.39:618][  0]LogTemp:Display: Loaded TP Android_ETC1TargetPlatform
[2016.01.26-20.23.39:628][  0]LogTemp:Display: Loaded TP Android_ETC2TargetPlatform
[2016.01.26-20.23.39:636][  0]LogTemp:Display: Loaded TP Android_PVRTCTargetPlatform
[2016.01.26-20.23.39:641][  0]LogTemp:Display: Loaded TP HTML5TargetPlatform
[2016.01.26-20.23.39:675][  0]LogTemp:Display: Loaded TP IOSTargetPlatform
[2016.01.26-20.23.39:682][  0]LogTemp:Display: Loaded TP LinuxNoEditorTargetPlatform
[2016.01.26-20.23.39:690][  0]LogTemp:Display: Loaded TP LinuxServerTargetPlatform
[2016.01.26-20.23.39:698][  0]LogTemp:Display: Loaded TP LinuxTargetPlatform
[2016.01.26-20.23.39:698][  0]LogTargetPlatformManager:Display: Building Assets For Windows
[2016.01.26-20.23.39:930][  0]LogDerivedDataCache:Display: Max Cache Size: 512 MB
[2016.01.26-20.23.39:979][  0]LogDerivedDataCache: Loaded boot cache 0.05s 43MB C:/Users/frederic/AppData/Local/UnrealEngine/4.9/DerivedDataCache/Boot.ddc.
[2016.01.26-20.23.39:979][  0]LogDerivedDataCache:Display: Loaded Boot cache: C:/Users/frederic/AppData/Local/UnrealEngine/4.9/DerivedDataCache/Boot.ddc
[2016.01.26-20.23.39:980][  0]LogDerivedDataCache: FDerivedDataBackendGraph:  Pak pak cache file ../../../../../../Users/frederic/Documents/Unreal Projects/LostAge/DerivedDataCache/DDC.ddp not found, will not use a pak cache.
[2016.01.26-20.23.39:980][  0]LogDerivedDataCache: Unable to find inner node Pak for hierarchical cache Hierarchy.
[2016.01.26-20.23.39:980][  0]LogDerivedDataCache: FDerivedDataBackendGraph:  CompressedPak pak cache file ../../../../../../Users/frederic/Documents/Unreal Projects/LostAge/DerivedDataCache/Compressed.ddp not found, will not use a pak cache.
[2016.01.26-20.23.39:981][  0]LogDerivedDataCache: Unable to find inner node CompressedPak for hierarchical cache Hierarchy.
[2016.01.26-20.23.40:126][  0]LogDerivedDataCache:Display: Pak cache opened for reading ../../../Engine/DerivedDataCache/Compressed.ddp.
[2016.01.26-20.23.40:138][  0]LogDerivedDataCache: Using Local data cache path C:/Users/frederic/AppData/Local/UnrealEngine/Common/DerivedDataCache: Writable
[2016.01.26-20.23.40:354][  0]LogInit: Selected Device Profile: [Windows]
[2016.01.26-20.23.40:355][  0]LogContentStreaming: Texture pool size is 0.000000MB
[2016.01.26-20.23.40:393][  0]LogMeshUtilities: No automatic mesh reduction module available
[2016.01.26-20.23.40:393][  0]LogMeshUtilities: No automatic mesh merging module available
[2016.01.26-20.23.41:874][  0]UdpMessaging: Initializing bridge on interface 0.0.0.0:0 to multicast group 230.0.0.1:6666.
[2016.01.26-20.23.42:259][  0]LogAssetRegistry: FAssetRegistry took 0.0108 seconds to start up
[2016.01.26-20.23.42:614][  0]SourceControl: Info Source control is disabled
[2016.01.26-20.23.42:616][  0]SourceControl: Info Source control is disabled
[2016.01.26-20.23.42:635][  0]SourceControl: Info Source control is disabled
[2016.01.26-20.23.42:654][  0]SourceControl: Info Source control is disabled
[2016.01.26-20.23.42:842][  0]LogLinker:Warning: Asset '../../../Engine/Plugins/Runtime/LeapMotionController/Content/LM_PassthroughMaterial.uasset' has been saved with empty engine version. The asset will be loaded but may be incompatible.
[2016.01.26-20.23.42:947][  0]LogObj: 31792 objects as part of root set at end of initial load.
[2016.01.26-20.23.42:948][  0]LogUObjectAllocator: 7252992 out of 0 bytes used by permanent object pool.
[2016.01.26-20.23.43:030][  0]LogEngine: Initializing Engine...
[2016.01.26-20.23.43:033][  0]LogHMD: Can't find Oculus library dev build: is proper Runtime installed? Version: 0.7.0.0
[2016.01.26-20.23.43:036][  0]LogHMD: SteamVR failed to initialize.  Err: 110
[2016.01.26-20.23.43:190][  0]LogAIModule: Creating AISystem for world NewWorld
[2016.01.26-20.23.43:208][  0]LogInit: XAudio2 using 'Haut-parleurs (Realtek High Definition Audio)' : 2 channels at 48 kHz using 32 bits per sample (channel mask 0x3)
[2016.01.26-20.23.43:226][  0]LogInit: FAudioDevice initialized.
[2016.01.26-20.23.43:247][  0]LogDerivedDataCache: Saved boot cache 0.02s 42MB C:/Users/frederic/AppData/Local/UnrealEngine/4.9/DerivedDataCache/Boot.ddc.
[2016.01.26-20.23.43:253][  0]LogInit: Texture streaming: Enabled
[2016.01.26-20.23.43:271][  0]LogAnalytics: Creating configured Analytics provider AnalyticsET
[2016.01.26-20.23.43:271][  0]LogAnalytics: [UEEditor.Rocket.Release] APIServer = http://et2.epicgames.com/ET2/. AppVersion = 4.9.2-2707645+++depot+UE4-Releases+4.9
[2016.01.26-20.23.43:271][  0]LogAnalytics: [UEEditor.Rocket.Release] SetUserId c8da8d664a36a98701fe659c10ae4ff8|70626fa7f476448fb82ad9618fbbb1ab|00e7fb16-00c3-4af4-a2a1-2cc8013aae38
[2016.01.26-20.23.43:272][  0]LogAnalytics: [UEEditor.Rocket.Release] AnalyticsET::StartSession
[2016.01.26-20.23.43:290][  0]LogInit: Transaction tracking system initialized
[2016.01.26-20.23.43:406][  0]BlueprintLog: New page: Editor Load
[2016.01.26-20.23.43:844][  0]LocalizationService: Info Localization service is disabled
[2016.01.26-20.23.44:021][  0]LogLinker:Warning: Can't find file '/Game/ThirdPersonCPP/ThirdPersonOverview'
[2016.01.26-20.23.44:022][  0]LogLinker:Warning: Can't find file '/Game/ThirdPersonCPP/ThirdPersonOverview'
[2016.01.26-20.23.44:022][  0]LogUObjectGlobals:Warning: Failed to find object 'Class /Game/ThirdPersonCPP/ThirdPersonOverview.ThirdPersonOverview_C'
[2016.01.26-20.23.44:055][  0]LogConsoleResponse:Display: 
[2016.01.26-20.23.44:184][  0]LogCook:Display: Done creating registry. It took  0.00s.
[2016.01.26-20.23.44:372][  0]LogFileCache: Scanning file cache for directory 'C:/Users/frederic/Documents/Unreal Projects/LostAge/Content/' took 0.01s
[2016.01.26-20.23.44:373][  0]SourceControl: Info Source control is disabled
[2016.01.26-20.23.44:373][  0]Cmd: MAP LOAD FILE="../../../../../../Users/frederic/Documents/Unreal Projects/LostAge/Content/FirstPersonCPP/Maps/MainMenu.umap" TEMPLATE=0 SHOWPROGRESS=1 FEATURELEVEL=3
[2016.01.26-20.23.44:374][  0]LightingResults: New page: Lighting Build
[2016.01.26-20.23.44:380][  0]MapCheck: New page: Map Check
[2016.01.26-20.23.44:380][  0]LightingResults: New page: Lighting Build
[2016.01.26-20.23.44:394][  0]LogParticles: Destroying 0 GPU particle simulations for FXSystem 0x0000000022F2A160
[2016.01.26-20.23.44:399][  0]LogAIModule: Creating AISystem for world MainMenu
[2016.01.26-20.23.44:400][  0]LogEditorServer: Finished looking for orphan Actors (0.000 secs)
[2016.01.26-20.23.44:402][  0]Cmd: MAP CHECKDEP NOCLEARLOG
[2016.01.26-20.23.44:455][  0]MapCheck: Info Map check complete: 0 Error(s), 0 Warning(s), took 52.662ms to complete.
[2016.01.26-20.23.44:455][  0]LogFileHelpers: Loading map 'MainMenu' took 0.082
[2016.01.26-20.23.44:564][  0]LogCollectionManager: Loaded 0 collections in 0.003058 seconds
[2016.01.26-20.23.44:607][  0]LogFileCache: Scanning file cache for directory 'C:/Users/frederic/Documents/Unreal Projects/LostAge/Saved/Collections/' took 0.01s
[2016.01.26-20.23.44:608][  0]LogFileCache: Scanning file cache for directory 'C:/Users/frederic/Documents/Unreal Projects/LostAge/Content/Developers/frederic/Collections/' took 0.01s
[2016.01.26-20.23.44:608][  0]LogFileCache: Scanning file cache for directory 'C:/Users/frederic/Documents/Unreal Projects/LostAge/Content/Collections/' took 0.01s
[2016.01.26-20.23.44:609][  0]LogContentBrowser: Native class hierarchy populated in 0.0084 seconds. Added 1875 classes and 335 folders.
[2016.01.26-20.23.44:618][  0]LogCollectionManager: Rebuilt the GUID cache for 0 collections in 0.000003 seconds
[2016.01.26-20.23.44:632][  0]LogContentBrowser: Native class hierarchy updated for 'WidgetCarousel' in 0.0030 seconds. Added 0 classes and 0 folders.
[2016.01.26-20.23.44:702][  0]LogContentBrowser: Native class hierarchy updated for 'AddContentDialog' in 0.0018 seconds. Added 0 classes and 0 folders.
[2016.01.26-20.23.44:729][  0]LogContentBrowser: Native class hierarchy updated for 'SceneOutliner' in 0.0029 seconds. Added 1 classes and 2 folders.
[2016.01.26-20.23.44:765][  0]LogCrashTracker: Crashtracker disabled due to settings.
[2016.01.26-20.23.44:769][  0]LogUObjectGlobals:Warning: Failed to find object 'Class None.'
[2016.01.26-20.23.44:791][  0]LogLoad: Full Startup: 8.74 seconds (BP compile: 0.04 seconds)
[2016.01.26-20.23.44:921][  0]LogContentStreaming: Texture pool size now 1000 MB
[2016.01.26-20.23.45:063][  2]LogRenderer: Reallocating scene render targets to support 944x484 (Frame:2).
[2016.01.26-20.23.45:213][  2]LogAssetRegistry: Asset discovery search completed in 2.9656 seconds
[2016.01.26-20.23.45:214][  2]LogCollectionManager: Rebuilt the object cache for 0 collections in 0.000001 seconds (found 0 objects)
[2016.01.26-20.23.45:214][  2]LogCollectionManager: Fixed up redirectors for 0 collections in 0.000347 seconds (updated 0 objects)
[2016.01.26-20.24.11:204][889]LogPlayLevel: PlayLevel: No blueprints needed recompiling
[2016.01.26-20.24.11:205][889]PIE: New page: PIE session: MainMenu (Jan 26, 2016, 10:24:11 AM)
[2016.01.26-20.24.11:275][889]LogPlayLevel: Creating play world package: /Game/FirstPersonCPP/Maps/UEDPIE_0_MainMenu
[2016.01.26-20.24.11:277][889]LogPlayLevel: PIE: StaticDuplicateObject took: (0.000697s)
[2016.01.26-20.24.11:278][889]LogAIModule: Creating AISystem for world MainMenu
[2016.01.26-20.24.11:278][889]LogPlayLevel: PIE: World Init took: (0.001034s)
[2016.01.26-20.24.11:279][889]LogPlayLevel: PIE: Created PIE world by copying editor world from /Game/FirstPersonCPP/Maps/MainMenu.MainMenu to /Game/FirstPersonCPP/Maps/UEDPIE_0_MainMenu.MainMenu (0.003043s)
[2016.01.26-20.24.11:303][889]LogInit: XAudio2 using 'Haut-parleurs (Realtek High Definition Audio)' : 2 channels at 48 kHz using 32 bits per sample (channel mask 0x3)
[2016.01.26-20.24.11:315][889]LogInit: FAudioDevice initialized.
[2016.01.26-20.24.11:365][889]LogWorld: Game class is 'LostAgeGameMode'
[2016.01.26-20.24.11:368][889]LogWorld: Bringing World /Game/FirstPersonCPP/Maps/UEDPIE_0_MainMenu.MainMenu up for play (max tick rate 0) at 2016.01.26-15.24.11
[2016.01.26-20.24.11:368][889]LogActor:Warning: GameSession /Game/FirstPersonCPP/Maps/UEDPIE_0_MainMenu.MainMenu:PersistentLevel.GameSession_0 has natively added scene component(s), but none of them were set as the actor's RootComponent - picking one arbitrarily
[2016.01.26-20.24.11:369][889]LogActor:Warning: GameNetworkManager /Game/FirstPersonCPP/Maps/UEDPIE_0_MainMenu.MainMenu:PersistentLevel.GameNetworkManager_0 has natively added scene component(s), but none of them were set as the actor's RootComponent - picking one arbitrarily
[2016.01.26-20.24.11:369][889]LogWorld: Bringing up level for play took: 0.002102
[2016.01.26-20.24.11:380][889]LogVoice:Warning: Failed to initialize voice interface
[2016.01.26-20.24.44:490][889]LogOnline:Warning: NULL: Can't start an online game for session (Game) that hasn't been created
[2016.01.26-20.24.44:661][889]PIE: Info Play in editor start time for /Game/FirstPersonCPP/Maps/UEDPIE_0_MainMenu 33.158
[2016.01.26-20.24.44:676][890]LogRenderer: Reallocating scene render targets to support 1280x720 (Frame:827).
[2016.01.26-20.25.00:825][929]LogInit: WinSock: I am frederic-PC (192.168.1.103:0)
[2016.01.26-20.25.07:334][710]LogNet: Browse: 192.168.1.103//Game/FirstPersonCPP/Maps/MainMenu
[2016.01.26-20.25.07:335][710]LogInit: WinSock: Socket queue 32768 / 32768
[2016.01.26-20.25.07:335][710]LogNet: Game client on port 7777, rate 10000
[2016.01.26-20.25.07:336][710]LogNet: GetLocalNetworkVersion: GEngineNetVersion: 2707645, ProjectName: lostage, ProjectVersion: 1.0.0.0, InternalProtocolVersion: 9, LocalNetworkVersion: 4161370921
[2016.01.26-20.25.07:358][713]LogNet: Welcomed by server (Level: /Game/FirstPersonCPP/Maps/FirstPersonExampleMap, Game: /Script/LostAge.LostAgeGameMode)
[2016.01.26-20.25.07:359][713]LogLoad: LoadMap: 192.168.1.103//Game/FirstPersonCPP/Maps/FirstPersonExampleMap?game=/Script/LostAge.LostAgeGameMode
[2016.01.26-20.25.07:375][713]LogParticles: Destroying 0 GPU particle simulations for FXSystem 0x00000000336A1BC0
[2016.01.26-20.25.07:380][713]Cmd: MEM
[2016.01.26-20.25.07:391][713]LogMemory: Platform Memory Stats for Windows
[2016.01.26-20.25.07:391][713]LogMemory: Process Physical Memory: 571.59 MB used, 574.96 MB peak
[2016.01.26-20.25.07:392][713]LogMemory: Process Virtual Memory: 999.34 MB used, 1061.39 MB peak
[2016.01.26-20.25.07:392][713]LogMemory: Physical Memory: 7434.37 MB used, 16288.39 MB total
[2016.01.26-20.25.07:392][713]LogMemory: Virtual Memory: 1680.84 MB used, 8388608.00 MB total
[2016.01.26-20.25.07:393][713]LogMemory: 
[2016.01.26-20.25.07:393][713]Allocator Stats for TBB: (not implemented)
[2016.01.26-20.25.07:596][713]LogAIModule: Creating AISystem for world FirstPersonExampleMap
[2016.01.26-20.25.07:602][713]LogWorld: Bringing World /Game/FirstPersonCPP/Maps/FirstPersonExampleMap.FirstPersonExampleMap up for play (max tick rate 0) at 2016.01.26-15.25.07
[2016.01.26-20.25.07:603][713]LogWorld: Bringing up level for play took: 0.004114
[2016.01.26-20.28.16:729][715]LogNet: UChannel::ReceivedSequencedBunch: Bunch.bClose == true. ChIndex == 0. Calling ConditionalCleanUp.
[2016.01.26-20.28.16:730][715]LogNet: UChannel::CleanUp: [GameNetDriver] [LostAgePlayerController_0] [LostAgePlayerController_0]. ChIndex == 0. Closing connection.
[2016.01.26-20.28.16:732][715]LogNet: UNetConnection::Close: Name: IpConnection_0, Driver: GameNetDriver IpNetDriver_0, PC: LostAgePlayerController_0, Owner: LostAgePlayerController_0, Channels: 10, RemoteAddr: 192.168.1.103:7777, Time: 2016.01.26-20.28.16
[2016.01.26-20.28.16:733][715]LogNet: UChannel::Close: Sending CloseBunch. ChIndex == 0. Name: ControlChannel_0
[2016.01.26-20.28.16:733][715]LogSecurity:Warning: 192.168.1.103:7777: Invalid_Data: Received a packet with an Acked PacketID
[2016.01.26-20.28.16:734][715]LogNet:Warning: Network Failure: GameNetDriver[ConnectionLost]: Your connection to the host has been lost.
[2016.01.26-20.28.16:735][715]LogNet: NetworkFailure: ConnectionLost, Error: 'Your connection to the host has been lost.'
[2016.01.26-20.28.16:736][715]LogNet:Warning: FObjectReplicator::UpdateUnmappedObjects: Connection->State == USOCK_Closed
[2016.01.26-20.28.16:736][715]LogNet:Warning: FObjectReplicator::UpdateUnmappedObjects: Connection->State == USOCK_Closed
[2016.01.26-20.28.16:736][715]LogNet:Warning: FObjectReplicator::UpdateUnmappedObjects: Connection->State == USOCK_Closed
[2016.01.26-20.28.16:737][715]LogNet:Warning: FObjectReplicator::UpdateUnmappedObjects: Connection->State == USOCK_Closed
[2016.01.26-20.28.16:751][716]LogNet: Browse: /Game/FirstPersonCPP/Maps/MainMenu?closed
[2016.01.26-20.28.16:752][716]LogNet: Failed; returning to Entry
[2016.01.26-20.28.17:299][716]LogLoad: LoadMap: /Game/FirstPersonCPP/Maps/MainMenu?closed
[2016.01.26-20.28.17:300][716]LogNet: World NetDriver shutdown IpNetDriver_0 [GameNetDriver]
[2016.01.26-20.28.17:300][716]LogNet: DestroyNamedNetDriver IpNetDriver_0 [GameNetDriver]
[2016.01.26-20.28.17:301][716]LogExit: GameNetDriver IpNetDriver_0 shut down
[2016.01.26-20.28.17:319][716]LogParticles: Destroying 0 GPU particle simulations for FXSystem 0x00000000395A3600
[2016.01.26-20.28.17:410][716]Cmd: MEM
[2016.01.26-20.28.17:424][716]LogMemory: Platform Memory Stats for Windows
[2016.01.26-20.28.17:424][716]LogMemory: Process Physical Memory: 594.40 MB used, 990.08 MB peak
[2016.01.26-20.28.17:425][716]LogMemory: Process Virtual Memory: 1110.00 MB used, 1506.33 MB peak
[2016.01.26-20.28.17:425][716]LogMemory: Physical Memory: 7785.43 MB used, 16288.39 MB total
[2016.01.26-20.28.17:425][716]LogMemory: Virtual Memory: 1781.41 MB used, 8388608.00 MB total
[2016.01.26-20.28.17:425][716]LogMemory: 
[2016.01.26-20.28.17:426][716]Allocator Stats for TBB: (not implemented)
[2016.01.26-20.28.17:426][716]LogPlayLevel: Creating play world package: /Game/FirstPersonCPP/Maps/UEDPIE_0_MainMenu
[2016.01.26-20.28.17:427][716]LogPlayLevel: PIE: StaticDuplicateObject took: (0.000535s)
[2016.01.26-20.28.17:428][716]LogAIModule: Creating AISystem for world MainMenu
[2016.01.26-20.28.17:428][716]LogPlayLevel: PIE: World Init took: (0.001303s)
[2016.01.26-20.28.17:429][716]LogPlayLevel: PIE: Created PIE world by copying editor world from /Game/FirstPersonCPP/Maps/MainMenu.MainMenu to /Game/FirstPersonCPP/Maps/UEDPIE_0_MainMenu.MainMenu (0.002816s)
[2016.01.26-20.28.17:429][716]LogWorld: Game class is 'LostAgeGameMode'
[2016.01.26-20.28.17:431][716]LogWorld: Bringing World /Game/FirstPersonCPP/Maps/UEDPIE_0_MainMenu.MainMenu up for play (max tick rate 3) at 2016.01.26-15.28.17
[2016.01.26-20.28.17:431][716]LogActor:Warning: GameSession /Game/FirstPersonCPP/Maps/UEDPIE_0_MainMenu.MainMenu:PersistentLevel.GameSession_1 has natively added scene component(s), but none of them were set as the actor's RootComponent - picking one arbitrarily
[2016.01.26-20.28.17:432][716]LogActor:Warning: GameNetworkManager /Game/FirstPersonCPP/Maps/UEDPIE_0_MainMenu.MainMenu:PersistentLevel.GameNetworkManager_1 has natively added scene component(s), but none of them were set as the actor's RootComponent - picking one arbitrarily
[2016.01.26-20.28.17:432][716]LogWorld: Bringing up level for play took: 0.001657
[2016.01.26-20.28.17:433][716]LogGameMode: Warning - PATHS NOT DEFINED or NO PLAYERSTART with positive rating
[2016.01.26-20.29.13:123][717]LogHttp:Warning: Timeout processing Http request. 0000000039516500
[2016.01.26-20.29.56:068][528]LogOnline:Warning: NULL: Session (Game) already exists, can't join twice
[2016.01.26-20.29.56:069][528]LogBlueprintUserMessages: [GameInstanceBP_C_0] Failed to join
[2016.01.26-20.29.59:773][972]LogNet: Browse: 192.168.1.103//Game/FirstPersonCPP/Maps/MainMenu
[2016.01.26-20.29.59:774][972]LogInit: WinSock: Socket queue 32768 / 32768
[2016.01.26-20.29.59:775][972]LogNet: Game client on port 7777, rate 10000
[2016.01.26-20.29.59:775][972]LogNet: GetLocalNetworkVersion: GEngineNetVersion: 2707645, ProjectName: lostage, ProjectVersion: 1.0.0.0, InternalProtocolVersion: 9, LocalNetworkVersion: 4161370921
[2016.01.26-20.29.59:807][976]LogNet: Welcomed by server (Level: /Game/FirstPersonCPP/Maps/FirstPersonExampleMap, Game: /Script/LostAge.LostAgeGameMode)
[2016.01.26-20.29.59:807][976]LogLoad: LoadMap: 192.168.1.103//Game/FirstPersonCPP/Maps/FirstPersonExampleMap?game=/Script/LostAge.LostAgeGameMode
[2016.01.26-20.29.59:820][976]LogParticles: Destroying 0 GPU particle simulations for FXSystem 0x00000000395A0220
[2016.01.26-20