[2016.01.26-23.45.30:008][  0]Log file open, 01/26/16 18:45:30
[2016.01.26-23.45.30:008][  0]LogInit:Display: Running engine for game: LostAge
[2016.01.26-23.45.30:008][  0]LogInit:Display: RandInit(654963770) SRandInit(654963770).
[2016.01.26-23.45.30:009][  0]LogTaskGraph: Started task graph with 4 named threads and 7 total threads.
[2016.01.26-23.45.30:009][  0]LogStats: Stats thread started at 0.147429
[2016.01.26-23.45.30:009][  0]LogInit: Version: 4.9.2-2707645+++depot+UE4-Releases+4.9
[2016.01.26-23.45.30:009][  0]LogInit: API Version: 2672455
[2016.01.26-23.45.30:010][  0]LogInit: Compiled (64-bit): Sep 28 2015 10:25:44
[2016.01.26-23.45.30:010][  0]LogInit: Compiled with Visual C++: 18.00.21005.01
[2016.01.26-23.45.30:010][  0]LogInit: Build Configuration: Development
[2016.01.26-23.45.30:010][  0]LogInit: Branch Name: ++depot+UE4-Releases+4.9
[2016.01.26-23.45.30:011][  0]LogInit: Command line: 
[2016.01.26-23.45.30:011][  0]LogInit: Base directory: C:/Program Files/Epic Games/4.9/Engine/Binaries/Win64/
[2016.01.26-23.45.30:011][  0]LogInit: Rocket: 1
[2016.01.26-23.45.30:043][  0]LogInit: Using libcurl 7.41.0
[2016.01.26-23.45.30:044][  0]LogInit:  - built for x86_64-pc-win32
[2016.01.26-23.45.30:044][  0]LogInit:  - supports SSL with WinSSL
[2016.01.26-23.45.30:044][  0]LogInit:  - other features:
[2016.01.26-23.45.30:044][  0]LogInit:      CURL_VERSION_SSL
[2016.01.26-23.45.30:045][  0]LogInit:      CURL_VERSION_IPV6
[2016.01.26-23.45.30:045][  0]LogInit:      CURL_VERSION_ASYNCHDNS
[2016.01.26-23.45.30:045][  0]LogInit:      CURL_VERSION_LARGEFILE
[2016.01.26-23.45.30:045][  0]LogInit:      CURL_VERSION_IDN
[2016.01.26-23.45.30:046][  0]LogInit:  CurlRequestOptions (configurable via config and command line):
[2016.01.26-23.45.30:046][  0]LogInit:  - bVerifyPeer = true  - Libcurl will verify peer certificate
[2016.01.26-23.45.30:046][  0]LogInit:  - bUseHttpProxy = false  - Libcurl will NOT use HTTP proxy
[2016.01.26-23.45.30:046][  0]LogInit:  - bDontReuseConnections = false  - Libcurl will reuse connections
[2016.01.26-23.45.30:047][  0]LogInit:  - CertBundlePath = nullptr  - Libcurl will use whatever was configured at build time.
[2016.01.26-23.45.30:122][  0]LogInit: WinSock: version 1.1 (2.2), MaxSocks=32767, MaxUdp=65467
[2016.01.26-23.45.30:134][  0]LogVoice:Warning: Failed to initialize voice interface
[2016.01.26-23.45.30:140][  0]LogInit: Presizing for 0 objects not considered by GC, pre-allocating 0 bytes.
[2016.01.26-23.45.30:147][  0]LogInit: Object subsystem initialized
[2016.01.26-23.45.30:149][  0]LogInit: Selected Device Profile: [Windows]
[2016.01.26-23.45.30:150][  0]LogInit: Applying CVar settings loaded from the selected device profile: [Windows]
[2016.01.26-23.45.30:158][  0]LogInit: Computer: FREDERIC-PC
[2016.01.26-23.45.30:158][  0]LogInit: User: frederic
[2016.01.26-23.45.30:158][  0]LogInit: CPU Page size=4096, Cores=4
[2016.01.26-23.45.30:159][  0]LogInit: High frequency timer resolution =3.331240 MHz
[2016.01.26-23.45.30:159][  0]LogMemory: Memory total: Physical=15.9GB (16GB approx)
[2016.01.26-23.45.30:159][  0]LogMemory: Platform Memory Stats for Windows
[2016.01.26-23.45.30:159][  0]LogMemory: Process Physical Memory: 55.05 MB used, 55.05 MB peak
[2016.01.26-23.45.30:160][  0]LogMemory: Process Virtual Memory: 55.76 MB used, 55.76 MB peak
[2016.01.26-23.45.30:160][  0]LogMemory: Physical Memory: 6104.79 MB used, 16288.39 MB total
[2016.01.26-23.45.30:160][  0]LogMemory: Virtual Memory: 337.63 MB used, 8388608.00 MB total
[2016.01.26-23.45.30:236][  0]LogTextLocalizationManager: No translations for ('fr-CA') exist, falling back to 'en' for localization and internationalization data.
[2016.01.26-23.45.30:906][  0]LogD3D11RHI: Found D3D11 adapter 0: NVIDIA GeForce GTX 970 (Feature Level 11_0)
[2016.01.26-23.45.30:907][  0]LogD3D11RHI: Adapter has 4008MB of dedicated video memory, 0MB of dedicated system memory, and 7888MB of shared system memory, 1 output[s]
[2016.01.26-23.45.30:915][  0]LogD3D11RHI: Found D3D11 adapter 1: Intel(R) HD Graphics 3000 (Feature Level 10_0)
[2016.01.26-23.45.30:915][  0]LogD3D11RHI: Adapter has 64MB of dedicated video memory, 0MB of dedicated system memory, and 1632MB of shared system memory, 0 output[s]
[2016.01.26-23.45.30:916][  0]LogD3D11RHI: Chosen D3D11 Adapter Id = 0
[2016.01.26-23.45.30:920][  0]LogD3D11RHI: !Direct3DDevice
[2016.01.26-23.45.30:921][  0]LogRHI: Texture pool is 1361 MB (70% of 1945 MB)
[2016.01.26-23.45.30:984][  0]LogD3D11RHI: Async texture creation enabled
[2016.01.26-23.45.30:999][  0]LogShaderCompilers: Guid format shader working directory is 15 characters bigger than the processId version (../../../../../../Users/frederic/Documents/Unreal Projects/LostAge/Intermediate/Shaders/WorkingDirectory/6436/).
[2016.01.26-23.45.31:000][  0]LogShaderCompilers: Cleaned the shader compiler working directory '../../../../../../Users/frederic/Documents/Unreal Projects/LostAge/Intermediate/Shaders/tmp/9CE43C584B2A5E52B875A29210D18486/'.
[2016.01.26-23.45.31:000][  0]LogShaderCompilers:Display: Using Local Shader Compiler.
[2016.01.26-23.45.32:222][  0]LogTemp:Display: Loaded TP AllDesktopTargetPlatform
[2016.01.26-23.45.32:237][  0]LogTemp:Display: Loaded TP WindowsClientTargetPlatform
[2016.01.26-23.45.32:254][  0]LogTemp:Display: Loaded TP WindowsNoEditorTargetPlatform
[2016.01.26-23.45.32:269][  0]LogTemp:Display: Loaded TP WindowsServerTargetPlatform
[2016.01.26-23.45.32:286][  0]LogTemp:Display: Loaded TP WindowsTargetPlatform
[2016.01.26-23.45.32:294][  0]LogTemp:Display: Loaded TP AndroidTargetPlatform
[2016.01.26-23.45.32:300][  0]LogTemp:Display: Loaded TP Android_ASTCTargetPlatform
[2016.01.26-23.45.32:307][  0]LogTemp:Display: Loaded TP Android_ATCTargetPlatform
[2016.01.26-23.45.32:315][  0]LogTemp:Display: Loaded TP Android_DXTTargetPlatform
[2016.01.26-23.45.32:323][  0]LogTemp:Display: Loaded TP Android_ETC1TargetPlatform
[2016.01.26-23.45.32:330][  0]LogTemp:Display: Loaded TP Android_ETC2TargetPlatform
[2016.01.26-23.45.32:338][  0]LogTemp:Display: Loaded TP Android_PVRTCTargetPlatform
[2016.01.26-23.45.32:342][  0]LogTemp:Display: Loaded TP HTML5TargetPlatform
[2016.01.26-23.45.32:373][  0]LogTemp:Display: Loaded TP IOSTargetPlatform
[2016.01.26-23.45.32:380][  0]LogTemp:Display: Loaded TP LinuxNoEditorTargetPlatform
[2016.01.26-23.45.32:387][  0]LogTemp:Display: Loaded TP LinuxServerTargetPlatform
[2016.01.26-23.45.32:396][  0]LogTemp:Display: Loaded TP LinuxTargetPlatform
[2016.01.26-23.45.32:396][  0]LogTargetPlatformManager:Display: Building Assets For Windows
[2016.01.26-23.45.32:607][  0]LogDerivedDataCache:Display: Max Cache Size: 512 MB
[2016.01.26-23.45.32:651][  0]LogDerivedDataCache: Loaded boot cache 0.04s 42MB C:/Users/frederic/AppData/Local/UnrealEngine/4.9/DerivedDataCache/Boot.ddc.
[2016.01.26-23.45.32:652][  0]LogDerivedDataCache:Display: Loaded Boot cache: C:/Users/frederic/AppData/Local/UnrealEngine/4.9/DerivedDataCache/Boot.ddc
[2016.01.26-23.45.32:652][  0]LogDerivedDataCache: FDerivedDataBackendGraph:  Pak pak cache file ../../../../../../Users/frederic/Documents/Unreal Projects/LostAge/DerivedDataCache/DDC.ddp not found, will not use a pak cache.
[2016.01.26-23.45.32:653][  0]LogDerivedDataCache: Unable to find inner node Pak for hierarchical cache Hierarchy.
[2016.01.26-23.45.32:653][  0]LogDerivedDataCache: FDerivedDataBackendGraph:  CompressedPak pak cache file ../../../../../../Users/frederic/Documents/Unreal Projects/LostAge/DerivedDataCache/Compressed.ddp not found, will not use a pak cache.
[2016.01.26-23.45.32:653][  0]LogDerivedDataCache: Unable to find inner node CompressedPak for hierarchical cache Hierarchy.
[2016.01.26-23.45.32:801][  0]LogDerivedDataCache:Display: Pak cache opened for reading ../../../Engine/DerivedDataCache/Compressed.ddp.
[2016.01.26-23.45.32:813][  0]LogDerivedDataCache: Using Local data cache path C:/Users/frederic/AppData/Local/UnrealEngine/Common/DerivedDataCache: Writable
[2016.01.26-23.45.33:009][  0]LogInit: Selected Device Profile: [Windows]
[2016.01.26-23.45.33:010][  0]LogContentStreaming: Texture pool size is 0.000000MB
[2016.01.26-23.45.33:049][  0]LogMeshUtilities: No automatic mesh reduction module available
[2016.01.26-23.45.33:049][  0]LogMeshUtilities: No automatic mesh merging module available
[2016.01.26-23.45.34:463][  0]UdpMessaging: Initializing bridge on interface 0.0.0.0:0 to multicast group 230.0.0.1:6666.
[2016.01.26-23.45.34:664][  0]LogAssetRegistry: FAssetRegistry took 0.0108 seconds to start up
[2016.01.26-23.45.34:985][  0]SourceControl: Info Source control is disabled
[2016.01.26-23.45.34:987][  0]SourceControl: Info Source control is disabled
[2016.01.26-23.45.35:001][  0]SourceControl: Info Source control is disabled
[2016.01.26-23.45.35:021][  0]SourceControl: Info Source control is disabled
[2016.01.26-23.45.35:218][  0]LogLinker:Warning: Asset '../../../Engine/Plugins/Runtime/LeapMotionController/Content/LM_PassthroughMaterial.uasset' has been saved with empty engine version. The asset will be loaded but may be incompatible.
[2016.01.26-23.45.35:320][  0]LogObj: 28402 objects as part of root set at end of initial load.
[2016.01.26-23.45.35:321][  0]LogUObjectAllocator: 6067872 out of 0 bytes used by permanent object pool.
[2016.01.26-23.45.35:399][  0]LogEngine: Initializing Engine...
[2016.01.26-23.45.35:403][  0]LogHMD: Can't find Oculus library dev build: is proper Runtime installed? Version: 0.7.0.0
[2016.01.26-23.45.35:404][  0]LogHMD: SteamVR failed to initialize.  Err: 110
[2016.01.26-23.45.35:548][  0]LogAIModule: Creating AISystem for world NewWorld
[2016.01.26-23.45.35:564][  0]LogInit: XAudio2 using 'Haut-parleurs (USB PnP Sound Device)' : 2 channels at 44.1 kHz using 16 bits per sample (channel mask 0x3)
[2016.01.26-23.45.35:584][  0]LogInit: FAudioDevice initialized.
[2016.01.26-23.45.35:605][  0]LogDerivedDataCache: Saved boot cache 0.02s 42MB C:/Users/frederic/AppData/Local/UnrealEngine/4.9/DerivedDataCache/Boot.ddc.
[2016.01.26-23.45.35:612][  0]LogInit: Texture streaming: Enabled
[2016.01.26-23.45.35:629][  0]LogAnalytics: Creating configured Analytics provider AnalyticsET
[2016.01.26-23.45.35:629][  0]LogAnalytics: [UEEditor.Rocket.Release] APIServer = http://et2.epicgames.com/ET2/. AppVersion = 4.9.2-2707645+++depot+UE4-Releases+4.9
[2016.01.26-23.45.35:629][  0]LogAnalytics: [UEEditor.Rocket.Release] SetUserId c8da8d664a36a98701fe659c10ae4ff8|70626fa7f476448fb82ad9618fbbb1ab|00e7fb16-00c3-4af4-a2a1-2cc8013aae38
[2016.01.26-23.45.35:630][  0]LogAnalytics: [UEEditor.Rocket.Release] AnalyticsET::StartSession
[2016.01.26-23.45.35:647][  0]LogInit: Transaction tracking system initialized
[2016.01.26-23.45.35:752][  0]BlueprintLog: New page: Editor Load
[2016.01.26-23.45.36:095][  0]LocalizationService: Info Localization service is disabled
[2016.01.26-23.45.36:260][  0]LogLinker:Warning: Can't find file '/Game/ThirdPersonCPP/ThirdPersonOverview'
[2016.01.26-23.45.36:261][  0]LogLinker:Warning: Can't find file '/Game/ThirdPersonCPP/ThirdPersonOverview'
[2016.01.26-23.45.36:261][  0]LogUObjectGlobals:Warning: Failed to find object 'Class /Game/ThirdPersonCPP/ThirdPersonOverview.ThirdPersonOverview_C'
[2016.01.26-23.45.36:292][  0]LogConsoleResponse:Display: 
[2016.01.26-23.45.36:421][  0]LogCook:Display: Done creating registry. It took  0.00s.
[2016.01.26-23.45.36:572][  0]LogFileCache: Scanning file cache for directory 'C:/Users/frederic/Documents/Unreal Projects/LostAge/Content/' took 0.01s
[2016.01.26-23.45.36:595][  0]SourceControl: Info Source control is disabled
[2016.01.26-23.45.36:595][  0]Cmd: MAP LOAD FILE="../../../../../../Users/frederic/Documents/Unreal Projects/LostAge/Content/FirstPersonCPP/Maps/MainMenu.umap" TEMPLATE=0 SHOWPROGRESS=1 FEATURELEVEL=3
[2016.01.26-23.45.36:596][  0]LightingResults: New page: Lighting Build
[2016.01.26-23.45.36:601][  0]MapCheck: New page: Map Check
[2016.01.26-23.45.36:602][  0]LightingResults: New page: Lighting Build
[2016.01.26-23.45.36:616][  0]LogParticles: Destroying 0 GPU particle simulations for FXSystem 0x0000000022182AC0
[2016.01.26-23.45.36:620][  0]LogAIModule: Creating AISystem for world MainMenu
[2016.01.26-23.45.36:622][  0]LogEditorServer: Finished looking for orphan Actors (0.000 secs)
[2016.01.26-23.45.36:623][  0]Cmd: MAP CHECKDEP NOCLEARLOG
[2016.01.26-23.45.36:668][  0]MapCheck: Info Map check complete: 0 Error(s), 0 Warning(s), took 43.762ms to complete.
[2016.01.26-23.45.36:668][  0]LogFileHelpers: Loading map 'MainMenu' took 0.073
[2016.01.26-23.45.36:776][  0]LogCollectionManager: Loaded 0 collections in 0.002144 seconds
[2016.01.26-23.45.36:821][  0]LogFileCache: Scanning file cache for directory 'C:/Users/frederic/Documents/Unreal Projects/LostAge/Saved/Collections/' took 0.01s
[2016.01.26-23.45.36:822][  0]LogFileCache: Scanning file cache for directory 'C:/Users/frederic/Documents/Unreal Projects/LostAge/Content/Developers/frederic/Collections/' took 0.01s
[2016.01.26-23.45.36:822][  0]LogFileCache: Scanning file cache for directory 'C:/Users/frederic/Documents/Unreal Projects/LostAge/Content/Collections/' took 0.01s
[2016.01.26-23.45.36:823][  0]LogContentBrowser: Native class hierarchy populated in 0.0083 seconds. Added 1875 classes and 335 folders.
[2016.01.26-23.45.36:831][  0]LogCollectionManager: Rebuilt the GUID cache for 0 collections in 0.000003 seconds
[2016.01.26-23.45.36:846][  0]LogContentBrowser: Native class hierarchy updated for 'WidgetCarousel' in 0.0032 seconds. Added 0 classes and 0 folders.
[2016.01.26-23.45.36:909][  0]LogContentBrowser: Native class hierarchy updated for 'AddContentDialog' in 0.0018 seconds. Added 0 classes and 0 folders.
[2016.01.26-23.45.36:931][  0]LogContentBrowser: Native class hierarchy updated for 'SceneOutliner' in 0.0019 seconds. Added 1 classes and 2 folders.
[2016.01.26-23.45.36:961][  0]LogCrashTracker: Crashtracker disabled due to settings.
[2016.01.26-23.45.36:965][  0]LogUObjectGlobals:Warning: Failed to find object 'Class None.'
[2016.01.26-23.45.36:986][  0]LogLoad: Full Startup: 7.96 seconds (BP compile: 0.00 seconds)
[2016.01.26-23.45.37:075][  0]LogContentStreaming: Texture pool size now 1000 MB
[2016.01.26-23.45.37:210][  2]LogRenderer: Reallocating scene render targets to support 972x516 (Frame:2).
[2016.01.26-23.45.37:340][  2]LogAssetRegistry: Asset discovery search completed in 2.6867 seconds
[2016.01.26-23.45.37:341][  2]LogCollectionManager: Rebuilt the object cache for 0 collections in 0.000001 seconds (found 0 objects)
[2016.01.26-23.45.37:341][  2]LogCollectionManager: Fixed up redirectors for 0 collections in 0.000459 seconds (updated 0 objects)
[2016.01.26-23.45.39:549][256]LogPlayLevel: PlayLevel: No blueprints needed recompiling
[2016.01.26-23.45.39:550][256]PIE: New page: PIE session: MainMenu (Jan 26, 2016, 1:45:39 PM)
[2016.01.26-23.45.39:629][256]LogPlayLevel: Creating play world package: /Game/FirstPersonCPP/Maps/UEDPIE_0_MainMenu
[2016.01.26-23.45.39:630][256]LogPlayLevel: PIE: StaticDuplicateObject took: (0.000490s)
[2016.01.26-23.45.39:631][256]LogAIModule: Creating AISystem for world MainMenu
[2016.01.26-23.45.39:631][256]LogPlayLevel: PIE: World Init took: (0.001153s)
[2016.01.26-23.45.39:632][256]LogPlayLevel: PIE: Created PIE world by copying editor world from /Game/FirstPersonCPP/Maps/MainMenu.MainMenu to /Game/FirstPersonCPP/Maps/UEDPIE_0_MainMenu.MainMenu (0.002927s)
[2016.01.26-23.45.39:656][256]LogInit: XAudio2 using 'Haut-parleurs (USB PnP Sound Device)' : 2 channels at 44.1 kHz using 16 bits per sample (channel mask 0x3)
[2016.01.26-23.45.39:659][256]LogInit: FAudioDevice initialized.
[2016.01.26-23.45.39:713][256]LogWorld: Game class is 'LostAgeGameMode'
[2016.01.26-23.45.39:915][256]LogWorld: Bringing World /Game/FirstPersonCPP/Maps/UEDPIE_0_MainMenu.MainMenu up for play (max tick rate 0) at 2016.01.26-18.45.39
[2016.01.26-23.45.39:916][256]LogActor:Warning: GameSession /Game/FirstPersonCPP/Maps/UEDPIE_0_MainMenu.MainMenu:PersistentLevel.GameSession_0 has natively added scene component(s), but none of them were set as the actor's RootComponent - picking one arbitrarily
[2016.01.26-23.45.39:916][256]LogActor:Warning: GameNetworkManager /Game/FirstPersonCPP/Maps/UEDPIE_0_MainMenu.MainMenu:PersistentLevel.GameNetworkManager_0 has natively added scene component(s), but none of them were set as the actor's RootComponent - picking one arbitrarily
[2016.01.26-23.45.39:917][256]LogWorld: Bringing up level for play took: 0.001922
[2016.01.26-23.45.39:928][256]LogVoice:Warning: Failed to initialize voice interface
[2016.01.26-23.45.39:931][256]LogOnline:Warning: NULL: Can't start an online game for session (Game) that hasn't been created
[2016.01.26-23.45.42:242][256]PIE: Info Play in editor start time for /Game/FirstPersonCPP/Maps/UEDPIE_0_MainMenu 2.52
[2016.01.26-23.45.42:255][257]LogRenderer: Reallocating scene render targets to support 1280x720 (Frame:251).
[2016.01.26-23.45.44:034][349]LogInit: WinSock: I am frederic-PC (192.168.1.103:0)
[2016.01.26-23.45.44:092][349]LogPackageName: SearchForPackageOnDisk took   0.057s to resolve FirstPersonExampleMap.umap.
[2016.01.26-23.45.44:142][349]LogPackageName: SearchForPackageOnDisk took   0.049s to resolve FirstPersonExampleMap.umap.
[2016.01.26-23.45.44:143][349]LogNet: Browse: /Game/FirstPersonCPP/Maps/FirstPersonExampleMap?listen
[2016.01.26-23.45.44:143][349]LogLoad: LoadMap: /Game/FirstPersonCPP/Maps/FirstPersonExampleMap?listen
[2016.01.26-23.45.44:161][349]LogParticles: Destroying 0 GPU particle simulations for FXSystem 0x00000000338B1EE0
[2016.01.26-23.45.44:167][349]Cmd: MEM
[2016.01.26-23.45.44:179][349]LogMemory: Platform Memory Stats for Windows
[2016.01.26-23.45.44:179][349]LogMemory: Process Physical Memory: 573.21 MB used, 594.23 MB peak
[2016.01.26-23.45.44:180][349]LogMemory: Process Virtual Memory: 1021.32 MB used, 1082.02 MB peak
[2016.01.26-23.45.44:180][349]LogMemory: Physical Memory: 8153.46 MB used, 16288.39 MB total
[2016.01.26-23.45.44:180][349]LogMemory: Virtual Memory: 1699.26 MB used, 8388608.00 MB total
[2016.01.26-23.45.44:180][349]LogMemory: 
[2016.01.26-23.45.44:181][349]Allocator Stats for TBB: (not implemented)
[2016.01.26-23.45.45:039][349]LogAIModule: Creating AISystem for world FirstPersonExampleMap
[2016.01.26-23.45.45:040][349]LogWorld: Game class is 'LostAgeGameMode'
[2016.01.26-23.45.45:040][349]LogInit: WinSock: Socket queue 131072 / 131072
[2016.01.26-23.45.45:041][349]LogNet: GameNetDriver IpNetDriver_0 IpNetDriver listening on port 7777
[2016.01.26-23.45.45:064][349]LogWorld: Bringing World /Game/FirstPersonCPP/Maps/UEDPIE_0_FirstPersonExampleMap.FirstPersonExampleMap up for play (max tick rate 0) at 2016.01.26-18.45.45
[2016.01.26-23.45.45:064][349]LogActor:Warning: GameSession /Game/FirstPersonCPP/Maps/UEDPIE_0_FirstPersonExampleMap.FirstPersonExampleMap:PersistentLevel.GameSession_1 has natively added scene component(s), but none of them were set as the actor's RootComponent - picking one arbitrarily
[2016.01.26-23.45.45:066][349]LogActor:Warning: GameNetworkManager /Game/FirstPersonCPP/Maps/UEDPIE_0_FirstPersonExampleMap.FirstPersonExampleMap:PersistentLevel.GameNetworkManager_1 has natively added scene component(s), but none of them were set as the actor's RootComponent - picking one arbitrarily
[2016.01.26-23.45.45:067][349]LogWorld: Bringing up level for play took: 0.024433
[2016.01.26-23.45.45:071][349]LogOnline:Warning: NULL: Can't start an online session (Game) in state InProgress
[2016.01.26-23.45.51:221][708]LogPackageName: SearchForPackageOnDisk took   0.052s to resolve MainMenu.umap.
[2016.01.26-23.45.51:280][709]LogPackageName: SearchForPackageOnDisk took   0.052s to resolve MainMenu.umap.
[2016.01.26-23.45.51:280][709]LogNet: Browse: /Game/FirstPersonCPP/Maps/MainMenu
[2016.01.26-23.45.51:281][709]LogLoad: LoadMap: /Game/FirstPersonCPP/Maps/MainMenu
[2016.01.26-23.45.51:281][709]LogNet: World NetDriver shutdown IpNetDriver_0 [GameNetDriver]
[2016.01.26-23.45.51:281][709]LogNet: DestroyNamedNetDriver IpNetDriver_0 [GameNetDriver]
[2016.01.26-23.45.51:282][709]LogExit: GameNetDriver IpNetDriver_0 shut down
[2016.01.26-23.45.51:295][709]LogParticles: Destroying 0 GPU particle simulations for FXSystem 0x00000000146CB9C0
[20