[2016.01.27-02.32.35:435][  0]Log file open, 01/26/16 21:32:35
[2016.01.27-02.32.35:435][  0]LogInit:Display: Running engine for game: LostAge
[2016.01.27-02.32.35:435][  0]LogInit:Display: RandInit(-889867633) SRandInit(-889867633).
[2016.01.27-02.32.35:435][  0]LogTaskGraph: Started task graph with 4 named threads and 7 total threads.
[2016.01.27-02.32.35:436][  0]LogStats: Stats thread started at 0.152044
[2016.01.27-02.32.35:436][  0]LogInit: Version: 4.9.2-2707645+++depot+UE4-Releases+4.9
[2016.01.27-02.32.35:436][  0]LogInit: API Version: 2672455
[2016.01.27-02.32.35:436][  0]LogInit: Compiled (64-bit): Sep 28 2015 10:25:44
[2016.01.27-02.32.35:436][  0]LogInit: Compiled with Visual C++: 18.00.21005.01
[2016.01.27-02.32.35:436][  0]LogInit: Build Configuration: Development
[2016.01.27-02.32.35:436][  0]LogInit: Branch Name: ++depot+UE4-Releases+4.9
[2016.01.27-02.32.35:436][  0]LogInit: Command line:  -game
[2016.01.27-02.32.35:436][  0]LogInit: Base directory: C:/Program Files/Epic Games/4.9/Engine/Binaries/Win64/
[2016.01.27-02.32.35:436][  0]LogInit: Rocket: 1
[2016.01.27-02.32.35:561][  0]LogInit: Using libcurl 7.41.0
[2016.01.27-02.32.35:561][  0]LogInit:  - built for x86_64-pc-win32
[2016.01.27-02.32.35:561][  0]LogInit:  - supports SSL with WinSSL
[2016.01.27-02.32.35:561][  0]LogInit:  - other features:
[2016.01.27-02.32.35:561][  0]LogInit:      CURL_VERSION_SSL
[2016.01.27-02.32.35:561][  0]LogInit:      CURL_VERSION_IPV6
[2016.01.27-02.32.35:561][  0]LogInit:      CURL_VERSION_ASYNCHDNS
[2016.01.27-02.32.35:561][  0]LogInit:      CURL_VERSION_LARGEFILE
[2016.01.27-02.32.35:561][  0]LogInit:      CURL_VERSION_IDN
[2016.01.27-02.32.35:561][  0]LogInit:  CurlRequestOptions (configurable via config and command line):
[2016.01.27-02.32.35:561][  0]LogInit:  - bVerifyPeer = true  - Libcurl will verify peer certificate
[2016.01.27-02.32.35:561][  0]LogInit:  - bUseHttpProxy = false  - Libcurl will NOT use HTTP proxy
[2016.01.27-02.32.35:561][  0]LogInit:  - bDontReuseConnections = false  - Libcurl will reuse connections
[2016.01.27-02.32.35:561][  0]LogInit:  - CertBundlePath = nullptr  - Libcurl will use whatever was configured at build time.
[2016.01.27-02.32.35:786][  0]LogInit: WinSock: version 1.1 (2.2), MaxSocks=32767, MaxUdp=65467
[2016.01.27-02.32.35:892][  0]LogVoice:Warning: Failed to initialize voice interface
[2016.01.27-02.32.35:896][  0]LogInit: Presizing for 0 objects not considered by GC, pre-allocating 0 bytes.
[2016.01.27-02.32.35:903][  0]LogInit: Object subsystem initialized
[2016.01.27-02.32.35:904][  0]LogInit: Selected Device Profile: [Windows]
[2016.01.27-02.32.35:904][  0]LogInit: Applying CVar settings loaded from the selected device profile: [Windows]
[2016.01.27-02.32.35:921][  0]LogInit: Computer: FREDERIC-PC
[2016.01.27-02.32.35:921][  0]LogInit: User: frederic
[2016.01.27-02.32.35:921][  0]LogInit: CPU Page size=4096, Cores=4
[2016.01.27-02.32.35:921][  0]LogInit: High frequency timer resolution =3.331220 MHz
[2016.01.27-02.32.35:921][  0]LogMemory: Memory total: Physical=15.9GB (16GB approx)
[2016.01.27-02.32.35:921][  0]LogMemory: Platform Memory Stats for Windows
[2016.01.27-02.32.35:921][  0]LogMemory: Process Physical Memory: 56.71 MB used, 56.71 MB peak
[2016.01.27-02.32.35:921][  0]LogMemory: Process Virtual Memory: 57.73 MB used, 57.73 MB peak
[2016.01.27-02.32.35:921][  0]LogMemory: Physical Memory: 8967.36 MB used, 16288.39 MB total
[2016.01.27-02.32.35:921][  0]LogMemory: Virtual Memory: 341.63 MB used, 8388608.00 MB total
[2016.01.27-02.32.37:459][  0]LogTextLocalizationManager: No translations for ('fr-CA') exist, falling back to 'en' for localization and internationalization data.
[2016.01.27-02.32.38:874][  0]LogD3D11RHI: Found D3D11 adapter 0: NVIDIA GeForce GTX 970 (Feature Level 11_0)
[2016.01.27-02.32.38:874][  0]LogD3D11RHI: Adapter has 4008MB of dedicated video memory, 0MB of dedicated system memory, and 7888MB of shared system memory, 1 output[s]
[2016.01.27-02.32.39:510][  0]LogD3D11RHI: Found D3D11 adapter 1: Intel(R) HD Graphics 3000 (Feature Level 10_0)
[2016.01.27-02.32.39:510][  0]LogD3D11RHI: Adapter has 64MB of dedicated video memory, 0MB of dedicated system memory, and 1632MB of shared system memory, 0 output[s]
[2016.01.27-02.32.39:510][  0]LogD3D11RHI: Chosen D3D11 Adapter Id = 0
[2016.01.27-02.32.39:514][  0]LogD3D11RHI: !Direct3DDevice
[2016.01.27-02.32.39:514][  0]LogRHI: Texture pool is 1361 MB (70% of 1945 MB)
[2016.01.27-02.32.39:524][  0]LogD3D11RHI: Async texture creation enabled
[2016.01.27-02.32.39:538][  0]LogShaderCompilers: Guid format shader working directory is 15 characters bigger than the processId version (../../../../../../Users/frederic/Documents/Unreal Projects/LostAge/Intermediate/Shaders/WorkingDirectory/6372/).
[2016.01.27-02.32.39:538][  0]LogShaderCompilers: Cleaned the shader compiler working directory '../../../../../../Users/frederic/Documents/Unreal Projects/LostAge/Intermediate/Shaders/tmp/18E7FD3A4337EF9EE6B85082AF2E3964/'.
[2016.01.27-02.32.39:538][  0]LogShaderCompilers:Display: Using Local Shader Compiler.
[2016.01.27-02.32.44:044][  0]LogTemp:Display: Loaded TP AllDesktopTargetPlatform
[2016.01.27-02.32.44:049][  0]LogTemp:Display: Loaded TP WindowsClientTargetPlatform
[2016.01.27-02.32.44:054][  0]LogTemp:Display: Loaded TP WindowsNoEditorTargetPlatform
[2016.01.27-02.32.44:059][  0]LogTemp:Display: Loaded TP WindowsServerTargetPlatform
[2016.01.27-02.32.44:063][  0]LogTemp:Display: Loaded TP WindowsTargetPlatform
[2016.01.27-02.32.44:069][  0]LogTemp:Display: Loaded TP AndroidTargetPlatform
[2016.01.27-02.32.44:073][  0]LogTemp:Display: Loaded TP Android_ASTCTargetPlatform
[2016.01.27-02.32.44:076][  0]LogTemp:Display: Loaded TP Android_ATCTargetPlatform
[2016.01.27-02.32.44:080][  0]LogTemp:Display: Loaded TP Android_DXTTargetPlatform
[2016.01.27-02.32.44:083][  0]LogTemp:Display: Loaded TP Android_ETC1TargetPlatform
[2016.01.27-02.32.44:087][  0]LogTemp:Display: Loaded TP Android_ETC2TargetPlatform
[2016.01.27-02.32.44:090][  0]LogTemp:Display: Loaded TP Android_PVRTCTargetPlatform
[2016.01.27-02.32.44:091][  0]LogTemp:Display: Loaded TP HTML5TargetPlatform
[2016.01.27-02.32.44:163][  0]LogTemp:Display: Loaded TP IOSTargetPlatform
[2016.01.27-02.32.44:166][  0]LogTemp:Display: Loaded TP LinuxNoEditorTargetPlatform
[2016.01.27-02.32.44:169][  0]LogTemp:Display: Loaded TP LinuxServerTargetPlatform
[2016.01.27-02.32.44:175][  0]LogTemp:Display: Loaded TP LinuxTargetPlatform
[2016.01.27-02.32.44:175][  0]LogTargetPlatformManager:Display: Building Assets For Windows
[2016.01.27-02.32.45:257][  0]LogDerivedDataCache:Display: Max Cache Size: 512 MB
[2016.01.27-02.32.45:303][  0]LogDerivedDataCache: Loaded boot cache 0.05s 43MB C:/Users/frederic/AppData/Local/UnrealEngine/4.9/DerivedDataCache/Boot.ddc.
[2016.01.27-02.32.45:303][  0]LogDerivedDataCache:Display: Loaded Boot cache: C:/Users/frederic/AppData/Local/UnrealEngine/4.9/DerivedDataCache/Boot.ddc
[2016.01.27-02.32.45:303][  0]LogDerivedDataCache: FDerivedDataBackendGraph:  Pak pak cache file ../../../../../../Users/frederic/Documents/Unreal Projects/LostAge/DerivedDataCache/DDC.ddp not found, will not use a pak cache.
[2016.01.27-02.32.45:303][  0]LogDerivedDataCache: Unable to find inner node Pak for hierarchical cache Hierarchy.
[2016.01.27-02.32.45:303][  0]LogDerivedDataCache: FDerivedDataBackendGraph:  CompressedPak pak cache file ../../../../../../Users/frederic/Documents/Unreal Projects/LostAge/DerivedDataCache/Compressed.ddp not found, will not use a pak cache.
[2016.01.27-02.32.45:303][  0]LogDerivedDataCache: Unable to find inner node CompressedPak for hierarchical cache Hierarchy.
[2016.01.27-02.32.45:466][  0]LogDerivedDataCache:Display: Pak cache opened for reading ../../../Engine/DerivedDataCache/Compressed.ddp.
[2016.01.27-02.32.45:478][  0]LogDerivedDataCache: Using Local data cache path C:/Users/frederic/AppData/Local/UnrealEngine/Common/DerivedDataCache: Writable
[2016.01.27-02.32.54:901][  0]LogInit: Selected Device Profile: [Windows]
[2016.01.27-02.32.54:902][  0]LogContentStreaming: Texture pool size is 1000.000000MB
[2016.01.27-02.32.54:919][  0]LogMeshUtilities: No automatic mesh reduction module available
[2016.01.27-02.32.54:919][  0]LogMeshUtilities: No automatic mesh merging module available
[2016.01.27-02.32.56:017][  0]LogWindowsMoviePlayer: Unable to load movie: ../../../../../../Users/frederic/Documents/Unreal Projects/LostAge/Content/Movies/Default_Startup.mp4
[2016.01.27-02.32.56:392][  0]SourceControl: Info Source control is disabled
[2016.01.27-02.32.56:393][  0]SourceControl: Info Source control is disabled
[2016.01.27-02.32.56:401][  0]SourceControl: Info Source control is disabled
[2016.01.27-02.32.56:482][  0]LogLinker:Warning: Asset '../../../Engine/Plugins/Runtime/LeapMotionController/Content/LM_PassthroughMaterial.uasset' has been saved with empty engine version. The asset will be loaded but may be incompatible.
[2016.01.27-02.32.56:664][  0]LogObj: 31134 objects as part of root set at end of initial load.
[2016.01.27-02.32.56:664][  0]LogUObjectAllocator: 6998832 out of 0 bytes used by permanent object pool.
[2016.01.27-02.32.56:745][  0]LogEngine: Initializing Engine...
[2016.01.27-02.32.56:747][  0]LogHMD: Can't find Oculus library dev build: is proper Runtime installed? Version: 0.7.0.0
[2016.01.27-02.32.56:812][  0]LogHMD: SteamVR failed to initialize.  Err: 110
[2016.01.27-02.32.57:015][  0]LogInit: XAudio2 using 'Haut-parleurs (USB PnP Sound Device)' : 2 channels at 44.1 kHz using 16 bits per sample (channel mask 0x3)
[2016.01.27-02.32.57:039][  0]LogInit: FAudioDevice initialized.
[2016.01.27-02.32.57:059][  0]LogDerivedDataCache: Saved boot cache 0.02s 43MB C:/Users/frederic/AppData/Local/UnrealEngine/4.9/DerivedDataCache/Boot.ddc.
[2016.01.27-02.32.57:065][  0]LogInit: Texture streaming: Enabled
[2016.01.27-02.32.57:207][  0]LogNet: Browse: /Game/FirstPersonCPP/Maps/MainMenu?Name=Player
[2016.01.27-02.32.57:209][  0]LogLoad: LoadMap: /Game/FirstPersonCPP/Maps/MainMenu?Name=Player
[2016.01.27-02.32.57:220][  0]LogParticles: Destroying 0 GPU particle simulations for FXSystem 0x000000000F6AEAC0
[2016.01.27-02.32.57:230][  0]LogMemory: Platform Memory Stats for Windows
[2016.01.27-02.32.57:230][  0]LogMemory: Process Physical Memory: 389.58 MB used, 389.58 MB peak
[2016.01.27-02.32.57:230][  0]LogMemory: Process Virtual Memory: 465.79 MB used, 465.79 MB peak
[2016.01.27-02.32.57:230][  0]LogMemory: Physical Memory: 9313.52 MB used, 16288.39 MB total
[2016.01.27-02.32.57:230][  0]LogMemory: Virtual Memory: 993.55 MB used, 8388608.00 MB total
[2016.01.27-02.32.57:230][  0]LogMemory: 
[2016.01.27-02.32.57:230][  0]Allocator Stats for TBB: (not implemented)
[2016.01.27-02.32.57:241][  0]LogAIModule: Creating AISystem for world MainMenu
[2016.01.27-02.32.57:241][  0]LogWorld: Game class is 'LostAgeGameMode'
[2016.01.27-02.32.57:242][  0]LogWorld: Bringing World /Game/FirstPersonCPP/Maps/MainMenu.MainMenu up for play (max tick rate 0) at 2016.01.26-21.32.57
[2016.01.27-02.32.57:242][  0]LogWorld: Bringing up level for play took: 0.000315
[2016.01.27-02.32.57:242][  0]LogGameMode: Warning - PATHS NOT DEFINED or NO PLAYERSTART with positive rating
[2016.01.27-02.32.57:243][  0]LogOnline:Warning: NULL: Can't start an online game for session (Game) that hasn't been created
[2016.01.27-02.32.57:364][  0]LogInit:Display: Game Engine Initialized.
[2016.01.27-02.32.57:577][  0]LogLoad: Full Startup: 25.18 seconds (BP compile: 0.10 seconds)
[2016.01.27-02.32.57:677][  2]LogRenderer: Reallocating scene render targets to support 1600x900 (Frame:2).
[2016.01.27-02.36.43:463][991]LogInit: WinSock: I am frederic-PC (192.168.1.103:0)
[2016.01.27-02.36.43:519][991]LogPackageName: SearchForPackageOnDisk took   0.055s to resolve FirstPersonExampleMap.umap.
[2016.01.27-02.36.43:565][991]LogPackageName: SearchForPackageOnDisk took   0.046s to resolve FirstPersonExampleMap.umap.
[2016.01.27-02.36.43:565][991]LogNet: Browse: /Game/FirstPersonCPP/Maps/FirstPersonExampleMap?listen
[2016.01.27-02.36.43:566][991]LogLoad: LoadMap: /Game/FirstPersonCPP/Maps/FirstPersonExampleMap?listen
[2016.01.27-02.36.43:576][991]LogParticles: Destroying 0 GPU particle simulations for FXSystem 0x000000000F6AEA20
[2016.01.27-02.36.43:586][991]LogMemory: Platform Memory Stats for Windows
[2016.01.27-02.36.43:586][991]LogMemory: Process Physical Memory: 421.06 MB used, 430.14 MB peak
[2016.01.27-02.36.43:586][991]LogMemory: Process Virtual Memory: 727.95 MB used, 731.22 MB peak
[2016.01.27-02.36.43:586][991]LogMemory: Physical Memory: 10501.67 MB used, 16288.39 MB total
[2016.01.27-02.36.43:586][991]LogMemory: Virtual Memory: 1275.21 MB used, 8388608.00 MB total
[2016.01.27-02.36.43:586][991]LogMemory: 
[2016.01.27-02.36.43:586][991]Allocator Stats for TBB: (not implemented)
[2016.01.27-02.36.43:738][991]LogAIModule: Creating AISystem for world FirstPersonExampleMap
[2016.01.27-02.36.43:738][991]LogWorld: Game class is 'LostAgeGameMode'
[2016.01.27-02.36.43:739][991]LogInit: WinSock: Socket queue 131072 / 131072
[2016.01.27-02.36.43:739][991]LogNet: GameNetDriver IpNetDriver_0 IpNetDriver listening on port 7777
[2016.01.27-02.36.43:743][991]LogWorld: Bringing World /Game/FirstPersonCPP/Maps/FirstPersonExampleMap.FirstPersonExampleMap up for play (max tick rate 0) at 2016.01.26-21.36.43
[2016.01.27-02.36.43:744][991]LogWorld: Bringing up level for play took: 0.003380
[2016.01.27-02.36.43:745][991]LogOnline:Warning: NULL: Can't start an online session (Game) in state InProgress
[2016.01.27-02.37.38:521][381]LogNet: NotifyAcceptingConnection: Server FirstPersonExampleMap accept
[2016.01.27-02.37.38:521][381]LogNet: Open FirstPersonExampleMap 01/26/16 21:37:38 192.168.1.103
[2016.01.27-02.37.38:521][381]LogNet: Added client connection.  Remote address = 192.168.1.103:49152
[2016.01.27-02.37.38:521][381]LogNet: NotifyAcceptingChannel Control 0 server World /Game/FirstPersonCPP/Maps/FirstPersonExampleMap.FirstPersonExampleMap: Accepted
[2016.01.27-02.37.38:521][381]LogNet: Remote platform little endian=1
[2016.01.27-02.37.38:521][381]LogNet: This platform little endian=1
[2016.01.27-02.37.38:521][381]LogNet: GetLocalNetworkVersion: GEngineNetVersion: 2707645, ProjectName: lostage, ProjectVersion: 1.0.0.0, InternalProtocolVersion: 9, LocalNetworkVersion: 4161370921
[2016.01.27-02.37.38:537][382]LogNet: Login request: /Game/FirstPersonCPP/Maps/MainMenu?Name=frederic-PC-920143E743FC538E6C57C1A7EC5F2A2F userId: frederic-PC-920143E743FC538E6C57C1A7EC5F2A2F
[2016.01.27-02.37.38:553][383]LogNet: Client netspeed is 10000
[2016.01.27-02.37.38:827][400]LogNet: Join request: /Game/FirstPersonCPP/Maps/MainMenu?Name=frederic-PC-920143E743FC538E6C57C1A7EC5F2A2F?SplitscreenCount=1
[2016.01.27-02.37.38:828][400]LogGameMode: Warning - PATHS NOT DEFINED or NO PLAYERSTART with positive rating
[2016.01.27-02.37.38:830][400]LogNet: Join succeeded: frederic-PC-920143E7
[2016.01.27-02.38.38:833][120]LogNet:Warning: UNetConnection::Tick: Connection TIMED OUT. Closing connection. Driver: IpNetDriver_0, Elapsed: 60.001209, Threshold: 60.000000, RemoteAddr: 192.168.1.103:49152, PC: LostAgePlayerController_2, Owner: LostAgePlayerController_2
[2016.01.27-02.38.38:833][120]LogNet:Warning: Network Failure: GameNetDriver[ConnectionTimeout]: UNetConnection::Tick: Connection TIMED OUT. Closing connection. Driver: IpNetDriver_0, Elapsed: 60.001209, Threshold: 60.000000, RemoteAddr: 192.168.1.103:49152, PC: LostAgePlayerController_2, Owner: LostAgePlayerController_2
[2016.01.27-02.38.38:833][120]LogNet: NetworkFailure: ConnectionTimeout, Error: 'UNetConnection::Tick: Connection TIMED OUT. Closing connection. Driver: IpNetDriver_0, Elapsed: 60.001209, Threshold: 60.000000, RemoteAddr: 192.168.1.103:49152, PC: LostAgePlayerController_2, Owner: LostAgePlayerController_2'
[2016.01.27-02.38.38:833][120]LogNet: UNetConnection::Close: Name: IpConnection_0, Driver: GameNetDriver IpNetDriver_0, PC: LostAgePlayerController_2, Owner: LostAgePlayerController_2, Channels: 10, RemoteAddr: 192.168.1.103:49152, Time: 2016.01.27-02.38.38
[2016.01.27-02.38.38:833][120]LogNet: UChannel::Close: Sending CloseBunch. ChIndex == 0. Name: ControlChannel_0
[2016.01.27-02.39.13:236][251]LogNet: NotifyAcceptingConnection: Server FirstPersonExampleMap accept
[2016.01.27-02.39.13:236][251]LogNet: Open FirstPersonExampleMap 01/26/16 21:39:13 192.168.1.103
[2016.01.27-02.39.13:236][251]LogNet: Added client connection.  Remote address = 192.168.1.103:57441
[2016.01.27-02.39.13:236][251]LogNet: NotifyAcceptingChannel Control 0 server World /Game/FirstPersonCPP/Maps/FirstPersonExampleMap.FirstPersonExampleMap: Accepted
[2016.01.27-02.39.13:236][251]LogNet: Remote platform little endian=1
[2016.01.27-02.39.13:236][251]LogNet: This platform little endian=1
[2016.01.27-02.39.13:236][251]LogNet: GetLocalNetworkVersion: GEngineNetVersion: 2707645, ProjectName: lostage, ProjectVersion: 1.0.0.0, InternalProtocolVersion: 9, LocalNetworkVersion: 4161370921
[2016.01.27-02.39.13:252][252]LogNet: Login request: /Game/FirstPersonCPP/Maps/MainMenu?Name=frederic-PC-2A38F9CA449CFED8CD98BC981108E064 userId: frederic-PC-2A38F9CA449CFED8CD98BC981108E064
[2016.01.27-02.39.13:268][253]LogNet: Client netspeed is 10000
[2016.01.27-02.39.13:494][267]LogNet: Join request: /Game/FirstPersonCPP/Maps/MainMenu?Name=frederic-PC-2A38F9CA449CFED8CD98BC981108E064?SplitscreenCount=1
[2016.01.27-02.39.13:497][267]LogNet: Join succeeded: frederic-PC-2A38F9CA
[2016.01.27-02.40.13:504][987]LogNet:Warning: UNetConnection::Tick: Connection TIMED OUT. Closing connection. Driver: IpNetDriver_0, Elapsed: 60.006927, Threshold: 60.000000, RemoteAddr: 192.168.1.103:57441, PC: LostAgePlayerController_3, Owner: LostAgePlayerController_3
[2016.01.27-02.40.13:504][987]LogNet:Warning: Network Failure: GameNetDriver[ConnectionTimeout]: UNetConnection::Tick: Connection TIMED OUT. Closing connection. Driver: IpNetDriver_0, Elapsed: 60.006927, Threshold: 60.000000, RemoteAddr: 192.168.1.103:57441, PC: LostAgePlayerController_3, Owner: LostAgePlayerController_3
[2016.01.27-02.40.13:504][987]LogNet: NetworkFailure: ConnectionTimeout, Error: 'UNetConnection::Tick: Connection TIMED OUT. Closing connection. Driver: IpNetDriver_0, Elapsed: 60.006927, Threshold: 60.000000, RemoteAddr: 192.168.1.103:57441, PC: LostAgePlayerController_3, Owner: LostAgePlayerController_3'
[2016.01.27-02.40.13:504][987]LogNet: UNetConnection::Close: Name: IpConnection_1, Driver: GameNetDriver IpNetDriver_0, PC: LostAgePlayerController_3, Owner: LostAgePlayerController_3, Channels: 10, RemoteAddr: 192.168.1.103:57441, Time: 2016.01.27-02.40.13
[2016.01.27-02.40.13:504][987]LogNet: UChannel::Close: Sending CloseBunch. ChIndex == 0. Name: ControlChannel_1
[2016.01.27-02.40.43:188][827]LogNet: NotifyAcceptingConnection: Server FirstPersonExampleMap accept
[2016.01.27-02.40.43:188][827]LogNet: Open FirstPersonExampleMap 01/26/16 21:40:43 192.168.1.103
[2016.01.27-02.40.43:188][827]LogNet: Added client connection.  Remote address = 192.168.1.103:60353
[2016.01.27-02.40.43:188][827]LogNet: NotifyAcceptingChannel Control 0 server World /Game/FirstPersonCPP/Maps/FirstPersonExampleMap.FirstPersonExampleMap: Accepted
[2016.01.27-02.40.43:188][827]LogNet: Remote platform little endian=1
[2016.01.27-02.40.43:188][827]LogNet: This platform little endian=1
[2016.01.27-02.40.43:188][827]LogNet: GetLocalNetworkVersion: GEngineNetVersion: 2707645, ProjectName: lostage, ProjectVersion: 1.0.0.0, InternalProtocolVersion: 9, LocalNetworkVersion: 4161370921
[2016.01.27-02.40.43:204][828]LogNet: Login request: /Game/FirstPersonCPP/Maps/MainMenu?Name=frederic-PC-2301DD2A45C791DBE2843E86F95E1328 userId: frederic-PC-2301DD2A45C791DBE2843E86F95E1328
[2016.01.27-02.40.43:220][829]LogNet: Client netspeed is 10000
[2016.01.27-02.40.43:446][843]LogNet: Join request: /Game/FirstPersonCPP/Maps/MainMenu?Name=frederic-PC-2301DD2A45C791DBE2843E86F95E1328?SplitscreenCount=1
[2016.01.27-02.40.43:448][843]LogNet: Join succeeded: frederic-PC-2301DD2A
[2016.01.27-02.41.43:421][561]LogNet:Warning: UNetConnection::Tick: Connection TIMED OUT. Closing connection. Driver: IpNetDriver_0, Elapsed: 60.012695, Threshold: 60.000000, RemoteAddr: 192.168.1.103:60353, PC: LostAgePlayerController_4, Owner: LostAgePlayerController_4
[2016.01.27-02.41.43:421][561]LogNet:Warning: Network Failure: GameNetDriver[ConnectionTimeout]: UNetConnection::Tick: Connection TIMED OUT. Closing connection. Driver: IpNetDriver_0, Elapsed: 60.012695, Threshold: 60.000000, RemoteAddr: 192.168.1.103:60353, PC: LostAgePlayerController_4, Owner: LostAgePlayerController_4
[2016.01.27-02.41.43:421][561]LogNet: NetworkFailure: ConnectionTimeout, Error: 'UNetConnection::Tick: Connection TIMED OUT. Closing connection. Driver: IpNetDriver_0, Elapsed: 60.012695, Threshold: 60.000000, RemoteAddr: 192.168.1.103:60353, PC: LostAgePlayerController_4, Owner: LostAgePlayerController_4'
[2016.01.27-02.41.43:421][561]LogNet: UNetConnection::Close: Name: IpConnection_2, Driver: GameNetDriver IpNetDriver_0, PC: LostAgePlayerController_4, Owner: LostAgePlayerController_4, Channels: 10, RemoteAddr: 192.168.1.103:60353, Time: 2016.01.27-02.41.43
[2016.01.27-02.41.43:421][561]LogNet: UChannel::Close: Sending CloseBunch. ChIndex == 0. Name: ControlChannel_2
[2016.01.27-02.56.16:529][688]LogNet: NotifyAcceptingConnection: Server FirstPersonExampleMap accept
[2016.01.27-02.56.16:529][688]LogNet: Open FirstPersonExampleMap 01/26/16 21:56:16 192.168.1.103
[2016.01.27-02.56.16:529][688]LogNet: Added client connection.  Remote address = 192.168.1.103:64246
[2016.01.27-02.56.16:529][688]LogNet: NotifyAcceptingChannel Control 0 server World /Game/FirstPersonCPP/Maps/FirstPersonExampleMap.FirstPersonExampleMap: Accepted
[2016.01.27-02.56.16:529][688]LogNet: Remote platform little endian=1
[2016.01.27-02.56.16:529][688]LogNet: This platform little endian=1
[2016.01.27-02.56.16:529][688]LogNet: GetLocalNetworkVersion: GEngineNetVersion: 2707645, ProjectName: lostage, ProjectVersion: 1.0.0.0, InternalProtocolVersion: 9, LocalNetworkVersion: 4161370921
[2016.01.27-02.56.16:545][689]LogNet: Login request: /Game/FirstPersonCPP/Maps/MainMenu?Name=frederic-PC-EA25408F4ABB835C7317E1B4F0B5B29F userId: frederic-PC-EA25408F4ABB835C7317E1B4F0B5B29F
[2016.01.27-02.56.16:561][690]LogNet: Client netspeed is 10000
[2016.01.27-02.56.16:806][705]LogNet: Join request: /Game/FirstPersonCPP/Maps/MainMenu?Name=frederic-PC-EA25408F4ABB835C7317E1B4F0B5B29F?SplitscreenCount=1
[2016.01.27-02.56.16:809][705]LogNet: Join succeeded: frederic-PC-EA25408F
[2016.01.27-02.57.16:874][429]LogNet:Warning: UNetConnection::Tick: Connection TIMED OUT. Closing connection. Driver: IpNetDriver_0, Elapsed: 60.006226, Threshold: 60.000000, RemoteAddr: 192.168.1.103:64246, PC: LostAgePlayerController_5, Owner: LostAgePlayerController_5
[2016.01.27-02.57.16:874][429]LogNet:Warning: Network Failure: GameNetDriver[ConnectionTimeout]: UNetConnection::Tick: Connection TIMED OUT. Closing connection. Driver: IpNetDriver_0, Elapsed: 60.006226, Threshold: 60.000000, RemoteAddr: 192.168.1.103:64246, PC: LostAgePlayerController_5, Owner: LostAgePlayerController_5
[2016.01.27-02.57.16:874][429]LogNet: NetworkFailure: ConnectionTimeout, Error: 'UNetConnection::Tick: Connection TIMED OUT. Closing connection. Driver: IpNetDriver_0, Elapsed: 60.006226, Threshold: 60.000000, RemoteAddr: 192.168.1.103:64246, PC: LostAgePlayerController_5, Owner: LostAgePlayerController_5'
[2016.01.27-02.57.16:874][429]LogNet: UNetConnection::Close: Name: IpConnection_3, Driver: GameNetDriver IpNetDriver_0, PC: LostAgePlayerController_5, Owner: LostAgePlayerController_5, Channels: 10, RemoteAddr: 192.168.1.103:64246, Time: 2016.01.27-02.57.16
[2016.01.27-02.57.16:874][429]LogNet: UChannel::Close: Sending CloseBunch. ChIndex == 0. Name: ControlChannel_3
[2016.01.27-03.17.16:394][786]LogEngine: All Windows Closed
[2016.01.27-03.17.16:394][786]LogWindows: FPlatformMisc::RequestExit(0)
[2016.01.27-03.17.16:976][787]LogNet: World NetDriver shutdown IpNetDriver_0 [GameNetDriver]
[2016.01.27-03.17.16:976][787]LogNet: DestroyNamedNetDriver IpNetDriver_0 [GameNetDriver]
[2016.01.27-03.17.16:976][787]LogExit: GameNetDriver IpNetDriver_0 shut down
[2016.01.27-03.17.17:100][787]LogExit: Preparing to exit.
[2016.01.27-03.17.17:216][787]LogExit: Game engine shut down
[2016.01.27-03.17.17:325][787]LogParticles: Destroying 0 GPU particle simulations for FXSystem 0x00000000172C74C0
[2016.01.27-03.17.17:325][787]LogExit: Object subsystem successfully closed.
[2016.01.27-03.17.17:335][787]LogD3D11RHI: Shutdown
[2016.01.27-03.17.17:335][787]LogD3D11RHI: CleanupD3DDevice
[2016.01.27-03.17.17:371][787]LogD3D11RHI: ~FD3D11DynamicRHI
[2016.01.27-03.17.17:381][787]LogModuleManager: Shutting down and abandoning module AndroidDeviceDetection (118)
[2016.01.27-03.17.17:751][787]LogModuleManager: Shutting down and abandoning module AutomationController (117)
[2016.01.27-03.17.17:751][787]LogModuleManager: Shutting down and abandoning module AutomationWorker (116)
[2016.01.27-03.17.17:751][787]LogModuleManager: Shutting down and abandoning module CharacterAI (115)
[2016.01.27-03.17.17:751][787]LogModuleManager: Shutting down and abandoning module AITestSuite (114)
[2016.01.27-03.17.17:751][787]LogModuleManager: Shutting down and abandoning module GameplayDebugger (113)
[2016.01.27-03.17.17:751][787]LogModuleManager: Shutting down and abandoning module AIModule (112)
[2016.01.27-03.17.17:751][787]LogModuleManager: Shutting down and abandoning module GameLiveStreaming (111)
[2016.01.27-03.17.17:751][787]LogModuleManager: Shutting down and abandoning module StreamingPauseRendering (110)
[2016.01.27-03.17.17:751][787]LogModuleManager: Shutting down and abandoning module ProfilerService (109)
[2016.01.27-03.17.17:873][787]LogModuleManager: Shutting down and abandoning module TaskGraph (108)
[2016.01.27-03.17.17:873][787]LogModuleManager: Shutting down and abandoning module SlateRemote (107)
[2016.01.27-03.17.17:873][787]LogModuleManager: Shutting down and abandoning module SteamVRController (106)
[2016.01.27-03.17.17:873][787]LogModuleManager: Shutting down and abandoning module SteamVR (105)
[2016.01.27-03.17.17:873][787]LogModuleManager: Shutting down and abandoning module ProceduralMeshComponent (104)
[2016.01.27-03.17.17:873][787]LogModuleManager: Shutting down and abandoning module OculusRift (103)
[2016.01.27-03.17.17:873][787]LogModuleManager: Shutting down and abandoning module OculusLibrary (102)
[2016.01.27-03.17.17:873][787]LogModuleManager: Shutting down and abandoning module LeapMotionController (101)
[2016.01.27-03.17.17:880][787]LogModuleManager: Shutting down and abandoning module CustomMeshComponent (100)
[2016.01.27-03.17.17:880][787]LogModuleManager: Shutting down and abandoning module CableComponent (99)
[2016.01.27-03.17.17:880][787]LogModuleManager: Shutting down and abandoning module ArchVisCharacter (98)
[2016.01.27-03.17.17:880][787]LogModuleManager: Shutting down and abandoning module HTML5Networking (97)
[2016.01.27-03.17.17:880][787]LogModuleManager: Shutting down and abandoning module DesktopPlatform (96)
[2016.01.27-03.17.17:880][787]LogModuleManager: Shutting down and abandoning module DirectoryWatcher (95)
[2016.01.27-03.17.17:880][787]LogModuleManager: Shutting down and abandoning module HotReload (94)
[2016.01.27-03.17.17:880][787]LogModuleManager: Shutting down and abandoning module VisualStudioSourceCodeAccess (93)
[2016.01.27-03.17.17:880][787]LogModuleManager: Shutting down and abandoning module UObjectPlugin (92)
[2016.01.27-03.17.17:880][787]LogModuleManager: Shutting down and abandoning module SubversionSourceControl (91)
[2016.01.27-03.17.17:880][787]LogModuleManager: Shutting down and abandoning module SourceControl (90)
[2016.01.27-03.17.17:880][787]LogModuleManager: Shutting down and abandoning module PerforceSourceControl (89)
[2016.01.27-03.17.17:880][787]LogModuleManager: Shutting down and abandoning module LostAge (88)
[2016.01.27-03.17.17:880][787]LogModuleManager: Shutting down and abandoning module UdpMessaging (87)
[2016.01.27-03.17.17:880][787]LogModuleManager: Shutting down and abandoning module LightPropagationVolumeRuntime (86)
[2016.01.27-03.17.17:880][787]LogModuleManager: Shutting down and abandoning module Paper2D (85)
[2016.01.27-03.17.17:880][787]LogModuleManager: Shutting down and abandoning module WindowsMoviePlayer (84)
[2016.01.27-03.17.17:882][787]LogModuleManager: Shutting down and abandoning module Media (83)
[2016.01.27-03.17.17:882][787]LogModuleManager: Shutting down and abandoning module WmfMedia (82)
[2016.01.27-03.17.17:883][787]LogModuleManager: Shutting down and abandoning module OnlineBlueprintSupport (81)
[2016.01.27-03.17.17:883][787]LogModuleManager: Shutting down and abandoning module GameplayTasksEditor (80)
[2016.01.27-03.17.17:883][787]LogModuleManager: Shutting down and abandoning module PropertyEditor (79)
[2016.01.27-03.17.17:883][787]LogModuleManager: Shutting down and abandoning module BehaviorTreeEditor (78)
[2016.01.27-03.17.17:883][787]LogModuleManager: Shutting down and abandoning module FunctionalTesting (77)
[2016.01.27-03.17.17:883][787]LogModuleManager: Shutting down and abandoning module CollisionAnalyzer (76)
[2016.01.27-03.17.17:883][787]LogModuleManager: Shutting down and abandoning module WorkspaceMenuStructure (75)
[2016.01.27-03.17.17:883][787]LogModuleManager: Shutting down and abandoning module MessageLog (74)
[2016.01.27-03.17.17:883][787]LogModuleManager: Shutting down and abandoning module Sequencer (73)
[2016.01.27-03.17.17:883][787]LogModuleManager: Shutting down and abandoning module AssetTools (72)
[2016.01.27-03.17.17:883][787]LogModuleManager: Shutting down and abandoning module UMGEditor (71)
[2016.01.27-03.17.17:883][787]LogModuleManager: Shutting down and abandoning module UMG (70)
[2016.01.27-03.17.17:883][787]LogModuleManager: Shutting down and abandoning module Slate (69)
[2016.01.27-03.17.17:883][787]LogModuleManager: Shutting down and abandoning module EditorStyle (68)
[2016.01.27-03.17.17:884][787]LogModuleManager: Shutting down and abandoning module SessionServices (67)
[2016.01.27-03.17.17:884][787]LogModuleManager: Shutting down and abandoning module SourceCodeAccess (66)
[2016.01.27-03.17.17:884][787]LogModuleManager: Shutting down and abandoning module HeadMountedDisplay (65)
[2016.01.27-03.17.17:884][787]LogModuleManager: Shutting down and abandoning module XAudio2 (64)
[2016.01.27-03.17.17:884][787]LogModuleManager: Shutting down and abandoning module Networking (63)
[2016.01.27-03.17.17:884][787]LogModuleManager: Shutting down and abandoning module Core (62)
[2016.01.27-03.17.17:884][787]LogModuleManager: Shutting down and abandoning module KismetCompiler (61)
[2016.01.27-03.17.17:884][787]LogModuleManager: Shutting down and abandoning module PhysXFormats (60)
[2016.01.27-03.17.17:884][787]LogModuleManager: Shutting down and abandoning module MeshUtilities (59)
[2016.01.27-03.17.17:884][787]LogModuleManager: Shutting down and abandoning module CookingStats (58)
[2016.01.27-03.17.17:885][787]LogModuleManager: Shutting down and abandoning module DerivedDataCache (57)
[2016.01.27-03.17.17:973][787]LogDerivedDataCache: Shutdown
[2016.01.27-03.17.17:973][787]LogModuleManager: Shutting down and abandoning module ShaderFormatOpenGL (56)
[2016.01.27-03.17.17:973][787]LogModuleManager: Shutting down and abandoning module ShaderFormatD3D (55)
[2016.01.27-03.17.17:973][787]LogModuleManager: Shutting down and abandoning module MetalShaderFormat (54)
[2016.01.27-03.17.17:973][787]LogModuleManager: Shutting down and abandoning module TextureFormatUncompressed (53)
[2016.01.27-03.17.17:973][787]LogModuleManager: Shutting down and abandoning module TextureFormatPVR (52)
[2016.01.27-03.17.17:973][787]LogModuleManager: Shutting down and abandoning module TextureFormatIntelISPCTexComp (51)
[2016.01.27-03.17.17:973][787]LogModuleManager: Shutting down and abandoning module TextureFormatDXT (50)
[2016.01.27-03.17.17:973][787]LogModuleManager: Shutting down and abandoning module ImageWrapper (49)
[2016.01.27-03.17.17:973][787]LogModuleManager: Shutting down and abandoning module TextureFormatASTC (48)
[2016.01.27-03.17.17:973][787]LogModuleManager: Shutting down and abandoning module TextureFormatAndroid (47)
[2016.01.27-03.17.17:973][787]LogModuleManager: Shutting down and abandoning module AudioFormatOpus (46)
[2016.01.27-03.17.17:973][787]LogModuleManager: Shutting down and abandoning module AudioFormatOgg (45)
[2016.01.27-03.17.17:973][787]LogModuleManager: Shutting down and abandoning module AudioFormatADPCM (44)
[2016.01.27-03.17.17:973][787]LogModuleManager: Shutting down and abandoning module LinuxTargetPlatform (43)
[2016.01.27-03.17.17:973][787]LogModuleManager: Shutting down and abandoning module LinuxServerTargetPlatform (42)
[2016.01.27-03.17.17:973][787]LogModuleManager: Shutting down and abandoning module LinuxNoEditorTargetPlatform (41)
[2016.01.27-03.17.17:973][787]LogModuleManager: Shutting down and abandoning module Messaging (40)
[2016.01.27-03.17.17:973][787]LogModuleManager: Shutting down and abandoning module IOSTargetPlatform (39)
[2016.01.27-03.17.17:973][787]LogModuleManager: Shutting down and abandoning module HTML5TargetPlatform (38)
[2016.01.27-03.17.17:973][787]LogModuleManager: Shutting down and abandoning module Android_PVRTCTargetPlatform (37)
[2016.01.27-03.17.17:973][787]LogModuleManager: Shutting down and abandoning module Android_ETC2TargetPlatform (36)
[2016.01.27-03.17.17:973][787]LogModuleManager: Shutting down and abandoning module Android_ETC1TargetPlatform (35)
[2016.01.27-03.17.17:973][787]LogModuleManager: Shutting down and abandoning module Android_DXTTargetPlatform (34)
[2016.01.27-03.17.17:973][787]LogModuleManager: Shutting down and abandoning module Android_ATCTargetPlatform (33)
[2016.01.27-03.17.17:973][787]LogModuleManager: Shutting down and abandoning module Android_ASTCTargetPlatform (32)
[2016.01.27-03.17.17:973][787]LogModuleManager: Shutting down and abandoning module AndroidTargetPlatform (31)
[2016.01.27-03.17.17:973][787]LogModuleManager: Shutting down and abandoning module WindowsTargetPlatform (30)
[2016.01.27-03.17.17:973][787]LogModuleManager: Shutting down and abandoning module WindowsServerTargetPlatform (29)
[2016.01.27-03.17.17:973][787]LogModuleManager: Shutting down and abandoning module WindowsNoEditorTargetPlatform (28)
[2016.01.27-03.17.17:973][787]LogModuleManager: Shutting down and abandoning module WindowsClientTargetPlatform (27)
[2016.01.27-03.17.17:973][787]LogModuleManager: Shutting down and abandoning module AllDesktopTargetPlatform (26)
[2016.01.27-03.17.17:973][787]LogModuleManager: Shutting down and abandoning module TargetPlatform (25)
[2016.01.27-03.17.17:973][787]LogModuleManager: Shutting down and abandoning module InputCore (24)
[2016.01.27-03.17.17:973][787]LogModuleManager: Shutting down and abandoning module Settings (23)
[2016.01.27-03.17.17:973][787]LogModuleManager: Shutting down and abandoning module Voice (21)
[2016.01.27-03.17.17:973][787]LogModuleManager: Shutting down and abandoning module OnlineSubsystem (18)
[2016.01.27-03.17.17:973][787]LogOnline:Display: NULL: FOnlineSubsystemNull::Shutdown()
[2016.01.27-03.17.17:973][787]LogOnline:Display: Unloading online subsystem: Null
[2016.01.27-03.17.17:973][787]LogModuleManager: Shutting down and abandoning module HTTP (17)
[2016.01.27-03.17.17:973][787]LogModuleManager: Shutting down and abandoning module XMPP (16)
[2016.01.27-03.17.17:973][787]LogModuleManager: Shutting down and abandoning module ExampleDeviceProfileSelector (15)
[2016.01.27-03.17.17:973][787]LogModuleManager: Shutting down and abandoning module TextureCompressor (14)
[2016.01.27-03.17.17:973][787]LogModuleManager: Shutting down and abandoning module ShaderCore (13)
[2016.01.27-03.17.17:973][787]LogModuleManager: Shutting down and abandoning module Landscape (12)
[2016.01.27-03.17.17:973][787]LogModuleManager: Shutting down and abandoning module SlateRHIRenderer (11)
[2016.01.27-03.17.17:974][787]LogModuleManager: Shutting down and abandoning module OpenGLDrv (10)
[2016.01.27-03.17.17:974][787]LogModuleManager: Shutting down and abandoning module D3D11RHI (9)
[2016.01.27-03.17.17:974][787]LogModuleManager: Shutting down and abandoning module AnimGraphRuntime (8)
[2016.01.27-03.17.17:974][787]LogModuleManager: Shutting down and abandoning module Renderer (7)
[2016.01.27-03.17.17:974][787]LogModuleManager: Shutting down and abandoning module Engine (6)
[2016.01.27-03.17.17:974][787]LogModuleManager: Shutting down and abandoning module CoreUObject (5)
[2016.01.27-03.17.17:974][787]LogModuleManager: Shutting down and abandoning module NetworkFile (4)
[2016.01.27-03.17.17:974][787]LogModuleManager: Shutting down and abandoning module StreamingFile (3)
[2016.01.27-03.17.17:974][787]LogModuleManager: Shutting down and abandoning module SandboxFile (2)
[2016.01.27-03.17.17:974][787]LogModuleManager: Shutting down and abandoning module PakFile (1)
[2016.01.27-03.17.17:974][787]LogExit: Exiting.
[2016.01.27-03.17.17:975][787]Log file closed, 01/26/16 22:17:17
