[2016.01.25-22.36.06:175][  0]Log file open, 01/25/16 17:36:06
[2016.01.25-22.36.06:175][  0]LogInit:Display: Running engine for game: LostAge
[2016.01.25-22.36.06:175][  0]LogInit:Display: RandInit(-473481536) SRandInit(-473481536).
[2016.01.25-22.36.06:176][  0]LogTaskGraph: Started task graph with 4 named threads and 7 total threads.
[2016.01.25-22.36.06:176][  0]LogStats: Stats thread started at 0.143703
[2016.01.25-22.36.06:176][  0]LogInit: Version: 4.9.2-2707645+++depot+UE4-Releases+4.9
[2016.01.25-22.36.06:176][  0]LogInit: API Version: 2672455
[2016.01.25-22.36.06:177][  0]LogInit: Compiled (64-bit): Sep 28 2015 10:25:44
[2016.01.25-22.36.06:177][  0]LogInit: Compiled with Visual C++: 18.00.21005.01
[2016.01.25-22.36.06:177][  0]LogInit: Build Configuration: DebugGame
[2016.01.25-22.36.06:177][  0]LogInit: Branch Name: ++depot+UE4-Releases+4.9
[2016.01.25-22.36.06:177][  0]LogInit: Command line:  -debug
[2016.01.25-22.36.06:178][  0]LogInit: Base directory: C:/Program Files/Epic Games/4.9/Engine/Binaries/Win64/
[2016.01.25-22.36.06:178][  0]LogInit: Rocket: 1
[2016.01.25-22.36.06:198][  0]LogInit: Using libcurl 7.41.0
[2016.01.25-22.36.06:199][  0]LogInit:  - built for x86_64-pc-win32
[2016.01.25-22.36.06:199][  0]LogInit:  - supports SSL with WinSSL
[2016.01.25-22.36.06:199][  0]LogInit:  - other features:
[2016.01.25-22.36.06:199][  0]LogInit:      CURL_VERSION_SSL
[2016.01.25-22.36.06:200][  0]LogInit:      CURL_VERSION_IPV6
[2016.01.25-22.36.06:200][  0]LogInit:      CURL_VERSION_ASYNCHDNS
[2016.01.25-22.36.06:200][  0]LogInit:      CURL_VERSION_LARGEFILE
[2016.01.25-22.36.06:200][  0]LogInit:      CURL_VERSION_IDN
[2016.01.25-22.36.06:201][  0]LogInit:  CurlRequestOptions (configurable via config and command line):
[2016.01.25-22.36.06:201][  0]LogInit:  - bVerifyPeer = true  - Libcurl will verify peer certificate
[2016.01.25-22.36.06:201][  0]LogInit:  - bUseHttpProxy = false  - Libcurl will NOT use HTTP proxy
[2016.01.25-22.36.06:201][  0]LogInit:  - bDontReuseConnections = false  - Libcurl will reuse connections
[2016.01.25-22.36.06:201][  0]LogInit:  - CertBundlePath = nullptr  - Libcurl will use whatever was configured at build time.
[2016.01.25-22.36.06:236][  0]LogInit: Presizing for 0 objects not considered by GC, pre-allocating 0 bytes.
[2016.01.25-22.36.06:243][  0]LogInit: Object subsystem initialized
[2016.01.25-22.36.06:245][  0]LogInit: Selected Device Profile: [Windows]
[2016.01.25-22.36.06:246][  0]LogInit: Applying CVar settings loaded from the selected device profile: [Windows]
[2016.01.25-22.36.06:254][  0]LogInit: Computer: FREDERIC-PC
[2016.01.25-22.36.06:255][  0]LogInit: User: frederic
[2016.01.25-22.36.06:255][  0]LogInit: CPU Page size=4096, Cores=4
[2016.01.25-22.36.06:255][  0]LogInit: High frequency timer resolution =3.331240 MHz
[2016.01.25-22.36.06:255][  0]LogMemory: Memory total: Physical=15.9GB (16GB approx)
[2016.01.25-22.36.06:256][  0]LogMemory: Platform Memory Stats for Windows
[2016.01.25-22.36.06:256][  0]LogMemory: Process Physical Memory: 53.41 MB used, 53.41 MB peak
[2016.01.25-22.36.06:256][  0]LogMemory: Process Virtual Memory: 55.50 MB used, 55.50 MB peak
[2016.01.25-22.36.06:256][  0]LogMemory: Physical Memory: 4931.64 MB used, 16288.39 MB total
[2016.01.25-22.36.06:256][  0]LogMemory: Virtual Memory: 330.62 MB used, 8388608.00 MB total
[2016.01.25-22.36.06:329][  0]LogTextLocalizationManager: No translations for ('fr-CA') exist, falling back to 'en' for localization and internationalization data.
[2016.01.25-22.36.07:143][  0]LogD3D11RHI: Found D3D11 adapter 0: NVIDIA GeForce GTX 970 (Feature Level 11_0)
[2016.01.25-22.36.07:143][  0]LogD3D11RHI: Adapter has 4008MB of dedicated video memory, 0MB of dedicated system memory, and 7888MB of shared system memory, 1 output[s]
[2016.01.25-22.36.07:152][  0]LogD3D11RHI: Found D3D11 adapter 1: Intel(R) HD Graphics 3000 (Feature Level 10_0)
[2016.01.25-22.36.07:152][  0]LogD3D11RHI: Adapter has 64MB of dedicated video memory, 0MB of dedicated system memory, and 1632MB of shared system memory, 0 output[s]
[2016.01.25-22.36.07:153][  0]LogD3D11RHI: Chosen D3D11 Adapter Id = 0
[2016.01.25-22.36.07:158][  0]LogD3D11RHI: !Direct3DDevice
[2016.01.25-22.36.07:158][  0]LogRHI: Texture pool is 1361 MB (70% of 1945 MB)
[2016.01.25-22.36.07:217][  0]LogD3D11RHI: Async texture creation enabled
[2016.01.25-22.36.07:232][  0]LogShaderCompilers: Guid format shader working directory is 15 characters bigger than the processId version (../../../../../../Users/frederic/Documents/Unreal Projects/LostAge/Intermediate/Shaders/WorkingDirectory/7996/).
[2016.01.25-22.36.07:232][  0]LogShaderCompilers: Cleaned the shader compiler working directory '../../../../../../Users/frederic/Documents/Unreal Projects/LostAge/Intermediate/Shaders/tmp/DD4896B84637F42BAC57D981D5773454/'.
[2016.01.25-22.36.07:233][  0]LogShaderCompilers:Display: Using Local Shader Compiler.
[2016.01.25-22.36.08:406][  0]LogTemp:Display: Loaded TP AllDesktopTargetPlatform
[2016.01.25-22.36.08:421][  0]LogTemp:Display: Loaded TP WindowsClientTargetPlatform
[2016.01.25-22.36.08:435][  0]LogTemp:Display: Loaded TP WindowsNoEditorTargetPlatform
[2016.01.25-22.36.08:449][  0]LogTemp:Display: Loaded TP WindowsServerTargetPlatform
[2016.01.25-22.36.08:464][  0]LogTemp:Display: Loaded TP WindowsTargetPlatform
[2016.01.25-22.36.08:470][  0]LogTemp:Display: Loaded TP AndroidTargetPlatform
[2016.01.25-22.36.08:478][  0]LogTemp:Display: Loaded TP Android_ASTCTargetPlatform
[2016.01.25-22.36.08:485][  0]LogTemp:Display: Loaded TP Android_ATCTargetPlatform
[2016.01.25-22.36.08:494][  0]LogTemp:Display: Loaded TP Android_DXTTargetPlatform
[2016.01.25-22.36.08:501][  0]LogTemp:Display: Loaded TP Android_ETC1TargetPlatform
[2016.01.25-22.36.08:510][  0]LogTemp:Display: Loaded TP Android_ETC2TargetPlatform
[2016.01.25-22.36.08:517][  0]LogTemp:Display: Loaded TP Android_PVRTCTargetPlatform
[2016.01.25-22.36.08:520][  0]LogTemp:Display: Loaded TP HTML5TargetPlatform
[2016.01.25-22.36.08:550][  0]LogTemp:Display: Loaded TP IOSTargetPlatform
[2016.01.25-22.36.08:558][  0]LogTemp:Display: Loaded TP LinuxNoEditorTargetPlatform
[2016.01.25-22.36.08:564][  0]LogTemp:Display: Loaded TP LinuxServerTargetPlatform
[2016.01.25-22.36.08:572][  0]LogTemp:Display: Loaded TP LinuxTargetPlatform
[2016.01.25-22.36.08:572][  0]LogTargetPlatformManager:Display: Building Assets For Windows
[2016.01.25-22.36.08:765][  0]LogDerivedDataCache:Display: Max Cache Size: 512 MB
[2016.01.25-22.36.08:808][  0]LogDerivedDataCache: Loaded boot cache 0.04s 42MB C:/Users/frederic/AppData/Local/UnrealEngine/4.9/DerivedDataCache/Boot.ddc.
[2016.01.25-22.36.08:809][  0]LogDerivedDataCache:Display: Loaded Boot cache: C:/Users/frederic/AppData/Local/UnrealEngine/4.9/DerivedDataCache/Boot.ddc
[2016.01.25-22.36.08:809][  0]LogDerivedDataCache: FDerivedDataBackendGraph:  Pak pak cache file ../../../../../../Users/frederic/Documents/Unreal Projects/LostAge/DerivedDataCache/DDC.ddp not found, will not use a pak cache.
[2016.01.25-22.36.08:810][  0]LogDerivedDataCache: Unable to find inner node Pak for hierarchical cache Hierarchy.
[2016.01.25-22.36.08:810][  0]LogDerivedDataCache: FDerivedDataBackendGraph:  CompressedPak pak cache file ../../../../../../Users/frederic/Documents/Unreal Projects/LostAge/DerivedDataCache/Compressed.ddp not found, will not use a pak cache.
[2016.01.25-22.36.08:810][  0]LogDerivedDataCache: Unable to find inner node CompressedPak for hierarchical cache Hierarchy.
[2016.01.25-22.36.08:954][  0]LogDerivedDataCache:Display: Pak cache opened for reading ../../../Engine/DerivedDataCache/Compressed.ddp.
[2016.01.25-22.36.08:966][  0]LogDerivedDataCache: Using Local data cache path C:/Users/frederic/AppData/Local/UnrealEngine/Common/DerivedDataCache: Writable
[2016.01.25-22.36.09:162][  0]LogInit: Selected Device Profile: [Windows]
[2016.01.25-22.36.09:163][  0]LogContentStreaming: Texture pool size is 0.000000MB
[2016.01.25-22.36.09:200][  0]LogMeshUtilities: No automatic mesh reduction module available
[2016.01.25-22.36.09:200][  0]LogMeshUtilities: No automatic mesh merging module available
[2016.01.25-22.36.09:566][  0]LogInit: WinSock: version 1.1 (2.2), MaxSocks=32767, MaxUdp=65467
[2016.01.25-22.36.10:519][  0]UdpMessaging: Initializing bridge on interface 0.0.0.0:0 to multicast group 230.0.0.1:6666.
[2016.01.25-22.36.10:847][  0]LogAssetRegistry: FAssetRegistry took 0.0102 seconds to start up
[2016.01.25-22.36.11:175][  0]SourceControl: Info Source control is disabled
[2016.01.25-22.36.11:176][  0]SourceControl: Info Source control is disabled
[2016.01.25-22.36.11:191][  0]SourceControl: Info Source control is disabled
[2016.01.25-22.36.11:209][  0]SourceControl: Info Source control is disabled
[2016.01.25-22.36.11:402][  0]LogLinker:Warning: Asset '../../../Engine/Plugins/Runtime/LeapMotionController/Content/LM_PassthroughMaterial.uasset' has been saved with empty engine version. The asset will be loaded but may be incompatible.
[2016.01.25-22.36.11:503][  0]LogObj: 31786 objects as part of root set at end of initial load.
[2016.01.25-22.36.11:503][  0]LogUObjectAllocator: 7251152 out of 0 bytes used by permanent object pool.
[2016.01.25-22.36.11:579][  0]LogEngine: Initializing Engine...
[2016.01.25-22.36.11:581][  0]LogHMD: Can't find Oculus library dev build: is proper Runtime installed? Version: 0.7.0.0
[2016.01.25-22.36.11:583][  0]LogHMD: SteamVR failed to initialize.  Err: 110
[2016.01.25-22.36.11:727][  0]LogAIModule: Creating AISystem for world NewWorld
[2016.01.25-22.36.11:745][  0]LogInit: XAudio2 using 'Haut-parleurs (USB PnP Sound Device)' : 2 channels at 44.1 kHz using 16 bits per sample (channel mask 0x3)
[2016.01.25-22.36.11:753][  0]LogInit: FAudioDevice initialized.
[2016.01.25-22.36.11:775][  0]LogDerivedDataCache: Saved boot cache 0.02s 42MB C:/Users/frederic/AppData/Local/UnrealEngine/4.9/DerivedDataCache/Boot.ddc.
[2016.01.25-22.36.11:781][  0]LogInit: Texture streaming: Enabled
[2016.01.25-22.36.11:794][  0]LogAnalytics: Creating configured Analytics provider AnalyticsET
[2016.01.25-22.36.11:795][  0]LogAnalytics: [UEEditor.Rocket.Release] APIServer = http://et2.epicgames.com/ET2/. AppVersion = 4.9.2-2707645+++depot+UE4-Releases+4.9
[2016.01.25-22.36.11:795][  0]LogAnalytics: [UEEditor.Rocket.Release] SetUserId c8da8d664a36a98701fe659c10ae4ff8|70626fa7f476448fb82ad9618fbbb1ab|00e7fb16-00c3-4af4-a2a1-2cc8013aae38
[2016.01.25-22.36.11:795][  0]LogAnalytics: [UEEditor.Rocket.Release] AnalyticsET::StartSession
[2016.01.25-22.36.11:811][  0]LogInit: Transaction tracking system initialized
[2016.01.25-22.36.11:898][  0]BlueprintLog: New page: Editor Load
[2016.01.25-22.36.12:227][  0]LocalizationService: Info Localization service is disabled
[2016.01.25-22.36.12:363][  0]LogLinker:Warning: Can't find file '/Game/ThirdPersonCPP/ThirdPersonOverview'
[2016.01.25-22.36.12:364][  0]LogLinker:Warning: Can't find file '/Game/ThirdPersonCPP/ThirdPersonOverview'
[2016.01.25-22.36.12:364][  0]LogUObjectGlobals:Warning: Failed to find object 'Class /Game/ThirdPersonCPP/ThirdPersonOverview.ThirdPersonOverview_C'
[2016.01.25-22.36.12:392][  0]LogConsoleResponse:Display: 
[2016.01.25-22.36.12:528][  0]LogCook:Display: Done creating registry. It took  0.00s.
[2016.01.25-22.36.12:660][  0]LogFileCache: Scanning file cache for directory 'C:/Users/frederic/Documents/Unreal Projects/LostAge/Content/' took 0.01s
[2016.01.25-22.36.12:680][  0]SourceControl: Info Source control is disabled
[2016.01.25-22.36.12:680][  0]Cmd: MAP LOAD FILE="../../../../../../Users/frederic/Documents/Unreal Projects/LostAge/Content/FirstPersonCPP/Maps/FirstPersonExampleMap.umap" TEMPLATE=0 SHOWPROGRESS=1 FEATURELEVEL=3
[2016.01.25-22.36.12:681][  0]LightingResults: New page: Lighting Build
[2016.01.25-22.36.12:686][  0]MapCheck: New page: Map Check
[2016.01.25-22.36.12:686][  0]LightingResults: New page: Lighting Build
[2016.01.25-22.36.12:700][  0]LogParticles: Destroying 0 GPU particle simulations for FXSystem 0x0000000022C46480
[2016.01.25-22.36.12:910][  0]LogAIModule: Creating AISystem for world FirstPersonExampleMap
[2016.01.25-22.36.12:920][  0]LogEditorServer: Finished looking for orphan Actors (0.000 secs)
[2016.01.25-22.36.12:921][  0]Cmd: MAP CHECKDEP NOCLEARLOG
[2016.01.25-22.36.13:043][  0]MapCheck: Info Map check complete: 0 Error(s), 0 Warning(s), took 121.201ms to complete.
[2016.01.25-22.36.13:043][  0]LogFileHelpers: Loading map 'FirstPersonExampleMap' took 0.363
[2016.01.25-22.36.13:140][  0]LogCollectionManager: Loaded 0 collections in 0.002694 seconds
[2016.01.25-22.36.13:187][  0]LogFileCache: Scanning file cache for directory 'C:/Users/frederic/Documents/Unreal Projects/LostAge/Saved/Collections/' took 0.01s
[2016.01.25-22.36.13:187][  0]LogFileCache: Scanning file cache for directory 'C:/Users/frederic/Documents/Unreal Projects/LostAge/Content/Developers/frederic/Collections/' took 0.01s
[2016.01.25-22.36.13:188][  0]LogFileCache: Scanning file cache for directory 'C:/Users/frederic/Documents/Unreal Projects/LostAge/Content/Collections/' took 0.01s
[2016.01.25-22.36.13:188][  0]LogContentBrowser: Native class hierarchy populated in 0.0100 seconds. Added 1874 classes and 335 folders.
[2016.01.25-22.36.13:196][  0]LogCollectionManager: Rebuilt the GUID cache for 0 collections in 0.000002 seconds
[2016.01.25-22.36.13:211][  0]LogContentBrowser: Native class hierarchy updated for 'WidgetCarousel' in 0.0041 seconds. Added 0 classes and 0 folders.
[2016.01.25-22.36.13:285][  0]LogContentBrowser: Native class hierarchy updated for 'AddContentDialog' in 0.0026 seconds. Added 0 classes and 0 folders.
[2016.01.25-22.36.13:303][  0]LogContentBrowser: Native class hierarchy updated for 'SceneOutliner' in 0.0017 seconds. Added 1 classes and 2 folders.
[2016.01.25-22.36.13:340][  0]LogCrashTracker: Crashtracker disabled due to settings.
[2016.01.25-22.36.13:345][  0]LogUObjectGlobals:Warning: Failed to find object 'Class None.'
[2016.01.25-22.36.13:368][  0]LogLoad: Full Startup: 8.17 seconds (BP compile: 0.08 seconds)
[2016.01.25-22.36.13:428][  0]LogContentStreaming: Texture pool size now 1000 MB
[2016.01.25-22.36.13:561][  0]LogRenderer: Reallocating scene render targets to support 1208x556 (Frame:2).
[2016.01.25-22.36.13:848][  3]LogAssetRegistry: Asset discovery search completed in 3.0111 seconds
[2016.01.25-22.36.13:848][  3]LogCollectionManager: Rebuilt the object cache for 0 collections in 0.000002 seconds (found 0 objects)
[2016.01.25-22.36.13:848][  3]LogCollectionManager: Fixed up redirectors for 0 collections in 0.000280 seconds (updated 0 objects)
[2016.01.25-22.36.15:079][128]LogBlueprintUserMessages: Early PlayInEditor Detection: Level '/Game/FirstPersonCPP/Maps/FirstPersonExampleMap.FirstPersonExampleMap:PersistentLevel' has LevelScriptBlueprint '/Game/FirstPersonCPP/Maps/FirstPersonExampleMap.FirstPersonExampleMap:PersistentLevel.FirstPersonExampleMap' with GeneratedClass '/Game/FirstPersonCPP/Maps/FirstPersonExampleMap.FirstPersonExampleMap_C' with ClassGeneratedBy '/Game/FirstPersonCPP/Maps/FirstPersonExampleMap.FirstPersonExampleMap:PersistentLevel.FirstPersonExampleMap'
[2016.01.25-22.36.15:080][128]LogPlayLevel: PlayLevel: No blueprints needed recompiling
[2016.01.25-22.36.15:080][128]PIE: New page: PIE session: FirstPersonExampleMap (Jan 25, 2016, 12:36:15 PM)
[2016.01.25-22.36.15:081][128]LogPlayLevel: Creating play world package: /Game/FirstPersonCPP/Maps/UEDPIE_0_FirstPersonExampleMap
[2016.01.25-22.36.15:107][128]LogPlayLevel: PIE: StaticDuplicateObject took: (0.026468s)
[2016.01.25-22.36.15:109][128]LogAIModule: Creating AISystem for world FirstPersonExampleMap
[2016.01.25-22.36.15:110][128]LogPlayLevel: PIE: World Init took: (0.001707s)
[2016.01.25-22.36.15:110][128]LogPlayLevel: PIE: Created PIE world by copying editor world from /Game/FirstPersonCPP/Maps/FirstPersonExampleMap.FirstPersonExampleMap to /Game/FirstPersonCPP/Maps/UEDPIE_0_FirstPersonExampleMap.FirstPersonExampleMap (0.029695s)
[2016.01.25-22.36.15:111][128]LogActorComponent: UnregisterComponent: (/Engine/Transient.CharMoveComp) Not registered. Aborting.
[2016.01.25-22.36.15:137][128]LogInit: XAudio2 using 'Haut-parleurs (USB