[2016.01.25-21.52.46:618][  0]Log file open, 01/25/16 16:52:46
[2016.01.25-21.52.46:618][  0]LogInit:Display: Running engine for game: LostAge
[2016.01.25-21.52.46:618][  0]LogInit:Display: RandInit(-542980490) SRandInit(-542980489).
[2016.01.25-21.52.46:618][  0]LogTaskGraph: Started task graph with 4 named threads and 7 total threads.
[2016.01.25-21.52.46:619][  0]LogStats: Stats thread started at 0.160341
[2016.01.25-21.52.46:619][  0]LogInit: Version: 4.9.2-2707645+++depot+UE4-Releases+4.9
[2016.01.25-21.52.46:619][  0]LogInit: API Version: 2672455
[2016.01.25-21.52.46:619][  0]LogInit: Compiled (64-bit): Sep 28 2015 10:25:44
[2016.01.25-21.52.46:620][  0]LogInit: Compiled with Visual C++: 18.00.21005.01
[2016.01.25-21.52.46:620][  0]LogInit: Build Configuration: DebugGame
[2016.01.25-21.52.46:620][  0]LogInit: Branch Name: ++depot+UE4-Releases+4.9
[2016.01.25-21.52.46:620][  0]LogInit: Command line:  -debug
[2016.01.25-21.52.46:621][  0]LogInit: Base directory: C:/Program Files/Epic Games/4.9/Engine/Binaries/Win64/
[2016.01.25-21.52.46:621][  0]LogInit: Rocket: 1
[2016.01.25-21.52.46:641][  0]LogInit: Using libcurl 7.41.0
[2016.01.25-21.52.46:641][  0]LogInit:  - built for x86_64-pc-win32
[2016.01.25-21.52.46:641][  0]LogInit:  - supports SSL with WinSSL
[2016.01.25-21.52.46:642][  0]LogInit:  - other features:
[2016.01.25-21.52.46:642][  0]LogInit:      CURL_VERSION_SSL
[2016.01.25-21.52.46:642][  0]LogInit:      CURL_VERSION_IPV6
[2016.01.25-21.52.46:642][  0]LogInit:      CURL_VERSION_ASYNCHDNS
[2016.01.25-21.52.46:642][  0]LogInit:      CURL_VERSION_LARGEFILE
[2016.01.25-21.52.46:643][  0]LogInit:      CURL_VERSION_IDN
[2016.01.25-21.52.46:643][  0]LogInit:  CurlRequestOptions (configurable via config and command line):
[2016.01.25-21.52.46:643][  0]LogInit:  - bVerifyPeer = true  - Libcurl will verify peer certificate
[2016.01.25-21.52.46:643][  0]LogInit:  - bUseHttpProxy = false  - Libcurl will NOT use HTTP proxy
[2016.01.25-21.52.46:644][  0]LogInit:  - bDontReuseConnections = false  - Libcurl will reuse connections
[2016.01.25-21.52.46:644][  0]LogInit:  - CertBundlePath = nullptr  - Libcurl will use whatever was configured at build time.
[2016.01.25-21.52.46:672][  0]LogInit: Presizing for 0 objects not considered by GC, pre-allocating 0 bytes.
[2016.01.25-21.52.46:679][  0]LogInit: Object subsystem initialized
[2016.01.25-21.52.46:681][  0]LogInit: Selected Device Profile: [Windows]
[2016.01.25-21.52.46:682][  0]LogInit: Applying CVar settings loaded from the selected device profile: [Windows]
[2016.01.25-21.52.46:689][  0]LogInit: Computer: FREDERIC-PC
[2016.01.25-21.52.46:690][  0]LogInit: User: frederic
[2016.01.25-21.52.46:690][  0]LogInit: CPU Page size=4096, Cores=4
[2016.01.25-21.52.46:690][  0]LogInit: High frequency timer resolution =3.331240 MHz
[2016.01.25-21.52.46:690][  0]LogMemory: Memory total: Physical=15.9GB (16GB approx)
[2016.01.25-21.52.46:691][  0]LogMemory: Platform Memory Stats for Windows
[2016.01.25-21.52.46:691][  0]LogMemory: Process Physical Memory: 53.21 MB used, 53.21 MB peak
[2016.01.25-21.52.46:691][  0]LogMemory: Process Virtual Memory: 55.49 MB used, 55.49 MB peak
[2016.01.25-21.52.46:691][  0]LogMemory: Physical Memory: 4984.68 MB used, 16288.39 MB total
[2016.01.25-21.52.46:692][  0]LogMemory: Virtual Memory: 330.62 MB used, 8388608.00 MB total
[2016.01.25-21.52.46:758][  0]LogTextLocalizationManager: No translations for ('fr-CA') exist, falling back to 'en' for localization and internationalization data.
[2016.01.25-21.52.47:390][  0]LogD3D11RHI: Found D3D11 adapter 0: NVIDIA GeForce GTX 970 (Feature Level 11_0)
[2016.01.25-21.52.47:390][  0]LogD3D11RHI: Adapter has 4008MB of dedicated video memory, 0MB of dedicated system memory, and 7888MB of shared system memory, 1 output[s]
[2016.01.25-21.52.47:398][  0]LogD3D11RHI: Found D3D11 adapter 1: Intel(R) HD Graphics 3000 (Feature Level 10_0)
[2016.01.25-21.52.47:398][  0]LogD3D11RHI: Adapter has 64MB of dedicated video memory, 0MB of dedicated system memory, and 1632MB of shared system memory, 0 output[s]
[2016.01.25-21.52.47:399][  0]LogD3D11RHI: Chosen D3D11 Adapter Id = 0
[2016.01.25-21.52.47:403][  0]LogD3D11RHI: !Direct3DDevice
[2016.01.25-21.52.47:403][  0]LogRHI: Texture pool is 1361 MB (70% of 1945 MB)
[2016.01.25-21.52.47:454][  0]LogD3D11RHI: Async texture creation enabled
[2016.01.25-21.52.47:469][  0]LogShaderCompilers: Guid format shader working directory is 15 characters bigger than the processId version (../../../../../../Users/frederic/Documents/Unreal Projects/LostAge/Intermediate/Shaders/WorkingDirectory/5112/).
[2016.01.25-21.52.47:469][  0]LogShaderCompilers: Cleaned the shader compiler working directory '../../../../../../Users/frederic/Documents/Unreal Projects/LostAge/Intermediate/Shaders/tmp/C829862A4C73246721F2539942B99FA4/'.
[2016.01.25-21.52.47:470][  0]LogShaderCompilers:Display: Using Local Shader Compiler.
[2016.01.25-21.52.48:583][  0]LogTemp:Display: Loaded TP AllDesktopTargetPlatform
[2016.01.25-21.52.48:596][  0]LogTemp:Display: Loaded TP WindowsClientTargetPlatform
[2016.01.25-21.52.48:609][  0]LogTemp:Display: Loaded TP WindowsNoEditorTargetPlatform
[2016.01.25-21.52.48:622][  0]LogTemp:Display: Loaded TP WindowsServerTargetPlatform
[2016.01.25-21.52.48:635][  0]LogTemp:Display: Loaded TP WindowsTargetPlatform
[2016.01.25-21.52.48:641][  0]LogTemp:Display: Loaded TP AndroidTargetPlatform
[2016.01.25-21.52.48:648][  0]LogTemp:Display: Loaded TP Android_ASTCTargetPlatform
[2016.01.25-21.52.48:655][  0]LogTemp:Display: Loaded TP Android_ATCTargetPlatform
[2016.01.25-21.52.48:661][  0]LogTemp:Display: Loaded TP Android_DXTTargetPlatform
[2016.01.25-21.52.48:668][  0]LogTemp:Display: Loaded TP Android_ETC1TargetPlatform
[2016.01.25-21.52.48:675][  0]LogTemp:Display: Loaded TP Android_ETC2TargetPlatform
[2016.01.25-21.52.48:682][  0]LogTemp:Display: Loaded TP Android_PVRTCTargetPlatform
[2016.01.25-21.52.48:685][  0]LogTemp:Display: Loaded TP HTML5TargetPlatform
[2016.01.25-21.52.48:713][  0]LogTemp:Display: Loaded TP IOSTargetPlatform
[2016.01.25-21.52.48:718][  0]LogTemp:Display: Loaded TP LinuxNoEditorTargetPlatform
[2016.01.25-21.52.48:725][  0]LogTemp:Display: Loaded TP LinuxServerTargetPlatform
[2016.01.25-21.52.48:731][  0]LogTemp:Display: Loaded TP LinuxTargetPlatform
[2016.01.25-21.52.48:731][  0]LogTargetPlatformManager:Display: Building Assets For Windows
[2016.01.25-21.52.48:914][  0]LogDerivedDataCache:Display: Max Cache Size: 512 MB
[2016.01.25-21.52.48:957][  0]LogDerivedDataCache: Loaded boot cache 0.04s 42MB C:/Users/frederic/AppData/Local/UnrealEngine/4.9/DerivedDataCache/Boot.ddc.
[2016.01.25-21.52.48:958][  0]LogDerivedDataCache:Display: Loaded Boot cache: C:/Users/frederic/AppData/Local/UnrealEngine/4.9/DerivedDataCache/Boot.ddc
[2016.01.25-21.52.48:958][  0]LogDerivedDataCache: FDerivedDataBackendGraph:  Pak pak cache file ../../../../../../Users/frederic/Documents/Unreal Projects/LostAge/DerivedDataCache/DDC.ddp not found, will not use a pak cache.
[2016.01.25-21.52.48:958][  0]LogDerivedDataCache: Unable to find inner node Pak for hierarchical cache Hierarchy.
[2016.01.25-21.52.48:959][  0]LogDerivedDataCache: FDerivedDataBackendGraph:  CompressedPak pak cache file ../../../../../../Users/frederic/Documents/Unreal Projects/LostAge/DerivedDataCache/Compressed.ddp not found, will not use a pak cache.
[2016.01.25-21.52.48:959][  0]LogDerivedDataCache: Unable to find inner node CompressedPak for hierarchical cache Hierarchy.
[2016.01.25-21.52.49:096][  0]LogDerivedDataCache:Display: Pak cache opened for reading ../../../Engine/DerivedDataCache/Compressed.ddp.
[2016.01.25-21.52.49:109][  0]LogDerivedDataCache: Using Local data cache path C:/Users/frederic/AppData/Local/UnrealEngine/Common/DerivedDataCache: Writable
[2016.01.25-21.52.49:285][  0]LogInit: Selected Device Profile: [Windows]
[2016.01.25-21.52.49:286][  0]LogContentStreaming: Texture pool size is 0.000000MB
[2016.01.25-21.52.49:319][  0]LogMeshUtilities: No automatic mesh reduction module available
[2016.01.25-21.52.49:320][  0]LogMeshUtilities: No automatic mesh merging module available
[2016.01.25-21.52.49:675][  0]LogInit: WinSock: version 1.1 (2.2), MaxSocks=32767, MaxUdp=65467
[2016.01.25-21.52.50:585][  0]UdpMessaging: Initializing bridge on interface 0.0.0.0:0 to multicast group 230.0.0.1:6666.
[2016.01.25-21.52.50:923][  0]LogAssetRegistry: FAssetRegistry took 0.0107 seconds to start up
[2016.01.25-21.52.51:210][  0]SourceControl: Info Source control is disabled
[2016.01.25-21.52.51:211][  0]SourceControl: Info Source control is disabled
[2016.01.25-21.52.51:227][  0]SourceControl: Info Source control is disabled
[2016.01.25-21.52.51:245][  0]SourceControl: Info Source control is disabled
[2016.01.25-21.52.51:421][  0]LogLinker:Warning: Asset '../../../Engine/Plugins/Runtime/LeapMotionController/Content/LM_PassthroughMaterial.uasset' has been saved with empty engine version. The asset will be loaded but may be incompatible.
[2016.01.25-21.52.51:518][  0]LogObj: 31827 objects as part of root set at end of initial load.
[2016.01.25-21.52.51:518][  0]LogUObjectAllocator: 7265808 out of 0 bytes used by permanent object pool.
[2016.01.25-21.52.51:591][  0]LogEngine: Initializing Engine...
[2016.01.25-21.52.51:594][  0]LogHMD: Can't find Oculus library dev build: is proper Runtime installed? Version: 0.7.0.0
[2016.01.25-21.52.51:596][  0]LogHMD: SteamVR failed to initialize.  Err: 110
[2016.01.25-21.52.51:727][  0]LogAIModule: Creating AISystem for world NewWorld
[2016.01.25-21.52.51:743][  0]LogInit: XAudio2 using 'Haut-parleurs (USB PnP Sound Device)' : 2 channels at 44.1 kHz using 16 bits per sample (channel mask 0x3)
[2016.01.25-21.52.51:751][  0]LogInit: FAudioDevice initialized.
[2016.01.25-21.52.51:770][  0]LogDerivedDataCache: Saved boot cache 0.02s 42MB C:/Users/frederic/AppData/Local/UnrealEngine/4.9/DerivedDataCache/Boot.ddc.
[2016.01.25-21.52.51:776][  0]LogInit: Texture streaming: Enabled
[2016.01.25-21.52.51:790][  0]LogAnalytics: Creating configured Analytics provider AnalyticsET
[2016.01.25-21.52.51:791][  0]LogAnalytics: [UEEditor.Rocket.Release] APIServer = http://et2.epicgames.com/ET2/. AppVersion = 4.9.2-2707645+++depot+UE4-Releases+4.9
[2016.01.25-21.52.51:791][  0]LogAnalytics: [UEEditor.Rocket.Release] SetUserId c8da8d664a36a98701fe659c10ae4ff8|70626fa7f476448fb82ad9618fbbb1ab|00e7fb16-00c3-4af4-a2a1-2cc8013aae38
[2016.01.25-21.52.51:791][  0]LogAnalytics: [UEEditor.Rocket.Release] AnalyticsET::StartSession
[2016.01.25-21.52.51:806][  0]LogInit: Transaction tracking system initialized
[2016.01.25-21.52.51:891][  0]BlueprintLog: New page: Editor Load
[2016.01.25-21.52.52:212][  0]LocalizationService: Info Localization service is disabled
[2016.01.25-21.52.52:351][  0]LogLinker:Warning: Can't find file '/Game/ThirdPersonCPP/ThirdPersonOverview'
[2016.01.25-21.52.52:352][  0]LogLinker:Warning: Can't find file '/Game/ThirdPersonCPP/ThirdPersonOverview'
[2016.01.25-21.52.52:352][  0]LogUObjectGlobals:Warning: Failed to find object 'Class /Game/ThirdPersonCPP/ThirdPersonOverview.ThirdPersonOverview_C'
[2016.01.25-21.52.52:378][  0]LogConsoleResponse:Display: 
[2016.01.25-21.52.52:492][  0]LogCook:Display: Done creating registry. It took  0.00s.
[2016.01.25-21.52.52:633][  0]LogFileCache: Scanning file cache for directory 'C:/Users/frederic/Documents/Unreal Projects/LostAge/Content/' took 0.01s
[2016.01.25-21.52.52:633][  0]SourceControl: Info Source control is disabled
[2016.01.25-21.52.52:633][  0]Cmd: MAP LOAD FILE="../../../../../../Users/frederic/Documents/Unreal Projects/LostAge/Content/FirstPersonCPP/Maps/FirstPersonExampleMap.umap" TEMPLATE=0 SHOWPROGRESS=1 FEATURELEVEL=3
[2016.01.25-21.52.52:634][  0]LightingResults: New page: Lighting Build
[2016.01.25-21.52.52:639][  0]MapCheck: New page: Map Check
[2016.01.25-21.52.52:639][  0]LightingResults: New page: Lighting Build
[2016.01.25-21.52.52:650][  0]LogParticles: Destroying 0 GPU particle simulations for FXSystem 0x000000002351E480
[2016.01.25-21.52.52:848][  0]LogAIModule: Creating AISystem for world FirstPersonExampleMap
[2016.01.25-21.52.52:860][  0]LogEditorServer: Finished looking for orphan Actors (0.000 secs)
[2016.01.25-21.52.52:861][  0]Cmd: MAP CHECKDEP NOCLEARLOG
[2016.01.25-21.52.52:927][  0]MapCheck: Info Map check complete: 0 Error(s), 0 Warning(s), took 65.638ms to complete.
[2016.01.25-21.52.52:928][  0]LogFileHelpers: Loading map 'FirstPersonExampleMap' took 0.294
[2016.01.25-21.52.53:046][  0]LogCollectionManager: Loaded 0 collections in 0.002239 seconds
[2016.01.25-21.52.53:089][  0]LogFileCache: Scanning file cache for directory 'C:/Users/frederic/Documents/Unreal Projects/LostAge/Saved/Collections/' took 0.01s
[2016.01.25-21.52.53:089][  0]LogFileCache: Scanning file cache for directory 'C:/Users/frederic/Documents/Unreal Projects/LostAge/Content/Developers/frederic/Collections/' took 0.01s
[2016.01.25-21.52.53:090][  0]LogFileCache: Scanning file cache for directory 'C:/Users/frederic/Documents/Unreal Projects/LostAge/Content/Collections/' took 0.01s
[2016.01.25-21.52.53:090][  0]LogContentBrowser: Native class hierarchy populated in 0.0079 seconds. Added 1874 classes and 335 folders.
[2016.01.25-21.52.53:097][  0]LogCollectionManager: Rebuilt the GUID cache for 0 collections in 0.000003 seconds
[2016.01.25-21.52.53:109][  0]LogContentBrowser: Native class hierarchy updated for 'WidgetCarousel' in 0.0018 seconds. Added 0 classes and 0 folders.
[2016.01.25-21.52.53:171][  0]LogContentBrowser: Native class hierarchy updated for 'AddContentDialog' in 0.0018 seconds. Added 0 classes and 0 folders.
[2016.01.25-21.52.53:188][  0]LogContentBrowser: Native class hierarchy updated for 'SceneOutliner' in 0.0019 seconds. Added 1 classes and 2 folders.
[2016.01.25-21.52.53:221][  0]LogCrashTracker: Crashtracker disabled due to settings.
[2016.01.25-21.52.53:226][  0]LogUObjectGlobals:Warning: Failed to find object 'Class None.'
[2016.01.25-21.52.53:248][  0]LogLoad: Full Startup: 7.57 seconds (BP compile: 0.07 seconds)
[2016.01.25-21.52.53:258][  0]LoadErrors:Error: Error /Game/FirstPersonCPP/Maps/FirstPersonExampleMap : Failed import for CameraComponent /Game/FirstPersonCPP/Blueprints/FirstPersonCharacter.Default__FirstPersonCharacter_C:FirstPersonCamera
[2016.01.25-21.52.53:259][  0]LoadErrors:Error: Error /Game/FirstPersonCPP/Maps/FirstPersonExampleMap : Failed import for SkeletalMeshComponent /Game/FirstPersonCPP/Blueprints/FirstPersonCharacter.Default__FirstPersonCharacter_C:CharacterMesh1P
[2016.01.25-21.52.53:313][  0]LogContentStreaming: Texture pool size now 1000 MB
[2016.01.25-21.52.53:440][  0]LogRenderer: Reallocating scene render targets to support 1208x556 (Frame:2).
[2016.01.25-21.52.53:733][  3]LogAssetRegistry: Asset discovery search completed in 2.8211 seconds
[2016.01.25-21.52.53:736][  3]LogCollectionManager: Rebuilt the object cache for 0 collections in 0.000001 seconds (found 0 objects)
[2016.01.25-21.52.53:736][  3]LogCollectionManager: Fixed up redirectors for 0 collections in 0.000617 seconds (updated 0 objects)
[2016.01.25-21.53.03:630][159]LogBlueprintUserMessages: Early PlayInEditor Detection: Level '/Game/FirstPersonCPP/Maps/FirstPersonExampleMap.FirstPersonExampleMap:PersistentLevel' has LevelScriptBlueprint '/Game/FirstPersonCPP/Maps/FirstPersonExampleMap.FirstPersonExampleMap:PersistentLevel.FirstPersonExampleMap' with GeneratedClass '/Game/FirstPersonCPP/Maps/FirstPersonExampleMap.FirstPersonExampleMap_C' with ClassGeneratedBy '/Game/FirstPersonCPP/Maps/FirstPersonExampleMap.FirstPersonExampleMap:PersistentLevel.FirstPersonExampleMap'
[2016.01.25-21.53.03:631][159]LogPlayLevel: PlayLevel: No blueprints needed recompiling
[2016.01.25-21.53.03:631][159]PIE: New page: PIE session: FirstPersonExampleMap (Jan 25, 2016, 11:53:03 AM)
[2016.01.25-21.53.03:632][159]LogPlayLevel: Creating play world package: /Game/FirstPersonCPP/Maps/UEDPIE_0_FirstPersonExampleMap
[2016.01.25-21.53.03:657][159]LogPlayLevel: PIE: StaticDuplicateObject took: (0.025060s)
[2016.01.25-21.53.03:659][159]LogAIModule: Creating AISystem for world FirstPersonExampleMap
[2016.01.25-21.53.03:659][159]LogPlayLevel: PIE: World Init took: (0.001155s)
[2016.01.25-21.53.03:660][159]LogPlayLevel: PIE: Created PIE world by copying editor world from /Game/FirstPersonCPP/Maps/FirstPersonExampleMap.FirstPersonExampleMap to /Game/FirstPersonCPP/Maps/UEDPIE_0_FirstPersonExampleMap.FirstPersonExampleMap (0.027830s)
[2016.01.25-21.53.03:660][159]LogActorComponent: UnregisterComponent: (/Engine/Transient.CharMoveComp) Not registered. Aborting.
[2016.01.25-21.53.03:660][159]LogActorComponent: UnregisterComponent: (/Engine/Transient.CharacterMovementComponent_0) Not registered. Aborting.
[2016.01.25-21.53.03:686][159]LogInit: XAudio2 using 'Haut-parleurs (USB PnP Sound Device)' : 2 channels at 44.1 kHz using 16 bits per sample (channel mask 0x3)
[2016.01.25-21.53.03:690][159]LogInit: FAudioDevice initialized.
[2016.01.25-21.53.03:750][159]LogWorld: Game class is 'LostAgeGameMode'
[2016.01.25-21.53.03:756][159]LogWorld: Bringing World /Game/FirstPersonCPP/Maps/UEDPIE_0_FirstPersonExampleMap.FirstPersonExampleMap up for play (max tick rate 0) at 2016.01.25-16.53.03
[2016.01.25-21.53.03:757][159]LogActor:Warning: GameSession /Game/FirstPersonCPP/Maps/UEDPIE_0_FirstPersonExampleMap.FirstPersonExampleMap:PersistentLevel.GameSession_0 has natively added scene component(s), but none of them were set as the actor's RootComponent - picking one arbitrarily
[2016.01.25-21.53.03:757][159]LogActor:Warning: GameNetworkManager /Game/FirstPersonCPP/Maps/UEDPIE_0_FirstPersonExampleMap.FirstPersonExampleMap:PersistentLevel.GameNetworkManager_0 has natively added scene component(s), but none of them were set as the actor's RootComponent - picking one arbitrarily
[2016.01.25-21.53.03:758][159]LogWorld: Bringing up level for play took: 0.006373
[2016.01.25-21.53.03:759][159]PIE: Info Play in editor start time for /Game/FirstPersonCPP/Maps/UEDPIE_0_FirstPersonExampleMap 0.268
[2016.01.25-21.53.03:760][159]LogBlueprintUserMessages: Late PlayInEditor Detection: Level '/Game/FirstPersonCPP/Maps/FirstPersonExampleMap.FirstPersonExampleMap:PersistentLevel' has LevelScriptBlueprint '/Game/FirstPersonCPP/Maps/FirstPersonExampleMap.FirstPersonExampleMap:PersistentLevel.FirstPersonExampleMap' with GeneratedClass '/Game/FirstPersonCPP/Maps/FirstPersonExampleMap.FirstPersonExampleMap_C' with ClassGeneratedBy '/Game/FirstPersonCPP/Maps/FirstPersonExampleMap.FirstPersonExampleMap:PersistentLevel.FirstPersonExampleMap'
[2016.01.25-21.53.20:619][174]LogBlueprintUserMessages: Early EndPlayMap Detection: Level '/Game/FirstPersonCPP/Maps/FirstPersonExampleMap.FirstPersonExampleMap:PersistentLevel' has LevelScriptBlueprint '/Game/FirstPersonCPP/Maps/FirstPersonExampleMap.FirstPersonExampleMap:PersistentLevel.FirstPersonExampleMap' with GeneratedClass '/Game/FirstPersonCPP/Maps/FirstPersonExampleMap.FirstPersonExampleMap_C' with ClassGeneratedBy '/Game/FirstPersonCPP/Maps/FirstPersonExampleMap.FirstPersonExampleMap:PersistentLevel.FirstPersonExampleMap'
[2016.01.25-21.53.20:653][174]LogBlueprintUserMessages: Late EndPlayMap Detection: Level '/Game/FirstPersonCPP/Maps/FirstPersonExampleMap.FirstPersonExampleMap:PersistentLevel' has LevelScriptBlueprint '/Game/FirstPersonCPP/Maps/FirstPersonExampleMap.FirstPersonExampleMap:PersistentLevel.FirstPersonExampleMap' with GeneratedClass '/Game/FirstPersonCPP/Maps/FirstPersonExampleMap.FirstPersonExampleMap_C' with ClassGeneratedBy '/Game/FirstPersonCPP/Maps/FirstPersonExampleMap.FirstPersonExampleMap:PersistentLevel.FirstPersonExampleMap'
[2016.01.25-21.53.20:666][174]LogParticles: Destroying 0 GPU particle simulations for FXSystem 0x000000001DEC5760
[2016.01.25-21.54.05:637][164]LogGameProjectGeneration:Verbose: 'C:/Program Files/Epic Games/4.9/Templates/TP_FirstPerson/Media/TP_FirstPerson.png': Skipping as it is in an ignored folder 'Media'
[2016.01.25-21.54.05:638][164]LogGameProjectGeneration:Verbose: 'C:/Program Files/Epic Games/4.9/Templates/TP_FirstPerson/Media/TP_FirstPerson_Preview.png': Skipping as it is in an ignored folder 'Media'
[2016.01.25-21.54.05:639][164]LogGameProjectGeneration:Verbose: 'C:/Program Files/Epic Games/4.9/Templates/TP_FirstPerson/Source/TP_FirstPerson.Target.cs': Renaming to 'Source//yaw.Target' as it matched file rename ('TP_FirstPerson'->'yaw')
[2016.01.25-21.54.05:646][164]LogGameProjectGeneration:Verbose: 'C:/Program Files/Epic Games/4.9/Templates/TP_FirstPerson/Source/TP_FirstPersonEditor.Target.cs': Renaming to 'Source//yawEditor.Target' as it matched file rename ('TP_FirstPerson'->'yaw')
[2016.01.25-21.54.05:652][164]LogGameProjectGeneration:Verbose: 'C:/Program Files/Epic Games/4.9/Templates/TP_FirstPerson/Source/TP_FirstPerson/TP_FirstPerson.Build.cs': Moving to 'Source/yaw//' as it matched folder rename ('Source/TP_FirstPerson'->'Source/yaw')
[2016.01.25-21.54.05:653][164]LogGameProjectGeneration:Verbose: 'C:/Program Files/Epic Games/4.9/Templates/TP_FirstPerson/Source/TP_FirstPerson/TP_FirstPerson.Build.cs': Renaming to 'Source/yaw///yaw.Build' as it matched file rename ('TP_FirstPerson'->'yaw')
[2016.01.25-21.54.05:660][164]LogGameProjectGeneration:Verbose: 'C:/Program Files/Epic Games/4.9/Templates/TP_FirstPerson/Source/TP_FirstPerson/TP_FirstPerson.cpp': Moving to 'Source/yaw//' as it matched folder rename ('Source/TP_FirstPerson'->'Source/yaw')
[2016.01.25-21.54.05:661][164]LogGameProjectGeneration:Verbose: 'C:/Program Files/Epic Games/4.9/Templates/TP_FirstPerson/Source/TP_FirstPerson/TP_FirstPerson.cpp': Renaming to 'Source/yaw///yaw' as it matched file rename ('TP_FirstPerson'->'yaw')
[2016.01.25-21.54.05:667][164]LogGameProjectGeneration:Verbose: 'C:/Program Files/Epic Games/4.9/Templates/TP_FirstPerson/Source/TP_FirstPerson/TP_FirstPerson.h': Moving to 'Source/yaw//' as it matched folder rename ('Source/TP_FirstPerson'->'Source/yaw')
[2016.01.25-21.54.05:667][164]LogGameProjectGeneration:Verbose: 'C:/Program Files/Epic Games/4.9/Templates/TP_FirstPerson/Source/TP_FirstPerson/TP_FirstPerson.h': Renaming to 'Source/yaw///yaw' as it matched file rename ('TP_FirstPerson'->'yaw')
[2016.01.25-21.54.05:671][164]LogGameProjectGeneration:Verbose: 'C:/Program Files/Epic Games/4.9/Templates/TP_FirstPerson/Source/TP_FirstPerson/TP_FirstPersonCharacter.cpp': Moving to 'Source/yaw//' as it matched folder rename ('Source/TP_FirstPerson'->'Source/yaw')
[2016.01.25-21.54.05:671][164]LogGameProjectGeneration:Verbose: 'C:/Program Files/Epic Games/4.9/Templates/TP_FirstPerson/Source/TP_FirstPerson/TP_FirstPersonCharacter.cpp': Renaming to 'Source/yaw///yawCharacter' as it matched file rename ('TP_FirstPerson'->'yaw')
[2016.01.25-21.54.05:704][164]LogGameProjectGeneration:Verbose: 'C:/Program Files/Epic Games/4.9/Templates/TP_FirstPerson/Source/TP_FirstPerson/TP_FirstPersonCharacter.h': Moving to 'Source/yaw//' as it matched folder rename ('Source/TP_FirstPerson'->'Source/yaw')
[2016.01.25-21.54.05:705][164]LogGameProjectGeneration:Verbose: 'C:/Program Files/Epic Games/4.9/Templates/TP_FirstPerson/Source/TP_FirstPerson/TP_FirstPersonCharacter.h': Renaming to 'Source/yaw///yawCharacter' as it matched file rename ('TP_FirstPerson'->'yaw')
[2016.01.25-21.54.05:720][164]LogGameProjectGeneration:Verbose: 'C:/Program Files/Epic Games/4.9/Templates/TP_FirstPerson/Source/TP_FirstPerson/TP_FirstPersonGameMode.cpp': Moving to 'Source/yaw//' as it matched folder rename ('Source/TP_FirstPerson'->'Source/yaw')
[2016.01.25-21.54.05:721][164]LogGameProjectGeneration:Verbose: 'C:/Program Files/Epic Games/4.9/Templates/TP_FirstPerson/Source/TP_FirstPerson/TP_FirstPersonGameMode.cpp': Renaming to 'Source/yaw///yawGameMode' as it matched file rename ('TP_FirstPerson'->'yaw')
[2016.01.25-21.54.05:727][164]LogGameProjectGeneration:Verbose: 'C:/Program Files/Epic Games/4.9/Templates/TP_FirstPerson/Source/TP_FirstPerson/TP_FirstPersonGameMode.h': Moving to 'Source/yaw//' as it matched folder rename ('Source/TP_FirstPerson'->'Source/yaw')
[2016.01.25-21.54.05:727][164]LogGameProjectGeneration:Verbose: 'C:/Program Files/Epic Games/4.9/Templates/TP_FirstPerson/Source/TP_FirstPerson/TP_FirstPersonGameMode.h': Renaming to 'Source/yaw///yawGameMode' as it matched file rename ('TP_FirstPerson'->'yaw')
[2016.01.25-21.54.05:730][164]LogGameProjectGeneration:Verbose: 'C:/Program Files/Epic Games/4.9/Templates/TP_FirstPerson/Source/TP_FirstPerson/TP_FirstPersonHUD.cpp': Moving to 'Source/yaw//' as it matched folder rename ('Source/TP_FirstPerson'->'Source/yaw')
[2016.01.25-21.54.05:731][164]LogGameProjectGeneration:Verbose: 'C:/Program Files/Epic Games/4.9/Templates/TP_FirstPerson/Source/TP_FirstPerson/TP_FirstPersonHUD.cpp': Renaming to 'Source/yaw///yawHUD' as it matched file rename ('TP_FirstPerson'->'yaw')
[2016.01.25-21.54.05:734][164]LogGameProjectGeneration:Verbose: 'C:/Program Files/Epic Games/4.9/Templates/TP_FirstPerson/Source/TP_FirstPerson/TP_FirstPersonHUD.h': Moving to 'Source/yaw//' as it matched folder rename ('Source/TP_FirstPerson'->'Source/yaw')
[2016.01.25-21.54.05:735][164]LogGameProjectGeneration:Verbose: 'C:/Program Files/Epic Games/4.9/Templates/TP_FirstPerson/Source/TP_FirstPerson/TP_FirstPersonHUD.h': Renaming to 'Source/yaw///yawHUD' as it matched file rename ('TP_FirstPerson'->'yaw')
[2016.01.25-21.54.05:738][164]LogGameProjectGeneration:Verbose: 'C:/Program Files/Epic Games/4.9/Templates/TP_FirstPerson/Source/TP_FirstPerson/TP_FirstPersonProjectile.cpp': Moving to 'Source/yaw//' as it matched folder rename ('Source/TP_FirstPerson'->'Source/yaw')
[2016.01.25-21.54.05:738][164]LogGameProjectGeneration:Verbose: 'C:/Program Files/Epic Games/4.9/Templates/TP_FirstPerson/Source/TP_FirstPerson/TP_FirstPersonProjectile.cpp': Renaming to 'Source/yaw///yawProjectile' as it matched file rename ('TP_FirstPerson'->'yaw')
[2016.01.25-21.54.05:741][164]LogGameProjectGeneration:Verbose: 'C:/Program Files/Epic Games/4.9/Templates/TP_FirstPerson/Source/TP_FirstPerson/TP_FirstPersonProjectile.h': Moving to 'Source/yaw//' as it matched folder rename ('Source/TP_FirstPerson'->'Source/yaw')
[2016.01.25-21.54.05:742][164]LogGameProjectGeneration:Verbose: 'C:/Program Files/Epic Games/4.9/Templates/TP_FirstPerson/Source/TP_FirstPerson/TP_FirstPersonProjectile.h': Renaming to 'Source/yaw///yawProjectile' as it matched file rename ('TP_FirstPerson'->'yaw')
[2016.01.25-21.54.08:055][164]Running C:/Program Files/Epic Games/4.9/Engine/Binaries/DotNET/UnrealBuildTool.exe  -projectfiles -project="C:/Users/frederic/Documents/Unreal Projects/yaw/yaw.uproject" -game -rocket -progress
[2016.01.25-21.54.08:567][164]Discovering modules, targets and source code for game...
[2016.01.25-21.54.21:085][164]Running C:/Program Files/Epic Games/4.9/Engine/Binaries/DotNET/UnrealBuildTool.exe yaw DebugGame Win64 -project="C:/Users/frederic/Documents/Unreal Projects/yaw/yaw.uproject" -rocket -editorrecompile -progress -noubtmakefiles
[2016.01.25-21.54.28:805][164]@progress push 5%
[2016.01.25-21.54.29:506][164]Parsing headers for yawEditor
[2016.01.25-21.54.29:607][164]  Running UnrealHeaderTool "C:/Users/frederic/Documents/Unreal Projects/yaw/yaw.uproject" "C:\Users\frederic\Documents\Unreal Projects\yaw\Intermediate\Build\Win64\yawEditor\DebugGame\UnrealHeaderTool.manifest" -LogCmds="loginit warning, logexit warning, logdatabase error" -rocket -installed
[2016.01.25-21.54.39:807][164]Reflection code generated for yawEditor in 10,1365878 seconds
[2016.01.25-21.54.40:007][164]@progress pop
[2016.01.25-21.54.42:808][164]Performing 10 actions (4 in parallel)
[2016.01.25-21.54.42:809][164][2/10] Resource PCLaunch.rc
[2016.01.25-21.54.42:809][164][3/10] Resource ModuleVersionResource.rc.inl
[2016.01.25-21.54.42:810][164]PCH.yaw.h.cpp
[2016.01.25-21.54.53:211][164]yawHUD.cpp
[2016.01.25-21.54.53:213][164]yaw.generated.cpp
[2016.01.25-21.54.53:213][164]yawCharacter.cpp
[2016.01.25-21.54.53:214][164]yawGameMode.cpp
[2016.01.25-21.54.53:614][164]yawProjectile.cpp
[2016.01.25-21.54.53:615][164]yaw.cpp
[2016.01.25-21.54.54:416][164][10/10] Link UE4Editor-yaw-Win64-DebugGame.dll
[2016.01.25-21.54.54:618][164]   Cr?ation de la biblioth?que C:\Users\frederic\Documents\Unreal Projects\yaw\Intermediate/Build/Win64\UE4Editor\DebugGame\UE4Editor-yaw-Win64-DebugGame.lib et de l'objet C:\Users\frederic\Documents\Unreal Projects\yaw\Intermediate/Build/Win64\UE4Editor\DebugGame\UE4Editor-yaw-Win64-DebugGame.exp
[2016.01.25-21.54.55:018][164]-------- End Detailed Actions Stats -----------------------------------------------------------
[2016.01.25-21.54.55:120][164]Total build time: 33,94 seconds
[2016.01.25-21.54.55:223][164]LogWindows: LaunchFileInExternalEditor C:/Users/frederic/Documents/Unreal Projects/yaw/yaw.sln 
[2016.01.25-21.54.55:314][164]LogWindows: Launch application code for C:/Users/frederic/Documents/Unreal Projects/yaw/yaw.sln : 42
[2016.01.25-21.54.55:347][165]Cmd: CLOSE_SLATE_MAINFRAME
[2016.01.25-21.54.55:373][165]LogActorComponent: UnregisterComponent: (/Engine/Transient.CharMoveComp) Not registered. Aborting.
[2016.01.25-21.54.55:374][165]LogActorComponent: UnregisterComponent: (/Engine/Transient.CharacterMovementComponent_1) Not registered. Aborting.
[2016.01.25-21.54.56:172][166]Cmd: QUIT_EDITOR
[2016.01.25-21.54.56:843][166]LogExit: Preparing to exit.
[2016.01.25-21.54.57:977][166]LogExit: Editor shut down
[2016.01.25-21.54.57:978][166]LogExit: Transaction tracking system shut down
[2016.01.25-21.54.58:015][166]LogParticles: Destroying 0 GPU particle simulations for FXSystem 0x000000000F8D7060
[2016.01.25-21.54.58:016][166]LogParticles: Destroying 0 GPU particle simulations for FXSystem 0x00000000119F3880
[2016.01.25-21.55.01:765][166]LogParticles: Destroying 0 GPU particle simulations for FXSystem 0x000000002217A020
[2016.01.25-21.55.01:766][166]LogExit: Object subsystem successfully closed.
[2016.01.25-21.55.02:195][166]LogD3D11RHI: Shutdown
[2016.01.25-21.55.02:196][166]LogD3D11RHI: CleanupD3DDevice
[2016.01.25-21.55.02:631][166]LogD3D11RHI: ~FD3D11DynamicRHI
[2016.01.25-21.55.04:326][166]LogModuleManager: Shutting down and abandoning module CrashTracker (198)
[2016.01.25-21.55.04:326][166]LogModuleManager: Shutting down and abandoning module SceneOutliner (197)
[2016.01.25-21.55.04:357][166]LogModuleManager: Shutting down and abandoning module SuperSearch (196)
[2016.01.25-21.55.04:357][166]LogModuleManager: Shutting down and abandoning module WidgetCarousel (195)
[2016.01.25-21.55.04:357][166]LogModuleManager: Shutting down and abandoning module AddContentDialog (194)
[2016.01.25-21.55.04:411][166]LogModuleManager: Shutting down and abandoning module EditorWidgets (193)
[2016.01.25-21.55.04:412][166]LogModuleManager: Shutting down and abandoning module CollectionManager (192)
[2016.01.25-21.55.04:441][166]LogModuleManager: Shutting down and abandoning module StatsViewer (191)
[2016.01.25-21.55.04:590][166]LogModuleManager: Shutting down and abandoning module FoliageEdit (190)
[2016.01.25-21.55.04:591][166]LogModuleManager: Shutting down and abandoning module LandscapeEditor (189)
[2016.01.25-21.55.04:771][166]LogModuleManager: Shutting down and abandoning module ActorPickerMode (188)
[2016.01.25-21.55.04:771][166]LogModuleManager: Shutting down and abandoning module GeometryMode (187)
[2016.01.25-21.55.04:772][166]LogModuleManager: Shutting down and abandoning module TextureAlignMode (186)
[2016.01.25-21.55.04:772][166]LogModuleManager: Shutting down and abandoning module BspMode (185)
[2016.01.25-21.55.04:772][166]LogModuleManager: Shutting down and abandoning module PlacementMode (184)
[2016.01.25-21.55.04:773][166]LogModuleManager: Shutting down and abandoning module AutomationWorker (183)
[2016.01.25-21.55.04:815][166]LogModuleManager: Shutting down and abandoning module CharacterAI (182)
[2016.01.25-21.55.04:816][166]LogModuleManager: Shutting down and abandoning module SmartSnapping (181)
[2016.01.25-21.55.04:816][166]LogModuleManager: Shutting down and abandoning module ViewportSnapping (180)
[2016.01.25-21.55.04:817][166]LogModuleManager: Shutting down and abandoning module LogVisualizer (179)
[2016.01.25-21.55.04:851][166]LogModuleManager: Shutting down and abandoning module GameProjectGeneration (178)
[2016.01.25-21.55.04:851][166]LogModuleManager: Shutting down and abandoning module IntroTutorials (177)
[2016.01.25-21.55.04:991][166]LogModuleManager: Shutting down and abandoning module EditorLiveStreaming (176)
[2016.01.25-21.55.04:992][166]LogModuleManager: Shutting down and abandoning module IOSPlatformEditor (175)
[2016.01.25-21.55.05:022][166]LogModuleManager: Shutting down and abandoning module HTML5PlatformEditor (174)
[2016.01.25-21.55.05:022][166]LogModuleManager: Shutting down and abandoning module AndroidDeviceDetection (173)
[2016.01.25-21.55.05:307][166]LogModuleManager: Shutting down and abandoning module AndroidPlatformEditor (172)
[2016.01.25-21.55.05:307][166]LogModuleManager: Shutting down and abandoning module IOSRuntimeSettings (171)
[2016.01.25-21.55.05:307][166]LogModuleManager: Shutting down and abandoning module AndroidRuntimeSettings (170)
[2016.01.25-21.55.05:308][166]LogModuleManager: Shutting down and abandoning module MergeActors (169)
[2016.01.25-21.55.05:360][166]LogModuleManager: Shutting down and abandoning module SizeMap (168)
[2016.01.25-21.55.05:361][166]LogModuleManager: Shutting down and abandoning module TreeMap (167)
[2016.01.25-21.55.05:390][166]LogModuleManager: Shutting down and abandoning module ReferenceViewer (166)
[2016.01.25-21.55.05:391][166]LogModuleManager: Shutting down and abandoning module LocalizationService (165)
[2016.01.25-21.55.05:425][166]LogModuleManager: Shutting down and abandoning module LocalizationDashboard (164)
[2016.01.25-21.55.05:457][166]LogModuleManager: Shutting down and abandoning module HardwareTargeting (163)
[2016.01.25-21.55.05:457][166]LogModuleManager: Shutting down and abandoning module DeviceProfileEditor (162)
[2016.01.25-21.55.05:458][166]LogModuleManager: Shutting down and abandoning module UndoHistory (161)
[2016.01.25-21.55.05:487][166]LogModuleManager: Shutting down and abandoning module GameplayTagsEditor (160)
[2016.01.25-21.55.05:488][166]LogModuleManager: Shutting down and abandoning module UserFeedback (159)
[2016.01.25-21.55.05:488][166]LogModuleManager: Shutting down and abandoning module XmlParser (158)
[2016.01.25-21.55.05:489][166]LogModuleManager: Shutting down and abandoning module Blutility (157)
[2016.01.25-21.55.05:489][166]LogModuleManager: Shutting down and abandoning module ProjectTargetPlatformEditor (156)
[2016.01.25-21.55.05:489][166]LogModuleManager: Shutting down and abandoning module ProjectSettingsViewer (155)
[2016.01.25-21.55.05:489][166]LogModuleManager: Shutting down and abandoning module InputBindingEditor (154)
[2016.01.25-21.55.05:552][166]LogModuleManager: Shutting down and abandoning module EditorSettingsViewer (153)
[2016.01.25-21.55.05:553][166]LogModuleManager: Shutting down and abandoning module SettingsEditor (152)
[2016.01.25-21.55.05:636][166]LogModuleManager: Shutting down and abandoning module ProjectLauncher (151)
[2016.01.25-21.55.05:694][166]LogModuleManager: Shutting down and abandoning module SessionFrontend (150)
[2016.01.25-21.55.05:726][166]LogModuleManager: Shutting down and abandoning module ProfilerClient (149)
[2016.01.25-21.55.05:759][166]LogModuleManager: Shutting down and abandoning module TargetDeviceServices (148)
[2016.01.25-21.55.05:759][166]LogModuleManager: Shutting down and abandoning module DeviceManager (147)
[2016.01.25-21.55.05:791][166]LogModuleManager: Shutting down and abandoning module AutomationController (146)
[2016.01.25-21.55.05:791][166]LogModuleManager: Shutting down and abandoning module AutomationWindow (145)
[2016.01.25-21.55.05:838][166]LogModuleManager: Shutting down and abandoning module Layers (144)
[2016.01.25-21.55.06:027][166]LogModuleManager: Shutting down and abandoning module ComponentVisualizers (143)
[2016.01.25-21.55.06:027][166]LogModuleManager: Shutting down and abandoning module DetailCustomizations (142)
[2016.01.25-21.55.06:099][166]LogModuleManager: Shutting down and abandoning module PackagesDialog (141)
[2016.01.25-21.55.06:099][166]LogModuleManager: Shutting down and abandoning module Persona (140)
[2016.01.25-21.55.06:207][166]LogModuleManager: Shutting down and abandoning module Kismet (139)
[2016.01.25-21.55.06:237][166]LogModuleManager: Shutting down and abandoning module GraphEditor (138)
[2016.01.25-21.55.06:271][166]LogModuleManager: Shutting down and abandoning module ClassViewer (137)
[2016.01.25-21.55.06:458][166]LogModuleManager: Shutting down and abandoning module Toolbox (136)
[2016.01.25-21.55.06:459][166]LogModuleManager: Shutting down and abandoning module ModuleUI (135)
[2016.01.25-21.55.07:308][166]LogModuleManager: Shutting down and abandoning module MovieSceneTools (134)
[2016.01.25-21.55.07:375][166]LogModuleManager: Shutting down and abandoning module OutputLog (133)
[2016.01.25-21.55.07:428][166]LogModuleManager: Shutting down and abandoning module GammaUI (132)
[2016.01.25-21.55.07:466][166]LogModuleManager: Shutting down and abandoning module Documentation (131)
[2016.01.25-21.55.07:466][166]LogModuleManager: Shutting down and abandoning module GameLiveStreaming (130)
[2016.01.25-21.55.07:590][166]LogModuleManager: Shutting down and abandoning module StreamingPauseRendering (129)
[2016.01.25-21.55.07:591][166]LogModuleManager: Shutting down and abandoning module AnalyticsET (128)
[2016.01.25-21.55.07:591][166]LogModuleManager: Shutting down and abandoning module Analytics (127)
[2016.01.25-21.55.07:592][166]LogModuleManager: Shutting down and abandoning module AITestSuite (126)
[2016.01.25-21.55.07:592][166]LogModuleManager: Shutting down and abandoning module GameplayDebugger (125)
[2016.01.25-21.55.07:593][166]LogModuleManager: Shutting down and abandoning module AIModule (124)
[2016.01.25-21.55.07:593][166]LogModuleManager: Shutting down and abandoning module ProfilerService (123)
[2016.01.25-21.55.07:833][166]LogModuleManager: Shutting down and abandoning module TaskGraph (122)
[2016.01.25-21.55.07:937][166]LogModuleManager: Shutting down and abandoning module SlateRemote (121)
[2016.01.25-21.55.07:938][166]LogModuleManager: Shutting down and abandoning module SteamVRController (120)
[2016.01.25-21.55.07:938][166]LogModuleManager: Shutting down and abandoning module SteamVR (119)
[2016.01.25-21.55.07:938][166]LogModuleManager: Shutting down and abandoning module ProceduralMeshComponent (118)
[2016.01.25-21.55.07:939][166]LogModuleManager: Shutting down and abandoning module OculusRift (117)
[2016.01.25-21.55.07:939][166]LogModuleManager: Shutting down and abandoning module OculusLibrary (116)
[2016.01.25-21.55.07:939][166]LogModuleManager: Shutting down and abandoning module LeapMotionController (115)
[2016.01.25-21.55.07:999][166]LogModuleManager: Shutting down and abandoning module CustomMeshComponent (114)
[2016.01.25-21.55.08:037][166]LogModuleManager: Shutting down and abandoning module CableComponent (113)
[2016.01.25-21.55.08:037][166]LogModuleManager: Shutting down and abandoning module ArchVisCharacter (112)
[2016.01.25-21.55.08:038][166]LogModuleManager: Shutting down and abandoning module MessagingDebugger (111)
[2016.01.25-21.55.08:069][166]LogModuleManager: Shutting down and abandoning module MediaPlayerEditor (110)
[2016.01.25-21.55.08:156][166]LogModuleManager: Shutting down and abandoning module HTML5Networking (109)
[2016.01.25-21.55.08:157][166]LogModuleManager: Shutting down and abandoning module SpeedTreeImporter (108)
[2016.01.25-21.55.08:157][166]LogModuleManager: Shutting down and abandoning module PluginBrowser (107)
[2016.01.25-21.55.08:242][166]LogModuleManager: Shutting down and abandoning module EpicSurvey (106)
[2016.01.25-21.55.08:243][166]LogModuleManager: Shutting down and abandoning module DesktopPlatform (105)
[2016.01.25-21.55.08:243][166]LogModuleManager: Shutting down and abandoning module VisualStudioSourceCodeAccess (104)
[2016.01.25-21.55.08:244][166]LogModuleManager: Shutting down and abandoning module UObjectPlugin (103)
[2016.01.25-21.55.08:244][166]LogModuleManager: Shutting down and abandoning module SubversionSourceControl (102)
[2016.01.25-21.55.08:244][166]LogModuleManager: Shutting down and abandoning module PerforceSourceControl (101)
[2016.01.25-21.55.08:367][166]LogModuleManager: Shutting down and abandoning module SourceControl (100)
[2016.01.25-21.55.08:443][166]LogModuleManager: Shutting down and abandoning module GitSourceControl (99)
[2016.01.25-21.55.08:443][166]LogModuleManager: Shutting down and abandoning module LightPropagationVolumeEditor (98)
[2016.01.25-21.55.08:444][166]LogModuleManager: Shutting down and abandoning module PaperTiledImporter (97)
[2016.01.25-21.55.08:444][166]LogModuleManager: Shutting down and abandoning module PaperSpriteSheetImporter (96)
[2016.01.25-21.55.08:485][166]LogModuleManager: Shutting down and abandoning module MeshPaint (95)
[2016.01.25-21.55.08:513][166]LogModuleManager: Shutting down and abandoning module SlateReflector (94)
[2016.01.25-21.55.08:566][166]LogModuleManager: Shutting down and abandoning module HotReload (93)
[2016.01.25-21.55.08:605][166]LogModuleManager: Shutting down and abandoning module MainFrame (92)
[2016.01.25-21.55.08:605][166]LogModuleManager: Shutting down and abandoning module LevelEditor (91)
[2016.01.25-21.55.08:624][166]LogModuleManager: Shutting down and abandoning module DirectoryWatcher (90)
[2016.01.25-21.55.08:625][166]LogModuleManager: Shutting down and abandoning module AssetRegistry (89)
[2016.01.25-21.55.08:710][166]LogModuleManager: Shutting down and abandoning module ContentBrowser (88)
[2016.01.25-21.55.08:712][166]LogModuleManager: Shutting down and abandoning module Paper2DEditor (87)
[2016.01.25-21.55.08:789][166]LogModuleManager: Shutting down and abandoning module LostAge (86)
[2016.01.25-21.55.08:789][166]LogModuleManager: Shutting down and abandoning module UdpMessaging (85)
[2016.01.25-21.55.08:890][166]LogModuleManager: Shutting down and abandoning module LightPropagationVolumeRuntime (84)
[2016.01.25-21.55.08:890][166]LogModuleManager: Shutting down and abandoning module Paper2D (83)
[2016.01.25-21.55.08:935][166]LogModuleManager: Shutting down and abandoning module WindowsMoviePlayer (82)
[2016.01.25-21.55.08:987][166]LogModuleManager: Shutting down and abandoning module Media (81)
[2016.01.25-21.55.08:987][166]LogModuleManager: Shutting down and abandoning module WmfMedia (80)
[2016.01.25-21.55.08:989][166]LogModuleManager: Shutting down and abandoning module OnlineBlueprintSupport (79)
[2016.01.25-21.55.08:989][166]LogModuleManager: Shutting down and abandoning module GameplayTasksEditor (78)
[2016.01.25-21.55.08:990][166]LogModuleManager: Shutting down and abandoning module PropertyEditor (77)
[2016.01.25-21.55.08:990][166]LogModuleManager: Shutting down and abandoning module BehaviorTreeEditor (76)
[2016.01.25-21.55.09:100][166]LogModuleManager: Shutting down and abandoning module FunctionalTesting (75)
[2016.01.25-21.55.09:100][166]LogModuleManager: Shutting down and abandoning module CollisionAnalyzer (74)
[2016.01.25-21.55.09:166][166]LogModuleManager: Shutting down and abandoning module WorkspaceMenuStructure (73)
[2016.01.25-21.55.09:166][166]LogModuleManager: Shutting down and abandoning module MessageLog (72)
[2016.01.25-21.55.09:167][166]LogModuleManager: Shutting down and abandoning module Sequencer (71)
[2016.01.25-21.55.09:268][166]LogModuleManager: Shutting down and abandoning module AssetTools (70)
[2016.01.25-21.55.09:456][166]LogModuleManager: Shutting down and abandoning module UMGEditor (69)
[2016.01.25-21.55.09:483][166]LogModuleManager: Shutting down and abandoning module UMG (68)
[2016.01.25-21.55.09:525][166]LogModuleManager: Shutting down and abandoning module Slate (67)
[2016.01.25-21.55.09:526][166]LogModuleManager: Shutting down and abandoning module EditorStyle (66)
[2016.01.25-21.55.09:528][166]LogModuleManager: Shutting down and abandoning module SessionServices (65)
[2016.01.25-21.55.09:529][166]LogModuleManager: Shutting down and abandoning module SourceCodeAccess (64)
[2016.01.25-21.55.09:529][166]LogModuleManager: Shutting down and abandoning module HeadMountedDisplay (63)
[2016.01.25-21.55.09:529][166]LogModuleManager: Shutting down and abandoning module XAudio2 (62)
[2016.01.25-21.55.09:530][166]LogModuleManager: Shutting down and abandoning module Networking (60)
[2016.01.25-21.55.09:530][166]LogModuleManager: Shutting down and abandoning module Core (59)
[2016.01.25-21.55.09:530][166]LogModuleManager: Shutting down and abandoning module KismetCompiler (58)
[2016.01.25-21.55.09:530][166]LogModuleManager: Shutting down and abandoning module PhysXFormats (57)
[2016.01.25-21.55.09:531][166]LogModuleManager: Shutting down and abandoning module MeshUtilities (56)
[2016.01.25-21.55.09:562][166]LogModuleManager: Shutting down and abandoning module CookingStats (55)
[2016.01.25-21.55.09:563][166]LogModuleManager: Shutting down and abandoning module DerivedDataCache (54)
[2016.01.25-21.55.09:638][166]LogDerivedDataCache: Shutdown
[2016.01.25-21.55.09:638][166]LogModuleManager: Shutting down and abandoning module ShaderFormatOpenGL (53)
[2016.01.25-21.55.09:657][166]LogModuleManager: Shutting down and abandoning module ShaderFormatD3D (52)
[2016.01.25-21.55.09:658][166]LogModuleManager: Shutting down and abandoning module MetalShaderFormat (51)
[2016.01.25-21.55.09:693][166]LogModuleManager: Shutting down and abandoning module TextureFormatUncompressed (50)
[2016.01.25-21.55.09:693][166]LogModuleManager: Shutting down and abandoning module TextureFormatPVR (49)
[2016.01.25-21.55.09:694][166]LogModuleManager: Shutting down and abandoning module TextureFormatIntelISPCTexComp (48)
[2016.01.25-21.55.09:694][166]LogModuleManager: Shutting down and abandoning module TextureFormatDXT (47)
[2016.01.25-21.55.09:694][166]LogModuleManager: Shutting down and abandoning module ImageWrapper (46)
[2016.01.25-21.55.09:695][166]LogModuleManager: Shutting down and abandoning module TextureFormatASTC (45)
[2016.01.25-21.55.09:695][166]LogModuleManager: Shutting down and abandoning module TextureFormatAndroid (44)
[2016.01.25-21.55.09:695][166]LogModuleManager: Shutting down and abandoning module AudioFormatOpus (43)
[2016.01.25-21.55.09:716][166]LogModuleManager: Shutting down and abandoning module AudioFormatOgg (42)
[2016.01.25-21.55.09:716][166]LogModuleManager: Shutting down and abandoning module AudioFormatADPCM (41)
[2016.01.25-21.55.09:717][166]LogModuleManager: Shutting down and abandoning module LinuxTargetPlatform (40)
[2016.01.25-21.55.09:717][166]LogModuleManager: Shutting down and abandoning module LinuxServerTargetPlatform (39)
[2016.01.25-21.55.09:717][166]LogModuleManager: Shutting down and abandoning module LinuxNoEditorTargetPlatform (38)
[2016.01.25-21.55.09:742][166]LogModuleManager: Shutting down and abandoning module Messaging (37)
[2016.01.25-21.55.09:743][166]LogModuleManager: Shutting down and abandoning module IOSTargetPlatform (36)
[2016.01.25-21.55.09:743][166]LogModuleManager: Shutting down and abandoning module HTML5TargetPlatform (35)
[2016.01.25-21.55.09:744][166]LogModuleManager: Shutting down and abandoning module Android_PVRTCTargetPlatform (34)
[2016.01.25-21.55.09:817][166]LogModuleManager: Shutting down and abandoning module Android_ETC2TargetPlatform (33)
[2016.01.25-21.55.09:818][166]LogModuleManager: Shutting down and abandoning module Android_ETC1TargetPlatform (32)
[2016.01.25-21.55.09:848][166]LogModuleManager: Shutting down and abandoning module Android_DXTTargetPlatform (31)
[2016.01.25-21.55.09:896][166]LogModuleManager: Shutting down and abandoning module Android_ATCTargetPlatform (30)
[2016.01.25-21.55.09:896][166]LogModuleManager: Shutting down and abandoning module Android_ASTCTargetPlatform (29)
[2016.01.25-21.55.09:948][166]LogModuleManager: Shutting down and abandoning module AndroidTargetPlatform (28)
[2016.01.25-21.55.09:980][166]LogModuleManager: Shutting down and abandoning module WindowsTargetPlatform (27)
[2016.01.25-21.55.09:980][166]LogModuleManager: Shutting down and abandoning module WindowsServerTargetPlatform (26)
[2016.01.25-21.55.10:038][166]LogModuleManager: Shutting down and abandoning module WindowsNoEditorTargetPlatform (25)
[2016.01.25-21.55.10:090][166]LogModuleManager: Shutting down and abandoning module WindowsClientTargetPlatform (24)
[2016.01.25-21.55.10:091][166]LogModuleManager: Shutting down and abandoning module AllDesktopTargetPlatform (23)
[2016.01.25-21.55.10:091][166]LogModuleManager: Shutting down and abandoning module TargetPlatform (22)
[2016.01.25-21.55.10:091][166]LogModuleManager: Shutting down and abandoning module InputCore (21)
[2016.01.25-21.55.10:092][166]LogModuleManager: Shutting down and abandoning module Settings (20)
[2016.01.25-21.55.10:092][166]LogModuleManager: Shutting down and abandoning module OnlineSubsystem (18)
[2016.01.25-21.55.10:092][166]LogModuleManager: Shutting down and abandoning module HTTP (17)
[2016.01.25-21.55.12:093][166]LogModuleManager: Shutting down and abandoning module XMPP (16)
[2016.01.25-21.55.12:242][166]LogModuleManager: Shutting down and abandoning module ExampleDeviceProfileSelector (15)
[2016.01.25-21.55.12:243][166]LogModuleManager: Shutting down and abandoning module TextureCompressor (14)
[2016.01.25-21.55.12:315][166]LogModuleManager: Shutting down and abandoning module ShaderCore (13)
[2016.01.25-21.55.12:316][166]LogModuleManager: Shutting down and abandoning module Landscape (12)
[2016.01.25-21.55.12:316][166]LogModuleManager: Shutting down and abandoning module SlateRHIRenderer (11)
[2016.01.25-21.55.12:318][166]LogModuleManager: Shutting down and abandoning module OpenGLDrv (10)
[2016.01.25-21.55.12:366][166]LogModuleManager: Shutting down and abandoning module D3D11RHI (9)
[2016.01.25-21.55.12:366][166]LogModuleManager: Shutting down and abandoning module AnimGraphRuntime (8)
[2016.01.25-21.55.12:367][166]LogModuleManager: Shutting down and abandoning module Renderer (7)
[2016.01.25-21.55.12:367][166]LogModuleManager: Shutting down and abandoning module Engine (6)
[2016.01.25-21.55.12:367][166]LogModuleManager: Shutting down and abandoning module CoreUObject (5)
[2016.01.25-21.55.12:367][166]LogModuleManager: Shutting down and abandoning module NetworkFile (4)
[2016.01.25-21.55.12:604][166]LogModuleManager: Shutting down and abandoning module StreamingFile (3)
[2016.01.25-21.55.12:605][166]LogModuleManager: Shutting down and abandoning module SandboxFile (2)
[2016.01.25-21.55.12:605][166]LogModuleManager: Shutting down and abandoning module PakFile (1)
[2016.01.25-21.55.12:608][166]LogExit: Exiting.
[2016.01.25-21.55.12:609][166]Log file closed, 01/25/16 16:55:12
