[2016.01.26-22.20.59:976][  0]Log file open, 01/26/16 17:20:59
[2016.01.26-22.20.59:976][  0]LogInit:Display: Running engine for game: LostAge
[2016.01.26-22.20.59:977][  0]LogInit:Display: RandInit(945471264) SRandInit(945471264).
[2016.01.26-22.20.59:978][  0]LogTaskGraph: Started task graph with 4 named threads and 7 total threads.
[2016.01.26-22.20.59:978][  0]LogStats: Stats thread started at 0.152546
[2016.01.26-22.20.59:979][  0]LogInit: Version: 4.9.2-2707645+++depot+UE4-Releases+4.9
[2016.01.26-22.20.59:979][  0]LogInit: API Version: 2672455
[2016.01.26-22.20.59:979][  0]LogInit: Compiled (64-bit): Sep 28 2015 10:25:44
[2016.01.26-22.20.59:980][  0]LogInit: Compiled with Visual C++: 18.00.21005.01
[2016.01.26-22.20.59:980][  0]LogInit: Build Configuration: Development
[2016.01.26-22.20.59:980][  0]LogInit: Branch Name: ++depot+UE4-Releases+4.9
[2016.01.26-22.20.59:980][  0]LogInit: Command line: 
[2016.01.26-22.20.59:981][  0]LogInit: Base directory: C:/Program Files/Epic Games/4.9/Engine/Binaries/Win64/
[2016.01.26-22.20.59:981][  0]LogInit: Rocket: 1
[2016.01.26-22.21.00:015][  0]LogInit: Using libcurl 7.41.0
[2016.01.26-22.21.00:016][  0]LogInit:  - built for x86_64-pc-win32
[2016.01.26-22.21.00:016][  0]LogInit:  - supports SSL with WinSSL
[2016.01.26-22.21.00:016][  0]LogInit:  - other features:
[2016.01.26-22.21.00:017][  0]LogInit:      CURL_VERSION_SSL
[2016.01.26-22.21.00:017][  0]LogInit:      CURL_VERSION_IPV6
[2016.01.26-22.21.00:017][  0]LogInit:      CURL_VERSION_ASYNCHDNS
[2016.01.26-22.21.00:017][  0]LogInit:      CURL_VERSION_LARGEFILE
[2016.01.26-22.21.00:018][  0]LogInit:      CURL_VERSION_IDN
[2016.01.26-22.21.00:018][  0]LogInit:  CurlRequestOptions (configurable via config and command line):
[2016.01.26-22.21.00:018][  0]LogInit:  - bVerifyPeer = true  - Libcurl will verify peer certificate
[2016.01.26-22.21.00:018][  0]LogInit:  - bUseHttpProxy = false  - Libcurl will NOT use HTTP proxy
[2016.01.26-22.21.00:019][  0]LogInit:  - bDontReuseConnections = false  - Libcurl will reuse connections
[2016.01.26-22.21.00:019][  0]LogInit:  - CertBundlePath = nullptr  - Libcurl will use whatever was configured at build time.
[2016.01.26-22.21.00:089][  0]LogInit: WinSock: version 1.1 (2.2), MaxSocks=32767, MaxUdp=65467
[2016.01.26-22.21.00:104][  0]LogVoice:Warning: Failed to initialize voice interface
[2016.01.26-22.21.00:111][  0]LogInit: Presizing for 0 objects not considered by GC, pre-allocating 0 bytes.
[2016.01.26-22.21.00:118][  0]LogInit: Object subsystem initialized
[2016.01.26-22.21.00:120][  0]LogInit: Selected Device Profile: [Windows]
[2016.01.26-22.21.00:121][  0]LogInit: Applying CVar settings loaded from the selected device profile: [Windows]
[2016.01.26-22.21.00:130][  0]LogInit: Computer: FREDERIC-PC
[2016.01.26-22.21.00:131][  0]LogInit: User: frederic
[2016.01.26-22.21.00:131][  0]LogInit: CPU Page size=4096, Cores=4
[2016.01.26-22.21.00:131][  0]LogInit: High frequency timer resolution =3.331240 MHz
[2016.01.26-22.21.00:132][  0]LogMemory: Memory total: Physical=15.9GB (16GB approx)
[2016.01.26-22.21.00:132][  0]LogMemory: Platform Memory Stats for Windows
[2016.01.26-22.21.00:132][  0]LogMemory: Process Physical Memory: 54.71 MB used, 54.71 MB peak
[2016.01.26-22.21.00:133][  0]LogMemory: Process Virtual Memory: 55.75 MB used, 55.75 MB peak
[2016.01.26-22.21.00:133][  0]LogMemory: Physical Memory: 9599.89 MB used, 16288.39 MB total
[2016.01.26-22.21.00:133][  0]LogMemory: Virtual Memory: 337.63 MB used, 8388608.00 MB total
[2016.01.26-22.21.00:214][  0]LogTextLocalizationManager: No translations for ('fr-CA') exist, falling back to 'en' for localization and internationalization data.
[2016.01.26-22.21.01:080][  0]LogD3D11RHI: Found D3D11 adapter 0: NVIDIA GeForce GTX 970 (Feature Level 11_0)
[2016.01.26-22.21.01:080][  0]LogD3D11RHI: Adapter has 4008MB of dedicated video memory, 0MB of dedicated system memory, and 7888MB of shared system memory, 1 output[s]
[2016.01.26-22.21.01:088][  0]LogD3D11RHI: Found D3D11 adapter 1: Intel(R) HD Graphics 3000 (Feature Level 10_0)
[2016.01.26-22.21.01:089][  0]LogD3D11RHI: Adapter has 64MB of dedicated video memory, 0MB of dedicated system memory, and 1632MB of shared system memory, 0 output[s]
[2016.01.26-22.21.01:089][  0]LogD3D11RHI: Chosen D3D11 Adapter Id = 0
[2016.01.26-22.21.01:093][  0]LogD3D11RHI: !Direct3DDevice
[2016.01.26-22.21.01:094][  0]LogRHI: Texture pool is 1361 MB (70% of 1945 MB)
[2016.01.26-22.21.01:147][  0]LogD3D11RHI: Async texture creation enabled
[2016.01.26-22.21.01:163][  0]LogShaderCompilers: Guid format shader working directory is 15 characters bigger than the processId version (../../../../../../Users/frederic/Documents/Unreal Projects/LostAge/Intermediate/Shaders/WorkingDirectory/5576/).
[2016.01.26-22.21.01:164][  0]LogShaderCompilers: Cleaned the shader compiler working directory '../../../../../../Users/frederic/Documents/Unreal Projects/LostAge/Intermediate/Shaders/tmp/77C2211342ABA5A3AC44D9A4B687AC7C/'.
[2016.01.26-22.21.01:164][  0]LogShaderCompilers:Display: Using Local Shader Compiler.
[2016.01.26-22.21.02:446][  0]LogTemp:Display: Loaded TP AllDesktopTargetPlatform
[2016.01.26-22.21.02:463][  0]LogTemp:Display: Loaded TP WindowsClientTargetPlatform
[2016.01.26-22.21.02:483][  0]LogTemp:Display: Loaded TP WindowsNoEditorTargetPlatform
[2016.01.26-22.21.02:502][  0]LogTemp:Display: Loaded TP WindowsServerTargetPlatform
[2016.01.26-22.21.02:522][  0]LogTemp:Display: Loaded TP WindowsTargetPlatform
[2016.01.26-22.21.02:529][  0]LogTemp:Display: Loaded TP AndroidTargetPlatform
[2016.01.26-22.21.02:536][  0]LogTemp:Display: Loaded TP Android_ASTCTargetPlatform
[2016.01.26-22.21.02:543][  0]LogTemp:Display: Loaded TP Android_ATCTargetPlatform
[2016.01.26-22.21.02:550][  0]LogTemp:Display: Loaded TP Android_DXTTargetPlatform
[2016.01.26-22.21.02:559][  0]LogTemp:Display: Loaded TP Android_ETC1TargetPlatform
[2016.01.26-22.21.02:569][  0]LogTemp:Display: Loaded TP Android_ETC2TargetPlatform
[2016.01.26-22.21.02:581][  0]LogTemp:Display: Loaded TP Android_PVRTCTargetPlatform
[2016.01.26-22.21.02:586][  0]LogTemp:Display: Loaded TP HTML5TargetPlatform
[2016.01.26-22.21.02:620][  0]LogTemp:Display: Loaded TP IOSTargetPlatform
[2016.01.26-22.21.02:627][  0]LogTemp:Display: Loaded TP LinuxNoEditorTargetPlatform
[2016.01.26-22.21.02:636][  0]LogTemp:Display: Loaded TP LinuxServerTargetPlatform
[2016.01.26-22.21.02:644][  0]LogTemp:Display: Loaded TP LinuxTargetPlatform
[2016.01.26-22.21.02:644][  0]LogTargetPlatformManager:Display: Building Assets For Windows
[2016.01.26-22.21.02:878][  0]LogDerivedDataCache:Display: Max Cache Size: 512 MB
[2016.01.26-22.21.02:934][  0]LogDerivedDataCache: Loaded boot cache 0.06s 42MB C:/Users/frederic/AppData/Local/UnrealEngine/4.9/DerivedDataCache/Boot.ddc.
[2016.01.26-22.21.02:934][  0]LogDerivedDataCache:Display: Loaded Boot cache: C:/Users/frederic/AppData/Local/UnrealEngine/4.9/DerivedDataCache/Boot.ddc
[2016.01.26-22.21.02:935][  0]LogDerivedDataCache: FDerivedDataBackendGraph:  Pak pak cache file ../../../../../../Users/frederic/Documents/Unreal Projects/LostAge/DerivedDataCache/DDC.ddp not found, will not use a pak cache.
[2016.01.26-22.21.02:935][  0]LogDerivedDataCache: Unable to find inner node Pak for hierarchical cache Hierarchy.
[2016.01.26-22.21.02:935][  0]LogDerivedDataCache: FDerivedDataBackendGraph:  CompressedPak pak cache file ../../../../../../Users/frederic/Documents/Unreal Projects/LostAge/DerivedDataCache/Compressed.ddp not found, will not use a pak cache.
[2016.01.26-22.21.02:936][  0]LogDerivedDataCache: Unable to find inner node CompressedPak for hierarchical cache Hierarchy.
[2016.01.26-22.21.03:097][  0]LogDerivedDataCache:Display: Pak cache opened for reading ../../../Engine/DerivedDataCache/Compressed.ddp.
[2016.01.26-22.21.03:110][  0]LogDerivedDataCache: Using Local data cache path C:/Users/frederic/AppData/Local/UnrealEngine/Common/DerivedDataCache: Writable
[2016.01.26-22.21.03:323][  0]LogInit: Selected Device Profile: [Windows]
[2016.01.26-22.21.03:324][  0]LogContentStreaming: Texture pool size is 0.000000MB
[2016.01.26-22.21.03:365][  0]LogMeshUtilities: No automatic mesh reduction module available
[2016.01.26-22.21.03:366][  0]LogMeshUtilities: No automatic mesh merging module available
[2016.01.26-22.21.04:876][  0]UdpMessaging: Initializing bridge on interface 0.0.0.0:0 to multicast group 230.0.0.1:6666.
[2016.01.26-22.21.14:571][  0]LogAssetRegistry: FAssetRegistry took 0.0102 seconds to start up
[2016.01.26-22.21.14:947][  0]SourceControl: Info Source control is disabled
[2016.01.26-22.21.14:949][  0]SourceControl: Info Source control is disabled
[2016.01.26-22.21.14:965][  0]SourceControl: Info Source control is disabled
[2016.01.26-22.21.14:984][  0]SourceControl: Info Source control is disabled
[2016.01.26-22.21.15:177][  0]LogLinker:Warning: Asset '../../../Engine/Plugins/Runtime/LeapMotionController/Content/LM_PassthroughMaterial.uasset' has been saved with empty engine version. The asset will be loaded but may be incompatible.
[2016.01.26-22.21.15:282][  0]LogObj: 28402 objects as part of root set at end of initial load.
[2016.01.26-22.21.15:283][  0]LogUObjectAllocator: 6067872 out of 0 bytes used by permanent object pool.
[2016.01.26-22.21.15:368][  0]LogEngine: Initializing Engine...
[2016.01.26-22.21.15:372][  0]LogHMD: Can't find Oculus library dev build: is proper Runtime installed? Version: 0.7.0.0
[2016.01.26-22.21.15:374][  0]LogHMD: SteamVR failed to initialize.  Err: 110
[2016.01.26-22.21.15:539][  0]LogAIModule: Creating AISystem for world NewWorld
[2016.01.26-22.21.15:554][  0]LogInit: XAudio2 using 'Haut-parleurs (USB PnP Sound Device)' : 2 channels at 44.1 kHz using 16 bits per sample (channel mask 0x3)
[2016.01.26-22.21.15:563][  0]LogInit: FAudioDevice initialized.
[2016.01.26-22.21.15:584][  0]LogDerivedDataCache: Saved boot cache 0.02s 41MB C:/Users/frederic/AppData/Local/UnrealEngine/4.9/DerivedDataCache/Boot.ddc.
[2016.01.26-22.21.15:590][  0]LogInit: Texture streaming: Enabled
[2016.01.26-22.21.15:610][  0]LogAnalytics: Creating configured Analytics provider AnalyticsET
[2016.01.26-22.21.15:610][  0]LogAnalytics: [UEEditor.Rocket.Release] APIServer = http://et2.epicgames.com/ET2/. AppVersion = 4.9.2-2707645+++depot+UE4-Releases+4.9
[2016.01.26-22.21.15:611][  0]LogAnalytics: [UEEditor.Rocket.Release] SetUserId c8da8d664a36a98701fe659c10ae4ff8|70626fa7f476448fb82ad9618fbbb1ab|00e7fb16-00c3-4af4-a2a1-2cc8013aae38
[2016.01.26-22.21.15:611][  0]LogAnalytics: [UEEditor.Rocket.Release] AnalyticsET::StartSession
[2016.01.26-22.21.15:632][  0]LogInit: Transaction tracking system initialized
[2016.01.26-22.21.15:749][  0]BlueprintLog: New page: Editor Load
[2016.01.26-22.21.16:150][  0]LocalizationService: Info Localization service is disabled
[2016.01.26-22.21.16:335][  0]LogLinker:Warning: Can't find file '/Game/ThirdPersonCPP/ThirdPersonOverview'
[2016.01.26-22.21.16:336][  0]LogLinker:Warning: Can't find file '/Game/ThirdPersonCPP/ThirdPersonOverview'
[2016.01.26-22.21.16:336][  0]LogUObjectGlobals:Warning: Failed to find object 'Class /Game/ThirdPersonCPP/ThirdPersonOverview.ThirdPersonOverview_C'
[2016.01.26-22.21.16:372][  0]LogConsoleResponse:Display: 
[2016.01.26-22.21.16:516][  0]LogCook:Display: Done creating registry. It took  0.00s.
[2016.01.26-22.21.16:724][  0]LogFileCache: Scanning file cache for directory 'C:/Users/frederic/Documents/Unreal Projects/LostAge/Content/' took 0.01s
[2016.01.26-22.21.16:724][  0]SourceControl: Info Source control is disabled
[2016.01.26-22.21.16:725][  0]Cmd: MAP LOAD FILE="../../../../../../Users/frederic/Documents/Unreal Projects/LostAge/Content/FirstPersonCPP/Maps/MainMenu.umap" TEMPLATE=0 SHOWPROGRESS=1 FEATURELEVEL=3
[2016.01.26-22.21.16:726][  0]LightingResults: New page: Lighting Build
[2016.01.26-22.21.16:732][  0]MapCheck: New page: Map Check
[2016.01.26-22.21.16:732][  0]LightingResults: New page: Lighting Build
[2016.01.26-22.21.16:744][  0]LogParticles: Destroying 0 GPU particle simulations for FXSystem 0x000000002263EAC0
[2016.01.26-22.21.16:750][  0]LogAIModule: Creating AISystem for world MainMenu
[2016.01.26-22.21.16:752][  0]LogEditorServer: Finished looking for orphan Actors (0.000 secs)
[2016.01.26-22.21.16:753][  0]Cmd: MAP CHECKDEP NOCLEARLOG
[2016.01.26-22.21.16:795][  0]MapCheck: Info Map check complete: 0 Error(s), 0 Warning(s), took 42.168ms to complete.
[2016.01.26-22.21.16:796][  0]LogFileHelpers: Loading map 'MainMenu' took 0.071
[2016.01.26-22.21.16:902][  0]LogCollectionManager: Loaded 0 collections in 0.002294 seconds
[2016.01.26-22.21.16:946][  0]LogFileCache: Scanning file cache for directory 'C:/Users/frederic/Documents/Unreal Projects/LostAge/Saved/Collections/' took 0.01s
[2016.01.26-22.21.16:947][  0]LogFileCache: Scanning file cache for directory 'C:/Users/frederic/Documents/Unreal Projects/LostAge/Content/Developers/frederic/Collections/' took 0.01s
[2016.01.26-22.21.16:947][  0]LogFileCache: Scanning file cache for directory 'C:/Users/frederic/Documents/Unreal Projects/LostAge/Content/Collections/' took 0.01s
[2016.01.26-22.21.16:948][  0]LogContentBrowser: Native class hierarchy populated in 0.0084 seconds. Added 1875 classes and 335 folders.
[2016.01.26-22.21.16:956][  0]LogCollectionManager: Rebuilt the GUID cache for 0 collections in 0.000002 seconds
[2016.01.26-22.21.16:970][  0]LogContentBrowser: Native class hierarchy updated for 'WidgetCarousel' in 0.0030 seconds. Added 0 classes and 0 folders.
[2016.01.26-22.21.17:038][  0]LogContentBrowser: Native class hierarchy updated for 'AddContentDialog' in 0.0020 seconds. Added 0 classes and 0 folders.
[2016.01.26-22.21.17:064][  0]LogContentBrowser: Native class hierarchy updated for 'SceneOutliner' in 0.0028 seconds. Added 1 classes and 2 folders.
[2016.01.26-22.21.17:102][  0]LogCrashTracker: Crashtracker disabled due to settings.
[2016.01.26-22.21.17:106][  0]LogUObjectGlobals:Warning: Failed to find object 'Class None.'
[2016.01.26-22.21.17:128][  0]LogLoad: Full Startup: 18.19 seconds (BP compile: 0.00 seconds)
[2016.01.26-22.21.17:208][  0]LogContentStreaming: Texture pool size now 1000 MB
[2016.01.26-22.21.17:354][  2]LogRenderer: Reallocating scene render targets to support 944x484 (Frame:2).
[2016.01.26-22.21.17:495][  2]LogAssetRegistry: Asset discovery search completed in 2.9340 seconds
[2016.01.26-22.21.17:495][  2]LogCollectionManager: Rebuilt the object cache for 0 collections in 0.000001 seconds (found 0 objects)
[2016.01.26-22.21.17:496][  2]LogCollectionManager: Fixed up redirectors for 0 collections in 0.000540 seconds (updated 0 objects)
[2016.01.26-22.21.21:072][415]LogPlayLevel: PlayLevel: No blueprints needed recompiling
[2016.01.26-22.21.21:073][415]PIE: New page: PIE session: MainMenu (Jan 26, 2016, 12:21:21 PM)
[2016.01.26-22.21.21:152][415]LogPlayLevel: Creating play world package: /Game/FirstPersonCPP/Maps/UEDPIE_0_MainMenu
[2016.01.26-22.21.21:153][415]LogPlayLevel: PIE: StaticDuplicateObject took: (0.000499s)
[2016.01.26-22.21.21:154][415]LogAIModule: Creating AISystem for world MainMenu
[2016.01.26-22.21.21:155][415]LogPlayLevel: PIE: World Init took: (0.001202s)
[2016.01.26-22.21.21:155][415]LogPlayLevel: PIE: Created PIE world by copying editor world from /Game/FirstPersonCPP/Maps/MainMenu.MainMenu to /Game/FirstPersonCPP/Maps/UEDPIE_0_MainMenu.MainMenu (0.002990s)
[2016.01.26-22.21.21:179][415]LogInit: XAudio2 using 'Haut-parleurs (USB PnP Sound Device)' : 2 channels at 44.1 kHz using 16 bits per sample (channel mask 0x3)
[2016.01.26-22.21.21:182][415]LogInit: FAudioDevice initialized.
[2016.01.26-22.21.21:229][415]LogWorld: Game class is 'LostAgeGameMode'
[2016.01.26-22.21.27:950][415]LogWorld: Bringing World /Game/FirstPersonCPP/Maps/UEDPIE_0_MainMenu.MainMenu up for play (max tick rate 3) at 2016.01.26-17.21.27
[2016.01.26-22.21.27:950][415]LogActor:Warning: GameSession /Game/FirstPersonCPP/Maps/UEDPIE_0_MainMenu.MainMenu:PersistentLevel.GameSession_0 has natively added scene component(s), but none of them were set as the actor's RootComponent - picking one arbitrarily
[2016.01.26-22.21.27:951][415]LogActor:Warning: GameNetworkManager /Game/FirstPersonCPP/Maps/UEDPIE_0_MainMenu.MainMenu:PersistentLevel.GameNetworkManager_0 has natively added scene component(s), but none of them were set as the actor's RootComponent - picking one arbitrarily
[2016.01.26-22.21.27:952][415]LogWorld: Bringing up level for play took: 0.002514
[2016.01.26-22.21.27:962][415]LogVoice:Warning: Failed to initialize voice interface
[2016.01.26-22.21.34:517][415]LogOnline:Warning: NULL: Can't start an online game for session (Game) that hasn't been created
[2016.01.26-22.21.36:350][415]PIE: Info Play in editor start time for /Game/FirstPersonCPP/Maps/UEDPIE_0_MainMenu 14.718
[2016.01.26-22.21.36:364][416]LogRenderer: Reallocating scene render targets to support 1280x720 (Frame:408).
[2016.01.26-22.21.40:739][816]LogInit: WinSock: I am frederic-PC (192.168.1.103:0)
[2016.01.26-22.21.40:813][816]LogPackageName: SearchForPackageOnDisk took   0.073s to resolve FirstPersonExampleMap.umap.
[2016.01.26-22.21.40:869][816]LogPackageName: SearchForPackageOnDisk took   0.055s to resolve FirstPersonExampleMap.umap.
[2016.01.26-22.21.40:870][816]LogNet: Browse: /Game/FirstPersonCPP/Maps/FirstPersonExampleMap?listen
[2016.01.26-22.21.40:870][816]LogLoad: LoadMap: /Game/FirstPersonCPP/Maps/FirstPersonExampleMap?listen
[2016.01.26-22.21.40:891][816]LogParticles: Destroying 0 GPU particle simulations for FXSystem 0x0000000025CB3740
[2016.01.26-22.21.40:900][816]Cmd: MEM
[2016.01.26-22.21.40:912][816]LogMemory: Platform Memory Stats for Windows
[2016.01.26-22.21.40:913][816]LogMemory: Process Physical Memory: 576.92 MB used, 588.48 MB peak
[2016.01.26-22.21.40:913][816]LogMemory: Process Virtual Memory: 1022.13 MB used, 1069.43 MB peak
[2016.01.26-22.21.40:914][816]LogMemory: Physical Memory: 10655.27 MB used, 16288.39 MB total
[2016.01.26-22.21.40:914][816]LogMemory: Virtual Memory: 1638.81 MB used, 8388608.00 MB total
[2016.01.26-22.21.40:914][816]LogMemory: 
[2016.01.26-22.21.40:914][816]Allocator Stats for TBB: (not implemented)
[2016.01.26-22.21.41:998][816]LogAIModule: Creating AISystem for world FirstPersonExampleMap
[2016.01.26-22.21.41:999][816]LogWorld: Game class is 'LostAgeGameMode'
[2016.01.26-22.21.45:153][816]LogInit: WinSock: Socket queue 131072 / 131072
[2016.01.26-22.21.45:155][816]LogNet: GameNetDriver IpNetDriver_0 IpNetDriver listening on port 7777
[2016.01.26-22.21.45:175][816]LogWorld: Bringing World /Game/FirstPersonCPP/Maps/UEDPIE_0_FirstPersonExampleMap.FirstPersonExampleMap up for play (max tick rate 3) at 2016.01.26-17.21.45
[2016.01.26-22.21.45:176][816]LogActor:Warning: GameSession /Game/FirstPersonCPP/Maps/UEDPIE_0_FirstPersonExampleMap.FirstPersonExampleMap:PersistentLevel.GameSession_1 has natively added scene component(s), but none of them were set as the actor's RootComponent - picking one arbitrarily
[2016.01.26-22.21.45:177][816]LogActor:Warning: GameNetworkManager /Game/FirstPersonCPP/Maps/UEDPIE_0_FirstPersonExampleMap.FirstPersonExampleMap:PersistentLevel.GameNetworkManager_1 has natively added scene component(s), but none of them were set as the actor's RootComponent - picking one arbitrarily
[2016.01.26-22.21.45:178][816]LogWorld: Bringing up level for play took: 0.021181
[2016.01.26-22.21.51:985][816]LogOnline:Warning: NULL: Can't start an online session (Game) in state InProgress
[2016.01.26-22.21.57:489][994]LogPackageName: SearchForPackageOnDisk took   0.056s to resolve MainMenu.umap.
[2016.01.26-22.21.57:557][995]LogPackageName: SearchForPackageOnDisk took   0.062s to resolve MainMenu.umap.
[2016.01.26-22.21.57:558][995]LogNet: Browse: /Game/FirstPersonCPP/Maps/MainMenu
[2016.01.26-22.21.57:558][995]LogLoad: LoadMap: /Game/FirstPersonCPP/Maps/MainMenu
[2016.01.26-22.21.57:559][995]LogNet: World NetDriver shutdown IpNetDriver_0 [GameNetDriver]
[2016.01.26-22.21.57:559][995]LogNet: DestroyNamedNetDriver IpNetDriver_0 [GameNetDriver]
[2016.01.26-22.21.57:559][995]LogExit: GameNetDriver IpNetDriver_0 shut down
[2016.01.26-22.21.57:574][995]LogParticles: Destroying 0 GPU particle simulations for FXSystem 0x0000000025CB0EA0