[2016.01.26-18.37.52:446][  0]Log file open, 01/26/16 13:37:52
[2016.01.26-18.37.52:446][  0]LogInit:Display: Running engine for game: LostAge
[2016.01.26-18.37.52:446][  0]LogInit:Display: RandInit(-701030450) SRandInit(-701030450).
[2016.01.26-18.37.52:447][  0]LogTaskGraph: Started task graph with 4 named threads and 7 total threads.
[2016.01.26-18.37.52:447][  0]LogStats: Stats thread started at 0.150048
[2016.01.26-18.37.52:447][  0]LogInit: Version: 4.9.2-2707645+++depot+UE4-Releases+4.9
[2016.01.26-18.37.52:448][  0]LogInit: API Version: 2672455
[2016.01.26-18.37.52:448][  0]LogInit: Compiled (64-bit): Sep 28 2015 10:25:44
[2016.01.26-18.37.52:448][  0]LogInit: Compiled with Visual C++: 18.00.21005.01
[2016.01.26-18.37.52:448][  0]LogInit: Build Configuration: DebugGame
[2016.01.26-18.37.52:449][  0]LogInit: Branch Name: ++depot+UE4-Releases+4.9
[2016.01.26-18.37.52:449][  0]LogInit: Command line:  -debug
[2016.01.26-18.37.52:449][  0]LogInit: Base directory: C:/Program Files/Epic Games/4.9/Engine/Binaries/Win64/
[2016.01.26-18.37.52:450][  0]LogInit: Rocket: 1
[2016.01.26-18.37.52:480][  0]LogInit: Using libcurl 7.41.0
[2016.01.26-18.37.52:480][  0]LogInit:  - built for x86_64-pc-win32
[2016.01.26-18.37.52:480][  0]LogInit:  - supports SSL with WinSSL
[2016.01.26-18.37.52:481][  0]LogInit:  - other features:
[2016.01.26-18.37.52:481][  0]LogInit:      CURL_VERSION_SSL
[2016.01.26-18.37.52:481][  0]LogInit:      CURL_VERSION_IPV6
[2016.01.26-18.37.52:481][  0]LogInit:      CURL_VERSION_ASYNCHDNS
[2016.01.26-18.37.52:482][  0]LogInit:      CURL_VERSION_LARGEFILE
[2016.01.26-18.37.52:482][  0]LogInit:      CURL_VERSION_IDN
[2016.01.26-18.37.52:482][  0]LogInit:  CurlRequestOptions (configurable via config and command line):
[2016.01.26-18.37.52:482][  0]LogInit:  - bVerifyPeer = true  - Libcurl will verify peer certificate
[2016.01.26-18.37.52:482][  0]LogInit:  - bUseHttpProxy = false  - Libcurl will NOT use HTTP proxy
[2016.01.26-18.37.52:483][  0]LogInit:  - bDontReuseConnections = false  - Libcurl will reuse connections
[2016.01.26-18.37.52:483][  0]LogInit:  - CertBundlePath = nullptr  - Libcurl will use whatever was configured at build time.
[2016.01.26-18.37.52:538][  0]LogInit: WinSock: version 1.1 (2.2), MaxSocks=32767, MaxUdp=65467
[2016.01.26-18.37.52:551][  0]LogVoice:Warning: Failed to initialize voice interface
[2016.01.26-18.37.52:556][  0]LogInit: Presizing for 0 objects not considered by GC, pre-allocating 0 bytes.
[2016.01.26-18.37.52:564][  0]LogInit: Object subsystem initialized
[2016.01.26-18.37.52:566][  0]LogInit: Selected Device Profile: [Windows]
[2016.01.26-18.37.52:566][  0]LogInit: Applying CVar settings loaded from the selected device profile: [Windows]
[2016.01.26-18.37.52:574][  0]LogInit: Computer: FREDERIC-PC
[2016.01.26-18.37.52:575][  0]LogInit: User: frederic
[2016.01.26-18.37.52:575][  0]LogInit: CPU Page size=4096, Cores=4
[2016.01.26-18.37.52:575][  0]LogInit: High frequency timer resolution =3.331240 MHz
[2016.01.26-18.37.52:575][  0]LogMemory: Memory total: Physical=15.9GB (16GB approx)
[2016.01.26-18.37.52:576][  0]LogMemory: Platform Memory Stats for Windows
[2016.01.26-18.37.52:576][  0]LogMemory: Process Physical Memory: 55.17 MB used, 55.17 MB peak
[2016.01.26-18.37.52:576][  0]LogMemory: Process Virtual Memory: 55.86 MB used, 55.86 MB peak
[2016.01.26-18.37.52:577][  0]LogMemory: Physical Memory: 8413.78 MB used, 16288.39 MB total
[2016.01.26-18.37.52:577][  0]LogMemory: Virtual Memory: 337.63 MB used, 8388608.00 MB total
[2016.01.26-18.37.52:652][  0]LogTextLocalizationManager: No translations for ('fr-CA') exist, falling back to 'en' for localization and internationalization data.
[2016.01.26-18.37.53:332][  0]LogD3D11RHI: Found D3D11 adapter 0: NVIDIA GeForce GTX 970 (Feature Level 11_0)
[2016.01.26-18.37.53:332][  0]LogD3D11RHI: Adapter has 4008MB of dedicated video memory, 0MB of dedicated system memory, and 7888MB of shared system memory, 1 output[s]
[2016.01.26-18.37.53:340][  0]LogD3D11RHI: Found D3D11 adapter 1: Intel(R) HD Graphics 3000 (Feature Level 10_0)
[2016.01.26-18.37.53:340][  0]LogD3D11RHI: Adapter has 64MB of dedicated video memory, 0MB of dedicated system memory, and 1632MB of shared system memory, 0 output[s]
[2016.01.26-18.37.53:341][  0]LogD3D11RHI: Chosen D3D11 Adapter Id = 0
[2016.01.26-18.37.53:345][  0]LogD3D11RHI: !Direct3DDevice
[2016.01.26-18.37.53:346][  0]LogRHI: Texture pool is 1361 MB (70% of 1945 MB)
[2016.01.26-18.37.53:399][  0]LogD3D11RHI: Async texture creation enabled
[2016.01.26-18.37.53:415][  0]LogShaderCompilers: Guid format shader working directory is 15 characters bigger than the processId version (../../../../../../Users/frederic/Documents/Unreal Projects/LostAge/Intermediate/Shaders/WorkingDirectory/7196/).
[2016.01.26-18.37.53:416][  0]LogShaderCompilers: Cleaned the shader compiler working directory '../../../../../../Users/frederic/Documents/Unreal Projects/LostAge/Intermediate/Shaders/tmp/2034B3E8431DB4149144A38CF09545D5/'.
[2016.01.26-18.37.53:416][  0]LogShaderCompilers:Display: Using Local Shader Compiler.
[2016.01.26-18.37.54:611][  0]LogTemp:Display: Loaded TP AllDesktopTargetPlatform
[2016.01.26-18.37.54:629][  0]LogTemp:Display: Loaded TP WindowsClientTargetPlatform
[2016.01.26-18.37.54:644][  0]LogTemp:Display: Loaded TP WindowsNoEditorTargetPlatform
[2016.01.26-18.37.54:663][  0]LogTemp:Display: Loaded TP WindowsServerTargetPlatform
[2016.01.26-18.37.54:680][  0]LogTemp:Display: Loaded TP WindowsTargetPlatform
[2016.01.26-18.37.54:687][  0]LogTemp:Display: Loaded TP AndroidTargetPlatform
[2016.01.26-18.37.54:693][  0]LogTemp:Display: Loaded TP Android_ASTCTargetPlatform
[2016.01.26-18.37.54:700][  0]LogTemp:Display: Loaded TP Android_ATCTargetPlatform
[2016.01.26-18.37.54:709][  0]LogTemp:Display: Loaded TP Android_DXTTargetPlatform
[2016.01.26-18.37.54:717][  0]LogTemp:Display: Loaded TP Android_ETC1TargetPlatform
[2016.01.26-18.37.54:724][  0]LogTemp:Display: Loaded TP Android_ETC2TargetPlatform
[2016.01.26-18.37.54:733][  0]LogTemp:Display: Loaded TP Android_PVRTCTargetPlatform
[2016.01.26-18.37.54:737][  0]LogTemp:Display: Loaded TP HTML5TargetPlatform
[2016.01.26-18.37.54:770][  0]LogTemp:Display: Loaded TP IOSTargetPlatform
[2016.01.26-18.37.54:776][  0]LogTemp:Display: Loaded TP LinuxNoEditorTargetPlatform
[2016.01.26-18.37.54:783][  0]LogTemp:Display: Loaded TP LinuxServerTargetPlatform
[2016.01.26-18.37.54:789][  0]LogTemp:Display: Loaded TP LinuxTargetPlatform
[2016.01.26-18.37.54:790][  0]LogTargetPlatformManager:Display: Building Assets For Windows
[2016.01.26-18.37.55:006][  0]LogDerivedDataCache:Display: Max Cache Size: 512 MB
[2016.01.26-18.37.55:053][  0]LogDerivedDataCache: Loaded boot cache 0.05s 43MB C:/Users/frederic/AppData/Local/UnrealEngine/4.9/DerivedDataCache/Boot.ddc.
[2016.01.26-18.37.55:054][  0]LogDerivedDataCache:Display: Loaded Boot cache: C:/Users/frederic/AppData/Local/UnrealEngine/4.9/DerivedDataCache/Boot.ddc
[2016.01.26-18.37.55:054][  0]LogDerivedDataCache: FDerivedDataBackendGraph:  Pak pak cache file ../../../../../../Users/frederic/Documents/Unreal Projects/LostAge/DerivedDataCache/DDC.ddp not found, will not use a pak cache.
[2016.01.26-18.37.55:055][  0]LogDerivedDataCache: Unable to find inner node Pak for hierarchical cache Hierarchy.
[2016.01.26-18.37.55:055][  0]LogDerivedDataCache: FDerivedDataBackendGraph:  CompressedPak pak cache file ../../../../../../Users/frederic/Documents/Unreal Projects/LostAge/DerivedDataCache/Compressed.ddp not found, will not use a pak cache.
[2016.01.26-18.37.55:055][  0]LogDerivedDataCache: Unable to find inner node CompressedPak for hierarchical cache Hierarchy.
[2016.01.26-18.37.55:198][  0]LogDerivedDataCache:Display: Pak cache opened for reading ../../../Engine/DerivedDataCache/Compressed.ddp.
[2016.01.26-18.37.55:210][  0]LogDerivedDataCache: Using Local data cache path C:/Users/frederic/AppData/Local/UnrealEngine/Common/DerivedDataCache: Writable
[2016.01.26-18.37.55:406][  0]LogInit: Selected Device Profile: [Windows]
[2016.01.26-18.37.55:407][  0]LogContentStreaming: Texture pool size is 0.000000MB
[2016.01.26-18.37.55:442][  0]LogMeshUtilities: No automatic mesh reduction module available
[2016.01.26-18.37.55:443][  0]LogMeshUtilities: No automatic mesh merging module available
[2016.01.26-18.37.56:824][  0]UdpMessaging: Initializing bridge on interface 0.0.0.0:0 to multicast group 230.0.0.1:6666.
[2016.01.26-18.37.57:183][  0]LogAssetRegistry: FAssetRegistry took 0.0106 seconds to start up
[2016.01.26-18.37.57:502][  0]SourceControl: Info Source control is disabled
[2016.01.26-18.37.57:504][  0]SourceControl: Info Source control is disabled
[2016.01.26-18.37.57:519][  0]SourceControl: Info Source control is disabled
[2016.01.26-18.37.57:539][  0]SourceControl: Info Source control is disabled
[2016.01.26-18.37.57:724][  0]LogLinker:Warning: Asset '../../../Engine/Plugins/Runtime/LeapMotionController/Content/LM_PassthroughMaterial.uasset' has been saved with empty engine version. The asset will be loaded but may be incompatible.
[2016.01.26-18.37.57:828][  0]LogObj: 31791 objects as part of root set at end of initial load.
[2016.01.26-18.37.57:829][  0]LogUObjectAllocator: 7252848 out of 0 bytes used by permanent object pool.
[2016.01.26-18.37.57:906][  0]LogEngine: Initializing Engine...
[2016.01.26-18.37.57:909][  0]LogHMD: Can't find Oculus library dev build: is proper Runtime installed? Version: 0.7.0.0
[2016.01.26-18.37.57:911][  0]LogHMD: SteamVR failed to initialize.  Err: 110
[2016.01.26-18.37.58:067][  0]LogAIModule: Creating AISystem for world NewWorld
[2016.01.26-18.37.58:084][  0]LogInit: XAudio2 using 'Haut-parleurs (Realtek High Definition Audio)' : 2 channels at 48 kHz using 32 bits per sample (channel mask 0x3)
[2016.01.26-18.37.58:100][  0]LogInit: FAudioDevice initialized.
[2016.01.26-18.37.58:121][  0]LogDerivedDataCache: Saved boot cache 0.02s 43MB C:/Users/frederic/AppData/Local/UnrealEngine/4.9/DerivedDataCache/Boot.ddc.
[2016.01.26-18.37.58:127][  0]LogInit: Texture streaming: Enabled
[2016.01.26-18.37.58:142][  0]LogAnalytics: Creating configured Analytics provider AnalyticsET
[2016.01.26-18.37.58:143][  0]LogAnalytics: [UEEditor.Rocket.Release] APIServer = http://et2.epicgames.com/ET2/. AppVersion = 4.9.2-2707645+++depot+UE4-Releases+4.9
[2016.01.26-18.37.58:143][  0]LogAnalytics: [UEEditor.Rocket.Release] SetUserId c8da8d664a36a98701fe659c10ae4ff8|70626fa7f476448fb82ad9618fbbb1ab|00e7fb16-00c3-4af4-a2a1-2cc8013aae38
[2016.01.26-18.37.58:144][  0]LogAnalytics: [UEEditor.Rocket.Release] AnalyticsET::StartSession
[2016.01.26-18.37.58:163][  0]LogInit: Transaction tracking system initialized
[2016.01.26-18.37.58:257][  0]BlueprintLog: New page: Editor Load
[2016.01.26-18.37.58:616][  0]LocalizationService: Info Localization service is disabled
[2016.01.26-18.37.58:765][  0]LogLinker:Warning: Can't find file '/Game/ThirdPersonCPP/ThirdPersonOverview'
[2016.01.26-18.37.58:765][  0]LogLinker:Warning: Can't find file '/Game/ThirdPersonCPP/ThirdPersonOverview'
[2016.01.26-18.37.58:766][  0]LogUObjectGlobals:Warning: Failed to find object 'Class /Game/ThirdPersonCPP/ThirdPersonOverview.ThirdPersonOverview_C'
[2016.01.26-18.37.58:794][  0]LogConsoleResponse:Display: 
[2016.01.26-18.37.58:917][  0]LogCook:Display: Done creating registry. It took  0.00s.
[2016.01.26-18.37.59:075][  0]LogFileCache: Scanning file cache for directory 'C:/Users/frederic/Documents/Unreal Projects/LostAge/Content/' took 0.01s
[2016.01.26-18.37.59:076][  0]SourceControl: Info Source control is disabled
[2016.01.26-18.37.59:076][  0]Cmd: MAP LOAD FILE="../../../../../../Users/frederic/Documents/Unreal Projects/LostAge/Content/FirstPersonCPP/Maps/MainMenu.umap" TEMPLATE=0 SHOWPROGRESS=1 FEATURELEVEL=3
[2016.01.26-18.37.59:077][  0]LightingResults: New page: Lighting Build
[2016.01.26-18.37.59:082][  0]MapCheck: New page: Map Check
[2016.01.26-18.37.59:083][  0]LightingResults: New page: Lighting Build
[2016.01.26-18.37.59:095][  0]LogParticles: Destroying 0 GPU particle simulations for FXSystem 0x00000000233C6160
[2016.01.26-18.37.59:100][  0]LogAIModule: Creating AISystem for world MainMenu
[2016.01.26-18.37.59:102][  0]LogEditorServer: Finished looking for orphan Actors (0.000 secs)
[2016.01.26-18.37.59:103][  0]Cmd: MAP CHECKDEP NOCLEARLOG
[2016.01.26-18.37.59:150][  0]MapCheck: Info Map check complete: 0 Error(s), 0 Warning(s), took 46.556ms to complete.
[2016.01.26-18.37.59:151][  0]LogFileHelpers: Loading map 'MainMenu' took 0.075
[2016.01.26-18.37.59:264][  0]LogCollectionManager: Loaded 0 collections in 0.002363 seconds
[2016.01.26-18.37.59:308][  0]LogFileCache: Scanning file cache for directory 'C:/Users/frederic/Documents/Unreal Projects/LostAge/Saved/Collections/' took 0.01s
[2016.01.26-18.37.59:309][  0]LogFileCache: Scanning file cache for directory 'C:/Users/frederic/Documents/Unreal Projects/LostAge/Content/Developers/frederic/Collections/' took 0.01s
[2016.01.26-18.37.59:309][  0]LogFileCache: Scanning file cache for directory 'C:/Users/frederic/Documents/Unreal Projects/LostAge/Content/Collections/' took 0.01s
[2016.01.26-18.37.59:310][  0]LogContentBrowser: Native class hierarchy populated in 0.0085 seconds. Added 1875 classes and 335 folders.
[2016.01.26-18.37.59:318][  0]LogCollectionManager: Rebuilt the GUID cache for 0 collections in 0.000002 seconds
[2016.01.26-18.37.59:333][  0]LogContentBrowser: Native class hierarchy updated for 'WidgetCarousel' in 0.0030 seconds. Added 0 classes and 0 folders.
[2016.01.26-18.37.59:393][  0]LogContentBrowser: Native class hierarchy updated for 'AddContentDialog' in 0.0019 seconds. Added 0 classes and 0 folders.
[2016.01.26-18.37.59:413][  0]LogContentBrowser: Native class hierarchy updated for 'SceneOutliner' in 0.0019 seconds. Added 1 classes and 2 folders.
[2016.01.26-18.37.59:444][  0]LogCrashTracker: Crashtracker disabled due to settings.
[2016.01.26-18.37.59:448][  0]LogUObjectGlobals:Warning: Failed to find object 'Class None.'
[2016.01.26-18.37.59:469][  0]LogLoad: Full Startup: 8.03 seconds (BP compile: 0.03 seconds)
[2016.01.26-18.37.59:566][  0]LogContentStreaming: Texture pool size now 1000 MB
[2016.01.26-18.37.59:685][  0]LogRenderer: Reallocating scene render targets to support 1208x556 (Frame:2).
[2016.01.26-18.37.59:862][  2]LogAssetRegistry: Asset discovery search completed in 2.6901 seconds
[2016.01.26-18.37.59:863][  2]LogCollectionManager: Rebuilt the object cache for 0 collections in 0.000001 seconds (found 0 objects)
[2016.01.26-18.37.59:863][  2]LogCollectionManager: Fixed up redirectors for 0 collections in 0.000288 seconds (updated 0 objects)
[2016.01.26-18.39.28:133][584]LogPlayLevel: PlayLevel: No blueprints needed recompiling
[2016.01.26-18.39.28:134][584]PIE: New page: PIE session: MainMenu (Jan 26, 2016, 8:39:28 AM)
[2016.01.26-18.39.28:202][584]LogPlayLevel: Creating play world package: /Game/FirstPersonCPP/Maps/UEDPIE_0_MainMenu
[2016.01.26-18.39.28:203][584]LogPlayLevel: PIE: StaticDuplicateObject took: (0.000529s)
[2016.01.26-18.39.28:204][584]LogAIModule: Creating AISystem for world MainMenu
[2016.01.26-18.39.28:205][584]LogPlayLevel: PIE: World Init took: (0.001331s)
[2016.01.26-18.39.28:205][584]LogPlayLevel: PIE: Created PIE world by copying editor world from /Game/FirstPersonCPP/Maps/MainMenu.MainMenu to /Game/FirstPersonCPP/Maps/UEDPIE_0_MainMenu.MainMenu (0.003267s)
[2016.01.26-18.39.28:229][584]LogInit: XAudio2 using 'Haut-parleurs (Realtek High Definition Audio)' : 2 channels at 48 kHz using 32 bits per sample (channel mask 0x3)
[2016.01.26-18.39.28:241][584]LogInit: FAudioDevice initialized.
[2016.01.26-18.39.28:289][584]LogWorld: Game class is 'LostAgeGameMode'
[2016.01.26-18.39.28:291][584]LogWorld: Bringing World /Game/FirstPersonCPP/Maps/UEDPIE_0_MainMenu.MainMenu up for play (max tick rate 0) at 2016.01.26-13.39.28
[2016.01.26-18.39.28:292][584]LogActor:Warning: GameSession /Game/FirstPersonCPP/Maps/UEDPIE_0_MainMenu.MainMenu:PersistentLevel.GameSession_0 has natively added scene component(s), but none of them were set as the actor's RootComponent - picking one arbitrarily
[2016.01.26-18.39.28:292][584]LogActor:Warning: GameNetworkManager /Game/FirstPersonCPP/Maps/UEDPIE_0_MainMenu.MainMenu:PersistentLevel.GameNetworkManager_0 has natively added scene component(s), but none of them were set as the actor's RootComponent - picking one arbitrarily
[2016.01.26-18.39.28:293][584]LogWorld: Bringing up level for play took: 0.001641
[2016.01.26-18.39.28:303][584]LogVoice:Warning: Failed to initialize voice interface
[2016.01.26-18.39.40:764][584]LogOnline:Warning: NULL: Can't start an online game for session (Game) that hasn't been created
[2016.01.26-18.39.45:955][584]PIE: Info Play in editor start time for /Game/FirstPersonCPP/Maps/UEDPIE_0_MainMenu 18.565
[2016.01.26-18.39.48:583][781]LogInit: WinSock: I am frederic-PC (192.168.1.103:0)
[2016.01.26-18.39.48:646][781]LogPackageName: SearchForPackageOnDisk took   0.062s to resolve FirstPersonExampleMap.umap.
[2016.01.26-18.39.48:699][781]LogPackageName: SearchForPackageOnDisk took   0.052s to resolve FirstPersonExampleMap.umap.
[2016.01.26-18.39.48:699][781]LogNet: Browse: /Game/FirstPersonCPP/Maps/FirstPersonExampleMap?listen
[2016.01.26-18.39.48:700][781]LogLoad: LoadMap: /Game/FirstPersonCPP/Maps/FirstPersonExampleMap?listen
[2016.01.26-18.39.48:715][781]LogParticles: Destroying 0 GPU particle simulations for FXSystem 0x000000001A67D120
[2016.01.26-18.39.48:719][781]Cmd: MEM
[2016.01.26-18.39.48:732][781]LogMemory: Platform Memory Stats for Windows
[2016.01.26-18.39.48:733][781]LogMemory: Process Physical Memory: 554.45 MB used, 554.79 MB peak
[2016.01.26-18.39.48:733][781]LogMemory: Process Virtual Memory: 947.79 MB used, 949.23 MB peak
[2016.01.26-18.39.48:734][781]LogMemory: Physical Memory: 9709.80 MB used, 16288.39 MB total
[2016.01.26-18.39.48:734][781]LogMemory: Virtual Memory: 1598.34 MB used, 8388608.00 MB total
[2016.01.26-18.39.48:734][781]LogMemory: 
[2016.01.26-18.39.48:734][781]Allocator Stats for TBB: (not implemented)
[2016.01.26-18.39.49:631][781]LogAIModule: Creating AISystem for world FirstPersonExampleMap
[2016.01.26-18.39.49:632][781]LogWorld: Game class is 'LostAgeGameMode'
[2016.01.26-18.39.49:632][781]LogInit: WinSock: Socket queue 131072 / 131072
[2016.01.26-18.39.49:633][781]LogNet: GameNetDriver IpNetDriver_0 IpNetDriver listening on port 7777
[2016.01.26-18.39.49:643][781]LogWorld: Bringing World /Game/FirstPersonCPP/Maps/UEDPIE_0_FirstPersonExampleMap.FirstPersonExampleMap up for play (max tick rate 0) at 2016.01.26-13.39.49
[2016.01.26-18.39.49:644][781]LogActor:Warning: GameSession /Game/FirstPersonCPP/Maps/UEDPIE_0_FirstPersonExampleMap.FirstPersonExampleMap:PersistentLevel.GameSession_1 has natively added scene component(s), but none of them were set as the actor's RootComponent - picking one arbitrarily
[2016.01.26-18.39.49:644][781]LogActor:Warning: GameNetworkManager /Game/FirstPersonCPP/Maps/UEDPIE_0_FirstPersonExampleMap.FirstPersonExampleMap:PersistentLevel.GameNetworkManager_1 has natively added scene component(s), but none of them were set as the actor's RootComponent - picking one arbitrarily
[2016.01.26-18.39.49:645][781]LogWorld: Bringing up level for play took: 0.010979
[2016.01.26-18.40.52:578][781]LogOnline:Warning: NULL: Can't start an online session (Game) in state InProgress
[2016.01.26-18.41.15:772][367]LogOnline:Display: NULL: FOnlineSubsystemNull::Shutdown()
[2016.01.26-18.41.15:773][367]LogPlayLevel:Display: Shutting down PIE online subsystems
[2016.01.26-18.41.15:789][367]LogParticles: Destroying 0 GPU particle simulations for FXSystem 0x000000004C615D00
[2016.01.26-18.41.15:790][367]LogExit: GameNetDriver None shut down
[2016.01.26-18.41.15:883][368]LogPlayLevel:Display: Destroying online subsystem :Context_2
[2016.01.26-18.41.15:883][368]LogOnline:Display: NULL: FOnlineSubsystemNull::Shutdown()
[2016.01.26-18.41.56:881][285]LogPlayLevel: PlayLevel: No blueprints needed recompiling
[2016.01.26-18.41.56:881][285]PIE: New page: PIE session: MainMenu (Jan 26, 2016, 8:41:56 AM)
[2016.01.26-18.41.56:882][285]LogPlayLevel: Creating play world package: /Game/FirstPersonCPP/Maps/UEDPIE_0_MainMenu
[2016.01.26-18.41.56:883][285]LogPlayLevel: PIE: StaticDuplicateObject took: (0.000536s)
[2016.01.26-18.41.56:884][285]LogAIModule: Creating AISystem for world MainMenu
[2016.01.26-18.41.56:884][285]LogPlayLevel: PIE: World Init took: (0.001253s)
[2016.01.26-18.41.56:885][285]LogPlayLevel: PIE: Created PIE world by copying editor world from /Game/FirstPersonCPP/Maps/MainMenu.MainMenu to /Game/FirstPersonCPP/Maps/UEDPIE_0_MainMenu.MainMenu (0.002968s)
[2016.01.26-18.41.56:911][285]LogInit: XAudio2 using 'Haut-parleurs (Realtek High Definition Audio)' : 2 channels at 48 kHz using 32 bits per sample (channel mask 0x3)
[2016.01.26-18.41.56:925][285]LogInit: FAudioDevice initialized.
[2016.01.26-18.41.56:958][285]LogWorld: Game class is 'LostAgeGameMode'
[2016.01.26-18.41.56:959][285]LogWorld: Bringing World /Game/FirstPersonCPP/Maps/UEDPIE_0_MainMenu.MainMenu up for play (max tick rate 0) at 2016.01.26-13.41.56
[2016.01.26-18.41.56:960][285]LogActor:Warning: GameSession /Game/FirstPersonCPP/Maps/UEDPIE_0_MainMenu.MainMenu:PersistentLevel.GameSession_2 has natively added scene component(s), but none of them were set as the actor's RootComponent - picking one arbitrarily
[2016.01.26-18.41.56:960][285]LogActor:Warning: GameNetworkManager /Game/FirstPersonCPP/Maps/UEDPIE_0_MainMenu.MainMenu:PersistentLevel.GameNetworkManager_2 has natively added scene component(s), but none of them were set as the actor's RootComponent - picking one arbitrarily
[2016.01.26-18.41.56:961][285]LogWorld: Bringing up level for play took: 0.001784
[2016.01.26-18.41.56:972][285]LogVoice:Warning: Failed to initialize voice interface
[2016.01.26-18.42.08:677][285]LogOnline:Warning: NULL: Can't start an online game for session (Game) that hasn't been created
[2016.01.26-18.42.08:678][285]PIE: Info Play in editor start time for /Game/FirstPersonCPP/Maps/UEDPIE_0_MainMenu 11.287
[2016.01.26-18.42.42:615][235]LogOnline:Display: NULL: FOnlineSubsystemNull::Shutdown()
[2016.01.26-18.42.42:616][235]LogPlayLevel:Display: Shutting down PIE online subsystems
[2016.01.26-18.42.42:641][236]LogParticles: Destroying 0 GPU particle simulations for FXSystem 0x000000004BB1A520
[2016.01.26-18.42.42:684][241]LogPlayLevel:Display: Destroying online subsystem :Context_3
[2016.01.26-18.42.42:684][241]LogOnline:Display: NULL: FOnlineSubsystemNull::Shutdown()
[2016.01.26-18.42.48:335][913]LogLinker:Warning: Asset '../../../Engine/Content/ArtTools/RenderToTexture/Macros/RenderToTextureMacros.uasset' has been saved with empty engine version. The asset will be loaded but may be incompatible.
[2016.01.26-18.42.48:892][913]LogContentBrowser: Native class hierarchy updated for 'BlueprintGraph' in 0.0023 seconds. Added 107 classes and 0 folders.
[2016.01.26-18.43.01:509][799]BlueprintLog: New page: Compile MainMenu
[2016.01.26-18.43.01:597][799]BlueprintEditorCompileResults: Info [0310.16] Compile of MainMenu successful! [in 87 ms]
[2016.01.26-18.43.02:232][841]Cmd: OBJ SAVEPACKAGE PACKAGE="/Game/FirstPerson/Menus/MainMenu" FILE="../../../../../../Users/frederic/Documents/Unreal Projects/LostAge/Content/FirstPerson/Menus/MainMenu.uasset" SILENT=true
[2016.01.26-18.43.02:432][841]LogSavePackage: Save=36.773693ms
[2016.01.26-18.43.02:433][841]LogSavePackage: Moving '../../../../../../Users/frederic/Documents/Unreal Projects/LostAge/Saved/MainMenu4CBAAB9F4E0ADF8F803F7BAF856FDA19.tmp' to '../../../../../../Users/frederic/Documents/Unreal Projects/LostAge/Content/FirstPerson/Menus/MainMenu.uasset'
[2016.01.26-18.43.02:437][841]LogSavePackage: Total save time: 202.107623ms
[2016.01.26-18.43.02:438][841]LogSavePackage:Warning: Finished SavePackage ../../../../../../Users/frederic/Documents/Unreal Projects/LostAge/Content/FirstPerson/Menus/MainMenu.uasset
[2016.01.26-18.43.26:249][929]LogParticles: Destroying 0 GPU particle simulations for FXSystem 0x000000001A4619E0
[2016.01.26-18.43.26:250][929]LogParticles: Destroying 0 GPU particle simulations for FXSystem 0x00000000717AD4E0
[2016.01.26-18.43.26:251][929]LogParticles: Destroying 0 GPU particle simulations for FXSystem 0x00000000717AE7A0
[2016.01.26-18.43.26:253][929]LogParticles: Destroying 0 GPU particle simulations for FXSystem 0x000000006FD20360
[2016.01.26-18.43.26:363][929]LogParticles: Destroying 0 GPU particle simulations for FXSystem 0x0000000010F3BE20
[2016.01.26-18.43.26:620][930]Cmd: QUIT_EDITOR
[2016.01.26-18.43.26:896][930]LogExit: Preparing to exit.
[2016.01.26-18.43.27:777][930]LogActorComponent: UnregisterComponent: (None.None) Not registered. Aborting.
[2016.01.26-18.43.27:777][930]LogActorComponent: UnregisterComponent: (None.None) Not registered. Aborting.
[2016.01.26-18.43.27:778][930]LogActorComponent: UnregisterComponent: (None.None) Not registered. Aborting.
[2016.01.26-18.43.27:778][930]LogActorComponent: UnregisterComponent: (None.None) Not registered. Aborting.
[2016.01.26-18.43.27:778][930]LogActorComponent: UnregisterComponent: (None.None) Not registered. Aborting.
[2016.01.26-18.43.27:779][930]LogActorComponent: UnregisterComponent: (None.None) Not registered. Aborting.
[2016.01.26-18.43.27:803][930]LogParticles: Destroying 0 GPU particle simulations for FXSystem 0x0000000010E73880
[2016.01.26-18.43.27:806][930]LogExit: Editor shut down
[2016.01.26-18.43.27:806][930]LogExit: Transaction tracking system shut down
[2016.01.26-18.43.27:808][930]LogParticles: Destroying 0 GPU particle simulations for FXSystem 0x000000000F0BF240
[2016.01.26-18.43.27:810][930]LogParticles: Destroying 0 GPU particle simulations for FXSystem 0x000000004BB18540
[2016.01.26-18.43.27:813][930]LogParticles: Destroying 0 GPU particle simulations for FXSystem 0x000000001A462D40
[2016.01.26-18.43.27:998][930]LogExit: Object subsystem successfully closed.
[2016.01.26-18.43.28:017][930]LogD3D11RHI: Shutdown
[2016.01.26-18.43.28:018][930]LogD3D11RHI: CleanupD3DDevice
[2016.01.26-18.43.28:306][930]LogD3D11RHI: ~FD3D11DynamicRHI
[2016.01.26-18.43.28:326][930]LogModuleManager: Shutting down and abandoning module SequencerWidgets (202)
[2016.01.26-18.43.28:327][930]LogModuleManager: Shutting down and abandoning module BlueprintGraph (201)
[2016.01.26-18.43.28:327][930]LogModuleManager: Shutting down and abandoning module CrashTracker (200)
[2016.01.26-18.43.28:327][930]LogModuleManager: Shutting down and abandoning module SceneOutliner (199)
[2016.01.26-18.43.28:328][930]LogModuleManager: Shutting down and abandoning module SuperSearch (198)
[2016.01.26-18.43.28:328][930]LogModuleManager: Shutting down and abandoning module WidgetCarousel (197)
[2016.01.26-18.43.28:328][930]LogModuleManager: Shutting down and abandoning module AddContentDialog (196)
[2016.01.26-18.43.28:329][930]LogModuleManager: Shutting down and abandoning module EditorWidgets (195)
[2016.01.26-18.43.28:330][930]LogModuleManager: Shutting down and abandoning module CollectionManager (194)
[2016.01.26-18.43.28:330][930]LogModuleManager: Shutting down and abandoning module StatsViewer (193)
[2016.01.26-18.43.28:331][930]LogModuleManager: Shutting down and abandoning module FoliageEdit (192)
[2016.01.26-18.43.28:331][930]LogModuleManager: Shutting down and abandoning module LandscapeEditor (191)
[2016.01.26-18.43.28:331][930]LogModuleManager: Shutting down and abandoning module ActorPickerMode (190)
[2016.01.26-18.43.28:332][930]LogModuleManager: Shutting down and abandoning module GeometryMode (189)
[2016.01.26-18.43.28:332][930]LogModuleManager: Shutting down and abandoning module TextureAlignMode (188)
[2016.01.26-18.43.28:332][930]LogModuleManager: Shutting down and abandoning module BspMode (187)
[2016.01.26-18.43.28:332][930]LogModuleManager: Shutting down and abandoning module PlacementMode (186)
[2016.01.26-18.43.28:333][930]LogModuleManager: Shutting down and abandoning module AutomationWorker (185)
[2016.01.26-18.43.28:333][930]LogModuleManager: Shutting down and abandoning module CharacterAI (184)
[2016.01.26-18.43.28:333][930]LogModuleManager: Shutting down and abandoning module SmartSnapping (183)
[2016.01.26-18.43.28:333][930]LogModuleManager: Shutting down and abandoning module ViewportSnapping (182)
[2016.01.26-18.43.28:333][930]LogModuleManager: Shutting down and abandoning module LogVisualizer (181)
[2016.01.26-18.43.28:334][930]LogModuleManager: Shutting down and abandoning module GameProjectGeneration (180)
[2016.01.26-18.43.28:334][930]LogModuleManager: Shutting down and abandoning module IntroTutorials (179)
[2016.01.26-18.43.28:334][930]LogModuleManager: Shutting down and abandoning module EditorLiveStreaming (178)
[2016.01.26-18.43.28:335][930]LogModuleManager: Shutting down and abandoning module IOSPlatformEditor (177)
[2016.01.26-18.43.28:335][930]LogModuleManager: Shutting down and abandoning module HTML5PlatformEditor (176)
[2016.01.26-18.43.28:335][930]LogModuleManager: Shutting down and abandoning module AndroidDeviceDetection (175)
[2016.01.26-18.43.28:684][930]LogModuleManager: Shutting down and abandoning module AndroidPlatformEditor (174)
[2016.01.26-18.43.28:684][930]LogModuleManager: Shutting down and abandoning module IOSRuntimeSettings (173)
[2016.01.26-18.43.28:684][930]LogModuleManager: Shutting down and abandoning module AndroidRuntimeSettings (172)
[2016.01.26-18.43.28:685][930]LogModuleManager: Shutting down and abandoning module MergeActors (171)
[2016.01.26-18.43.28:685][930]LogModuleManager: Shutting down and abandoning module SizeMap (170)
[2016.01.26-18.43.28:688][930]LogModuleManager: Shutting down and abandoning module TreeMap (169)
[2016.01.26-18.43.28:689][930]LogModuleManager: Shutting down and abandoning module ReferenceViewer (168)
[2016.01.26-18.43.28:689][930]LogModuleManager: Shutting down and abandoning module LocalizationService (167)
[2016.01.26-18.43.28:689][930]LogModuleManager: Shutting down and abandoning module LocalizationDashboard (166)
[2016.01.26-18.43.28:690][930]LogModuleManager: Shutting down and abandoning module HardwareTargeting (165)
[2016.01.26-18.43.28:690][930]LogModuleManager: Shutting down and abandoning module DeviceProfileEditor (164)
[2016.01.26-18.43.28:690][930]LogModuleManager: Shutting down and abandoning module UndoHistory (163)
[2016.01.26-18.43.28:690][930]LogModuleManager: Shutting down and abandoning module GameplayTagsEditor (162)
[2016.01.26-18.43.28:691][930]LogModuleManager: Shutting down and abandoning module UserFeedback (161)
[2016.01.26-18.43.28:691][930]LogModuleManager: Shutting down and abandoning module XmlParser (160)
[2016.01.26-18.43.28:691][930]LogModuleManager: Shutting down and abandoning module Blutility (159)
[2016.01.26-18.43.28:691][930]LogModuleManager: Shutting down and abandoning module ProjectTargetPlatformEditor (158)
[2016.01.26-18.43.28:692][930]LogModuleManager: Shutting down and abandoning module ProjectSettingsViewer (157)
[2016.01.26-18.43.28:692][930]LogModuleManager: Shutting down and abandoning module InputBindingEditor (156)
[2016.01.26-18.43.28:692][930]LogModuleManager: Shutting down and abandoning module EditorSettingsViewer (155)
[2016.01.26-18.43.28:692][930]LogModuleManager: Shutting down and abandoning module SettingsEditor (154)
[2016.01.26-18.43.28:693][930]LogModuleManager: Shutting down and abandoning module ProjectLauncher (153)
[2016.01.26-18.43.28:693][930]LogModuleManager: Shutting down and abandoning module SessionFrontend (152)
[2016.01.26-18.43.28:693][930]LogModuleManager: Shutting down and abandoning module ProfilerClient (151)
[2016.01.26-18.43.28:694][930]LogModuleManager: Shutting down and abandoning module TargetDeviceServices (150)
[2016.01.26-18.43.28:694][930]LogModuleManager: Shutting down and abandoning module DeviceManager (149)
[2016.01.26-18.43.28:694][930]LogModuleManager: Shutting down and abandoning module AutomationController (148)
[2016.01.26-18.43.28:694][930]LogModuleManager: Shutting down and abandoning module AutomationWindow (147)
[2016.01.26-18.43.28:695][930]LogModuleManager: Shutting down and abandoning module Layers (146)
[2016.01.26-18.43.28:695][930]LogModuleManager: Shutting down and abandoning module ComponentVisualizers (145)
[2016.01.26-18.43.28:695][930]LogModuleManager: Shutting down and abandoning module DetailCustomizations (144)
[2016.01.26-18.43.28:696][930]LogModuleManager: Shutting down and abandoning module PackagesDialog (143)
[2016.01.26-18.43.28:696][930]LogModuleManager: Shutting down and abandoning module Persona (142)
[2016.01.26-18.43.28:697][930]LogModuleManager: Shutting down and abandoning module Kismet (141)
[2016.01.26-18.43.28:697][930]LogModuleManager: Shutting down and abandoning module GraphEditor (140)
[2016.01.26-18.43.28:697][930]LogModuleManager: Shutting down and abandoning module ClassViewer (139)
[2016.01.26-18.43.28:697][930]LogModuleManager: Shutting down and abandoning module Toolbox (138)
[2016.01.26-18.43.28:698][930]LogModuleManager: Shutting down and abandoning module ModuleUI (137)
[2016.01.26-18.43.28:698][930]LogModuleManager: Shutting down and abandoning module MovieSceneTools (136)
[2016.01.26-18.43.28:698][930]LogModuleManager: Shutting down and abandoning module OutputLog (135)
[2016.01.26-18.43.28:698][930]LogModuleManager: Shutting down and abandoning module GammaUI (134)
[2016.01.26-18.43.28:699][930]LogModuleManager: Shutting down and abandoning module Documentation (133)
[2016.01.26-18.43.28:699][930]LogModuleManager: Shutting down and abandoning module GameLiveStreaming (132)
[2016.01.26-18.43.28:699][930]LogModuleManager: Shutting down and abandoning module StreamingPauseRendering (131)
[2016.01.26-18.43.28:699][930]LogModuleManager: Shutting down and abandoning module AnalyticsET (130)
[2016.01.26-18.43.28:700][930]LogModuleManager: Shutting down and abandoning module Analytics (129)
[2016.01.26-18.43.28:700][930]LogModuleManager: Shutting down and abandoning module AITestSuite (128)
[2016.01.26-18.43.28:700][930]LogModuleManager: Shutting down and abandoning module GameplayDebugger (127)
[2016.01.26-18.43.28:701][930]LogModuleManager: Shutting down and abandoning module AIModule (126)
[2016.01.26-18.43.28:701][930]LogModuleManager: Shutting down and abandoning module ProfilerService (125)
[2016.01.26-18.43.28:934][930]LogModuleManager: Shutting down and abandoning module TaskGraph (124)
[2016.01.26-18.43.28:934][930]LogModuleManager: Shutting down and abandoning module SlateRemote (123)
[2016.01.26-18.43.28:934][930]LogModuleManager: Shutting down and abandoning module SteamVRController (122)
[2016.01.26-18.43.28:935][930]LogModuleManager: Shutting down and abandoning module SteamVR (121)
[2016.01.26-18.43.28:935][930]LogModuleManager: Shutting down and abandoning module ProceduralMeshComponent (120)
[2016.01.26-18.43.28:935][930]LogModuleManager: Shutting down and abandoning module OculusRift (119)
[2016.01.26-18.43.28:936][930]LogModuleManager: Shutting down and abandoning module OculusLibrary (118)
[2016.01.26-18.43.28:936][930]LogModuleManager: Shutting down and abandoning module LeapMotionController (117)
[2016.01.26-18.43.28:946][930]LogModuleManager: Shutting down and abandoning module CustomMeshComponent (116)
[2016.01.26-18.43.28:947][930]LogModuleManager: Shutting down and abandoning module CableComponent (115)
[2016.01.26-18.43.28:947][930]LogModuleManager: Shutting down and abandoning module ArchVisCharacter (114)
[2016.01.26-18.43.28:947][930]LogModuleManager: Shutting down and abandoning module MessagingDebugger (113)
[2016.01.26-18.43.28:948][930]LogModuleManager: Shutting down and abandoning module MediaPlayerEditor (112)
[2016.01.26-18.43.28:948][930]LogModuleManager: Shutting down and abandoning module HTML5Networking (111)
[2016.01.26-18.43.28:948][930]LogModuleManager: Shutting down and abandoning module SpeedTreeImporter (110)
[2016.01.26-18.43.28:948][930]LogModuleManager: Shutting down and abandoning module PluginBrowser (109)
[2016.01.26-18.43.28:949][930]LogModuleManager: Shutting down and abandoning module EpicSurvey (108)
[2016.01.26-18.43.28:949][930]LogModuleManager: Shutting down and abandoning module DesktopPlatform (107)
[2016.01.26-18.43.28:949][930]LogModuleManager: Shutting down and abandoning module VisualStudioSourceCodeAccess (106)
[2016.01.26-18.43.28:950][930]LogModuleManager: Shutting down and abandoning module UObjectPlugin (105)
[2016.01.26-18.43.28:950][930]LogModuleManager: Shutting down and abandoning module SubversionSourceControl (104)
[2016.01.26-18.43.28:950][930]LogModuleManager: Shutting down and abandoning module PerforceSourceControl (103)
[2016.01.26-18.43.28:950][930]LogModuleManager: Shutting down and abandoning module SourceControl (102)
[2016.01.26-18.43.28:951][930]LogModuleManager: Shutting down and abandoning module GitSourceControl (101)
[2016.01.26-18.43.28:951][930]LogModuleManager: Shutting down and abandoning module LightPropagationVolumeEditor (100)
[2016.01.26-18.43.28:951][930]LogModuleManager: Shutting down and abandoning module PaperTiledImporter (99)
[2016.01.26-18.43.28:951][930]LogModuleManager: Shutting down and abandoning module PaperSpriteSheetImporter (98)
[2016.01.26-18.43.28:952][930]LogModuleManager: Shutting down and abandoning module MeshPaint (97)
[2016.01.26-18.43.28:952][930]LogModuleManager: Shutting down and abandoning module SlateReflector (96)
[2016.01.26-18.43.28:952][930]LogModuleManager: Shutting down and abandoning module HotReload (95)
[2016.01.26-18.43.28:952][930]LogModuleManager: Shutting down and abandoning module MainFrame (94)
[2016.01.26-18.43.28:953][930]LogModuleManager: Shutting down and abandoning module LevelEditor (93)
[2016.01.26-18.43.28:954][930]LogModuleManager: Shutting down and abandoning module DirectoryWatcher (92)
[2016.01.26-18.43.28:955][930]LogModuleManager: Shutting down and abandoning module AssetRegistry (91)
[2016.01.26-18.43.28:989][930]LogModuleManager: Shutting down and abandoning module ContentBrowser (90)
[2016.01.26-18.43.28:990][930]LogModuleManager: Shutting down and abandoning module Paper2DEditor (89)
[2016.01.26-18.43.28:991][930]LogModuleManager: Shutting down and abandoning module LostAge (88)
[2016.01.26-18.43.28:991][930]LogModuleManager: Shutting down and abandoning module UdpMessaging (87)
[2016.01.26-18.43.29:091][930]LogModuleManager: Shutting down and abandoning module LightPropagationVolumeRuntime (86)
[2016.01.26-18.43.29:091][930]LogModuleManager: Shutting down and abandoning module Paper2D (85)
[2016.01.26-18.43.29:092][930]LogModuleManager: Shutting down and abandoning module WindowsMoviePlayer (84)
[2016.01.26-18.43.29:095][930]LogModuleManager: Shutting down and abandoning module Media (83)
[2016.01.26-18.43.29:096][930]LogModuleManager: Shutting down and abandoning module WmfMedia (82)
[2016.01.26-18.43.29:097][930]LogModuleManager: Shutting down and abandoning module OnlineBlueprintSupport (81)
[2016.01.26-18.43.29:097][930]LogModuleManager: Shutting down and abandoning module GameplayTasksEditor (80)
[2016.01.26-18.43.29:098][930]LogModuleManager: Shutting down and abandoning module PropertyEditor (79)
[2016.01.26-18.43.29:098][930]LogModuleManager: Shutting down and abandoning module BehaviorTreeEditor (78)
[2016.01.26-18.43.29:098][930]LogModuleManager: Shutting down and abandoning module FunctionalTesting (77)
[2016.01.26-18.43.29:099][930]LogModuleManager: Shutting down and abandoning module CollisionAnalyzer (76)
[2016.01.26-18.43.29:099][930]LogModuleManager: Shutting down and abandoning module WorkspaceMenuStructure (75)
[2016.01.26-18.43.29:099][930]LogModuleManager: Shutting down and abandoning module MessageLog (74)
[2016.01.26-18.43.29:100][930]LogModuleManager: Shutting down and abandoning module Sequencer (73)
[2016.01.26-18.43.29:100][930]LogModuleManager: Shutting down and abandoning module AssetTools (72)
[2016.01.26-18.43.29:100][930]LogModuleManager: Shutting down and abandoning module UMGEditor (71)
[2016.01.26-18.43.29:101][930]LogModuleManager: Shutting down and abandoning module UMG (70)
[2016.01.26-18.43.29:101][930]LogModuleManager: Shutting down and abandoning module Slate (69)
[2016.01.26-18.43.29:101][930]LogModuleManager: Shutting down and abandoning module EditorStyle (68)
[2016.01.26-18.43.29:104][930]LogModuleManager: Shutting down and abandoning module SessionServices (67)
[2016.01.26-18.43.29:104][930]LogModuleManager: Shutting down and abandoning module SourceCodeAccess (66)
[2016.01.26-18.43.29:105][930]LogModuleManager: Shutting down and abandoning module HeadMountedDisplay (65)
[2016.01.26-18.43.29:105][930]LogModuleManager: Shutting down and abandoning module XAudio2 (64)
[2016.01.26-18.43.29:105][930]LogModuleManager: Shutting down and abandoning module Networking (63)
[2016.01.26-18.43.29:105][930]LogModuleManager: Shutting down and abandoning module Core (62)
[2016.01.26-18.43.29:105][930]LogModuleManager: Shutting down and abandoning module KismetCompiler (61)
[2016.01.26-18.43.29:106][930]LogModuleManager: Shutting down and abandoning module PhysXFormats (60)
[2016.01.26-18.43.29:106][930]LogModuleManager: Shutting down and abandoning module MeshUtilities (59)
[2016.01.26-18.43.29:106][930]LogModuleManager: Shutting down and abandoning module CookingStats (58)
[2016.01.26-18.43.29:107][930]LogModuleManager: Shutting down and abandoning module DerivedDataCache (57)
[2016.01.26-18.43.29:189][930]LogDerivedDataCache: Shutdown
[2016.01.26-18.43.29:190][930]LogModuleManager: Shutting down and abandoning module ShaderFormatOpenGL (56)
[2016.01.26-18.43.29:190][930]LogModuleManager: Shutting down and abandoning module ShaderFormatD3D (55)
[2016.01.26-18.43.29:190][930]LogModuleManager: Shutting down and abandoning module MetalShaderFormat (54)
[2016.01.26-18.43.29:191][930]LogModuleManager: Shutting down and abandoning module TextureFormatUncompressed (53)
[2016.01.26-18.43.29:191][930]LogModuleManager: Shutting down and abandoning module TextureFormatPVR (52)
[2016.01.26-18.43.29:191][930]LogModuleManager: Shutting down and abandoning module TextureFormatIntelISPCTexComp (51)
[2016.01.26-18.43.29:192][930]LogModuleManager: Shutting down and abandoning module TextureFormatDXT (50)
[2016.01.26-18.43.29:192][930]LogModuleManager: Shutting down and abandoning module ImageWrapper (49)
[2016.01.26-18.43.29:192][930]LogModuleManager: Shutting down and abandoning module TextureFormatASTC (48)
[2016.01.26-18.43.29:192][930]LogModuleManager: Shutting down and abandoning module TextureFormatAndroid (47)
[2016.01.26-18.43.29:193][930]LogModuleManager: Shutting down and abandoning module AudioFormatOpus (46)
[2016.01.26-18.43.29:193][930]LogModuleManager: Shutting down and abandoning module AudioFormatOgg (45)
[2016.01.26-18.43.29:193][930]LogModuleManager: Shutting down and abandoning module AudioFormatADPCM (44)
[2016.01.26-18.43.29:194][930]LogModuleManager: Shutting down and abandoning module LinuxTargetPlatform (43)
[2016.01.26-18.43.29:194][930]LogModuleManager: Shutting down and abandoning module LinuxServerTargetPlatform (42)
[2016.01.26-18.43.29:194][930]LogModuleManager: Shutting down and abandoning module LinuxNoEditorTargetPlatform (41)
[2016.01.26-18.43.29:194][930]LogModuleManager: Shutting down and abandoning module Messaging (40)
[2016.01.26-18.43.29:195][930]LogModuleManager: Shutting down and abandoning module IOSTargetPlatform (39)
[2016.01.26-18.43.29:195][930]LogModuleManager: Shutting down and abandoning module HTML5TargetPlatform (38)
[2016.01.26-18.43.29:195][930]LogModuleManager: Shutting down and abandoning module Android_PVRTCTargetPlatform (37)
[2016.01.26-18.43.29:195][930]LogModuleManager: Shutting down and abandoning module Android_ETC2TargetPlatform (36)
[2016.01.26-18.43.29:196][930]LogModuleManager: Shutting down and abandoning module Android_ETC1TargetPlatform (35)
[2016.01.26-18.43.29:196][930]LogModuleManager: Shutting down and abandoning module Android_DXTTargetPlatform (34)
[2016.01.26-18.43.29:196][930]LogModuleManager: Shutting down and abandoning module Android_ATCTargetPlatform (33)
[2016.01.26-18.43.29:196][930]LogModuleManager: Shutting down and abandoning module Android_ASTCTargetPlatform (32)
[2016.01.26-18.43.29:197][930]LogModuleManager: Shutting down and abandoning module AndroidTargetPlatform (31)
[2016.01.26-18.43.29:197][930]LogModuleManager: Shutting down and abandoning module WindowsTargetPlatform (30)
[2016.01.26-18.43.29:197][930]LogModuleManager: Shutting down and abandoning module WindowsServerTargetPlatform (29)
[2016.01.26-18.43.29:197][930]LogModuleManager: Shutting down and abandoning module WindowsNoEditorTargetPlatform (28)
[2016.01.26-18.43.29:198][930]LogModuleManager: Shutting down and abandoning module WindowsClientTargetPlatform (27)
[2016.01.26-18.43.29:198][930]LogModuleManager: Shutting down and abandoning module AllDesktopTargetPlatform (26)
[2016.01.26-18.43.29:198][930]LogModuleManager: Shutting down and abandoning module TargetPlatform (25)
[2016.01.26-18.43.29:198][930]LogModuleManager: Shutting down and abandoning module InputCore (24)
[2016.01.26-18.43.29:199][930]LogModuleManager: Shutting down and abandoning module Settings (23)
[2016.01.26-18.43.29:199][930]LogModuleManager: Shutting down and abandoning module Voice (21)
[2016.01.26-18.43.29:199][930]LogModuleManager: Shutting down and abandoning module OnlineSubsystem (18)
[2016.01.26-18.43.29:199][930]LogOnline:Display: NULL: FOnlineSubsystemNull::Shutdown()
[2016.01.26-18.43.29:200][930]LogOnline:Display: Unloading online subsystem: Null
[2016.01.26-18.43.29:201][930]LogModuleManager: Shutting down and abandoning module HTTP (17)
[2016.01.26-18.43.30:201][930]LogModuleManager: Shutting down and abandoning module XMPP (16)
[2016.01.26-18.43.30:202][930]LogModuleManager: Shutting down and abandoning module ExampleDeviceProfileSelector (15)
[2016.01.26-18.43.30:203][930]LogModuleManager: Shutting down and abandoning module TextureCompressor (14)
[2016.01.26-18.43.30:203][930]LogModuleManager: Shutting down and abandoning module ShaderCore (13)
[2016.01.26-18.43.30:204][930]LogModuleManager: Shutting down and abandoning module Landscape (12)
[2016.01.26-18.43.30:204][930]LogModuleManager: Shutting down and abandoning module SlateRHIRenderer (11)
[2016.01.26-18.43.30:206][930]LogModuleManager: Shutting down and abandoning module OpenGLDrv (10)
[2016.01.26-18.43.30:207][930]LogModuleManager: Shutting down and abandoning module D3D11RHI (9)
[2016.01.26-18.43.30:207][930]LogModuleManager: Shutting down and abandoning module AnimGraphRuntime (8)
[2016.01.26-18.43.30:207][930]LogModuleManager: Shutting down and abandoning module Renderer (7)
[2016.01.26-18.43.30:207][930]LogModuleManager: Shutting down and abandoning module Engine (6)
[2016.01.26-18.43.30:208][930]LogModuleManager: Shutting down and abandoning module CoreUObject (5)
[2016.01.26-18.43.30:208][930]LogModuleManager: Shutting down and abandoning module NetworkFile (4)
[2016.01.26-18.43.30:208][930]LogModuleManager: Shutting down and abandoning module StreamingFile (3)
[2016.01.26-18.43.30:209][930]LogModuleManager: Shutting down and abandoning module SandboxFile (2)
[2016.01.26-18.43.30:209][930]LogModuleManager: Shutting down and abandoning module PakFile (1)
[2016.01.26-18.43.30:212][930]LogExit: Exiting.
[2016.01.26-18.43.30:227][930]Log file closed, 01/26/16 13:43:30
