[2016.01.26-23.18.16:562][  0]Log file open, 01/26/16 18:18:16
[2016.01.26-23.18.16:562][  0]LogInit:Display: Running engine for game: LostAge
[2016.01.26-23.18.16:562][  0]LogInit:Display: RandInit(-491215089) SRandInit(-491215088).
[2016.01.26-23.18.16:563][  0]LogTaskGraph: Started task graph with 4 named threads and 7 total threads.
[2016.01.26-23.18.16:563][  0]LogStats: Stats thread started at 0.145159
[2016.01.26-23.18.16:563][  0]LogInit: Version: 4.9.2-2707645+++depot+UE4-Releases+4.9
[2016.01.26-23.18.16:563][  0]LogInit: API Version: 2672455
[2016.01.26-23.18.16:564][  0]LogInit: Compiled (64-bit): Sep 28 2015 10:25:44
[2016.01.26-23.18.16:564][  0]LogInit: Compiled with Visual C++: 18.00.21005.01
[2016.01.26-23.18.16:564][  0]LogInit: Build Configuration: DebugGame
[2016.01.26-23.18.16:564][  0]LogInit: Branch Name: ++depot+UE4-Releases+4.9
[2016.01.26-23.18.16:565][  0]LogInit: Command line:  -debug
[2016.01.26-23.18.16:565][  0]LogInit: Base directory: C:/Program Files/Epic Games/4.9/Engine/Binaries/Win64/
[2016.01.26-23.18.16:565][  0]LogInit: Rocket: 1
[2016.01.26-23.18.16:596][  0]LogInit: Using libcurl 7.41.0
[2016.01.26-23.18.16:596][  0]LogInit:  - built for x86_64-pc-win32
[2016.01.26-23.18.16:596][  0]LogInit:  - supports SSL with WinSSL
[2016.01.26-23.18.16:596][  0]LogInit:  - other features:
[2016.01.26-23.18.16:597][  0]LogInit:      CURL_VERSION_SSL
[2016.01.26-23.18.16:597][  0]LogInit:      CURL_VERSION_IPV6
[2016.01.26-23.18.16:597][  0]LogInit:      CURL_VERSION_ASYNCHDNS
[2016.01.26-23.18.16:597][  0]LogInit:      CURL_VERSION_LARGEFILE
[2016.01.26-23.18.16:598][  0]LogInit:      CURL_VERSION_IDN
[2016.01.26-23.18.16:598][  0]LogInit:  CurlRequestOptions (configurable via config and command line):
[2016.01.26-23.18.16:598][  0]LogInit:  - bVerifyPeer = true  - Libcurl will verify peer certificate
[2016.01.26-23.18.16:598][  0]LogInit:  - bUseHttpProxy = false  - Libcurl will NOT use HTTP proxy
[2016.01.26-23.18.16:598][  0]LogInit:  - bDontReuseConnections = false  - Libcurl will reuse connections
[2016.01.26-23.18.16:599][  0]LogInit:  - CertBundlePath = nullptr  - Libcurl will use whatever was configured at build time.
[2016.01.26-23.18.16:652][  0]LogInit: WinSock: version 1.1 (2.2), MaxSocks=32767, MaxUdp=65467
[2016.01.26-23.18.16:664][  0]LogVoice:Warning: Failed to initialize voice interface
[2016.01.26-23.18.16:669][  0]LogInit: Presizing for 0 objects not considered by GC, pre-allocating 0 bytes.
[2016.01.26-23.18.16:676][  0]LogInit: Object subsystem initialized
[2016.01.26-23.18.16:678][  0]LogInit: Selected Device Profile: [Windows]
[2016.01.26-23.18.16:679][  0]LogInit: Applying CVar settings loaded from the selected device profile: [Windows]
[2016.01.26-23.18.16:686][  0]LogInit: Computer: FREDERIC-PC
[2016.01.26-23.18.16:687][  0]LogInit: User: frederic
[2016.01.26-23.18.16:687][  0]LogInit: CPU Page size=4096, Cores=4
[2016.01.26-23.18.16:687][  0]LogInit: High frequency timer resolution =3.331240 MHz
[2016.01.26-23.18.16:688][  0]LogMemory: Memory total: Physical=15.9GB (16GB approx)
[2016.01.26-23.18.16:688][  0]LogMemory: Platform Memory Stats for Windows
[2016.01.26-23.18.16:688][  0]LogMemory: Process Physical Memory: 55.10 MB used, 55.10 MB peak
[2016.01.26-23.18.16:689][  0]LogMemory: Process Virtual Memory: 55.75 MB used, 55.75 MB peak
[2016.01.26-23.18.16:689][  0]LogMemory: Physical Memory: 7550.52 MB used, 16288.39 MB total
[2016.01.26-23.18.16:689][  0]LogMemory: Virtual Memory: 337.63 MB used, 8388608.00 MB total
[2016.01.26-23.18.16:760][  0]LogTextLocalizationManager: No translations for ('fr-CA') exist, falling back to 'en' for localization and internationalization data.
[2016.01.26-23.18.17:395][  0]LogD3D11RHI: Found D3D11 adapter 0: NVIDIA GeForce GTX 970 (Feature Level 11_0)
[2016.01.26-23.18.17:396][  0]LogD3D11RHI: Adapter has 4008MB of dedicated video memory, 0MB of dedicated system memory, and 7888MB of shared system memory, 1 output[s]
[2016.01.26-23.18.17:404][  0]LogD3D11RHI: Found D3D11 adapter 1: Intel(R) HD Graphics 3000 (Feature Level 10_0)
[2016.01.26-23.18.17:405][  0]LogD3D11RHI: Adapter has 64MB of dedicated video memory, 0MB of dedicated system memory, and 1632MB of shared system memory, 0 output[s]
[2016.01.26-23.18.17:405][  0]LogD3D11RHI: Chosen D3D11 Adapter Id = 0
[2016.01.26-23.18.17:410][  0]LogD3D11RHI: !Direct3DDevice
[2016.01.26-23.18.17:410][  0]LogRHI: Texture pool is 1361 MB (70% of 1945 MB)
[2016.01.26-23.18.17:461][  0]LogD3D11RHI: Async texture creation enabled
[2016.01.26-23.18.17:476][  0]LogShaderCompilers: Guid format shader working directory is 15 characters bigger than the processId version (../../../../../../Users/frederic/Documents/Unreal Projects/LostAge/Intermediate/Shaders/WorkingDirectory/6380/).
[2016.01.26-23.18.17:476][  0]LogShaderCompilers: Cleaned the shader compiler working directory '../../../../../../Users/frederic/Documents/Unreal Projects/LostAge/Intermediate/Shaders/tmp/6A925B6D41551638BCCF65873A3FA586/'.
[2016.01.26-23.18.17:477][  0]LogShaderCompilers:Display: Using Local Shader Compiler.
[2016.01.26-23.18.18:617][  0]LogTemp:Display: Loaded TP AllDesktopTargetPlatform
[2016.01.26-23.18.18:634][  0]LogTemp:Display: Loaded TP WindowsClientTargetPlatform
[2016.01.26-23.18.18:650][  0]LogTemp:Display: Loaded TP WindowsNoEditorTargetPlatform
[2016.01.26-23.18.18:664][  0]LogTemp:Display: Loaded TP WindowsServerTargetPlatform
[2016.01.26-23.18.18:679][  0]LogTemp:Display: Loaded TP WindowsTargetPlatform
[2016.01.26-23.18.18:686][  0]LogTemp:Display: Loaded TP AndroidTargetPlatform
[2016.01.26-23.18.18:695][  0]LogTemp:Display: Loaded TP Android_ASTCTargetPlatform
[2016.01.26-23.18.18:702][  0]LogTemp:Display: Loaded TP Android_ATCTargetPlatform
[2016.01.26-23.18.18:709][  0]LogTemp:Display: Loaded TP Android_DXTTargetPlatform
[2016.01.26-23.18.18:716][  0]LogTemp:Display: Loaded TP Android_ETC1TargetPlatform
[2016.01.26-23.18.18:722][  0]LogTemp:Display: Loaded TP Android_ETC2TargetPlatform
[2016.01.26-23.18.18:730][  0]LogTemp:Display: Loaded TP Android_PVRTCTargetPlatform
[2016.01.26-23.18.18:735][  0]LogTemp:Display: Loaded TP HTML5TargetPlatform
[2016.01.26-23.18.18:768][  0]LogTemp:Display: Loaded TP IOSTargetPlatform
[2016.01.26-23.18.18:774][  0]LogTemp:Display: Loaded TP LinuxNoEditorTargetPlatform
[2016.01.26-23.18.18:781][  0]LogTemp:Display: Loaded TP LinuxServerTargetPlatform
[2016.01.26-23.18.18:789][  0]LogTemp:Display: Loaded TP LinuxTargetPlatform
[2016.01.26-23.18.18:789][  0]LogTargetPlatformManager:Display: Building Assets For Windows
[2016.01.26-23.18.18:988][  0]LogDerivedDataCache:Display: Max Cache Size: 512 MB
[2016.01.26-23.18.19:030][  0]LogDerivedDataCache: Loaded boot cache 0.04s 42MB C:/Users/frederic/AppData/Local/UnrealEngine/4.9/DerivedDataCache/Boot.ddc.
[2016.01.26-23.18.19:031][  0]LogDerivedDataCache:Display: Loaded Boot cache: C:/Users/frederic/AppData/Local/UnrealEngine/4.9/DerivedDataCache/Boot.ddc
[2016.01.26-23.18.19:031][  0]LogDerivedDataCache: FDerivedDataBackendGraph:  Pak pak cache file ../../../../../../Users/frederic/Documents/Unreal Projects/LostAge/DerivedDataCache/DDC.ddp not found, will not use a pak cache.
[2016.01.26-23.18.19:031][  0]LogDerivedDataCache: Unable to find inner node Pak for hierarchical cache Hierarchy.
[2016.01.26-23.18.19:032][  0]LogDerivedDataCache: FDerivedDataBackendGraph:  CompressedPak pak cache file ../../../../../../Users/frederic/Documents/Unreal Projects/LostAge/DerivedDataCache/Compressed.ddp not found, will not use a pak cache.
[2016.01.26-23.18.19:032][  0]LogDerivedDataCache: Unable to find inner node CompressedPak for hierarchical cache Hierarchy.
[2016.01.26-23.18.19:170][  0]LogDerivedDataCache:Display: Pak cache opened for reading ../../../Engine/DerivedDataCache/Compressed.ddp.
[2016.01.26-23.18.19:182][  0]LogDerivedDataCache: Using Local data cache path C:/Users/frederic/AppData/Local/UnrealEngine/Common/DerivedDataCache: Writable
[2016.01.26-23.18.19:355][  0]LogInit: Selected Device Profile: [Windows]
[2016.01.26-23.18.19:356][  0]LogContentStreaming: Texture pool size is 0.000000MB
[2016.01.26-23.18.19:390][  0]LogMeshUtilities: No automatic mesh reduction module available
[2016.01.26-23.18.19:391][  0]LogMeshUtilities: No automatic mesh merging module available
[2016.01.26-23.18.20:705][  0]UdpMessaging: Initializing bridge on interface 0.0.0.0:0 to multicast group 230.0.0.1:6666.
[2016.01.26-23.18.24:662][  0]LogAssetRegistry: FAssetRegistry took 0.0099 seconds to start up
[2016.01.26-23.18.24:963][  0]SourceControl: Info Source control is disabled
[2016.01.26-23.18.24:964][  0]SourceControl: Info Source control is disabled
[2016.01.26-23.18.24:980][  0]SourceControl: Info Source control is disabled
[2016.01.26-23.18.25:000][  0]SourceControl: Info Source control is disabled
[2016.01.26-23.18.25:179][  0]LogLinker:Warning: Asset '../../../Engine/Plugins/Runtime/LeapMotionController/Content/LM_PassthroughMaterial.uasset' has been saved with empty engine version. The asset will be loaded but may be incompatible.
[2016.01.26-23.18.25:274][  0]LogObj: 31823 objects as part of root set at end of initial load.
[2016.01.26-23.18.25:275][  0]LogUObjectAllocator: 7264304 out of 0 bytes used by permanent object pool.
[2016.01.26-23.18.25:350][  0]LogEngine: Initializing Engine...
[2016.01.26-23.18.25:353][  0]LogHMD: Can't find Oculus library dev build: is proper Runtime installed? Version: 0.7.0.0
[2016.01.26-23.18.25:355][  0]LogHMD: SteamVR failed to initialize.  Err: 110
[2016.01.26-23.18.25:486][  0]LogAIModule: Creating AISystem for world NewWorld
[2016.01.26-23.18.25:501][  0]LogInit: XAudio2 using 'Haut-parleurs (USB PnP Sound Device)' : 2 channels at 44.1 kHz using 16 bits per sample (channel mask 0x3)
[2016.01.26-23.18.25:519][  0]LogInit: FAudioDevice initialized.
[2016.01.26-23.18.25:540][  0]LogDerivedDataCache: Saved boot cache 0.02s 42MB C:/Users/frederic/AppData/Local/UnrealEngine/4.9/DerivedDataCache/Boot.ddc.
[2016.01.26-23.18.25:546][  0]LogInit: Texture streaming: Enabled
[2016.01.26-23.18.25:561][  0]LogAnalytics: Creating configured Analytics provider AnalyticsET
[2016.01.26-23.18.25:561][  0]LogAnalytics: [UEEditor.Rocket.Release] APIServer = http://et2.epicgames.com/ET2/. AppVersion = 4.9.2-2707645+++depot+UE4-Releases+4.9
[2016.01.26-23.18.25:561][  0]LogAnalytics: [UEEditor.Rocket.Release] SetUserId c8da8d664a36a98701fe659c10ae4ff8|70626fa7f476448fb82ad9618fbbb1ab|00e7fb16-00c3-4af4-a2a1-2cc8013aae38
[2016.01.26-23.18.25:562][  0]LogAnalytics: [UEEditor.Rocket.Release] AnalyticsET::StartSession
[2016.01.26-23.18.25:578][  0]LogInit: Transaction tracking system initialized
[2016.01.26-23.18.25:673][  0]BlueprintLog: New page: Editor Load
[2016.01.26-23.18.26:021][  0]LocalizationService: Info Localization service is disabled
[2016.01.26-23.18.26:168][  0]LogLinker:Warning: Can't find file '/Game/ThirdPersonCPP/ThirdPersonOverview'
[2016.01.26-23.18.26:169][  0]LogLinker:Warning: Can't find file '/Game/ThirdPersonCPP/ThirdPersonOverview'
[2016.01.26-23.18.26:169][  0]LogUObjectGlobals:Warning: Failed to find object 'Class /Game/ThirdPersonCPP/ThirdPersonOverview.ThirdPersonOverview_C'
[2016.01.26-23.18.26:197][  0]LogConsoleResponse:Display: 
[2016.01.26-23.18.26:312][  0]LogCook:Display: Done creating registry. It took  0.00s.
[2016.01.26-23.18.26:469][  0]LogFileCache: Scanning file cache for directory 'C:/Users/frederic/Documents/Unreal Projects/LostAge/Content/' took 0.01s
[2016.01.26-23.18.26:469][  0]SourceControl: Info Source control is disabled
[2016.01.26-23.18.26:470][  0]Cmd: MAP LOAD FILE="../../../../../../Users/frederic/Documents/Unreal Projects/LostAge/Content/FirstPersonCPP/Maps/MainMenu.umap" TEMPLATE=0 SHOWPROGRESS=1 FEATURELEVEL=3
[2016.01.26-23.18.26:470][  0]LightingResults: New page: Lighting Build
[2016.01.26-23.18.26:476][  0]MapCheck: New page: Map Check
[2016.01.26-23.18.26:476][  0]LightingResults: New page: Lighting Build
[2016.01.26-23.18.26:489][  0]LogParticles: Destroying 0 GPU particle simulations for FXSystem 0x000000002386A160
[2016.01.26-23.18.26:493][  0]LogAIModule: Creating AISystem for world MainMenu
[2016.01.26-23.18.26:495][  0]LogEditorServer: Finished looking for orphan Actors (0.000 secs)
[2016.01.26-23.18.26:496][  0]Cmd: MAP CHECKDEP NOCLEARLOG
[2016.01.26-23.18.26:548][  0]MapCheck: Info Map check complete: 0 Error(s), 0 Warning(s), took 51.534ms to complete.
[2016.01.26-23.18.26:549][  0]LogFileHelpers: Loading map 'MainMenu' took 0.079
[2016.01.26-23.18.26:658][  0]LogCollectionManager: Loaded 0 collections in 0.002053 seconds
[2016.01.26-23.18.26:700][  0]LogFileCache: Scanning file cache for directory 'C:/Users/frederic/Documents/Unreal Projects/LostAge/Saved/Collections/' took 0.01s
[2016.01.26-23.18.26:701][  0]LogFileCache: Scanning file cache for directory 'C:/Users/frederic/Documents/Unreal Projects/LostAge/Content/Developers/frederic/Collections/' took 0.01s
[2016.01.26-23.18.26:701][  0]LogFileCache: Scanning file cache for directory 'C:/Users/frederic/Documents/Unreal Projects/LostAge/Content/Collections/' took 0.01s
[2016.01.26-23.18.26:701][  0]LogContentBrowser: Native class hierarchy populated in 0.0085 seconds. Added 1875 classes and 335 folders.
[2016.01.26-23.18.26:710][  0]LogCollectionManager: Rebuilt the GUID cache for 0 collections in 0.000002 seconds
[2016.01.26-23.18.26:723][  0]LogContentBrowser: Native class hierarchy updated for 'WidgetCarousel' in 0.0029 seconds. Added 0 classes and 0 folders.
[2016.01.26-23.18.26:783][  0]LogContentBrowser: Native class hierarchy updated for 'AddContentDialog' in 0.0018 seconds. Added 0 classes and 0 folders.
[2016.01.26-23.18.26:803][  0]LogContentBrowser: Native class hierarchy updated for 'SceneOutliner' in 0.0020 seconds. Added 1 classes and 2 folders.
[2016.01.26-23.18.26:834][  0]LogCrashTracker: Crashtracker disabled due to settings.
[2016.01.26-23.18.26:839][  0]LogUObjectGlobals:Warning: Failed to find object 'Class None.'
[2016.01.26-23.18.26:860][  0]LogLoad: Full Startup: 11.23 seconds (BP compile: 0.03 seconds)
[2016.01.26-23.18.26:928][  0]LogContentStreaming: Texture pool size now 1000 MB
[2016.01.26-23.18.27:051][  2]LogRenderer: Reallocating scene render targets to support 972x516 (Frame:2).
[2016.01.26-23.18.27:198][  2]LogAssetRegistry: Asset discovery search completed in 2.5455 seconds
[2016.01.26-23.18.27:199][  2]LogCollectionManager: Rebuilt the object cache for 0 collections in 0.000001 seconds (found 0 objects)
[2016.01.26-23.18.27:199][  2]LogCollectionManager: Fixed up redirectors for 0 collections in 0.000398 seconds (updated 0 objects)
[2016.01.26-23.18.33:884][784]LogLinker:Warning: Asset '../../../Engine/Content/ArtTools/RenderToTexture/Macros/RenderToTextureMacros.uasset' has been saved with empty engine version. The asset will be loaded but may be incompatible.
[2016.01.26-23.18.34:400][784]LogContentBrowser: Native class hierarchy updated for 'BlueprintGraph' in 0.0022 seconds. Added 107 classes and 0 folders.
[2016.01.26-23.19.00:056][712]LogActorComponent: UnregisterComponent: (/Engine/Transient.CharMoveComp) Not registered. Aborting.
[2016.01.26-23.19.01:621][899]BlueprintLog: New page: Compile test
[2016.01.26-23.19.01:796][899]LogActorComponent: UnregisterComponent: (/Engine/Transient.CharacterMovementComponent_0) Not registered. Aborting.
[2016.01.26-23.19.01:822][899]BlueprintEditorCompileResults: Info [0046.19] Compile of test successful! [in 200 ms]
[2016.01.26-23.19.14:748][416]Cmd: OBJ SAVEPACKAGE PACKAGE="/Game/FirstPersonCPP/Blueprints/test" FILE="../../../../../../Users/frederic/Documents/Unreal Projects/LostAge/Content/FirstPersonCPP/Blueprints/test.uasset" SILENT=true
[2016.01.26-23.19.14:777][416]LogSavePackage: Save=23.041269ms
[2016.01.26-23.19.14:778][416]LogSavePackage: Moving '../../../../../../Users/frederic/Documents/Unreal Projects/LostAge/Saved/test3C4C7A34436CC44D3C6166A9D12EA858.tmp' to '../../../../../../Users/frederic/Documents/Unreal Projects/LostAge/Content/FirstPersonCPP/Blueprints/test.uasset'
[2016.01.26-23.19.14:781][416]LogSavePackage: Total save time: 31.622760ms
[2016.01.26-23.19.14:782][416]LogSavePackage:Warning: Finished SavePackage ../../../../../../Users/frederic/Documents/Unreal Projects/LostAge/Content/FirstPersonCPP/Blueprints/test.uasset
[2016.01.26-23.19.15:587][509]LogPlayLevel: PlayLevel: No blueprints needed recompiling
[2016.01.26-23.19.15:588][509]PIE: New page: PIE session: MainMenu (Jan 26, 2016, 1:19:15 PM)
[2016.01.26-23.19.15:645][509]LogPlayLevel: Creating play world package: /Game/FirstPersonCPP/Maps/UEDPIE_0_MainMenu
[2016.01.26-23.19.15:646][509]LogPlayLevel: PIE: StaticDuplicateObject took: (0.000506s)
[2016.01.26-23.19.15:647][509]LogAIModule: Creating AISystem for world MainMenu
[2016.01.26-23.19.15:647][509]LogPlayLevel: PIE: World Init took: (0.001152s)
[2016.01.26-23.19.15:648][509]LogPlayLevel: PIE: Created PIE world by copying editor world from /Game/FirstPersonCPP/Maps/MainMenu.MainMenu to /Game/FirstPersonCPP/Maps/UEDPIE_0_MainMenu.MainMenu (0.003068s)
[2016.01.26-23.19.15:648][509]LogActorComponent: UnregisterComponent: (/Engine/Transient.CharMoveComp) Not registered. Aborting.
[2016.01.26-23.19.15:681][509]LogInit: XAudio2 using 'Haut-parleurs (USB PnP Sound Device)' : 2 channels at 44.1 kHz using 16 bits per sample (channel mask 0x3)
[2016.01.26-23.19.15:685][509]LogInit: FAudioDevice initialized.
[2016.01.26-23.19.15:728][509]LogWorld: Game class is 'LostAgeGameMode'
[2016.01.26-23.19.15:730][509]LogWorld: Bringing World /Game/FirstPersonCPP/Maps/UEDPIE_0_MainMenu.MainMenu up for play (max tick rate 0) at 2016.01.26-18.19.15
[2016.01.26-23.19.15:730][509]LogActor:Warning: GameSession /Game/FirstPersonCPP/Maps/UEDPIE_0_MainMenu.MainMenu:PersistentLevel.GameSession_0 has natively added scene component(s), but none of them were set as the actor's RootComponent - picking one arbitrarily
[2016.01.26-23.19.15:731][509]LogActor:Warning: GameNetworkManager /Game/FirstPersonCPP/Maps/UEDPIE_0_MainMenu.MainMenu:PersistentLevel.GameNetworkManager_0 has natively added scene component(s), but none of them were set as the actor's RootComponent - picking one arbitrarily
[2016.01.26-23.19.15:731][509]LogWorld: Bringing up level for play took: 0.001472
[2016.01.26-23.19.15:742][509]LogVoice:Warning: Failed to initialize voice interface
[2016.01.26-23.19.15:743][509]LogOnline:Warning: NULL: Can't start an online game for session (Game) that hasn't been created
[2016.01.26-23.19.15:884][509]PIE: Info Play in editor start time for /Game/FirstPersonCPP/Maps/UEDPIE_0_MainMenu 0.19
[2016.01.26-23.19.17:119][647]LogPackageName: SearchForPackageOnDisk took   0.058s to resolve FirstPersonExampleMap.umap.
[2016.01.26-23.19.17:173][647]LogPackageName: SearchForPackageOnDisk took   0.053s to resolve FirstPersonExampleMap.umap.
[2016.01.26-23.19.17:173][647]LogNet: Browse: /Game/FirstPersonCPP/Maps/FirstPersonExampleMap
[2016.01.26-23.19.17:174][647]LogLoad: LoadMap: /Game/FirstPersonCPP/Maps/FirstPersonExampleMap
[2016.01.26-23.19.17:198][647]LogParticles: Destroying 0 GPU particle simulations for FXSystem 0x000000005A2260C0
[2016.01.26-23.19.17:203][647]Cmd: MEM
[2016.01.26-23.19.17:225][647]LogMemory: Platform Memory Stats for Windows
[2016.01.26-23.19.17:225][647]LogMemory: Process Physical Memory: 686.93 MB used, 686.93 MB peak
[2016.01.26-23.19.17:225][647]LogMemory: Process Virtual Memory: 1294.48 MB used, 1294.91 MB peak
[2016.01.26-23.19.17:226][647]LogMemory: Physical Memory: 8727.99 MB used, 16288.39 MB total
[2016.01.26-23.19.17:226][647]LogMemory: Virtual Memory: 1974.59 MB used, 8388608.00 MB total
[2016.01.26-23.19.17:226][647]LogMemory: 
[2016.01.26-23.19.17:227][647]Allocator Stats for TBB: (not implemented)
[2016.01.26-23.19.18:104][647]LogAIModule: Creating AISystem for world FirstPersonExampleMap
[2016.01.26-23.19.18:105][647]LogWorld: Game class is 'LostAgeGameMode'
[2016.01.26-23.19.28:718][647]LogWorld: Bringing World /Game/FirstPersonCPP/Maps/UEDPIE_0_FirstPersonExampleMap.FirstPersonExampleMap up for play (max tick rate 3) at 2016.01.26-18.19.28
[2016.01.26-23.19.28:719][647]LogActor:Warning: GameSession /Game/FirstPersonCPP/Maps/UEDPIE_0_FirstPersonExam