[2016.01.26-23.46.37:650][  0]Log file open, 01/26/16 18:46:37
[2016.01.26-23.46.37:650][  0]LogInit:Display: Running engine for game: LostAge
[2016.01.26-23.46.37:650][  0]LogInit:Display: RandInit(880879407) SRandInit(880879408).
[2016.01.26-23.46.37:650][  0]LogTaskGraph: Started task graph with 4 named threads and 7 total threads.
[2016.01.26-23.46.37:650][  0]LogStats: Stats thread started at 0.068521
[2016.01.26-23.46.37:650][  0]LogInit: Version: 4.9.2-2707645+++depot+UE4-Releases+4.9
[2016.01.26-23.46.37:650][  0]LogInit: API Version: 2672455
[2016.01.26-23.46.37:650][  0]LogInit: Compiled (64-bit): Sep 28 2015 10:25:44
[2016.01.26-23.46.37:650][  0]LogInit: Compiled with Visual C++: 18.00.21005.01
[2016.01.26-23.46.37:650][  0]LogInit: Build Configuration: Development
[2016.01.26-23.46.37:650][  0]LogInit: Branch Name: ++depot+UE4-Releases+4.9
[2016.01.26-23.46.37:650][  0]LogInit: Command line:  -game
[2016.01.26-23.46.37:650][  0]LogInit: Base directory: C:/Program Files/Epic Games/4.9/Engine/Binaries/Win64/
[2016.01.26-23.46.37:650][  0]LogInit: Rocket: 1
[2016.01.26-23.46.37:668][  0]LogInit: Using libcurl 7.41.0
[2016.01.26-23.46.37:668][  0]LogInit:  - built for x86_64-pc-win32
[2016.01.26-23.46.37:668][  0]LogInit:  - supports SSL with WinSSL
[2016.01.26-23.46.37:668][  0]LogInit:  - other features:
[2016.01.26-23.46.37:668][  0]LogInit:      CURL_VERSION_SSL
[2016.01.26-23.46.37:668][  0]LogInit:      CURL_VERSION_IPV6
[2016.01.26-23.46.37:668][  0]LogInit:      CURL_VERSION_ASYNCHDNS
[2016.01.26-23.46.37:668][  0]LogInit:      CURL_VERSION_LARGEFILE
[2016.01.26-23.46.37:668][  0]LogInit:      CURL_VERSION_IDN
[2016.01.26-23.46.37:668][  0]LogInit:  CurlRequestOptions (configurable via config and command line):
[2016.01.26-23.46.37:668][  0]LogInit:  - bVerifyPeer = true  - Libcurl will verify peer certificate
[2016.01.26-23.46.37:668][  0]LogInit:  - bUseHttpProxy = false  - Libcurl will NOT use HTTP proxy
[2016.01.26-23.46.37:668][  0]LogInit:  - bDontReuseConnections = false  - Libcurl will reuse connections
[2016.01.26-23.46.37:668][  0]LogInit:  - CertBundlePath = nullptr  - Libcurl will use whatever was configured at build time.
[2016.01.26-23.46.37:685][  0]LogInit: WinSock: version 1.1 (2.2), MaxSocks=32767, MaxUdp=65467
[2016.01.26-23.46.37:689][  0]LogVoice:Warning: Failed to initialize voice interface
[2016.01.26-23.46.37:693][  0]LogInit: Presizing for 0 objects not considered by GC, pre-allocating 0 bytes.
[2016.01.26-23.46.37:699][  0]LogInit: Object subsystem initialized
[2016.01.26-23.46.37:701][  0]LogInit: Selected Device Profile: [Windows]
[2016.01.26-23.46.37:701][  0]LogInit: Applying CVar settings loaded from the selected device profile: [Windows]
[2016.01.26-23.46.37:707][  0]LogInit: Computer: FREDERIC-PC
[2016.01.26-23.46.37:708][  0]LogInit: User: frederic
[2016.01.26-23.46.37:708][  0]LogInit: CPU Page size=4096, Cores=4
[2016.01.26-23.46.37:708][  0]LogInit: High frequency timer resolution =3.331240 MHz
[2016.01.26-23.46.37:708][  0]LogMemory: Memory total: Physical=15.9GB (16GB approx)
[2016.01.26-23.46.37:708][  0]LogMemory: Platform Memory Stats for Windows
[2016.01.26-23.46.37:708][  0]LogMemory: Process Physical Memory: 56.52 MB used, 56.52 MB peak
[2016.01.26-23.46.37:708][  0]LogMemory: Process Virtual Memory: 57.63 MB used, 57.63 MB peak
[2016.01.26-23.46.37:708][  0]LogMemory: Physical Memory: 6102.20 MB used, 16288.39 MB total
[2016.01.26-23.46.37:708][  0]LogMemory: Virtual Memory: 341.63 MB used, 8388608.00 MB total
[2016.01.26-23.46.37:743][  0]LogTextLocalizationManager: No translations for ('fr-CA') exist, falling back to 'en' for localization and internationalization data.
[2016.01.26-23.46.38:335][  0]LogD3D11RHI: Found D3D11 adapter 0: NVIDIA GeForce GTX 970 (Feature Level 11_0)
[2016.01.26-23.46.38:335][  0]LogD3D11RHI: Adapter has 4008MB of dedicated video memory, 0MB of dedicated system memory, and 7888MB of shared system memory, 1 output[s]
[2016.01.26-23.46.38:338][  0]LogD3D11RHI: Found D3D11 adapter 1: Intel(R) HD Graphics 3000 (Feature Level 10_0)
[2016.01.26-23.46.38:338][  0]LogD3D11RHI: Adapter has 64MB of dedicated video memory, 0MB of dedicated system memory, and 1632MB of shared system memory, 0 output[s]
[2016.01.26-23.46.38:338][  0]LogD3D11RHI: Chosen D3D11 Adapter Id = 0
[2016.01.26-23.46.38:341][  0]LogD3D11RHI: !Direct3DDevice
[2016.01.26-23.46.38:342][  0]LogRHI: Texture pool is 1361 MB (70% of 1945 MB)
[2016.01.26-23.46.38:351][  0]LogD3D11RHI: Async texture creation enabled
[2016.01.26-23.46.38:365][  0]LogShaderCompilers: Guid format shader working directory is 15 characters bigger than the processId version (../../../../../../Users/frederic/Documents/Unreal Projects/LostAge/Intermediate/Shaders/WorkingDirectory/5692/).
[2016.01.26-23.46.38:365][  0]LogShaderCompilers: Cleaned the shader compiler working directory '../../../../../../Users/frederic/Documents/Unreal Projects/LostAge/Intermediate/Shaders/tmp/F691B1304FFFFC1E59F616AD1285372B/'.
[2016.01.26-23.46.38:365][  0]LogShaderCompilers:Display: Using Local Shader Compiler.
[2016.01.26-23.46.39:467][  0]LogTemp:Display: Loaded TP AllDesktopTargetPlatform
[2016.01.26-23.46.39:472][  0]LogTemp:Display: Loaded TP WindowsClientTargetPlatform
[2016.01.26-23.46.39:477][  0]LogTemp:Display: Loaded TP WindowsNoEditorTargetPlatform
[2016.01.26-23.46.39:481][  0]LogTemp:Display: Loaded TP WindowsServerTargetPlatform
[2016.01.26-23.46.39:486][  0]LogTemp:Display: Loaded TP WindowsTargetPlatform
[2016.01.26-23.46.39:490][  0]LogTemp:Display: Loaded TP AndroidTargetPlatform
[2016.01.26-23.46.39:493][  0]LogTemp:Display: Loaded TP Android_ASTCTargetPlatform
[2016.01.26-23.46.39:496][  0]LogTemp:Display: Loaded TP Android_ATCTargetPlatform
[2016.01.26-23.46.39:500][  0]LogTemp:Display: Loaded TP Android_DXTTargetPlatform
[2016.01.26-23.46.39:503][  0]LogTemp:Display: Loaded TP Android_ETC1TargetPlatform
[2016.01.26-23.46.39:506][  0]LogTemp:Display: Loaded TP Android_ETC2TargetPlatform
[2016.01.26-23.46.39:510][  0]LogTemp:Display: Loaded TP Android_PVRTCTargetPlatform
[2016.01.26-23.46.39:510][  0]LogTemp:Display: Loaded TP HTML5TargetPlatform
[2016.01.26-23.46.39:526][  0]LogTemp:Display: Loaded TP IOSTargetPlatform
[2016.01.26-23.46.39:529][  0]LogTemp:Display: Loaded TP LinuxNoEditorTargetPlatform
[2016.01.26-23.46.39:532][  0]LogTemp:Display: Loaded TP LinuxServerTargetPlatform
[2016.01.26-23.46.39:535][  0]LogTemp:Display: Loaded TP LinuxTargetPlatform
[2016.01.26-23.46.39:535][  0]LogTargetPlatformManager:Display: Building Assets For Windows
[2016.01.26-23.46.39:607][  0]LogDerivedDataCache:Display: Max Cache Size: 512 MB
[2016.01.26-23.46.39:649][  0]LogDerivedDataCache: Loaded boot cache 0.04s 42MB C:/Users/frederic/AppData/Local/UnrealEngine/4.9/DerivedDataCache/Boot.ddc.
[2016.01.26-23.46.39:649][  0]LogDerivedDataCache:Display: Loaded Boot cache: C:/Users/frederic/AppData/Local/UnrealEngine/4.9/DerivedDataCache/Boot.ddc
[2016.01.26-23.46.39:649][  0]LogDerivedDataCache: FDerivedDataBackendGraph:  Pak pak cache file ../../../../../../Users/frederic/Documents/Unreal Projects/LostAge/DerivedDataCache/DDC.ddp not found, will not use a pak cache.
[2016.01.26-23.46.39:649][  0]LogDerivedDataCache: Unable to find inner node Pak for hierarchical cache Hierarchy.
[2016.01.26-23.46.39:649][  0]LogDerivedDataCache: FDerivedDataBackendGraph:  CompressedPak pak cache file ../../../../../../Users/frederic/Documents/Unreal Projects/LostAge/DerivedDataCache/Compressed.ddp not found, will not use a pak cache.
[2016.01.26-23.46.39:649][  0]LogDerivedDataCache: Unable to find inner node CompressedPak for hierarchical cache Hierarchy.
[2016.01.26-23.46.39:787][  0]LogDerivedDataCache:Display: Pak cache opened for reading ../../../Engine/DerivedDataCache/Compressed.ddp.
[2016.01.26-23.46.39:798][  0]LogDerivedDataCache: Using Local data cache path C:/Users/frederic/AppData/Local/UnrealEngine/Common/DerivedDataCache: Writable
[2016.01.26-23.46.39:970][  0]LogInit: Selected Device Profile: [Windows]
[2016.01.26-23.46.39:970][  0]LogContentStreaming: Texture pool size is 1000.000000MB
[2016.01.26-23.46.39:983][  0]LogMeshUtilities: No automatic mesh reduction module available
[2016.01.26-23.46.39:983][  0]LogMeshUtilities: No automatic mesh merging module available
[2016.01.26-23.46.40:433][  0]LogWindowsMoviePlayer: Unable to load movie: ../../../../../../Users/frederic/Documents/Unreal Projects/LostAge/Content/Movies/Default_Startup.mp4
[2016.01.26-23.46.40:540][  0]SourceControl: Info Source control is disabled
[2016.01.26-23.46.40:541][  0]SourceControl: Info Source control is disabled
[2016.01.26-23.46.40:549][  0]SourceControl: Info Source control is disabled
[2016.01.26-23.46.40:621][  0]LogLinker:Warning: Asset '../../../Engine/Plugins/Runtime/LeapMotionController/Content/LM_PassthroughMaterial.uasset' has been saved with empty engine version. The asset will be loaded but may be incompatible.
[2016.01.26-23.46.40:685][  0]LogObj: 27709 objects as part of root set at end of initial load.
[2016.01.26-23.46.40:685][  0]LogUObjectAllocator: 5803200 out of 0 bytes used by permanent object pool.
[2016.01.26-23.46.40:738][  0]LogEngine: Initializing Engine...
[2016.01.26-23.46.40:740][  0]LogHMD: Can't find Oculus library dev build: is proper Runtime installed? Version: 0.7.0.0
[2016.01.26-23.46.40:740][  0]LogHMD: SteamVR failed to initialize.  Err: 110
[2016.01.26-23.46.40:845][  0]LogInit: XAudio2 using 'Haut-parleurs (USB PnP Sound Device)' : 2 channels at 44.1 kHz using 16 bits per sample (channel mask 0x3)
[2016.01.26-23.46.40:859][  0]LogInit: FAudioDevice initialized.
[2016.01.26-23.46.40:878][  0]LogDerivedDataCache: Saved boot cache 0.02s 41MB C:/Users/frederic/AppData/Local/UnrealEngine/4.9/DerivedDataCache/Boot.ddc.
[2016.01.26-23.46.40:884][  0]LogInit: Texture streaming: Enabled
[2016.01.26-23.46.40:984][  0]LogNet: Browse: /Game/FirstPersonCPP/Maps/MainMenu?Name=Player
[2016.01.26-23.46.40:985][  0]LogLoad: LoadMap: /Game/FirstPersonCPP/Maps/MainMenu?Name=Player
[2016.01.26-23.46.40:995][  0]LogParticles: Destroying 0 GPU particle simulations for FXSystem 0x000000000F1EF100
[2016.01.26-23.46.41:004][  0]LogMemory: Platform Memory Stats for Windows
[2016.01.26-23.46.41:004][  0]LogMemory: Process Physical Memory: 379.82 MB used, 379.82 MB peak
[2016.01.26-23.46.41:004][  0]LogMemory: Process Virtual Memory: 456.45 MB used, 456.45 MB peak
[2016.01.26-23.46.41:004][  0]LogMemory: Physical Memory: 6467.82 MB used, 16288.39 MB total
[2016.01.26-23.46.41:004][  0]LogMemory: Virtual Memory: 976.50 MB used, 8388608.00 MB total
[2016.01.26-23.46.41:004][  0]LogMemory: 
[2016.01.26-23.46.41:004][  0]Allocator Stats for TBB: (not implemented)
[2016.01.26-23.46.41:012][  0]LogAIModule: Creating AISystem for world MainMenu
[2016.01.26-23.46.41:013][  0]LogWorld: Game class is 'LostAgeGameMode'
[2016.01.26-23.46.41:144][  0]LogWorld: Bringing World /Game/FirstPersonCPP/Maps/MainMenu.MainMenu up for play (max tick rate 0) at 2016.01.26-18.46.41
[2016.01.26-23.46.41:144][  0]LogWorld: Bringing up level for play took: 0.000351
[2016.01.26-23.46.41:145][  0]LogGameMode: Warning - PATHS NOT DEFINED or NO PLAYERSTART with positive rating
[2016.01.26-23.46.41:145][  0]LogOnline:Warning: NULL: Can't start an online game for session (Game) that hasn't been created
[2016.01.26-23.46.41:236][  0]LogInit:Display: Game Engine Initialized.
[2016.01.26-23.46.41:450][  0]LogLoad: Full Startup: 4.53 seconds (BP compile: 0.09 seconds)
[2016.01.26-23.46.41:546][  2]LogRenderer: Reallocating scene render targets to support 1600x900 (Frame:2).
[2016.01.26-23.46.42:743][ 74]LogInit: WinSock: I am frederic-PC (192.168.1.103:0)
[2016.01.26-23.46.42:796][ 74]LogPackageName: SearchForPackageOnDisk took   0.053s to resolve FirstPersonExampleMap.umap.
[2016.01.26-23.46.42:843][ 74]LogPackageName: SearchForPackageOnDisk took   0.046s to resolve FirstPersonExampleMap.umap.
[2016.01.26-23.46.42:843][ 74]LogNet: Browse: /Game/FirstPersonCPP/Maps/FirstPersonExampleMap?listen
[2016.01.26-23.46.42:843][ 74]LogLoad: LoadMap: /Game/FirstPersonCPP/Maps/FirstPersonExampleMap?listen
[2016.01.26-23.46.42:857][ 74]LogParticles: Destroying 0 GPU particle simulations for FXSystem 0x000000000F1EFA60
[2016.01.26-23.46.42:870][ 74]LogMemory: Platform Memory Stats for Windows
[2016.01.26-23.46.42:870][ 74]LogMemory: Process Physical Memory: 416.90 MB used, 423.94 MB peak
[2016.01.26-23.46.42:870][ 74]LogMemory: Process Virtual Memory: 725.08 MB used, 733.13 MB peak
[2016.01.26-23.46.42:870][ 74]LogMemory: Physical Memory: 6515.55 MB used, 16288.39 MB total
[2016.01.26-23.46.42:870][ 74]LogMemory: Virtual Memory: 1282.36 MB used, 8388608.00 MB total
[2016.01.26-23.46.42:870][ 74]LogMemory: 
[2016.01.26-23.46.42:870][ 74]Allocator Stats for TBB: (not implemented)
[2016.01.26-23.46.43:067][ 74]LogAIModule: Creating AISystem for world FirstPersonExampleMap
[2016.01.26-23.46.43:067][ 74]LogWorld: Game class is 'LostAgeGameMode'
[2016.01.26-23.46.43:285][ 74]LogWindows: === Critical error: ===
Fatal error!



[2016.01.26-23.46.43:403][ 74]LogExit: Executing StaticShutdownAfterError
[2016.01.26-23.46.43:405][ 74]LogPhysics:Warning: PHYSX: ..\..\PhysX\src\NpScene.cpp (2946) 8 : PxScene::unlockWrite() called without matching call to PxScene::lockWrite(), behaviour will be undefined.
[2016.01.26-23.46.43:405][ 74]LogPhysics:Warning: PHYSX: ..\..\PhysX\src\NpScene.cpp (2946) 8 : PxScene::unlockWrite() called without matching call to PxScene::lockWrite(), behaviour will be undefined.
[2016.01.26-23.46.43:405][ 74]LogWindows: FPlatformMisc::RequestExit(1)
[2016.01.26-23.46.43:405][ 74]Log file closed, 01/26/16 18:46:43
