[2016.01.26-23.07.23:862][  0]Log file open, 01/26/16 18:07:23
[2016.01.26-23.07.23:862][  0]LogInit:Display: Running engine for game: LostAge
[2016.01.26-23.07.23:863][  0]LogInit:Display: RandInit(1629056633) SRandInit(1629056634).
[2016.01.26-23.07.23:863][  0]LogTaskGraph: Started task graph with 4 named threads and 7 total threads.
[2016.01.26-23.07.23:863][  0]LogStats: Stats thread started at 0.155828
[2016.01.26-23.07.23:864][  0]LogInit: Version: 4.9.2-2707645+++depot+UE4-Releases+4.9
[2016.01.26-23.07.23:864][  0]LogInit: API Version: 2672455
[2016.01.26-23.07.23:864][  0]LogInit: Compiled (64-bit): Sep 28 2015 10:25:44
[2016.01.26-23.07.23:864][  0]LogInit: Compiled with Visual C++: 18.00.21005.01
[2016.01.26-23.07.23:865][  0]LogInit: Build Configuration: DebugGame
[2016.01.26-23.07.23:865][  0]LogInit: Branch Name: ++depot+UE4-Releases+4.9
[2016.01.26-23.07.23:865][  0]LogInit: Command line:  -debug
[2016.01.26-23.07.23:866][  0]LogInit: Base directory: C:/Program Files/Epic Games/4.9/Engine/Binaries/Win64/
[2016.01.26-23.07.23:866][  0]LogInit: Rocket: 1
[2016.01.26-23.07.23:909][  0]LogInit: Using libcurl 7.41.0
[2016.01.26-23.07.23:909][  0]LogInit:  - built for x86_64-pc-win32
[2016.01.26-23.07.23:910][  0]LogInit:  - supports SSL with WinSSL
[2016.01.26-23.07.23:910][  0]LogInit:  - other features:
[2016.01.26-23.07.23:910][  0]LogInit:      CURL_VERSION_SSL
[2016.01.26-23.07.23:910][  0]LogInit:      CURL_VERSION_IPV6
[2016.01.26-23.07.23:911][  0]LogInit:      CURL_VERSION_ASYNCHDNS
[2016.01.26-23.07.23:911][  0]LogInit:      CURL_VERSION_LARGEFILE
[2016.01.26-23.07.23:911][  0]LogInit:      CURL_VERSION_IDN
[2016.01.26-23.07.23:912][  0]LogInit:  CurlRequestOptions (configurable via config and command line):
[2016.01.26-23.07.23:912][  0]LogInit:  - bVerifyPeer = true  - Libcurl will verify peer certificate
[2016.01.26-23.07.23:912][  0]LogInit:  - bUseHttpProxy = false  - Libcurl will NOT use HTTP proxy
[2016.01.26-23.07.23:912][  0]LogInit:  - bDontReuseConnections = false  - Libcurl will reuse connections
[2016.01.26-23.07.23:912][  0]LogInit:  - CertBundlePath = nullptr  - Libcurl will use whatever was configured at build time.
[2016.01.26-23.07.23:970][  0]LogInit: WinSock: version 1.1 (2.2), MaxSocks=32767, MaxUdp=65467
[2016.01.26-23.07.23:984][  0]LogVoice:Warning: Failed to initialize voice interface
[2016.01.26-23.07.23:992][  0]LogInit: Presizing for 0 objects not considered by GC, pre-allocating 0 bytes.
[2016.01.26-23.07.23:999][  0]LogInit: Object subsystem initialized
[2016.01.26-23.07.24:001][  0]LogInit: Selected Device Profile: [Windows]
[2016.01.26-23.07.24:001][  0]LogInit: Applying CVar settings loaded from the selected device profile: [Windows]
[2016.01.26-23.07.24:010][  0]LogInit: Computer: FREDERIC-PC
[2016.01.26-23.07.24:011][  0]LogInit: User: frederic
[2016.01.26-23.07.24:011][  0]LogInit: CPU Page size=4096, Cores=4
[2016.01.26-23.07.24:011][  0]LogInit: High frequency timer resolution =3.331240 MHz
[2016.01.26-23.07.24:012][  0]LogMemory: Memory total: Physical=15.9GB (16GB approx)
[2016.01.26-23.07.24:012][  0]LogMemory: Platform Memory Stats for Windows
[2016.01.26-23.07.24:012][  0]LogMemory: Process Physical Memory: 55.06 MB used, 55.06 MB peak
[2016.01.26-23.07.24:013][  0]LogMemory: Process Virtual Memory: 55.76 MB used, 55.76 MB peak
[2016.01.26-23.07.24:013][  0]LogMemory: Physical Memory: 7521.05 MB used, 16288.39 MB total
[2016.01.26-23.07.24:013][  0]LogMemory: Virtual Memory: 337.63 MB used, 8388608.00 MB total
[2016.01.26-23.07.24:099][  0]LogTextLocalizationManager: No translations for ('fr-CA') exist, falling back to 'en' for localization and internationalization data.
[2016.01.26-23.07.24:940][  0]LogD3D11RHI: Found D3D11 adapter 0: NVIDIA GeForce GTX 970 (Feature Level 11_0)
[2016.01.26-23.07.24:941][  0]LogD3D11RHI: Adapter has 4008MB of dedicated video memory, 0MB of dedicated system memory, and 7888MB of shared system memory, 1 output[s]
[2016.01.26-23.07.24:949][  0]LogD3D11RHI: Found D3D11 adapter 1: Intel(R) HD Graphics 3000 (Feature Level 10_0)
[2016.01.26-23.07.24:950][  0]LogD3D11RHI: Adapter has 64MB of dedicated video memory, 0MB of dedicated system memory, and 1632MB of shared system memory, 0 output[s]
[2016.01.26-23.07.24:950][  0]LogD3D11RHI: Chosen D3D11 Adapter Id = 0
[2016.01.26-23.07.24:955][  0]LogD3D11RHI: !Direct3DDevice
[2016.01.26-23.07.24:956][  0]LogRHI: Texture pool is 1361 MB (70% of 1945 MB)
[2016.01.26-23.07.25:009][  0]LogD3D11RHI: Async texture creation enabled
[2016.01.26-23.07.25:026][  0]LogShaderCompilers: Guid format shader working directory is 15 characters bigger than the processId version (../../../../../../Users/frederic/Documents/Unreal Projects/LostAge/Intermediate/Shaders/WorkingDirectory/7600/).
[2016.01.26-23.07.25:027][  0]LogShaderCompilers: Cleaned the shader compiler working directory '../../../../../../Users/frederic/Documents/Unreal Projects/LostAge/Intermediate/Shaders/tmp/6064B89444C3F030886C69934CE0750B/'.
[2016.01.26-23.07.25:027][  0]LogShaderCompilers:Display: Using Local Shader Compiler.
[2016.01.26-23.07.26:206][  0]LogTemp:Display: Loaded TP AllDesktopTargetPlatform
[2016.01.26-23.07.26:220][  0]LogTemp:Display: Loaded TP WindowsClientTargetPlatform
[2016.01.26-23.07.26:234][  0]LogTemp:Display: Loaded TP WindowsNoEditorTargetPlatform
[2016.01.26-23.07.26:248][  0]LogTemp:Display: Loaded TP WindowsServerTargetPlatform
[2016.01.26-23.07.26:262][  0]LogTemp:Display: Loaded TP WindowsTargetPlatform
[2016.01.26-23.07.26:270][  0]LogTemp:Display: Loaded TP AndroidTargetPlatform
[2016.01.26-23.07.26:277][  0]LogTemp:Display: Loaded TP Android_ASTCTargetPlatform
[2016.01.26-23.07.26:284][  0]LogTemp:Display: Loaded TP Android_ATCTargetPlatform
[2016.01.26-23.07.26:292][  0]LogTemp:Display: Loaded TP Android_DXTTargetPlatform
[2016.01.26-23.07.26:301][  0]LogTemp:Display: Loaded TP Android_ETC1TargetPlatform
[2016.01.26-23.07.26:308][  0]LogTemp:Display: Loaded TP Android_ETC2TargetPlatform
[2016.01.26-23.07.26:316][  0]LogTemp:Display: Loaded TP Android_PVRTCTargetPlatform
[2016.01.26-23.07.26:320][  0]LogTemp:Display: Loaded TP HTML5TargetPlatform
[2016.01.26-23.07.26:351][  0]LogTemp:Display: Loaded TP IOSTargetPlatform
[2016.01.26-23.07.26:359][  0]LogTemp:Display: Loaded TP LinuxNoEditorTargetPlatform
[2016.01.26-23.07.26:365][  0]LogTemp:Display: Loaded TP LinuxServerTargetPlatform
[2016.01.26-23.07.26:373][  0]LogTemp:Display: Loaded TP LinuxTargetPlatform
[2016.01.26-23.07.26:373][  0]LogTargetPlatformManager:Display: Building Assets For Windows
[2016.01.26-23.07.26:575][  0]LogDerivedDataCache:Display: Max Cache Size: 512 MB
[2016.01.26-23.07.26:620][  0]LogDerivedDataCache: Loaded boot cache 0.04s 42MB C:/Users/frederic/AppData/Local/UnrealEngine/4.9/DerivedDataCache/Boot.ddc.
[2016.01.26-23.07.26:621][  0]LogDerivedDataCache:Display: Loaded Boot cache: C:/Users/frederic/AppData/Local/UnrealEngine/4.9/DerivedDataCache/Boot.ddc
[2016.01.26-23.07.26:621][  0]LogDerivedDataCache: FDerivedDataBackendGraph:  Pak pak cache file ../../../../../../Users/frederic/Documents/Unreal Projects/LostAge/DerivedDataCache/DDC.ddp not found, will not use a pak cache.
[2016.01.26-23.07.26:622][  0]LogDerivedDataCache: Unable to find inner node Pak for hierarchical cache Hierarchy.
[2016.01.26-23.07.26:622][  0]LogDerivedDataCache: FDerivedDataBackendGraph:  CompressedPak pak cache file ../../../../../../Users/frederic/Documents/Unreal Projects/LostAge/DerivedDataCache/Compressed.ddp not found, will not use a pak cache.
[2016.01.26-23.07.26:622][  0]LogDerivedDataCache: Unable to find inner node CompressedPak for hierarchical cache Hierarchy.
[2016.01.26-23.07.26:765][  0]LogDerivedDataCache:Display: Pak cache opened for reading ../../../Engine/DerivedDataCache/Compressed.ddp.
[2016.01.26-23.07.26:777][  0]LogDerivedDataCache: Using Local data cache path C:/Users/frederic/AppData/Local/UnrealEngine/Common/DerivedDataCache: Writable
[2016.01.26-23.07.26:969][  0]LogInit: Selected Device Profile: [Windows]
[2016.01.26-23.07.26:970][  0]LogContentStreaming: Texture pool size is 0.000000MB
[2016.01.26-23.07.27:007][  0]LogMeshUtilities: No automatic mesh reduction module available
[2016.01.26-23.07.27:008][  0]LogMeshUtilities: No automatic mesh merging module available
[2016.01.26-23.07.28:340][  0]UdpMessaging: Initializing bridge on interface 0.0.0.0:0 to multicast group 230.0.0.1:6666.
[2016.01.26-23.07.28:669][  0]LogAssetRegistry: FAssetRegistry took 0.0105 seconds to start up
[2016.01.26-23.07.28:980][  0]SourceControl: Info Source control is disabled
[2016.01.26-23.07.28:982][  0]SourceControl: Info Source control is disabled
[2016.01.26-23.07.29:002][  0]SourceControl: Info Source control is disabled
[2016.01.26-23.07.29:025][  0]SourceControl: Info Source control is disabled
[2016.01.26-23.07.29:221][  0]LogLinker:Warning: Asset '../../../Engine/Plugins/Runtime/LeapMotionController/Content/LM_PassthroughMaterial.uasset' has been saved with empty engine version. The asset will be loaded but may be incompatible.
[2016.01.26-23.07.29:332][  0]LogObj: 31792 objects as part of root set at end of initial load.
[2016.01.26-23.07.29:333][  0]LogUObjectAllocator: 7252992 out of 0 bytes used by permanent object pool.
[2016.01.26-23.07.29:409][  0]LogEngine: Initializing Engine...
[2016.01.26-23.07.29:412][  0]LogHMD: Can't find Oculus library dev build: is proper Runtime installed? Version: 0.7.0.0
[2016.01.26-23.07.29:414][  0]LogHMD: SteamVR failed to initialize.  Err: 110
[2016.01.26-23.07.29:561][  0]LogAIModule: Creating AISystem for world NewWorld
[2016.01.26-23.07.29:578][  0]LogInit: XAudio2 using 'Haut-parleurs (USB PnP Sound Device)' : 2 channels at 44.1 kHz using 16 bits per sample (channel mask 0x3)
[2016.01.26-23.07.29:597][  0]LogInit: FAudioDevice initialized.
[2016.01.26-23.07.29:618][  0]LogDerivedDataCache: Saved boot cache 0.02s 42MB C:/Users/frederic/AppData/Local/UnrealEngine/4.9/DerivedDataCache/Boot.ddc.
[2016.01.26-23.07.29:624][  0]LogInit: Texture streaming: Enabled
[2016.01.26-23.07.29:638][  0]LogAnalytics: Creating configured Analytics provider AnalyticsET
[2016.01.26-23.07.29:638][  0]LogAnalytics: [UEEditor.Rocket.Release] APIServer = http://et2.epicgames.com/ET2/. AppVersion = 4.9.2-2707645+++depot+UE4-Releases+4.9
[2016.01.26-23.07.29:639][  0]LogAnalytics: [UEEditor.Rocket.Release] SetUserId c8da8d664a36a98701fe659c10ae4ff8|70626fa7f476448fb82ad9618fbbb1ab|00e7fb16-00c3-4af4-a2a1-2cc8013aae38
[2016.01.26-23.07.29:639][  0]LogAnalytics: [UEEditor.Rocket.Release] AnalyticsET::StartSession
[2016.01.26-23.07.29:654][  0]LogInit: Transaction tracking system initialized
[2016.01.26-23.07.29:751][  0]BlueprintLog: New page: Editor Load
[2016.01.26-23.07.30:094][  0]LocalizationService: Info Localization service is disabled
[2016.01.26-23.07.30:249][  0]LogLinker:Warning: Can't find file '/Game/ThirdPersonCPP/ThirdPersonOverview'
[2016.01.26-23.07.30:249][  0]LogLinker:Warning: Can't find file '/Game/ThirdPersonCPP/ThirdPersonOverview'
[2016.01.26-23.07.30:250][  0]LogUObjectGlobals:Warning: Failed to find object 'Class /Game/ThirdPersonCPP/ThirdPersonOverview.ThirdPersonOverview_C'
[2016.01.26-23.07.30:278][  0]LogConsoleResponse:Display: 
[2016.01.26-23.07.30:405][  0]LogCook:Display: Done creating registry. It took  0.00s.
[2016.01.26-23.07.30:564][  0]LogFileCache: Scanning file cache for directory 'C:/Users/frederic/Documents/Unreal Projects/LostAge/Content/' took 0.01s
[2016.01.26-23.07.30:564][  0]SourceControl: Info Source control is disabled
[2016.01.26-23.07.30:565][  0]Cmd: MAP LOAD FILE="../../../../../../Users/frederic/Documents/Unreal Projects/LostAge/Content/FirstPersonCPP/Maps/MainMenu.umap" TEMPLATE=0 SHOWPROGRESS=1 FEATURELEVEL=3
[2016.01.26-23.07.30:566][  0]LightingResults: New page: Lighting Build
[2016.01.26-23.07.30:571][  0]MapCheck: New page: Map Check
[2016.01.26-23.07.30:572][  0]LightingResults: New page: Lighting Build
[2016.01.26-23.07.30:586][  0]LogParticles: Destroying 0 GPU particle simulations for FXSystem 0x00000000234C2160
[2016.01.26-23.07.30:591][  0]LogAIModule: Creating AISystem for world MainMenu
[2016.01.26-23.07.30:593][  0]LogEditorServer: Finished looking for orphan Actors (0.000 secs)
[2016.01.26-23.07.30:594][  0]Cmd: MAP CHECKDEP NOCLEARLOG
[2016.01.26-23.07.30:638][  0]MapCheck: Info Map check complete: 0 Error(s), 0 Warning(s), took 43.412ms to complete.
[2016.01.26-23.07.30:639][  0]LogFileHelpers: Loading map 'MainMenu' took 0.074
[2016.01.26-23.07.30:737][  0]LogCollectionManager: Loaded 0 collections in 0.002025 seconds
[2016.01.26-23.07.30:781][  0]LogFileCache: Scanning file cache for directory 'C:/Users/frederic/Documents/Unreal Projects/LostAge/Saved/Collections/' took 0.01s
[2016.01.26-23.07.30:782][  0]LogFileCache: Scanning file cache for directory 'C:/Users/frederic/Documents/Unreal Projects/LostAge/Content/Developers/frederic/Collections/' took 0.01s
[2016.01.26-23.07.30:782][  0]LogFileCache: Scanning file cache for directory 'C:/Users/frederic/Documents/Unreal Projects/LostAge/Content/Collections/' took 0.01s
[2016.01.26-23.07.30:782][  0]LogContentBrowser: Native class hierarchy populated in 0.0081 seconds. Added 1875 classes and 335 folders.
[2016.01.26-23.07.30:790][  0]LogCollectionManager: Rebuilt the GUID cache for 0 collections in 0.000002 seconds
[2016.01.26-23.07.30:805][  0]LogContentBrowser: Native class hierarchy updated for 'WidgetCarousel' in 0.0037 seconds. Added 0 classes and 0 folders.
[2016.01.26-23.07.30:868][  0]LogContentBrowser: Native class hierarchy updated for 'AddContentDialog' in 0.0018 seconds. Added 0 classes and 0 folders.
[2016.01.26-23.07.30:888][  0]LogContentBrowser: Native class hierarchy updated for 'SceneOutliner' in 0.0027 seconds. Added 1 classes and 2 folders.
[2016.01.26-23.07.30:919][  0]LogCrashTracker: Crashtracker disabled due to settings.
[2016.01.26-23.07.30:923][  0]LogUObjectGlobals:Warning: Failed to find object 'Class None.'
[2016.01.26-23.07.30:946][  0]LogLoad: Full Startup: 8.16 seconds (BP compile: 0.04 seconds)
[2016.01.26-23.07.31:047][  0]LogContentStreaming: Texture pool size now 1000 MB
[2016.01.26-23.07.31:193][  2]LogRenderer: Reallocating scene render targets to support 968x508 (Frame:2).
[2016.01.26-23.07.31:365][  2]LogAssetRegistry: Asset discovery search completed in 2.7068 seconds
[2016.01.26-23.07.31:366][  2]LogCollectionManager: Rebuilt the object cache for 0 collections in 0.000002 seconds (found 0 objects)
[2016.01.26-23.07.31:366][  2]LogCollectionManager: Fixed up redirectors for 0 collections in 0.000425 seconds (updated 0 objects)
[2016.01.26-23.07.34:382][351]LogPlayLevel: PlayLevel: No blueprints needed recompiling
[2016.01.26-23.07.34:383][351]PIE: New page: PIE session: MainMenu (Jan 26, 2016, 1:07:34 PM)
[2016.01.26-23.07.34:441][351]LogPlayLevel: Creating play world package: /Game/FirstPersonCPP/Maps/UEDPIE_0_MainMenu
[2016.01.26-23.07.34:443][351]LogPlayLevel: PIE: StaticDuplicateObject took: (0.000499s)
[2016.01.26-23.07.34:443][351]LogAIModule: Creating AISystem for world MainMenu
[2016.01.26-23.07.34:444][351]LogPlayLevel: PIE: World Init took: (0.001133s)
[2016.01.26-23.07.34:444][351]LogPlayLevel: PIE: Created PIE world by copying editor world from /Game/FirstPersonCPP/Maps/MainMenu.MainMenu to /Game/FirstPersonCPP/Maps/UEDPIE_0_MainMenu.MainMenu (0.002978s)
[2016.01.26-23.07.34:468][351]LogInit: XAudio2 using 'Haut-parleurs (USB PnP Sound Device)' : 2 channels at 44.1 kHz using 16 bits per sample (channel mask 0x3)
[2016.01.26-23.07.34:472][351]LogInit: FAudioDevice initialized.
[2016.01.26-23.07.34:519][351]LogWorld: Game class is 'LostAgeGameMode'
[2016.01.26-23.07.34:521][351]LogWorld: Bringing World /Game/FirstPersonCPP/Maps/UEDPIE_0_MainMenu.MainMenu up for play (max tick rate 0) at 2016.01.26-18.07.34
[2016.01.26-23.07.34:521][351]LogActor:Warning: GameSession /Game/FirstPersonCPP/Maps/UEDPIE_0_MainMenu.MainMenu:PersistentLevel.GameSession_0 has natively added scene component(s), but none of them were set as the actor's RootComponent - picking one arbitrarily
[2016.01.26-23.07.34:522][351]LogActor:Warning: GameNetworkManag