[2016.01.26-22.47.18:622][  0]Log file open, 01/26/16 17:47:18
[2016.01.26-22.47.18:622][  0]LogInit:Display: Running engine for game: LostAge
[2016.01.26-22.47.18:622][  0]LogInit:Display: RandInit(1909050563) SRandInit(1909050563).
[2016.01.26-22.47.18:623][  0]LogTaskGraph: Started task graph with 4 named threads and 7 total threads.
[2016.01.26-22.47.18:623][  0]LogStats: Stats thread started at 0.166244
[2016.01.26-22.47.18:623][  0]LogInit: Version: 4.9.2-2707645+++depot+UE4-Releases+4.9
[2016.01.26-22.47.18:623][  0]LogInit: API Version: 2672455
[2016.01.26-22.47.18:624][  0]LogInit: Compiled (64-bit): Sep 28 2015 10:25:44
[2016.01.26-22.47.18:624][  0]LogInit: Compiled with Visual C++: 18.00.21005.01
[2016.01.26-22.47.18:624][  0]LogInit: Build Configuration: Development
[2016.01.26-22.47.18:625][  0]LogInit: Branch Name: ++depot+UE4-Releases+4.9
[2016.01.26-22.47.18:625][  0]LogInit: Command line: 
[2016.01.26-22.47.18:625][  0]LogInit: Base directory: C:/Program Files/Epic Games/4.9/Engine/Binaries/Win64/
[2016.01.26-22.47.18:625][  0]LogInit: Rocket: 1
[2016.01.26-22.47.18:665][  0]LogInit: Using libcurl 7.41.0
[2016.01.26-22.47.18:665][  0]LogInit:  - built for x86_64-pc-win32
[2016.01.26-22.47.18:666][  0]LogInit:  - supports SSL with WinSSL
[2016.01.26-22.47.18:666][  0]LogInit:  - other features:
[2016.01.26-22.47.18:666][  0]LogInit:      CURL_VERSION_SSL
[2016.01.26-22.47.18:666][  0]LogInit:      CURL_VERSION_IPV6
[2016.01.26-22.47.18:667][  0]LogInit:      CURL_VERSION_ASYNCHDNS
[2016.01.26-22.47.18:667][  0]LogInit:      CURL_VERSION_LARGEFILE
[2016.01.26-22.47.18:667][  0]LogInit:      CURL_VERSION_IDN
[2016.01.26-22.47.18:668][  0]LogInit:  CurlRequestOptions (configurable via config and command line):
[2016.01.26-22.47.18:668][  0]LogInit:  - bVerifyPeer = true  - Libcurl will verify peer certificate
[2016.01.26-22.47.18:668][  0]LogInit:  - bUseHttpProxy = false  - Libcurl will NOT use HTTP proxy
[2016.01.26-22.47.18:668][  0]LogInit:  - bDontReuseConnections = false  - Libcurl will reuse connections
[2016.01.26-22.47.18:669][  0]LogInit:  - CertBundlePath = nullptr  - Libcurl will use whatever was configured at build time.
[2016.01.26-22.47.18:741][  0]LogInit: WinSock: version 1.1 (2.2), MaxSocks=32767, MaxUdp=65467
[2016.01.26-22.47.18:758][  0]LogVoice:Warning: Failed to initialize voice interface
[2016.01.26-22.47.18:766][  0]LogInit: Presizing for 0 objects not considered by GC, pre-allocating 0 bytes.
[2016.01.26-22.47.18:777][  0]LogInit: Object subsystem initialized
[2016.01.26-22.47.18:779][  0]LogInit: Selected Device Profile: [Windows]
[2016.01.26-22.47.18:779][  0]LogInit: Applying CVar settings loaded from the selected device profile: [Windows]
[2016.01.26-22.47.18:790][  0]LogInit: Computer: FREDERIC-PC
[2016.01.26-22.47.18:791][  0]LogInit: User: frederic
[2016.01.26-22.47.18:791][  0]LogInit: CPU Page size=4096, Cores=4
[2016.01.26-22.47.18:791][  0]LogInit: High frequency timer resolution =3.331240 MHz
[2016.01.26-22.47.18:792][  0]LogMemory: Memory total: Physical=15.9GB (16GB approx)
[2016.01.26-22.47.18:792][  0]LogMemory: Platform Memory Stats for Windows
[2016.01.26-22.47.18:792][  0]LogMemory: Process Physical Memory: 54.74 MB used, 54.74 MB peak
[2016.01.26-22.47.18:793][  0]LogMemory: Process Virtual Memory: 57.80 MB used, 57.80 MB peak
[2016.01.26-22.47.18:793][  0]LogMemory: Physical Memory: 7070.80 MB used, 16288.39 MB total
[2016.01.26-22.47.18:793][  0]LogMemory: Virtual Memory: 339.69 MB used, 8388608.00 MB total
[2016.01.26-22.47.18:884][  0]LogTextLocalizationManager: No translations for ('fr-CA') exist, falling back to 'en' for localization and internationalization data.
[2016.01.26-22.47.19:608][  0]LogD3D11RHI: Found D3D11 adapter 0: NVIDIA GeForce GTX 970 (Feature Level 11_0)
[2016.01.26-22.47.19:608][  0]LogD3D11RHI: Adapter has 4008MB of dedicated video memory, 0MB of dedicated system memory, and 7888MB of shared system memory, 1 output[s]
[2016.01.26-22.47.19:617][  0]LogD3D11RHI: Found D3D11 adapter 1: Intel(R) HD Graphics 3000 (Feature Level 10_0)
[2016.01.26-22.47.19:617][  0]LogD3D11RHI: Adapter has 64MB of dedicated video memory, 0MB of dedicated system memory, and 1632MB of shared system memory, 0 output[s]
[2016.01.26-22.47.19:618][  0]LogD3D11RHI: Chosen D3D11 Adapter Id = 0
[2016.01.26-22.47.19:623][  0]LogD3D11RHI: !Direct3DDevice
[2016.01.26-22.47.19:624][  0]LogRHI: Texture pool is 1361 MB (70% of 1945 MB)
[2016.01.26-22.47.19:691][  0]LogD3D11RHI: Async texture creation enabled
[2016.01.26-22.47.19:706][  0]LogShaderCompilers: Guid format shader working directory is 15 characters bigger than the processId version (../../../../../../Users/frederic/Documents/Unreal Projects/LostAge/Intermediate/Shaders/WorkingDirectory/6268/).
[2016.01.26-22.47.19:707][  0]LogShaderCompilers: Cleaned the shader compiler working directory '../../../../../../Users/frederic/Documents/Unreal Projects/LostAge/Intermediate/Shaders/tmp/B11867664F8F881C72BCF4B00174F5F2/'.
[2016.01.26-22.47.19:707][  0]LogShaderCompilers:Display: Using Local Shader Compiler.
[2016.01.26-22.47.20:979][  0]LogTemp:Display: Loaded TP AllDesktopTargetPlatform
[2016.01.26-22.47.21:001][  0]LogTemp:Display: Loaded TP WindowsClientTargetPlatform
[2016.01.26-22.47.21:021][  0]LogTemp:Display: Loaded TP WindowsNoEditorTargetPlatform
[2016.01.26-22.47.21:044][  0]LogTemp:Display: Loaded TP WindowsServerTargetPlatform
[2016.01.26-22.47.21:067][  0]LogTemp:Display: Loaded TP WindowsTargetPlatform
[2016.01.26-22.47.21:075][  0]LogTemp:Display: Loaded TP AndroidTargetPlatform
[2016.01.26-22.47.21:083][  0]LogTemp:Display: Loaded TP Android_ASTCTargetPlatform
[2016.01.26-22.47.21:090][  0]LogTemp:Display: Loaded TP Android_ATCTargetPlatform
[2016.01.26-22.47.21:099][  0]LogTemp:Display: Loaded TP Android_DXTTargetPlatform
[2016.01.26-22.47.21:107][  0]LogTemp:Display: Loaded TP Android_ETC1TargetPlatform
[2016.01.26-22.47.21:117][  0]LogTemp:Display: Loaded TP Android_ETC2TargetPlatform
[2016.01.26-22.47.21:127][  0]LogTemp:Display: Loaded TP Android_PVRTCTargetPlatform
[2016.01.26-22.47.21:131][  0]LogTemp:Display: Loaded TP HTML5TargetPlatform
[2016.01.26-22.47.21:171][  0]LogTemp:Display: Loaded TP IOSTargetPlatform
[2016.01.26-22.47.21:179][  0]LogTemp:Display: Loaded TP LinuxNoEditorTargetPlatform
[2016.01.26-22.47.21:189][  0]LogTemp:Display: Loaded TP LinuxServerTargetPlatform
[2016.01.26-22.47.21:199][  0]LogTemp:Display: Loaded TP LinuxTargetPlatform
[2016.01.26-22.47.21:200][  0]LogTargetPlatformManager:Display: Building Assets For Windows
[2016.01.26-22.47.21:455][  0]LogDerivedDataCache:Display: Max Cache Size: 512 MB
[2016.01.26-22.47.21:503][  0]LogDerivedDataCache: Loaded boot cache 0.05s 41MB C:/Users/frederic/AppData/Local/UnrealEngine/4.9/DerivedDataCache/Boot.ddc.
[2016.01.26-22.47.21:503][  0]LogDerivedDataCache:Display: Loaded Boot cache: C:/Users/frederic/AppData/Local/UnrealEngine/4.9/DerivedDataCache/Boot.ddc
[2016.01.26-22.47.21:503][  0]LogDerivedDataCache: FDerivedDataBackendGraph:  Pak pak cache file ../../../../../../Users/frederic/Documents/Unreal Projects/LostAge/DerivedDataCache/DDC.ddp not found, will not use a pak cache.
[2016.01.26-22.47.21:504][  0]LogDerivedDataCache: Unable to find inner node Pak for hierarchical cache Hierarchy.
[2016.01.26-22.47.21:504][  0]LogDerivedDataCache: FDerivedDataBackendGraph:  CompressedPak pak cache file ../../../../../../Users/frederic/Documents/Unreal Projects/LostAge/DerivedDataCache/Compressed.ddp not found, will not use a pak cache.
[2016.01.26-22.47.21:504][  0]LogDerivedDataCache: Unable to find inner node CompressedPak for hierarchical cache Hierarchy.
[2016.01.26-22.47.21:649][  0]LogDerivedDataCache:Display: Pak cache opened for reading ../../../Engine/DerivedDataCache/Compressed.ddp.
[2016.01.26-22.47.21:661][  0]LogDerivedDataCache: Using Local data cache path C:/Users/frederic/AppData/Local/UnrealEngine/Common/DerivedDataCache: Writable
[2016.01.26-22.47.21:871][  0]LogInit: Selected Device Profile: [Windows]
[2016.01.26-22.47.21:872][  0]LogContentStreaming: Texture pool size is 0.000000MB
[2016.01.26-22.47.21:912][  0]LogMeshUtilities: No automatic mesh reduction module available
[2016.01.26-22.47.21:913][  0]LogMeshUtilities: No automatic mesh merging module available
[2016.01.26-22.47.23:463][  0]UdpMessaging: Initializing bridge on interface 0.0.0.0:0 to multicast group 230.0.0.1:6666.
[2016.01.26-22.47.36:247][  0]LogAssetRegistry: FAssetRegistry took 0.0106 seconds to start up
[2016.01.26-22.47.36:606][  0]SourceControl: Info Source control is disabled
[2016.01.26-22.47.36:608][  0]SourceControl: Info Source control is disabled
[2016.01.26-22.47.36:626][  0]SourceControl: Info Source control is disabled
[2016.01.26-22.47.36:644][  0]SourceControl: Info Source control is disabled
[2016.01.26-22.47.36:819][  0]LogLinker:Warning: Asset '../../../Engine/Plugins/Runtime/LeapMotionController/Content/LM_PassthroughMaterial.uasset' has been saved with empty engine version. The asset will be loaded but may be incompatible.
[2016.01.26-22.47.36:914][  0]LogObj: 31792 objects as part of root set at end of initial load.
[2016.01.26-22.47.36:915][  0]LogUObjectAllocator: 7252992 out of 0 bytes used by permanent object pool.
[2016.01.26-22.47.36:997][  0]LogEngine: Initializing Engine...
[2016.01.26-22.47.37:000][  0]LogHMD: Can't find Oculus library dev build: is proper Runtime installed? Version: 0.7.0.0
[2016.01.26-22.47.37:002][  0]LogHMD: SteamVR failed to initialize.  Err: 110
[2016.01.26-22.47.37:141][  0]LogAIModule: Creating AISystem for world NewWorld
[2016.01.26-22.47.37:157][  0]LogInit: XAudio2 using 'Haut-parleurs (USB PnP Sound Device)' : 2 channels at 44.1 kHz using 16 bits per sample (channel mask 0x3)
[2016.01.26-22.47.37:165][  0]LogInit: FAudioDevice initialized.
[2016.01.26-22.47.37:185][  0]LogDerivedDataCache: Saved boot cache 0.02s 42MB C:/Users/frederic/AppData/Local/UnrealEngine/4.9/DerivedDataCache/Boot.ddc.
[2016.01.26-22.47.37:192][  0]LogInit: Texture streaming: Enabled
[2016.01.26-22.47.37:212][  0]LogAnalytics: Creating configured Analytics provider AnalyticsET
[2016.01.26-22.47.37:213][  0]LogAnalytics: [UEEditor.Rocket.Release] APIServer = http://et2.epicgames.com/ET2/. AppVersion = 4.9.2-2707645+++depot+UE4-Releases+4.9
[2016.01.26-22.47.37:213][  0]LogAnalytics: [UEEditor.Rocket.Release] SetUserId c8da8d664a36a98701fe659c10ae4ff8|70626fa7f476448fb82ad9618fbbb1ab|00e7fb16-00c3-4af4-a2a1-2cc8013aae38
[2016.01.26-22.47.37:214][  0]LogAnalytics: [UEEditor.Rocket.Release] AnalyticsET::StartSession
[2016.01.26-22.47.37:232][  0]LogInit: Transaction tracking system initialized
[2016.01.26-22.47.37:346][  0]BlueprintLog: New page: Editor Load
[2016.01.26-22.47.37:764][  0]LocalizationService: Info Localization service is disabled
[2016.01.26-22.47.37:932][  0]LogLinker:Warning: Can't find file '/Game/ThirdPersonCPP/ThirdPersonOverview'
[2016.01.26-22.47.37:933][  0]LogLinker:Warning: Can't find file '/Game/ThirdPersonCPP/ThirdPersonOverview'
[2016.01.26-22.47.37:933][  0]LogUObjectGlobals:Warning: Failed to find object 'Class /Game/ThirdPersonCPP/ThirdPersonOverview.ThirdPersonOverview_C'
[2016.01.26-22.47.37:965][  0]LogConsoleResponse:Display: 
[2016.01.26-22.47.38:086][  0]LogCook:Display: Done creating registry. It took  0.00s.
[2016.01.26-22.47.38:273][  0]LogFileCache: Scanning file cache for directory 'C:/Users/frederic/Documents/Unreal Projects/LostAge/Content/' took 0.01s
[2016.01.26-22.47.38:274][  0]SourceControl: Info Source control is disabled
[2016.01.26-22.47.38:274][  0]Cmd: MAP LOAD FILE="../../../../../../Users/frederic/Documents/Unreal Projects/LostAge/Content/FirstPersonCPP/Maps/MainMenu.umap" TEMPLATE=0 SHOWPROGRESS=1 FEATURELEVEL=3
[2016.01.26-22.47.38:275][  0]LightingResults: New page: Lighting Build
[2016.01.26-22.47.38:280][  0]MapCheck: New page: Map Check
[2016.01.26-22.47.38:280][  0]LightingResults: New page: Lighting Build
[2016.01.26-22.47.38:292][  0]LogParticles: Destroying 0 GPU particle simulations for FXSystem 0x000000001FEA2160
[2016.01.26-22.47.38:296][  0]LogAIModule: Creating AISystem for world MainMenu
[2016.01.26-22.47.38:298][  0]LogEditorServer: Finished looking for orphan Actors (0.000 secs)
[2016.01.26-22.47.38:299][  0]Cmd: MAP CHECKDEP NOCLEARLOG
[2016.01.26-22.47.38:341][  0]MapCheck: Info Map check complete: 0 Error(s), 0 Warning(s), took 41.247ms to complete.
[2016.01.26-22.47.38:341][  0]LogFileHelpers: Loading map 'MainMenu' took 0.067
[2016.01.26-22.47.38:449][  0]LogCollectionManager: Loaded 0 collections in 0.002238 seconds
[2016.01.26-22.47.38:492][  0]LogFileCache: Scanning file cache for directory 'C:/Users/frederic/Documents/Unreal Projects/LostAge/Saved/Collections/' took 0.01s
[2016.01.26-22.47.38:493][  0]LogFileCache: Scanning file cache for directory 'C:/Users/frederic/Documents/Unreal Projects/LostAge/Content/Developers/frederic/Collections/' took 0.01s
[2016.01.26-22.47.38:493][  0]LogFileCache: Scanning file cache for directory 'C:/Users/frederic/Documents/Unreal Projects/LostAge/Content/Collections/' took 0.01s
[2016.01.26-22.47.38:494][  0]LogContentBrowser: Native class hierarchy populated in 0.0086 seconds. Added 1875 classes and 335 folders.
[2016.01.26-22.47.38:502][  0]LogCollectionManager: Rebuilt the GUID cache for 0 collections in 0.000003 seconds
[2016.01.26-22.47.38:515][  0]LogContentBrowser: Native class hierarchy updated for 'WidgetCarousel' in 0.0030 seconds. Added 0 classes and 0 folders.
[2016.01.26-22.47.38:582][  0]LogContentBrowser: Native class hierarchy updated for 'AddContentDialog' in 0.0019 seconds. Added 0 classes and 0 folders.
[2016.01.26-22.47.38:606][  0]LogContentBrowser: Native class hierarchy updated for 'SceneOutliner' in 0.0018 seconds. Added 1 classes and 2 folders.
[2016.01.26-22.47.38:640][  0]LogCrashTracker: Crashtracker disabled due to settings.
[2016.01.26-22.47.38:644][  0]LogUObjectGlobals:Warning: Failed to find object 'Class None.'
[2016.01.26-22.47.38:665][  0]LogLoad: Full Startup: 21.16 seconds (BP compile: 2.44 seconds)
[2016.01.26-22.47.38:756][  0]LogContentStreaming: Texture pool size now 1000 MB
[2016.01.26-22.47.38:887][  2]LogRenderer: Reallocating scene render targets to support 956x496 (Frame:2).
[2016.01.26-22.47.39:024][  2]LogAssetRegistry: Asset discovery search completed in 2.7877 seconds
[2016.01.26-22.47.39:025][  2]LogCollectionManager: Rebuilt the object cache for 0 collections in 0.000002 seconds (found 0 objects)
[2016.01.26-22.47.39:025][  2]LogCollectionManager: Fixed up redirectors for 0 collections in 0.000306 seconds (updated 0 objects)
[2016.01.26-22.47.42:407][382]LogSavePackage: Save=7.948992ms
[2016.01.26-22.47.42:407][382]LogSavePackage: Moving '../../../../../../Users/frederic/Documents/Unreal Projects/LostAge/Saved/UEDPCMainMenu3A1C7016416B9698BEA1C99350A50369.tmp' to '../../../../../../Users/frederic/Documents/Unreal Projects/LostAge/Saved/Autosaves/Game/FirstPersonCPP/Maps/UEDPCMainMenu.umap'
[2016.01.26-22.47.42:409][382]LogSavePackage: Total save time: 16.243499ms
[2016.01.26-22.47.42:410][382]LogSavePackage:Warning: Finished SavePackage ../../../../../../Users/frederic/Documents/Unreal Projects/LostAge/Saved/Autosaves/Game/FirstPersonCPP/Maps/UEDPCMainMenu.umap
[2016.01.26-22.48.13:654][840]LogSavePackage: Save=7.253455ms
[2016.01.26-22.48.13:655][840]LogSavePackage: Moving '../../../../../../Users/frederic/Documents/Unreal Projects/LostAge/Saved/UEDPCMainMenuAD3F512D4696924964EBEB90CFE1CB94.tmp' to '../../../../../../Users/frederic/Documents/Unreal Projects/LostAge/Saved/Autosaves/Game/FirstPersonCPP/Maps/UEDPCMainMenu.umap'
[2016.01.26-22.48.13:657][840]LogSavePackage: Total save time: 14.502406ms
[2016.01.26-22.48.13:657][840]LogSavePackage:Warning: Finished SavePackage ../../../../../../Users/frederic/Documents/Unreal Projects/LostAge/Saved/Autosaves/Game/FirstPersonCPP/Maps/UEDPCMainMenu.umap
[2016.01.26-22.49.10:175][979]LogAIModule: Creating AISystem for world FirstPersonExampleMap
[2016.01.26-22.49.11:606][979]Cmd: MAP LOAD FILE="../../../../../../Users/frederic/Documents/Unreal Projects/LostAge/Content/FirstPersonCPP/Maps/FirstPersonExampleMap.umap" TEMPLATE=0 SHOWPROGRESS=1 FEATURELEVEL=3
[2016.01.26-22.49.11:608][979]LightingResults: New page: Lighting Build
[2016.01.26-22.49.11:625][979]LoadErrors: New page: Loading map: FirstPersonExampleMap.umap
[2016.01.26-22.49.11:626][979]MapCheck: New page: Map Check
[2016.01.26-22.49.11:626][979]LightingResults: New page: Lighting Build
[2016.01.26-22.49.11:638][979]LogParticles: Destroying 0 GPU particle simulations for FXSystem 0x000000000EE17240
[2016.01.26-22.49.11:641][979]LogEditorServer: Finished looking for orphan Actors (0.000 secs)
[2016.01.26-22.49.11:673][979]Cmd: MAP CHECKDEP NOCLEARLOG
[2016.01.26-22.49.11:725][979]MapCheck: Info Map check complete: 0 Error(s), 0 Warning(s), took 51.509ms to complete.
[2016.01.26-22.49.11:726][979]LogFileHelpers: Loading map 'FirstPersonExampleMap' took 0.122
[2016.01.26-22.49.14:327][268]LogEditorViewport: Clicking on Actor (LMB): PlayerStart (NetworkPlayerStart)
[2016.01.26-22.49.16:981][568]LogNavigationPoint: PostEditMove Clear paths rebuilt
[2016.01.26-22.49.18:447][715]LogNavigationPoint: PostEditMove Clear paths rebuilt
[2016.01.26-22.49.38:967][ 87]LogRenderer: Reallocating scene render targets to support 1208x556 (Frame:5568).
[2016.01.26-22.49.44:226][663]LogLinker:Warning: Asset '../../../Engine/Content/ArtTools/RenderToTexture/Macros/RenderToTextureMacros.uasset' has been saved with empty engine version. The asset will be loaded but may be incompatible.
[2016.01.26-22.49.44:745][663]LogContentBrowser: Native class hierarchy updated for 'BlueprintGraph' in 0.0026 seconds. Added 107 classes and 0 folders.
[2016.01.26-22.50.02:551][490]LogRenderer: Reallocating scene render targets to support 1528x712 (Frame:7540).
[2016.01.26-22.50.09:788][271]LogBlueprintUserMessages: Early PlayInEditor Detection: Level '/Game/FirstPersonCPP/Maps/FirstPersonExampleMap.FirstPersonExampleMap:PersistentLevel' has LevelScriptBlueprint '/Game/FirstPersonCPP/Maps/FirstPersonExampleMap.FirstPersonExampleMap:PersistentLevel.FirstPersonExampleMap' with GeneratedClass '/Game/FirstPersonCPP/Maps/FirstPersonExampleMap.FirstPersonExampleMap_C' with ClassGeneratedBy '/Game/FirstPersonCPP/Maps/FirstPersonExampleMap.FirstPersonExampleMap:PersistentLevel.FirstPersonExampleMap'
[2016.01.26-22.50.09:789][271]LogPlayLevel: PlayLevel: No blueprints needed recompiling
[2016.01.26-22.50.09:790][271]PIE: New page: PIE session: FirstPersonExampleMap (Jan 26, 2016, 12:50:09 PM)
[2016.01.26-22.50.09:850][271]LogPlayLevel: Creating play world package: /Game/FirstPersonCPP/Maps/UEDPIE_0_FirstPersonExampleMap
[2016.01.26-22.50.09:878][271]LogPlayLevel: PIE: StaticDuplicateObject took: (0.027429s)
[2016.01.26-22.50.09:880][271]LogAIModule: Creating AISystem for world FirstPersonExampleMap
[2016.01.26-22.50.09:880][271]LogPlayLevel: PIE: World Init took: (0.001292s)
[2016.01.26-22.50.09:881][271]LogPlayLevel: PIE: Created PIE world by copying editor world from /Game/FirstPersonCPP/Maps/FirstPersonExampleMap.FirstPersonExampleMap to /Game/FirstPersonCPP/Maps/UEDPIE_0_FirstPersonExampleMap.FirstPersonExampleMap (0.030871s)
[2016.01.26-22.50.09:881][271]LogActorComponent: UnregisterComponent: (/Engine/Transient.CharMoveComp) Not registered. Aborting.
[2016.01.26-22.50.09:905][271]LogParticles: Destroying 0 GPU particle simulations for FXSystem 0x000000002A87EDE0
[2016.01.26-22.50.09:907][271]LogParticles: Destroying 0 GPU particle simulations for FXSystem 0x000000003FC591C0
[2016.01.26-22.50.09:930][271]LogInit: XAudio2 using 'Haut-parleurs (USB PnP Sound Device)' : 2 channels at 44.1 kHz using 16 bits per sample (channel mask 0x3)
[2016.01.26-22.50.09:933][271]LogInit: FAudioDevice initialized.
[2016.01.26-22.50.09:982][271]LogWorld: Game class is 'LostAgeGameMode'
[2016.01.26-22.50.15:792][271]LogWorld: Bringing World /Game/FirstPersonCPP/Maps/UEDPIE_0_FirstPersonExampleMap.FirstPersonExampleMap up for play (max tick rate 3) at 2016.01.26-17.50.15
[2016.01.26-22.50.15:792][271]LogActor:Warning: GameSession /Game/FirstPersonCPP/Maps/UEDPIE_0_FirstPersonExampleMap.Fir