[2016.01.27-02.38.45:940][  0]Log file open, 01/26/16 21:38:45
[2016.01.27-02.38.45:940][  0]LogInit:Display: Running engine for game: LostAge
[2016.01.27-02.38.45:941][  0]LogInit:Display: RandInit(351200718) SRandInit(351200719).
[2016.01.27-02.38.45:941][  0]LogTaskGraph: Started task graph with 4 named threads and 7 total threads.
[2016.01.27-02.38.45:941][  0]LogStats: Stats thread started at 0.148175
[2016.01.27-02.38.45:941][  0]LogInit: Version: 4.9.2-2707645+++depot+UE4-Releases+4.9
[2016.01.27-02.38.45:942][  0]LogInit: API Version: 2672455
[2016.01.27-02.38.45:942][  0]LogInit: Compiled (64-bit): Sep 28 2015 10:25:44
[2016.01.27-02.38.45:942][  0]LogInit: Compiled with Visual C++: 18.00.21005.01
[2016.01.27-02.38.45:942][  0]LogInit: Build Configuration: DebugGame
[2016.01.27-02.38.45:943][  0]LogInit: Branch Name: ++depot+UE4-Releases+4.9
[2016.01.27-02.38.45:943][  0]LogInit: Command line:  -debug
[2016.01.27-02.38.45:943][  0]LogInit: Base directory: C:/Program Files/Epic Games/4.9/Engine/Binaries/Win64/
[2016.01.27-02.38.45:943][  0]LogInit: Rocket: 1
[2016.01.27-02.38.45:991][  0]LogInit: Using libcurl 7.41.0
[2016.01.27-02.38.45:991][  0]LogInit:  - built for x86_64-pc-win32
[2016.01.27-02.38.45:992][  0]LogInit:  - supports SSL with WinSSL
[2016.01.27-02.38.45:992][  0]LogInit:  - other features:
[2016.01.27-02.38.45:993][  0]LogInit:      CURL_VERSION_SSL
[2016.01.27-02.38.45:993][  0]LogInit:      CURL_VERSION_IPV6
[2016.01.27-02.38.45:993][  0]LogInit:      CURL_VERSION_ASYNCHDNS
[2016.01.27-02.38.45:994][  0]LogInit:      CURL_VERSION_LARGEFILE
[2016.01.27-02.38.45:994][  0]LogInit:      CURL_VERSION_IDN
[2016.01.27-02.38.45:995][  0]LogInit:  CurlRequestOptions (configurable via config and command line):
[2016.01.27-02.38.45:996][  0]LogInit:  - bVerifyPeer = true  - Libcurl will verify peer certificate
[2016.01.27-02.38.45:996][  0]LogInit:  - bUseHttpProxy = false  - Libcurl will NOT use HTTP proxy
[2016.01.27-02.38.45:996][  0]LogInit:  - bDontReuseConnections = false  - Libcurl will reuse connections
[2016.01.27-02.38.45:997][  0]LogInit:  - CertBundlePath = nullptr  - Libcurl will use whatever was configured at build time.
[2016.01.27-02.38.46:056][  0]LogInit: WinSock: version 1.1 (2.2), MaxSocks=32767, MaxUdp=65467
[2016.01.27-02.38.46:070][  0]LogVoice:Warning: Failed to initialize voice interface
[2016.01.27-02.38.46:075][  0]LogInit: Presizing for 0 objects not considered by GC, pre-allocating 0 bytes.
[2016.01.27-02.38.46:083][  0]LogInit: Object subsystem initialized
[2016.01.27-02.38.46:085][  0]LogInit: Selected Device Profile: [Windows]
[2016.01.27-02.38.46:085][  0]LogInit: Applying CVar settings loaded from the selected device profile: [Windows]
[2016.01.27-02.38.46:092][  0]LogInit: Computer: FREDERIC-PC
[2016.01.27-02.38.46:093][  0]LogInit: User: frederic
[2016.01.27-02.38.46:093][  0]LogInit: CPU Page size=4096, Cores=4
[2016.01.27-02.38.46:093][  0]LogInit: High frequency timer resolution =3.331220 MHz
[2016.01.27-02.38.46:094][  0]LogMemory: Memory total: Physical=15.9GB (16GB approx)
[2016.01.27-02.38.46:094][  0]LogMemory: Platform Memory Stats for Windows
[2016.01.27-02.38.46:094][  0]LogMemory: Process Physical Memory: 55.14 MB used, 55.14 MB peak
[2016.01.27-02.38.46:095][  0]LogMemory: Process Virtual Memory: 55.84 MB used, 55.84 MB peak
[2016.01.27-02.38.46:095][  0]LogMemory: Physical Memory: 9685.42 MB used, 16288.39 MB total
[2016.01.27-02.38.46:095][  0]LogMemory: Virtual Memory: 337.63 MB used, 8388608.00 MB total
[2016.01.27-02.38.46:168][  0]LogTextLocalizationManager: No translations for ('fr-CA') exist, falling back to 'en' for localization and internationalization data.
[2016.01.27-02.38.46:849][  0]LogD3D11RHI: Found D3D11 adapter 0: NVIDIA GeForce GTX 970 (Feature Level 11_0)
[2016.01.27-02.38.46:849][  0]LogD3D11RHI: Adapter has 4008MB of dedicated video memory, 0MB of dedicated system memory, and 7888MB of shared system memory, 1 output[s]
[2016.01.27-02.38.46:857][  0]LogD3D11RHI: Found D3D11 adapter 1: Intel(R) HD Graphics 3000 (Feature Level 10_0)
[2016.01.27-02.38.46:857][  0]LogD3D11RHI: Adapter has 64MB of dedicated video memory, 0MB of dedicated system memory, and 1632MB of shared system memory, 0 output[s]
[2016.01.27-02.38.46:858][  0]LogD3D11RHI: Chosen D3D11 Adapter Id = 0
[2016.01.27-02.38.46:862][  0]LogD3D11RHI: !Direct3DDevice
[2016.01.27-02.38.46:862][  0]LogRHI: Texture pool is 1361 MB (70% of 1945 MB)
[2016.01.27-02.38.46:924][  0]LogD3D11RHI: Async texture creation enabled
[2016.01.27-02.38.46:940][  0]LogShaderCompilers: Guid format shader working directory is 15 characters bigger than the processId version (../../../../../../Users/frederic/Documents/Unreal Projects/LostAge/Intermediate/Shaders/WorkingDirectory/5476/).
[2016.01.27-02.38.46:941][  0]LogShaderCompilers: Cleaned the shader compiler working directory '../../../../../../Users/frederic/Documents/Unreal Projects/LostAge/Intermediate/Shaders/tmp/95B5C2924EB104BFB034B798D1B8CB75/'.
[2016.01.27-02.38.46:941][  0]LogShaderCompilers:Display: Using Local Shader Compiler.
[2016.01.27-02.38.48:138][  0]LogTemp:Display: Loaded TP AllDesktopTargetPlatform
[2016.01.27-02.38.48:153][  0]LogTemp:Display: Loaded TP WindowsClientTargetPlatform
[2016.01.27-02.38.48:173][  0]LogTemp:Display: Loaded TP WindowsNoEditorTargetPlatform
[2016.01.27-02.38.48:187][  0]LogTemp:Display: Loaded TP WindowsServerTargetPlatform
[2016.01.27-02.38.48:202][  0]LogTemp:Display: Loaded TP WindowsTargetPlatform
[2016.01.27-02.38.48:209][  0]LogTemp:Display: Loaded TP AndroidTargetPlatform
[2016.01.27-02.38.48:216][  0]LogTemp:Display: Loaded TP Android_ASTCTargetPlatform
[2016.01.27-02.38.48:223][  0]LogTemp:Display: Loaded TP Android_ATCTargetPlatform
[2016.01.27-02.38.48:230][  0]LogTemp:Display: Loaded TP Android_DXTTargetPlatform
[2016.01.27-02.38.48:237][  0]LogTemp:Display: Loaded TP Android_ETC1TargetPlatform
[2016.01.27-02.38.48:245][  0]LogTemp:Display: Loaded TP Android_ETC2TargetPlatform
[2016.01.27-02.38.48:252][  0]LogTemp:Display: Loaded TP Android_PVRTCTargetPlatform
[2016.01.27-02.38.48:256][  0]LogTemp:Display: Loaded TP HTML5TargetPlatform
[2016.01.27-02.38.48:289][  0]LogTemp:Display: Loaded TP IOSTargetPlatform
[2016.01.27-02.38.48:295][  0]LogTemp:Display: Loaded TP LinuxNoEditorTargetPlatform
[2016.01.27-02.38.48:303][  0]LogTemp:Display: Loaded TP LinuxServerTargetPlatform
[2016.01.27-02.38.48:309][  0]LogTemp:Display: Loaded TP LinuxTargetPlatform
[2016.01.27-02.38.48:310][  0]LogTargetPlatformManager:Display: Building Assets For Windows
[2016.01.27-02.38.48:518][  0]LogDerivedDataCache:Display: Max Cache Size: 512 MB
[2016.01.27-02.38.48:574][  0]LogDerivedDataCache: Loaded boot cache 0.06s 43MB C:/Users/frederic/AppData/Local/UnrealEngine/4.9/DerivedDataCache/Boot.ddc.
[2016.01.27-02.38.48:575][  0]LogDerivedDataCache:Display: Loaded Boot cache: C:/Users/frederic/AppData/Local/UnrealEngine/4.9/DerivedDataCache/Boot.ddc
[2016.01.27-02.38.48:575][  0]LogDerivedDataCache: FDerivedDataBackendGraph:  Pak pak cache file ../../../../../../Users/frederic/Documents/Unreal Projects/LostAge/DerivedDataCache/DDC.ddp not found, will not use a pak cache.
[2016.01.27-02.38.48:576][  0]LogDerivedDataCache: Unable to find inner node Pak for hierarchical cache Hierarchy.
[2016.01.27-02.38.48:576][  0]LogDerivedDataCache: FDerivedDataBackendGraph:  CompressedPak pak cache file ../../../../../../Users/frederic/Documents/Unreal Projects/LostAge/DerivedDataCache/Compressed.ddp not found, will not use a pak cache.
[2016.01.27-02.38.48:576][  0]LogDerivedDataCache: Unable to find inner node CompressedPak for hierarchical cache Hierarchy.
[2016.01.27-02.38.48:723][  0]LogDerivedDataCache:Display: Pak cache opened for reading ../../../Engine/DerivedDataCache/Compressed.ddp.
[2016.01.27-02.38.48:735][  0]LogDerivedDataCache: Using Local data cache path C:/Users/frederic/AppData/Local/UnrealEngine/Common/DerivedDataCache: Writable
[2016.01.27-02.38.48:933][  0]LogInit: Selected Device Profile: [Windows]
[2016.01.27-02.38.48:935][  0]LogContentStreaming: Texture pool size is 0.000000MB
[2016.01.27-02.38.48:971][  0]LogMeshUtilities: No automatic mesh reduction module available
[2016.01.27-02.38.48:972][  0]LogMeshUtilities: No automatic mesh merging module available
[2016.01.27-02.38.50:359][  0]UdpMessaging: Initializing bridge on interface 0.0.0.0:0 to multicast group 230.0.0.1:6666.
[2016.01.27-02.38.50:720][  0]LogAssetRegistry: FAssetRegistry took 0.0099 seconds to start up
[2016.01.27-02.38.51:041][  0]SourceControl: Info Source control is disabled
[2016.01.27-02.38.51:042][  0]SourceControl: Info Source control is disabled
[2016.01.27-02.38.51:060][  0]SourceControl: Info Source control is disabled
[2016.01.27-02.38.51:081][  0]SourceControl: Info Source control is disabled
[2016.01.27-02.38.51:272][  0]LogLinker:Warning: Asset '../../../Engine/Plugins/Runtime/LeapMotionController/Content/LM_PassthroughMaterial.uasset' has been saved with empty engine version. The asset will be loaded but may be incompatible.
[2016.01.27-02.38.51:372][  0]LogObj: 31829 objects as part of root set at end of initial load.
[2016.01.27-02.38.51:373][  0]LogUObjectAllocator: 7266512 out of 0 bytes used by permanent object pool.
[2016.01.27-02.38.51:453][  0]LogEngine: Initializing Engine...
[2016.01.27-02.38.51:456][  0]LogHMD: Can't find Oculus library dev build: is proper Runtime installed? Version: 0.7.0.0
[2016.01.27-02.38.51:457][  0]LogHMD: SteamVR failed to initialize.  Err: 110
[2016.01.27-02.38.51:596][  0]LogAIModule: Creating AISystem for world NewWorld
[2016.01.27-02.38.51:611][  0]LogInit: XAudio2 using 'Haut-parleurs (USB PnP Sound Device)' : 2 channels at 44.1 kHz using 16 bits per sample (channel mask 0x3)
[2016.01.27-02.38.51:619][  0]LogInit: FAudioDevice initialized.
[2016.01.27-02.38.51:640][  0]LogDerivedDataCache: Saved boot cache 0.02s 42MB C:/Users/frederic/AppData/Local/UnrealEngine/4.9/DerivedDataCache/Boot.ddc.
[2016.01.27-02.38.51:646][  0]LogInit: Texture streaming: Enabled
[2016.01.27-02.38.51:661][  0]LogAnalytics: Creating configured Analytics provider AnalyticsET
[2016.01.27-02.38.51:662][  0]LogAnalytics: [UEEditor.Rocket.Release] APIServer = http://et2.epicgames.com/ET2/. AppVersion = 4.9.2-2707645+++depot+UE4-Releases+4.9
[2016.01.27-02.38.51:662][  0]LogAnalytics: [UEEditor.Rocket.Release] SetUserId c8da8d664a36a98701fe659c10ae4ff8|70626fa7f476448fb82ad9618fbbb1ab|00e7fb16-00c3-4af4-a2a1-2cc8013aae38
[2016.01.27-02.38.51:662][  0]LogAnalytics: [UEEditor.Rocket.Release] AnalyticsET::StartSession
[2016.01.27-02.38.51:681][  0]LogInit: Transaction tracking system initialized
[2016.01.27-02.38.51:781][  0]BlueprintLog: New page: Editor Load
[2016.01.27-02.38.52:160][  0]LocalizationService: Info Localization service is disabled
[2016.01.27-02.38.52:310][  0]LogLinker:Warning: Can't find file '/Game/ThirdPersonCPP/ThirdPersonOverview'
[2016.01.27-02.38.52:310][  0]LogLinker:Warning: Can't find file '/Game/ThirdPersonCPP/ThirdPersonOverview'
[2016.01.27-02.38.52:311][  0]LogUObjectGlobals:Warning: Failed to find object 'Class /Game/ThirdPersonCPP/ThirdPersonOverview.ThirdPersonOverview_C'
[2016.01.27-02.38.52:341][  0]LogConsoleResponse:Display: 
[2016.01.27-02.38.52:470][  0]LogCook:Display: Done creating registry. It took  0.00s.
[2016.01.27-02.38.52:636][  0]LogFileCache: Scanning file cache for directory 'C:/Users/frederic/Documents/Unreal Projects/LostAge/Content/' took 0.01s
[2016.01.27-02.38.52:636][  0]SourceControl: Info Source control is disabled
[2016.01.27-02.38.52:636][  0]Cmd: MAP LOAD FILE="../../../../../../Users/frederic/Documents/Unreal Projects/LostAge/Content/FirstPersonCPP/Maps/MainMenu.umap" TEMPLATE=0 SHOWPROGRESS=1 FEATURELEVEL=3
[2016.01.27-02.38.52:637][  0]LightingResults: New page: Lighting Build
[2016.01.27-02.38.52:644][  0]MapCheck: New page: Map Check
[2016.01.27-02.38.52:644][  0]LightingResults: New page: Lighting Build
[2016.01.27-02.38.52:658][  0]LogParticles: Destroying 0 GPU particle simulations for FXSystem 0x0000000023276480
[2016.01.27-02.38.52:663][  0]LogAIModule: Creating AISystem for world MainMenu
[2016.01.27-02.38.52:664][  0]LogEditorServer: Finished looking for orphan Actors (0.000 secs)
[2016.01.27-02.38.52:665][  0]Cmd: MAP CHECKDEP NOCLEARLOG
[2016.01.27-02.38.52:714][  0]MapCheck: Info Map check complete: 0 Error(s), 0 Warning(s), took 48.289ms to complete.
[2016.01.27-02.38.52:714][  0]LogFileHelpers: Loading map 'MainMenu' took 0.078
[2016.01.27-02.38.52:823][  0]LogCollectionManager: Loaded 0 collections in 0.002023 seconds
[2016.01.27-02.38.52:869][  0]LogFileCache: Scanning file cache for directory 'C:/Users/frederic/Documents/Unreal Projects/LostAge/Saved/Collections/' took 0.01s
[2016.01.27-02.38.52:870][  0]LogFileCache: Scanning file cache for directory 'C:/Users/frederic/Documents/Unreal Projects/LostAge/Content/Developers/frederic/Collections/' took 0.01s
[2016.01.27-02.38.52:870][  0]LogFileCache: Scanning file cache for directory 'C:/Users/frederic/Documents/Unreal Projects/LostAge/Content/Collections/' took 0.01s
[2016.01.27-02.38.52:870][  0]LogContentBrowser: Native class hierarchy populated in 0.0112 seconds. Added 1875 classes and 335 folders.
[2016.01.27-02.38.52:879][  0]LogCollectionManager: Rebuilt the GUID cache for 0 collections in 0.000002 seconds
[2016.01.27-02.38.52:893][  0]LogContentBrowser: Native class hierarchy updated for 'WidgetCarousel' in 0.0029 seconds. Added 0 classes and 0 folders.
[2016.01.27-02.38.52:964][  0]LogContentBrowser: Native class hierarchy updated for 'AddContentDialog' in 0.0018 seconds. Added 0 classes and 0 folders.
[2016.01.27-02.38.52:985][  0]LogContentBrowser: Native class hierarchy updated for 'SceneOutliner' in 0.0019 seconds. Added 1 classes and 2 folders.
[2016.01.27-02.38.53:016][  0]LogCrashTracker: Crashtracker disabled due to settings.
[2016.01.27-02.38.53:020][  0]LogUObjectGlobals:Warning: Failed to find object 'Class None.'
[2016.01.27-02.38.53:042][  0]LogLoad: Full Startup: 8.08 seconds (BP compile: 0.03 seconds)
[2016.01.27-02.38.53:134][  0]LogContentStreaming: Texture pool size now 1000 MB
[2016.01.27-02.38.53:264][  2]LogRenderer: Reallocating scene render targets to support 972x516 (Frame:2).
[2016.01.27-02.38.53:419][  2]LogAssetRegistry: Asset discovery search completed in 2.7081 seconds
[2016.01.27-02.38.53:420][  2]LogCollectionManager: Rebuilt the object cache for 0 collections in 0.000001 seconds (found 0 objects)
[2016.01.27-02.38.53:420][  2]LogCollectionManager: Fixed up redirectors for 0 collections in 0.000314 seconds (updated 0 objects)
[2016.01.27-02.39.00:548][842]LogPlayLevel: PlayLevel: No blueprints needed recompiling
[2016.01.27-02.39.00:549][842]PIE: New page: PIE session: MainMenu (Jan 26, 2016, 4:39:00 PM)
[2016.01.27-02.39.00:619][842]LogPlayLevel: Creating play world package: /Game/FirstPersonCPP/Maps/UEDPIE_0_MainMenu
[2016.01.27-02.39.00:620][842]LogPlayLevel: PIE: StaticDuplicateObject took: (0.000485s)
[2016.01.27-02.39.00:621][842]LogAIModule: Creating AISystem for world MainMenu
[2016.01.27-02.39.00:621][842]LogPlayLevel: PIE: World Init took: (0.001003s)
[2016.01.27-02.39.00:622][842]LogPlayLevel: PIE: Created PIE world by copying editor world from /Game/FirstPersonCPP/Maps/MainMenu.MainMenu to /Game/FirstPersonCPP/Maps/UEDPIE_0_MainMenu.MainMenu (0.002764s)
[2016.01.27-02.39.00:645][842]LogInit: XAudio2 using 'Haut-parleurs (USB PnP Sound Device)' : 2 channels at 44.1 kHz using 16 bits per sample (channel mask 0x3)
[2016.01.27-02.39.00:649][842]LogInit: FAudioDevice initialized.
[2016.01.27-02.39.00:697][842]LogWorld: Game class is 'LostAgeGameMode'
[2016.01.27-02.39.00:699][842]LogWorld: Bringing World /Game/FirstPersonCPP/Maps/UEDPIE_0_MainMenu.MainMenu up for play (max tick rate 0) at 2016.01.26-21.39.00
[2016.01.27-02.39.00:700][842]LogActor:Warning: GameSession /Game/FirstPersonCPP/Maps/UEDPIE_0_MainMenu.MainMenu:PersistentLevel.GameSession_0 has natively added scene component(s), but none of them were set as the actor's RootComponent - picking one arbitrarily
[2016.01.27-02.39.00:700][842]LogActor:Warning: GameNetworkManager