[2016.01.26-23.08.35:301][  0]Log file open, 01/26/16 18:08:35
[2016.01.26-23.08.35:301][  0]LogInit:Display: Running engine for game: LostAge
[2016.01.26-23.08.35:302][  0]LogInit:Display: RandInit(1867352629) SRandInit(1867352630).
[2016.01.26-23.08.35:302][  0]LogTaskGraph: Started task graph with 4 named threads and 7 total threads.
[2016.01.26-23.08.35:302][  0]LogStats: Stats thread started at 0.147932
[2016.01.26-23.08.35:302][  0]LogInit: Version: 4.9.2-2707645+++depot+UE4-Releases+4.9
[2016.01.26-23.08.35:303][  0]LogInit: API Version: 2672455
[2016.01.26-23.08.35:303][  0]LogInit: Compiled (64-bit): Sep 28 2015 10:25:44
[2016.01.26-23.08.35:303][  0]LogInit: Compiled with Visual C++: 18.00.21005.01
[2016.01.26-23.08.35:303][  0]LogInit: Build Configuration: DebugGame
[2016.01.26-23.08.35:303][  0]LogInit: Branch Name: ++depot+UE4-Releases+4.9
[2016.01.26-23.08.35:304][  0]LogInit: Command line:  -debug
[2016.01.26-23.08.35:304][  0]LogInit: Base directory: C:/Program Files/Epic Games/4.9/Engine/Binaries/Win64/
[2016.01.26-23.08.35:304][  0]LogInit: Rocket: 1
[2016.01.26-23.08.35:337][  0]LogInit: Using libcurl 7.41.0
[2016.01.26-23.08.35:337][  0]LogInit:  - built for x86_64-pc-win32
[2016.01.26-23.08.35:337][  0]LogInit:  - supports SSL with WinSSL
[2016.01.26-23.08.35:338][  0]LogInit:  - other features:
[2016.01.26-23.08.35:338][  0]LogInit:      CURL_VERSION_SSL
[2016.01.26-23.08.35:338][  0]LogInit:      CURL_VERSION_IPV6
[2016.01.26-23.08.35:338][  0]LogInit:      CURL_VERSION_ASYNCHDNS
[2016.01.26-23.08.35:338][  0]LogInit:      CURL_VERSION_LARGEFILE
[2016.01.26-23.08.35:339][  0]LogInit:      CURL_VERSION_IDN
[2016.01.26-23.08.35:339][  0]LogInit:  CurlRequestOptions (configurable via config and command line):
[2016.01.26-23.08.35:339][  0]LogInit:  - bVerifyPeer = true  - Libcurl will verify peer certificate
[2016.01.26-23.08.35:339][  0]LogInit:  - bUseHttpProxy = false  - Libcurl will NOT use HTTP proxy
[2016.01.26-23.08.35:340][  0]LogInit:  - bDontReuseConnections = false  - Libcurl will reuse connections
[2016.01.26-23.08.35:340][  0]LogInit:  - CertBundlePath = nullptr  - Libcurl will use whatever was configured at build time.
[2016.01.26-23.08.35:397][  0]LogInit: WinSock: version 1.1 (2.2), MaxSocks=32767, MaxUdp=65467
[2016.01.26-23.08.35:410][  0]LogVoice:Warning: Failed to initialize voice interface
[2016.01.26-23.08.35:418][  0]LogInit: Presizing for 0 objects not considered by GC, pre-allocating 0 bytes.
[2016.01.26-23.08.35:425][  0]LogInit: Object subsystem initialized
[2016.01.26-23.08.35:428][  0]LogInit: Selected Device Profile: [Windows]
[2016.01.26-23.08.35:428][  0]LogInit: Applying CVar settings loaded from the selected device profile: [Windows]
[2016.01.26-23.08.35:439][  0]LogInit: Computer: FREDERIC-PC
[2016.01.26-23.08.35:439][  0]LogInit: User: frederic
[2016.01.26-23.08.35:440][  0]LogInit: CPU Page size=4096, Cores=4
[2016.01.26-23.08.35:440][  0]LogInit: High frequency timer resolution =3.331240 MHz
[2016.01.26-23.08.35:440][  0]LogMemory: Memory total: Physical=15.9GB (16GB approx)
[2016.01.26-23.08.35:441][  0]LogMemory: Platform Memory Stats for Windows
[2016.01.26-23.08.35:441][  0]LogMemory: Process Physical Memory: 55.06 MB used, 55.06 MB peak
[2016.01.26-23.08.35:441][  0]LogMemory: Process Virtual Memory: 55.75 MB used, 55.75 MB peak
[2016.01.26-23.08.35:441][  0]LogMemory: Physical Memory: 7417.53 MB used, 16288.39 MB total
[2016.01.26-23.08.35:442][  0]LogMemory: Virtual Memory: 337.63 MB used, 8388608.00 MB total
[2016.01.26-23.08.35:520][  0]LogTextLocalizationManager: No translations for ('fr-CA') exist, falling back to 'en' for localization and internationalization data.
[2016.01.26-23.08.36:196][  0]LogD3D11RHI: Found D3D11 adapter 0: NVIDIA GeForce GTX 970 (Feature Level 11_0)
[2016.01.26-23.08.36:196][  0]LogD3D11RHI: Adapter has 4008MB of dedicated video memory, 0MB of dedicated system memory, and 7888MB of shared system memory, 1 output[s]
[2016.01.26-23.08.36:205][  0]LogD3D11RHI: Found D3D11 adapter 1: Intel(R) HD Graphics 3000 (Feature Level 10_0)
[2016.01.26-23.08.36:205][  0]LogD3D11RHI: Adapter has 64MB of dedicated video memory, 0MB of dedicated system memory, and 1632MB of shared system memory, 0 output[s]
[2016.01.26-23.08.36:206][  0]LogD3D11RHI: Chosen D3D11 Adapter Id = 0
[2016.01.26-23.08.36:210][  0]LogD3D11RHI: !Direct3DDevice
[2016.01.26-23.08.36:211][  0]LogRHI: Texture pool is 1361 MB (70% of 1945 MB)
[2016.01.26-23.08.36:255][  0]LogD3D11RHI: Async texture creation enabled
[2016.01.26-23.08.36:271][  0]LogShaderCompilers: Guid format shader working directory is 15 characters bigger than the processId version (../../../../../../Users/frederic/Documents/Unreal Projects/LostAge/Intermediate/Shaders/WorkingDirectory/6916/).
[2016.01.26-23.08.36:271][  0]LogShaderCompilers: Cleaned the shader compiler working directory '../../../../../../Users/frederic/Documents/Unreal Projects/LostAge/Intermediate/Shaders/tmp/6829811C42A303A75ED6E98159AE0A8C/'.
[2016.01.26-23.08.36:272][  0]LogShaderCompilers:Display: Using Local Shader Compiler.
[2016.01.26-23.08.37:490][  0]LogTemp:Display: Loaded TP AllDesktopTargetPlatform
[2016.01.26-23.08.37:506][  0]LogTemp:Display: Loaded TP WindowsClientTargetPlatform
[2016.01.26-23.08.37:521][  0]LogTemp:Display: Loaded TP WindowsNoEditorTargetPlatform
[2016.01.26-23.08.37:540][  0]LogTemp:Display: Loaded TP WindowsServerTargetPlatform
[2016.01.26-23.08.37:556][  0]LogTemp:Display: Loaded TP WindowsTargetPlatform
[2016.01.26-23.08.37:564][  0]LogTemp:Display: Loaded TP AndroidTargetPlatform
[2016.01.26-23.08.37:571][  0]LogTemp:Display: Loaded TP Android_ASTCTargetPlatform
[2016.01.26-23.08.37:579][  0]LogTemp:Display: Loaded TP Android_ATCTargetPlatform
[2016.01.26-23.08.37:587][  0]LogTemp:Display: Loaded TP Android_DXTTargetPlatform
[2016.01.26-23.08.37:597][  0]LogTemp:Display: Loaded TP Android_ETC1TargetPlatform
[2016.01.26-23.08.37:606][  0]LogTemp:Display: Loaded TP Android_ETC2TargetPlatform
[2016.01.26-23.08.37:616][  0]LogTemp:Display: Loaded TP Android_PVRTCTargetPlatform
[2016.01.26-23.08.37:620][  0]LogTemp:Display: Loaded TP HTML5TargetPlatform
[2016.01.26-23.08.37:652][  0]LogTemp:Display: Loaded TP IOSTargetPlatform
[2016.01.26-23.08.37:660][  0]LogTemp:Display: Loaded TP LinuxNoEditorTargetPlatform
[2016.01.26-23.08.37:666][  0]LogTemp:Display: Loaded TP LinuxServerTargetPlatform
[2016.01.26-23.08.37:673][  0]LogTemp:Display: Loaded TP LinuxTargetPlatform
[2016.01.26-23.08.37:674][  0]LogTargetPlatformManager:Display: Building Assets For Windows
[2016.01.26-23.08.37:901][  0]LogDerivedDataCache:Display: Max Cache Size: 512 MB
[2016.01.26-23.08.37:949][  0]LogDerivedDataCache: Loaded boot cache 0.05s 42MB C:/Users/frederic/AppData/Local/UnrealEngine/4.9/DerivedDataCache/Boot.ddc.
[2016.01.26-23.08.37:950][  0]LogDerivedDataCache:Display: Loaded Boot cache: C:/Users/frederic/AppData/Local/UnrealEngine/4.9/DerivedDataCache/Boot.ddc
[2016.01.26-23.08.37:950][  0]LogDerivedDataCache: FDerivedDataBackendGraph:  Pak pak cache file ../../../../../../Users/frederic/Documents/Unreal Projects/LostAge/DerivedDataCache/DDC.ddp not found, will not use a pak cache.
[2016.01.26-23.08.37:950][  0]LogDerivedDataCache: Unable to find inner node Pak for hierarchical cache Hierarchy.
[2016.01.26-23.08.37:951][  0]LogDerivedDataCache: FDerivedDataBackendGraph:  CompressedPak pak cache file ../../../../../../Users/frederic/Documents/Unreal Projects/LostAge/DerivedDataCache/Compressed.ddp not found, will not use a pak cache.
[2016.01.26-23.08.37:951][  0]LogDerivedDataCache: Unable to find inner node CompressedPak for hierarchical cache Hierarchy.
[2016.01.26-23.08.38:100][  0]LogDerivedDataCache:Display: Pak cache opened for reading ../../../Engine/DerivedDataCache/Compressed.ddp.
[2016.01.26-23.08.38:112][  0]LogDerivedDataCache: Using Local data cache path C:/Users/frederic/AppData/Local/UnrealEngine/Common/DerivedDataCache: Writable
[2016.01.26-23.08.38:294][  0]LogInit: Selected Device Profile: [Windows]
[2016.01.26-23.08.38:295][  0]LogContentStreaming: Texture pool size is 0.000000MB
[2016.01.26-23.08.38:333][  0]LogMeshUtilities: No automatic mesh reduction module available
[2016.01.26-23.08.38:334][  0]LogMeshUtilities: No automatic mesh merging module available
[2016.01.26-23.08.39:740][  0]UdpMessaging: Initializing bridge on interface 0.0.0.0:0 to multicast group 230.0.0.1:6666.
[2016.01.26-23.08.49:685][  0]LogAssetRegistry: FAssetRegistry took 0.0103 seconds to start up
[2016.01.26-23.08.50:024][  0]SourceControl: Info Source control is disabled
[2016.01.26-23.08.50:025][  0]SourceControl: Info Source control is disabled
[2016.01.26-23.08.50:046][  0]SourceControl: Info Source control is disabled
[2016.01.26-23.08.50:066][  0]SourceControl: Info Source control is disabled
[2016.01.26-23.08.50:277][  0]LogLinker:Warning: Asset '../../../Engine/Plugins/Runtime/LeapMotionController/Content/LM_PassthroughMaterial.uasset' has been saved with empty engine version. The asset will be loaded but may be incompatible.
[2016.01.26-23.08.50:386][  0]LogObj: 31792 objects as part of root set at end of initial load.
[2016.01.26-23.08.50:387][  0]LogUObjectAllocator: 7252992 out of 0 bytes used by permanent object pool.
[2016.01.26-23.08.50:464][  0]LogEngine: Initializing Engine...
[2016.01.26-23.08.50:467][  0]LogHMD: Can't find Oculus library dev build: is proper Runtime installed? Version: 0.7.0.0
[2016.01.26-23.08.50:468][  0]LogHMD: SteamVR failed to initialize.  Err: 110
[2016.01.26-23.08.50:625][  0]LogAIModule: Creating AISystem for world NewWorld
[2016.01.26-23.08.50:642][  0]LogInit: XAudio2 using 'Haut-parleurs (USB PnP Sound Device)' : 2 channels at 44.1 kHz using 16 bits per sample (channel mask 0x3)
[2016.01.26-23.08.50:661][  0]LogInit: FAudioDevice initialized.
[2016.01.26-23.08.50:683][  0]LogDerivedDataCache: Saved boot cache 0.02s 42MB C:/Users/frederic/AppData/Local/UnrealEngine/4.9/DerivedDataCache/Boot.ddc.
[2016.01.26-23.08.50:689][  0]LogInit: Texture streaming: Enabled
[2016.01.26-23.08.50:705][  0]LogAnalytics: Creating configured Analytics provider AnalyticsET
[2016.01.26-23.08.50:706][  0]LogAnalytics: [UEEditor.Rocket.Release] APIServer = http://et2.epicgames.com/ET2/. AppVersion = 4.9.2-2707645+++depot+UE4-Releases+4.9
[2016.01.26-23.08.50:706][  0]LogAnalytics: [UEEditor.Rocket.Release] SetUserId c8da8d664a36a98701fe659c10ae4ff8|70626fa7f476448fb82ad9618fbbb1ab|00e7fb16-00c3-4af4-a2a1-2cc8013aae38
[2016.01.26-23.08.50:706][  0]LogAnalytics: [UEEditor.Rocket.Release] AnalyticsET::StartSession
[2016.01.26-23.08.50:726][  0]LogInit: Transaction tracking system initialized
[2016.01.26-23.08.50:830][  0]BlueprintLog: New page: Editor Load
[2016.01.26-23.08.51:223][  0]LocalizationService: Info Localization service is disabled
[2016.01.26-23.08.51:380][  0]LogLinker:Warning: Can't find file '/Game/ThirdPersonCPP/ThirdPersonOverview'
[2016.01.26-23.08.51:381][  0]LogLinker:Warning: Can't find file '/Game/ThirdPersonCPP/ThirdPersonOverview'
[2016.01.26-23.08.51:381][  0]LogUObjectGlobals:Warning: Failed to find object 'Class /Game/ThirdPersonCPP/ThirdPersonOverview.ThirdPersonOverview_C'
[2016.01.26-23.08.51:410][  0]LogConsoleResponse:Display: 
[2016.01.26-23.08.51:536][  0]LogCook:Display: Done creating registry. It took  0.00s.
[2016.01.26-23.08.51:695][  0]LogFileCache: Scanning file cache for directory 'C:/Users/frederic/Documents/Unreal Projects/LostAge/Content/' took 0.01s
[2016.01.26-23.08.51:695][  0]SourceControl: Info Source control is disabled
[2016.01.26-23.08.51:696][  0]Cmd: MAP LOAD FILE="../../../../../../Users/frederic/Documents/Unreal Projects/LostAge/Content/FirstPersonCPP/Maps/MainMenu.umap" TEMPLATE=0 SHOWPROGRESS=1 FEATURELEVEL=3
[2016.01.26-23.08.51:696][  0]LightingResults: New page: Lighting Build
[2016.01.26-23.08.51:701][  0]MapCheck: New page: Map Check
[2016.01.26-23.08.51:702][  0]LightingResults: New page: Lighting Build
[2016.01.26-23.08.51:717][  0]LogParticles: Destroying 0 GPU particle simulations for FXSystem 0x00000000232DE160
[2016.01.26-23.08.51:722][  0]LogAIModule: Creating AISystem for world MainMenu
[2016.01.26-23.08.51:723][  0]LogEditorServer: Finished looking for orphan Actors (0.000 secs)
[2016.01.26-23.08.51:725][  0]Cmd: MAP CHECKDEP NOCLEARLOG
[2016.01.26-23.08.51:770][  0]MapCheck: Info Map check complete: 0 Error(s), 0 Warning(s), took 44.216ms to complete.
[2016.01.26-23.08.51:770][  0]LogFileHelpers: Loading map 'MainMenu' took 0.075
[2016.01.26-23.08.51:885][  0]LogCollectionManager: Loaded 0 collections in 0.002120 seconds
[2016.01.26-23.08.51:927][  0]LogFileCache: Scanning file cache for directory 'C:/Users/frederic/Documents/Unreal Projects/LostAge/Saved/Collections/' took 0.01s
[2016.01.26-23.08.51:928][  0]LogFileCache: Scanning file cache for directory 'C:/Users/frederic/Documents/Unreal Projects/LostAge/Content/Developers/frederic/Collections/' took 0.01s
[2016.01.26-23.08.51:928][  0]LogFileCache: Scanning file cache for directory 'C:/Users/frederic/Documents/Unreal Projects/LostAge/Content/Collections/' took 0.01s
[2016.01.26-23.08.51:928][  0]LogContentBrowser: Native class hierarchy populated in 0.0082 seconds. Added 1875 classes and 335 folders.
[2016.01.26-23.08.51:937][  0]LogCollectionManager: Rebuilt the GUID cache for 0 collections in 0.000002 seconds
[2016.01.26-23.08.51:951][  0]LogContentBrowser: Native class hierarchy updated for 'WidgetCarousel' in 0.0029 seconds. Added 0 classes and 0 folders.
[2016.01.26-23.08.52:011][  0]LogContentBrowser: Native class hierarchy updated for 'AddContentDialog' in 0.0019 seconds. Added 0 classes and 0 folders.
[2016.01.26-23.08.52:032][  0]LogContentBrowser: Native class hierarchy updated for 'SceneOutliner' in 0.0018 seconds. Added 1 classes and 2 folders.
[2016.01.26-23.08.52:062][  0]LogCrashTracker: Crashtracker disabled due to settings.
[2016.01.26-23.08.52:066][  0]LogUObjectGlobals:Warning: Failed to find object 'Class None.'
[2016.01.26-23.08.52:087][  0]LogLoad: Full Startup: 17.76 seconds (BP compile: 0.04 seconds)
[2016.01.26-23.08.52:175][  0]LogContentStreaming: Texture pool size now 1000 MB
[2016.01.26-23.08.52:320][  2]LogRenderer: Reallocating scene render targets to support 968x508 (Frame:2).
[2016.01.26-23.08.52:477][  2]LogAssetRegistry: Asset discovery search completed in 2.8029 seconds
[2016.01.26-23.08.52:478][  2]LogCollectionManager: Rebuilt the object cache for 0 collections in 0.000002 seconds (found 0 objects)
[2016.01.26-23.08.52:478][  2]LogCollectionManager: Fixed up redirectors for 0 collections in 0.000407 seconds (updated 0 objects)
[2016.01.26-23.09.00:153][887]LogAIModule: Creating AISystem for world FirstPersonExampleMap
[2016.01.26-23.09.00:196][887]Cmd: MAP LOAD FILE="../../../../../../Users/frederic/Documents/Unreal Projects/LostAge/Content/FirstPersonCPP/Maps/FirstPersonExampleMap.umap" TEMPLATE=0 SHOWPROGRESS=1 FEATURELEVEL=3
[2016.01.26-23.09.00:197][887]LightingResults: New page: Lighting Build
[2016.01.26-23.09.00:211][887]LoadErrors: New page: Loading map: FirstPersonExampleMap.umap
[2016.01.26-23.09.00:212][887]MapCheck: New page: Map Check
[2016.01.26-23.09.00:212][887]LightingResults: New page: Lighting Build
[2016.01.26-23.09.00:223][887]LogParticles: Destroying 0 GPU particle simulations for FXSystem 0x00000000139D3240
[2016.01.26-23.09.00:226][887]LogEditorServer: Finished looking for orphan Actors (0.000 secs)
[2016.01.26-23.09.00:257][887]Cmd: MAP CHECKDEP NOCLEARLOG
[2016.01.26-23.09.00:308][887]MapCheck: Info Map check complete: 0 Error(s), 0 Warning(s), took 50.223ms to complete.
[2016.01.26-23.09.00:308][887]LogFileHelpers: Loading map 'FirstPersonExampleMap' took 0.113
[2016.01.26-23.09.08:968][812]LogEditorViewport: Clicking on Actor (LMB): StaticMeshActor (Floor)
[2016.01.26-23.09.10:002][924]LogEditorViewport: Clicking on Actor (LMB): StaticMeshActor (Wall1)
[2016.01.26-23.09.10:684][  0]LogEditorViewport: Clicking on Actor (LMB): t_C (t)
[2016.01.26-23.09.12:954][257]LogBlueprintUserMessages: Early PlayInEditor Detection: Level '/Game/FirstPersonCPP/Maps/FirstPersonExampleMap.FirstPersonExampleMap:PersistentLeve