[2016.01.27-15.32.54:058][  0]Log file open, 01/27/16 10:32:54
[2016.01.27-15.32.54:058][  0]LogInit:Display: Running engine for game: LostAge
[2016.01.27-15.32.54:059][  0]LogInit:Display: RandInit(-869559632) SRandInit(-869559631).
[2016.01.27-15.32.54:059][  0]LogTaskGraph: Started task graph with 4 named threads and 7 total threads.
[2016.01.27-15.32.54:059][  0]LogStats: Stats thread started at 0.147555
[2016.01.27-15.32.54:060][  0]LogInit: Version: 4.9.2-2707645+++depot+UE4-Releases+4.9
[2016.01.27-15.32.54:060][  0]LogInit: API Version: 2672455
[2016.01.27-15.32.54:060][  0]LogInit: Compiled (64-bit): Sep 28 2015 10:25:44
[2016.01.27-15.32.54:061][  0]LogInit: Compiled with Visual C++: 18.00.21005.01
[2016.01.27-15.32.54:061][  0]LogInit: Build Configuration: Development
[2016.01.27-15.32.54:061][  0]LogInit: Branch Name: ++depot+UE4-Releases+4.9
[2016.01.27-15.32.54:062][  0]LogInit: Command line: 
[2016.01.27-15.32.54:062][  0]LogInit: Base directory: C:/Program Files/Epic Games/4.9/Engine/Binaries/Win64/
[2016.01.27-15.32.54:062][  0]LogInit: Rocket: 1
[2016.01.27-15.32.54:116][  0]LogInit: Using libcurl 7.41.0
[2016.01.27-15.32.54:116][  0]LogInit:  - built for x86_64-pc-win32
[2016.01.27-15.32.54:116][  0]LogInit:  - supports SSL with WinSSL
[2016.01.27-15.32.54:117][  0]LogInit:  - other features:
[2016.01.27-15.32.54:117][  0]LogInit:      CURL_VERSION_SSL
[2016.01.27-15.32.54:117][  0]LogInit:      CURL_VERSION_IPV6
[2016.01.27-15.32.54:117][  0]LogInit:      CURL_VERSION_ASYNCHDNS
[2016.01.27-15.32.54:118][  0]LogInit:      CURL_VERSION_LARGEFILE
[2016.01.27-15.32.54:118][  0]LogInit:      CURL_VERSION_IDN
[2016.01.27-15.32.54:118][  0]LogInit:  CurlRequestOptions (configurable via config and command line):
[2016.01.27-15.32.54:118][  0]LogInit:  - bVerifyPeer = true  - Libcurl will verify peer certificate
[2016.01.27-15.32.54:118][  0]LogInit:  - bUseHttpProxy = false  - Libcurl will NOT use HTTP proxy
[2016.01.27-15.32.54:119][  0]LogInit:  - bDontReuseConnections = false  - Libcurl will reuse connections
[2016.01.27-15.32.54:119][  0]LogInit:  - CertBundlePath = nullptr  - Libcurl will use whatever was configured at build time.
[2016.01.27-15.32.54:171][  0]LogInit: WinSock: version 1.1 (2.2), MaxSocks=32767, MaxUdp=65467
[2016.01.27-15.32.54:186][  0]LogVoice:Warning: Failed to initialize voice interface
[2016.01.27-15.32.54:193][  0]LogInit: Presizing for 0 objects not considered by GC, pre-allocating 0 bytes.
[2016.01.27-15.32.54:201][  0]LogInit: Object subsystem initialized
[2016.01.27-15.32.54:203][  0]LogInit: Selected Device Profile: [Windows]
[2016.01.27-15.32.54:204][  0]LogInit: Applying CVar settings loaded from the selected device profile: [Windows]
[2016.01.27-15.32.54:212][  0]LogInit: Computer: FREDERIC-PC
[2016.01.27-15.32.54:213][  0]LogInit: User: frederic
[2016.01.27-15.32.54:213][  0]LogInit: CPU Page size=4096, Cores=4
[2016.01.27-15.32.54:213][  0]LogInit: High frequency timer resolution =3.331220 MHz
[2016.01.27-15.32.54:214][  0]LogMemory: Memory total: Physical=15.9GB (16GB approx)
[2016.01.27-15.32.54:214][  0]LogMemory: Platform Memory Stats for Windows
[2016.01.27-15.32.54:214][  0]LogMemory: Process Physical Memory: 54.59 MB used, 54.59 MB peak
[2016.01.27-15.32.54:214][  0]LogMemory: Process Virtual Memory: 55.74 MB used, 55.74 MB peak
[2016.01.27-15.32.54:215][  0]LogMemory: Physical Memory: 7684.18 MB used, 16288.39 MB total
[2016.01.27-15.32.54:215][  0]LogMemory: Virtual Memory: 337.63 MB used, 8388608.00 MB total
[2016.01.27-15.32.54:285][  0]LogTextLocalizationManager: No translations for ('fr-CA') exist, falling back to 'en' for localization and internationalization data.
[2016.01.27-15.32.54:949][  0]LogD3D11RHI: Found D3D11 adapter 0: NVIDIA GeForce GTX 970 (Feature Level 11_0)
[2016.01.27-15.32.54:949][  0]LogD3D11RHI: Adapter has 4008MB of dedicated video memory, 0MB of dedicated system memory, and 7888MB of shared system memory, 1 output[s]
[2016.01.27-15.32.54:957][  0]LogD3D11RHI: Found D3D11 adapter 1: Intel(R) HD Graphics 3000 (Feature Level 10_0)
[2016.01.27-15.32.54:957][  0]LogD3D11RHI: Adapter has 64MB of dedicated video memory, 0MB of dedicated system memory, and 1632MB of shared system memory, 0 output[s]
[2016.01.27-15.32.54:958][  0]LogD3D11RHI: Chosen D3D11 Adapter Id = 0
[2016.01.27-15.32.54:962][  0]LogD3D11RHI: !Direct3DDevice
[2016.01.27-15.32.54:963][  0]LogRHI: Texture pool is 1361 MB (70% of 1945 MB)
[2016.01.27-15.32.55:035][  0]LogD3D11RHI: Async texture creation enabled
[2016.01.27-15.32.55:050][  0]LogShaderCompilers: Guid format shader working directory is 15 characters bigger than the processId version (../../../../../../Users/frederic/Documents/Unreal Projects/LostAge/Intermediate/Shaders/WorkingDirectory/3176/).
[2016.01.27-15.32.55:051][  0]LogShaderCompilers: Cleaned the shader compiler working directory '../../../../../../Users/frederic/Documents/Unreal Projects/LostAge/Intermediate/Shaders/tmp/DF2D910B40B11064B614F68FD2885214/'.
[2016.01.27-15.32.55:051][  0]LogShaderCompilers:Display: Using Local Shader Compiler.
[2016.01.27-15.32.56:190][  0]LogTemp:Display: Loaded TP AllDesktopTargetPlatform
[2016.01.27-15.32.56:203][  0]LogTemp:Display: Loaded TP WindowsClientTargetPlatform
[2016.01.27-15.32.56:217][  0]LogTemp:Display: Loaded TP WindowsNoEditorTargetPlatform
[2016.01.27-15.32.56:231][  0]LogTemp:Display: Loaded TP WindowsServerTargetPlatform
[2016.01.27-15.32.56:245][  0]LogTemp:Display: Loaded TP WindowsTargetPlatform
[2016.01.27-15.32.56:251][  0]LogTemp:Display: Loaded TP AndroidTargetPlatform
[2016.01.27-15.32.56:259][  0]LogTemp:Display: Loaded TP Android_ASTCTargetPlatform
[2016.01.27-15.32.56:265][  0]LogTemp:Display: Loaded TP Android_ATCTargetPlatform
[2016.01.27-15.32.56:273][  0]LogTemp:Display: Loaded TP Android_DXTTargetPlatform
[2016.01.27-15.32.56:280][  0]LogTemp:Display: Loaded TP Android_ETC1TargetPlatform
[2016.01.27-15.32.56:287][  0]LogTemp:Display: Loaded TP Android_ETC2TargetPlatform
[2016.01.27-15.32.56:294][  0]LogTemp:Display: Loaded TP Android_PVRTCTargetPlatform
[2016.01.27-15.32.56:297][  0]LogTemp:Display: Loaded TP HTML5TargetPlatform
[2016.01.27-15.32.56:327][  0]LogTemp:Display: Loaded TP IOSTargetPlatform
[2016.01.27-15.32.56:333][  0]LogTemp:Display: Loaded TP LinuxNoEditorTargetPlatform
[2016.01.27-15.32.56:340][  0]LogTemp:Display: Loaded TP LinuxServerTargetPlatform
[2016.01.27-15.32.56:346][  0]LogTemp:Display: Loaded TP LinuxTargetPlatform
[2016.01.27-15.32.56:347][  0]LogTargetPlatformManager:Display: Building Assets For Windows
[2016.01.27-15.32.56:536][  0]LogDerivedDataCache:Display: Max Cache Size: 512 MB
[2016.01.27-15.32.56:583][  0]LogDerivedDataCache: Loaded boot cache 0.05s 42MB C:/Users/frederic/AppData/Local/UnrealEngine/4.9/DerivedDataCache/Boot.ddc.
[2016.01.27-15.32.56:584][  0]LogDerivedDataCache:Display: Loaded Boot cache: C:/Users/frederic/AppData/Local/UnrealEngine/4.9/DerivedDataCache/Boot.ddc
[2016.01.27-15.32.56:584][  0]LogDerivedDataCache: FDerivedDataBackendGraph:  Pak pak cache file ../../../../../../Users/frederic/Documents/Unreal Projects/LostAge/DerivedDataCache/DDC.ddp not found, will not use a pak cache.
[2016.01.27-15.32.56:584][  0]LogDerivedDataCache: Unable to find inner node Pak for hierarchical cache Hierarchy.
[2016.01.27-15.32.56:585][  0]LogDerivedDataCache: FDerivedDataBackendGraph:  CompressedPak pak cache file ../../../../../../Users/frederic/Documents/Unreal Projects/LostAge/DerivedDataCache/Compressed.ddp not found, will not use a pak cache.
[2016.01.27-15.32.56:585][  0]LogDerivedDataCache: Unable to find inner node CompressedPak for hierarchical cache Hierarchy.
[2016.01.27-15.32.56:727][  0]LogDerivedDataCache:Display: Pak cache opened for reading ../../../Engine/DerivedDataCache/Compressed.ddp.
[2016.01.27-15.32.56:739][  0]LogDerivedDataCache: Using Local data cache path C:/Users/frederic/AppData/Local/UnrealEngine/Common/DerivedDataCache: Writable
[2016.01.27-15.32.56:918][  0]LogInit: Selected Device Profile: [Windows]
[2016.01.27-15.32.56:920][  0]LogContentStreaming: Texture pool size is 0.000000MB
[2016.01.27-15.32.56:954][  0]LogMeshUtilities: No automatic mesh reduction module available
[2016.01.27-15.32.56:955][  0]LogMeshUtilities: No automatic mesh merging module available
[2016.01.27-15.32.58:255][  0]UdpMessaging: Initializing bridge on interface 0.0.0.0:0 to multicast group 230.0.0.1:6666.
[2016.01.27-15.32.58:583][  0]LogAssetRegistry: FAssetRegistry took 0.0104 seconds to start up
[2016.01.27-15.32.58:880][  0]SourceControl: Info Source control is disabled
[2016.01.27-15.32.58:882][  0]SourceControl: Info Source control is disabled
[2016.01.27-15.32.58:900][  0]SourceControl: Info Source control is disabled
[2016.01.27-15.32.58:921][  0]SourceControl: Info Source control is disabled
[2016.01.27-15.32.59:109][  0]LogLinker:Warning: Asset '../../../Engine/Plugins/Runtime/LeapMotionController/Content/LM_PassthroughMaterial.uasset' has been saved with empty engine version. The asset will be loaded but may be incompatible.
[2016.01.27-15.32.59:222][  0]LogObj: 31792 objects as part of root set at end of initial load.
[2016.01.27-15.32.59:222][  0]LogUObjectAllocator: 7252928 out of 0 bytes used by permanent object pool.
[2016.01.27-15.32.59:297][  0]LogEngine: Initializing Engine...
[2016.01.27-15.32.59:300][  0]LogHMD: Can't find Oculus library dev build: is proper Runtime installed? Version: 0.7.0.0
[2016.01.27-15.32.59:303][  0]LogHMD: SteamVR failed to initialize.  Err: 110
[2016.01.27-15.32.59:445][  0]LogAIModule: Creating AISystem for world NewWorld
[2016.01.27-15.32.59:462][  0]LogInit: XAudio2 using 'Haut-parleurs (USB PnP Sound Device)' : 2 channels at 44.1 kHz using 16 bits per sample (channel mask 0x3)
[2016.01.27-15.32.59:471][  0]LogInit: FAudioDevice initialized.
[2016.01.27-15.32.59:491][  0]LogDerivedDataCache: Saved boot cache 0.02s 42MB C:/Users/frederic/AppData/Local/UnrealEngine/4.9/DerivedDataCache/Boot.ddc.
[2016.01.27-15.32.59:498][  0]LogInit: Texture streaming: Enabled
[2016.01.27-15.32.59:512][  0]LogAnalytics: Creating configured Analytics provider AnalyticsET
[2016.01.27-15.32.59:513][  0]LogAnalytics: [UEEditor.Rocket.Release] APIServer = http://et2.epicgames.com/ET2/. AppVersion = 4.9.2-2707645+++depot+UE4-Releases+4.9
[2016.01.27-15.32.59:513][  0]LogAnalytics: [UEEditor.Rocket.Release] SetUserId c8da8d664a36a98701fe659c10ae4ff8|70626fa7f476448fb82ad9618fbbb1ab|00e7fb16-00c3-4af4-a2a1-2cc8013aae38
[2016.01.27-15.32.59:513][  0]LogAnalytics: [UEEditor.Rocket.Release] AnalyticsET::StartSession
[2016.01.27-15.32.59:529][  0]LogInit: Transaction tracking system initialized
[2016.01.27-15.32.59:616][  0]BlueprintLog: New page: Editor Load
[2016.01.27-15.32.59:951][  0]LocalizationService: Info Localization service is disabled
[2016.01.27-15.33.00:090][  0]LogLinker:Warning: Can't find file '/Game/ThirdPersonCPP/ThirdPersonOverview'
[2016.01.27-15.33.00:090][  0]LogLinker:Warning: Can't find file '/Game/ThirdPersonCPP/ThirdPersonOverview'
[2016.01.27-15.33.00:091][  0]LogUObjectGlobals:Warning: Failed to find object 'Class /Game/ThirdPersonCPP/ThirdPersonOverview.ThirdPersonOverview_C'
[2016.01.27-15.33.00:117][  0]LogConsoleResponse:Display: 
[2016.01.27-15.33.00:235][  0]LogCook:Display: Done creating registry. It took  0.00s.
[2016.01.27-15.33.00:378][  0]LogFileCache: Scanning file cache for directory 'C:/Users/frederic/Documents/Unreal Projects/LostAge/Content/' took 0.01s
[2016.01.27-15.33.00:379][  0]SourceControl: Info Source control is disabled
[2016.01.27-15.33.00:379][  0]Cmd: MAP LOAD FILE="../../../../../../Users/frederic/Documents/Unreal Projects/LostAge/Content/FirstPersonCPP/Maps/MainMenu.umap" TEMPLATE=0 SHOWPROGRESS=1 FEATURELEVEL=3
[2016.01.27-15.33.00:380][  0]LightingResults: New page: Lighting Build
[2016.01.27-15.33.00:387][  0]MapCheck: New page: Map Check
[2016.01.27-15.33.00:387][  0]LightingResults: New page: Lighting Build
[2016.01.27-15.33.00:399][  0]LogParticles: Destroying 0 GPU particle simulations for FXSystem 0x0000000022CE2160
[2016.01.27-15.33.00:404][  0]LogAIModule: Creating AISystem for world MainMenu
[2016.01.27-15.33.00:405][  0]LogEditorServer: Finished looking for orphan Actors (0.000 secs)
[2016.01.27-15.33.00:406][  0]Cmd: MAP CHECKDEP NOCLEARLOG
[2016.01.27-15.33.00:449][  0]MapCheck: Info Map check complete: 0 Error(s), 0 Warning(s), took 43.058ms to complete.
[2016.01.27-15.33.00:450][  0]LogFileHelpers: Loading map 'MainMenu' took 0.071
[2016.01.27-15.33.00:553][  0]LogCollectionManager: Loaded 0 collections in 0.001903 seconds
[2016.01.27-15.33.00:597][  0]LogFileCache: Scanning file cache for directory 'C:/Users/frederic/Documents/Unreal Projects/LostAge/Saved/Collections/' took 0.01s
[2016.01.27-15.33.00:598][  0]LogFileCache: Scanning file cache for directory 'C:/Users/frederic/Documents/Unreal Projects/LostAge/Content/Developers/frederic/Collections/' took 0.01s
[2016.01.27-15.33.00:598][  0]LogFileCache: Scanning file cache for directory 'C:/Users/frederic/Documents/Unreal Projects/LostAge/Content/Collections/' took 0.01s
[2016.01.27-15.33.00:598][  0]LogContentBrowser: Native class hierarchy populated in 0.0083 seconds. Added 1875 classes and 335 folders.
[2016.01.27-15.33.00:607][  0]LogCollectionManager: Rebuilt the GUID cache for 0 collections in 0.000002 seconds
[2016.01.27-15.33.00:621][  0]LogContentBrowser: Native class hierarchy updated for 'WidgetCarousel' in 0.0029 seconds. Added 0 classes and 0 folders.
[2016.01.27-15.33.00:679][  0]LogContentBrowser: Native class hierarchy updated for 'AddContentDialog' in 0.0018 seconds. Added 0 classes and 0 folders.
[2016.01.27-15.33.00:698][  0]LogContentBrowser: Native class hierarchy updated for 'SceneOutliner' in 0.0019 seconds. Added 1 classes and 2 folders.
[2016.01.27-15.33.00:728][  0]LogCrashTracker: Crashtracker disabled due to settings.
[2016.01.27-15.33.00:732][  0]LogUObjectGlobals:Warning: Failed to find object 'Class None.'
[2016.01.27-15.33.00:754][  0]LogLoad: Full Startup: 7.67 seconds (BP compile: 0.03 seconds)
[2016.01.27-15.33.00:821][  0]LogContentStreaming: Texture pool size now 1000 MB
[2016.01.27-15.33.00:944][  0]LogRenderer: Reallocating scene render targets to support 1208x556 (Frame:2).
[2016.01.27-15.33.01:244][  4]LogAssetRegistry: Asset discovery search completed in 2.6718 seconds
[2016.01.27-15.33.01:245][  4]LogCollectionManager: Rebuilt the object cache for 0 collections in 0.000003 seconds (found 0 objects)
[2016.01.27-15.33.01:245][  4]LogCollectionManager: Fixed up redirectors for 0 collections in 0.000363 seconds (updated 0 objects)
[2016.01.27-15.33.05:453][495]LogPlayLevel: PlayLevel: No blueprints needed recompiling
[2016.01.27-15.33.05:454][495]PIE: New page: PIE session: MainMenu (Jan 27, 2016, 5:33:05 AM)
[2016.01.27-15.33.05:510][495]LogPlayLevel: Creating play world package: /Game/FirstPersonCPP/Maps/UEDPIE_0_MainMenu
[2016.01.27-15.33.05:512][495]LogPlayLevel: PIE: StaticDuplicateObject took: (0.000475s)
[2016.01.27-15.33.05:513][495]LogAIModule: Creating AISystem for world MainMenu
[2016.01.27-15.33.05:513][495]LogPlayLevel: PIE: World Init took: (0.001082s)
[2016.01.27-15.33.05:514][495]LogPlayLevel: PIE: Created PIE world by copying editor world from /Game/FirstPersonCPP/Maps/MainMenu.MainMenu to /Game/FirstPersonCPP/Maps/UEDPIE_0_MainMenu.MainMenu (0.003060s)
[2016.01.27-15.33.05:514][495]LogActorComponent: UnregisterComponent: (/Engine/Transient.CharMoveComp) Not registered. Aborting.
[2016.01.27-15.33.05:535][495]LogInit: XAudio2 using 'Haut-parleurs (USB PnP Sound Device)' : 2 channels at 44.1 kHz using 16 bits per sample (channel mask 0x3)
[2016.01.27-15.33.05:539][495]LogInit: FAudioDevice initialized.
[2016.01.27-15.33.05:632][495]LogWorld: Game class is 'GameModeBP_C'
[2016.01.27-15.33.05:634][495]LogWorld: Bringing World /Game/FirstPersonCPP/Maps/UEDPIE_0_MainMenu.MainMenu up for play (max tick rate 0) at 2016.01.27-10.33.05
[2016.01.27-15.33.05:634][495]LogActor:Warning: GameSession /Game/FirstPersonCPP/Maps/UEDPIE_0_MainMenu.MainMenu:PersistentLevel.GameSession_0 has natively added scene component(s), but none of them were set as the actor's RootComponent - picking one arbitrarily
[2016.01.27-15.33.05:635][495]LogActor:Warning: GameNetworkManager /Game/FirstPersonCPP/Maps/UEDPIE_0_MainMenu.MainMenu:PersistentLevel.GameNetworkManager_0 has natively added scene component(s), but none of them were set as the actor's RootComponent - picking one arbitrarily
[2016.01.27-15.33.05:635][495]LogWorld: Bringing up level for play took: 0.001576
[2016.01.27-15.33.05:646][495]LogVoice:Warning: Failed to initialize voice interface
[2016.01.27-15.33.05:648][495]LogOnline:Warning: NULL: Can't start an online game for session (Game) that hasn't been created
[2016.01.27-15.33.05:794][495]PIE: Info Play in editor start time for /Game/FirstPersonCPP/Maps/UEDPIE_0_MainMenu 1.265
[2016.01.27-15.33.13:165][377]LogInit: WinSock: I am frederic-PC (192.168.1.103:0)
[2016.01.27-15.33.13:231][377]LogPackageName: SearchForPackageOnDisk took   0.065s to resolve FirstPersonExampleMap.umap.
[2016.01.27-15.33.13:288][377]LogPackageName: SearchForPackageOnDisk took   0.055s to resolve FirstPersonExampleMap.umap.
[2016.01.27-15.33.13:289][377]LogNet: Browse: /Game/FirstPersonCPP/Maps/FirstPersonExampleMap?listen
[2016.01.27-15.33.13:289][377]LogLoad: LoadMap: /Game/FirstPersonCPP/Maps/FirstPersonExampleMap?listen
[2016.01.27-15.33.13:303][377]LogParticles: Destroying 0 GPU particle simulations for FXSystem 0x0000000024EB16C0
[2016.01.27-15.33.13:308][377]Cmd: MEM
[2016.01.27-15.33.13:319][377]LogMemory: Platform Memory Stats for Windows
[2016.01.27-15.33.13:319][377]LogMemory: Process Physical Memory: 588.04 MB used, 591.32 MB peak
[2016.01.27-15.33.13:320][377]LogMemory: Process Virtual Memory: 1053.60 MB used, 1057.98 MB peak
[2016.01.27-15.33.13:320][377]LogMemory: Physical Memory: 8649.88 MB used, 16288.39 MB total
[2016.01.27-15.33.13:320][377]LogMemory: Virtual Memory: 1662.58 MB used, 8388608.00 MB total
[2016.01.27-15.33.13:321][377]LogMemory: 
[2016.01.27-15.33.13:321][377]Allocator Stats for TBB: (not implemented)
[2016.01.27-15.33.14:220][377]LogAIModule: Creating AISystem for world FirstPersonExampleMap
[2016.01.27-15.33.14:221][377]LogWorld: Game class is 'GameModeBP_C'
[2016.01.27-15.33.14:222][377]LogInit: WinSock: Socket queue 131072 / 131072
[2016.01.27-15.33.14:222][377]LogNet: GameNetDriver IpNetDriver_0 IpNetDriver listening on port 7778
[2016.01.27-15.33.14:229][377]LogWorld: Bringing World /Game/FirstPersonCPP/Maps/UEDPIE_0_FirstPersonExampleMap.FirstPersonExampleMap up for play (max tick rate 0) at 2016.01.27-10.33.14
[2016.01.27-15.33.14:230][377]LogActor:Warning: GameSession /Game/FirstPersonCPP/Maps/UEDPIE_0_FirstPersonExampleMap.FirstPersonExampleMap:PersistentLevel.GameSession_1 has natively added scene component(s), but none of them were set as the actor's RootComponent - picking one arbitrarily
[2016.01.27-15.33.14:231][377]LogActor:Warning: GameNetworkManager /Game/FirstPersonCPP/Maps/UEDPIE_0_FirstPersonExampleMap.FirstPersonExampleMap:PersistentLevel.GameNetworkManager_1 has natively added scene component(s), but none of them were set as the actor's RootComponent - picking one arbitrarily
[2016.01.27-15.33.14:231][377]LogWorld: Bringing up level for play took: 0.007752
[2016.01.27-15.33.14:232][377]LogLongPackageNames:Warning: URL: :7778//Game/FirstPersonCPP/Maps/FirstPersonExampleMap: Name may not contain the following characters: :
[2016.01.27-15.33.14:233][377]LogOnline:Warning: NULL: Can't start an online session (Game) in state InProgress
[2016.01.27-15.33.17:129][693]LogPackageName: SearchForPackageOnDisk took   0.063s to resolve MainMenu.umap.
[2016.01.27-15.33.17:192][694]LogPackageName: SearchForPackageOnDisk took   0.057s to resolve MainMenu.umap.
[2016.01.27-15.33.17:193][694]LogNet: Browse: /Game/FirstPersonCPP/Maps/MainMenu
[2016.01.27-15.33.17:193][694]LogLoad: LoadMap: /Game/FirstPersonCPP/Maps/MainMenu
[2016.01.27-15.33.17:194][694]LogNet: World NetDriver shutdown IpNetDriver_0 [GameNetDriver]
[2016.01.27-15.33.17:194][694]LogNet: DestroyNamedNetDriver IpNetDriver_0 [GameNetDriver]
[2016.01.27-15.33.17:194][694]LogExit: GameNetDriver IpNetDriver_0 shut down
[2016.01.27-15.33.17:208][694]LogParticles: Destroying 0 GPU particle simulations for FXSystem 0x000000004EFD6D40
[2016.01.27-15.33.17:283][694]Cmd: MEM
[2016.01.27-15.33.17:294][694]LogMemory: Platform Memory Stats for Windows
[2016.01.27-15.33.17:295][694]LogMemory: Process Physical Memory: 851.83 MB used, 1165.90 MB peak
[2016.01.27-15.33.17:295][694]LogMemory: Process Virtual Memory: 1438.26 MB used, 1746.58 MB peak
[2016.01.27-15.33.17:295][694]LogMemory: Physical Memory: 8929.00 MB used, 16288.39 MB total
[2016.01.27-15.33.17:296][694]LogMemory: Virtual Memory: 2041.14 MB used, 8388608.00 MB total
[2016.01.27-15.33.17:296][694]LogMemory: 
[2016.01.27-15.33.17:296][694]Allocator Stats for TBB: (not implemented)
[2016.01.27-15.33.17:296][694]LogPlayLevel: Creating play world package: /Game/FirstPersonCPP/Maps/UEDPIE_0_MainMenu
[2016.01.27-15.33.17:297][694]LogPlayLevel: PIE: StaticDuplicateObject took: (0.000475s)
[2016.01.27-15.33.17:298][694]LogAIModule: Creating AISystem for world MainMenu
[2016.01.27-15.33.17:298][694]LogPlayLevel: PIE: World Init took: (0.000952s)
[2016.01.27-15.33.17:299][694]LogPlayLevel: PIE: Created PIE world by copying editor world from /Game/FirstPersonCPP/Maps/MainMenu.MainMenu to /Game/FirstPersonCPP/Maps/UEDPIE_0_MainMenu.MainMenu (0.002352s)
[2016.01.27-15.33.17:299][694]LogWorld: Game class is 'GameModeBP_C'
[2016.01.27-15.33.17:301][694]LogWorld: Bringing World /Game/FirstPersonCPP/Maps/UEDPIE_0_MainMenu.MainMenu up for play (max tick rate 0) at 2016.01.27-10.33.17
[2016.01.27-15.33.17:301][694]LogActor:Warning: GameSession /Game/FirstPersonCPP/Maps/UEDPIE_0_MainMenu.MainMenu:PersistentLevel.GameSession_2 has natively added scene component(s), but none of them were set as the actor's RootComponent - picking one arbitrarily
[2016.01.27-15.33.17:301][694]LogActor:Warning: GameNetworkManager /Game/FirstPersonCPP/Maps/UEDPIE_0_MainMenu.MainMenu:PersistentLevel.GameNetworkManager_2 has natively added scene component(s), but none of them were set as the actor's RootComponent - picking one arbitrarily
[2016.01.27-15.33.17:302][694]LogWorld: Bringing up level for play took: 0.001522
[2016.01.27-15.33.17:303][694]LogGameMode: Warning - PATHS NOT DEFINED or NO PLAYERSTART with positive rating
[2016.01.27-15.33.17:303][694]LogOnline:Warning: NULL: Can't start an online game for session (Game) that hasn't been created
[2016.01.27-15.33.18:871][878]LogOnline:Display: NULL: FOnlineSubsystemNull::Shutdown()
[2016.01.27-15.33.18:873][878]LogPlayLevel:Display: Shutting down PIE online subsystems
[2016.01.27-15.33.18:900][879]LogParticles: Destroying 0 GPU particle simulations for FXSystem 0x0000000025F809A0
[2016.01.27-15.33.18:943][884]LogPlayLevel:Display: Destroying online subsystem :Context_3
[2016.01.27-15.33.18:943][884]LogOnline:Display: NULL: FOnlineSubsystemNull::Shutdown()
[2016.01.27-15.33.19:871][993]LogPlayLevel: PlayLevel: No blueprints needed recompiling
[2016.01.27-15.33.19:871][993]PIE: New page: PIE session: MainMenu (Jan 27, 2016, 5:33:19 AM)
[2016.01.27-15.33.19:872][993]LogPlayLevel: Creating play world package: /Game/FirstPersonCPP/Maps/UEDPIE_0_MainMenu
[2016.01.27-15.33.19:873][993]LogPlayLevel: PIE: StaticDuplicateObject took: (0.000471s)
[2016.01.27-15.33.19:873][993]LogAIModule: Creating AISystem for world MainMenu
[2016.01.27-15.33.19:874][993]LogPlayLevel: PIE: World Init took: (0.001101s)
[2016.01.27-15.33.19:874][993]LogPlayLevel: PIE: Created PIE world by copying editor world from /Game/FirstPersonCPP/Maps/MainMenu.MainMenu to /Game/FirstPersonCPP/Maps/UEDPIE_0_MainMenu.MainMenu (0.002655s)
[2016.01.27-15.33.19:897][993]LogInit: XAudio2 using 'Haut-parleurs (USB PnP Sound Device)' : 2 channels at 44.1 kHz using 16 bits per sample (channel mask 0x3)
[2016.01.27-15.33.19:901][993]LogInit: FAudioDevice initialized.
[2016.01.27-15.33.19:934][993]LogWorld: Game class is 'GameModeBP_C'
[2016.01.27-15.33.19:936][993]LogWorld: Bringing World /Game/FirstPersonCPP/Maps/UEDPIE_