[2016.01.26-10.50.54:718][  0]Log file open, 01/26/16 05:50:54
[2016.01.26-10.50.54:718][  0]LogInit:Display: Running engine for game: LostAge
[2016.01.26-10.50.54:719][  0]LogInit:Display: RandInit(-1295638818) SRandInit(-1295638817).
[2016.01.26-10.50.54:719][  0]LogTaskGraph: Started task graph with 4 named threads and 7 total threads.
[2016.01.26-10.50.54:719][  0]LogStats: Stats thread started at 0.233634
[2016.01.26-10.50.54:720][  0]LogInit: Version: 4.9.2-2707645+++depot+UE4-Releases+4.9
[2016.01.26-10.50.54:720][  0]LogInit: API Version: 2672455
[2016.01.26-10.50.54:720][  0]LogInit: Compiled (64-bit): Sep 28 2015 10:25:44
[2016.01.26-10.50.54:720][  0]LogInit: Compiled with Visual C++: 18.00.21005.01
[2016.01.26-10.50.54:721][  0]LogInit: Build Configuration: DebugGame
[2016.01.26-10.50.54:721][  0]LogInit: Branch Name: ++depot+UE4-Releases+4.9
[2016.01.26-10.50.54:721][  0]LogInit: Command line:  -debug
[2016.01.26-10.50.54:721][  0]LogInit: Base directory: C:/Program Files/Epic Games/4.9/Engine/Binaries/Win64/
[2016.01.26-10.50.54:721][  0]LogInit: Rocket: 1
[2016.01.26-10.50.54:744][  0]LogInit: Using libcurl 7.41.0
[2016.01.26-10.50.54:744][  0]LogInit:  - built for x86_64-pc-win32
[2016.01.26-10.50.54:744][  0]LogInit:  - supports SSL with WinSSL
[2016.01.26-10.50.54:744][  0]LogInit:  - other features:
[2016.01.26-10.50.54:745][  0]LogInit:      CURL_VERSION_SSL
[2016.01.26-10.50.54:745][  0]LogInit:      CURL_VERSION_IPV6
[2016.01.26-10.50.54:745][  0]LogInit:      CURL_VERSION_ASYNCHDNS
[2016.01.26-10.50.54:745][  0]LogInit:      CURL_VERSION_LARGEFILE
[2016.01.26-10.50.54:745][  0]LogInit:      CURL_VERSION_IDN
[2016.01.26-10.50.54:746][  0]LogInit:  CurlRequestOptions (configurable via config and command line):
[2016.01.26-10.50.54:746][  0]LogInit:  - bVerifyPeer = true  - Libcurl will verify peer certificate
[2016.01.26-10.50.54:746][  0]LogInit:  - bUseHttpProxy = false  - Libcurl will NOT use HTTP proxy
[2016.01.26-10.50.54:746][  0]LogInit:  - bDontReuseConnections = false  - Libcurl will reuse connections
[2016.01.26-10.50.54:746][  0]LogInit:  - CertBundlePath = nullptr  - Libcurl will use whatever was configured at build time.
[2016.01.26-10.50.54:777][  0]LogInit: Presizing for 0 objects not considered by GC, pre-allocating 0 bytes.
[2016.01.26-10.50.54:785][  0]LogInit: Object subsystem initialized
[2016.01.26-10.50.54:787][  0]LogInit: Selected Device Profile: [Windows]
[2016.01.26-10.50.54:787][  0]LogInit: Applying CVar settings loaded from the selected device profile: [Windows]
[2016.01.26-10.50.54:795][  0]LogInit: Computer: FREDERIC-PC
[2016.01.26-10.50.54:795][  0]LogInit: User: frederic
[2016.01.26-10.50.54:795][  0]LogInit: CPU Page size=4096, Cores=4
[2016.01.26-10.50.54:796][  0]LogInit: High frequency timer resolution =3.331230 MHz
[2016.01.26-10.50.54:796][  0]LogMemory: Memory total: Physical=15.9GB (16GB approx)
[2016.01.26-10.50.54:796][  0]LogMemory: Platform Memory Stats for Windows
[2016.01.26-10.50.54:796][  0]LogMemory: Process Physical Memory: 53.98 MB used, 53.98 MB peak
[2016.01.26-10.50.54:797][  0]LogMemory: Process Virtual Memory: 55.61 MB used, 55.61 MB peak
[2016.01.26-10.50.54:797][  0]LogMemory: Physical Memory: 4703.38 MB used, 16288.39 MB total
[2016.01.26-10.50.54:797][  0]LogMemory: Virtual Memory: 330.62 MB used, 8388608.00 MB total
[2016.01.26-10.50.54:881][  0]LogTextLocalizationManager: No translations for ('fr-CA') exist, falling back to 'en' for localization and internationalization data.
[2016.01.26-10.50.55:709][  0]LogD3D11RHI: Found D3D11 adapter 0: NVIDIA GeForce GTX 970 (Feature Level 11_0)
[2016.01.26-10.50.55:709][  0]LogD3D11RHI: Adapter has 4008MB of dedicated video memory, 0MB of dedicated system memory, and 7888MB of shared system memory, 1 output[s]
[2016.01.26-10.50.55:716][  0]LogD3D11RHI: Found D3D11 adapter 1: Intel(R) HD Graphics 3000 (Feature Level 10_0)
[2016.01.26-10.50.55:717][  0]LogD3D11RHI: Adapter has 64MB of dedicated video memory, 0MB of dedicated system memory, and 1632MB of shared system memory, 0 output[s]
[2016.01.26-10.50.55:717][  0]LogD3D11RHI: Chosen D3D11 Adapter Id = 0
[2016.01.26-10.50.55:721][  0]LogD3D11RHI: !Direct3DDevice
[2016.01.26-10.50.55:722][  0]LogRHI: Texture pool is 1361 MB (70% of 1945 MB)
[2016.01.26-10.50.55:783][  0]LogD3D11RHI: Async texture creation enabled
[2016.01.26-10.50.55:798][  0]LogShaderCompilers: Guid format shader working directory is 15 characters bigger than the processId version (../../../../../../Users/frederic/Documents/Unreal Projects/LostAge/Intermediate/Shaders/WorkingDirectory/6684/).
[2016.01.26-10.50.55:798][  0]LogShaderCompilers: Cleaned the shader compiler working directory '../../../../../../Users/frederic/Documents/Unreal Projects/LostAge/Intermediate/Shaders/tmp/B46C6C4A4BB45ACCFAD0109C6FA4ABC7/'.
[2016.01.26-10.50.55:799][  0]LogShaderCompilers:Display: Using Local Shader Compiler.
[2016.01.26-10.50.57:040][  0]LogTemp:Display: Loaded TP AllDesktopTargetPlatform
[2016.01.26-10.50.57:054][  0]LogTemp:Display: Loaded TP WindowsClientTargetPlatform
[2016.01.26-10.50.57:068][  0]LogTemp:Display: Loaded TP WindowsNoEditorTargetPlatform
[2016.01.26-10.50.57:083][  0]LogTemp:Display: Loaded TP WindowsServerTargetPlatform
[2016.01.26-10.50.57:097][  0]LogTemp:Display: Loaded TP WindowsTargetPlatform
[2016.01.26-10.50.57:104][  0]LogTemp:Display: Loaded TP AndroidTargetPlatform
[2016.01.26-10.50.57:110][  0]LogTemp:Display: Loaded TP Android_ASTCTargetPlatform
[2016.01.26-10.50.57:117][  0]LogTemp:Display: Loaded TP Android_ATCTargetPlatform
[2016.01.26-10.50.57:124][  0]LogTemp:Display: Loaded TP Android_DXTTargetPlatform
[2016.01.26-10.50.57:132][  0]LogTemp:Display: Loaded TP Android_ETC1TargetPlatform
[2016.01.26-10.50.57:139][  0]LogTemp:Display: Loaded TP Android_ETC2TargetPlatform
[2016.01.26-10.50.57:146][  0]LogTemp:Display: Loaded TP Android_PVRTCTargetPlatform
[2016.01.26-10.50.57:150][  0]LogTemp:Display: Loaded TP HTML5TargetPlatform
[2016.01.26-10.50.57:181][  0]LogTemp:Display: Loaded TP IOSTargetPlatform
[2016.01.26-10.50.57:187][  0]LogTemp:Display: Loaded TP LinuxNoEditorTargetPlatform
[2016.01.26-10.50.57:194][  0]LogTemp:Display: Loaded TP LinuxServerTargetPlatform
[2016.01.26-10.50.57:200][  0]LogTemp:Display: Loaded TP LinuxTargetPlatform
[2016.01.26-10.50.57:201][  0]LogTargetPlatformManager:Display: Building Assets For Windows
[2016.01.26-10.50.57:401][  0]LogDerivedDataCache:Display: Max Cache Size: 512 MB
[2016.01.26-10.50.57:938][  0]LogDerivedDataCache: Loaded boot cache 0.54s 43MB C:/Users/frederic/AppData/Local/UnrealEngine/4.9/DerivedDataCache/Boot.ddc.
[2016.01.26-10.50.57:939][  0]LogDerivedDataCache:Display: Loaded Boot cache: C:/Users/frederic/AppData/Local/UnrealEngine/4.9/DerivedDataCache/Boot.ddc
[2016.01.26-10.50.57:939][  0]LogDerivedDataCache: FDerivedDataBackendGraph:  Pak pak cache file ../../../../../../Users/frederic/Documents/Unreal Projects/LostAge/DerivedDataCache/DDC.ddp not found, will not use a pak cache.
[2016.01.26-10.50.57:940][  0]LogDerivedDataCache: Unable to find inner node Pak for hierarchical cache Hierarchy.
[2016.01.26-10.50.57:940][  0]LogDerivedDataCache: FDerivedDataBackendGraph:  CompressedPak pak cache file ../../../../../../Users/frederic/Documents/Unreal Projects/LostAge/DerivedDataCache/Compressed.ddp not found, will not use a pak cache.
[2016.01.26-10.50.57:940][  0]LogDerivedDataCache: Unable to find inner node CompressedPak for hierarchical cache Hierarchy.
[2016.01.26-10.50.58:124][  0]LogDerivedDataCache:Display: Pak cache opened for reading ../../../Engine/DerivedDataCache/Compressed.ddp.
[2016.01.26-10.50.58:136][  0]LogDerivedDataCache: Using Local data cache path C:/Users/frederic/AppData/Local/UnrealEngine/Common/DerivedDataCache: Writable
[2016.01.26-10.50.58:310][  0]LogInit: Selected Device Profile: [Windows]
[2016.01.26-10.50.58:311][  0]LogContentStreaming: Texture pool size is 0.000000MB
[2016.01.26-10.50.58:348][  0]LogMeshUtilities: No automatic mesh reduction module available
[2016.01.26-10.50.58:348][  0]LogMeshUtilities: No automatic mesh merging module available
[2016.01.26-10.50.58:702][  0]LogInit: WinSock: version 1.1 (2.2), MaxSocks=32767, MaxUdp=65467
[2016.01.26-10.51.00:038][  0]UdpMessaging: Initializing bridge on interface 0.0.0.0:0 to multicast group 230.0.0.1:6666.
[2016.01.26-10.51.00:491][  0]LogAssetRegistry: FAssetRegistry took 0.0104 seconds to start up
[2016.01.26-10.51.00:795][  0]SourceControl: Info Source control is disabled
[2016.01.26-10.51.00:796][  0]SourceControl: Info Source control is disabled
[2016.01.26-10.51.00:810][  0]SourceControl: Info Source control is disabled
[2016.01.26-10.51.00:827][  0]SourceControl: Info Source control is disabled
[2016.01.26-10.51.01:014][  0]LogLinker:Warning: Asset '../../../Engine/Plugins/Runtime/LeapMotionController/Content/LM_PassthroughMaterial.uasset' has been saved with empty engine version. The asset will be loaded but may be incompatible.
[2016.01.26-10.51.01:115][  0]LogObj: 31789 objects as part of root set at end of initial load.
[2016.01.26-10.51.01:116][  0]LogUObjectAllocator: 7252480 out of 0 bytes used by permanent object pool.
[2016.01.26-10.51.01:195][  0]LogEngine: Initializing Engine...
[2016.01.26-10.51.01:198][  0]LogHMD: Can't find Oculus library dev build: is proper Runtime installed? Version: 0.7.0.0
[2016.01.26-10.51.01:200][  0]LogHMD: SteamVR failed to initialize.  Err: 110
[2016.01.26-10.51.01:340][  0]LogAIModule: Creating AISystem for world NewWorld
[2016.01.26-10.51.01:355][  0]LogInit: XAudio2 using 'Haut-parleurs (USB PnP Sound Device)' : 2 channels at 44.1 kHz using 16 bits per sample (channel mask 0x3)
[2016.01.26-10.51.01:362][  0]LogInit: FAudioDevice initialized.
[2016.01.26-10.51.01:383][  0]LogDerivedDataCache: Saved boot cache 0.02s 43MB C:/Users/frederic/AppData/Local/UnrealEngine/4.9/DerivedDataCache/Boot.ddc.
[2016.01.26-10.51.01:390][  0]LogInit: Texture streaming: Enabled
[2016.01.26-10.51.01:407][  0]LogAnalytics: Creating configured Analytics provider AnalyticsET
[2016.01.26-10.51.01:408][  0]LogAnalytics: [UEEditor.Rocket.Release] APIServer = http://et2.epicgames.com/ET2/. AppVersion = 4.9.2-2707645+++depot+UE4-Releases+4.9
[2016.01.26-10.51.01:408][  0]LogAnalytics: [UEEditor.Rocket.Release] SetUserId c8da8d664a36a98701fe659c10ae4ff8|70626fa7f476448fb82ad9618fbbb1ab|00e7fb16-00c3-4af4-a2a1-2cc8013aae38
[2016.01.26-10.51.01:408][  0]LogAnalytics: [UEEditor.Rocket.Release] AnalyticsET::StartSession
[2016.01.26-10.51.01:425][  0]LogInit: Transaction tracking system initialized
[2016.01.26-10.51.01:522][  0]BlueprintLog: New page: Editor Load
[2016.01.26-10.51.01:880][  0]LocalizationService: Info Localization service is disabled
[2016.01.26-10.51.02:046][  0]LogLinker:Warning: Can't find file '/Game/ThirdPersonCPP/ThirdPersonOverview'
[2016.01.26-10.51.02:047][  0]LogLinker:Warning: Can't find file '/Game/ThirdPersonCPP/ThirdPersonOverview'
[2016.01.26-10.51.02:048][  0]LogUObjectGlobals:Warning: Failed to find object 'Class /Game/ThirdPersonCPP/ThirdPersonOverview.ThirdPersonOverview_C'
[2016.01.26-10.51.02:076][  0]LogConsoleResponse:Display: 
[2016.01.26-10.51.02:602][  0]LogCook:Display: Done creating registry. It took  0.00s.
[2016.01.26-10.51.02:782][  0]LogFileCache: Scanning file cache for directory 'C:/Users/frederic/Documents/Unreal Projects/LostAge/Content/' took 0.01s
[2016.01.26-10.51.02:783][  0]SourceControl: Info Source control is disabled
[2016.01.26-10.51.02:783][  0]Cmd: MAP LOAD FILE="../../../../../../Users/frederic/Documents/Unreal Projects/LostAge/Content/FirstPersonCPP/Maps/MainMenu.umap" TEMPLATE=0 SHOWPROGRESS=1 FEATURELEVEL=3
[2016.01.26-10.51.02:795][  0]LightingResults: New page: Lighting Build
[2016.01.26-10.51.02:801][  0]MapCheck: New page: Map Check
[2016.01.26-10.51.02:802][  0]LightingResults: New page: Lighting Build
[2016.01.26-10.51.02:812][  0]LogParticles: Destroying 0 GPU particle simulations for FXSystem 0x0000000022D32480
[2016.01.26-10.51.02:817][  0]LogAIModule: Creating AISystem for world MainMenu
[2016.01.26-10.51.02:819][  0]LogEditorServer: Finished looking for orphan Actors (0.000 secs)
[2016.01.26-10.51.02:820][  0]Cmd: MAP CHECKDEP NOCLEARLOG
[2016.01.26-10.51.02:865][  0]MapCheck: Info Map check complete: 0 Error(s), 0 Warning(s), took 44.822ms to complete.
[2016.01.26-10.51.02:866][  0]LogFileHelpers: Loading map 'MainMenu' took 0.083
[2016.01.26-10.51.02:983][  0]LogCollectionManager: Loaded 0 collections in 0.002016 seconds
[2016.01.26-10.51.03:027][  0]LogFileCache: Scanning file cache for directory 'C:/Users/frederic/Documents/Unreal Projects/LostAge/Saved/Collections/' took 0.01s
[2016.01.26-10.51.03:028][  0]LogFileCache: Scanning file cache for directory 'C:/Users/frederic/Documents/Unreal Projects/LostAge/Content/Developers/frederic/Collections/' took 0.01s
[2016.01.26-10.51.03:028][  0]LogFileCache: Scanning file cache for directory 'C:/Users/frederic/Documents/Unreal Projects/LostAge/Content/Collections/' took 0.01s
[2016.01.26-10.51.03:029][  0]LogContentBrowser: Native class hierarchy populated in 0.0086 seconds. Added 1875 classes and 335 folders.
[2016.01.26-10.51.03:036][  0]LogCollectionManager: Rebuilt the GUID cache for 0 collections in 0.000003 seconds
[2016.01.26-10.51.03:050][  0]LogContentBrowser: Native class hierarchy updated for 'WidgetCarousel' in 0.0029 seconds. Added 0 classes and 0 folders.
[2016.01.26-10.51.03:153][  0]LogContentBrowser: Native class hierarchy updated for 'AddContentDialog' in 0.0019 seconds. Added 0 classes and 0 folders.
[2016.01.26-10.51.03:173][  0]LogContentBrowser: Native class hierarchy updated for 'SceneOutliner' in 0.0019 seconds. Added 1 classes and 2 folders.
[2016.01.26-10.51.03:259][  0]LogCrashTracker: Crashtracker disabled due to settings.
[2016.01.26-10.51.03:263][  0]LogUObjectGlobals:Warning: Failed to find object 'Class None.'
[2016.01.26-10.51.03:286][  0]LogLoad: Full Startup: 9.74 seconds (BP compile: 0.03 seconds)
[2016.01.26-10.51.03:692][  0]LogContentStreaming: Texture pool size now 1000 MB
[2016.01.26-10.51.03:912][  0]LogRenderer: Reallocating scene render targets to support 1208x556 (Frame:2).
[2016.01.26-10.51.04:731][  3]LogAssetRegistry: Asset discovery search completed in 4.2495 seconds
[2016.01.26-10.51.04:732][  3]LogCollectionManager: Rebuilt the object cache for 0 collections in 0.000001 seconds (found 0 objects)
[2016.01.26-10.51.04:733][  3]LogCollectionManager: Fixed up redirectors for 0 collections in 0.000986 seconds (updated 0 objects)
[2016.01.26-10.53.19:025][593]LogPlayLevel: PlayLevel: No blueprints needed recompiling
[2016.01.26-10.53.19:026][593]PIE: New page: PIE session: MainMenu (Jan 26, 2016, 12:53:19 AM)
[2016.01.26-10.53.19:140][593]LogPlayLevel: Creating play world package: /Game/FirstPersonCPP/Maps/UEDPIE_0_MainMenu
[2016.01.26-10.53.19:141][593]LogPlayLevel: PIE: StaticDuplicateObject took: (0.000548s)
[2016.01.26-10.53.19:142][593]LogAIModule: Creating AISystem for world MainMenu
[2016.01.26-10.53.19:143][593]LogPlayLevel: PIE: World Init took: (0.001417s)
[2016.01.26-10.53.19:143][593]LogPlayLevel: PIE: Created PIE world by copying editor world from /Game/FirstPersonCPP/Maps/MainMenu.MainMenu to /Game/FirstPersonCPP/Maps/UEDPIE_0_MainMenu.MainMenu (0.003435s)
[2016.01.26-10.53.19:168][593]LogInit: XAudio2 using 'Haut-parleurs (USB PnP Sound Device)' : 2 channels at 44.1 kHz using 16 bits per sample (channel mask 0x3)
[2016.01.26-10.53.19:172][593]LogInit: FAudioDevice initialized.
[2016.01.26-10.53.19:277][593]LogWorld: Game class is 'LostAgeGameMode'
[2016.01.26-10.53.19:280][593]LogWorld: Bringing World /Game/FirstPersonCPP/Maps/UEDPIE_0_MainMenu.MainMenu up for play (max tick rate 0) at 2016.01.26-05.53.19
[2016.01.26-10.53.19:281][593]LogActor:Warning: GameSession /Game/FirstPersonCPP/Maps/UEDPIE_0_MainMenu.MainMenu:PersistentLevel.GameSession_0 has natively added scene component(s), but none of them were set as the actor's RootComponent - picking one arbitrarily
[2016.01.26-10.53.19:281][593]LogActor:Warning: GameNetworkManager /Game/FirstPersonCPP/Maps/UEDPIE_0_MainMenu.MainMenu:PersistentLevel.GameNetwor