[2016.01.27-02.33.23:570][  0]Log file open, 01/26/16 21:33:23
[2016.01.27-02.33.23:570][  0]LogInit:Display: Running engine for game: LostAge
[2016.01.27-02.33.23:571][  0]LogInit:Display: RandInit(-723214149) SRandInit(-723214148).
[2016.01.27-02.33.23:571][  0]LogTaskGraph: Started task graph with 4 named threads and 7 total threads.
[2016.01.27-02.33.23:571][  0]LogStats: Stats thread started at 0.390399
[2016.01.27-02.33.23:572][  0]LogInit: Version: 4.9.2-2707645+++depot+UE4-Releases+4.9
[2016.01.27-02.33.23:572][  0]LogInit: API Version: 2672455
[2016.01.27-02.33.23:572][  0]LogInit: Compiled (64-bit): Sep 28 2015 10:25:44
[2016.01.27-02.33.23:573][  0]LogInit: Compiled with Visual C++: 18.00.21005.01
[2016.01.27-02.33.23:573][  0]LogInit: Build Configuration: DebugGame
[2016.01.27-02.33.23:574][  0]LogInit: Branch Name: ++depot+UE4-Releases+4.9
[2016.01.27-02.33.23:574][  0]LogInit: Command line:  -debug
[2016.01.27-02.33.23:574][  0]LogInit: Base directory: C:/Program Files/Epic Games/4.9/Engine/Binaries/Win64/
[2016.01.27-02.33.23:575][  0]LogInit: Rocket: 1
[2016.01.27-02.33.23:656][  0]LogInit: Using libcurl 7.41.0
[2016.01.27-02.33.23:656][  0]LogInit:  - built for x86_64-pc-win32
[2016.01.27-02.33.23:657][  0]LogInit:  - supports SSL with WinSSL
[2016.01.27-02.33.23:657][  0]LogInit:  - other features:
[2016.01.27-02.33.23:657][  0]LogInit:      CURL_VERSION_SSL
[2016.01.27-02.33.23:658][  0]LogInit:      CURL_VERSION_IPV6
[2016.01.27-02.33.23:658][  0]LogInit:      CURL_VERSION_ASYNCHDNS
[2016.01.27-02.33.23:658][  0]LogInit:      CURL_VERSION_LARGEFILE
[2016.01.27-02.33.23:658][  0]LogInit:      CURL_VERSION_IDN
[2016.01.27-02.33.23:659][  0]LogInit:  CurlRequestOptions (configurable via config and command line):
[2016.01.27-02.33.23:659][  0]LogInit:  - bVerifyPeer = true  - Libcurl will verify peer certificate
[2016.01.27-02.33.23:659][  0]LogInit:  - bUseHttpProxy = false  - Libcurl will NOT use HTTP proxy
[2016.01.27-02.33.23:659][  0]LogInit:  - bDontReuseConnections = false  - Libcurl will reuse connections
[2016.01.27-02.33.23:659][  0]LogInit:  - CertBundlePath = nullptr  - Libcurl will use whatever was configured at build time.
[2016.01.27-02.33.23:817][  0]LogInit: WinSock: version 1.1 (2.2), MaxSocks=32767, MaxUdp=65467
[2016.01.27-02.33.23:830][  0]LogVoice:Warning: Failed to initialize voice interface
[2016.01.27-02.33.23:837][  0]LogInit: Presizing for 0 objects not considered by GC, pre-allocating 0 bytes.
[2016.01.27-02.33.23:845][  0]LogInit: Object subsystem initialized
[2016.01.27-02.33.23:847][  0]LogInit: Selected Device Profile: [Windows]
[2016.01.27-02.33.23:848][  0]LogInit: Applying CVar settings loaded from the selected device profile: [Windows]
[2016.01.27-02.33.23:856][  0]LogInit: Computer: FREDERIC-PC
[2016.01.27-02.33.23:856][  0]LogInit: User: frederic
[2016.01.27-02.33.23:856][  0]LogInit: CPU Page size=4096, Cores=4
[2016.01.27-02.33.23:857][  0]LogInit: High frequency timer resolution =3.331220 MHz
[2016.01.27-02.33.23:857][  0]LogMemory: Memory total: Physical=15.9GB (16GB approx)
[2016.01.27-02.33.23:857][  0]LogMemory: Platform Memory Stats for Windows
[2016.01.27-02.33.23:857][  0]LogMemory: Process Physical Memory: 55.14 MB used, 55.14 MB peak
[2016.01.27-02.33.23:858][  0]LogMemory: Process Virtual Memory: 55.84 MB used, 55.84 MB peak
[2016.01.27-02.33.23:858][  0]LogMemory: Physical Memory: 9679.17 MB used, 16288.39 MB total
[2016.01.27-02.33.23:858][  0]LogMemory: Virtual Memory: 337.63 MB used, 8388608.00 MB total
[2016.01.27-02.33.24:060][  0]LogTextLocalizationManager: No translations for ('fr-CA') exist, falling back to 'en' for localization and internationalization data.
[2016.01.27-02.33.24:822][  0]LogD3D11RHI: Found D3D11 adapter 0: NVIDIA GeForce GTX 970 (Feature Level 11_0)
[2016.01.27-02.33.24:822][  0]LogD3D11RHI: Adapter has 4008MB of dedicated video memory, 0MB of dedicated system memory, and 7888MB of shared system memory, 1 output[s]
[2016.01.27-02.33.24:832][  0]LogD3D11RHI: Found D3D11 adapter 1: Intel(R) HD Graphics 3000 (Feature Level 10_0)
[2016.01.27-02.33.24:833][  0]LogD3D11RHI: Adapter has 64MB of dedicated video memory, 0MB of dedicated system memory, and 1632MB of shared system memory, 0 output[s]
[2016.01.27-02.33.24:833][  0]LogD3D11RHI: Chosen D3D11 Adapter Id = 0
[2016.01.27-02.33.24:837][  0]LogD3D11RHI: !Direct3DDevice
[2016.01.27-02.33.24:838][  0]LogRHI: Texture pool is 1361 MB (70% of 1945 MB)
[2016.01.27-02.33.24:890][  0]LogD3D11RHI: Async texture creation enabled
[2016.01.27-02.33.24:905][  0]LogShaderCompilers: Guid format shader working directory is 15 characters bigger than the processId version (../../../../../../Users/frederic/Documents/Unreal Projects/LostAge/Intermediate/Shaders/WorkingDirectory/5628/).
[2016.01.27-02.33.24:906][  0]LogShaderCompilers: Cleaned the shader compiler working directory '../../../../../../Users/frederic/Documents/Unreal Projects/LostAge/Intermediate/Shaders/tmp/2E9A7A9D416C6F77870F1AB724F43F18/'.
[2016.01.27-02.33.24:906][  0]LogShaderCompilers:Display: Using Local Shader Compiler.
[2016.01.27-02.33.26:138][  0]LogTemp:Display: Loaded TP AllDesktopTargetPlatform
[2016.01.27-02.33.26:180][  0]LogTemp:Display: Loaded TP WindowsClientTargetPlatform
[2016.01.27-02.33.26:214][  0]LogTemp:Display: Loaded TP WindowsNoEditorTargetPlatform
[2016.01.27-02.33.26:243][  0]LogTemp:Display: Loaded TP WindowsServerTargetPlatform
[2016.01.27-02.33.26:273][  0]LogTemp:Display: Loaded TP WindowsTargetPlatform
[2016.01.27-02.33.26:309][  0]LogTemp:Display: Loaded TP AndroidTargetPlatform
[2016.01.27-02.33.26:336][  0]LogTemp:Display: Loaded TP Android_ASTCTargetPlatform
[2016.01.27-02.33.26:361][  0]LogTemp:Display: Loaded TP Android_ATCTargetPlatform
[2016.01.27-02.33.26:381][  0]LogTemp:Display: Loaded TP Android_DXTTargetPlatform
[2016.01.27-02.33.26:414][  0]LogTemp:Display: Loaded TP Android_ETC1TargetPlatform
[2016.01.27-02.33.26:448][  0]LogTemp:Display: Loaded TP Android_ETC2TargetPlatform
[2016.01.27-02.33.26:487][  0]LogTemp:Display: Loaded TP Android_PVRTCTargetPlatform
[2016.01.27-02.33.26:526][  0]LogTemp:Display: Loaded TP HTML5TargetPlatform
[2016.01.27-02.33.26:751][  0]LogTemp:Display: Loaded TP IOSTargetPlatform
[2016.01.27-02.33.26:790][  0]LogTemp:Display: Loaded TP LinuxNoEditorTargetPlatform
[2016.01.27-02.33.26:834][  0]LogTemp:Display: Loaded TP LinuxServerTargetPlatform
[2016.01.27-02.33.26:860][  0]LogTemp:Display: Loaded TP LinuxTargetPlatform
[2016.01.27-02.33.26:861][  0]LogTargetPlatformManager:Display: Building Assets For Windows
[2016.01.27-02.33.27:496][  0]LogDerivedDataCache:Display: Max Cache Size: 512 MB
[2016.01.27-02.33.27:539][  0]LogDerivedDataCache: Loaded boot cache 0.04s 43MB C:/Users/frederic/AppData/Local/UnrealEngine/4.9/DerivedDataCache/Boot.ddc.
[2016.01.27-02.33.27:540][  0]LogDerivedDataCache:Display: Loaded Boot cache: C:/Users/frederic/AppData/Local/UnrealEngine/4.9/DerivedDataCache/Boot.ddc
[2016.01.27-02.33.27:540][  0]LogDerivedDataCache: FDerivedDataBackendGraph:  Pak pak cache file ../../../../../../Users/frederic/Documents/Unreal Projects/LostAge/DerivedDataCache/DDC.ddp not found, will not use a pak cache.
[2016.01.27-02.33.27:540][  0]LogDerivedDataCache: Unable to find inner node Pak for hierarchical cache Hierarchy.
[2016.01.27-02.33.27:541][  0]LogDerivedDataCache: FDerivedDataBackendGraph:  CompressedPak pak cache file ../../../../../../Users/frederic/Documents/Unreal Projects/LostAge/DerivedDataCache/Compressed.ddp not found, will not use a pak cache.
[2016.01.27-02.33.27:541][  0]LogDerivedDataCache: Unable to find inner node CompressedPak for hierarchical cache Hierarchy.
[2016.01.27-02.33.27:685][  0]LogDerivedDataCache:Display: Pak cache opened for reading ../../../Engine/DerivedDataCache/Compressed.ddp.
[2016.01.27-02.33.27:698][  0]LogDerivedDataCache: Using Local data cache path C:/Users/frederic/AppData/Local/UnrealEngine/Common/DerivedDataCache: Writable
[2016.01.27-02.33.27:924][  0]LogInit: Selected Device Profile: [Windows]
[2016.01.27-02.33.27:925][  0]LogContentStreaming: Texture pool size is 0.000000MB
[2016.01.27-02.33.28:004][  0]LogMeshUtilities: No automatic mesh reduction module available
[2016.01.27-02.33.28:004][  0]LogMeshUtilities: No automatic mesh merging module available
[2016.01.27-02.33.33:207][  0]UdpMessaging: Initializing bridge on interface 0.0.0.0:0 to multicast group 230.0.0.1:6666.
[2016.01.27-02.33.33:837][  0]LogAssetRegistry: FAssetRegistry took 0.0108 seconds to start up
[2016.01.27-02.33.34:727][  0]SourceControl: Info Source control is disabled
[2016.01.27-02.33.34:728][  0]SourceControl: Info Source control is disabled
[2016.01.27-02.33.34:772][  0]SourceControl: Info Source control is disabled
[2016.01.27-02.33.34:850][  0]SourceControl: Info Source control is disabled
[2016.01.27-02.33.35:358][  0]LogLinker:Warning: Asset '../../../Engine/Plugins/Runtime/LeapMotionController/Content/LM_PassthroughMaterial.uasset' has been saved with empty engine version. The asset will be loaded but may be incompatible.
[2016.01.27-02.33.35:590][  0]LogObj: 31829 objects as part of root set at end of initial load.
[2016.01.27-02.33.35:591][  0]LogUObjectAllocator: 7266512 out of 0 bytes used by permanent object pool.
[2016.01.27-02.33.35:715][  0]LogEngine: Initializing Engine...
[2016.01.27-02.33.35:718][  0]LogHMD: Can't find Oculus library dev build: is proper Runtime installed? Version: 0.7.0.0
[2016.01.27-02.33.35:720][  0]LogHMD: SteamVR failed to initialize.  Err: 110
[2016.01.27-02.33.35:999][  0]LogAIModule: Creating AISystem for world NewWorld
[2016.01.27-02.33.36:014][  0]LogInit: XAudio2 using 'Haut-parleurs (USB PnP Sound Device)' : 2 channels at 44.1 kHz using 16 bits per sample (channel mask 0x3)
[2016.01.27-02.33.36:023][  0]LogInit: FAudioDevice initialized.
[2016.01.27-02.33.36:044][  0]LogDerivedDataCache: Saved boot cache 0.02s 43MB C:/Users/frederic/AppData/Local/UnrealEngine/4.9/DerivedDataCache/Boot.ddc.
[2016.01.27-02.33.36:050][  0]LogInit: Texture streaming: Enabled
[2016.01.27-02.33.36:201][  0]LogAnalytics: Creating configured Analytics provider AnalyticsET
[2016.01.27-02.33.36:201][  0]LogAnalytics: [UEEditor.Rocket.Release] APIServer = http://et2.epicgames.com/ET2/. AppVersion = 4.9.2-2707645+++depot+UE4-Releases+4.9
[2016.01.27-02.33.36:202][  0]LogAnalytics: [UEEditor.Rocket.Release] SetUserId c8da8d664a36a98701fe659c10ae4ff8|70626fa7f476448fb82ad9618fbbb1ab|00e7fb16-00c3-4af4-a2a1-2cc8013aae38
[2016.01.27-02.33.36:202][  0]LogAnalytics: [UEEditor.Rocket.Release] AnalyticsET::StartSession
[2016.01.27-02.33.36:276][  0]LogInit: Transaction tracking system initialized
[2016.01.27-02.33.36:496][  0]BlueprintLog: New page: Editor Load
[2016.01.27-02.33.37:446][  0]LocalizationService: Info Localization service is disabled
[2016.01.27-02.33.38:073][  0]LogLinker:Warning: Can't find file '/Game/ThirdPersonCPP/ThirdPersonOverview'
[2016.01.27-02.33.38:074][  0]LogLinker:Warning: Can't find file '/Game/ThirdPersonCPP/ThirdPersonOverview'
[2016.01.27-02.33.38:075][  0]LogUObjectGlobals:Warning: Failed to find object 'Class /Game/ThirdPersonCPP/ThirdPersonOverview.ThirdPersonOverview_C'
[2016.01.27-02.33.38:142][  0]LogConsoleResponse:Display: 
[2016.01.27-02.33.38:375][  0]LogCook:Display: Done creating registry. It took  0.00s.
[2016.01.27-02.33.38:806][  0]LogFileCache: Scanning file cache for directory 'C:/Users/frederic/Documents/Unreal Projects/LostAge/Content/' took 0.01s
[2016.01.27-02.33.38:806][  0]SourceControl: Info Source control is disabled
[2016.01.27-02.33.38:806][  0]Cmd: MAP LOAD FILE="../../../../../../Users/frederic/Documents/Unreal Projects/LostAge/Content/FirstPersonCPP/Maps/MainMenu.umap" TEMPLATE=0 SHOWPROGRESS=1 FEATURELEVEL=3
[2016.01.27-02.33.38:807][  0]LightingResults: New page: Lighting Build
[2016.01.27-02.33.38:812][  0]MapCheck: New page: Map Check
[2016.01.27-02.33.38:812][  0]LightingResults: New page: Lighting Build
[2016.01.27-02.33.38:823][  0]LogParticles: Destroying 0 GPU particle simulations for FXSystem 0x0000000021D02480
[2016.01.27-02.33.38:828][  0]LogAIModule: Creating AISystem for world MainMenu
[2016.01.27-02.33.38:829][  0]LogEditorServer: Finished looking for orphan Actors (0.000 secs)
[2016.01.27-02.33.38:830][  0]Cmd: MAP CHECKDEP NOCLEARLOG
[2016.01.27-02.33.38:876][  0]MapCheck: Info Map check complete: 0 Error(s), 0 Warning(s), took 44.91ms to complete.
[2016.01.27-02.33.38:876][  0]LogFileHelpers: Loading map 'MainMenu' took 0.070
[2016.01.27-02.33.39:044][  0]LogCollectionManager: Loaded 0 collections in 0.002058 seconds
[2016.01.27-02.33.39:089][  0]LogFileCache: Scanning file cache for directory 'C:/Users/frederic/Documents/Unreal Projects/LostAge/Saved/Collections/' took 0.01s
[2016.01.27-02.33.39:090][  0]LogFileCache: Scanning file cache for directory 'C:/Users/frederic/Documents/Unreal Projects/LostAge/Content/Developers/frederic/Collections/' took 0.01s
[2016.01.27-02.33.39:090][  0]LogFileCache: Scanning file cache for directory 'C:/Users/frederic/Documents/Unreal Projects/LostAge/Content/Collections/' took 0.01s
[2016.01.27-02.33.39:091][  0]LogContentBrowser: Native class hierarchy populated in 0.0084 seconds. Added 1875 classes and 335 folders.
[2016.01.27-02.33.39:099][  0]LogCollectionManager: Rebuilt the GUID cache for 0 collections in 0.000002 seconds
[2016.01.27-02.33.39:114][  0]LogContentBrowser: Native class hierarchy updated for 'WidgetCarousel' in 0.0030 seconds. Added 0 classes and 0 folders.
[2016.01.27-02.33.39:355][  0]LogContentBrowser: Native class hierarchy updated for 'AddContentDialog' in 0.0018 seconds. Added 0 classes and 0 folders.
[2016.01.27-02.33.39:420][  0]LogContentBrowser: Native class hierarchy updated for 'SceneOutliner' in 0.0018 seconds. Added 1 classes and 2 folders.
[2016.01.27-02.33.39:478][  0]LogCrashTracker: Crashtracker disabled due to settings.
[2016.01.27-02.33.39:482][  0]LogUObjectGlobals:Warning: Failed to find object 'Class None.'
[2016.01.27-02.33.39:504][  0]LogLoad: Full Startup: 17.32 seconds (BP compile: 0.03 seconds)
[2016.01.27-02.33.39:628][  0]LogContentStreaming: Texture pool size now 1000 MB
[2016.01.27-02.33.39:769][  2]LogRenderer: Reallocating scene render targets to support 972x516 (Frame:2).
[2016.01.27-02.33.39:944][  3]LogAssetRegistry: Asset discovery search completed in 6.1167 seconds
[2016.01.27-02.33.39:944][  3]LogCollectionManager: Rebuilt the object cache for 0 collections in 0.000001 seconds (found 0 objects)
[2016.01.27-02.33.39:944][  3]LogCollectionManager: Fixed up redirectors for 0 collections in 0.000270 seconds (updated 0 objects)
[2016.01.27-02.33.53:271][514]LogLinker:Warning: Asset '../../../Engine/Content/ArtTools/RenderToTexture/Macros/RenderToTextureMacros.uasset' has been saved with empty engine version. The asset will be loaded but may be incompatible.
[2016.01.27-02.33.53:819][514]LogContentBrowser: Native class hierarchy updated for 'BlueprintGraph' in 0.0022 seconds. Added 107 classes and 0 folders.
[2016.01.27-02.34.01:574][701]LogRenderer: Reallocating scene render targets to support 1208x556 (Frame:2089).
[2016.01.27-02.34.18:737][324]BlueprintLog: New page: Compile GameInstanceBP
[2016.01.27-02.34.18:804][324]LogActorComponent: UnregisterComponent: (/Engine/Transient.CharMoveComp) Not registered. Aborting.
[2016.01.27-02.34.18:834][324]BlueprintEditorCompileResults: Info [0056.65] Compile of GameInstanceBP successful! [in 96 ms]
[2016.01.27-02.34.19:509][385]LogSavePackage: Save=75.815468ms
[2016.01.27-02.34.19:510][385]LogSavePackage: Moving '../../../../../../Users/frederic/Documents/Unreal Projects/LostAge/Saved/GameInstanceBP3000DB3045ED6A0E60BD01B304C8DDF3.tmp' to '../../../../../../Users/frederic/Documents/Unreal Projects/LostAge/Content/FirstPersonCPP/Blueprints/GameInstanceBP.uasset'
[2016.01.27-02.34.19:510][385]LogFileManager:Warning: DeleteFile was unable to delete '../../../../../../Users/frederic/Documents/Unreal Projects/LostAge/Content/FirstPersonCPP/Blueprints/GameInstanceBP.uasset', retrying in .5s...
[2016.01.27-02.34.20:010][385]LogFileManager:Error: Error deleting file '../../../../../../Users/frederic/Documents/Unreal Projects/LostAge/Content/FirstPersonCPP/Blueprints/GameInstanceBP.uasset'.
[2016.01.27-02.34.20:010][385]LogSavePackage:Error: Error saving '../../../../../../Users/frederic/Documents/Unreal Projects/LostAge/Content/FirstPersonCPP/Blueprints/GameInstanceBP.uasset'
[2016.01.27-02.34.20:012][385]LogSavePackage: Total save time: 587.294444ms
[2016.01.27-02.34.20:012][385]LogSavePackage:Warning: Finished SavePackage ../../../../../../Users/frederic/Documents/Unreal Projects/LostAge/Content/FirstPersonCPP/Blueprints/GameInstanceBP.uasset
[2016.01.27-02.34.25:350][385]EditorErrors: New page: Save Output
[2016.01.27-02.34.25:351][385]EditorErrors:Warning: Warning Error saving '../../../../../../Users/frederic/Documents/Unreal Projects/LostAge/Content/FirstPersonCPP/Blueprints/GameInstanceBP.uasset'
[2016.01.27-02.36.02:020][554]BlueprintLog: New page: Compile GameInstanceBP
[2016.01.27-02.36.02:045][554]LogBlueprint:Error: [compiler GameInstanceBP] Error This blueprint (self) is not a Controller, therefore ' Target ' must have a connection.
[2016.01.27-02.36.02:126][554]LogActorComponent: UnregisterComponent: (/Engine/Transient.CharMoveComp) Not registered. Aborting.
[2016.01.27-02.36.02:154][554]LogBlueprint:Warning: [compiler GameInstanceBP] Warning [0159.97] Compile of GameInstanceBP failed. 1 Fatal Issue(s) 0 Warning(s) [in 133 ms]
[2016.01.27-02.36.02:155][554]BlueprintEditorCompileResults:Error: Error This blueprint (self) is not a Controller, therefore ' Target ' must have a connection.
[2016.01.27-02.36.02:155][554]BlueprintEditorCompileResults:Warning: Warning [0159.97] Compile of GameInstanceBP failed. 1 Fatal Issue(s) 0 Warning(s) [in 133 ms]
[2016.01.27-02.36.12:039][596]BlueprintLog: New page: Compile GameInstanceBP
[2016.01.27-02.36.12:125][596]BlueprintEditorCompileResults: Info [0169.94] Compile of GameInstanceBP successful! [in 85 ms]
[2016.01.27-02.36.49:722][839]LogPlayLevel: PlayLevel: No blueprints needed recompiling
[2016.01.27-02.36.49:723][839]PIE: New page: PIE session: MainMenu (Jan 26, 2016, 4:36:49 PM)
[2016.01.27-02.36.49:723][839]LogPlayLevel: Creating play world package: /Game/FirstPersonCPP/Maps/UEDPIE_0_MainMenu
[2016.01.27-02.36.49:724][839]LogPlayLevel: PIE: StaticDuplicateObject took: (0.000519s)
[2016.01.27-02.36.49:725][839]LogAIModule: Creating AISystem for world MainMenu
[2016.01.27-02.36.49:726][839]LogPlayLevel: PIE: World Init took: (0.001378s)
[2016.01.27-02.36.49:727][839]LogPlayLevel: PIE: Created PIE world by copying editor world from /Game/FirstPersonCPP/Maps/MainMenu.MainMenu to /Game/FirstPersonCPP/Maps/UEDPIE_0_MainMenu.MainMenu (0.003173s)
[2016.01.27-02.36.49:727][839]LogActorComponent: UnregisterComponent: (/Engine/Transient.CharMoveComp) Not registered. Aborting.
[2016.01.27-02.36.49:768][839]LogInit: XAudio2 using 'Haut-parleurs (USB PnP Sound Device)' : 2 channels at 44.1 kHz using 16 bits per sample (channel mask 0x3)
[2016.01.27-02.36.49:772][839]LogInit: FAudioDevice initialized.
[2016.01.27-02.36.49:826][839]LogWorld: Game class is 'LostAgeGameMode'
[2016.01.27-02.36.49:828][839]LogWorld: Bringing World /Game/FirstPersonCPP/Maps/UEDPIE_0_MainMenu.MainMenu up for play (max tick rate 0) at 2016.01.26-21.36.49
[2016.01.27-02.36.49:829][839]LogActor:Warning: GameSession /Game/FirstPersonCPP/Maps/UEDPIE_0_MainMenu.MainMenu:PersistentLevel.GameSession_0 has natively added scene component(s), but none of them were set as the actor's RootComponent - picking one arbitrarily
[2016.01.27-02.36.49:829][839]LogActor:Warning: GameNetworkManager /Game/FirstPersonCPP/Maps/UEDPIE_0_MainMenu.MainMenu:PersistentLevel.GameNetworkManager_0 has natively added scene component(s), but none of them were set as the actor's RootComponent - picking one arbitrarily
[2016.01.27-02.36.49:830][839]LogWorld: Bringing up level for play took: 0.001547
[2016.01.27-02.36.49:840][839]LogVoice:Warning: Failed to initialize voice interface
[2016.01.27-02.36.49:843][839]LogOnline:Warning: NULL: Can't start an online game for session (Game) that hasn't been created
[20