[2016.01.26-19.24.28:998][  0]Log file open, 01/26/16 14:24:28
[2016.01.26-19.24.28:998][  0]LogInit:Display: Running engine for game: LostAge
[2016.01.26-19.24.28:998][  0]LogInit:Display: RandInit(24939918) SRandInit(24939918).
[2016.01.26-19.24.28:999][  0]LogTaskGraph: Started task graph with 4 named threads and 7 total threads.
[2016.01.26-19.24.28:999][  0]LogStats: Stats thread started at 0.147884
[2016.01.26-19.24.28:999][  0]LogInit: Version: 4.9.2-2707645+++depot+UE4-Releases+4.9
[2016.01.26-19.24.28:999][  0]LogInit: API Version: 2672455
[2016.01.26-19.24.29:000][  0]LogInit: Compiled (64-bit): Sep 28 2015 10:25:44
[2016.01.26-19.24.29:000][  0]LogInit: Compiled with Visual C++: 18.00.21005.01
[2016.01.26-19.24.29:000][  0]LogInit: Build Configuration: DebugGame
[2016.01.26-19.24.29:000][  0]LogInit: Branch Name: ++depot+UE4-Releases+4.9
[2016.01.26-19.24.29:001][  0]LogInit: Command line:  -debug
[2016.01.26-19.24.29:001][  0]LogInit: Base directory: C:/Program Files/Epic Games/4.9/Engine/Binaries/Win64/
[2016.01.26-19.24.29:001][  0]LogInit: Rocket: 1
[2016.01.26-19.24.29:026][  0]LogInit: Using libcurl 7.41.0
[2016.01.26-19.24.29:026][  0]LogInit:  - built for x86_64-pc-win32
[2016.01.26-19.24.29:027][  0]LogInit:  - supports SSL with WinSSL
[2016.01.26-19.24.29:027][  0]LogInit:  - other features:
[2016.01.26-19.24.29:027][  0]LogInit:      CURL_VERSION_SSL
[2016.01.26-19.24.29:027][  0]LogInit:      CURL_VERSION_IPV6
[2016.01.26-19.24.29:028][  0]LogInit:      CURL_VERSION_ASYNCHDNS
[2016.01.26-19.24.29:028][  0]LogInit:      CURL_VERSION_LARGEFILE
[2016.01.26-19.24.29:028][  0]LogInit:      CURL_VERSION_IDN
[2016.01.26-19.24.29:028][  0]LogInit:  CurlRequestOptions (configurable via config and command line):
[2016.01.26-19.24.29:028][  0]LogInit:  - bVerifyPeer = true  - Libcurl will verify peer certificate
[2016.01.26-19.24.29:029][  0]LogInit:  - bUseHttpProxy = false  - Libcurl will NOT use HTTP proxy
[2016.01.26-19.24.29:029][  0]LogInit:  - bDontReuseConnections = false  - Libcurl will reuse connections
[2016.01.26-19.24.29:029][  0]LogInit:  - CertBundlePath = nullptr  - Libcurl will use whatever was configured at build time.
[2016.01.26-19.24.29:080][  0]LogInit: WinSock: version 1.1 (2.2), MaxSocks=32767, MaxUdp=65467
[2016.01.26-19.24.29:092][  0]LogVoice:Warning: Failed to initialize voice interface
[2016.01.26-19.24.29:098][  0]LogInit: Presizing for 0 objects not considered by GC, pre-allocating 0 bytes.
[2016.01.26-19.24.29:105][  0]LogInit: Object subsystem initialized
[2016.01.26-19.24.29:107][  0]LogInit: Selected Device Profile: [Windows]
[2016.01.26-19.24.29:107][  0]LogInit: Applying CVar settings loaded from the selected device profile: [Windows]
[2016.01.26-19.24.29:115][  0]LogInit: Computer: FREDERIC-PC
[2016.01.26-19.24.29:116][  0]LogInit: User: frederic
[2016.01.26-19.24.29:116][  0]LogInit: CPU Page size=4096, Cores=4
[2016.01.26-19.24.29:116][  0]LogInit: High frequency timer resolution =3.331240 MHz
[2016.01.26-19.24.29:117][  0]LogMemory: Memory total: Physical=15.9GB (16GB approx)
[2016.01.26-19.24.29:117][  0]LogMemory: Platform Memory Stats for Windows
[2016.01.26-19.24.29:117][  0]LogMemory: Process Physical Memory: 54.68 MB used, 54.68 MB peak
[2016.01.26-19.24.29:117][  0]LogMemory: Process Virtual Memory: 55.73 MB used, 55.73 MB peak
[2016.01.26-19.24.29:118][  0]LogMemory: Physical Memory: 5268.57 MB used, 16288.39 MB total
[2016.01.26-19.24.29:118][  0]LogMemory: Virtual Memory: 337.63 MB used, 8388608.00 MB total
[2016.01.26-19.24.29:188][  0]LogTextLocalizationManager: No translations for ('fr-CA') exist, falling back to 'en' for localization and internationalization data.
[2016.01.26-19.24.30:021][  0]LogD3D11RHI: Found D3D11 adapter 0: NVIDIA GeForce GTX 970 (Feature Level 11_0)
[2016.01.26-19.24.30:021][  0]LogD3D11RHI: Adapter has 4008MB of dedicated video memory, 0MB of dedicated system memory, and 7888MB of shared system memory, 1 output[s]
[2016.01.26-19.24.30:028][  0]LogD3D11RHI: Found D3D11 adapter 1: Intel(R) HD Graphics 3000 (Feature Level 10_0)
[2016.01.26-19.24.30:029][  0]LogD3D11RHI: Adapter has 64MB of dedicated video memory, 0MB of dedicated system memory, and 1632MB of shared system memory, 0 output[s]
[2016.01.26-19.24.30:029][  0]LogD3D11RHI: Chosen D3D11 Adapter Id = 0
[2016.01.26-19.24.30:034][  0]LogD3D11RHI: !Direct3DDevice
[2016.01.26-19.24.30:034][  0]LogRHI: Texture pool is 1361 MB (70% of 1945 MB)
[2016.01.26-19.24.30:077][  0]LogD3D11RHI: Async texture creation enabled
[2016.01.26-19.24.30:092][  0]LogShaderCompilers: Guid format shader working directory is 15 characters bigger than the processId version (../../../../../../Users/frederic/Documents/Unreal Projects/LostAge/Intermediate/Shaders/WorkingDirectory/2964/).
[2016.01.26-19.24.30:093][  0]LogShaderCompilers: Cleaned the shader compiler working directory '../../../../../../Users/frederic/Documents/Unreal Projects/LostAge/Intermediate/Shaders/tmp/074E765444F60FB85279D3924E5E44E2/'.
[2016.01.26-19.24.30:093][  0]LogShaderCompilers:Display: Using Local Shader Compiler.
[2016.01.26-19.24.31:277][  0]LogTemp:Display: Loaded TP AllDesktopTargetPlatform
[2016.01.26-19.24.31:292][  0]LogTemp:Display: Loaded TP WindowsClientTargetPlatform
[2016.01.26-19.24.31:307][  0]LogTemp:Display: Loaded TP WindowsNoEditorTargetPlatform
[2016.01.26-19.24.31:323][  0]LogTemp:Display: Loaded TP WindowsServerTargetPlatform
[2016.01.26-19.24.31:336][  0]LogTemp:Display: Loaded TP WindowsTargetPlatform
[2016.01.26-19.24.31:342][  0]LogTemp:Display: Loaded TP AndroidTargetPlatform
[2016.01.26-19.24.31:351][  0]LogTemp:Display: Loaded TP Android_ASTCTargetPlatform
[2016.01.26-19.24.31:359][  0]LogTemp:Display: Loaded TP Android_ATCTargetPlatform
[2016.01.26-19.24.31:366][  0]LogTemp:Display: Loaded TP Android_DXTTargetPlatform
[2016.01.26-19.24.31:374][  0]LogTemp:Display: Loaded TP Android_ETC1TargetPlatform
[2016.01.26-19.24.31:382][  0]LogTemp:Display: Loaded TP Android_ETC2TargetPlatform
[2016.01.26-19.24.31:389][  0]LogTemp:Display: Loaded TP Android_PVRTCTargetPlatform
[2016.01.26-19.24.31:393][  0]LogTemp:Display: Loaded TP HTML5TargetPlatform
[2016.01.26-19.24.31:422][  0]LogTemp:Display: Loaded TP IOSTargetPlatform
[2016.01.26-19.24.31:428][  0]LogTemp:Display: Loaded TP LinuxNoEditorTargetPlatform
[2016.01.26-19.24.31:435][  0]LogTemp:Display: Loaded TP LinuxServerTargetPlatform
[2016.01.26-19.24.31:441][  0]LogTemp:Display: Loaded TP LinuxTargetPlatform
[2016.01.26-19.24.31:442][  0]LogTargetPlatformManager:Display: Building Assets For Windows
[2016.01.26-19.24.31:635][  0]LogDerivedDataCache:Display: Max Cache Size: 512 MB
[2016.01.26-19.24.31:679][  0]LogDerivedDataCache: Loaded boot cache 0.04s 42MB C:/Users/frederic/AppData/Local/UnrealEngine/4.9/DerivedDataCache/Boot.ddc.
[2016.01.26-19.24.31:680][  0]LogDerivedDataCache:Display: Loaded Boot cache: C:/Users/frederic/AppData/Local/UnrealEngine/4.9/DerivedDataCache/Boot.ddc
[2016.01.26-19.24.31:680][  0]LogDerivedDataCache: FDerivedDataBackendGraph:  Pak pak cache file ../../../../../../Users/frederic/Documents/Unreal Projects/LostAge/DerivedDataCache/DDC.ddp not found, will not use a pak cache.
[2016.01.26-19.24.31:680][  0]LogDerivedDataCache: Unable to find inner node Pak for hierarchical cache Hierarchy.
[2016.01.26-19.24.31:681][  0]LogDerivedDataCache: FDerivedDataBackendGraph:  CompressedPak pak cache file ../../../../../../Users/frederic/Documents/Unreal Projects/LostAge/DerivedDataCache/Compressed.ddp not found, will not use a pak cache.
[2016.01.26-19.24.31:681][  0]LogDerivedDataCache: Unable to find inner node CompressedPak for hierarchical cache Hierarchy.
[2016.01.26-19.24.31:822][  0]LogDerivedDataCache:Display: Pak cache opened for reading ../../../Engine/DerivedDataCache/Compressed.ddp.
[2016.01.26-19.24.31:834][  0]LogDerivedDataCache: Using Local data cache path C:/Users/frederic/AppData/Local/UnrealEngine/Common/DerivedDataCache: Writable
[2016.01.26-19.24.32:025][  0]LogInit: Selected Device Profile: [Windows]
[2016.01.26-19.24.32:026][  0]LogContentStreaming: Texture pool size is 0.000000MB
[2016.01.26-19.24.32:060][  0]LogMeshUtilities: No automatic mesh reduction module available
[2016.01.26-19.24.32:060][  0]LogMeshUtilities: No automatic mesh merging module available
[2016.01.26-19.24.33:415][  0]UdpMessaging: Initializing bridge on interface 0.0.0.0:0 to multicast group 230.0.0.1:6666.
[2016.01.26-19.24.33:753][  0]LogAssetRegistry: FAssetRegistry took 0.0104 seconds to start up
[2016.01.26-19.24.34:071][  0]SourceControl: Info Source control is disabled
[2016.01.26-19.24.34:073][  0]SourceControl: Info Source control is disabled
[2016.01.26-19.24.34:090][  0]SourceControl: Info Source control is disabled
[2016.01.26-19.24.34:108][  0]SourceControl: Info Source control is disabled
[2016.01.26-19.24.34:293][  0]LogLinker:Warning: Asset '../../../Engine/Plugins/Runtime/LeapMotionController/Content/LM_PassthroughMaterial.uasset' has been saved with empty engine version. The asset will be loaded but may be incompatible.
[2016.01.26-19.24.34:401][  0]LogObj: 31792 objects as part of root set at end of initial load.
[2016.01.26-19.24.34:401][  0]LogUObjectAllocator: 7252992 out of 0 bytes used by permanent object pool.
[2016.01.26-19.24.34:476][  0]LogEngine: Initializing Engine...
[2016.01.26-19.24.34:479][  0]LogHMD: Can't find Oculus library dev build: is proper Runtime installed? Version: 0.7.0.0
[2016.01.26-19.24.34:481][  0]LogHMD: SteamVR failed to initialize.  Err: 110
[2016.01.26-19.24.34:621][  0]LogAIModule: Creating AISystem for world NewWorld
[2016.01.26-19.24.34:638][  0]LogInit: XAudio2 using 'Haut-parleurs (Realtek High Definition Audio)' : 2 channels at 48 kHz using 32 bits per sample (channel mask 0x3)
[2016.01.26-19.24.34:655][  0]LogInit: FAudioDevice initialized.
[2016.01.26-19.24.34:678][  0]LogDerivedDataCache: Saved boot cache 0.02s 42MB C:/Users/frederic/AppData/Local/UnrealEngine/4.9/DerivedDataCache/Boot.ddc.
[2016.01.26-19.24.34:684][  0]LogInit: Texture streaming: Enabled
[2016.01.26-19.24.34:700][  0]LogAnalytics: Creating configured Analytics provider AnalyticsET
[2016.01.26-19.24.34:701][  0]LogAnalytics: [UEEditor.Rocket.Release] APIServer = http://et2.epicgames.com/ET2/. AppVersion = 4.9.2-2707645+++depot+UE4-Releases+4.9
[2016.01.26-19.24.34:701][  0]LogAnalytics: [UEEditor.Rocket.Release] SetUserId c8da8d664a36a98701fe659c10ae4ff8|70626fa7f476448fb82ad9618fbbb1ab|00e7fb16-00c3-4af4-a2a1-2cc8013aae38
[2016.01.26-19.24.34:701][  0]LogAnalytics: [UEEditor.Rocket.Release] AnalyticsET::StartSession
[2016.01.26-19.24.34:718][  0]LogInit: Transaction tracking system initialized
[2016.01.26-19.24.34:812][  0]BlueprintLog: New page: Editor Load
[2016.01.26-19.24.35:151][  0]LocalizationService: Info Localization service is disabled
[2016.01.26-19.24.35:304][  0]LogLinker:Warning: Can't find file '/Game/ThirdPersonCPP/ThirdPersonOverview'
[2016.01.26-19.24.35:305][  0]LogLinker:Warning: Can't find file '/Game/ThirdPersonCPP/ThirdPersonOverview'
[2016.01.26-19.24.35:305][  0]LogUObjectGlobals:Warning: Failed to find object 'Class /Game/ThirdPersonCPP/ThirdPersonOverview.ThirdPersonOverview_C'
[2016.01.26-19.24.35:334][  0]LogConsoleResponse:Display: 
[2016.01.26-19.24.35:458][  0]LogCook:Display: Done creating registry. It took  0.00s.
[2016.01.26-19.24.35:611][  0]LogFileCache: Scanning file cache for directory 'C:/Users/frederic/Documents/Unreal Projects/LostAge/Content/' took 0.01s
[2016.01.26-19.24.35:611][  0]SourceControl: Info Source control is disabled
[2016.01.26-19.24.35:611][  0]Cmd: MAP LOAD FILE="../../../../../../Users/frederic/Documents/Unreal Projects/LostAge/Content/FirstPersonCPP/Maps/MainMenu.umap" TEMPLATE=0 SHOWPROGRESS=1 FEATURELEVEL=3
[2016.01.26-19.24.35:612][  0]LightingResults: New page: Lighting Build
[2016.01.26-19.24.35:617][  0]MapCheck: New page: Map Check
[2016.01.26-19.24.35:617][  0]LightingResults: New page: Lighting Build
[2016.01.26-19.24.35:630][  0]LogParticles: Destroying 0 GPU particle simulations for FXSystem 0x000000002317E160
[2016.01.26-19.24.35:635][  0]LogAIMo