[2016.01.26-21.32.26:342][  0]Log file open, 01/26/16 16:32:26
[2016.01.26-21.32.26:342][  0]LogInit:Display: Running engine for game: LostAge
[2016.01.26-21.32.26:343][  0]LogInit:Display: RandInit(-170741671) SRandInit(-170741670).
[2016.01.26-21.32.26:344][  0]LogTaskGraph: Started task graph with 4 named threads and 7 total threads.
[2016.01.26-21.32.26:344][  0]LogStats: Stats thread started at 0.164342
[2016.01.26-21.32.26:344][  0]LogInit: Version: 4.9.2-2707645+++depot+UE4-Releases+4.9
[2016.01.26-21.32.26:345][  0]LogInit: API Version: 2672455
[2016.01.26-21.32.26:345][  0]LogInit: Compiled (64-bit): Sep 28 2015 10:25:44
[2016.01.26-21.32.26:345][  0]LogInit: Compiled with Visual C++: 18.00.21005.01
[2016.01.26-21.32.26:346][  0]LogInit: Build Configuration: Development
[2016.01.26-21.32.26:346][  0]LogInit: Branch Name: ++depot+UE4-Releases+4.9
[2016.01.26-21.32.26:346][  0]LogInit: Command line: 
[2016.01.26-21.32.26:346][  0]LogInit: Base directory: C:/Program Files/Epic Games/4.9/Engine/Binaries/Win64/
[2016.01.26-21.32.26:347][  0]LogInit: Rocket: 1
[2016.01.26-21.32.26:383][  0]LogInit: Using libcurl 7.41.0
[2016.01.26-21.32.26:383][  0]LogInit:  - built for x86_64-pc-win32
[2016.01.26-21.32.26:383][  0]LogInit:  - supports SSL with WinSSL
[2016.01.26-21.32.26:384][  0]LogInit:  - other features:
[2016.01.26-21.32.26:384][  0]LogInit:      CURL_VERSION_SSL
[2016.01.26-21.32.26:384][  0]LogInit:      CURL_VERSION_IPV6
[2016.01.26-21.32.26:384][  0]LogInit:      CURL_VERSION_ASYNCHDNS
[2016.01.26-21.32.26:385][  0]LogInit:      CURL_VERSION_LARGEFILE
[2016.01.26-21.32.26:385][  0]LogInit:      CURL_VERSION_IDN
[2016.01.26-21.32.26:385][  0]LogInit:  CurlRequestOptions (configurable via config and command line):
[2016.01.26-21.32.26:385][  0]LogInit:  - bVerifyPeer = true  - Libcurl will verify peer certificate
[2016.01.26-21.32.26:386][  0]LogInit:  - bUseHttpProxy = false  - Libcurl will NOT use HTTP proxy
[2016.01.26-21.32.26:386][  0]LogInit:  - bDontReuseConnections = false  - Libcurl will reuse connections
[2016.01.26-21.32.26:386][  0]LogInit:  - CertBundlePath = nullptr  - Libcurl will use whatever was configured at build time.
[2016.01.26-21.32.26:458][  0]LogInit: WinSock: version 1.1 (2.2), MaxSocks=32767, MaxUdp=65467
[2016.01.26-21.32.26:474][  0]LogVoice:Warning: Failed to initialize voice interface
[2016.01.26-21.32.26:482][  0]LogInit: Presizing for 0 objects not considered by GC, pre-allocating 0 bytes.
[2016.01.26-21.32.26:491][  0]LogInit: Object subsystem initialized
[2016.01.26-21.32.26:494][  0]LogInit: Selected Device Profile: [Windows]
[2016.01.26-21.32.26:494][  0]LogInit: Applying CVar settings loaded from the selected device profile: [Windows]
[2016.01.26-21.32.26:502][  0]LogInit: Computer: FREDERIC-PC
[2016.01.26-21.32.26:503][  0]LogInit: User: frederic
[2016.01.26-21.32.26:503][  0]LogInit: CPU Page size=4096, Cores=4
[2016.01.26-21.32.26:503][  0]LogInit: High frequency timer resolution =3.331240 MHz
[2016.01.26-21.32.26:504][  0]LogMemory: Memory total: Physical=15.9GB (16GB approx)
[2016.01.26-21.32.26:504][  0]LogMemory: Platform Memory Stats for Windows
[2016.01.26-21.32.26:504][  0]LogMemory: Process Physical Memory: 54.61 MB used, 54.61 MB peak
[2016.01.26-21.32.26:504][  0]LogMemory: Process Virtual Memory: 55.75 MB used, 55.75 MB peak
[2016.01.26-21.32.26:505][  0]LogMemory: Physical Memory: 9679.51 MB used, 16288.39 MB total
[2016.01.26-21.32.26:505][  0]LogMemory: Virtual Memory: 337.63 MB used, 8388608.00 MB total
[2016.01.26-21.32.26:598][  0]LogTextLocalizationManager: No translations for ('fr-CA') exist, falling back to 'en' for localization and internationalization data.
[2016.01.26-21.32.27:341][  0]LogD3D11RHI: Found D3D11 adapter 0: NVIDIA GeForce GTX 970 (Feature Level 11_0)
[2016.01.26-21.32.27:341][  0]LogD3D11RHI: Adapter has 4008MB of dedicated video memory, 0MB of dedicated system memory, and 7888MB of shared system memory, 1 output[s]
[2016.01.26-21.32.27:351][  0]LogD3D11RHI: Found D3D11 adapter 1: Intel(R) HD Graphics 3000 (Feature Level 10_0)
[2016.01.26-21.32.27:351][  0]LogD3D11RHI: Adapter has 64MB of dedicated video memory, 0MB of dedicated system memory, and 1632MB of shared system memory, 0 output[s]
[2016.01.26-21.32.27:352][  0]LogD3D11RHI: Chosen D3D11 Adapter Id = 0
[2016.01.26-21.32.27:356][  0]LogD3D11RHI: !Direct3DDevice
[2016.01.26-21.32.27:357][  0]LogRHI: Texture pool is 1361 MB (70% of 1945 MB)
[2016.01.26-21.32.27:416][  0]LogD3D11RHI: Async texture creation enabled
[2016.01.26-21.32.27:431][  0]LogShaderCompilers: Guid format shader working directory is 15 characters bigger than the processId version (../../../../../../Users/frederic/Documents/Unreal Projects/LostAge/Intermediate/Shaders/WorkingDirectory/7568/).
[2016.01.26-21.32.27:432][  0]LogShaderCompilers: Cleaned the shader compiler working directory '../../../../../../Users/frederic/Documents/Unreal Projects/LostAge/Intermediate/Shaders/tmp/32FDCBBD4C47C91AA652DB84EC0173C0/'.
[2016.01.26-21.32.27:432][  0]LogShaderCompilers:Display: Using Local Shader Compiler.
[2016.01.26-21.32.28:764][  0]LogTemp:Display: Loaded TP AllDesktopTargetPlatform
[2016.01.26-21.32.28:783][  0]LogTemp:Display: Loaded TP WindowsClientTargetPlatform
[2016.01.26-21.32.28:803][  0]LogTemp:Display: Loaded TP WindowsNoEditorTargetPlatform
[2016.01.26-21.32.28:826][  0]LogTemp:Display: Loaded TP WindowsServerTargetPlatform
[2016.01.26-21.32.28:849][  0]LogTemp:Display: Loaded TP WindowsTargetPlatform
[2016.01.26-21.32.28:857][  0]LogTemp:Display: Loaded TP AndroidTargetPlatform
[2016.01.26-21.32.28:866][  0]LogTemp:Display: Loaded TP Android_ASTCTargetPlatform
[2016.01.26-21.32.28:874][  0]LogTemp:Display: Loaded TP Android_ATCTargetPlatform
[2016.01.26-21.32.28:884][  0]LogTemp:Display: Loaded TP Android_DXTTargetPlatform
[2016.01.26-21.32.28:893][  0]LogTemp:Display: Loaded TP Android_ETC1TargetPlatform
[2016.01.26-21.32.28:902][  0]LogTemp:Display: Loaded TP Android_ETC2TargetPlatform
[2016.01.26-21.32.28:911][  0]LogTemp:Display: Loaded TP Android_PVRTCTargetPlatform
[2016.01.26-21.32.28:916][  0]LogTemp:Display: Loaded TP HTML5TargetPlatform
[2016.01.26-21.32.28:954][  0]LogTemp:Display: Loaded TP IOSTargetPlatform
[2016.01.26-21.32.28:962][  0]LogTemp:Display: Loaded TP LinuxNoEditorTargetPlatform
[2016.01.26-21.32.28:971][  0]LogTemp:Display: Loaded TP LinuxServerTargetPlatform
[2016.01.26-21.32.28:980][  0]LogTemp:Display: Loaded TP LinuxTargetPlatform
[2016.01.26-21.32.28:980][  0]LogTargetPlatformManager:Display: Building Assets For Windows
[2016.01.26-21.32.29:239][  0]LogDerivedDataCache:Display: Max Cache Size: 512 MB
[2016.01.26-21.32.29:290][  0]LogDerivedDataCache: Loaded boot cache 0.05s 43MB C:/Users/frederic/AppData/Local/UnrealEngine/4.9/DerivedDataCache/Boot.ddc.
[2016.01.26-21.32.29:291][  0]LogDerivedDataCache:Display: Loaded Boot cache: C:/Users/frederic/AppData/Local/UnrealEngine/4.9/DerivedDataCache/Boot.ddc
[2016.01.26-21.32.29:291][  0]LogDerivedDataCache: FDerivedDataBackendGraph:  Pak pak cache file ../../../../../../Users/frederic/Documents/Unreal Projects/LostAge/DerivedDataCache/DDC.ddp not found, will not use a pak cache.
[2016.01.26-21.32.29:292][  0]LogDerivedDataCache: Unable to find inner node Pak for hierarchical cache Hierarchy.
[2016.01.26-21.32.29:292][  0]LogDerivedDataCache: FDerivedDataBackendGraph:  CompressedPak pak cache file ../../../../../../Users/frederic/Documents/Unreal Projects/LostAge/DerivedDataCache/Compressed.ddp not found, will not use a pak cache.
[2016.01.26-21.32.29:292][  0]LogDerivedDataCache: Unable to find inner node CompressedPak for hierarchical cache Hierarchy.
[2016.01.26-21.32.29:441][  0]LogDerivedDataCache:Display: Pak cache opened for reading ../../../Engine/DerivedDataCache/Compressed.ddp.
[2016.01.26-21.32.29:454][  0]LogDerivedDataCache: Using Local data cache path C:/Users/frederic/AppData/Local/UnrealEngine/Common/DerivedDataCache: Writable
[2016.01.26-21.32.29:676][  0]LogInit: Selected Device Profile: [Windows]
[2016.01.26-21.32.29:677][  0]LogContentStreaming: Texture pool size is 0.000000MB
[2016.01.26-21.32.29:724][  0]LogMeshUtilities: No automatic mesh reduction module available
[2016.01.26-21.32.29:725][  0]LogMeshUtilities: No automatic mesh merging module available
[2016.01.26-21.32.31:360][  0]UdpMessaging: Initializing bridge on interface 0.0.0.0:0 to multicast group 230.0.0.1:6666.
[2016.01.26-21.32.36:934][  0]LogAssetRegistry: FAssetRegistry took 0.0108 seconds to start up
[2016.01.26-21.32.37:339][  0]SourceControl: Info Source control is disabled
[2016.01.26-21.32.37:341][  0]SourceControl: Info Source control is disabled
[2016.01.26-21.32.37:357][  0]SourceControl: Info Source control is disabled
[2016.01.26-21.32.37:380][  0]SourceControl: Info Source control is disabled
[2016.01.26-21.32.37:591][  0]LogLinker:Warning: Asset '../../../Engine/Plugins/Runtime/LeapMotionController/Content/LM_PassthroughMaterial.uasset' has been saved with empty engine version. The asset will be loaded but may be incompatible.
[2016.01.26-21.32.37:706][  0]LogObj: 31792 objects as part of root set at end of initial load.
[2016.01.26-21.32.37:707][  0]LogUObjectAllocator: 7252992 out of 0 bytes used by permanent object pool.
[2016.01.26-21.32.37:802][  0]LogEngine: Initializing Engine...
[2016.01.26-21.32.37:805][  0]LogHMD: Can't find Oculus library dev build: is proper Runtime installed? Version: 0.7.0.0
[2016.01.26-21.32.37:807][  0]LogHMD: SteamVR failed to initialize.  Err: 110
[2016.01.26-21.32.37:968][  0]LogAIModule: Creating AISystem for world NewWorld
[2016.01.26-21.32.37:987][  0]LogInit: XAudio2 using 'Haut-parleurs (Realtek High Definition Audio)' : 2 channels at 48 kHz using 32 bits per sample (channel mask 0x3)
[2016.01.26-21.32.38:008][  0]LogInit: FAudioDevice initialized.
[2016.01.26-21.32.38:030][  0]LogDerivedDataCache: Saved boot cache 0.02s 43MB C:/Users/frederic/AppData/Local/UnrealEngine/4.9/DerivedDataCache/Boot.ddc.
[2016.01.26-21.32.38:037][  0]LogInit: Texture streaming: Enabled
[2016.01.26-21.32.38:057][  0]LogAnalytics: Creating configured Analytics provider AnalyticsET
[2016.01.26-21.32.38:057][  0]LogAnalytics: [UEEditor.Rocket.Release] APIServer = http://et2.epicgames.com/ET2/. AppVersion = 4.9.2-2707645+++depot+UE4-Releases+4.9
[2016.01.26-21.32.38:058][  0]LogAnalytics: [UEEditor.Rocket.Release] SetUserId c8da8d664a36a98701fe659c10ae4ff8|70626fa7f476448fb82ad9618fbbb1ab|00e7fb16-00c3-4af4-a2a1-2cc8013aae38
[2016.01.26-21.32.38:058][  0]LogAnalytics: [UEEditor.Rocket.Release] AnalyticsET::StartSession
[2016.01.26-21.32.38:079][  0]LogInit: Transaction tracking system initialized
[2016.01.26-21.32.38:213][  0]BlueprintLog: New page: Editor Load
[2016.01.26-21.32.38:696][  0]LocalizationService: Info Localization service is disabled
[2016.01.26-21.32.38:894][  0]LogLinker:Warning: Can't find file '/Game/ThirdPersonCPP/ThirdPersonOverview'
[2016.01.26-21.32.38:895][  0]LogLinker:Warning: Can't find file '/Game/ThirdPersonCPP/ThirdPersonOverview'
[2016.01.26-21.32.38:895][  0]LogUObjectGlobals:Warning: Failed to find object 'Class /Game/ThirdPersonCPP/ThirdPersonOverview.ThirdPersonOverview_C'
[2016.01.26-21.32.38:933][  0]LogConsoleResponse:Display: 
[2016.01.26-21.32.39:087][  0]LogCook:Display: Done creating registry. It took  0.00s.
[2016.01.26-21.32.39:322][  0]LogFileCache: Scanning file cache for directory 'C:/Users/frederic/Documents/Unreal Projects/LostAge/Content/' took 0.01s
[2016.01.26-21.32.39:322][  0]SourceControl: Info Source control is disabled
[2016.01.26-21.32.39:323][  0]Cmd: MAP LOAD FILE="../../../../../../Users/frederic/Documents/Unreal Projects/LostAge/Content/FirstPersonCPP/Maps/MainMenu.umap" TEMPLATE=0 SHOWPROGRESS=1 FEATURELEVEL=3
[2016.01.26-21.32.39:324][  0]LightingResults: New page: Lighting Build
[2016.01.26-21.32.39:330][  0]MapCheck: New page: Map Check
[2016.01.26-21.32.39:331][  0]LightingResults: New page: Lighting Build
[2016.01.26-21.32.39:345][  0]LogParticles: Destroying 0 GPU particle simulations for FXSystem 0x0000000022CAE160
[2016.01.26-21.32.39:352][  0]LogAIModule: Creating AISystem for world MainMenu
[2016.01.26-21.32.39:353][  0]LogEditorServer: Finished looking for orphan Actors (0.000 secs)
[2016.01.26-21.32.39:355][  0]Cmd: MAP CHECKDEP NOCLEARLOG
[2016.01.26-21.32.39:406][  0]MapCheck: Info Map check complete: 0 Error(s), 0 Warning(s), took 50.926ms to complete.
[2016.01.26-21.32.39:407][  0]LogFileHelpers: Loading map 'MainMenu' took 0.084
[2016.01.26-21.32.39:523][  0]LogCollectionManager: Loaded 0 collections in 0.002502 seconds
[2016.01.26-21.32.39:569][  0]LogFileCache: Scanning file cache for directory 'C:/Users/frederic/Documents/Unreal Projects/LostAge/Saved/Collections/' took 0.01s
[2016.01.26-21.32.39:570][  0]LogFileCache: Scanning file cache for directory 'C:/Users/frederic/Documents/Unreal Projects/LostAge/Content/Developers/frederic/Collections/' took 0.01s
[2016.01.26-21.32.39:570][  0]LogFileCache: Scanning file cache for directory 'C:/Users/frederic/Documents/Unreal Projects/LostAge/Content/Collections/' took 0.01s
[2016.01.26-21.32.39:571][  0]LogContentBrowser: Native class hierarchy populated in 0.0091 seconds. Added 1875 classes and 335 folders.
[2016.01.26-21.32.39:581][  0]LogCollectionManager: Rebuilt the GUID cache for 0 collections in 0.000002 seconds
[2016.01.26-21.32.39:598][  0]LogContentBrowser: Native class hierarchy updated for 'WidgetCarousel' in 0.0047 seconds. Added 0 classes and 0 folders.
[2016.01.26-21.32.39:678][  0]LogContentBrowser: Native class hierarchy updated for 'AddContentDialog' in 0.0019 seconds. Added 0 classes and 0 folders.
[2016.01.26-21.32.39:705][  0]LogContentBrowser: Native class hierarchy updated for 'SceneOutliner' in 0.0026 seconds. Added 1 classes and 2 folders.
[2016.01.26-21.32.39:740][  0]LogCrashTracker: Crashtracker disabled due to settings.
[2016.01.26-21.32.39:743][  0]LogUObjectGlobals:Warning: Failed to find object 'Class None.'
[2016.01.26-21.32.39:766][  0]LogLoad: Full Startup: 14.57 seconds (BP compile: 0.30 seconds)
[2016.01.26-21.32.39:869][  0]LogContentStreaming: Texture pool size now 1000 MB
[2016.01.26-21.32.40:016][  2]LogRenderer: Reallocating scene render targets to support 944x484 (Frame:2).
[2016.01.26-21.32.40:222][  3]LogAssetRegistry: Asset discovery search completed in 3.2981 seconds
[2016.01.26-21.32.40:223][  3]LogCollectionManager: Rebuilt the object cache for 0 collections in 0.000001 seconds (found 0 objects)
[2016.01.26-21.32.40:223][  3]LogCollectionManager: Fixed up redirectors for 0 collections in 0.000321 seconds (updated 0 objects)
[2016.01.26-21.32.42:626][273]LogPlayLevel: PlayLevel: No blueprints needed recompiling
[2016.01.26-21.32.42:627][273]PIE: New page: PIE session: MainMenu (Jan 26, 2016, 11:32:42 AM)
[2016.01.26-21.32.42:700][273]LogPlayLevel: Creating play world package: /Game/FirstPersonCPP/Maps/UEDPIE_0_MainMenu
[2016.01.26-21.32.42:701][273]LogPlayLevel: PIE: StaticDuplicateObject took: (0.000488s)
[2016.01.26-21.32.42:702][273]LogAIModule: Creating AISystem for world MainMenu
[2016.01.26-21.32.42:703][273]LogPlayLevel: PIE: World Init took: (0.001249s)
[2016.01.26-21.32.42:703][273]LogPlayLevel: PIE: Created PIE world by copying editor world from /Game/FirstPersonCPP/Maps/MainMenu.MainMenu to /Game/FirstPersonCPP/Maps/UEDPIE_0_MainMenu.MainMenu (0.003026s)
[2016.01.26-21.32.42:729][273]LogInit: XAudio2 using 'Haut-parleurs (Realtek High Definition Audio)' : 2 channels at 48 kHz using 32 bits per sample (channel mask 0x3)
[2016.01.26-21.32.42:742][273]LogInit: FAudioDevice initialized.
[2016.01.26-21.32.42:795][273]LogWorld: Game class is 'LostAgeGameMode'
[2016.01.26-21.32.55:959][273]LogWorld: Bringing World /Game/FirstPersonCPP/Maps/UEDPIE_0_MainMenu.MainMenu up for play (max tick rate 3) at 2016.01.26-16.32.55
[2016.01.26-21.32.55:960][273]LogActor:Warning: GameSession /Game/FirstPersonCPP/Maps/UEDPIE_0_MainMenu.MainMenu:PersistentLevel.GameSession_0 has natively added scene component(s), but none of them were set as the actor's RootComponent - picking one arbitrarily
[2016.01.26-21.32.55:960][273]LogActor:Warning: GameNetworkManager /Game/FirstPersonCPP/Maps/UEDPIE_0_MainMenu.MainMenu:PersistentLevel.GameNetworkManager_0 has natively added scene component(s), but none of them were set as the actor's RootComponent - picking one arbitrarily
[2016.01.26-21.32.55:961][273]LogWorld: Bringing up level for play took: 0.002344
[2016.01.26-21.32.55:972][273]LogVoice:Warning: Failed to initialize voice interface
[2016.01.26-21.33.10:798][273]LogOnline:Warning: NULL: Can't start an online game for session (Game) that hasn't been created
[2016.01.26-21.34.18:808][273]PIE: Info Play in editor start time for /Game/FirstPersonCPP/Maps/UEDPIE_0_MainMenu 95.229
[2016.01.26-21.34.18:827][274]LogRenderer: Reallocating scene render targets to support 1280x720 (Frame:267).
[2016.01.26-21.34.24:871][868]LogInit: WinSock: I am frederic-PC (192.168.1.103:0)
[2016.01.26-21.35.20:502][432]LogNet: Browse: 192.168.1.103//Game/FirstPersonCPP/Maps/MainMenu
[2016.01.26-21.35.20:503][432]LogInit: WinSock: Socket queue 32768 / 32768
[2016.01.26-21.35.20:504][432]LogNet: Game client on port 7777, rate 10000
[2016.01.26-21.35.20:504][432]LogNet: GetLocalNetworkVersion: GEngineNetVersion: 2707645, ProjectName: lostage, ProjectVersion: 1.0.0.0, InternalProtocolVersion: 9, LocalNetworkVersion: 4161370921
[2016.01.26-21.35.20:544][437]LogNet: Welcomed by server (Level: /Game/FirstPersonCPP/Maps/FirstPersonExampleMap, Game: /Script/LostAge.LostAgeGameMode)
[2016.01.26-21.35.20:545][437]LogLoad: LoadMap: 192.168.1.103//Game/FirstPersonCPP/Maps/FirstPersonExampleMap?game=/Script/LostAge.LostAgeGameMode
[2016.01.26-21.35.20:558][437]LogParticles: Destroying 0 GPU particle simulations for FXSystem 0x0000000010F56480
[2016.01.26-21.35.20:560][437]Cmd: MEM
[2016.01.26-21.35.20:573][437]LogMemory: Platform Memory Stats for Windows
[2016.01.26-21.35.20:574][437]LogMemory: Process Physical Memory: 565.28 MB used, 570.95 MB peak
[2016.01.26-21.35.20:574][437]LogMemory: Process Virtual Memory: 991.66 MB used, 1074.93 MB peak
[2016.01.26-21.35.20:574][437]LogMemory: Physical Memory: 10982.48 MB used, 16288.39 MB total
[2016.01.26-21.35.20:574][437]LogMemory: Virtual Memory: 1605.32 MB used, 8388608.00 MB total
[2016.01.26-21.35.20:575][437]LogMemory: 
[2016.01.26-21.35.20:575][437]Allocator Stats for TBB: (not implemented)
[2016.01.26-21.35.20:780][437]LogAIModule: Creating AISystem for world FirstPersonExampleMap
[2016.01.26-21.35.20:786][437]LogWorld: Bringing World /Game/FirstPersonCPP/Maps/FirstPersonExampleMap.FirstPersonExampleMap up for play (max tick rate 0) at 2016.01.26-16.35.20
[2016.01.26-21.35.20:787][437]LogWorld: Bringing up level for play took: 0.004906
[2016.01.26-21.36.30:070][438]LogNet: UChannel::ReceivedSequencedBunch: Bunch.bClose == true. ChIndex == 0. Calling ConditionalCleanUp.
[2016.01.26-21.36.30:070][438]LogNet: UChannel::CleanUp: [GameNetDriver] [LostAgePlayerController_0] [LostAgePlayerController_0]. ChIndex == 0. Closing connection.
[2016.01.26-21.36.30:071][438]LogNet: UNetConnection::Close: Name: IpConnection_0, Driver: GameNetDriver IpNetDriver_0, PC: LostAgePlayerController_0, Owner: LostAgePlayerController_0, Channels: 10, RemoteAddr: 192.168.1.103:7777, Time: 2016.01.26-21.36.30
[2016.01.26-21.36.30:071][438]LogNet: UChannel::Close: Sending CloseBunch. ChIndex == 0. Name: ControlChannel_0
[2016.01.26-21.36.30:071][438]LogNet:Warning: Network Failure: GameNetDriver[ConnectionLost]: Your connection to the host has been lost.
[2016.01.26-21.36.30:072][438]LogNet: NetworkFailure: ConnectionLost, Error: 'Your connection to the host has been lost.'
[2016.01.26-21.36.30:072][438]LogNet:Warning: FObjectReplicator::UpdateUnmappedObjects: Connection->State == USOCK_Closed
[2016.01.26-21.36.30:073][438]LogNet:Warning: FObjectReplicator::UpdateUnmappedObjects: Connection->State == USOCK_Closed
[2016.01.26-21.36.30:073][438]LogNet:Warning: FObjectReplicator::UpdateUnmappedObjects: Connection->State == USOCK_Closed
[2016.01.26-21.36.30:074][438]LogNet:Warning: FObjectReplicator::UpdateUnmappedObjects: Connection->State == USOCK_Closed
[2016.01.26-21.36.30:179][439]LogNet: Browse: /Game/FirstPersonCPP/Maps/MainMenu?closed
[2016.01.26-21.36.30:179][439]LogNet: Failed; returning to Entry
[2016.01.26-21.36.30:832][439]LogLoad: LoadMap: /Game/FirstPersonCPP/Maps/MainMenu?closed
[2016.01.26-21.36.30:833][439]LogNet: World NetDriver shutdown IpNetDriver_0 [GameNetDriver]
[2016.01.26-21.36.30:833][439]LogNet: DestroyNamedNetDriver IpNetDriver_0 [GameNetDriver]
[2016.01.26-21.36.30:834][439]LogExit: GameNetDriver IpNetDriver_0 shut down
[2016.01.26-21.36.30:854][439]LogParticles: Destroying 0 GPU particle simulations for FXSystem 0x00000000381E7A60
[2016.01.26-21.36.30:955][439]Cmd: MEM
[2016.01.26-21.36.30:970][439]LogMemory: Platform Memory Stats for Windows
[2016.01.26-21.36.30:971][439]LogMemory: Process Physical Memory: 609.64 MB used, 994.59 MB peak
[2016.01.26-21.36.30:971][439]LogMemory: Process Virtual Memory: 1149.26 MB used, 1534.81 MB peak
[2016.01.26-21.36.30:971][439]LogMemory: Physical Memory: 11240.50 MB used, 16288.39 MB total
[2016.01.26-21.36.30:972][439]LogMemory: Virtual Memory: 1752.70 MB used, 8388608.00 MB total
[2016.01.26-21.36.30:972][439]LogMemory: 
[2016.01.26-21.36.30:972][439]Allocator Stats for TBB: (not implemented)
[2016.01.26-21.36.30:973][439]LogPlayLevel: Creating play world package: /Game/FirstPersonCPP/Maps/UEDPIE_0_MainMenu
[2016.01.26-21.36.30:974][439]LogPlayLevel: PIE: StaticDuplicateObject took: (0.000835s)
[2016.01.26-21.36.30:975][439]LogAIModule: Creating AISystem for world MainMenu
[2016.01.26-21.36.30:975][439]LogPlayLevel: PIE: World Init took: (0.001106s)
[2016.01.26-21.36.30:976][439]LogPlayLevel: PIE: Created PIE world by copying editor world from /Game/FirstPersonCPP/Maps/MainMenu.MainMenu to /Game/FirstPersonCPP/Maps/UEDPIE_0_MainMenu.MainMenu (0.003201s)
[2016.01.26-21.36.30:976][439]LogWorld: Game class is 'LostAgeGameMode'
[2016.01.26-21.36.37:544][439]LogWorld: Bringing World /Game/FirstPersonCPP/Maps/UEDPIE_0_MainMenu.MainMenu up for play (max tick rate 3) at 2016.01.26-16.36.37
[2016.01.26-21.36.37:545][439]LogActor:Warning: GameSession /Game/FirstPersonCPP/Maps/UEDPIE_0_MainMenu.MainMenu:PersistentLevel.GameSession_1 has natively added scene component(s), but none of them were set as the actor's RootComponent - picking one arbitrarily
[2016.01.26-21.36.37:545][439]LogActor:Warning: GameNetworkManager /Game/FirstPersonCPP/Maps/UEDPIE_0_MainMenu.MainMenu:PersistentLevel.GameNetworkManager_1 has natively added scene component(s), but none of them were set as the actor's RootComponent - picking one arbitrarily
[2016.01.26-21.36.37:546][439]LogWorld: Bringing up level for play took: 0.002458
[2016.01.26-21.36.37:547][439]LogGameMode: Warning - PATHS NOT DEFINED or NO PLAYERSTART with positive rating
[2016.01.26-21.37.11:806][761]LogOnline:Warning: NULL: Session (Game) already exists, can't join twice
[2016.01.26-21.37.11:806][761]LogBlueprintUserMessages: [GameInstanceBP_C_0] Failed to join
[2016.01.26-21.37.12:681][866]LogNet: Browse: 192.168.1.103//Game/FirstPersonCPP/Maps/MainMenu
[2016.01.26-21.37.12:682][866]LogInit: WinSock: Socket queue 32768 / 32768
[2016.01.26-21.37.12:683][866]LogNet: Game client on port 7777, rate 10000
[2016.01.26-21.37.12:683][866]LogNet: GetLocalNetworkVersion: GEngineNetVersion: 2707645, ProjectName: lostage, ProjectVersion: 1.0.0.0, InternalProtocolVersion: 9, LocalNetworkVersion: 4161370921
[2016.01.26-21.37.12:714][870]LogNet: Welcomed by server (Level: /Game/FirstPersonCPP/Maps/FirstPersonExampleMap, Game: /Script/LostAge.LostAgeGameMode)
[2016.01.26-21.37.12:715][870]LogLoad: LoadMap: 192.168.1.103//Game/FirstPersonCPP/Maps/FirstPersonExampleMap?game=/Script/LostAge.LostAgeGameMode
[2016.01.26-21.37.12:734][870]LogParticles: Destroying 0 GPU particle simulations for FXSystem 0x000000001B0D18A0
[2016.01.26-21.37.12:735][870]Cmd: MEM
[2016.01.26-21.37.12:749][870]LogMemory: Platform Memory Stats for Windows
[2016.01.26-21.37.12:750][870]LogMemory: Process Physical Memory: 613.61 MB used, 994.59 MB peak
[2016.01.26-21.37.12:750