[2016.01.27-03.13.39:409][  0]Log file open, 01/26/16 22:13:39
[2016.01.27-03.13.39:409][  0]LogInit:Display: Running engine for game: LostAge
[2016.01.27-03.13.39:409][  0]LogInit:Display: RandInit(-1265476925) SRandInit(-1265476924).
[2016.01.27-03.13.39:409][  0]LogTaskGraph: Started task graph with 4 named threads and 7 total threads.
[2016.01.27-03.13.39:410][  0]LogStats: Stats thread started at 0.172093
[2016.01.27-03.13.39:410][  0]LogInit: Version: 4.9.2-2707645+++depot+UE4-Releases+4.9
[2016.01.27-03.13.39:410][  0]LogInit: API Version: 2672455
[2016.01.27-03.13.39:411][  0]LogInit: Compiled (64-bit): Sep 28 2015 10:25:44
[2016.01.27-03.13.39:411][  0]LogInit: Compiled with Visual C++: 18.00.21005.01
[2016.01.27-03.13.39:411][  0]LogInit: Build Configuration: DebugGame
[2016.01.27-03.13.39:411][  0]LogInit: Branch Name: ++depot+UE4-Releases+4.9
[2016.01.27-03.13.39:412][  0]LogInit: Command line:  -debug
[2016.01.27-03.13.39:412][  0]LogInit: Base directory: C:/Program Files/Epic Games/4.9/Engine/Binaries/Win64/
[2016.01.27-03.13.39:413][  0]LogInit: Rocket: 1
[2016.01.27-03.13.39:468][  0]LogInit: Using libcurl 7.41.0
[2016.01.27-03.13.39:469][  0]LogInit:  - built for x86_64-pc-win32
[2016.01.27-03.13.39:469][  0]LogInit:  - supports SSL with WinSSL
[2016.01.27-03.13.39:469][  0]LogInit:  - other features:
[2016.01.27-03.13.39:469][  0]LogInit:      CURL_VERSION_SSL
[2016.01.27-03.13.39:470][  0]LogInit:      CURL_VERSION_IPV6
[2016.01.27-03.13.39:470][  0]LogInit:      CURL_VERSION_ASYNCHDNS
[2016.01.27-03.13.39:470][  0]LogInit:      CURL_VERSION_LARGEFILE
[2016.01.27-03.13.39:471][  0]LogInit:      CURL_VERSION_IDN
[2016.01.27-03.13.39:471][  0]LogInit:  CurlRequestOptions (configurable via config and command line):
[2016.01.27-03.13.39:471][  0]LogInit:  - bVerifyPeer = true  - Libcurl will verify peer certificate
[2016.01.27-03.13.39:471][  0]LogInit:  - bUseHttpProxy = false  - Libcurl will NOT use HTTP proxy
[2016.01.27-03.13.39:472][  0]LogInit:  - bDontReuseConnections = false  - Libcurl will reuse connections
[2016.01.27-03.13.39:472][  0]LogInit:  - CertBundlePath = nullptr  - Libcurl will use whatever was configured at build time.
[2016.01.27-03.13.39:533][  0]LogInit: WinSock: version 1.1 (2.2), MaxSocks=32767, MaxUdp=65467
[2016.01.27-03.13.39:550][  0]LogVoice:Warning: Failed to initialize voice interface
[2016.01.27-03.13.39:558][  0]LogInit: Presizing for 0 objects not considered by GC, pre-allocating 0 bytes.
[2016.01.27-03.13.39:568][  0]LogInit: Object subsystem initialized
[2016.01.27-03.13.39:571][  0]LogInit: Selected Device Profile: [Windows]
[2016.01.27-03.13.39:571][  0]LogInit: Applying CVar settings loaded from the selected device profile: [Windows]
[2016.01.27-03.13.39:579][  0]LogInit: Computer: FREDERIC-PC
[2016.01.27-03.13.39:580][  0]LogInit: User: frederic
[2016.01.27-03.13.39:580][  0]LogInit: CPU Page size=4096, Cores=4
[2016.01.27-03.13.39:580][  0]LogInit: High frequency timer resolution =3.331220 MHz
[2016.01.27-03.13.39:581][  0]LogMemory: Memory total: Physical=15.9GB (16GB approx)
[2016.01.27-03.13.39:581][  0]LogMemory: Platform Memory Stats for Windows
[2016.01.27-03.13.39:581][  0]LogMemory: Process Physical Memory: 55.17 MB used, 55.17 MB peak
[2016.01.27-03.13.39:582][  0]LogMemory: Process Virtual Memory: 55.83 MB used, 55.83 MB peak
[2016.01.27-03.13.39:582][  0]LogMemory: Physical Memory: 9976.31 MB used, 16288.39 MB total
[2016.01.27-03.13.39:582][  0]LogMemory: Virtual Memory: 337.63 MB used, 8388608.00 MB total
[2016.01.27-03.13.39:700][  0]LogTextLocalizationManager: No translations for ('fr-CA') exist, falling back to 'en' for localization and internationalization data.
[2016.01.27-03.13.40:480][  0]LogD3D11RHI: Found D3D11 adapter 0: NVIDIA GeForce GTX 970 (Feature Level 11_0)
[2016.01.27-03.13.40:481][  0]LogD3D11RHI: Adapter has 4008MB of dedicated video memory, 0MB of dedicated system memory, and 7888MB of shared system memory, 1 output[s]
[2016.01.27-03.13.40:490][  0]LogD3D11RHI: Found D3D11 adapter 1: Intel(R) HD Graphics 3000 (Feature Level 10_0)
[2016.01.27-03.13.40:490][  0]LogD3D11RHI: Adapter has 64MB of dedicated video memory, 0MB of dedicated system memory, and 1632MB of shared system memory, 0 output[s]
[2016.01.27-03.13.40:491][  0]LogD3D11RHI: Chosen D3D11 Adapter Id = 0
[2016.01.27-03.13.40:496][  0]LogD3D11RHI: !Direct3DDevice
[2016.01.27-03.13.40:497][  0]LogRHI: Texture pool is 1361 MB (70% of 1945 MB)
[2016.01.27-03.13.40:570][  0]LogD3D11RHI: Async texture creation enabled
[2016.01.27-03.13.40:587][  0]LogShaderCompilers: Guid format shader working directory is 15 characters bigger than the processId version (../../../../../../Users/frederic/Documents/Unreal Projects/LostAge/Intermediate/Shaders/WorkingDirectory/7580/).
[2016.01.27-03.13.40:588][  0]LogShaderCompilers: Cleaned the shader compiler working directory '../../../../../../Users/frederic/Documents/Unreal Projects/LostAge/Intermediate/Shaders/tmp/73768C7D4E5033E3F8C799B9ECC891C8/'.
[2016.01.27-03.13.40:588][  0]LogShaderCompilers:Display: Using Local Shader Compiler.
[2016.01.27-03.13.41:999][  0]LogTemp:Display: Loaded TP AllDesktopTargetPlatform
[2016.01.27-03.13.42:019][  0]LogTemp:Display: Loaded TP WindowsClientTargetPlatform
[2016.01.27-03.13.42:037][  0]LogTemp:Display: Loaded TP WindowsNoEditorTargetPlatform
[2016.01.27-03.13.42:054][  0]LogTemp:Display: Loaded TP WindowsServerTargetPlatform
[2016.01.27-03.13.42:071][  0]LogTemp:Display: Loaded TP WindowsTargetPlatform
[2016.01.27-03.13.42:079][  0]LogTemp:Display: Loaded TP AndroidTargetPlatform
[2016.01.27-03.13.42:087][  0]LogTemp:Display: Loaded TP Android_ASTCTargetPlatform
[2016.01.27-03.13.42:095][  0]LogTemp:Display: Loaded TP Android_ATCTargetPlatform
[2016.01.27-03.13.42:105][  0]LogTemp:Display: Loaded TP Android_DXTTargetPlatform
[2016.01.27-03.13.42:115][  0]LogTemp:Display: Loaded TP Android_ETC1TargetPlatform
[2016.01.27-03.13.42:125][  0]LogTemp:Display: Loaded TP Android_ETC2TargetPlatform
[2016.01.27-03.13.42:135][  0]LogTemp:Display: Loaded TP Android_PVRTCTargetPlatform
[2016.01.27-03.13.42:141][  0]LogTemp:Display: Loaded TP HTML5TargetPlatform
[2016.01.27-03.13.42:175][  0]LogTemp:Display: Loaded TP IOSTargetPlatform
[2016.01.27-03.13.42:182][  0]LogTemp:Display: Loaded TP LinuxNoEditorTargetPlatform
[2016.01.27-03.13.42:190][  0]LogTemp:Display: Loaded TP LinuxServerTargetPlatform
[2016.01.27-03.13.42:199][  0]LogTemp:Display: Loaded TP LinuxTargetPlatform
[2016.01.27-03.13.42:200][  0]LogTargetPlatformManager:Display: Building Assets For Windows
[2016.01.27-03.13.42:452][  0]LogDerivedDataCache:Display: Max Cache Size: 512 MB
[2016.01.27-03.13.42:505][  0]LogDerivedDataCache: Loaded boot cache 0.05s 43MB C:/Users/frederic/AppData/Local/UnrealEngine/4.9/DerivedDataCache/Boot.ddc.
[2016.01.27-03.13.42:505][  0]LogDerivedDataCache:Display: Loaded Boot cache: C:/Users/frederic/AppData/Local/UnrealEngine/4.9/DerivedDataCache/Boot.ddc
[2016.01.27-03.13.42:506][  0]LogDerivedDataCache: FDerivedDataBackendGraph:  Pak pak cache file ../../../../../../Users/frederic/Documents/Unreal Projects/LostAge/DerivedDataCache/DDC.ddp not found, will not use a pak cache.
[2016.01.27-03.13.42:506][  0]LogDerivedDataCache: Unable to find inner node Pak for hierarchical cache Hierarchy.
[2016.01.27-03.13.42:506][  0]LogDerivedDataCache: FDerivedDataBackendGraph:  CompressedPak pak cache file ../../../../../../Users/frederic/Documents/Unreal Projects/LostAge/DerivedDataCache/Compressed.ddp not found, will not use a pak cache.
[2016.01.27-03.13.42:507][  0]LogDerivedDataCache: Unable to find inner node CompressedPak for hierarchical cache Hierarchy.
[2016.01.27-03.13.42:669][  0]LogDerivedDataCache:Display: Pak cache opened for reading ../../../Engine/DerivedDataCache/Compressed.ddp.
[2016.01.27-03.13.42:682][  0]LogDerivedDataCache: Using Local data cache path C:/Users/frederic/AppData/Local/UnrealEngine/Common/DerivedDataCache: Writable
[2016.01.27-03.13.42:909][  0]LogInit: Selected Device Profile: [Windows]
[2016.01.27-03.13.42:910][  0]LogContentStreaming: Texture pool size is 0.000000MB
[2016.01.27-03.13.42:957][  0]LogMeshUtilities: No automatic mesh reduction module available
[2016.01.27-03.13.42:957][  0]LogMeshUtilities: No automatic mesh merging module available
[2016.01.27-03.13.44:557][  0]UdpMessaging: Initializing bridge on interface 0.0.0.0:0 to multicast group 230.0.0.1:6666.
[2016.01.27-03.13.44:969][  0]LogAssetRegistry: FAssetRegistry took 0.0107 seconds to start up
[2016.01.27-03.13.45:365][  0]SourceControl: Info Source control is disabled
[2016.01.27-03.13.45:367][  0]SourceControl: Info Source control is disabled
[2016.01.27-03.13.45:387][  0]SourceControl: Info Source control is disabled
[2016.01.27-03.13.45:409][  0]SourceControl: Info Source control is disabled
[2016.01.27-03.13.45:635][  0]LogLinker:Warning: Asset '../../../Engine/Plugins/Runtime/LeapMotionController/Content/LM_PassthroughMaterial.uasset' has been saved with empty engine version. The asset will be loaded but may be incompatible.
[2016.01.27-03.13.45:754][  0]LogObj: 31792 objects as part of root set at end of initial load.
[2016.01.27-03.13.45:755][  0]LogUObjectAllocator: 7252992 out of 0 bytes used by permanent object pool.
[2016.01.27-03.13.45:841][  0]LogEngine: Initializing Engine...
[2016.01.27-03.13.45:845][  0]LogHMD: Can't find Oculus library dev build: is proper Runtime installed? Version: 0.7.0.0
[2016.01.27-03.13.45:847][  0]LogHMD: SteamVR failed to initialize.  Err: 110
[2016.01.27-03.13.46:018][  0]LogAIModule: Creating AISystem for world NewWorld
[2016.01.27-03.13.46:036][  0]LogInit: XAudio2 using 'Haut-parleurs (USB PnP Sound Device)' : 2 channels at 44.1 kHz using 16 bits per sample (channel mask 0x3)
[2016.01.27-03.13.46:046][  0]LogInit: FAudioDevice initialized.
[2016.01.27-03.13.46:071][  0]LogDerivedDataCache: Saved boot cache 0.02s 43MB C:/Users/frederic/AppData/Local/UnrealEngine/4.9/DerivedDataCache/Boot.ddc.
[2016.01.27-03.13.46:078][  0]LogInit: Texture streaming: Enabled
[2016.01.27-03.13.46:096][  0]LogAnalytics: Creating configured Analytics provider AnalyticsET
[2016.01.27-03.13.46:097][  0]LogAnalytics: [UEEditor.Rocket.Release] APIServer = http://et2.epicgames.com/ET2/. AppVersion = 4.9.2-2707645+++depot+UE4-Releases+4.9
[2016.01.27-03.13.46:097][  0]LogAnalytics: [UEEditor.Rocket.Release] SetUserId c8da8d664a36a98701fe659c10ae4ff8|70626fa7f476448fb82ad9618fbbb1ab|00e7fb16-00c3-4af4-a2a1-2cc8013aae38
[2016.01.27-03.13.46:098][  0]LogAnalytics: [UEEditor.Rocket.Release] AnalyticsET::StartSession
[2016.01.27-03.13.46:119][  0]LogInit: Transaction tracking system initialized
[2016.01.27-03.13.46:233][  0]BlueprintLog: New page: Editor Load
[2016.01.27-03.13.46:680][  0]LocalizationService: Info Localization service is disabled
[2016.01.27-03.13.46:867][  0]LogLinker:Warning: Can't find file '/Game/ThirdPersonCPP/ThirdPersonOverview'
[2016.01.27-03.13.46:868][  0]LogLinker:Warning: Can't find file '/Game/ThirdPersonCPP/ThirdPersonOverview'
[2016.01.27-03.13.46:868][  0]LogUObjectGlobals:Warning: Failed to find object 'Class /Game/ThirdPersonCPP/ThirdPersonOverview.ThirdPersonOverview_C'
[2016.01.27-03.13.46:902][  0]LogConsoleResponse:Display: 
[2016.01.27-03.13.47:056][  0]LogCook:Display: Done creating registry. It took  0.00s.
[2016.01.27-03.13.47:242][  0]LogFileCache: Scanning file cache for directory 'C:/Users/frederic/Documents/Unreal Projects/LostAge/Content/' took 0.01s
[2016.01.27-03.13.47:243][  0]SourceControl: Info Source control is disabled
[2016.01.27-03.13.47:243][  0]Cmd: MAP LOAD FILE="../../../../../../Users/frederic/Documents/Unreal Projects/LostAge/Content/FirstPersonCPP/Maps/MainMenu.umap" TEMPLATE=0 SHOWPROGRESS=1 FEATURELEVEL=3
[2016.01.27-03.13.47:244][  0]LightingResults: New page: Lighting Build
[2016.01.27-03.13.47:250][  0]MapCheck: New page: Map Check
[2016.01.27-03.13.47:251][  0]LightingResults: New page: Lighting Build
[2016.01.27-03.13.47:268][  0]LogParticles: Destroying 0 GPU particle simulations for FXSystem 0x0000000023A6A160
[2016.01.27-03.13.47:275][  0]LogAIModule: Creating AISystem for world MainMenu
[2016.01.27-03.13.47:276][  0]LogEditorServer: Finished looking for orphan Actors (0.000 secs)
[2016.01.27-03.13.47:278][  0]Cmd: MAP CHECKDEP NOCLEARLOG
[2016.01.27-03.13.47:327][  0]MapCheck: Info Map check complete: 0 Error(s), 0 Warning(s), took 48.561ms to complete.
[2016.01.27-03.13.47:328][  0]LogFileHelpers: Loading map 'MainMenu' took 0.085
[2016.01.27-03.13.47:449][  0]LogCollectionManager: Loaded 0 collections in 0.002612 seconds
[2016.01.27-03.13.47:497][  0]LogFileCache: Scanning file cache for directory 'C:/Users/frederic/Documents/Unreal Projects/LostAge/Saved/Collections/' took 0.01s
[2016.01.27-03.13.47:498][  0]LogFileCache: Scanning file cache for directory 'C:/Users/frederic/Documents/Unreal Projects/LostAge/Content/Developers/frederic/Collections/' took 0.01s
[2016.01.27-03.13.47:498][  0]LogFileCache: Scanning file cache for directory 'C:/Users/frederic/Documents/Unreal Projects/LostAge/Content/Collections/' took 0.01s
[2016.01.27-03.13.47:498][  0]LogContentBrowser: Native class hierarchy populated in 0.0110 seconds. Added 1875 classes and 335 folders.
[2016.01.27-03.13.47:507][  0]LogCollectionManager: Rebuilt the GUID cache for 0 collections in 0.000002 seconds
[2016.01.27-03.13.47:526][  0]LogContentBrowser: Native class hierarchy updated for 'WidgetCarousel' in 0.0047 seconds. Added 0 classes and 0 folders.
[2016.01.27-03.13.47:599][  0]LogContentBrowser: Native class hierarchy updated for 'AddContentDialog' in 0.0023 seconds. Added 0 classes and 0 folders.
[2016.01.27-03.13.47:625][  0]LogContentBrowser: Native class hierarchy updated for 'SceneOutliner' in 0.0028 seconds. Added 1 classes and 2 folders.
[2016.01.27-03.13.47:662][  0]LogCrashTracker: Crashtracker disabled due to settings.
[2016.01.27-03.13.47:666][  0]LogUObjectGlobals:Warning: Failed to find object 'Class None.'
[2016.01.27-03.13.47:689][  0]LogLoad: Full Startup: 9.42 seconds (BP compile: 0.04 seconds)
[2016.01.27-03.13.47:779][  0]LogContentStreaming: Texture pool size now 1000 MB
[2016.01.27-03.13.47:937][  2]LogRenderer: Reallocating scene render targets to support 972x516 (Frame:2).
[2016.01.27-03.13.48:117][  3]LogAssetRegistry: Asset discovery search completed in 3.1590 seconds
[2016.01.27-03.13.48:118][  3]LogCollectionManager: Rebuilt the object cache for 0 collections in 0.000001 seconds (found 0 objects)
[2016.01.27-03.13.48:118][  3]LogCollectionManager: Fixed up redirectors for 0 collections in 0.000329 seconds (updated 0 objects)
[2016.01.27-03.14.11:986][360]LogPlayLevel: PlayLevel: No blueprints needed recompiling
[2016.01.27-03.14.11:987][360]PIE: New page: PIE session: MainMenu (Jan 26, 2016, 5:14:11 PM)
[2016.01.27-03.14.12:055][360]LogPlayLevel: Creating play world package: /Game/FirstPersonCPP/Maps/UEDPIE_0_MainMenu
[2016.01.27-03.14.12:056][360]LogPlayLevel: PIE: StaticDuplicateObject took: (0.000486s)
[2016.01.27-03.14.12:057][360]LogAIModule: Creating AISystem for world MainMenu
[2016.01.27-03.14.12:058][360]LogPlayLevel: PIE: World Init took: (0.001225s)
[2016.01.27-03.14.12:058][360]LogPlayLevel: PIE: Created PIE world by copying editor world from /Game/FirstPersonCPP/Maps/MainMenu.MainMenu to /Game/FirstPersonCPP/Maps/UEDPIE_0_MainMenu.MainMenu (0.003046s)
[2016.01.27-03.14.12:059][360]LogActorComponent: UnregisterComponent: (/Engine/Transient.CharMoveComp) Not registered. Aborting.
[2016.01.27-03.14.12:083][360]LogInit: XAudio2 using 'Haut-parleurs (USB PnP Sound Device)' : 2 channels at 44.1 kHz using 16 bits per sample (channel mask 0x3)
[2016.01.27-03.14.12:088][360]LogInit: FAudioDevice initialized.
[2016.01.27-03.14.12:136][360]LogWorld: Game class is 'LostAgeGameMode'
[2016.01.27-03.14.12:139][360]LogWorld: Bringing World /Game/FirstPersonCPP/Maps/UEDPIE_0_MainMenu.MainMenu up for play (max tick rate 0) at 2016.01.26-22.14.12
[2016.01.27-03.14.12:139][360]LogActor:Warning: GameSession /Game/FirstPersonCPP/Maps/UEDPIE_0_MainMenu.MainMenu:PersistentLevel.GameSession_0 has natively added scene component(s), but none of them were set as the actor's RootComponent - picking one arbitrarily
[2016.01.27-03.14.12:140][360]LogActor:Warning: GameNetworkManager /Game/FirstPersonCPP/Maps/UEDPIE_0_MainMenu.MainMenu:PersistentLevel.GameNetworkManager_0 has natively added scene component(s), but none of them were set as the actor's RootComponent - picking one arbitrarily
[2016.01.27-03.14.12:140][360]LogWorld: Bringing up level for play took: 0.001853
[2016.01.27-03.14.12:151][360]LogVoice:Warning: Failed to initialize voice interface
[2016.01.27-03.14.17:512][360]LogOnline:Warning: NULL: Can't start an online game for session (Game) that hasn't been created
[2016.01.27-03.14.18:784][360]PIE: Info Play in editor start time for /Game/FirstPersonCPP/Maps/UEDPIE_0_MainMenu 6.35
[2016.01.27-03.14.21:779][596]LogInit: WinSock: I am frederic-PC (192.168.1.103:0)
[2016.01.27-03.14.21:851][596]LogPackageName: SearchForPackageOnDisk took   0.071s to resolve FirstPersonExampleMap.umap.
[2016.01.27-03.14.21:912][596]LogPackageName: SearchForPackageOnDisk took   0.060s to resolve FirstPersonExampleMap.umap.
[2016.01.27-03.14.21:913][596]LogNet: Browse: /Game/FirstPersonCPP/Maps/FirstPersonExampleMap?listen
[2016.01.27-03.14.21:913][596]LogLoad: LoadMap: /Game/FirstPersonCPP/Maps/FirstPersonExampleMap?listen
[2016.01.27-03.14.21:934][596]LogParticles: Destroying 0 GPU particle simulations for FXSystem 0x0000000037F949A0
[2016.01.27-03.14.21:939][596]Cmd: MEM
[2016.01.27-03.14.21:953][596]LogMemory: Platform Memory Stats for Windows
[2016.01.27-03.14.21:954][596]LogMemory: Process Physical Memory: 571.02 MB used, 578.93 MB peak
[2016.01.27-03.14.21:954][596]LogMemory: Process Virtual Memory: 1003.31 MB used, 1011.88 MB peak
[2016.01.27-03.14.21:954][596]LogMemory: Physical Memory: 10296.93 MB used, 16288.39 MB total
[2016.01.27-03.14.21:955][596]LogMemory: Virtual Memory: 1609.21 MB used, 8388608.00 MB total
[2016.01.27-03.14.21:955][596]LogMemory: 
[2016.01.27-03.14.21:955][596]Allocator Stats for TBB: (not implemented)
[2016.01.27-03.14.23:023][596]LogAIModule: Creating AISystem for world FirstPersonExampleMap
[2016.01.27-03.14.23:025][596]LogWorld: Game class is 'LostAgeGameMode'
[2016.01.27-03.14.23:026][596]LogInit: WinSock: Socket queue 131072 / 131072
[2016.01.27-03.14.23:027][596]LogNet: GameNetDriver IpNetDriver_0 IpNetDriver listening on port 7778
[2016.01.27-03.14.23:043][596]LogWorld: Bringing World /Game/FirstPersonCPP/Maps/UEDPIE_0_FirstPersonExampleMap.FirstPersonExampleMap up for play (max tick rate 0) at 2016.01.26-22.14.23
[2016.01.27-03.14.23:043][596]LogActor:Warning: GameSession /Game/FirstPersonCPP/Maps/UEDPIE_0_FirstPersonExampleMap.FirstPersonExampleMap:PersistentLevel.GameSession_1 has natively added scene component(s), but none of them were set as the actor's RootComponent - picking one arbitrarily
[2016.01.27-03.14.23:044][596]LogActor:Warning: GameNetworkManager /Game/FirstPersonCPP/Maps/UEDPIE_0_FirstPersonExampleMap.FirstPersonExampleMap:PersistentLevel.GameNetworkManager_1 has natively added scene component(s), but none of them were set as the actor's RootComponent - picking one arbitrarily
[2016.01.27-03.14.23:045][596]LogWorld: Bringing up level for play took: 0.017210
[2016.01.27-03.14.23:046][596]LogLongPackageNames:Warning: URL: :7778//Game/FirstPersonCPP/Maps/FirstPersonExampleMap: Name may not contain the following characters: :
[2016.01.27-03.14.36:708][596]LogOnline:Warning: NULL: Can't start an online session (Game) in state InProgress
[2016.01.27-03.14.58:075][159]LogPackageName: SearchForPackageOnDisk took   0.063s to resolve MainMenu.umap.
[2016.01.27-03.14.58:144][160]LogPackageName: SearchForPackageOnDisk took   0.063s to resolve MainMenu.umap.
[2016.01.27-03.14.58:144][160]LogNet: Browse: /Game/FirstPersonCPP/Maps/MainMenu
[2016.01.27-03.14.58:145][160]LogLoad: LoadMap: /Game/FirstPersonCPP/Maps/MainMenu
[2016.01.27-03.14.58:145][160]LogNet: World NetDriver shutdown IpNetDriver_0 [GameNetDriver]
[2016.01.27-03.14.58:145][160]LogNet: DestroyNamedNetDriver IpNetDriver_0 [GameNetDriver]