[2016.01.26-21.10.14:729][  0]Log file open, 01/26/16 16:10:14
[2016.01.26-21.10.14:729][  0]LogInit:Display: Running engine for game: LostAge
[2016.01.26-21.10.14:729][  0]LogInit:Display: RandInit(-311295008) SRandInit(-311295007).
[2016.01.26-21.10.14:729][  0]LogTaskGraph: Started task graph with 4 named threads and 7 total threads.
[2016.01.26-21.10.14:730][  0]LogStats: Stats thread started at 0.161489
[2016.01.26-21.10.14:730][  0]LogInit: Version: 4.9.2-2707645+++depot+UE4-Releases+4.9
[2016.01.26-21.10.14:730][  0]LogInit: API Version: 2672455
[2016.01.26-21.10.14:730][  0]LogInit: Compiled (64-bit): Sep 28 2015 10:25:44
[2016.01.26-21.10.14:731][  0]LogInit: Compiled with Visual C++: 18.00.21005.01
[2016.01.26-21.10.14:731][  0]LogInit: Build Configuration: Development
[2016.01.26-21.10.14:731][  0]LogInit: Branch Name: ++depot+UE4-Releases+4.9
[2016.01.26-21.10.14:732][  0]LogInit: Command line: 
[2016.01.26-21.10.14:732][  0]LogInit: Base directory: C:/Program Files/Epic Games/4.9/Engine/Binaries/Win64/
[2016.01.26-21.10.14:732][  0]LogInit: Rocket: 1
[2016.01.26-21.10.14:775][  0]LogInit: Using libcurl 7.41.0
[2016.01.26-21.10.14:775][  0]LogInit:  - built for x86_64-pc-win32
[2016.01.26-21.10.14:776][  0]LogInit:  - supports SSL with WinSSL
[2016.01.26-21.10.14:776][  0]LogInit:  - other features:
[2016.01.26-21.10.14:778][  0]LogInit:      CURL_VERSION_SSL
[2016.01.26-21.10.14:778][  0]LogInit:      CURL_VERSION_IPV6
[2016.01.26-21.10.14:779][  0]LogInit:      CURL_VERSION_ASYNCHDNS
[2016.01.26-21.10.14:779][  0]LogInit:      CURL_VERSION_LARGEFILE
[2016.01.26-21.10.14:779][  0]LogInit:      CURL_VERSION_IDN
[2016.01.26-21.10.14:780][  0]LogInit:  CurlRequestOptions (configurable via config and command line):
[2016.01.26-21.10.14:780][  0]LogInit:  - bVerifyPeer = true  - Libcurl will verify peer certificate
[2016.01.26-21.10.14:781][  0]LogInit:  - bUseHttpProxy = false  - Libcurl will NOT use HTTP proxy
[2016.01.26-21.10.14:781][  0]LogInit:  - bDontReuseConnections = false  - Libcurl will reuse connections
[2016.01.26-21.10.14:781][  0]LogInit:  - CertBundlePath = nullptr  - Libcurl will use whatever was configured at build time.
[2016.01.26-21.10.14:850][  0]LogInit: WinSock: version 1.1 (2.2), MaxSocks=32767, MaxUdp=65467
[2016.01.26-21.10.14:864][  0]LogVoice:Warning: Failed to initialize voice interface
[2016.01.26-21.10.14:872][  0]LogInit: Presizing for 0 objects not considered by GC, pre-allocating 0 bytes.
[2016.01.26-21.10.14:884][  0]LogInit: Object subsystem initialized
[2016.01.26-21.10.14:887][  0]LogInit: Selected Device Profile: [Windows]
[2016.01.26-21.10.14:887][  0]LogInit: Applying CVar settings loaded from the selected device profile: [Windows]
[2016.01.26-21.10.14:898][  0]LogInit: Computer: FREDERIC-PC
[2016.01.26-21.10.14:899][  0]LogInit: User: frederic
[2016.01.26-21.10.14:899][  0]LogInit: CPU Page size=4096, Cores=4
[2016.01.26-21.10.14:899][  0]LogInit: High frequency timer resolution =3.331240 MHz
[2016.01.26-21.10.14:900][  0]LogMemory: Memory total: Physical=15.9GB (16GB approx)
[2016.01.26-21.10.14:900][  0]LogMemory: Platform Memory Stats for Windows
[2016.01.26-21.10.14:900][  0]LogMemory: Process Physical Memory: 54.57 MB used, 54.57 MB peak
[2016.01.26-21.10.14:900][  0]LogMemory: Process Virtual Memory: 55.75 MB used, 55.75 MB peak
[2016.01.26-21.10.14:901][  0]LogMemory: Physical Memory: 9713.39 MB used, 16288.39 MB total
[2016.01.26-21.10.14:901][  0]LogMemory: Virtual Memory: 337.63 MB used, 8388608.00 MB total
[2016.01.26-21.10.14:984][  0]LogTextLocalizationManager: No translations for ('fr-CA') exist, falling back to 'en' for localization and internationalization data.
[2016.01.26-21.10.15:682][  0]LogD3D11RHI: Found D3D11 adapter 0: NVIDIA GeForce GTX 970 (Feature Level 11_0)
[2016.01.26-21.10.15:683][  0]LogD3D11RHI: Adapter has 4008MB of dedicated video memory, 0MB of dedicated system memory, and 7888MB of shared system memory, 1 output[s]
[2016.01.26-21.10.15:691][  0]LogD3D11RHI: Found D3D11 adapter 1: Intel(R) HD Graphics 3000 (Feature Level 10_0)
[2016.01.26-21.10.15:692][  0]LogD3D11RHI: Adapter has 64MB of dedicated video memory, 0MB of dedicated system memory, and 1632MB of shared system memory, 0 output[s]
[2016.01.26-21.10.15:692][  0]LogD3D11RHI: Chosen D3D11 Adapter Id = 0
[2016.01.26-21.10.15:697][  0]LogD3D11RHI: !Direct3DDevice
[2016.01.26-21.10.15:698][  0]LogRHI: Texture pool is 1361 MB (70% of 1945 MB)
[2016.01.26-21.10.15:773][  0]LogD3D11RHI: Async texture creation enabled
[2016.01.26-21.10.15:790][  0]LogShaderCompilers: Guid format shader working directory is 15 characters bigger than the processId version (../../../../../../Users/frederic/Documents/Unreal Projects/LostAge/Intermediate/Shaders/WorkingDirectory/8028/).
[2016.01.26-21.10.15:791][  0]LogShaderCompilers: Cleaned the shader compiler working directory '../../../../../../Users/frederic/Documents/Unreal Projects/LostAge/Intermediate/Shaders/tmp/DDEDF3444308D3835A5EC0B0721A765F/'.
[2016.01.26-21.10.15:792][  0]LogShaderCompilers:Display: Using Local Shader Compiler.
[2016.01.26-21.10.17:061][  0]LogTemp:Display: Loaded TP AllDesktopTargetPlatform
[2016.01.26-21.10.17:082][  0]LogTemp:Display: Loaded TP WindowsClientTargetPlatform
[2016.01.26-21.10.17:102][  0]LogTemp:Display: Loaded TP WindowsNoEditorTargetPlatform
[2016.01.26-21.10.17:122][  0]LogTemp:Display: Loaded TP WindowsServerTargetPlatform
[2016.01.26-21.10.17:142][  0]LogTemp:Display: Loaded TP WindowsTargetPlatform
[2016.01.26-21.10.17:151][  0]LogTemp:Display: Loaded TP AndroidTargetPlatform
[2016.01.26-21.10.17:158][  0]LogTemp:Display: Loaded TP Android_ASTCTargetPlatform
[2016.01.26-21.10.17:167][  0]LogTemp:Display: Loaded TP Android_ATCTargetPlatform
[2016.01.26-21.10.17:176][  0]LogTemp:Display: Loaded TP Android_DXTTargetPlatform
[2016.01.26-21.10.17:185][  0]LogTemp:Display: Loaded TP Android_ETC1TargetPlatform
[2016.01.26-21.10.17:197][  0]LogTemp:Display: Loaded TP Android_ETC2TargetPlatform
[2016.01.26-21.10.17:205][  0]LogTemp:Display: Loaded TP Android_PVRTCTargetPlatform
[2016.01.26-21.10.17:210][  0]LogTemp:Display: Loaded TP HTML5TargetPlatform
[2016.01.26-21.10.17:249][  0]LogTemp:Display: Loaded TP IOSTargetPlatform
[2016.01.26-21.10.17:256][  0]LogTemp:Display: Loaded TP LinuxNoEditorTargetPlatform
[2016.01.26-21.10.17:265][  0]LogTemp:Display: Loaded TP LinuxServerTargetPlatform
[2016.01.26-21.10.17:273][  0]LogTemp:Display: Loaded TP LinuxTargetPlatform
[2016.01.26-21.10.17:273][  0]LogTargetPlatformManager:Display: Building Assets For Windows
[2016.01.26-21.10.17:529][  0]LogDerivedDataCache:Display: Max Cache Size: 512 MB
[2016.01.26-21.10.17:583][  0]LogDerivedDataCache: Loaded boot cache 0.05s 43MB C:/Users/frederic/AppData/Local/UnrealEngine/4.9/DerivedDataCache/Boot.ddc.
[2016.01.26-21.10.17:584][  0]LogDerivedDataCache:Display: Loaded Boot cache: C:/Users/frederic/AppData/Local/UnrealEngine/4.9/DerivedDataCache/Boot.ddc
[2016.01.26-21.10.17:584][  0]LogDerivedDataCache: FDerivedDataBackendGraph:  Pak pak cache file ../../../../../../Users/frederic/Documents/Unreal Projects/LostAge/DerivedDataCache/DDC.ddp not found, will not use a pak cache.
[2016.01.26-21.10.17:585][  0]LogDerivedDataCache: Unable to find inner node Pak for hierarchical cache Hierarchy.
[2016.01.26-21.10.17:585][  0]LogDerivedDataCache: FDerivedDataBackendGraph:  CompressedPak pak cache file ../../../../../../Users/frederic/Documents/Unreal Projects/LostAge/DerivedDataCache/Compressed.ddp not found, will not use a pak cache.
[2016.01.26-21.10.17:585][  0]LogDerivedDataCache: Unable to find inner node CompressedPak for hierarchical cache Hierarchy.
[2016.01.26-21.10.17:732][  0]LogDerivedDataCache:Display: Pak cache opened for reading ../../../Engine/DerivedDataCache/Compressed.ddp.
[2016.01.26-21.10.17:744][  0]LogDerivedDataCache: Using Local data cache path C:/Users/frederic/AppData/Local/UnrealEngine/Common/DerivedDataCache: Writable
[2016.01.26-21.10.17:944][  0]LogInit: Selected Device Profile: [Windows]
[2016.01.26-21.10.17:946][  0]LogContentStreaming: Texture pool size is 0.000000MB
[2016.01.26-21.10.17:987][  0]LogMeshUtilities: No automatic mesh reduction module available
[2016.01.26-21.10.17:987][  0]LogMeshUtilities: No automatic mesh merging module available
[2016.01.26-21.10.19:507][  0]UdpMessaging: Initializing bridge on interface 0.0.0.0:0 to multicast group 230.0.0.1:6666.
[2016.01.26-21.10.31:755][  0]LogAssetRegistry: FAssetRegistry took 0.0102 seconds to start up
[2016.01.26-21.10.32:168][  0]SourceControl: Info Source control is disabled
[2016.01.26-21.10.32:170][  0]SourceControl: Info Source control is disabled
[2016.01.26-21.10.32:191][  0]SourceControl: Info Source control is disabled
[2016.01.26-21.10.32:214][  0]SourceControl: Info Source control is disabled
[2016.01.26-21.10.32:414][  0]LogLinker:Warning: Asset '../../../Engine/Plugins/Runtime/LeapMotionController/Content/LM_PassthroughMaterial.uasset' has been saved with empty engine version. The asset will be loaded but may be incompatible.
[2016.01.26-21.10.32:530][  0]LogObj: 31792 objects as part of root set at end of initial load.
[2016.01.26-21.10.32:530][  0]LogUObjectAllocator: 7252992 out of 0 bytes used by permanent object pool.
[2016.01.26-21.10.32:628][  0]LogEngine: Initializing Engine...
[2016.01.26-21.10.32:631][  0]LogHMD: Can't find Oculus library dev build: is proper Runtime installed? Version: 0.7.0.0
[2016.01.26-21.10.32:633][  0]LogHMD: SteamVR failed to initialize.  Err: 110
[2016.01.26-21.10.32:813][  0]LogAIModule: Creating AISystem for world NewWorld
[2016.01.26-21.10.32:830][  0]LogInit: XAudio2 using 'Haut-parleurs (Realtek High Definition Audio)' : 2 channels at 48 kHz using 32 bits per sample (channel mask 0x3)
[2016.01.26-21.10.32:851][  0]LogInit: FAudioDevice initialized.
[2016.01.26-21.10.32:873][  0]LogDerivedDataCache: Saved boot cache 0.02s 42MB C:/Users/frederic/AppData/Local/UnrealEngine/4.9/DerivedDataCache/Boot.ddc.
[2016.01.26-21.10.32:880][  0]LogInit: Texture streaming: Enabled
[2016.01.26-21.10.32:901][  0]LogAnalytics: Creating configured Analytics provider AnalyticsET
[2016.01.26-21.10.32:902][  0]LogAnalytics: [UEEditor.Rocket.Release] APIServer = http://et2.epicgames.com/ET2/. AppVersion = 4.9.2-2707645+++depot+UE4-Releases+4.9
[2016.01.26-21.10.32:902][  0]LogAnalytics: [UEEditor.Rocket.Release] SetUserId c8da8d664a36a98701fe659c10ae4ff8|70626fa7f476448fb82ad9618fbbb1ab|00e7fb16-00c3-4af4-a2a1-2cc8013aae38
[2016.01.26-21.10.32:902][  0]LogAnalytics: [UEEditor.Rocket.Release] AnalyticsET::StartSession
[2016.01.26-21.10.32:925][  0]LogInit: Transaction tracking system initialized
[2016.01.26-21.10.33:064][  0]BlueprintLog: New page: Editor Load
[2016.01.26-21.10.33:574][  0]LocalizationService: Info Localization service is disabled
[2016.01.26-21.10.33:775][  0]LogLinker:Warning: Can't find file '/Game/ThirdPersonCPP/ThirdPersonOverview'
[2016.01.26-21.10.33:776][  0]LogLinker:Warning: Can't find file '/Game/ThirdPersonCPP/ThirdPersonOverview'
[2016.01.26-21.10.33:777][  0]LogUObjectGlobals:Warning: Failed to find object 'Class /Game/ThirdPersonCPP/ThirdPersonOverview.ThirdPersonOverview_C'
[2016.01.26-21.10.33:816][  0]LogConsoleResponse:Display: 
[2016.01.26-21.10.33:962][  0]LogCook:Display: Done creating registry. It took  0.00s.
[2016.01.26-21.10.34:182][  0]LogFileCache: Scanning file cache for directory 'C:/Users/frederic/Documents/Unreal Projects/LostAge/Content/' took 0.01s
[2016.01.26-21.10.34:183][  0]SourceControl: Info Source control is disabled
[2016.01.26-21.10.34:183][  0]Cmd: MAP LOAD FILE="../../../../../../Users/frederic/Documents/Unreal Projects/LostAge/Content/FirstPersonCPP/Maps/MainMenu.umap" TEMPLATE=0 SHOWPROGRESS=1 FEATURELEVEL=3
[2016.01.26-21.10.34:184][  0]LightingResults: New page: Lighting Build
[2016.01.26-21.10.34:191][  0]MapCheck: New page: Map Check
[2016.01.26-21.10.34:192][  0]LightingResults: New page: Lighting Build
[2016.01.26-21.10.34:205][  0]LogParticles: Destroying 0 GPU particle simulations for FXSystem 0x00000000233C2160
[2016.01.26-21.10.34:210][  0]LogAIModule: Creating AISystem for world MainMenu
[2016.01.26-21.10.34:212][  0]LogEditorServer: Finished looking for orphan Actors (0.000 secs)
[2016.01.26-21.10.34:213][  0]Cmd: MAP CHECKDEP NOCLEARLOG
[2016.01.26-21.10.34:268][  0]MapCheck: Info Map check complete: 0 Error(s), 0 Warning(s), took 54.656ms to complete.
[2016.01.26-21.10.34:269][  0]LogFileHelpers: Loading map 'MainMenu' took 0.086
[2016.01.26-21.10.34:394][  0]LogCollectionManager: Loaded 0 collections in 0.003366 seconds
[2016.01.26-21.10.34:444][  0]LogFileCache: Scanning file cache for directory 'C:/Users/frederic/Documents/Unreal Projects/LostAge/Saved/Collections/' took 0.01s
[2016.01.26-21.10.34:445][  0]LogFileCache: Scanning file cache for directory 'C:/Users/frederic/Documents/Unreal Projects/LostAge/Content/Developers/frederic/Collections/' took 0.01s
[2016.01.26-21.10.34:445][  0]LogFileCache: Scanning file cache for directory 'C:/Users/frederic/Documents/Unreal Projects/LostAge/Content/Collections/' took 0.01s
[2016.01.26-21.10.34:445][  0]LogContentBrowser: Native class hierarchy populated in 0.0137 seconds. Added 1875 classes and 335 folders.
[2016.01.26-21.10.34:455][  0]LogCollectionManager: Rebuilt the GUID cache for 0 collections in 0.000003 seconds
[2016.01.26-21.10.34:472][  0]LogContentBrowser: Native class hierarchy updated for 'WidgetCarousel' in 0.0032 seconds. Added 0 classes and 0 folders.
[2016.01.26-21.10.34:554][  0]LogContentBrowser: Native class hierarchy updated for 'AddContentDialog' in 0.0019 seconds. Added 0 classes and 0 folders.
[2016.01.26-21.10.34:581][  0]LogContentBrowser: Native class hierarchy updated for 'SceneOutliner' in 0.0018 seconds. Added 1 classes and 2 folders.
[2016.01.26-21.10.34:620][  0]LogCrashTracker: Crashtracker disabled due to settings.
[2016.01.26-21.10.34:624][  0]LogUObjectGlobals:Warning: Failed to find object 'Class None.'
[2016.01.26-21.10.34:647][  0]LogLoad: Full Startup: 20.96 seconds (BP compile: 0.74 seconds)
[2016.01.26-21.10.34:733][  0]LogContentStreaming: Texture pool size now 1000 MB
[2016.01.26-21.10.34:883][  2]LogRenderer: Reallocating scene render targets to support 944x484 (Frame:2).
[2016.01.26-21.10.35:082][  4]LogAssetRegistry: Asset discovery search completed in 3.3375 seconds
[2016.01.26-21.10.35:083][  4]LogCollectionManager: Rebuilt the object cache for 0 collections in 0.000001 seconds (found 0 objects)
[2016.01.26-21.10.35:083][  4]LogCollectionManager: Fixed up redirectors for 0 collections in 0.000296 seconds (updated 0 objects)
[2016.01.26-21.10.36:588][175]LogPlayLevel: PlayLevel: No blueprints needed recompiling
[2016.01.26-21.10.36:589][175]PIE: New page: PIE session: MainMenu (Jan 26, 2016, 11:10:36 AM)
[2016.01.26-21.10.36:667][175]LogPlayLevel: Creating play world package: /Game/FirstPersonCPP/Maps/UEDPIE_0_MainMenu
[2016.01.26-21.10.36:668][175]LogPlayLevel: PIE: StaticDuplicateObject took: (0.000660s)
[2016.01.26-21.10.36:669][175]LogAIModule: Creating AISystem for world MainMenu
[2016.01.26-21.10.36:670][175]LogPlayLevel: PIE: World Init took: (0.001506s)
[2016.01.26-21.10.36:670][175]LogPlayLevel: PIE: Created PIE world by copying editor world from /Game/FirstPersonCPP/Maps/MainMenu.MainMenu to /Game/FirstPersonCPP/Maps/UEDPIE_0_MainMenu.MainMenu (0.003674s)
[2016.01.26-21.10.36:695][175]LogInit: XAudio2 using 'Haut-parleurs (Realtek High Definition Audio)' : 2 channels at 48 kHz using 32 bits per sample (channel mask 0x3)
[2016.01.26-21.10.36:708][175]LogInit: FAudioDevice initialized.
[2016.01.26-21.10.36:765][175]LogWorld: Game class is 'LostAgeGameMode'
[2016.01.26-21.10.40:977][175]LogWorld: Bringing World /Game/FirstPersonCPP/Maps/UEDPIE_0_MainMenu.MainMenu up for play (max tick rate 3) at 2016.01.26-16.10.40
[2016.01.26-21.10.40:977][175]LogActor:Warning: GameSession /Game/FirstPersonCPP/Maps/UEDPIE_0_MainMenu.MainMenu:PersistentLevel.GameSession_0 has natively added scene component(s), but none of them were set as the actor's RootComponent - picking one arbitrarily
[2016.01.26-21.10.40:978][175]LogActor:Warning: GameN