[2016.01.27-03.22.03:135][  0]Log file open, 01/26/16 22:22:03
[2016.01.27-03.22.03:135][  0]LogInit:Display: Running engine for game: LostAge
[2016.01.27-03.22.03:135][  0]LogInit:Display: RandInit(412359596) SRandInit(412359597).
[2016.01.27-03.22.03:135][  0]LogTaskGraph: Started task graph with 4 named threads and 7 total threads.
[2016.01.27-03.22.03:136][  0]LogStats: Stats thread started at 0.168533
[2016.01.27-03.22.03:136][  0]LogInit: Version: 4.9.2-2707645+++depot+UE4-Releases+4.9
[2016.01.27-03.22.03:136][  0]LogInit: API Version: 2672455
[2016.01.27-03.22.03:136][  0]LogInit: Compiled (64-bit): Sep 28 2015 10:25:44
[2016.01.27-03.22.03:137][  0]LogInit: Compiled with Visual C++: 18.00.21005.01
[2016.01.27-03.22.03:137][  0]LogInit: Build Configuration: Development
[2016.01.27-03.22.03:137][  0]LogInit: Branch Name: ++depot+UE4-Releases+4.9
[2016.01.27-03.22.03:138][  0]LogInit: Command line: 
[2016.01.27-03.22.03:138][  0]LogInit: Base directory: C:/Program Files/Epic Games/4.9/Engine/Binaries/Win64/
[2016.01.27-03.22.03:138][  0]LogInit: Rocket: 1
[2016.01.27-03.22.03:200][  0]LogInit: Using libcurl 7.41.0
[2016.01.27-03.22.03:200][  0]LogInit:  - built for x86_64-pc-win32
[2016.01.27-03.22.03:201][  0]LogInit:  - supports SSL with WinSSL
[2016.01.27-03.22.03:201][  0]LogInit:  - other features:
[2016.01.27-03.22.03:201][  0]LogInit:      CURL_VERSION_SSL
[2016.01.27-03.22.03:201][  0]LogInit:      CURL_VERSION_IPV6
[2016.01.27-03.22.03:202][  0]LogInit:      CURL_VERSION_ASYNCHDNS
[2016.01.27-03.22.03:202][  0]LogInit:      CURL_VERSION_LARGEFILE
[2016.01.27-03.22.03:202][  0]LogInit:      CURL_VERSION_IDN
[2016.01.27-03.22.03:202][  0]LogInit:  CurlRequestOptions (configurable via config and command line):
[2016.01.27-03.22.03:203][  0]LogInit:  - bVerifyPeer = true  - Libcurl will verify peer certificate
[2016.01.27-03.22.03:203][  0]LogInit:  - bUseHttpProxy = false  - Libcurl will NOT use HTTP proxy
[2016.01.27-03.22.03:203][  0]LogInit:  - bDontReuseConnections = false  - Libcurl will reuse connections
[2016.01.27-03.22.03:203][  0]LogInit:  - CertBundlePath = nullptr  - Libcurl will use whatever was configured at build time.
[2016.01.27-03.22.03:272][  0]LogInit: WinSock: version 1.1 (2.2), MaxSocks=32767, MaxUdp=65467
[2016.01.27-03.22.03:286][  0]LogVoice:Warning: Failed to initialize voice interface
[2016.01.27-03.22.03:295][  0]LogInit: Presizing for 0 objects not considered by GC, pre-allocating 0 bytes.
[2016.01.27-03.22.03:308][  0]LogInit: Object subsystem initialized
[2016.01.27-03.22.03:311][  0]LogInit: Selected Device Profile: [Windows]
[2016.01.27-03.22.03:312][  0]LogInit: Applying CVar settings loaded from the selected device profile: [Windows]
[2016.01.27-03.22.03:323][  0]LogInit: Computer: FREDERIC-PC
[2016.01.27-03.22.03:324][  0]LogInit: User: frederic
[2016.01.27-03.22.03:324][  0]LogInit: CPU Page size=4096, Cores=4
[2016.01.27-03.22.03:325][  0]LogInit: High frequency timer resolution =3.331220 MHz
[2016.01.27-03.22.03:325][  0]LogMemory: Memory total: Physical=15.9GB (16GB approx)
[2016.01.27-03.22.03:325][  0]LogMemory: Platform Memory Stats for Windows
[2016.01.27-03.22.03:326][  0]LogMemory: Process Physical Memory: 55.04 MB used, 55.04 MB peak
[2016.01.27-03.22.03:326][  0]LogMemory: Process Virtual Memory: 55.74 MB used, 55.74 MB peak
[2016.01.27-03.22.03:326][  0]LogMemory: Physical Memory: 5320.73 MB used, 16288.39 MB total
[2016.01.27-03.22.03:327][  0]LogMemory: Virtual Memory: 337.63 MB used, 8388608.00 MB total
[2016.01.27-03.22.03:416][  0]LogTextLocalizationManager: No translations for ('fr-CA') exist, falling back to 'en' for localization and internationalization data.
[2016.01.27-03.22.04:227][  0]LogD3D11RHI: Found D3D11 adapter 0: NVIDIA GeForce GTX 970 (Feature Level 11_0)
[2016.01.27-03.22.04:227][  0]LogD3D11RHI: Adapter has 4008MB of dedicated video memory, 0MB of dedicated system memory, and 7888MB of shared system memory, 1 output[s]
[2016.01.27-03.22.04:237][  0]LogD3D11RHI: Found D3D11 adapter 1: Intel(R) HD Graphics 3000 (Feature Level 10_0)
[2016.01.27-03.22.04:238][  0]LogD3D11RHI: Adapter has 64MB of dedicated video memory, 0MB of dedicated system memory, and 1632MB of shared system memory, 0 output[s]
[2016.01.27-03.22.04:238][  0]LogD3D11RHI: Chosen D3D11 Adapter Id = 0
[2016.01.27-03.22.04:244][  0]LogD3D11RHI: !Direct3DDevice
[2016.01.27-03.22.04:245][  0]LogRHI: Texture pool is 1361 MB (70% of 1945 MB)
[2016.01.27-03.22.04:309][  0]LogD3D11RHI: Async texture creation enabled
[2016.01.27-03.22.04:326][  0]LogShaderCompilers: Guid format shader working directory is 15 characters bigger than the processId version (../../../../../../Users/frederic/Documents/Unreal Projects/LostAge/Intermediate/Shaders/WorkingDirectory/7492/).
[2016.01.27-03.22.04:327][  0]LogShaderCompilers: Cleaned the shader compiler working directory '../../../../../../Users/frederic/Documents/Unreal Projects/LostAge/Intermediate/Shaders/tmp/D7078C994556813EDE0C8A95071D53F4/'.
[2016.01.27-03.22.04:328][  0]LogShaderCompilers:Display: Using Local Shader Compiler.
[2016.01.27-03.22.05:793][  0]LogTemp:Display: Loaded TP AllDesktopTargetPlatform
[2016.01.27-03.22.05:815][  0]LogTemp:Display: Loaded TP WindowsClientTargetPlatform
[2016.01.27-03.22.05:835][  0]LogTemp:Display: Loaded TP WindowsNoEditorTargetPlatform
[2016.01.27-03.22.05:854][  0]LogTemp:Display: Loaded TP WindowsServerTargetPlatform
[2016.01.27-03.22.05:872][  0]LogTemp:Display: Loaded TP WindowsTargetPlatform
[2016.01.27-03.22.05:881][  0]LogTemp:Display: Loaded TP AndroidTargetPlatform
[2016.01.27-03.22.05:889][  0]LogTemp:Display: Loaded TP Android_ASTCTargetPlatform
[2016.01.27-03.22.05:899][  0]LogTemp:Display: Loaded TP Android_ATCTargetPlatform
[2016.01.27-03.22.05:909][  0]LogTemp:Display: Loaded TP Android_DXTTargetPlatform
[2016.01.27-03.22.05:918][  0]LogTemp:Display: Loaded TP Android_ETC1TargetPlatform
[2016.01.27-03.22.05:928][  0]LogTemp:Display: Loaded TP Android_ETC2TargetPlatform
[2016.01.27-03.22.05:936][  0]LogTemp:Display: Loaded TP Android_PVRTCTargetPlatform
[2016.01.27-03.22.05:941][  0]LogTemp:Display: Loaded TP HTML5TargetPlatform
[2016.01.27-03.22.05:978][  0]LogTemp:Display: Loaded TP IOSTargetPlatform
[2016.01.27-03.22.05:985][  0]LogTemp:Display: Loaded TP LinuxNoEditorTargetPlatform
[2016.01.27-03.22.05:994][  0]LogTemp:Display: Loaded TP LinuxServerTargetPlatform
[2016.01.27-03.22.06:002][  0]LogTemp:Display: Loaded TP LinuxTargetPlatform
[2016.01.27-03.22.06:003][  0]LogTargetPlatformManager:Display: Building Assets For Windows
[2016.01.27-03.22.06:257][  0]LogDerivedDataCache:Display: Max Cache Size: 512 MB
[2016.01.27-03.22.06:311][  0]LogDerivedDataCache: Loaded boot cache 0.05s 43MB C:/Users/frederic/AppData/Local/UnrealEngine/4.9/DerivedDataCache/Boot.ddc.
[2016.01.27-03.22.06:311][  0]LogDerivedDataCache:Display: Loaded Boot cache: C:/Users/frederic/AppData/Local/UnrealEngine/4.9/DerivedDataCache/Boot.ddc
[2016.01.27-03.22.06:312][  0]LogDerivedDataCache: FDerivedDataBackendGraph:  Pak pak cache file ../../../../../../Users/frederic/Documents/Unreal Projects/LostAge/DerivedDataCache/DDC.ddp not found, will not use a pak cache.
[2016.01.27-03.22.06:312][  0]LogDerivedDataCache: Unable to find inner node Pak for hierarchical cache Hierarchy.
[2016.01.27-03.22.06:313][  0]LogDerivedDataCache: FDerivedDataBackendGraph:  CompressedPak pak cache file ../../../../../../Users/frederic/Documents/Unreal Projects/LostAge/DerivedDataCache/Compressed.ddp not found, will not use a pak cache.
[2016.01.27-03.22.06:313][  0]LogDerivedDataCache: Unable to find inner node CompressedPak for hierarchical cache Hierarchy.
[2016.01.27-03.22.06:485][  0]LogDerivedDataCache:Display: Pak cache opened for reading ../../../Engine/DerivedDataCache/Compressed.ddp.
[2016.01.27-03.22.06:497][  0]LogDerivedDataCache: Using Local data cache path C:/Users/frederic/AppData/Local/UnrealEngine/Common/DerivedDataCache: Writable
[2016.01.27-03.22.06:751][  0]LogInit: Selected Device Profile: [Windows]
[2016.01.27-03.22.06:752][  0]LogContentStreaming: Texture pool size is 0.000000MB
[2016.01.27-03.22.06:798][  0]LogMeshUtilities: No automatic mesh reduction module available
[2016.01.27-03.22.06:798][  0]LogMeshUtilities: No automatic mesh merging module available
[2016.01.27-03.22.08:405][  0]UdpMessaging: Initializing bridge on interface 0.0.0.0:0 to multicast group 230.0.0.1:6666.
[2016.01.27-03.22.08:981][  0]LogAssetRegistry: FAssetRegistry took 0.0105 seconds to start up
[2016.01.27-03.22.09:393][  0]SourceControl: Info Source control is disabled
[2016.01.27-03.22.09:395][  0]SourceControl: Info Source control is disabled
[2016.01.27-03.22.09:415][  0]SourceControl: Info Source control is disabled
[2016.01.27-03.22.09:438][  0]SourceControl: Info Source control is disabled
[2016.01.27-03.22.09:654][  0]LogLinker:Warning: Asset '../../../Engine/Plugins/Runtime/LeapMotionController/Content/LM_PassthroughMaterial.uasset' has been saved with empty engine version. The asset will be loaded but may be incompatible.
[2016.01.27-03.22.09:786][  0]LogObj: 31792 objects as part of root set at end of initial load.
[2016.01.27-03.22.09:787][  0]LogUObjectAllocator: 7252992 out of 0 bytes used by permanent object pool.
[2016.01.27-03.22.09:882][  0]LogEngine: Initializing Engine...
[2016.01.27-03.22.09:885][  0]LogHMD: Can't find Oculus library dev build: is proper Runtime installed? Version: 0.7.0.0
[2016.01.27-03.22.09:888][  0]LogHMD: SteamVR failed to initialize.  Err: 110
[2016.01.27-03.22.10:073][  0]LogAIModule: Creating AISystem for world NewWorld
[2016.01.27-03.22.10:094][  0]LogInit: XAudio2 using 'Haut-parleurs (USB PnP Sound Device)' : 2 channels at 44.1 kHz using 16 bits per sample (channel mask 0x3)
[2016.01.27-03.22.10:104][  0]LogInit: FAudioDevice initialized.
[2016.01.27-03.22.10:127][  0]LogDerivedDataCache: Saved boot cache 0.02s 42MB C:/Users/frederic/AppData/Local/UnrealEngine/4.9/DerivedDataCache/Boot.ddc.
[2016.01.27-03.22.10:133][  0]LogInit: Texture streaming: Enabled
[2016.01.27-03.22.10:150][  0]LogAnalytics: Creating configured Analytics provider AnalyticsET
[2016.01.27-03.22.10:151][  0]LogAnalytics: [UEEditor.Rocket.Release] APIServer = http://et2.epicgames.com/ET2/. AppVersion = 4.9.2-2707645+++depot+UE4-Releases+4.9
[2016.01.27-03.22.10:151][  0]LogAnalytics: [UEEditor.Rocket.Release] SetUserId c8da8d664a36a98701fe659c10ae4ff8|70626fa7f476448fb82ad9618fbbb1ab|00e7fb16-00c3-4af4-a2a1-2cc8013aae38
[2016.01.27-03.22.10:151][  0]LogAnalytics: [UEEditor.Rocket.Release] AnalyticsET::StartSession
[2016.01.27-03.22.10:170][  0]LogInit: Transaction tracking system initialized
[2016.01.27-03.22.10:291][  0]BlueprintLog: New page: Editor Load
[2016.01.27-03.22.10:739][  0]LocalizationService: Info Localization service is disabled
[2016.01.27-03.22.10:924][  0]LogLinker:Warning: Can't find file '/Game/ThirdPersonCPP/ThirdPersonOverview'
[2016.01.27-03.22.10:924][  0]LogLinker:Warning: Can't find file '/Game/ThirdPersonCPP/ThirdPersonOverview'
[2016.01.27-03.22.10:925][  0]LogUObjectGlobals:Warning: Failed to find object 'Class /Game/ThirdPersonCPP/ThirdPersonOverview.ThirdPersonOverview_C'
[2016.01.27-03.22.10:960][  0]LogConsoleResponse:Display: 
[2016.01.27-03.22.11:113][  0]LogCook:Display: Done creating registry. It took  0.00s.
[2016.01.27-03.22.11:316][  0]LogFileCache: Scanning file cache for directory 'C:/Users/frederic/Documents/Unreal Projects/LostAge/Content/' took 0.01s
[2016.01.27-03.22.11:317][  0]SourceControl: Info Source control is disabled
[2016.01.27-03.22.11:317][  0]Cmd: MAP LOAD FILE="../../../../../../Users/frederic/Documents/Unreal Projects/LostAge/Content/FirstPersonCPP/Maps/MainMenu.umap" TEMPLATE=0 SHOWPROGRESS=1 FEATURELEVEL=3
[2016.01.27-03.22.11:318][  0]LightingResults: New page: Lighting Build
[2016.01.27-03.22.11:326][  0]MapCheck: New page: Map Check
[2016.01.27-03.22.11:327][  0]LightingResults: New page: Lighting Build
[2016.01.27-03.22.11:344][  0]LogParticles: Destroying 0 GPU particle simulations for FXSystem 0x000000002311E160
[2016.01.27-03.22.11:349][  0]LogAIModule: Creating AISystem for world MainMenu
[2016.01.27-03.22.11:351][  0]LogEditorServer: Finished looking for orphan Actors (0.000 secs)
[2016.01.27-03.22.11:352][  0]Cmd: MAP CHECKDEP NOCLEARLOG
[2016.01.27-03.22.11:410][  0]MapCheck: Info Map check complete: 0 Error(s), 0 Warning(s), took 56.869ms to complete.
[2016.01.27-03.22.11:410][  0]LogFileHelpers: Loading map 'MainMenu' took 0.093
[2016.01.27-03.22.11:536][  0]LogCollectionManager: Loaded 0 collections in 0.003077 seconds
[2016.01.27-03.22.11:588][  0]LogFileCache: Scanning file cache for directory 'C:/Users/frederic/Documents/Unreal Projects/LostAge/Saved/Collections/' took 0.01s
[2016.01.27-03.22.11:588][  0]LogFileCache: Scanning file cache for directory 'C:/Users/frederic/Documents/Unreal Projects/LostAge/Content/Developers/frederic/Collections/' took 0.01s
[2016.01.27-03.22.11:589][  0]LogFileCache: Scanning file cache for directory 'C:/Users/frederic/Documents/Unreal Projects/LostAge/Content/Collections/' took 0.01s
[2016.01.27-03.22.11:589][  0]LogContentBrowser: Native class hierarchy populated in 0.0143 seconds. Added 1875 classes and 335 folders.
[2016.01.27-03.22.11:600][  0]LogCollectionManager: Rebuilt the GUID cache for 0 collections in 0.000003 seconds
[2016.01.27-03.22.11:617][  0]LogContentBrowser: Native class hierarchy updated for 'WidgetCarousel' in 0.0047 seconds. Added 0 classes and 0 folders.
[2016.01.27-03.22.11:694][  0]LogContentBrowser: Native class hierarchy updated for 'AddContentDialog' in 0.0018 seconds. Added 0 classes and 0 folders.
[2016.01.27-03.22.11:721][  0]LogContentBrowser: Native class hierarchy updated for 'SceneOutliner' in 0.0027 seconds. Added 1 classes and 2 folders.
[2016.01.27-03.22.11:763][  0]LogCrashTracker: Crashtracker disabled due to settings.
[2016.01.27-03.22.11:768][  0]LogUObjectGlobals:Warning: Failed to find object 'Class None.'
[2016.01.27-03.22.11:791][  0]LogLoad: Full Startup: 9.85 seconds (BP compile: 0.04 seconds)
[2016.01.27-03.22.11:919][  0]LogContentStreaming: Texture pool size now 1000 MB
[2016.01.27-03.22.12:074][  0]LogRenderer: Reallocating scene render targets to support 1208x556 (Frame:2).
[2016.01.27-03.22.12:308][  3]LogAssetRegistry: Asset discovery search completed in 3.3375 seconds
[2016.01.27-03.22.12:308][  3]LogCollectionManager: Rebuilt the object cache for 0 collections in 0.000001 seconds (found 0 objects)
[2016.01.27-03.22.12:309][  3]LogCollectionManager: Fixed up redirectors for 0 collections in 0.000336 seconds (updated 0 objects)
[2016.01.27-03.22.20:997][ 15]LogLinker:Warning: Asset '../../../Engine/Content/ArtTools/RenderToTexture/Macros/RenderToTextureMacros.uasset' has been saved with empty engine version. The asset will be loaded but may be incompatible.
[2016.01.27-03.22.21:612][ 15]LogContentBrowser: Native class hierarchy updated for 'BlueprintGraph' in 0.0029 seconds. Added 107 classes and 0 folders.
[2016.01.27-03.22.50:378][399]LogPlayLevel: PlayLevel: No blueprints needed recompiling
[2016.01.27-03.22.50:379][399]PIE: New page: PIE session: MainMenu (Jan 26, 2016, 5:22:50 PM)
[2016.01.27-03.22.50:379][399]LogPlayLevel: Creating play world package: /Game/FirstPersonCPP/Maps/UEDPIE_0_MainMenu
[2016.01.27-03.22.50:380][399]LogPlayLevel: PIE: StaticDuplicateObject took: (0.000642s)
[2016.01.27-03.22.50:382][399]LogAIModule: Creating AISystem for world MainMenu
[2016.01.27-03.22.50:382][399]LogPlayLevel: PIE: World Init took: (0.001607s)
[2016.01.27-03.22.50:383][399]LogPlayLevel: PIE: Created PIE world by copying editor world from /Game/FirstPersonCPP/Maps/MainMenu.MainMenu to /Game/FirstPersonCPP/Maps/UEDPIE_0_MainMenu.MainMenu (0.003606s)
[2016.01.27-03.22.50:383][399]LogActorComponent: UnregisterComponent: (/Engine/Transient.CharMoveComp) Not registered. Aborting.
[2016.01.27-03.22.50:411][399]LogParticles: Destroying 0 GPU particle simulations for FXSystem 0x000000001106CCC0
[2016.01.27-03.22.50:428][399]LogInit: XAudio2 using 'Haut-parleurs (USB PnP Sound Device)' : 2 channels at 44.1 kHz using 16 bits per sample (channel mask 0x3)
[