[2016.01.27-11.46.19:026][  0]Log file open, 01/27/16 06:46:19
[2016.01.27-11.46.19:026][  0]LogInit:Display: Running engine for game: LostAge
[2016.01.27-11.46.19:026][  0]LogInit:Display: RandInit(1088075270) SRandInit(1088075270).
[2016.01.27-11.46.19:026][  0]LogTaskGraph: Started task graph with 4 named threads and 7 total threads.
[2016.01.27-11.46.19:026][  0]LogStats: Stats thread started at 0.068800
[2016.01.27-11.46.19:026][  0]LogInit: Version: 4.9.2-2707645+++depot+UE4-Releases+4.9
[2016.01.27-11.46.19:026][  0]LogInit: API Version: 2672455
[2016.01.27-11.46.19:026][  0]LogInit: Compiled (64-bit): Sep 28 2015 10:25:44
[2016.01.27-11.46.19:026][  0]LogInit: Compiled with Visual C++: 18.00.21005.01
[2016.01.27-11.46.19:026][  0]LogInit: Build Configuration: Development
[2016.01.27-11.46.19:026][  0]LogInit: Branch Name: ++depot+UE4-Releases+4.9
[2016.01.27-11.46.19:026][  0]LogInit: Command line:  -game
[2016.01.27-11.46.19:026][  0]LogInit: Base directory: C:/Program Files/Epic Games/4.9/Engine/Binaries/Win64/
[2016.01.27-11.46.19:026][  0]LogInit: Rocket: 1
[2016.01.27-11.46.19:064][  0]LogInit: Using libcurl 7.41.0
[2016.01.27-11.46.19:064][  0]LogInit:  - built for x86_64-pc-win32
[2016.01.27-11.46.19:064][  0]LogInit:  - supports SSL with WinSSL
[2016.01.27-11.46.19:064][  0]LogInit:  - other features:
[2016.01.27-11.46.19:064][  0]LogInit:      CURL_VERSION_SSL
[2016.01.27-11.46.19:064][  0]LogInit:      CURL_VERSION_IPV6
[2016.01.27-11.46.19:064][  0]LogInit:      CURL_VERSION_ASYNCHDNS
[2016.01.27-11.46.19:064][  0]LogInit:      CURL_VERSION_LARGEFILE
[2016.01.27-11.46.19:064][  0]LogInit:      CURL_VERSION_IDN
[2016.01.27-11.46.19:064][  0]LogInit:  CurlRequestOptions (configurable via config and command line):
[2016.01.27-11.46.19:064][  0]LogInit:  - bVerifyPeer = true  - Libcurl will verify peer certificate
[2016.01.27-11.46.19:064][  0]LogInit:  - bUseHttpProxy = false  - Libcurl will NOT use HTTP proxy
[2016.01.27-11.46.19:064][  0]LogInit:  - bDontReuseConnections = false  - Libcurl will reuse connections
[2016.01.27-11.46.19:064][  0]LogInit:  - CertBundlePath = nullptr  - Libcurl will use whatever was configured at build time.
[2016.01.27-11.46.19:082][  0]LogInit: WinSock: version 1.1 (2.2), MaxSocks=32767, MaxUdp=65467
[2016.01.27-11.46.19:088][  0]LogVoice:Warning: Failed to initialize voice interface
[2016.01.27-11.46.19:091][  0]LogInit: Presizing for 0 objects not considered by GC, pre-allocating 0 bytes.
[2016.01.27-11.46.19:098][  0]LogInit: Object subsystem initialized
[2016.01.27-11.46.19:099][  0]LogInit: Selected Device Profile: [Windows]
[2016.01.27-11.46.19:099][  0]LogInit: Applying CVar settings loaded from the selected device profile: [Windows]
[2016.01.27-11.46.19:106][  0]LogInit: Computer: FREDERIC-PC
[2016.01.27-11.46.19:106][  0]LogInit: User: frederic
[2016.01.27-11.46.19:106][  0]LogInit: CPU Page size=4096, Cores=4
[2016.01.27-11.46.19:106][  0]LogInit: High frequency timer resolution =3.331220 MHz
[2016.01.27-11.46.19:106][  0]LogMemory: Memory total: Physical=15.9GB (16GB approx)
[2016.01.27-11.46.19:107][  0]LogMemory: Platform Memory Stats for Windows
[2016.01.27-11.46.19:107][  0]LogMemory: Process Physical Memory: 56.02 MB used, 56.02 MB peak
[2016.01.27-11.46.19:107][  0]LogMemory: Process Virtual Memory: 57.60 MB used, 57.60 MB peak
[2016.01.27-11.46.19:107][  0]LogMemory: Physical Memory: 6644.13 MB used, 16288.39 MB total
[2016.01.27-11.46.19:107][  0]LogMemory: Virtual Memory: 341.63 MB used, 8388608.00 MB total
[2016.01.27-11.46.19:143][  0]LogTextLocalizationManager: No translations for ('fr-CA') exist, falling back to 'en' for localization and internationalization data.
[2016.01.27-11.46.19:757][  0]LogD3D11RHI: Found D3D11 adapter 0: NVIDIA GeForce GTX 970 (Feature Level 11_0)
[2016.01.27-11.46.19:757][  0]LogD3D11RHI: Adapter has 4008MB of dedicated video memory, 0MB of dedicated system memory, and 7888MB of shared system memory, 1 output[s]
[2016.01.27-11.46.19:760][  0]LogD3D11RHI: Found D3D11 adapter 1: Intel(R) HD Graphics 3000 (Feature Level 10_0)
[2016.01.27-11.46.19:760][  0]LogD3D11RHI: Adapter has 64MB of dedicated video memory, 0MB of dedicated system memory, and 1632MB of shared system memory, 0 output[s]
[2016.01.27-11.46.19:760][  0]LogD3D11RHI: Chosen D3D11 Adapter Id = 0
[2016.01.27-11.46.19:764][  0]LogD3D11RHI: !Direct3DDevice
[2016.01.27-11.46.19:764][  0]LogRHI: Texture pool is 1361 MB (70% of 1945 MB)
[2016.01.27-11.46.19:775][  0]LogD3D11RHI: Async texture creation enabled
[2016.01.27-11.46.19:788][  0]LogShaderCompilers: Guid format shader working directory is 15 characters bigger than the processId version (../../../../../../Users/frederic/Documents/Unreal Projects/LostAge/Intermediate/Shaders/WorkingDirectory/5380/).
[2016.01.27-11.46.19:788][  0]LogShaderCompilers: Cleaned the shader compiler working directory '../../../../../../Users/frederic/Documents/Unreal Projects/LostAge/Intermediate/Shaders/tmp/04E1822A45FB60C4B58076A803FE014A/'.
[2016.01.27-11.46.19:788][  0]LogShaderCompilers:Display: Using Local Shader Compiler.
[2016.01.27-11.46.20:940][  0]LogTemp:Display: Loaded TP AllDesktopTargetPlatform
[2016.01.27-11.46.20:945][  0]LogTemp:Display: Loaded TP WindowsClientTargetPlatform
[2016.01.27-11.46.20:950][  0]LogTemp:Display: Loaded TP WindowsNoEditorTargetPlatform
[2016.01.27-11.46.20:955][  0]LogTemp:Display: Loaded TP WindowsServerTargetPlatform
[2016.01.27-11.46.20:960][  0]LogTemp:Display: Loaded TP WindowsTargetPlatform
[2016.01.27-11.46.20:963][  0]LogTemp:Display: Loaded TP AndroidTargetPlatform
[2016.01.27-11.46.20:966][  0]LogTemp:Display: Loaded TP Android_ASTCTargetPlatform
[2016.01.27-11.46.20:970][  0]LogTemp:Display: Loaded TP Android_ATCTargetPlatform
[2016.01.27-11.46.20:973][  0]LogTemp:Display: Loaded TP Android_DXTTargetPlatform
[2016.01.27-11.46.20:976][  0]LogTemp:Display: Loaded TP Android_ETC1TargetPlatform
[2016.01.27-11.46.20:979][  0]LogTemp:Display: Loaded TP Android_ETC2TargetPlatform
[2016.01.27-11.46.20:983][  0]LogTemp:Display: Loaded TP Android_PVRTCTargetPlatform
[2016.01.27-11.46.20:984][  0]LogTemp:Display: Loaded TP HTML5TargetPlatform
[2016.01.27-11.46.21:000][  0]LogTemp:Display: Loaded TP IOSTargetPlatform
[2016.01.27-11.46.21:003][  0]LogTemp:Display: Loaded TP LinuxNoEditorTargetPlatform
[2016.01.27-11.46.21:006][  0]LogTemp:Display: Loaded TP LinuxServerTargetPlatform
[2016.01.27-11.46.21:009][  0]LogTemp:Display: Loaded TP LinuxTargetPlatform
[2016.01.27-11.46.21:009][  0]LogTargetPlatformManager:Display: Building Assets For Windows
[2016.01.27-11.46.21:084][  0]LogDerivedDataCache:Display: Max Cache Size: 512 MB
[2016.01.27-11.46.21:130][  0]LogDerivedDataCache: Loaded boot cache 0.05s 42MB C:/Users/frederic/AppData/Local/UnrealEngine/4.9/DerivedDataCache/Boot.ddc.
[2016.01.27-11.46.21:130][  0]LogDerivedDataCache:Display: Loaded Boot cache: C:/Users/frederic/AppData/Local/UnrealEngine/4.9/DerivedDataCache/Boot.ddc
[2016.01.27-11.46.21:130][  0]LogDerivedDataCache: FDerivedDataBackendGraph:  Pak pak cache file ../../../../../../Users/frederic/Documents/Unreal Projects/LostAge/DerivedDataCache/DDC.ddp not found, will not use a pak cache.
[2016.01.27-11.46.21:130][  0]LogDerivedDataCache: Unable to find inner node Pak for hierarchical cache Hierarchy.
[2016.01.27-11.46.21:130][  0]LogDerivedDataCache: FDerivedDataBackendGraph:  CompressedPak pak cache file ../../../../../../Users/frederic/Documents/Unreal Projects/LostAge/DerivedDataCache/Compressed.ddp not found, will not use a pak cache.
[2016.01.27-11.46.21:130][  0]LogDerivedDataCache: Unable to find inner node CompressedPak for hierarchical cache Hierarchy.
[2016.01.27-11.46.21:272][  0]LogDerivedDataCache:Display: Pak cache opened for reading ../../../Engine/DerivedDataCache/Compressed.ddp.
[2016.01.27-11.46.21:283][  0]LogDerivedDataCache: Using Local data cache path C:/Users/frederic/AppData/Local/UnrealEngine/Common/DerivedDataCache: Writable
[2016.01.27-11.46.21:461][  0]LogInit: Selected Device Profile: [Windows]
[2016.01.27-11.46.21:461][  0]LogContentStreaming: Texture pool size is 1000.000000MB
[2016.01.27-11.46.21:473][  0]LogMeshUtilities: No automatic mesh reduction module available
[2016.01.27-11.46.21:473][  0]LogMeshUtilities: No automatic mesh merging module available
[2016.01.27-11.46.21:929][  0]LogWindowsMoviePlayer: Unable to load movie: ../../../../../../Users/frederic/Documents/Unreal Projects/LostAge/Content/Movies/Default_Startup.mp4
[2016.01.27-11.46.22:171][  0]SourceControl: Info Source control is disabled
[2016.01.27-11.46.22:171][  0]SourceControl: Info Source control is disabled
[2016.01.27-11.46.22:180][  0]SourceControl: Info Source control is disabled
[2016.01.27-11.46.22:254][  0]LogLinker:Warning: Asset '../../../Engine/Plugins/Runtime/LeapMotionController/Content/LM_PassthroughMaterial.uasset' has been saved with empty engine version. The asset will be loaded but may be incompatible.
[2016.01.27-11.46.22:319][  0]LogObj: 31097 objects as part of root set at end of initial load.
[2016.01.27-11.46.22:319][  0]LogUObjectAllocator: 6985248 out of 0 bytes used by permanent object pool.
[2016.01.27-11.46.22:372][  0]LogEngine: Initializing Engine...
[2016.01.27-11.46.22:374][  0]LogHMD: Can't find Oculus library dev build: is proper Runtime installed? Version: 0.7.0.0
[2016.01.27-11.46.22:374][  0]LogHMD: SteamVR failed to initialize.  Err: 110
[2016.01.27-11.46.22:480][  0]LogInit: XAudio2 using 'Haut-parleurs (USB PnP Sound Device)' : 2 channels at 44.1 kHz using 16 bits per sample (channel mask 0x3)
[2016.01.27-11.46.22:485][  0]LogInit: FAudioDevice initialized.
[2016.01.27-11.46.22:504][  0]LogDerivedDataCache: Saved boot cache 0.02s 42MB C:/Users/frederic/AppData/Local/UnrealEngine/4.9/DerivedDataCache/Boot.ddc.
[2016.01.27-11.46.22:509][  0]LogInit: Texture streaming: Enabled
[2016.01.27-11.46.22:612][  0]LogNet: Browse: /Game/FirstPersonCPP/Maps/MainMenu?Name=Player
[2016.01.27-11.46.22:613][  0]LogLoad: LoadMap: /Game/FirstPersonCPP/Maps/MainMenu?Name=Player
[2016.01.27-11.46.22:624][  0]LogParticles: Destroying 0 GPU particle simulations for FXSystem 0x00000000127AAB60
[2016.01.27-11.46.22:634][  0]LogMemory: Platform Memory Stats for Windows
[2016.01.27-11.46.22:634][  0]LogMemory: Process Physical Memory: 385.79 MB used, 385.79 MB peak
[2016.01.27-11.46.22:634][  0]LogMemory: Process Virtual Memory: 462.89 MB used, 462.89 MB peak
[2016.01.27-11.46.22:634][  0]LogMemory: Physical Memory: 6946.63 MB used, 16288.39 MB total
[2016.01.27-11.46.22:634][  0]LogMemory: Virtual Memory: 965.54 MB used, 8388608.00 MB total
[2016.01.27-11.46.22:634][  0]LogMemory: 
[2016.01.27-11.46.22:634][  0]Allocator Stats for TBB: (not implemented)
[2016.01.27-11.46.22:643][  0]LogAIModule: Creating AISystem for world MainMenu
[2016.01.27-11.46.22:669][  0]LogWorld: Game class is 'GameModeBP_C'
[2016.01.27-11.46.22:671][  0]LogWorld: Bringing World /Game/FirstPersonCPP/Maps/MainMenu.MainMenu up for play (max tick rate 0) at 2016.01.27-06.46.22
[2016.01.27-11.46.22:671][  0]LogWorld: Bringing up level for play took: 0.000516
[2016.01.27-11.46.22:671][  0]LogGameMode: Warning - PATHS NOT DEFINED or NO PLAYERSTART with positive rating
[2016.01.27-11.46.22:672][  0]LogOnline:Warning: NULL: Can't start an online game for session (Game) that hasn't been created
[2016.01.27-11.46.22:764][  0]LogInit:Display: Game Engine Initialized.
[2016.01.27-11.46.22:985][  0]LogLoad: Full Startup: 4.71 seconds (BP compile: 0.11 seconds)
[2016.01.27-11.46.23:084][  2]LogRenderer: Reallocating scene render targets to support 1600x900 (Frame:2).
[2016.01.27-11.46.24:891][107]LogInit: WinSock: I am frederic-PC (192.168.1.103:0)
[2016.01.27-11.46.24:943][107]LogPackageName: SearchForPackageOnDisk took   0.052s to resolve FirstPersonExampleMap.umap.
[2016.01.27-11.46.24:989][107]LogPackageName: SearchForPackageOnDisk took   0.045s to resolve FirstPersonExampleMap.umap.
[2016.01.27-11.46.24:989][107]LogNet: Browse: /Game/FirstPersonCPP/Maps/FirstPersonExampleMap?listen
[2016.01.27-11.46.24:989][107]LogLoad: LoadMap: /Game/FirstPersonCPP/Maps/FirstPersonExampleMap?listen
[2016.01.27-11.46.25:002][107]LogParticles: Destroying 0 GPU particle simulations for FXSystem 0x00000000127AB4C0
[2016.01.27-11.46.25:013][107]LogMemory: Platform Memory Stats for Windows
[2016.01.27-11.46.25:013][107]LogMemory: Process Physical Memory: 416.25 MB used, 430.38 MB peak
[2016.01.27-11.46.25:013][107]LogMemory: Process Virtual Memory: 737.15 MB used, 752.24 MB peak
[2016.01.27-11.46.25:013][107]LogMemory: Physical Memory: 6974.66 MB used, 16288.39 MB total
[2016.01.27-11.46.25:013][107]LogMemory: Virtual Memory: 1252.25 MB used, 8388608.00 MB total
[2016.01.27-11.46.25:013][107]LogMemory: 
[2016.01.27-11.46.25:013][107]Allocator Stats for TBB: (not implemented)
[2016.01.27-11.46.25:156][107]LogAIModule: Creating AISystem for world FirstPersonExampleMap
[2016.01.27-11.46.25:179][107]LogWorld: Game class is 'GameModeBP_C'
[2016.01.27-11.46.25:180][107]LogInit: WinSock: Socket queue 131072 / 131072
[2016.01.27-11.46.25:180][107]LogNet: GameNetDriver IpNetDriver_0 IpNetDriver listening on port 7777
[2016.01.27-11.46.25:182][107]LogWorld: Bringing World /Game/FirstPersonCPP/Maps/FirstPersonExampleMap.FirstPersonExampleMap up for play (max tick rate 0) at 2016.01.27-06.46.25
[2016.01.27-11.46.25:183][107]LogWorld: Bringing up level for play took: 0.001895
[2016.01.27-11.46.25:183][107]LogOnline:Warning: NULL: Can't start an online session (Game) in state InProgress
[2016.01.27-11.47.22:279][645]LogNet: NotifyAcceptingConnection: Server FirstPersonExampleMap accept
[2016.01.27-11.47.22:280][645]LogNet: Open FirstPersonExampleMap 01/27/16 06:47:22 192.168.1.103
[2016.01.27-11.47.22:280][645]LogNet: Added client connection.  Remote address = 192.168.1.103:56154
[2016.01.27-11.47.22:280][645]LogNet: NotifyAcceptingChannel Control 0 server World /Game/FirstPersonCPP/Maps/FirstPersonExampleMap.FirstPersonExampleMap: Accepted
[2016.01.27-11.47.22:280][645]LogNet: Remote platform little endian=1
[2016.01.27-11.47.22:280][645]LogNet: This platform little endian=1
[2016.01.27-11.47.22:280][645]LogNet: GetLocalNetworkVersion: GEngineNetVersion: 2707645, ProjectName: lostage, ProjectVersion: 1.0.0.0, InternalProtocolVersion: 9, LocalNetworkVersion: 4161370921
[2016.01.27-11.47.22:296][646]LogNet: Login request: /Game/FirstPersonCPP/Maps/MainMenu?Name=frederic-PC-DBE70AE84664984C7B7F3A9D85B6ED8B userId: frederic-PC-DBE70AE84664984C7B7F3A9D85B6ED8B
[2016.01.27-11.47.22:312][647]LogNet: Client netspeed is 10000
[2016.01.27-11.47.22:554][662]LogNet: Join request: /Game/FirstPersonCPP/Maps/MainMenu?Name=frederic-PC-DBE70AE84664984C7B7F3A9D85B6ED8B?SplitscreenCount=1
[2016.01.27-11.47.22:554][662]LogGameMode: Warning - PATHS NOT DEFINED or NO PLAYERSTART with positive rating
[2016.01.27-11.47.22:558][662]LogNet: Join succeeded: frederic-PC-DBE70AE8
[2016.01.27-11.48.22:561][382]LogNet:Warning: UNetConnection::Tick: Connection TIMED OUT. Closing connection. Driver: IpNetDriver_0, Elapsed: 60.002697, Threshold: 60.000000, RemoteAddr: 192.168.1.103:56154, PC: LostAgePlayerController_2, Owner: LostAgePlayerController_2
[2016.01.27-11.48.22:561][382]LogNet:Warning: Network Failure: GameNetDriver[ConnectionTimeout]: UNetConnection::Tick: Connection TIMED OUT. Closing connection. Driver: IpNetDriver_0, Elapsed: 60.002697, Threshold: 60.000000, RemoteAddr: 192.168.1.103:56154, PC: LostAgePlayerController_2, Owner: LostAgePlayerController_2
[2016.01.27-11.48.22:561][382]LogNet: NetworkFailure: ConnectionTimeout, Error: 'UNetConnection::Tick: Connection TIMED OUT. Closing connection. Driver: IpNetDriver_0, Elapsed: 60.002697, Threshold: 60.000000, RemoteAddr: 192.168.1.103:56154, PC: LostAgePlayerController_2, Owner: LostAgePlayerController_2'
[2016.01.27-11.48.22:561][382]LogNet: UNetConnection::Close: Name: IpConnection_0, Driver: GameNetDriver IpNetDriver_0, PC: LostAgePlayerController_2, Owner: LostAgePlayerController_2, Channels: 10, RemoteAddr: 192.168.1.103:56154, Time: 2016.01.27-11.48.22
[2016.01.27-11.48.22:561][382]LogNet: UChannel::Close: Sending CloseBunch. ChIndex == 0. Name: ControlChannel_0
[2016.01.27-11.48.52:173][216]LogEngine: All Windows Closed
[2016.01.27-11.48.52:173][216]LogWindows: FPlatformMisc::RequestExit(0)
[2016.01.27-11.48.52:383][217]LogNet: World NetDriver shutdown IpNetDriver_0 [GameNetDriver]
[2016.01.27-11.48.52:383][217]LogNet: DestroyNamedNetDriver IpNetDriver_0 [GameNetDriver]
[2016.01.27-11.48.52:383][217]LogExit: GameNetDriver IpNetDriver_0 shut down
[2016.01.27-11.48.52:504][217]LogExit: Preparing to exit.
[2016.01.27-11.48.52:595][217]LogExit: Game engine shut down
[2016.01.27-11.48.52:596][217]LogParticles: Destroying 0 GPU particle simulations for FXSystem 0x0000000016C547C0
[2016.01.27-11.48.52:703][217]LogExit: Object subsystem successfully closed.
[2016.01.27-11.48.52:710][217]LogD3D11RHI: Shutdown
[2016.01.27-11.48.52:710][217]LogD3D11RHI: CleanupD3DDevice
[2016.01.27-11.48.52:740][217]LogD3D11RHI: ~FD3D11DynamicRHI
[2016.01.27-11.48.52:751][217]LogModuleManager: Shutting down and abandoning module AndroidDeviceDetection (118)
[2016.01.27-11.48.53:004][217]LogModuleManager: Shutting down and abandoning module AutomationController (117)
[2016.01.27-11.48.53:004][217]LogModuleManager: Shutting down and abandoning module AutomationWorker (116)
[2016.01.27-11.48.53:004][217]LogModuleManager: Shutting down and abandoning module CharacterAI (115)
[2016.01.27-11.48.53:004][217]LogModuleManager: Shutting down and abandoning module AITestSuite (114)
[2016.01.27-11.48.53:004][217]LogModuleManager: Shutting down and abandoning module GameplayDebugger (113)
[2016.01.27-11.48.53:004][217]LogModuleManager: Shutting down and abandoning module AIModule (112)
[2016.01.27-11.48.53:004][217]LogModuleManager: Shutting down and abandoning module GameLiveStreaming (111)
[2016.01.27-11.48.53:004][217]LogModuleManager: Shutting down and abandoning module StreamingPauseRendering (110)
[2016.01.27-11.48.53:004][217]LogModuleManager: Shutting down and abandoning module ProfilerService (109)
[2016.01.27-11.48.53:092][217]LogModuleManager: Shutting down and abandoning module TaskGraph (108)
[2016.01.27-11.48.53:092][217]LogModuleManager: Shutting down and abandoning module SlateRemote (107)
[2016.01.27-11.48.53:092][217]LogModuleManager: Shutting down and abandoning module SteamVRController (106)
[2016.01.27-11.48.53:092][217]LogModuleManager: Shutting down and abandoning module SteamVR (105)
[2016.01.27-11.48.53:092][217]LogModuleManager: Shutting down and abandoning module ProceduralMeshComponent (104)
[2016.01.27-11.48.53:092][217]LogModuleManager: Shutting down and abandoning module OculusRift (103)
[2016.01.27-11.48.53:092][217]LogModuleManager: Shutting down and abandoning module OculusLibrary (102)
[2016.01.27-11.48.53:092][217]LogModuleManager: Shutting down and abandoning module LeapMotionController (101)
[2016.01.27-11.48.53:101][217]LogModuleManager: Shutting down and abandoning module CustomMeshComponent (100)
[2016.01.27-11.48.53:101][217]LogModuleManager: Shutting down and abandoning module CableComponent (99)
[2016.01.27-11.48.53:101][217]LogModuleManager: Shutting down and abandoning module ArchVisCharacter (98)
[2016.01.27-11.48.53:101][217]LogModuleManager: Shutting down and abandoning module HTML5Networking (97)
[2016.01.27-11.48.53:101][217]LogModuleManager: Shutting down and abandoning module DesktopPlatform (96)
[2016.01.27-11.48.53:101][217]LogModuleManager: Shutting down and abandoning module DirectoryWatcher (95)
[2016.01.27-11.48.53:101][217]LogModuleManager: Shutting down and abandoning module HotReload (94)
[2016.01.27-11.48.53:101][217]LogModuleManager: Shutting down and abandoning module VisualStudioSourceCodeAccess (93)
[2016.01.27-11.48.53:101][217]LogModuleManager: Shutting down and abandoning module UObjectPlugin (92)
[2016.01.27-11.48.53:101][217]LogModuleManager: Shutting down and abandoning module SubversionSourceControl (91)
[2016.01.27-11.48.53:101][217]LogModuleManager: Shutting down and abandoning module SourceControl (90)
[2016.01.27-11.48.53:101][217]LogModuleManager: Shutting down and abandoning module PerforceSourceControl (89)
[2016.01.27-11.48.53:101][217]LogModuleManager: Shutting down and abandoning module LostAge (88)
[2016.01.27-11.48.53:101][217]LogModuleManager: Shutting down and abandoning module UdpMessaging (87)
[2016.01.27-11.48.53:101][217]LogModuleManager: Shutting down and abandoning module LightPropagationVolumeRuntime (86)
[2016.01.27-11.48.53:101][217]LogModuleManager: Shutting down and abandoning module Paper2D (85)
[2016.01.27-11.48.53:101][217]LogModuleManager: Shutting down and abandoning module WindowsMoviePlayer (84)
[2016.01.27-11.48.53:103][217]LogModuleManager: Shutting down and abandoning module Media (83)
[2016.01.27-11.48.53:104][217]LogModuleManager: Shutting down and abandoning module WmfMedia (82)
[2016.01.27-11.48.53:104][217]LogModuleManager: Shutting down and abandoning module OnlineBlueprintSupport (81)
[2016.01.27-11.48.53:104][217]LogModuleManager: Shutting down and abandoning module GameplayTasksEditor (80)
[2016.01.27-11.48.53:104][217]LogModuleManager: Shutting down and abandoning module PropertyEditor (79)
[2016.01.27-11.48.53:104][217]LogModuleManager: Shutting down and abandoning module BehaviorTreeEditor (78)
[2016.01.27-11.48.53:104][217]LogModuleManager: Shutting down and abandoning module FunctionalTesting (77)
[2016.01.27-11.48.53:104][217]LogModuleManager: Shutting down and abandoning module CollisionAnalyzer (76)
[2016.01.27-11.48.53:104][217]LogModuleManager: Shutting down and abandoning module WorkspaceMenuStructure (75)
[2016.01.27-11.48.53:104][217]LogModuleManager: Shutting down and abandoning module MessageLog (74)
[2016.01.27-11.48.53:104][217]LogModuleManager: Shutting down and abandoning module Sequencer (73)
[2016.01.27-11.48.53:104][217]LogModuleManager: Shutting down and abandoning module AssetTools (72)
[2016.01.27-11.48.53:104][217]LogModuleManager: Shutting down and abandoning module UMGEditor (71)
[2016.01.27-11.48.53:104][217]LogModuleManager: Shutting down and abandoning module UMG (70)
[2016.01.27-11.48.53:104][217]LogModuleManager: Shutting down and abandoning module Slate (69)
[2016.01.27-11.48.53:104][217]LogModuleManager: Shutting down and abandoning module EditorStyle (68)
[2016.01.27-11.48.53:106][217]LogModuleManager: Shutting down and abandoning module SessionServices (67)
[2016.01.27-11.48.53:106][217]LogModuleManager: Shutting down and abandoning module SourceCodeAccess (66)
[2016.01.27-11.48.53:106][217]LogModuleManager: Shutting down and abandoning module HeadMountedDisplay (65)
[2016.01.27-11.48.53:106][217]LogModuleManager: Shutting down and abandoning module XAudio2 (64)
[2016.01.27-11.48.53:106][217]LogModuleManager: Shutting down and abandoning module Networking (63)
[2016.01.27-11.48.53:106][217]LogModuleManager: Shutting down and abandoning module Core (62)
[2016.01.27-11.48.53:106][217]LogModuleManager: Shutting down and abandoning module KismetCompiler (61)
[2016.01.27-11.48.53:106][217]LogModuleManager: Shutting down and abandoning module PhysXFormats (60)
[2016.01.27-11.48.53:106][217]LogModuleManager: Shutting down and abandoning module MeshUtilities (59)
[2016.01.27-11.48.53:106][217]LogModuleManager: Shutting down and abandoning module CookingStats (58)
[2016.01.27-11.48.53:106][217]LogModuleManager: Shutting down and abandoning module DerivedDataCache (57)
[2016.01.27-11.48.53:192][217]LogDerivedDataCache: Shutdown
[2016.01.27-11.48.53:192][217]LogModuleManager: Shutting down and abandoning module ShaderFormatOpenGL (56)
[2016.01.27-11.48.53:192][217]LogModuleManager: Shutting down and abandoning module ShaderFormatD3D (55)
[2016.01.27-11.48.53:192][217]LogModuleManager: Shutting down and abandoning module MetalShaderFormat (54)
[2016.01.27-11.48.53:192][217]LogModuleManager: Shutting down and abandoning module TextureFormatUncompressed (53)
[2016.01.27-11.48.53:192][217]LogModuleManager: Shutting down and abandoning module TextureFormatPVR (52)
[2016.01.27-11.48.53:192][217]LogModuleManager: Shutting down and abandoning module TextureFormatIntelISPCTexComp (51)
[2016.01.27-11.48.53:192][217]LogModuleManager: Shutting down and abandoning module TextureFormatDXT (50)
[2016.01.27-11.48.53:192][217]LogModuleManager: Shutting down and abandoning module ImageWrapper (49)
[2016.01.27-11.48.53:192][217]LogModuleManager: Shutting down and abandoning module TextureFormatASTC (48)
[2016.01.27-11.48.53:192][217]LogModuleManager: Shutting down and abandoning module TextureFormatAndroid (47)
[2016.01.27-11.48.53:192][217]LogModuleManager: Shutting down and abandoning module AudioFormatOpus (46)
[2016.01.27-11.48.53:192][217]LogModuleManager: Shutting down and abandoning module AudioFormatOgg (45)
[2016.01.27-11.48.53:192][217]LogModuleManager: Shutting down and abandoning module AudioFormatADPCM (44)
[2016.01.27-11.48.53:192][217]LogModuleManager: Shutting down and abandoning module LinuxTargetPlatform (43)
[2016.01.27-11.48.53:192][217]LogModuleManager: Shutting down and abandoning module LinuxServerTargetPlatform (42)
[2016.01.27-11.48.53:192][217]LogModuleManager: Shutting down and abandoning module LinuxNoEditorTargetPlatform (41)
[2016.01.27-11.48.53:192][217]LogModuleManager: Shutting down and abandoning module Messaging (40)
[2016.01.27-11.48.53:192][217]LogModuleManager: Shutting down and abandoning module IOSTargetPlatform (39)
[2016.01.27-11.48.53:192][217]LogModuleManager: Shutting down and abandoning module HTML5TargetPlatform (38)
[2016.01.27-11.48.53:192][217]LogModuleManager: Shutting down and abandoning module Android_PVRTCTargetPlatform (37)
[2016.01.27-11.48.53:192][217]LogModuleManager: Shutting down and abandoning module Android_ETC2TargetPlatform (36)
[2016.01.27-11.48.53:192][217]LogModuleManager: Shutting down and abandoning module Android_ETC1TargetPlatform (35)
[2016.01.27-11.48.53:192][217]LogModuleManager: Shutting down and abandoning module Android_DXTTargetPlatform (34)
[2016.01.27-11.48.53:192][217]LogModuleManager: Shutting down and abandoning module Android_ATCTargetPlatform (33)
[2016.01.27-11.48.53:192][217]LogModuleManager: Shutting down and abandoning module Android_ASTCTargetPlatform (32)
[2016.01.27-11.48.53:192][217]LogModuleManager: Shutting down and abandoning module AndroidTargetPlatform (31)
[2016.01.27-11.48.53:192][217]LogModuleManager: Shutting down and abandoning module WindowsTargetPlatform (30)
[2016.01.27-11.48.53:192][217]LogModuleManager: Shutting down and abandoning module WindowsServerTargetPlatform (29)
[2016.01.27-11.48.53:192][217]LogModuleManager: Shutting down and abandoning module WindowsNoEditorTargetPlatform (28)
[2016.01.27-11.48.53:192][217]LogModuleManager: Shutting down and abandoning module WindowsClientTargetPlatform (27)
[2016.01.27-11.48.53:192][217]LogModuleManager: Shutting down and abandoning module AllDesktopTargetPlatform (26)
[2016.01.27-11.48.53:192][217]LogModuleManager: Shutting down and abandoning module TargetPlatform (25)
[2016.01.27-11.48.53:192][217]LogModuleManager: Shutting down and abandoning module InputCore (24)
[2016.01.27-11.48.53:192][217]LogModuleManager: Shutting down and abandoning module Settings (23)
[2016.01.27-11.48.53:192][217]LogModuleManager: Shutting down and abandoning module Voice (21)
[2016.01.27-11.48.53:192][217]LogModuleManager: Shutting down and abandoning module OnlineSubsystem (18)
[2016.01.27-11.48.53:192][217]LogOnline:Display: NULL: FOnlineSubsystemNull::Shutdown()
[2016.01.27-11.48.53:193][217]LogOnline:Display: Unloading online subsystem: Null
[2016.01.27-11.48.53:193][217]LogModuleManager: Shutting down and abandoning module HTTP (17)
[2016.01.27-11.48.53:193][217]LogModuleManager: Shutting down and abandoning module XMPP (16)
[2016.01.27-11.48.53:193][217]LogModuleManager: Shutting down and abandoning module ExampleDeviceProfileSelector (15)
[2016.01.27-11.48.53:193][217]LogModuleManager: Shutting down and abandoning module TextureCompressor (14)
[2016.01.27-11.48.53:193][217]LogModuleManager: Shutting down and abandoning module ShaderCore (13)
[2016.01.27-11.48.53:193][217]LogModuleManager: Shutting down and abandoning module Landscape (12)
[2016.01.27-11.48.53:193][217]LogModuleManager: Shutting down and abandoning module SlateRHIRenderer (11)
[2016.01.27-11.48.53:194][217]LogModuleManager: Shutting down and abandoning module OpenGLDrv (10)
[2016.01.27-11.48.53:194][217]LogModuleManager: Shutting down and abandoning module D3D11RHI (9)
[2016.01.27-11.48.53:194][217]LogModuleManager: Shutting down and abandoning module AnimGraphRuntime (8)
[2016.01.27-11.48.53:194][217]LogModuleManager: Shutting down and abandoning module Renderer (7)
[2016.01.27-11.48.53:194][217]LogModuleManager: Shutting down and abandoning module Engine (6)
[2016.01.27-11.48.53:194][217]LogModuleManager: Shutting down and abandoning module CoreUObject (5)
[2016.01.27-11.48.53:194][217]LogModuleManager: Shutting down and abandoning module NetworkFile (4)
[2016.01.27-11.48.53:194][217]LogModuleManager: Shutting down and abandoning module StreamingFile (3)
[2016.01.27-11.48.53:194][217]LogModuleManager: Shutting down and abandoning module SandboxFile (2)
[2016.01.27-11.48.53:194][217]LogModuleManager: Shutting down and abandoning module PakFile (1)
[2016.01.27-11.48.53:194][217]LogExit: Exiting.
[2016.01.27-11.48.53:196][217]Log file closed, 01/27/16 06:48:53
