[2016.01.27-15.39.16:777][  0]Log file open, 01/27/16 10:39:16
[2016.01.27-15.39.16:777][  0]LogInit:Display: Running engine for game: LostAge
[2016.01.27-15.39.16:777][  0]LogInit:Display: RandInit(405418408) SRandInit(405418409).
[2016.01.27-15.39.16:777][  0]LogTaskGraph: Started task graph with 4 named threads and 7 total threads.
[2016.01.27-15.39.16:777][  0]LogStats: Stats thread started at 0.146470
[2016.01.27-15.39.16:778][  0]LogInit: Version: 4.9.2-2707645+++depot+UE4-Releases+4.9
[2016.01.27-15.39.16:778][  0]LogInit: API Version: 2672455
[2016.01.27-15.39.16:778][  0]LogInit: Compiled (64-bit): Sep 28 2015 10:25:44
[2016.01.27-15.39.16:778][  0]LogInit: Compiled with Visual C++: 18.00.21005.01
[2016.01.27-15.39.16:778][  0]LogInit: Build Configuration: Development
[2016.01.27-15.39.16:778][  0]LogInit: Branch Name: ++depot+UE4-Releases+4.9
[2016.01.27-15.39.16:779][  0]LogInit: Command line: 
[2016.01.27-15.39.16:779][  0]LogInit: Base directory: C:/Program Files/Epic Games/4.9/Engine/Binaries/Win64/
[2016.01.27-15.39.16:779][  0]LogInit: Rocket: 1
[2016.01.27-15.39.16:832][  0]LogInit: Using libcurl 7.41.0
[2016.01.27-15.39.16:832][  0]LogInit:  - built for x86_64-pc-win32
[2016.01.27-15.39.16:833][  0]LogInit:  - supports SSL with WinSSL
[2016.01.27-15.39.16:833][  0]LogInit:  - other features:
[2016.01.27-15.39.16:833][  0]LogInit:      CURL_VERSION_SSL
[2016.01.27-15.39.16:833][  0]LogInit:      CURL_VERSION_IPV6
[2016.01.27-15.39.16:833][  0]LogInit:      CURL_VERSION_ASYNCHDNS
[2016.01.27-15.39.16:833][  0]LogInit:      CURL_VERSION_LARGEFILE
[2016.01.27-15.39.16:833][  0]LogInit:      CURL_VERSION_IDN
[2016.01.27-15.39.16:834][  0]LogInit:  CurlRequestOptions (configurable via config and command line):
[2016.01.27-15.39.16:834][  0]LogInit:  - bVerifyPeer = true  - Libcurl will verify peer certificate
[2016.01.27-15.39.16:834][  0]LogInit:  - bUseHttpProxy = false  - Libcurl will NOT use HTTP proxy
[2016.01.27-15.39.16:834][  0]LogInit:  - bDontReuseConnections = false  - Libcurl will reuse connections
[2016.01.27-15.39.16:834][  0]LogInit:  - CertBundlePath = nullptr  - Libcurl will use whatever was configured at build time.
[2016.01.27-15.39.16:884][  0]LogInit: WinSock: version 1.1 (2.2), MaxSocks=32767, MaxUdp=65467
[2016.01.27-15.39.16:895][  0]LogVoice:Warning: Failed to initialize voice interface
[2016.01.27-15.39.16:900][  0]LogInit: Presizing for 0 objects not considered by GC, pre-allocating 0 bytes.
[2016.01.27-15.39.16:908][  0]LogInit: Object subsystem initialized
[2016.01.27-15.39.16:910][  0]LogInit: Selected Device Profile: [Windows]
[2016.01.27-15.39.16:910][  0]LogInit: Applying CVar settings loaded from the selected device profile: [Windows]
[2016.01.27-15.39.16:918][  0]LogInit: Computer: FREDERIC-PC
[2016.01.27-15.39.16:918][  0]LogInit: User: frederic
[2016.01.27-15.39.16:918][  0]LogInit: CPU Page size=4096, Cores=4
[2016.01.27-15.39.16:919][  0]LogInit: High frequency timer resolution =3.331220 MHz
[2016.01.27-15.39.16:919][  0]LogMemory: Memory total: Physical=15.9GB (16GB approx)
[2016.01.27-15.39.16:919][  0]LogMemory: Platform Memory Stats for Windows
[2016.01.27-15.39.16:919][  0]LogMemory: Process Physical Memory: 54.48 MB used, 54.48 MB peak
[2016.01.27-15.39.16:920][  0]LogMemory: Process Virtual Memory: 55.73 MB used, 55.73 MB peak
[2016.01.27-15.39.16:920][  0]LogMemory: Physical Memory: 6997.81 MB used, 16288.39 MB total
[2016.01.27-15.39.16:920][  0]LogMemory: Virtual Memory: 337.63 MB used, 8388608.00 MB total
[2016.01.27-15.39.16:987][  0]LogTextLocalizationManager: No translations for ('fr-CA') exist, falling back to 'en' for localization and internationalization data.
[2016.01.27-15.39.17:729][  0]LogD3D11RHI: Found D3D11 adapter 0: NVIDIA GeForce GTX 970 (Feature Level 11_0)
[2016.01.27-15.39.17:729][  0]LogD3D11RHI: Adapter has 4008MB of dedicated video memory, 0MB of dedicated system memory, and 7888MB of shared system memory, 1 output[s]
[2016.01.27-15.39.17:736][  0]LogD3D11RHI: Found D3D11 adapter 1: Intel(R) HD Graphics 3000 (Feature Level 10_0)
[2016.01.27-15.39.17:737][  0]LogD3D11RHI: Adapter has 64MB of dedicated video memory, 0MB of dedicated system memory, and 1632MB of shared system memory, 0 output[s]
[2016.01.27-15.39.17:737][  0]LogD3D11RHI: Chosen D3D11 Adapter Id = 0
[2016.01.27-15.39.17:742][  0]LogD3D11RHI: !Direct3DDevice
[2016.01.27-15.39.17:742][  0]LogRHI: Texture pool is 1361 MB (70% of 1945 MB)
[2016.01.27-15.39.17:785][  0]LogD3D11RHI: Async texture creation enabled
[2016.01.27-15.39.17:800][  0]LogShaderCompilers: Guid format shader working directory is 15 characters bigger than the processId version (../../../../../../Users/frederic/Documents/Unreal Projects/LostAge/Intermediate/Shaders/WorkingDirectory/3028/).
[2016.01.27-15.39.17:800][  0]LogShaderCompilers: Cleaned the shader compiler working directory '../../../../../../Users/frederic/Documents/Unreal Projects/LostAge/Intermediate/Shaders/tmp/11CA1A5A4C2CB9709D6E0D863F02BAB7/'.
[2016.01.27-15.39.17:801][  0]LogShaderCompilers:Display: Using Local Shader Compiler.
[2016.01.27-15.39.18:921][  0]LogTemp:Display: Loaded TP AllDesktopTargetPlatform
[2016.01.27-15.39.18:936][  0]LogTemp:Display: Loaded TP WindowsClientTargetPlatform
[2016.01.27-15.39.18:951][  0]LogTemp:Display: Loaded TP WindowsNoEditorTargetPlatform
[2016.01.27-15.39.18:964][  0]LogTemp:Display: Loaded TP WindowsServerTargetPlatform
[2016.01.27-15.39.18:977][  0]LogTemp:Display: Loaded TP WindowsTargetPlatform
[2016.01.27-15.39.18:983][  0]LogTemp:Display: Loaded TP AndroidTargetPlatform
[2016.01.27-15.39.18:989][  0]LogTemp:Display: Loaded TP Android_ASTCTargetPlatform
[2016.01.27-15.39.18:995][  0]LogTemp:Display: Loaded TP Android_ATCTargetPlatform
[2016.01.27-15.39.19:004][  0]LogTemp:Display: Loaded TP Android_DXTTargetPlatform
[2016.01.27-15.39.19:012][  0]LogTemp:Display: Loaded TP Android_ETC1TargetPlatform
[2016.01.27-15.39.19:019][  0]LogTemp:Display: Loaded TP Android_ETC2TargetPlatform
[2016.01.27-15.39.19:028][  0]LogTemp:Display: Loaded TP Android_PVRTCTargetPlatform
[2016.01.27-15.39.19:032][  0]LogTemp:Display: Loaded TP HTML5TargetPlatform
[2016.01.27-15.39.19:061][  0]LogTemp:Display: Loaded TP IOSTargetPlatform
[2016.01.27-15.39.19:067][  0]LogTemp:Display: Loaded TP LinuxNoEditorTargetPlatform
[2016.01.27-15.39.19:073][  0]LogTemp:Display: Loaded TP LinuxServerTargetPlatform
[2016.01.27-15.39.19:081][  0]LogTemp:Display: Loaded TP LinuxTargetPlatform
[2016.01.27-15.39.19:081][  0]LogTargetPlatformManager:Display: Building Assets For Windows
[2016.01.27-15.39.19:262][  0]LogDerivedDataCache:Display: Max Cache Size: 512 MB
[2016.01.27-15.39.19:304][  0]LogDerivedDataCache: Loaded boot cache 0.04s 42MB C:/Users/frederic/AppData/Local/UnrealEngine/4.9/DerivedDataCache/Boot.ddc.
[2016.01.27-15.39.19:305][  0]LogDerivedDataCache:Display: Loaded Boot cache: C:/Users/frederic/AppData/Local/UnrealEngine/4.9/DerivedDataCache/Boot.ddc
[2016.01.27-15.39.19:306][  0]LogDerivedDataCache: FDerivedDataBackendGraph:  Pak pak cache file ../../../../../../Users/frederic/Documents/Unreal Projects/LostAge/DerivedDataCache/DDC.ddp not found, will not use a pak cache.
[2016.01.27-15.39.19:306][  0]LogDerivedDataCache: Unable to find inner node Pak for hierarchical cache Hierarchy.
[2016.01.27-15.39.19:306][  0]LogDerivedDataCache: FDerivedDataBackendGraph:  CompressedPak pak cache file ../../../../../../Users/frederic/Documents/Unreal Projects/LostAge/DerivedDataCache/Compressed.ddp not found, will not use a pak cache.
[2016.01.27-15.39.19:307][  0]LogDerivedDataCache: Unable to find inner node CompressedPak for hierarchical cache Hierarchy.
[2016.01.27-15.39.19:444][  0]LogDerivedDataCache:Display: Pak cache opened for reading ../../../Engine/DerivedDataCache/Compressed.ddp.
[2016.01.27-15.39.19:456][  0]LogDerivedDataCache: Using Local data cache path C:/Users/frederic/AppData/Local/UnrealEngine/Common/DerivedDataCache: Writable
[2016.01.27-15.39.19:629][  0]LogInit: Selected Device Profile: [Windows]
[2016.01.27-15.39.19:630][  0]LogContentStreaming: Texture pool size is 0.000000MB
[2016.01.27-15.39.19:663][  0]LogMeshUtilities: No automatic mesh reduction module available
[2016.01.27-15.39.19:663][  0]LogMeshUtilities: No automatic mesh merging module available
[2016.01.27-15.39.20:923][  0]UdpMessaging: Initializing bridge on interface 0.0.0.0:0 to multicast group 230.0.0.1:6666.
[2016.01.27-15.39.21:244][  0]LogAssetRegistry: FAssetRegistry took 0.0107 seconds to start up
[2016.01.27-15.39.21:537][  0]SourceControl: Info Source control is disabled
[2016.01.27-15.39.21:539][  0]SourceControl: Info Source control is disabled
[2016.01.27-15.39.21:555][  0]SourceControl: Info Source control is disabled
[2016.01.27-15.39.21:574][  0]SourceControl: Info Source control is disabled
[2016.01.27-15.39.21:751][  0]LogLinker:Warning: Asset '../../../Engine/Plugins/Runtime/LeapMotionController/Content/LM_PassthroughMaterial.uasset' has been saved with empty engine version. The asset will be loaded but may be incompatible.
[2016.01.27-15.39.21:850][  0]LogObj: 31792 objects as part of root set at end of initial load.
[2016.01.27-15.39.21:850][  0]LogUObjectAllocator: 7252928 out of 0 bytes used by permanent object pool.
[2016.01.27-15.39.21:922][  0]LogEngine: Initializing Engine...
[2016.01.27-15.39.21:925][  0]LogHMD: Can't find Oculus library dev build: is proper Runtime installed? Version: 0.7.0.0
[2016.01.27-15.39.21:927][  0]LogHMD: SteamVR failed to initialize.  Err: 110
[2016.01.27-15.39.22:058][  0]LogAIModule: Creating AISystem for world NewWorld
[2016.01.27-15.39.22:072][  0]LogInit: XAudio2 using 'Haut-parleurs (USB PnP Sound Device)' : 2 channels at 44.1 kHz using 16 bits per sample (channel mask 0x3)
[2016.01.27-15.39.22:092][  0]LogInit: FAudioDevice initialized.
[2016.01.27-15.39.22:113][  0]LogDerivedDataCache: Saved boot cache 0.02s 42MB C:/Users/frederic/AppData/Local/UnrealEngine/4.9/DerivedDataCache/Boot.ddc.
[2016.01.27-15.39.22:119][  0]LogInit: Texture streaming: Enabled
[2016.01.27-15.39.22:134][  0]LogAnalytics: Creating configured Analytics provider AnalyticsET
[2016.01.27-15.39.22:134][  0]LogAnalytics: [UEEditor.Rocket.Release] APIServer = http://et2.epicgames.com/ET2/. AppVersion = 4.9.2-2707645+++depot+UE4-Releases+4.9
[2016.01.27-15.39.22:135][  0]LogAnalytics: [UEEditor.Rocket.Release] SetUserId c8da8d664a36a98701fe659c10ae4ff8|70626fa7f476448fb82ad9618fbbb1ab|00e7fb16-00c3-4af4-a2a1-2cc8013aae38
[2016.01.27-15.39.22:135][  0]LogAnalytics: [UEEditor.Rocket.Release] AnalyticsET::StartSession
[2016.01.27-15.39.22:150][  0]LogInit: Transaction tracking system initialized
[2016.01.27-15.39.22:234][  0]BlueprintLog: New page: Editor Load
[2016.01.27-15.39.22:558][  0]LocalizationService: Info Localization service is disabled
[2016.01.27-15.39.22:699][  0]LogLinker:Warning: Can't find file '/Game/ThirdPersonCPP/ThirdPersonOverview'
[2016.01.27-15.39.22:699][  0]LogLinker:Warning: Can't find file '/Game/ThirdPersonCPP/ThirdPersonOverview'
[2016.01.27-15.39.22:700][  0]LogUObjectGlobals:Warning: Failed to find object 'Class /Game/ThirdPersonCPP/ThirdPersonOverview.ThirdPersonOverview_C'
[2016.01.27-15.39.22:725][  0]LogConsoleResponse:Display: 
[2016.01.27-15.39.22:838][  0]LogCook:Display: Done creating registry. It took  0.00s.
[2016.01.27-15.39.22:984][  0]LogFileCache: Scanning file cache for directory 'C:/Users/frederic/Documents/Unreal Projects/LostAge/Content/' took 0.01s
[2016.01.27-15.39.22:984][  0]SourceControl: Info Source control is disabled
[2016.01.27-15.39.22:985][  0]Cmd: MAP LOAD FILE="../../../../../../Users/frederic/Documents/Unreal Projects/LostAge/Content/FirstPersonCPP/Maps/MainMenu.umap" TEMPLATE=0 SHOWPROGRESS=1 FEATURELEVEL=3
[2016.01.27-15.39.22:985][  0]LightingResults: New page: Lighting Build
[2016.01.27-15.39.22:990][  0]MapCheck: New page: Map Check
[2016.01.27-15.39.22:990][  0]LightingResults: New page: Lighting Build
[2016.01.27-15.39.23:001][  0]LogParticles: Destroying 0 GPU particle simulations for FXSystem 0x00000000231EA160
[2016.01.27-15.39.23:006][  0]LogAIModule: Creating AISystem for world MainMenu
[2016.01.27-15.39.23:007][  0]LogEditorServer: Finished looking for orphan Actors (0.000 secs)
[2016.01.27-15.39.23:008][  0]Cmd: MAP CHECKDEP NOCLEARLOG
[2016.01.27-15.39.23:050][  0]MapCheck: Info Map check complete: 0 Error(s), 0 Warning(s), took 41.321ms to complete.
[2016.01.27-15.39.23:051][  0]LogFileHelpers: Loading map 'MainMenu' took 0.066
[2016.01.27-15.39.23:155][  0]LogCollectionManager: Loaded 0 collections in 0.002155 seconds
[2016.01.27-15.39.23:198][  0]LogFileCache: Scanning file cache for directory 'C:/Users/frederic/Documents/Unreal Projects/LostAge/Saved/Collections/' took 0.01s
[2016.01.27-15.39.23:199][  0]LogFileCache: Scanning file cache for directory 'C:/Users/frederic/Documents/Unreal Projects/LostAge/Content/Developers/frederic/Collections/' took 0.01s
[2016.01.27-15.39.23:199][  0]LogFileCache: Scanning file cache for directory 'C:/Users/frederic/Documents/Unreal Projects/LostAge/Content/Collections/' took 0.01s
[2016.01.27-15.39.23:199][  0]LogContentBrowser: Native class hierarchy populated in 0.0084 seconds. Added 1875 classes and 335 folders.
[2016.01.27-15.39.23:208][  0]LogCollectionManager: Rebuilt the GUID cache for 0 collections in 0.000002 seconds
[2016.01.27-15.39.23:221][  0]LogContentBrowser: Native class hierarchy updated for 'WidgetCarousel' in 0.0030 seconds. Added 0 classes and 0 folders.
[2016.01.27-15.39.23:282][  0]LogContentBrowser: Native class hierarchy updated for 'AddContentDialog' in 0.0019 seconds. Added 0 classes and 0 folders.
[2016.01.27-15.39.23:300][  0]LogContentBrowser: Native class hierarchy updated for 'SceneOutliner' in 0.0019 seconds. Added 1 classes and 2 folders.
[2016.01.27-15.39.23:331][  0]LogCrashTracker: Crashtracker disabled due to settings.
[2016.01.27-15.39.23:335][  0]LogUObjectGlobals:Warning: Failed to find object 'Class None.'
[2016.01.27-15.39.23:356][  0]LogLoad: Full Startup: 7.53 seconds (BP compile: 0.03 seconds)
[2016.01.27-15.39.23:435][  0]LogContentStreaming: Texture pool size now 1000 MB
[2016.01.27-15.39.23:552][  0]LogRenderer: Reallocating scene render targets to support 1208x556 (Frame:2).
[2016.01.27-15.39.23:747][  2]LogAssetRegistry: Asset discovery search completed in 2.5144 seconds
[2016.01.27-15.39.23:748][  2]LogCollectionManager: Rebuilt the object cache for 0 collections in 0.000001 seconds (found 0 objects)
[2016.01.27-15.39.23:749][  2]LogCollectionManager: Fixed up redirectors for 0 collections in 0.000318 seconds (updated 0 objects)
[2016.01.27-15.40.58:221][654]LogPlayLevel: PlayLevel: No blueprints needed recompiling
[2016.01.27-15.40.58:221][654]PIE: New page: PIE session: MainMenu (Jan 27, 2016, 5:40:58 AM)
[2016.01.27-15.40.58:299][654]LogPlayLevel: Creating play world package: /Game/FirstPersonCPP/Maps/UEDPIE_0_MainMenu
[2016.01.27-15.40.58:300][654]LogPlayLevel: PIE: StaticDuplicateObject took: (0.000512s)
[2016.01.27-15.40.58:301][654]LogAIModule: Creating AISystem for world MainMenu
[2016.01.27-15.40.58:302][654]LogPlayLevel: PIE: World Init took: (0.001091s)
[2016.01.27-15.40.58:302][654]LogPlayLevel: PIE: Created PIE world by copying editor world from /Game/FirstPersonCPP/Maps/MainMenu.MainMenu to /Game/FirstPersonCPP/Maps/UEDPIE_0_MainMenu.MainMenu (0.003178s)
[2016.01.27-15.40.58:302][654]LogActorComponent: UnregisterComponent: (/Engine/Transient.CharMoveComp) Not registered. Aborting.
[2016.01.27-15.40.58:329][654]LogInit: XAudio2 using 'Haut-parleurs (USB PnP Sound Device)' : 2 channels at 44.1 kHz using 16 bits per sample (channel mask 0x3)
[2016.01.27-15.40.58:333][654]LogInit: FAudioDevice initialized.
[2016.01.27-15.40.58:426][654]LogWorld: Game class is 'GameModeBP_C'
[2016.01.27-15.40.58:429][654]LogWorld: Bringing World /Game/FirstPersonCPP/Maps/UEDPIE_0_MainMenu.MainMenu up for play (max tick rate 0) at 2016.01.27-10.40.58
[2016.01.27-15.40.58:430][654]LogActor:Warning: GameSession /Game/FirstPersonCPP/Maps/UEDPIE_0_MainMenu.MainMenu:PersistentLevel.GameSession_0 has natively added scene component(s), but none of them were set as the actor's RootComponent - picking one arbitrarily
[2016.01.27-15.40.58:430][654]LogActor:Warning: GameNetworkManager /Game/FirstPersonCPP/Maps/UEDPIE_0_MainMenu.MainMenu:PersistentLevel.GameNetworkManager_0 has natively added scene component(s), but none of them were set as the actor's RootComponent - picking one arbitrarily
[2016.01.27-15.40.58:431][654]LogWorld: Bringing up level for play took: 0.002183
[2016.01.27-15.40.58:441][654]LogVoice:Warning: Failed to initialize voice interface
[2016.01.27-15.40.58:443][654]LogOnline:Warning: NULL: Can't start an online game for session (Game) that hasn't been created
[2016.01.27-15.40.58:606][654]PIE: Info Play in editor start time for /Game/FirstPersonCPP/Maps/UEDPIE_0_MainMenu 0.071
[2016.01.27-15.40.58:623][655]LogRenderer: Reallocating scene render targets to support 1280x720 (Frame:1461).
[2016.01.27-15.41.00:361][854]LogInit: WinSock: I am frederic-PC (192.168.1.103:0)
[2016.01.27-15.41.06:614][602]LogNet: Browse: 192.168.1.103//Game/FirstPersonCPP/Maps/MainMenu
[2016.01.27-15.41.06:615][602]LogInit: WinSock: Socket queue 32768 / 32768
[2016.01.27-15.41.06:616][602]LogNet: Game client on port 7777, rate 10000
[2016.01.27-15.41.06:616][602]LogNet: GetLocalNetworkVersion: GEngineNetVersion: 2707645, ProjectName: lostage, ProjectVersion: 1.0.0.0, InternalProtocolVersion: 9, LocalNetworkVersion: 4161370921
[2016.01.27-15.41.06:639][605]LogNet: Welcomed by server (Level: /Game/FirstPersonCPP/Maps/FirstPersonExampleMap, Game: /Game/FirstPersonCPP/Blueprints/GameModeBP.GameModeBP_C)
[2016.01.27-15.41.06:640][605]LogLoad: LoadMap: 192.168.1.103//Game/FirstPersonCPP/Maps/FirstPersonExampleMap?game=/Game/FirstPersonCPP/Blueprints/GameModeBP.GameModeBP_C
[2016.01.27-15.41.06:658][605]LogParticles: Destroying 0 GPU particle simulations for FXSystem 0x0000000037C7CB80
[2016.01.27-15.41.06:664][605]Cmd: MEM
[2016.01.27-15.41.06:676][605]LogMemory: Platform Memory Stats for Windows
[2016.01.27-15.41.06:676][605]LogMemory: Process Physical Memory: 603.73 MB used, 603.73 MB peak
[2016.01.27-15.41.06:677][605]LogMemory: Process Virtual Memory: 1114.78 MB used, 1189.79 MB peak
[2016.01.27-15.41.06:677][605]LogMemory: Physical Memory: 8254.22 MB used, 16288.39 MB total
[2016.01.27-15.41.06:677][605]LogMemory: Virtual Memory: 1789.76 MB used, 8388608.00 MB total
[2016.01.27-15.41.06:677][605]LogMemory: 
[2016.01.27-15.41.06:678][605]Allocator Stats for TBB: (not implemented)
[2016.01.27-15.41.06:874][605]LogAIModule: Creating AISystem for world FirstPersonExampleMap
[2016.01.27-15.41.06:877][605]LogWorld: Bringing World /Game/FirstPersonCPP/Maps/FirstPersonExampleMap.FirstPersonExampleMap up for play (max tick rate 0) at 2016.01.27-10.41.06
[2016.01.27-15.41.06:878][605]LogWorld: Bringing up level for play took: 0.002783
[2016.01.27-15.41.42:971][881]LogPackageName: SearchForPackageOnDisk took   0.063s to resolve MainMenu.umap.
[2016.01.27-15.41.43:029][882]LogPackageName: SearchForPackageOnDisk took   0.051s to resolve MainMenu.umap.
[2016.01.27-15.41.43:030][882]LogNet: Browse: /Game/FirstPersonCPP/Maps/MainMenu
[2016.01.27-15.41.43:030][882]LogLoad: LoadMap: /Game/FirstPersonCPP/Maps/MainMenu
[2016.01.27-15.41.43:030][882]LogNet: World NetDriver shutdown IpNetDriver_0 [GameNetDriver]
[2016.01.27-15.41.43:031][882]LogNet: DestroyNamedNetDriver IpNetDriver_0 [GameNetDriver]
[2016.01.27-15.41.43:031][882]LogNet: UNetConnection::Close: Name: IpConnection_0, Driver: GameNetDriver IpNetDriver_0, PC: PlayerControllerBP_C_1, Owner: PlayerControllerBP_C_1, Channels: 10, RemoteAddr: 192.168.1.103:7777, Time: 2016.01.27-15.41.43
[2016.01.27-15.41.43:031][882]LogNet: UChannel::Close: Sending CloseBunch. ChIndex == 0. Name: ControlChannel_0
[2016.01.27-15.41.43:032][882]LogExit: GameNetDriver IpNetDriver_0 shut down
[2016.01.27-15.41.43:052][882]LogParticles: Destroying 0 GPU particle simulations for FXSystem 0x000000003E1D2F20
[2016.01.27-15.41.43:052][882]Cmd: MEM
[2016.01.27-15.41.43:065][882]LogMemory: Platform Memory Stats for Windows
[2016.01.27-15.41.43:065][882]LogMemory: Process Physical Memory: 682.16 MB used, 695.98 MB peak
[2016.01.27-15.41.43:066][882]LogMemory: Process Virtual Memory: 1317.23 MB used, 1324.66 MB peak
[2016.01.27-15.41.43:066][882]LogMemory: Physical Memory: 8293.37 MB used, 16288.39 MB total
[2016.01.27-15.41.43:066][882]LogMemory: Virtual Memory: 2001.39 MB used, 8388608.00 MB total
[2016.01.27-15.41.43:066][882]LogMemory: 
[2016.01.27-15.41.43:067][882]Allocator Stats for TBB: (not implemented)
[2016.01.27-15.41.43:067][882]LogPlayLevel: Creating play world package: /Game/FirstPersonCPP/Maps/UEDPIE_0_MainMenu
[2016.01.27-15.41.43:068][882]LogPlayLevel: PIE: StaticDuplicateObject took: (0.000489s)
[2016.01.27-15.41.43:069][882]LogAIModule: Creating AISystem for world MainMenu
[2016.01.27-15.41.43:069][882]LogPlayLevel: PIE: World Init took: (0.001249s)
[2016.01.27-15.41.43:070][882]LogPlayLevel: PIE: Created PIE world by copying editor world from /Game/FirstPersonCPP/Maps/MainMenu.MainMenu to /Game/FirstPersonCPP/Maps/UEDPIE_0_MainMenu.MainMenu (0.002757s)
[2016.01.27-15.41.43:070][882]LogWorld: Game class is 'GameModeBP_C'
[2016.01.27-15.41.43:072][882]LogWorld: Bringing World /Game/FirstPersonCPP/Maps/UEDPIE_0_MainMenu.MainMenu up for play (max tick rate 0) at 2016.01.27-10.41.43
[2016.01.27-15.41.43:072][882]LogActor:Warning: GameSession /Game/FirstPersonCPP/Maps/UEDPIE_0_MainMenu.MainMenu:PersistentLevel.GameSession_1 has natively added scene component(s), but none of them were set as the actor's RootComponent - picking one arbitrarily
[2016.01.27-15.41.43:073][882]LogActor:Warning: GameNetworkManager /Game/FirstPersonCPP/Maps/UEDPIE_0_MainMenu.MainMenu:PersistentLevel.GameNetworkManager_1 has natively added scene component(s), but none of them were set as the actor's RootComponent - picking one arbitrarily
[2016.01.27-15.41.43:073][882]LogWorld: Bringing up level for play took: 0.001712
[2016.01.27-15.41.43:074][882]LogGameMode: Warning - PATHS NOT DEFINED or NO PLAYERSTART with positive rating
[2016.01.27-15.41.43:075][882]LogOnline:Warning: NULL: Can't start an online game for session (Game) that hasn't been created
[2016.01.27-15.41.45:073][113]LogOnline:Display: NULL: FOnlineSubsystemNull::Shutdown()
[2016.01.27-15.41.45:074][113]LogPlayLevel:Display: Shutting down PIE online subsystems
[2016.01.27-15.41.45:098][114]LogParticles: Destroying 0 GPU particle simulations for FXSystem 0x000000003E172D40
[2016.01.27-15.41.45:130][117]LogPlayLevel:Display: Destroying online subsystem :Context_3
[2016.01.27-15.41.45:131][117]LogOnline:Display: NULL: FOnlineSubsystemNull::Shutdown()
[2016.01.27-15.41.46:669][260]Cmd: QUIT_EDITOR
[2016.01.27-15.41.46:928][260]LogExit: Preparing to exit.
[2016.01.27-15.41.48:014][260]LogActorComponent: UnregisterComponent: (None.None) Not registered. Aborting.
[2016.01.27-15.41.48:014][260]LogActorComponent: UnregisterComponent: (None.None) Not registered. Aborting.
[2016.01.27-15.41.48:015][260]LogActorComponent: UnregisterComponent: (None.None) Not registered. Aborting.
[2016.01.27-15.41.48:015][260]LogActorComponent: UnregisterComponent: (None.None) Not registered. Aborting.
[2016.01.27-15.41.48:016][260]LogActorComponent: UnregisterComponent: (None.None) Not registered. Aborting.
[2016.01.27-15.41.48:016][260]LogActorComponent: UnregisterComponent: (None.None) Not registered. Aborting.
[2016.01.27-15.41.48:017][260]LogActorComponent: UnregisterComponent: (None.None) Not registered. Aborting.
[2016.01.27-15.41.48:017][260]LogActorComponent: UnregisterComponent: (None.None) Not registered. Aborting.
[2016.01.27-15.41.48:017][260]LogActorComponent: UnregisterComponent: (None.None) Not registered. Aborting.
[2016.01.27-15.41.48:017][260]LogActorComponent: UnregisterComponent: (None.None) Not registered. Aborting.
[2016.01.27-15.41.48:018][260]LogActorComponent: UnregisterComponent: (None.None) Not registered. Aborting.
[2016.01.27-15.41.48:018][260]LogActorComponent: UnregisterComponent: (None.None) Not registered. Aborting.
[2016.01.27-15.41.48:032][260]LogParticles: Destroying 0 GPU particle simulations for FXSystem 0x0000000011414720
[2016.01.27-15.41.48:033][260]LogParticles: Destroying 0 GPU particle simulations for FXSystem 0x000000001122F880
[2016.01.27-15.41.48:035][260]LogExit: Editor shut down
[2016.01.27-15.41.48:036][260]LogExit: Transaction tracking system shut down
[2016.01.27-15.41.48:037][260]LogParticles: Destroying 0 GPU particle simulations for FXSystem 0x0000000012643240
[2016.01.27-15.41.48:159][260]LogExit: Object subsystem successfully closed.
[2016.01.27-15.41.48:179][260]LogD3D11RHI: Shutdown
[2016.01.27-15.41.48:180][260]LogD3D11RHI: CleanupD3DDevice
[2016.01.27-15.41.48:550][260]LogD3D11RHI: ~FD3D11DynamicRHI
[2016.01.27-15.41.48:570][260]LogModuleManager: Shutting down and abandoning module CrashTracker (200)
[2016.01.27-15.41.48:571][260]LogModuleManager: Shutting down and abandoning module SceneOutliner (199)
[2016.01.27-15.41.48:571][260]LogModuleManager: Shutting down and abandoning module SuperSearch (198)
[2016.01.27-15.41.48:571][260]LogModuleManager: Shutting down and abandoning module WidgetCarousel (197)
[2016.01.27-15.41.48:571][260]LogModuleManager: Shutting down and abandoning module AddContentDialog (196)
[2016.01.27-15.41.48:573][260]LogModuleManager: Shutting down and abandoning module EditorWidgets (195)
[2016.01.27-15.41.48:573][260]LogModuleManager: Shutting down and abandoning module CollectionManager (194)
[2016.01.27-15.41.48:573][260]LogModuleManager: Shutting down and abandoning module StatsViewer (193)
[2016.01.27-15.41.48:574][260]LogModuleManager: Shutting down and abandoning module FoliageEdit (192)
[2016.01.27-15.41.48:574][260]LogModuleManager: Shutting down and abandoning module LandscapeEditor (191)
[2016.01.27-15.41.48:574][260]LogModuleManager: Shutting down and abandoning module ActorPickerMode (190)
[2016.01.27-15.41.48:575][260]LogModuleManager: Shutting down and abandoning module GeometryMode (189)
[2016.01.27-15.41.48:575][260]LogModuleManager: Shutting down and abandoning module TextureAlignMode (188)
[2016.01.27-15.41.48:575][260]LogModuleManager: Shutting down and abandoning module BspMode (187)
[2016.01.27-15.41.48:575][260]LogModuleManager: Shutting down and abandoning module PlacementMode (186)
[2016.01.27-15.41.48:575][260]LogModuleManager: Shutting down and abandoning module AutomationWorker (185)
[2016.01.27-15.41.48:576][260]LogModuleManager: Shutting down and abandoning module CharacterAI (184)
[2016.01.27-15.41.48:576][260]LogModuleManager: Shutting down and abandoning module SmartSnapping (183)
[2016.01.27-15.41.48:576][260]LogModuleManager: Shutting down and abandoning module ViewportSnapping (182)
[2016.01.27-15.41.48:576][260]LogModuleManager: Shutting down and abandoning module LogVisualizer (181)
[2016.01.27-15.41.48:577][260]LogModuleManager: Shutting down and abandoning module GameProjectGeneration (180)
[2016.01.27-15.41.48:577][260]LogModuleManager: Shutting down and abandoning module IntroTutorials (179)
[2016.01.27-15.41.48:578][260]LogModuleManager: Shutting down and abandoning module EditorLiveStreaming (178)
[2016.01.27-15.41.48:578][260]LogModuleManager: Shutting down and abandoning module IOSPlatformEditor (177)
[2016.01.27-15.41.48:578][260]LogModuleManager: Shutting down and abandoning module HTML5PlatformEditor (176)
[2016.01.27-15.41.48:579][260]LogModuleManager: Shutting down and abandoning module AndroidDeviceDetection (175)
[2016.01.27-15.41.48:653][260]LogModuleManager: Shutting down and abandoning module AndroidPlatformEditor (174)
[2016.01.27-15.41.48:653][260]LogModuleManager: Shutting down and abandoning module IOSRuntimeSettings (173)
[2016.01.27-15.41.48:653][260]LogModuleManager: Shutting down and abandoning module AndroidRuntimeSettings (172)
[2016.01.27-15.41.48:653][260]LogModuleManager: Shutting down and abandoning module MergeActors (171)
[2016.01.27-15.41.48:654][260]LogModuleManager: Shutting down and abandoning module SizeMap (170)
[2016.01.27-15.41.48:654][260]LogModuleManager: Shutting down and abandoning module TreeMap (169)
[2016.01.27-15.41.48:654][260]LogModuleManager: Shutting down and abandoning module ReferenceViewer (168)
[2016.01.27-15.41.48:655][260]LogModuleManager: Shutting down and abandoning module LocalizationService (167)
[2016.01.27-15.41.48:655][260]LogModuleManager: Shutting down and abandoning module LocalizationDashboard (166)
[2016.01.27-15.41.48:655][260]LogModuleManager: Shutting down and abandoning module HardwareTargeting (165)
[2016.01.27-15.41.48:656][260]LogModuleManager: Shutting down and abandoning module DeviceProfileEditor (164)
[2016.01.27-15.41.48:656][260]LogModuleManager: Shutting down and abandoning module UndoHistory (163)
[2016.01.27-15.41.48:656][260]LogModuleManager: Shutting down and abandoning module GameplayTagsEditor (162)
[2016.01.27-15.41.48:656][260]LogModuleManager: Shutting down and abandoning module UserFeedback (161)
[2016.01.27-15.41.48:657][260]LogModuleManager: Shutting down and abandoning module XmlParser (160)
[2016.01.27-15.41.48:657][260]LogModuleManager: Shutting down and abandoning module Blutility (159)
[2016.01.27-15.41.48:657][260]LogModuleManager: Shutting down and abandoning module ProjectTargetPlatformEditor (158)
[2016.01.27-15.41.48:658][260]LogModuleManager: Shutting down and abandoning module ProjectSettingsViewer (157)
[2016.01.27-15.41.48:658][260]LogModuleManager: Shutting down and abandoning module InputBindingEditor (156)
[2016.01.27-15.41.48:658][260]LogModuleManager: Shutting down and abandoning module EditorSettingsViewer (155)
[2016.01.27-15.41.48:659][260]LogModuleManager: Shutting down and abandoning module SettingsEditor (154)
[2016.01.27-15.41.48:659][260]LogModuleManager: Shutting down and abandoning module ProjectLauncher (153)
[2016.01.27-15.41.48:659][260]LogModuleManager: Shutting down and abandoning module SessionFrontend (152)
[2016.01.27-15.41.48:660][260]LogModuleManager: Shutting down and abandoning module ProfilerClient (151)
[2016.01.27-15.41.48:660][260]LogModuleManager: Shutting down and abandoning module TargetDeviceServices (150)
[2016.01.27-15.41.48:660][260]LogModuleManager: Shutting down and abandoning module DeviceManager (149)
[2016.01.27-15.41.48:661][260]LogModuleManager: Shutting down and abandoning module AutomationController (148)
[2016.01.27-15.41.48:661][260]LogModuleManager: Shutting down and abandoning module AutomationWindow (147)
[2016.01.27-15.41.48:661][260]LogModuleManager: Shutting down and abandoning module Layers (146)
[2016.01.27-15.41.48:661][260]LogModuleManager: Shutting down and abandoning module ComponentVisualizers (145)
[2016.01.27-15.41.48:662][260]LogModuleManager: Shutting down and abandoning module DetailCustomizations (144)
[2016.01.27-15.41.48:662][260]LogModuleManager: Shutting down and abandoning module PackagesDialog (143)
[2016.01.27-15.41.48:662][260]LogModuleManager: Shutting down and abandoning module Persona (142)
[2016.01.27-15.41.48:663][260]LogModuleManager: Shutting down and abandoning module Kismet (141)
[2016.01.27-15.41.48:663][260]LogModuleManager: Shutting down and abandoning module GraphEditor (140)
[2016.01.27-15.41.48:663][260]LogModuleManager: Shutting down and abandoning module ClassViewer (139)
[2016.01.27-15.41.48:663][260]LogModuleManager: Shutting down and abandoning module Toolbox (138)
[2016.01.27-15.41.48:664][260]LogModuleManager: Shutting down and abandoning module ModuleUI (137)
[2016.01.27-15.41.48:664][260]LogModuleManager: Shutting down and abandoning module MovieSceneTools (136)
[2016.01.27-15.41.48:664][260]LogModuleManager: Shutting down and abandoning module OutputLog (135)
[2016.01.27-15.41.48:664][260]LogModuleManager: Shutting down and abandoning module GammaUI (134)
[2016.01.27-15.41.48:664][260]LogModuleManager: Shutting down and abandoning module Documentation (133)
[2016.01.27-15.41.48:665][260]LogModuleManager: Shutting down and abandoning module GameLiveStreaming (132)
[2016.01.27-15.41.48:665][260]LogModuleManager: Shutting down and abandoning module StreamingPauseRendering (131)
[2016.01.27-15.41.48:665][260]LogModuleManager: Shutting down and abandoning module AnalyticsET (130)
[2016.01.27-15.41.48:665][260]LogModuleManager: Shutting down and abandoning module Analytics (129)
[2016.01.27-15.41.48:666][260]LogModuleManager: Shutting down and abandoning module AITestSuite (128)
[2016.01.27-15.41.48:666][260]LogModuleManager: Shutting down and abandoning module GameplayDebugger (127)
[2016.01.27-15.41.48:666][260]LogModuleManager: Shutting down and abandoning module AIModule (126)
[2016.01.27-15.41.48:666][260]LogModuleManager: Shutting down and abandoning module ProfilerService (125)
[2016.01.27-15.41.48:892][260]LogModuleManager: Shutting down and abandoning module TaskGraph (124)
[2016.01.27-15.41.48:893][260]LogModuleManager: Shutting down and abandoning module SlateRemote (123)
[2016.01.27-15.41.48:893][260]LogModuleManager: Shutting down and abandoning module SteamVRController (122)
[2016.01.27-15.41.48:893][260]LogModuleManager: Shutting down and abandoning module SteamVR (121)
[2016.01.27-15.41.48:894][260]LogModuleManager: Shutting down and abandoning module ProceduralMeshComponent (120)
[2016.01.27-15.41.48:894][260]LogModuleManager: Shutting down and abandoning module OculusRift (119)
[2016.01.27-15.41.48:894][260]LogModuleManager: Shutting down and abandoning module OculusLibrary (118)
[2016.01.27-15.41.48:894][260]LogModuleManager: Shutting down and abandoning module LeapMotionController (117)
[2016.01.27-15.41.48:905][260]LogModuleManager: Shutting down and abandoning module CustomMeshComponent (116)
[2016.01.27-15.41.48:906][260]LogModuleManager: Shutting down and abandoning module CableComponent (115)
[2016.01.27-15.41.48:906][260]LogModuleManager: Shutting down and abandoning module ArchVisCharacter (114)
[2016.01.27-15.41.48:906][260]LogModuleManager: Shutting down and abandoning module MessagingDebugger (113)
[2016.01.27-15.41.48:906][260]LogModuleManager: Shutting down and abandoning module MediaPlayerEditor (112)
[2016.01.27-15.41.48:907][260]LogModuleManager: Shutting down and abandoning module HTML5Networking (111)
[2016.01.27-15.41.48:907][260]LogModuleManager: Shutting down and abandoning module SpeedTreeImporter (110)
[2016.01.27-15.41.48:907][260]LogModuleManager: Shutting down and abandoning module PluginBrowser (109)
[2016.01.27-15.41.48:907][260]LogModuleManager: Shutting down and abandoning module EpicSurvey (108)
[2016.01.27-15.41.48:908][260]LogModuleManager: Shutting down and abandoning module DesktopPlatform (107)
[2016.01.27-15.41.48:908][260]LogModuleManager: Shutting down and abandoning module VisualStudioSourceCodeAccess (106)
[2016.01.27-15.41.48:908][260]LogModuleManager: Shutting down and abandoning module UObjectPlugin (105)
[2016.01.27-15.41.48:908][260]LogModuleManager: Shutting down and abandoning module SubversionSourceControl (104)
[2016.01.27-15.41.48:909][260]LogModuleManager: Shutting down and abandoning module PerforceSourceControl (103)
[2016.01.27-15.41.48:909][260]LogModuleManager: Shutting down and abandoning module SourceControl (102)
[2016.01.27-15.41.48:909][260]LogModuleManager: Shutting down and abandoning module GitSourceControl (101)
[2016.01.27-15.41.48:909][260]LogModuleManager: Shutting down and abandoning module LightPropagationVolumeEditor (100)
[2016.01.27-15.41.48:910][260]LogModuleManager: Shutting down and abandoning module PaperTiledImporter (99)
[2016.01.27-15.41.48:910][260]LogModuleManager: Shutting down and abandoning module PaperSpriteSheetImporter (98)
[2016.01.27-15.41.48:910][260]LogModuleManager: Shutting down and abandoning module MeshPaint (97)
[2016.01.27-15.41.48:910][260]LogModuleManager: Shutting down and abandoning module SlateReflector (96)
[2016.01.27-15.41.48:911][260]LogModuleManager: Shutting down and abandoning module HotReload (95)
[2016.01.27-15.41.48:911][260]LogModuleManager: Shutting down and abandoning module MainFrame (94)
[2016.01.27-15.41.48:911][260]LogModuleManager: Shutting down and abandoning module LevelEditor (93)
[2016.01.27-15.41.48:912][260]LogModuleManager: Shutting down and abandoning module DirectoryWatcher (92)
[2016.01.27-15.41.48:913][260]LogModuleManager: Shutting down and abandoning module AssetRegistry (91)
[2016.01.27-15.41.49:011][260]LogModuleManager: Shutting down and abandoning module ContentBrowser (90)
[2016.01.27-15.41.49:013][260]LogModuleManager: Shutting down and abandoning module Paper2DEditor (89)
[2016.01.27-15.41.49:013][260]LogModuleManager: Shutting down and abandoning module LostAge (88)
[2016.01.27-15.41.49:014][260]LogModuleManager: Shutting down and abandoning module UdpMessaging (87)
[2016.01.27-15.41.49:114][260]LogModuleManager: Shutting down and abandoning module LightPropagationVolumeRuntime (86)
[2016.01.27-15.41.49:114][260]LogModuleManager: Shutting down and abandoning module Paper2D (85)
[2016.01.27-15.41.49:114][260]LogModuleManager: Shutting down and abandoning module WindowsMoviePlayer (84)
[2016.01.27-15.41.49:117][260]LogModuleManager: Shutting down and abandoning module Media (83)
[2016.01.27-15.41.49:118][260]LogModuleManager: Shutting down and abandoning module WmfMedia (82)
[2016.01.27-15.41.49:119][260]LogModuleManager: Shutting down and abandoning module OnlineBlueprintSupport (81)
[2016.01.27-15.41.49:119][260]LogModuleManager: Shutting down and abandoning module GameplayTasksEditor (80)
[2016.01.27-15.41.49:119][260]LogModuleManager: Shutting down and abandoning module PropertyEditor (79)
[2016.01.27-15.41.49:120][260]LogModuleManager: Shutting down and abandoning module BehaviorTreeEditor (78)
[2016.01.27-15.41.49:120][260]LogModuleManager: Shutting down and abandoning module FunctionalTesting (77)
[2016.01.27-15.41.49:120][260]LogModuleManager: Shutting down and abandoning module CollisionAnalyzer (76)
[2016.01.27-15.41.49:121][260]LogModuleManager: Shutting down and abandoning module WorkspaceMenuStructure (75)
[2016.01.27-15.41.49:121][260]LogModuleManager: Shutting down and abandoning module MessageLog (74)
[2016.01.27-15.41.49:121][260]LogModuleManager: Shutting down and abandoning module Sequencer (73)
[2016.01.27-15.41.49:121][260]LogModuleManager: Shutting down and abandoning module AssetTools (72)
[2016.01.27-15.41.49:122][260]LogModuleManager: Shutting down and abandoning module UMGEditor (71)
[2016.01.27-15.41.49:122][260]LogModuleManager: Shutting down and abandoning module UMG (70)
[2016.01.27-15.41.49:122][260]LogModuleManager: Shutting down and abandoning module Slate (69)
[2016.01.27-15.41.49:123][260]LogModuleManager: Shutting down and abandoning module EditorStyle (68)
[2016.01.27-15.41.49:125][260]LogModuleManager: Shutting down and abandoning module SessionServices (67)
[2016.01.27-15.41.49:125][260]LogModuleManager: Shutting down and abandoning module SourceCodeAccess (66)
[2016.01.27-15.41.49:125][260]LogModuleManager: Shutting down and abandoning module HeadMountedDisplay (65)
[2016.01.27-15.41.49:126][260]LogModuleManager: Shutting down and abandoning module XAudio2 (64)
[2016.01.27-15.41.49:126][260]LogModuleManager: Shutting down and abandoning module Networking (63)
[2016.01.27-15.41.49:126][260]LogModuleManager: Shutting down and abandoning module Core (62)
[2016.01.27-15.41.49:127][260]LogModuleManager: Shutting down and abandoning module KismetCompiler (61)
[2016.01.27-15.41.49:127][260]LogModuleManager: Shutting down and abandoning module PhysXFormats (60)
[2016.01.27-15.41.49:127][260]LogModuleManager: Shutting down and abandoning module MeshUtilities (59)
[2016.01.27-15.41.49:128][260]LogModuleManager: Shutting down and abandoning module CookingStats (58)
[2016.01.27-15.41.49:129][260]LogModuleManager: Shutting down and abandoning module DerivedDataCache (57)
[2016.01.27-15.41.49:162][260]LogDerivedDataCache: Shutdown
[2016.01.27-15.41.49:162][260]LogModuleManager: Shutting down and abandoning module ShaderFormatOpenGL (56)
[2016.01.27-15.41.49:162][260]LogModuleManager: Shutting down and abandoning module ShaderFormatD3D (55)
[2016.01.27-15.41.49:163][260]LogModuleManager: Shutting down and abandoning module MetalShaderFormat (54)
[2016.01.27-15.41.49:163][260]LogModuleManager: Shutting down and abandoning module TextureFormatUncompressed (53)
[2016.01.27-15.41.49:163][260]LogModuleManager: Shutting down and abandoning module TextureFormatPVR (52)
[2016.01.27-15.41.49:163][260]LogModuleManager: Shutting down and abandoning module TextureFormatIntelISPCTexComp (51)
[2016.01.27-15.41.49:164][260]LogModuleManager: Shutting down and abandoning module TextureFormatDXT (50)
[2016.01.27-15.41.49:164][260]LogModuleManager: Shutting down and abandoning module ImageWrapper (49)
[2016.01.27-15.41.49:164][260]LogModuleManager: Shutting down and abandoning module TextureFormatASTC (48)
[2016.01.27-15.41.49:164][260]LogModuleManager: Shutting down and abandoning module TextureFormatAndroid (47)
[2016.01.27-15.41.49:165][260]LogModuleManager: Shutting down and abandoning module AudioFormatOpus (46)
[2016.01.27-15.41.49:165][260]LogModuleManager: Shutting down and abandoning module AudioFormatOgg (45)
[2016.01.27-15.41.49:165][260]LogModuleManager: Shutting down and abandoning module AudioFormatADPCM (44)
[2016.01.27-15.41.49:165][260]LogModuleManager: Shutting down and abandoning module LinuxTargetPlatform (43)
[2016.01.27-15.41.49:166][260]LogModuleManager: Shutting down and abandoning module LinuxServerTargetPlatform (42)
[2016.01.27-15.41.49:166][260]LogModuleManager: Shutting down and abandoning module LinuxNoEditorTargetPlatform (41)
[2016.01.27-15.41.49:166][260]LogModuleManager: Shutting down and abandoning module Messaging (40)
[2016.01.27-15.41.49:166][260]LogModuleManager: Shutting down and abandoning module IOSTargetPlatform (39)
[2016.01.27-15.41.49:166][260]LogModuleManager: Shutting down and abandoning module HTML5TargetPlatform (38)
[2016.01.27-15.41.49:167][260]LogModuleManager: Shutting down and abandoning module Android_PVRTCTargetPlatform (37)
[2016.01.27-15.41.49:167][260]LogModuleManager: Shutting down and abandoning module Android_ETC2TargetPlatform (36)
[2016.01.27-15.41.49:167][260]LogModuleManager: Shutting down and abandoning module Android_ETC1TargetPlatform (35)
[2016.01.27-15.41.49:167][260]LogModuleManager: Shutting down and abandoning module Android_DXTTargetPlatform (34)
[2016.01.27-15.41.49:168][260]LogModuleManager: Shutting down and abandoning module Android_ATCTargetPlatform (33)
[2016.01.27-15.41.49:168][260]LogModuleManager: Shutting down and abandoning module Android_ASTCTargetPlatform (32)
[2016.01.27-15.41.49:168][260]LogModuleManager: Shutting down and abandoning module AndroidTargetPlatform (31)
[2016.01.27-15.41.49:168][260]LogModuleManager: Shutting down and abandoning module WindowsTargetPlatform (30)
[2016.01.27-15.41.49:169][260]LogModuleManager: Shutting down and abandoning module WindowsServerTargetPlatform (29)
[2016.01.27-15.41.49:169][260]LogModuleManager: Shutting down and abandoning module WindowsNoEditorTargetPlatform (28)
[2016.01.27-15.41.49:169][260]LogModuleManager: Shutting down and abandoning module WindowsClientTargetPlatform (27)
[2016.01.27-15.41.49:169][260]LogModuleManager: Shutting down and abandoning module AllDesktopTargetPlatform (26)
[2016.01.27-15.41.49:170][260]LogModuleManager: Shutting down and abandoning module TargetPlatform (25)
[2016.01.27-15.41.49:170][260]LogModuleManager: Shutting down and abandoning module InputCore (24)
[2016.01.27-15.41.49:170][260]LogModuleManager: Shutting down and abandoning module Settings (23)
[2016.01.27-15.41.49:170][260]LogModuleManager: Shutting down and abandoning module Voice (21)
[2016.01.27-15.41.49:171][260]LogModuleManager: Shutting down and abandoning module OnlineSubsystem (18)
[2016.01.27-15.41.49:171][260]LogOnline:Display: NULL: FOnlineSubsystemNull::Shutdown()
[2016.01.27-15.41.49:172][260]LogOnline:Display: Unloading online subsystem: Null
[2016.01.27-15.41.49:172][260]LogModuleManager: Shutting down and abandoning module HTTP (17)
[2016.01.27-15.41.51:174][260]LogModuleManager: Shutting down and abandoning module XMPP (16)
[2016.01.27-15.41.51:174][260]LogModuleManager: Shutting down and abandoning module ExampleDeviceProfileSelector (15)
[2016.01.27-15.41.51:175][260]LogModuleManager: Shutting down and abandoning module TextureCompressor (14)
[2016.01.27-15.41.51:176][260]LogModuleManager: Shutting down and abandoning module ShaderCore (13)
[2016.01.27-15.41.51:176][260]LogModuleManager: Shutting down and abandoning module Landscape (12)
[2016.01.27-15.41.51:177][260]LogModuleManager: Shutting down and abandoning module SlateRHIRenderer (11)
[2016.01.27-15.41.51:178][260]LogModuleManager: Shutting down and abandoning module OpenGLDrv (10)
[2016.01.27-15.41.51:178][260]LogModuleManager: Shutting down and abandoning module D3D11RHI (9)
[2016.01.27-15.41.51:178][260]LogModuleManager: Shutting down and abandoning module AnimGraphRuntime (8)
[2016.01.27-15.41.51:179][260]LogModuleManager: Shutting down and abandoning module Renderer (7)
[2016.01.27-15.41.51:179][260]LogModuleManager: Shutting down and abandoning module Engine (6)
[2016.01.27-15.41.51:179][260]LogModuleManager: Shutting down and abandoning module CoreUObject (5)
[2016.01.27-15.41.51:179][260]LogModuleManager: Shutting down and abandoning module NetworkFile (4)
[2016.01.27-15.41.51:179][260]LogModuleManager: Shutting down and abandoning module StreamingFile (3)
[2016.01.27-15.41.51:180][260]LogModuleManager: Shutting down and abandoning module SandboxFile (2)
[2016.01.27-15.41.51:180][260]LogModuleManager: Shutting down and abandoning module PakFile (1)
[2016.01.27-15.41.51:183][260]LogExit: Exiting.
[2016.01.27-15.41.51:185][260]Log file closed, 01/27/16 10:41:51
