[2016.01.26-22.25.59:519][  0]Log file open, 01/26/16 17:25:59
[2016.01.26-22.25.59:519][  0]LogInit:Display: Running engine for game: LostAge
[2016.01.26-22.25.59:519][  0]LogInit:Display: RandInit(1944338583) SRandInit(1944338583).
[2016.01.26-22.25.59:519][  0]LogTaskGraph: Started task graph with 4 named threads and 7 total threads.
[2016.01.26-22.25.59:519][  0]LogStats: Stats thread started at 0.080000
[2016.01.26-22.25.59:519][  0]LogInit: Version: 4.9.2-2707645+++depot+UE4-Releases+4.9
[2016.01.26-22.25.59:519][  0]LogInit: API Version: 2672455
[2016.01.26-22.25.59:519][  0]LogInit: Compiled (64-bit): Sep 28 2015 10:25:44
[2016.01.26-22.25.59:519][  0]LogInit: Compiled with Visual C++: 18.00.21005.01
[2016.01.26-22.25.59:519][  0]LogInit: Build Configuration: DebugGame
[2016.01.26-22.25.59:519][  0]LogInit: Branch Name: ++depot+UE4-Releases+4.9
[2016.01.26-22.25.59:519][  0]LogInit: Command line:  /Temp/Autosaves/Game/FirstPersonCPP/Maps/UEDPCMainMenu -game -PIEVIACONSOLE -ResX=1280 -ResY=720  -Multiprocess -debug 
[2016.01.26-22.25.59:519][  0]LogInit: Base directory: C:/Program Files/Epic Games/4.9/Engine/Binaries/Win64/
[2016.01.26-22.25.59:519][  0]LogInit: Rocket: 1
[2016.01.26-22.25.59:545][  0]LogInit: Using libcurl 7.41.0
[2016.01.26-22.25.59:545][  0]LogInit:  - built for x86_64-pc-win32
[2016.01.26-22.25.59:545][  0]LogInit:  - supports SSL with WinSSL
[2016.01.26-22.25.59:545][  0]LogInit:  - other features:
[2016.01.26-22.25.59:545][  0]LogInit:      CURL_VERSION_SSL
[2016.01.26-22.25.59:545][  0]LogInit:      CURL_VERSION_IPV6
[2016.01.26-22.25.59:545][  0]LogInit:      CURL_VERSION_ASYNCHDNS
[2016.01.26-22.25.59:545][  0]LogInit:      CURL_VERSION_LARGEFILE
[2016.01.26-22.25.59:545][  0]LogInit:      CURL_VERSION_IDN
[2016.01.26-22.25.59:545][  0]LogInit:  CurlRequestOptions (configurable via config and command line):
[2016.01.26-22.25.59:545][  0]LogInit:  - bVerifyPeer = true  - Libcurl will verify peer certificate
[2016.01.26-22.25.59:545][  0]LogInit:  - bUseHttpProxy = false  - Libcurl will NOT use HTTP proxy
[2016.01.26-22.25.59:545][  0]LogInit:  - bDontReuseConnections = false  - Libcurl will reuse connections
[2016.01.26-22.25.59:545][  0]LogInit:  - CertBundlePath = nullptr  - Libcurl will use whatever was configured at build time.
[2016.01.26-22.25.59:566][  0]LogInit: WinSock: version 1.1 (2.2), MaxSocks=32767, MaxUdp=65467
[2016.01.26-22.25.59:572][  0]LogVoice:Warning: Failed to initialize voice interface
[2016.01.26-22.25.59:577][  0]LogInit: Presizing for 0 objects not considered by GC, pre-allocating 0 bytes.
[2016.01.26-22.25.59:584][  0]LogInit: Object subsystem initialized
[2016.01.26-22.25.59:586][  0]LogInit: Selected Device Profile: [Windows]
[2016.01.26-22.25.59:586][  0]LogInit: Applying CVar settings loaded from the selected device profile: [Windows]
[2016.01.26-22.25.59:589][  0]LogInit: Computer: FREDERIC-PC
[2016.01.26-22.25.59:589][  0]LogInit: User: frederic
[2016.01.26-22.25.59:589][  0]LogInit: CPU Page size=4096, Cores=4
[2016.01.26-22.25.59:589][  0]LogInit: High frequency timer resolution =3.331240 MHz
[2016.01.26-22.25.59:589][  0]LogMemory: Memory total: Physical=15.9GB (16GB approx)
[2016.01.26-22.25.59:589][  0]LogMemory: Platform Memory Stats for Windows
[2016.01.26-22.25.59:589][  0]LogMemory: Process Physical Memory: 55.63 MB used, 55.63 MB peak
[2016.01.26-22.25.59:589][  0]LogMemory: Process Virtual Memory: 59.58 MB used, 59.58 MB peak
[2016.01.26-22.25.59:589][  0]LogMemory: Physical Memory: 8453.46 MB used, 16288.39 MB total
[2016.01.26-22.25.59:589][  0]LogMemory: Virtual Memory: 343.57 MB used, 8388608.00 MB total
[2016.01.26-22.25.59:628][  0]LogTextLocalizationManager: No translations for ('fr-CA') exist, falling back to 'en' for localization and internationalization data.
[2016.01.26-22.26.00:317][  0]LogD3D11RHI: Found D3D11 adapter 0: NVIDIA GeForce GTX 970 (Feature Level 11_0)
[2016.01.26-22.26.00:317][  0]LogD3D11RHI: Adapter has 4008MB of dedicated video memory, 0MB of dedicated system memory, and 7888MB of shared system memory, 1 output[s]
[2016.01.26-22.26.00:321][  0]LogD3D11RHI: Found D3D11 adapter 1: Intel(R) HD Graphics 3000 (Feature Level 10_0)
[2016.01.26-22.26.00:321][  0]LogD3D11RHI: Adapter has 64MB of dedicated video memory, 0MB of dedicated system memory, and 1632MB of shared system memory, 0 output[s]
[2016.01.26-22.26.00:321][  0]LogD3D11RHI: Chosen D3D11 Adapter Id = 0
[2016.01.26-22.26.00:325][  0]LogD3D11RHI: !Direct3DDevice
[2016.01.26-22.26.00:325][  0]LogRHI: Texture pool is 1361 MB (70% of 1945 MB)
[2016.01.26-22.26.00:335][  0]LogD3D11RHI: Async texture creation enabled
[2016.01.26-22.26.00:348][  0]LogShaderCompilers: Guid format shader working directory is 15 characters bigger than the processId version (../../../../../../Users/frederic/Documents/Unreal Projects/LostAge/Intermediate/Shaders/WorkingDirectory/5532/).
[2016.01.26-22.26.00:349][  0]LogShaderCompilers: Cleaned the shader compiler working directory '../../../../../../Users/frederic/Documents/Unreal Projects/LostAge/Intermediate/Shaders/tmp/FC6A325149D03C81E1848A8FE706D79C/'.
[2016.01.26-22.26.00:349][  0]LogShaderCompilers:Display: Using Local Shader Compiler.
[2016.01.26-22.26.01:536][  0]LogTemp:Display: Loaded TP AllDesktopTargetPlatform
[2016.01.26-22.26.01:541][  0]LogTemp:Display: Loaded TP WindowsClientTargetPlatform
[2016.01.26-22.26.01:546][  0]LogTemp:Display: Loaded TP WindowsNoEditorTargetPlatform
[2016.01.26-22.26.01:552][  0]LogTemp:Display: Loaded TP WindowsServerTargetPlatform
[2016.01.26-22.26.01:556][  0]LogTemp:Display: Loaded TP WindowsTargetPlatform
[2016.01.26-22.26.01:560][  0]LogTemp:Display: Loaded TP AndroidTargetPlatform
[2016.01.26-22.26.01:565][  0]LogTemp:Display: Loaded TP Android_ASTCTargetPlatform
[2016.01.26-22.26.01:569][  0]LogTemp:Display: Loaded TP Android_ATCTargetPlatform
[2016.01.26-22.26.01:572][  0]LogTemp:Display: Loaded TP Android_DXTTargetPlatform
[2016.01.26-22.26.01:576][  0]LogTemp:Display: Loaded TP Android_ETC1TargetPlatform
[2016.01.26-22.26.01:579][  0]LogTemp:Display: Loaded TP Android_ETC2TargetPlatform
[2016.01.26-22.26.01:583][  0]LogTemp:Display: Loaded TP Android_PVRTCTargetPlatform
[2016.01.26-22.26.01:583][  0]LogTemp:Display: Loaded TP HTML5TargetPlatform
[2016.01.26-22.26.01:599][  0]LogTemp:Display: Loaded TP IOSTargetPlatform
[2016.01.26-22.26.01:602][  0]LogTemp:Display: Loaded TP LinuxNoEditorTargetPlatform
[2016.01.26-22.26.01:605][  0]LogTemp:Display: Loaded TP LinuxServerTargetPlatform
[2016.01.26-22.26.01:608][  0]LogTemp:Display: Loaded TP LinuxTargetPlatform
[2016.01.26-22.26.01:608][  0]LogTargetPlatformManager:Display: Building Assets For Windows
[2016.01.26-22.26.01:688][  0]LogDerivedDataCache:Display: Max Cache Size: 512 MB
[2016.01.26-22.26.01:732][  0]LogDerivedDataCache: Loaded boot cache 0.04s 41MB C:/Users/frederic/AppData/Local/UnrealEngine/4.9/DerivedDataCache/Boot.ddc.
[2016.01.26-22.26.01:732][  0]LogDerivedDataCache:Display: Loaded Boot cache: C:/Users/frederic/AppData/Local/UnrealEngine/4.9/DerivedDataCache/Boot.ddc
[2016.01.26-22.26.01:732][  0]LogDerivedDataCache: FDerivedDataBackendGraph:  Pak pak cache file ../../../../../../Users/frederic/Documents/Unreal Projects/LostAge/DerivedDataCache/DDC.ddp not found, will not use a pak cache.
[2016.01.26-22.26.01:732][  0]LogDerivedDataCache: Unable to find inner node Pak for hierarchical cache Hierarchy.
[2016.01.26-22.26.01:732][  0]LogDerivedDataCache: FDerivedDataBackendGraph:  CompressedPak pak cache file ../../../../../../Users/frederic/Documents/Unreal Projects/LostAge/DerivedDataCache/Compressed.ddp not found, will not use a pak cache.
[2016.01.26-22.26.01:732][  0]LogDerivedDataCache: Unable to find inner node CompressedPak for hierarchical cache Hierarchy.
[2016.01.26-22.26.01:877][  0]LogDerivedDataCache:Display: Pak cache opened for reading ../../../Engine/DerivedDataCache/Compressed.ddp.
[2016.01.26-22.26.01:888][  0]LogDerivedDataCache: Using Local data cache path C:/Users/frederic/AppData/Local/UnrealEngine/Common/DerivedDataCache: Writable
[2016.01.26-22.26.02:088][  0]LogInit: Selected Device Profile: [Windows]
[2016.01.26-22.26.02:089][  0]LogContentStreaming: Texture pool size is 1000.000000MB
[2016.01.26-22.26.02:101][  0]LogMeshUtilities: No automatic mesh reduction module available
[2016.01.26-22.26.02:101][  0]LogMeshUtilities: No automatic mesh merging module available
[2016.01.26-22.26.02:577][  0]LogWindowsMoviePlayer: Unable to load movie: ../../../../../../Users/frederic/Documents/Unreal Projects/LostAge/Content/Movies/Default_Startup.mp4
[2016.01.26-22.26.02:686][  0]SourceControl: Info Source control is disabled
[2016.01.26-22.26.02:686][  0]SourceControl: Info Source control is disabled
[2016.01.26-22.26.02:695][  0]SourceControl: Info Source control is disabled
[2016.01.26-22.26.02:779][  0]LogLinker:Warning: Asset '../../../Engine/Plugins/Runtime/LeapMotionController/Content/LM_PassthroughMaterial.uasset' has been saved with empty engine version. The asset will be loaded but may be incompatible.
[2016.01.26-22.26.02:854][  0]LogObj: 27709 objects as part of root set at end of initial load.
[2016.01.26-22.26.02:854][  0]LogUObjectAllocator: 5803208 out of 0 bytes used by permanent object pool.
[2016.01.26-22.26.02:912][  0]LogEngine: Initializing Engine...
[2016.01.26-22.26.02:914][  0]LogHMD: Can't find Oculus library dev build: is proper Runtime installed? Version: 0.7.0.0
[2016.01.26-22.26.02:915][  0]LogHMD: SteamVR failed to initialize.  Err: 110
[2016.01.26-22.26.03:034][  0]LogInit: XAudio2 using 'Haut-parleurs (USB PnP Sound Device)' : 2 channels at 44.1 kHz using 16 bits per sample (channel mask 0x3)
[2016.01.26-22.26.03:039][  0]LogInit: FAudioDevice initialized.
[2016.01.26-22.26.03:044][  0]LogInit: Texture streaming: Enabled
[2016.01.26-22.26.03:161][  0]LogNet: Browse: /Temp/Autosaves/Game/FirstPersonCPP/Maps/UEDPCMainMenu?Name=Player
[2016.01.26-22.26.03:163][  0]LogLoad: LoadMap: /Temp/Autosaves/Game/FirstPersonCPP/Maps/UEDPCMainMenu?Name=Player
[2016.01.26-22.26.03:175][  0]LogParticles: Destroying 0 GPU particle simulations for FXSystem 0x0000000012CDF240
[2016.01.26-22.26.03:183][  0]LogMemory: Platform Memory Stats for Windows
[2016.01.26-22.26.03:183][  0]LogMemory: Process Physical Memory: 376.59 MB used, 376.59 MB peak
[2016.01.26-22.26.03:183][  0]LogMemory: Process Virtual Memory: 452.44 MB used, 452.44 MB peak
[2016.01.26-22.26.03:183][  0]LogMemory: Physical Memory: 8715.44 MB used, 16288.39 MB total
[2016.01.26-22.26.03:183][  0]LogMemory: Virtual Memory: 952.48 MB used, 8388608.00 MB total
[2016.01.26-22.26.03:183][  0]LogMemory: 
[2016.01.26-22.26.03:183][  0]Allocator Stats for TBB: (not implemented)
[2016.01.26-22.26.03:193][  0]LogAIModule: Creating AISystem for world MainMenu
[2016.01.26-22.26.03:193][  0]LogWorld: Game class is 'LostAgeGameMode'
[2016.01.26-22.26.03:342][  0]LogWorld: Bringing World /Temp/Autosaves/Game/FirstPersonCPP/Maps/UEDPCMainMenu.MainMenu up for play (max tick rate 0) at 2016.01.26-17.26.03
[2016.01.26-22.26.03:343][  0]LogWorld: Bringing up level for play took: 0.000405
[2016.01.26-22.26.03:345][  0]LogOnline:Warning: NULL: Can't start an online game for session (Game) that hasn't been created
[2016.01.26-22.26.03:441][  0]LogInit:Display: Game Engine Initialized.
[2016.01.26-22.26.03:657][  0]LogLoad: Full Startup: 4.79 seconds (BP compile: 0.11 seconds)
[2016.01.26-22.26.03:758][  2]LogRenderer: Reallocating scene render targets to support 1280x720 (Frame:2).
[2016.01.26-22.26.05:160][ 87]LogInit: WinSock: I am frederic-PC (192.168.1.103:0)
[2016.01.26-22.26.05:213][ 87]LogPackageName: SearchForPackageOnDisk took   0.053s to resolve FirstPersonExampleMap.umap.
[2016.01.26-22.26.05:259][ 87]LogPackageName: SearchForPackageOnDisk took   0.045s to resolve FirstPersonExampleMap.umap.
[2016.01.26-22.26.05:259][ 87]LogNet: Browse: /Game/FirstPersonCPP/Maps/FirstPersonExampleMap?listen
[2016.01.26-22.26.05:259][ 87]LogLoad: LoadMap: /Game/FirstPersonCPP/Maps/FirstPersonExampleMap?listen
[2016.01.26-22.26.05:274][ 87]LogParticles: Destroying 0 GPU particle simulations for FXSystem 0x0000000012CDFBA0
[2016.01.26-22.26.05:287][ 87]LogMemory: Platform Memory Stats for Windows
[2016.01.26-22.26.05:287][ 87]LogMemory: Process Physical Memory: 414.55 MB used, 435.04 MB peak
[2016.01.26-22.26.05:287][ 87]LogMemory: Process Virtual Memory: 659.39 MB used, 677.11 MB peak
[2016.01.26-22.26.05:287][ 87]LogMemory: Physical Memory: 8756.46 MB used, 16288.39 MB total
[2016.01.26-22.26.05:287][ 87]LogMemory: Virtual Memory: 1185.96 MB used, 8388608.00 MB total
[2016.01.26-22.26.05:287][ 87]LogMemory: 
[2016.01.26-22.26.05:287][ 87]Allocator Stats for TBB: (not implemented)
[2016.01.26-22.26.05:510][ 87]LogAIModule: Creating AISystem for world FirstPersonExampleMap
[2016.01.26-22.26.05:511][ 87]LogWorld: Game class is 'LostAgeGameMode'
[2016.01.26-22.26.05:714][ 87]LogWindows: === Critical error: ===
Fatal error!



[2016.01.26-22.26.05:714][ 87]LogExit: Executing StaticShutdownAfterError
[2016.01.26-22.26.05:718][ 87]LogPhysics:Warning: PHYSX: ..\..\PhysX\src\NpScene.cpp (2946) 8 : PxScene::unlockWrite() called without matching call to PxScene::lockWrite(), behaviour will be undefined.
[2016.01.26-22.26.05:718][ 87]LogPhysics:Warning: PHYSX: ..\..\PhysX\src\NpScene.cpp (2946) 8 : PxScene::unlockWrite() called without matching call to PxScene::lockWrite(), behaviour will be undefined.
[2016.01.26-22.26.05:718][ 87]LogWindows: FPlatformMisc::RequestExit(1)
[2016.01.26-22.26.05:718][ 87]Log file closed, 01/26/16 17:26:05
