[2016.01.27-00.17.37:921][  0]Log file open, 01/26/16 19:17:37
[2016.01.27-00.17.37:921][  0]LogInit:Display: Running engine for game: LostAge
[2016.01.27-00.17.37:921][  0]LogInit:Display: RandInit(-1512785310) SRandInit(-1512785310).
[2016.01.27-00.17.37:922][  0]LogTaskGraph: Started task graph with 4 named threads and 7 total threads.
[2016.01.27-00.17.37:922][  0]LogStats: Stats thread started at 0.158513
[2016.01.27-00.17.37:922][  0]LogInit: Version: 4.9.2-2707645+++depot+UE4-Releases+4.9
[2016.01.27-00.17.37:922][  0]LogInit: API Version: 2672455
[2016.01.27-00.17.37:923][  0]LogInit: Compiled (64-bit): Sep 28 2015 10:25:44
[2016.01.27-00.17.37:923][  0]LogInit: Compiled with Visual C++: 18.00.21005.01
[2016.01.27-00.17.37:923][  0]LogInit: Build Configuration: Development
[2016.01.27-00.17.37:923][  0]LogInit: Branch Name: ++depot+UE4-Releases+4.9
[2016.01.27-00.17.37:924][  0]LogInit: Command line: 
[2016.01.27-00.17.37:924][  0]LogInit: Base directory: C:/Program Files/Epic Games/4.9/Engine/Binaries/Win64/
[2016.01.27-00.17.37:924][  0]LogInit: Rocket: 1
[2016.01.27-00.17.37:966][  0]LogInit: Using libcurl 7.41.0
[2016.01.27-00.17.37:966][  0]LogInit:  - built for x86_64-pc-win32
[2016.01.27-00.17.37:967][  0]LogInit:  - supports SSL with WinSSL
[2016.01.27-00.17.37:967][  0]LogInit:  - other features:
[2016.01.27-00.17.37:967][  0]LogInit:      CURL_VERSION_SSL
[2016.01.27-00.17.37:967][  0]LogInit:      CURL_VERSION_IPV6
[2016.01.27-00.17.37:968][  0]LogInit:      CURL_VERSION_ASYNCHDNS
[2016.01.27-00.17.37:968][  0]LogInit:      CURL_VERSION_LARGEFILE
[2016.01.27-00.17.37:968][  0]LogInit:      CURL_VERSION_IDN
[2016.01.27-00.17.37:968][  0]LogInit:  CurlRequestOptions (configurable via config and command line):
[2016.01.27-00.17.37:969][  0]LogInit:  - bVerifyPeer = true  - Libcurl will verify peer certificate
[2016.01.27-00.17.37:969][  0]LogInit:  - bUseHttpProxy = false  - Libcurl will NOT use HTTP proxy
[2016.01.27-00.17.37:969][  0]LogInit:  - bDontReuseConnections = false  - Libcurl will reuse connections
[2016.01.27-00.17.37:969][  0]LogInit:  - CertBundlePath = nullptr  - Libcurl will use whatever was configured at build time.
[2016.01.27-00.17.38:037][  0]LogInit: WinSock: version 1.1 (2.2), MaxSocks=32767, MaxUdp=65467
[2016.01.27-00.17.38:052][  0]LogVoice:Warning: Failed to initialize voice interface
[2016.01.27-00.17.38:060][  0]LogInit: Presizing for 0 objects not considered by GC, pre-allocating 0 bytes.
[2016.01.27-00.17.38:068][  0]LogInit: Object subsystem initialized
[2016.01.27-00.17.38:070][  0]LogInit: Selected Device Profile: [Windows]
[2016.01.27-00.17.38:070][  0]LogInit: Applying CVar settings loaded from the selected device profile: [Windows]
[2016.01.27-00.17.38:080][  0]LogInit: Computer: FREDERIC-PC
[2016.01.27-00.17.38:080][  0]LogInit: User: frederic
[2016.01.27-00.17.38:081][  0]LogInit: CPU Page size=4096, Cores=4
[2016.01.27-00.17.38:081][  0]LogInit: High frequency timer resolution =3.331240 MHz
[2016.01.27-00.17.38:081][  0]LogMemory: Memory total: Physical=15.9GB (16GB approx)
[2016.01.27-00.17.38:081][  0]LogMemory: Platform Memory Stats for Windows
[2016.01.27-00.17.38:082][  0]LogMemory: Process Physical Memory: 55.04 MB used, 55.04 MB peak
[2016.01.27-00.17.38:082][  0]LogMemory: Process Virtual Memory: 55.75 MB used, 55.75 MB peak
[2016.01.27-00.17.38:082][  0]LogMemory: Physical Memory: 8332.01 MB used, 16288.39 MB total
[2016.01.27-00.17.38:082][  0]LogMemory: Virtual Memory: 337.63 MB used, 8388608.00 MB total
[2016.01.27-00.17.38:161][  0]LogTextLocalizationManager: No translations for ('fr-CA') exist, falling back to 'en' for localization and internationalization data.
[2016.01.27-00.17.38:846][  0]LogD3D11RHI: Found D3D11 adapter 0: NVIDIA GeForce GTX 970 (Feature Level 11_0)
[2016.01.27-00.17.38:847][  0]LogD3D11RHI: Adapter has 4008MB of dedicated video memory, 0MB of dedicated system memory, and 7888MB of shared system memory, 1 output[s]
[2016.01.27-00.17.38:854][  0]LogD3D11RHI: Found D3D11 adapter 1: Intel(R) HD Graphics 3000 (Feature Level 10_0)
[2016.01.27-00.17.38:855][  0]LogD3D11RHI: Adapter has 64MB of dedicated video memory, 0MB of dedicated system memory, and 1632MB of shared system memory, 0 output[s]
[2016.01.27-00.17.38:855][  0]LogD3D11RHI: Chosen D3D11 Adapter Id = 0
[2016.01.27-00.17.38:860][  0]LogD3D11RHI: !Direct3DDevice
[2016.01.27-00.17.38:860][  0]LogRHI: Texture pool is 1361 MB (70% of 1945 MB)
[2016.01.27-00.17.38:916][  0]LogD3D11RHI: Async texture creation enabled
[2016.01.27-00.17.38:931][  0]LogShaderCompilers: Guid format shader working directory is 15 characters bigger than the processId version (../../../../../../Users/frederic/Documents/Unreal Projects/LostAge/Intermediate/Shaders/WorkingDirectory/7312/).
[2016.01.27-00.17.38:932][  0]LogShaderCompilers: Cleaned the shader compiler working directory '../../../../../../Users/frederic/Documents/Unreal Projects/LostAge/Intermediate/Shaders/tmp/14610BDA44D356564014F2AE33E17FEF/'.
[2016.01.27-00.17.38:932][  0]LogShaderCompilers:Display: Using Local Shader Compiler.
[2016.01.27-00.17.40:151][  0]LogTemp:Display: Loaded TP AllDesktopTargetPlatform
[2016.01.27-00.17.40:169][  0]LogTemp:Display: Loaded TP WindowsClientTargetPlatform
[2016.01.27-00.17.40:186][  0]LogTemp:Display: Loaded TP WindowsNoEditorTargetPlatform
[2016.01.27-00.17.40:207][  0]LogTemp:Display: Loaded TP WindowsServerTargetPlatform
[2016.01.27-00.17.40:225][  0]LogTemp:Display: Loaded TP WindowsTargetPlatform
[2016.01.27-00.17.40:231][  0]LogTemp:Display: Loaded TP AndroidTargetPlatform
[2016.01.27-00.17.40:238][  0]LogTemp:Display: Loaded TP Android_ASTCTargetPlatform
[2016.01.27-00.17.40:245][  0]LogTemp:Display: Loaded TP Android_ATCTargetPlatform
[2016.01.27-00.17.40:253][  0]LogTemp:Display: Loaded TP Android_DXTTargetPlatform
[2016.01.27-00.17.40:261][  0]LogTemp:Display: Loaded TP Android_ETC1TargetPlatform
[2016.01.27-00.17.40:268][  0]LogTemp:Display: Loaded TP Android_ETC2TargetPlatform
[2016.01.27-00.17.40:276][  0]LogTemp:Display: Loaded TP Android_PVRTCTargetPlatform
[2016.01.27-00.17.40:280][  0]LogTemp:Display: Loaded TP HTML5TargetPlatform
[2016.01.27-00.17.40:314][  0]LogTemp:Display: Loaded TP IOSTargetPlatform
[2016.01.27-00.17.40:321][  0]LogTemp:Display: Loaded TP LinuxNoEditorTargetPlatform
[2016.01.27-00.17.40:327][  0]LogTemp:Display: Loaded TP LinuxServerTargetPlatform
[2016.01.27-00.17.40:334][  0]LogTemp:Display: Loaded TP LinuxTargetPlatform
[2016.01.27-00.17.40:335][  0]LogTargetPlatformManager:Display: Building Assets For Windows
[2016.01.27-00.17.40:563][  0]LogDerivedDataCache:Display: Max Cache Size: 512 MB
[2016.01.27-00.17.40:612][  0]LogDerivedDataCache: Loaded boot cache 0.05s 42MB C:/Users/frederic/AppData/Local/UnrealEngine/4.9/DerivedDataCache/Boot.ddc.
[2016.01.27-00.17.40:612][  0]LogDerivedDataCache:Display: Loaded Boot cache: C:/Users/frederic/AppData/Local/UnrealEngine/4.9/DerivedDataCache/Boot.ddc
[2016.01.27-00.17.40:613][  0]LogDerivedDataCache: FDerivedDataBackendGraph:  Pak pak cache file ../../../../../../Users/frederic/Documents/Unreal Projects/LostAge/DerivedDataCache/DDC.ddp not found, will not use a pak cache.
[2016.01.27-00.17.40:613][  0]LogDerivedDataCache: Unable to find inner node Pak for hierarchical cache Hierarchy.
[2016.01.27-00.17.40:613][  0]LogDerivedDataCache: FDerivedDataBackendGraph:  CompressedPak pak cache file ../../../../../../Users/frederic/Documents/Unreal Projects/LostAge/DerivedDataCache/Compressed.ddp not found, will not use a pak cache.
[2016.01.27-00.17.40:614][  0]LogDerivedDataCache: Unable to find inner node CompressedPak for hierarchical cache Hierarchy.
[2016.01.27-00.17.40:762][  0]LogDerivedDataCache:Display: Pak cache opened for reading ../../../Engine/DerivedDataCache/Compressed.ddp.
[2016.01.27-00.17.40:774][  0]LogDerivedDataCache: Using Local data cache path C:/Users/frederic/AppData/Local/UnrealEngine/Common/DerivedDataCache: Writable
[2016.01.27-00.17.40:961][  0]LogInit: Selected Device Profile: [Windows]
[2016.01.27-00.17.40:962][  0]LogContentStreaming: Texture pool size is 0.000000MB
[2016.01.27-00.17.41:006][  0]LogMeshUtilities: No automatic mesh reduction module available
[2016.01.27-00.17.41:006][  0]LogMeshUtilities: No automatic mesh merging module available
[2016.01.27-00.17.42:504][  0]UdpMessaging: Initializing bridge on interface 0.0.0.0:0 to multicast group 230.0.0.1:6666.
[2016.01.27-00.17.47:018][  0]LogAssetRegistry: FAssetRegistry took 0.0102 seconds to start up
[2016.01.27-00.17.47:406][  0]SourceControl: Info Source control is disabled
[2016.01.27-00.17.47:407][  0]SourceControl: Info Source control is disabled
[2016.01.27-00.17.47:426][  0]SourceControl: Info Source control is disabled
[2016.01.27-00.17.47:444][  0]SourceControl: Info Source control is disabled
[2016.01.27-00.17.47:637][  0]LogLinker:Warning: Asset '../../../Engine/Plugins/Runtime/LeapMotionController/Content/LM_PassthroughMaterial.uasset' has been saved with empty engine version. The asset will be loaded but may be incompatible.
[2016.01.27-00.17.47:740][  0]LogObj: 31829 objects as part of root set at end of initial load.
[2016.01.27-00.17.47:740][  0]LogUObjectAllocator: 7266512 out of 0 bytes used by permanent object pool.
[2016.01.27-00.17.47:826][  0]LogEngine: Initializing Engine...
[2016.01.27-00.17.47:830][  0]LogHMD: Can't find Oculus library dev build: is proper Runtime installed? Version: 0.7.0.0
[2016.01.27-00.17.47:831][  0]LogHMD: SteamVR failed to initialize.  Err: 110
[2016.01.27-00.17.47:990][  0]LogAIModule: Creating AISystem for world NewWorld
[2016.01.27-00.17.48:006][  0]LogInit: XAudio2 using 'Haut-parleurs (USB PnP Sound Device)' : 2 channels at 44.1 kHz using 16 bits per sample (channel mask 0x3)
[2016.01.27-00.17.48:015][  0]LogInit: FAudioDevice initialized.
[2016.01.27-00.17.48:043][  0]LogDerivedDataCache: Saved boot cache 0.03s 42MB C:/Users/frederic/AppData/Local/UnrealEngine/4.9/DerivedDataCache/Boot.ddc.
[2016.01.27-00.17.48:049][  0]LogInit: Texture streaming: Enabled
[2016.01.27-00.17.48:067][  0]LogAnalytics: Creating configured Analytics provider AnalyticsET
[2016.01.27-00.17.48:067][  0]LogAnalytics: [UEEditor.Rocket.Release] APIServer = http://et2.epicgames.com/ET2/. AppVersion = 4.9.2-2707645+++depot+UE4-Releases+4.9
[2016.01.27-00.17.48:067][  0]LogAnalytics: [UEEditor.Rocket.Release] SetUserId c8da8d664a36a98701fe659c10ae4ff8|70626fa7f476448fb82ad9618fbbb1ab|00e7fb16-00c3-4af4-a2a1-2cc8013aae38
[2016.01.27-00.17.48:068][  0]LogAnalytics: [UEEditor.Rocket.Release] AnalyticsET::StartSession
[2016.01.27-00.17.48:087][  0]LogInit: Transaction tracking system initialized
[2016.01.27-00.17.48:204][  0]BlueprintLog: New page: Editor Load
[2016.01.27-00.17.48:671][  0]LocalizationService: Info Localization service is disabled
[2016.01.27-00.17.48:847][  0]LogLinker:Warning: Can't find file '/Game/ThirdPersonCPP/ThirdPersonOverview'
[2016.01.27-00.17.48:847][  0]LogLinker:Warning: Can't find file '/Game/ThirdPersonCPP/ThirdPersonOverview'
[2016.01.27-00.17.48:848][  0]LogUObjectGlobals:Warning: Failed to find object 'Class /Game/ThirdPersonCPP/ThirdPersonOverview.ThirdPersonOverview_C'
[2016.01.27-00.17.48:885][  0]LogConsoleResponse:Display: 
[2016.01.27-00.17.49:027][  0]LogCook:Display: Done creating registry. It took  0.00s.
[2016.01.27-00.17.49:231][  0]LogFileCache: Scanning file cache for directory 'C:/Users/frederic/Documents/Unreal Projects/LostAge/Content/' took 0.01s
[2016.01.27-00.17.49:231][  0]SourceControl: Info Source control is disabled
[2016.01.27-00.17.49:231][  0]Cmd: MAP LOAD FILE="../../../../../../Users/frederic/Documents/Unreal Projects/LostAge/Content/FirstPersonCPP/Maps/MainMenu.umap" TEMPLATE=0 SHOWPROGRESS=1 FEATURELEVEL=3
[2016.01.27-00.17.49:232][  0]LightingResults: New page: Lighting Build
[2016.01.27-00.17.49:237][  0]MapCheck: New page: Map Check
[2016.01.27-00.17.49:238][  0]LightingResults: New page: Lighting Build
[2016.01.27-00.17.49:251][  0]LogParticles: Destroying 0 GPU particle simulations for FXSystem 0x0000000023012480
[2016.01.27-00.17.49:257][  0]LogAIModule: 