[2016.01.26-23.15.40:575][  0]Log file open, 01/26/16 18:15:40
[2016.01.26-23.15.40:575][  0]LogInit:Display: Running engine for game: LostAge
[2016.01.26-23.15.40:575][  0]LogInit:Display: RandInit(-1010825070) SRandInit(-1010825070).
[2016.01.26-23.15.40:576][  0]LogTaskGraph: Started task graph with 4 named threads and 7 total threads.
[2016.01.26-23.15.40:576][  0]LogStats: Stats thread started at 0.144974
[2016.01.26-23.15.40:576][  0]LogInit: Version: 4.9.2-2707645+++depot+UE4-Releases+4.9
[2016.01.26-23.15.40:576][  0]LogInit: API Version: 2672455
[2016.01.26-23.15.40:577][  0]LogInit: Compiled (64-bit): Sep 28 2015 10:25:44
[2016.01.26-23.15.40:578][  0]LogInit: Compiled with Visual C++: 18.00.21005.01
[2016.01.26-23.15.40:578][  0]LogInit: Build Configuration: DebugGame
[2016.01.26-23.15.40:578][  0]LogInit: Branch Name: ++depot+UE4-Releases+4.9
[2016.01.26-23.15.40:578][  0]LogInit: Command line:  -debug
[2016.01.26-23.15.40:579][  0]LogInit: Base directory: C:/Program Files/Epic Games/4.9/Engine/Binaries/Win64/
[2016.01.26-23.15.40:579][  0]LogInit: Rocket: 1
[2016.01.26-23.15.40:609][  0]LogInit: Using libcurl 7.41.0
[2016.01.26-23.15.40:609][  0]LogInit:  - built for x86_64-pc-win32
[2016.01.26-23.15.40:610][  0]LogInit:  - supports SSL with WinSSL
[2016.01.26-23.15.40:610][  0]LogInit:  - other features:
[2016.01.26-23.15.40:610][  0]LogInit:      CURL_VERSION_SSL
[2016.01.26-23.15.40:610][  0]LogInit:      CURL_VERSION_IPV6
[2016.01.26-23.15.40:610][  0]LogInit:      CURL_VERSION_ASYNCHDNS
[2016.01.26-23.15.40:611][  0]LogInit:      CURL_VERSION_LARGEFILE
[2016.01.26-23.15.40:611][  0]LogInit:      CURL_VERSION_IDN
[2016.01.26-23.15.40:611][  0]LogInit:  CurlRequestOptions (configurable via config and command line):
[2016.01.26-23.15.40:611][  0]LogInit:  - bVerifyPeer = true  - Libcurl will verify peer certificate
[2016.01.26-23.15.40:612][  0]LogInit:  - bUseHttpProxy = false  - Libcurl will NOT use HTTP proxy
[2016.01.26-23.15.40:612][  0]LogInit:  - bDontReuseConnections = false  - Libcurl will reuse connections
[2016.01.26-23.15.40:612][  0]LogInit:  - CertBundlePath = nullptr  - Libcurl will use whatever was configured at build time.
[2016.01.26-23.15.40:665][  0]LogInit: WinSock: version 1.1 (2.2), MaxSocks=32767, MaxUdp=65467
[2016.01.26-23.15.40:676][  0]LogVoice:Warning: Failed to initialize voice interface
[2016.01.26-23.15.40:682][  0]LogInit: Presizing for 0 objects not considered by GC, pre-allocating 0 bytes.
[2016.01.26-23.15.40:689][  0]LogInit: Object subsystem initialized
[2016.01.26-23.15.40:691][  0]LogInit: Selected Device Profile: [Windows]
[2016.01.26-23.15.40:692][  0]LogInit: Applying CVar settings loaded from the selected device profile: [Windows]
[2016.01.26-23.15.40:699][  0]LogInit: Computer: FREDERIC-PC
[2016.01.26-23.15.40:699][  0]LogInit: User: frederic
[2016.01.26-23.15.40:700][  0]LogInit: CPU Page size=4096, Cores=4
[2016.01.26-23.15.40:700][  0]LogInit: High frequency timer resolution =3.331240 MHz
[2016.01.26-23.15.40:700][  0]LogMemory: Memory total: Physical=15.9GB (16GB approx)
[2016.01.26-23.15.40:701][  0]LogMemory: Platform Memory Stats for Windows
[2016.01.26-23.15.40:701][  0]LogMemory: Process Physical Memory: 55.02 MB used, 55.02 MB peak
[2016.01.26-23.15.40:701][  0]LogMemory: Process Virtual Memory: 55.75 MB used, 55.75 MB peak
[2016.01.26-23.15.40:701][  0]LogMemory: Physical Memory: 7375.85 MB used, 16288.39 MB total
[2016.01.26-23.15.40:701][  0]LogMemory: Virtual Memory: 337.63 MB used, 8388608.00 MB total
[2016.01.26-23.15.40:767][  0]LogTextLocalizationManager: No translations for ('fr-CA') exist, falling back to 'en' for localization and internationalization data.
[2016.01.26-23.15.41:407][  0]LogD3D11RHI: Found D3D11 adapter 0: NVIDIA GeForce GTX 970 (Feature Level 11_0)
[2016.01.26-23.15.41:407][  0]LogD3D11RHI: Adapter has 4008MB of dedicated video memory, 0MB of dedicated system memory, and 7888MB of shared system memory, 1 output[s]
[2016.01.26-23.15.41:416][  0]LogD3D11RHI: Found D3D11 adapter 1: Intel(R) HD Graphics 3000 (Feature Level 10_0)
[2016.01.26-23.15.41:416][  0]LogD3D11RHI: Adapter has 64MB of dedicated video memory, 0MB of dedicated system memory, and 1632MB of shared system memory, 0 output[s]
[2016.01.26-23.15.41:417][  0]LogD3D11RHI: Chosen D3D11 Adapter Id = 0
[2016.01.26-23.15.41:421][  0]LogD3D11RHI: !Direct3DDevice
[2016.01.26-23.15.41:421][  0]LogRHI: Texture pool is 1361 MB (70% of 1945 MB)
[2016.01.26-23.15.41:465][  0]LogD3D11RHI: Async texture creation enabled
[2016.01.26-23.15.41:479][  0]LogShaderCompilers: Guid format shader working directory is 15 characters bigger than the processId version (../../../../../../Users/frederic/Documents/Unreal Projects/LostAge/Intermediate/Shaders/WorkingDirectory/8172/).
[2016.01.26-23.15.41:480][  0]LogShaderCompilers: Cleaned the shader compiler working directory '../../../../../../Users/frederic/Documents/Unreal Projects/LostAge/Intermediate/Shaders/tmp/2A5B87974A10DA974BE21CB019BBB25D/'.
[2016.01.26-23.15.41:480][  0]LogShaderCompilers:Display: Using Local Shader Compiler.
[2016.01.26-23.15.42:598][  0]LogTemp:Display: Loaded TP AllDesktopTargetPlatform
[2016.01.26-23.15.42:612][  0]LogTemp:Display: Loaded TP WindowsClientTargetPlatform
[2016.01.26-23.15.42:627][  0]LogTemp:Display: Loaded TP WindowsNoEditorTargetPlatform
[2016.01.26-23.15.42:642][  0]LogTemp:Display: Loaded TP WindowsServerTargetPlatform
[2016.01.26-23.15.42:657][  0]LogTemp:Display: Loaded TP WindowsTargetPlatform
[2016.01.26-23.15.42:664][  0]LogTemp:Display: Loaded TP AndroidTargetPlatform
[2016.01.26-23.15.42:671][  0]LogTemp:Display: Loaded TP Android_ASTCTargetPlatform
[2016.01.26-23.15.42:677][  0]LogTemp:Display: Loaded TP Android_ATCTargetPlatform
[2016.01.26-23.15.42:684][  0]LogTemp:Display: Loaded TP Android_DXTTargetPlatform
[2016.01.26-23.15.42:691][  0]LogTemp:Display: Loaded TP Android_ETC1TargetPlatform
[2016.01.26-23.15.42:700][  0]LogTemp:Display: Loaded TP Android_ETC2TargetPlatform
[2016.01.26-23.15.42:706][  0]LogTemp:Display: Loaded TP Android_PVRTCTargetPlatform
[2016.01.26-23.15.42:710][  0]LogTemp:Display: Loaded TP HTML5TargetPlatform
[2016.01.26-23.15.42:740][  0]LogTemp:Display: Loaded TP IOSTargetPlatform
[2016.01.26-23.15.42:748][  0]LogTemp:Display: Loaded TP LinuxNoEditorTargetPlatform
[2016.01.26-23.15.42:754][  0]LogTemp:Display: Loaded TP LinuxServerTargetPlatform
[2016.01.26-23.15.42:762][  0]LogTemp:Display: Loaded TP LinuxTargetPlatform
[2016.01.26-23.15.42:763][  0]LogTargetPlatformManager:Display: Building Assets For Windows
[2016.01.26-23.15.42:958][  0]LogDerivedDataCache:Display: Max Cache Size: 512 MB
[2016.01.26-23.15.43:002][  0]LogDerivedDataCache: Loaded boot cache 0.04s 42MB C:/Users/frederic/AppData/Local/UnrealEngine/4.9/DerivedDataCache/Boot.ddc.
[2016.01.26-23.15.43:002][  0]LogDerivedDataCache:Display: Loaded Boot cache: C:/Users/frederic/AppData/Local/UnrealEngine/4.9/DerivedDataCache/Boot.ddc
[2016.01.26-23.15.43:003][  0]LogDerivedDataCache: FDerivedDataBackendGraph:  Pak pak cache file ../../../../../../Users/frederic/Documents/Unreal Projects/LostAge/DerivedDataCache/DDC.ddp not found, will not use a pak cache.
[2016.01.26-23.15.43:003][  0]LogDerivedDataCache: Unable to find inner node Pak for hierarchical cache Hierarchy.
[2016.01.26-23.15.43:003][  0]LogDerivedDataCache: FDerivedDataBackendGraph:  CompressedPak pak cache file ../../../../../../Users/frederic/Documents/Unreal Projects/LostAge/DerivedDataCache/Compressed.ddp not found, will not use a pak cache.
[2016.01.26-23.15.43:004][  0]LogDerivedDataCache: Unable to find inner node CompressedPak for hierarchical cache Hierarchy.
[2016.01.26-23.15.43:147][  0]LogDerivedDataCache:Display: Pak cache opened for reading ../../../Engine/DerivedDataCache/Compressed.ddp.
[2016.01.26-23.15.43:160][  0]LogDerivedDataCache: Using Local data cache path C:/Users/frederic/AppData/Local/UnrealEngine/Common/DerivedDataCache: Writable
[2016.01.26-23.15.43:333][  0]LogInit: Selected Device Profile: [Windows]
[2016.01.26-23.15.43:334][  0]LogContentStreaming: Texture pool size is 0.000000MB
[2016.01.26-23.15.43:369][  0]LogMeshUtilities: No automatic mesh reduction module available
[2016.01.26-23.15.43:369][  0]LogMeshUtilities: No automatic mesh merging module available
[2016.01.26-23.15.44:733][  0]UdpMessaging: Initializing bridge on interface 0.0.0.0:0 to multicast group 230.0.0.1:6666.
[2016.01.26-23.15.48:583][  0]LogAssetRegistry: FAssetRegistry took 0.0106 seconds to start up
[2016.01.26-23.15.48:899][  0]SourceControl: Info Source control is disabled
[2016.01.26-23.15.48:901][  0]SourceControl: Info Source control is disabled
[2016.01.26-23.15.48:918][  0]SourceControl: Info Source control is disabled
[2016.01.26-23.15.48:941][  0]SourceControl: Info Source control is disabled
[2016.01.26-23.15.49:113][  0]LogLinker:Warning: Asset '../../../Engine/Plugins/Runtime/LeapMotionController/Content/LM_PassthroughMaterial.uasset' has been saved with empty engine version. The asset will be loaded but may be incompatible.
[2016.01.26-23.15.49:209][  0]LogObj: 31792 objects as part of root set at end of initial load.
[2016.01.26-23.15.49:210][  0]LogUObjectAllocator: 7252992 out of 0 bytes used by permanent object pool.
[2016.01.26-23.15.49:287][  0]LogEngine: Initializing Engine...
[2016.01.26-23.15.49:289][  0]LogHMD: Can't find Oculus library dev build: is proper Runtime installed? Version: 0.7.0.0
[2016.01.26-23.15.49:291][  0]LogHMD: SteamVR failed to initialize.  Err: 110
[2016.01.26-23.15.49:425][  0]LogAIModule: Creating AISystem for world NewWorld
[2016.01.26-23.15.49:440][  0]LogInit: XAudio2 using 'Haut-parleurs (USB PnP Sound Device)' : 2 channels at 44.1 kHz using 16 bits per sample (channel mask 0x3)
[2016.01.26-23.15.49:459][  0]LogInit: FAudioDevice initialized.
[2016.01.26-23.15.49:482][  0]LogDerivedDataCache: Saved boot cache 0.02s 42MB C:/Users/frederic/AppData/Local/UnrealEngine/4.9/DerivedDataCache/Boot.ddc.
[2016.01.26-23.15.49:489][  0]LogInit: Texture streaming: Enabled
[2016.01.26-23.15.49:505][  0]LogAnalytics: Creating configured Analytics provider AnalyticsET
[2016.01.26-23.15.49:505][  0]LogAnalytics: [UEEditor.Rocket.Release] APIServer = http://et2.epicgames.com/ET2/. AppVersion = 4.9.2-2707645+++depot+UE4-Releases+4.9
[2016.01.26-23.15.49:506][  0]LogAnalytics: [UEEditor.Rocket.Release] SetUserId c8da8d664a36a98701fe659c10ae4ff8|70626fa7f476448fb82ad9618fbbb1ab|00e7fb16-00c3-4af4-a2a1-2cc8013aae38
[2016.01.26-23.15.49:506][  0]LogAnalytics: [UEEditor.Rocket.Release] AnalyticsET::StartSession
[2016.01.26-23.15.49:522][  0]LogInit: Transaction tracking system initialized
[2016.01.26-23.15.49:624][  0]BlueprintLog: New page: Editor Load
[2016.01.26-23.15.49:982][  0]LocalizationService: Info Localization service is disabled
[2016.01.26-23.15.50:135][  0]LogLinker:Warning: Can't find file '/Game/ThirdPersonCPP/ThirdPersonOverview'
[2016.01.26-23.15.50:135][  0]LogLinker:Warning: Can't find file '/Game/ThirdPersonCPP/ThirdPersonOverview'
[2016.01.26-23.15.50:136][  0]LogUObjectGlobals:Warning: Failed to find object 'Class /Game/ThirdPersonCPP/ThirdPersonOverview.ThirdPersonOverview_C'
[2016.01.26-23.15.50:164][  0]LogConsoleResponse:Display: 
[2016.01.26-23.15.50:281][  0]LogCook:Display: Done creating registry. It took  0.00s.
[2016.01.26-23.15.50:436][  0]LogFileCache: Scanning file cache for directory 'C:/Users/frederic/Documents/Unreal Projects/LostAge/Content/' took 0.01s
[2016.01.26-23.15.50:436][  0]SourceControl: Info Source control is disabled
[2016.01.26-23.15.50:437][  0]Cmd: MAP LOAD FILE="../../../../../../Users/frederic/Documents/Unreal Projects/LostAge/Content/FirstPersonCPP/Maps/MainMenu.umap" TEMPLATE=0 SHOWPROGRESS=1 FEATURELEVEL=3
[2016.01.26-23.15.50:438][  0]LightingResults: New page: Lighting Build
[2016.01.26-23.15.50:444][  0]MapCheck: New page: Map Check
[2016.01.26-23.15.50:445][  0]LightingResults: New page: Lighting Build
[2016.01.26-23.15.50:455][  0]LogParticles: Destroying 0 GPU particle simulations for FXSystem 0x0000000023A22160
[2016.01.26-23.15.50:460][  0]LogAIModule: Creating AISystem for world MainMenu
[2016.01.26-23.15.50:462][  0]LogEditorServer: Finished looking for orphan Actors (0.000 secs)
[2016.01.26-23.15.50:463][  0]Cmd: MAP CHECKDEP NOCLEARLOG
[2016.01.26-23.15.50:509][  0]MapCheck: Info Map check complete: 0 Error(s), 0 Warning(s), took 45.196ms to complete.
[2016.01.26-23.15.50:509][  0]LogFileHelpers: Loading map 'MainMenu' took 0.072
[2016.01.26-23.15.50:609][  0]LogCollectionManager: Loaded 0 collections in 0.002219 seconds
[2016.01.26-23.15.50:651][  0]LogFileCache: Scanning file cache for directory 'C:/Users/frederic/Documents/Unreal Projects/LostAge/Saved/Collections/' took 0.01s
[2016.01.26-23.15.50:652][  0]LogFileCache: Scanning file cache for directory 'C:/Users/frederic/Documents/Unreal Projects/LostAge/Content/Developers/frederic/Collections/' took 0.01s
[2016.01.26-23.15.50:652][  0]LogFileCache: Scanning file cache for directory 'C:/Users/frederic/Documents/Unreal Projects/LostAge/Content/Collections/' took 0.01s
[2016.01.26-23.15.50:653][  0]LogContentBrowser: Native class hierarchy populated in 0.0087 seconds. Added 1875 classes and 335 folders.
[2016.01.26-23.15.50:660][  0]LogCollectionManager: Rebuilt the GUID cache for 0 collections in 0.000003 seconds
[2016.01.26-23.15.50:674][  0]LogContentBrowser: Native class hierarchy updated for 'WidgetCarousel' in 0.0029 seconds. Added 0 classes and 0 folders.
[2016.01.26-23.15.50:734][  0]LogContentBrowser: Native class hierarchy updated for 'AddContentDialog' in 0.0018 seconds. Added 0 classes and 0 folders.
[2016.01.26-23.15.50:754][  0]LogContentBrowser: Native class hierarchy updated for 'SceneOutliner' in 0.0018 seconds. Added 1 classes and 2 folders.
[2016.01.26-23.15.50:785][  0]LogCrashTracker: Crashtracker disabled due to settings.
[2016.01.26-23.15.50:788][  0]LogUObjectGlobals:Warning: Failed to find object 'Class None.'
[2016.01.26-23.15.50:810][  0]LogLoad: Full Startup: 11.16 seconds (BP compile: 0.03 seconds)
[2016.01.26-23.15.50:904][  0]LogContentStreaming: Texture pool size now 1000 MB
[2016.01.26-23.15.51:045][  2]LogRenderer: Reallocating scene render targets to support 968x508 (Frame:2).
[2016.01.26-23.15.51:232][  3]LogAssetRegistry: Asset discovery search completed in 2.6598 seconds
[2016.01.26-23.15.51:234][  3]LogCollectionManager: Rebuilt the object cache for 0 collections in 0.000001 seconds (found 0 objects)
[2016.01.26-23.15.51:235][  3]LogCollectionManager: Fixed up redirectors for 0 collections in 0.001885 seconds (updated 0 objects)
[2016.01.26-23.16.17:131][725]LogLinker:Warning: Asset '../../../Engine/Content/ArtTools/RenderToTexture/Macros/RenderToTextureMacros.uasset' has been saved with empty engine version. The asset will be loaded but may be incompatible.
[2016.01.26-23.16.17:633][725]LogContentBrowser: Native class hierarchy updated for 'BlueprintGraph' in 0.0023 seconds. Added 107 classes and 0 folders.
[2016.01.26-23.16.23:976][ 67]LogRenderer: Reallocating scene render targets to support 1528x712 (Frame:2018).
[2016.01.26-23.16.35:743][366]LogSlate:Warning: Prevented a slow task dialog from being summoned while a context menu was open
[2016.01.26-23.16.42:629][149]LogActorComponent: UnregisterComponent: (/Engine/Transient.CharMoveComp) Not registered. Aborting.
[2016.01.26-23.16.48:836][822]LogActorComponent: UnregisterComponent: (/Engine/Transient.CharacterMovementComponent_0) Not registered. Aborting.
[2016.01.26-23.16.51:475][111]BlueprintLog: New page: Compile test
[2016.01.26-23.16.51:589][111]LogActorComponent: UnregisterComponent: (/Engine/Transient.CharacterMovementComponent_1) Not registered. Aborting.
[2016.01.26-23.16.51:618][111]BlueprintEditorCompileResults: Info [0071.97] Compile of test successful! [in 142 ms]
[2016.01.26-23.16.52:414][200]Cmd: OBJ SAVEPACKAGE PACKAGE="/Game/FirstPersonCPP/Blueprints/test" FILE="../../../../../../Users/frederic/Documents/Unreal Projects/LostAge/Content/FirstPersonCPP/Blueprints/test.uasset" SILENT=true
[2016.01.26-23.16.52:439][200]LogSavePackage: Save=22.676540ms
[2016.01.26-23.16.52:439][200]LogSavePackage: Moving '../../../../../../Users/frederic/Documents/Unreal Projects/LostAge/Saved/test8EB91E8C47EC9FE5084E01A23444C77D.tmp' to '../../../../../../Users/frederic/Documents/Unreal Projects/LostAge/Content/FirstPersonCPP/Blueprints/test.uasset'
[2016.01.26-23.16.52:443][200]LogSavePackage: Total save time: 26.575387ms
[2016.01.26-23.16.52:443][200]LogSavePackage:Warning: Finished SavePackage ../../../../../../Users/frederic/Documents/Unreal Projects/LostAge/Content/FirstPersonCPP/Blueprints/test.uasset
[2016.01.26-23.17.09:165][174]Cmd: OBJ SAVEPACKAGE PACKAGE="/Game/FirstPersonCPP/Blueprints/test" FILE="../../../../../../Users/frederic/Documents/Unreal Projects/LostAge/Content/FirstPersonCPP/Blueprints/test.uasset" SILENT=true
[2016.01.26-23.17.09:188][174]LogSavePackage: Save=15.542861ms
[2016.01.26-23.17.09:189][174]LogSavePackage: Moving '../../../../../../Users/frederic/Documents/Unreal Projects/LostAge/Saved/testC0F18D7C4145FE5AC7ED74B6FE22E96B.tmp' to '../../../../../../Users/frederic/Documents/Unreal Projects/LostAge/Content/FirstPersonCPP/Blueprints/test.uasset'
[2016.01.26-23.17.09:191][174]LogSavePackage: Total save time: 24.085626ms
[2016.01.26-23.17.09:192][174]LogSavePackage:Warning: Finished SavePackage ../../../../../../Users/frederic/Documents/Unreal Projects/LostAge/Content/FirstPersonCPP/Blueprints/test.uasset
[2016.01.26-23.17.11:142][408]LogActorComponent: UnregisterComponent: (/Engine/Transient.CharMoveComp) Not registered. Aborting.
[2016.01.26-23.17.11:142][408]LogActorComponent: UnregisterComponent: (/Engine/Transient.CharacterMovementComponent_2) Not registered. Aborting.
[2016.01.26-23.17.11:501][409]Cmd: QUIT_EDITOR
[2016.01.26-23.17.11:825][409]LogExit: Preparing to exit.
[2016.01.26-23.17.12:538][409]LogActorComponent: UnregisterComponent: (None.None) Not registered. Aborting.
[2016.01.26-23.17.12:539][409]LogActorComponent: UnregisterComponent: (None.None) Not registered. Aborting.
[2016.01.26-23.17.12:539][409]LogActorComponent: UnregisterComponent: (None.None) Not registered. Aborting.
[2016.01.26-23.17.12:540][409]LogActorComponent: UnregisterComponent: (None.None) Not registered. Aborting.
[2016.01.26-23.17.12:540][409]LogActorComponent: UnregisterComponent: (None.None) Not registered. Aborting.
[2016.01.26-23.17.12:540][409]LogActorComponent: UnregisterComponent: (None.None) Not registered. Aborting.
[2016.01.26-23.17.12:541][409]LogActorComponent: UnregisterComponent: (None.None) Not registered. Aborting.
[2016.01.26-23.17.12:541][409]LogActorComponent: UnregisterComponent: (None.None) Not registered. Aborting.
[2016.01.26-23.17.12:541][409]LogActorComponent: UnregisterComponent: (None.None) Not registered. Aborting.
[2016.01.26-23.17.12:541][409]LogActorComponent: UnregisterComponent: (None.None) Not registered. Aborting.
[2016.01.26-23.17.12:542][409]LogActorComponent: UnregisterComponent: (None.None) Not registered. Aborting.
[2016.01.26-23.17.12:542][409]LogActorComponent: UnregisterComponent: (None.None) Not registered. Aborting.
[2016.01.26-23.17.12:572][409]LogParticles: Destroying 0 GPU particle simulations for FXSystem 0x0000000049EB8720
[2016.01.26-23.17.12:574][409]LogParticles: Destroying 0 GPU particle simulations for FXSystem 0x000000001111FBA0
[2016.01.26-23.17.12:574][409]LogParticles: Destroying 0 GPU particle simulations for FXSystem 0x000000000EEEF880
[2016.01.26-23.17.12:576][409]LogExit: Editor shut down
[2016.01.26-23.17.12:577][409]LogExit: Transaction tracking system shut down
[2016.01.26-23.17.12:577][409]LogParticles: Destroying 0 GPU particle simulations for FXSystem 0x0000000011DB7240
[2016.01.26-23.17.12:581][409]LogParticles: Destroying 0 GPU particle simulations for FXSystem 0x00000000426A54E0
[2016.01.26-23.17.12:739][409]LogExit: Object subsystem successfully closed.
[2016.01.26-23.17.12:761][409]LogD3D11RHI: Shutdown
[2016.01.26-23.17.12:762][409]LogD3D11RHI: CleanupD3DDevice
[2016.01.26-23.17.13:138][409]LogD3D11RHI: ~FD3D11DynamicRHI
[2016.01.26-23.17.13:157][409]LogModuleManager: Shutting down and abandoning module BlueprintGraph (201)
[2016.01.26-23.17.13:158][409]LogModuleManager: Shutting down and abandoning module CrashTracker (200)
[2016.01.26-23.17.13:159][409]LogModuleManager: Shutting down and abandoning module SceneOutliner (199)
[2016.01.26-23.17.13:159][409]LogModuleManager: Shutting down and abandoning module SuperSearch (198)
[2016.01.26-23.17.13:159][409]LogModuleManager: Shutting down and abandoning module WidgetCarousel (197)
[2016.01.26-23.17.13:159][409]LogModuleManager: Shutting down and abandoning module AddContentDialog (196)
[2016.01.26-23.17.13:161][409]LogModuleManager: Shutting down and abandoning module EditorWidgets (195)
[2016.01.26-23.17.13:161][409]LogModuleManager: Shutting down and abandoning module CollectionManager (194)
[2016.01.26-23.17.13:161][409]LogModuleManager: Shutting down and abandoning module StatsViewer (193)
[2016.01.26-23.17.13:162][409]LogModuleManager: Shutting down and abandoning module FoliageEdit (192)
[2016.01.26-23.17.13:162][409]LogModuleManager: Shutting down and abandoning module LandscapeEditor (191)
[2016.01.26-23.17.13:162][409]LogModuleManager: Shutting down and abandoning module ActorPickerMode (190)
[2016.01.26-23.17.13:163][409]LogModuleManager: Shutting down and abandoning module GeometryMode (189)
[2016.01.26-23.17.13:163][409]LogModuleManager: Shutting down and abandoning module TextureAlignMode (188)
[2016.01.26-23.17.13:163][409]LogModuleManager: Shutting down and abandoning module BspMode (187)
[2016.01.26-23.17.13:163][409]LogModuleManager: Shutting down and abandoning module PlacementMode (186)
[2016.01.26-23.17.13:164][409]LogModuleManager: Shutting down and abandoning module AutomationWorker (185)
[2016.01.26-23.17.13:164][409]LogModuleManager: Shutting down and abandoning module CharacterAI (184)
[2016.01.26-23.17.13:164][409]LogModuleManager: Shutting down and abandoning module SmartSnapping (183)
[2016.01.26-23.17.13:164][409]LogModuleManager: Shutting down and abandoning module ViewportSnapping (182)
[2016.01.26-23.17.13:165][409]LogModuleManager: Shutting down and abandoning module LogVisualizer (181)
[2016.01.26-23.17.13:165][409]LogModuleManager: Shutting down and abandoning module GameProjectGeneration (180)
[2016.01.26-23.17.13:165][409]LogModuleManager: Shutting down and abandoning module IntroTutorials (179)
[2016.01.26-23.17.13:165][409]LogModuleManager: Shutting down and abandoning module EditorLiveStreaming (178)
[2016.01.26-23.17.13:166][409]LogModuleManager: Shutting down and abandoning module IOSPlatformEditor (177)
[2016.01.26-23.17.13:166][409]LogModuleManager: Shutting down and abandoning module HTML5PlatformEditor (176)
[2016.01.26-23.17.13:166][409]LogModuleManager: Shutting down and abandoning module AndroidDeviceDetection (175)
[2016.01.26-23.17.14:083][409]LogModuleManager: Shutting down and abandoning module AndroidPlatformEditor (174)
[2016.01.26-23.17.14:083][409]LogModuleManager: Shutting down and abandoning module IOSRuntimeSettings (173)
[2016.01.26-23.17.14:083][409]LogModuleManager: Shutting down and abandoning module AndroidRuntimeSettings (172)
[2016.01.26-23.17.14:084][409]LogModuleManager: Shutting down and abandoning module MergeActors (171)
[2016.01.26-23.17.14:084][409]LogModuleManager: Shutting down and abandoning module SizeMap (170)
[2016.01.26-23.17.14:084][409]LogModuleManager: Shutting down and abandoning module TreeMap (169)
[2016.01.26-23.17.14:084][409]LogModuleManager: Shutting down and abandoning module ReferenceViewer (168)
[2016.01.26-23.17.14:085][409]LogModuleManager: Shutting down and abandoning module LocalizationService (167)
[2016.01.26-23.17.14:085][409]LogModuleManager: Shutting down and abandoning module LocalizationDashboard (166)
[2016.01.26-23.17.14:085][409]LogModuleManager: Shutting down and abandoning module HardwareTargeting (165)
[2016.01.26-23.17.14:085][409]LogModuleManager: Shutting down and abandoning module DeviceProfileEditor (164)
[2016.01.26-23.17.14:086][409]LogModuleManager: Shutting down and abandoning module UndoHistory (163)
[2016.01.26-23.17.14:086][409]LogModuleManager: Shutting down and abandoning module GameplayTagsEditor (162)
[2016.01.26-23.17.14:086][409]LogModuleManager: Shutting down and abandoning module UserFeedback (161)
[2016.01.26-23.17.14:086][409]LogModuleManager: Shutting down and abandoning module XmlParser (160)
[2016.01.26-23.17.14:087][409]LogModuleManager: Shutting down and abandoning module Blutility (159)
[2016.01.26-23.17.14:087][409]LogModuleManager: Shutting down and abandoning module ProjectTargetPlatformEditor (158)
[2016.01.26-23.17.14:087][409]LogModuleManager: Shutting down and abandoning module ProjectSettingsViewer (157)
[2016.01.26-23.17.14:087][409]LogModuleManager: Shutting down and abandoning module InputBindingEditor (156)
[2016.01.26-23.17.14:088][409]LogModuleManager: Shutting down and abandoning module EditorSettingsViewer (155)
[2016.01.26-23.17.14:088][409]LogModuleManager: Shutting down and abandoning module SettingsEditor (154)
[2016.01.26-23.17.14:088][409]LogModuleManager: Shutting down and abandoning module ProjectLauncher (153)
[2016.01.26-23.17.14:089][409]LogModuleManager: Shutting down and abandoning module SessionFrontend (152)
[2016.01.26-23.17.14:089][409]LogModuleManager: Shutting down and abandoning module ProfilerClient (151)
[2016.01.26-23.17.14:089][409]LogModuleManager: Shutting down and abandoning module TargetDeviceServices (150)
[2016.01.26-23.17.14:089][409]LogModuleManager: Shutting down and abandoning module DeviceManager (149)
[2016.01.26-23.17.14:090][409]LogModuleManager: Shutting down and abandoning module AutomationController (148)
[2016.01.26-23.17.14:090][409]LogModuleManager: Shutting down and abandoning module AutomationWindow (147)
[2016.01.26-23.17.14:090][409]LogModuleManager: Shutting down and abandoning module Layers (146)
[2016.01.26-23.17.14:090][409]LogModuleManager: Shutting down and abandoning module ComponentVisualizers (145)
[2016.01.26-23.17.14:091][409]LogModuleManager: Shutting down and abandoning module DetailCustomizations (144)
[2016.01.26-23.17.14:091][409]LogModuleManager: Shutting down and abandoning module PackagesDialog (143)
[2016.01.26-23.17.14:091][409]LogModuleManager: Shutting down and abandoning module Persona (142)
[2016.01.26-23.17.14:091][409]LogModuleManager: Shutting down and abandoning module Kismet (141)
[2016.01.26-23.17.14:092][409]LogModuleManager: Shutting down and abandoning module GraphEditor (140)
[2016.01.26-23.17.14:092][409]LogModuleManager: Shutting down and abandoning module ClassViewer (139)
[2016.01.26-23.17.14:093][409]LogModuleManager: Shutting down and abandoning module Toolbox (138)
[2016.01.26-23.17.14:093][409]LogModuleManager: Shutting down and abandoning module ModuleUI (137)
[2016.01.26-23.17.14:094][409]LogModuleManager: Shutting down and abandoning module MovieSceneTools (136)
[2016.01.26-23.17.14:094][409]LogModuleManager: Shutting down and abandoning module OutputLog (135)
[2016.01.26-23.17.14:094][409]LogModuleManager: Shutting down and abandoning module GammaUI (134)
[2016.01.26-23.17.14:094][409]LogModuleManager: Shutting down and abandoning module Documentation (133)
[2016.01.26-23.17.14:095][409]LogModuleManager: Shutting down and abandoning module GameLiveStreaming (132)
[2016.01.26-23.17.14:095][409]LogModuleManager: Shutting down and abandoning module StreamingPauseRendering (131)
[2016.01.26-23.17.14:095][409]LogModuleManager: Shutting down and abandoning module AnalyticsET (130)
[2016.01.26-23.17.14:095][409]LogModuleManager: Shutting down and abandoning module Analytics (129)
[2016.01.26-23.17.14:096][409]LogModuleManager: Shutting down and abandoning module AITestSuite (128)
[2016.01.26-23.17.14:096][409]LogModuleManager: Shutting down and abandoning module GameplayDebugger (127)
[2016.01.26-23.17.14:096][409]LogModuleManager: Shutting down and abandoning module AIModule (126)
[2016.01.26-23.17.14:096][409]LogModuleManager: Shutting down and abandoning module ProfilerService (125)
[2016.01.26-23.17.14:257][409]LogModuleManager: Shutting down and abandoning module TaskGraph (124)
[2016.01.26-23.17.14:257][409]LogModuleManager: Shutting down and abandoning module SlateRemote (123)
[2016.01.26-23.17.14:257][409]LogModuleManager: Shutting down and abandoning module SteamVRController (122)
[2016.01.26-23.17.14:258][409]LogModuleManager: Shutting down and abandoning module SteamVR (121)
[2016.01.26-23.17.14:258][409]LogModuleManager: Shutting down and abandoning module ProceduralMeshComponent (120)
[2016.01.26-23.17.14:258][409]LogModuleManager: Shutting down and abandoning module OculusRift (119)
[2016.01.26-23.17.14:258][409]LogModuleManager: Shutting down and abandoning module OculusLibrary (118)
[2016.01.26-23.17.14:259][409]LogModuleManager: Shutting down and abandoning module LeapMotionController (117)
[2016.01.26-23.17.14:269][409]LogModuleManager: Shutting down and abandoning module CustomMeshComponent (116)
[2016.01.26-23.17.14:269][409]LogModuleManager: Shutting down and abandoning module CableComponent (115)
[2016.01.26-23.17.14:269][409]LogModuleManager: Shutting down and abandoning module ArchVisCharacter (114)
[2016.01.26-23.17.14:270][409]LogModuleManager: Shutting down and abandoning module MessagingDebugger (113)
[2016.01.26-23.17.14:270][409]LogModuleManager: Shutting down and abandoning module MediaPlayerEditor (112)
[2016.01.26-23.17.14:270][409]LogModuleManager: Shutting down and abandoning module HTML5Networking (111)
[2016.01.26-23.17.14:270][409]LogModuleManager: Shutting down and abandoning module SpeedTreeImporter (110)
[2016.01.26-23.17.14:270][409]LogModuleManager: Shutting down and abandoning module PluginBrowser (109)
[2016.01.26-23.17.14:271][409]LogModuleManager: Shutting down and abandoning module EpicSurvey (108)
[2016.01.26-23.17.14:271][409]LogModuleManager: Shutting down and abandoning module DesktopPlatform (107)
[2016.01.26-23.17.14:271][409]LogModuleManager: Shutting down and abandoning module VisualStudioSourceCodeAccess (106)
[2016.01.26-23.17.14:271][409]LogModuleManager: Shutting down and abandoning module UObjectPlugin (105)
[2016.01.26-23.17.14:272][409]LogModuleManager: Shutting down and abandoning module SubversionSourceControl (104)
[2016.01.26-23.17.14:272][409]LogModuleManager: Shutting down and abandoning module PerforceSourceControl (103)
[2016.01.26-23.17.14:272][409]LogModuleManager: Shutting down and abandoning module SourceControl (102)
[2016.01.26-23.17.14:272][409]LogModuleManager: Shutting down and abandoning module GitSourceControl (101)
[2016.01.26-23.17.14:273][409]LogModuleManager: Shutting down and abandoning module LightPropagationVolumeEditor (100)
[2016.01.26-23.17.14:273][409]LogModuleManager: Shutting down and abandoning module PaperTiledImporter (99)
[2016.01.26-23.17.14:273][409]LogModuleManager: Shutting down and abandoning module PaperSpriteSheetImporter (98)
[2016.01.26-23.17.14:273][409]LogModuleManager: Shutting down and abandoning module MeshPaint (97)
[2016.01.26-23.17.14:273][409]LogModuleManager: Shutting down and abandoning module SlateReflector (96)
[2016.01.26-23.17.14:274][409]LogModuleManager: Shutting down and abandoning module HotReload (95)
[2016.01.26-23.17.14:274][409]LogModuleManager: Shutting down and abandoning module MainFrame (94)
[2016.01.26-23.17.14:274][409]LogModuleManager: Shutting down and abandoning module LevelEditor (93)
[2016.01.26-23.17.14:275][409]LogModuleManager: Shutting down and abandoning module DirectoryWatcher (92)
[2016.01.26-23.17.14:276][409]LogModuleManager: Shutting down and abandoning module AssetRegistry (91)
[2016.01.26-23.17.14:364][409]LogModuleManager: Shutting down and abandoning module ContentBrowser (90)
[2016.01.26-23.17.14:365][409]LogModuleManager: Shutting down and abandoning module Paper2DEditor (89)
[2016.01.26-23.17.14:366][409]LogModuleManager: Shutting down and abandoning module LostAge (88)
[2016.01.26-23.17.14:366][409]LogModuleManager: Shutting down and abandoning module UdpMessaging (87)
[2016.01.26-23.17.14:466][409]LogModuleManager: Shutting down and abandoning module LightPropagationVolumeRuntime (86)
[2016.01.26-23.17.14:466][409]LogModuleManager: Shutting down and abandoning module Paper2D (85)
[2016.01.26-23.17.14:467][409]LogModuleManager: Shutting down and abandoning module WindowsMoviePlayer (84)
[2016.01.26-23.17.14:469][409]LogModuleManager: Shutting down and abandoning module Media (83)
[2016.01.26-23.17.14:470][409]LogModuleManager: Shutting down and abandoning module WmfMedia (82)
[2016.01.26-23.17.14:471][409]LogModuleManager: Shutting down and abandoning module OnlineBlueprintSupport (81)
[2016.01.26-23.17.14:472][409]LogModuleManager: Shutting down and abandoning module GameplayTasksEditor (80)
[2016.01.26-23.17.14:472][409]LogModuleManager: Shutting down and abandoning module PropertyEditor (79)
[2016.01.26-23.17.14:472][409]LogModuleManager: Shutting down and abandoning module BehaviorTreeEditor (78)
[2016.01.26-23.17.14:472][409]LogModuleManager: Shutting down and abandoning module FunctionalTesting (77)
[2016.01.26-23.17.14:473][409]LogModuleManager: Shutting down and abandoning module CollisionAnalyzer (76)
[2016.01.26-23.17.14:473][409]LogModuleManager: Shutting down and abandoning module WorkspaceMenuStructure (75)
[2016.01.26-23.17.14:473][409]LogModuleManager: Shutting down and abandoning module MessageLog (74)
[2016.01.26-23.17.14:473][409]LogModuleManager: Shutting down and abandoning module Sequencer (73)
[2016.01.26-23.17.14:474][409]LogModuleManager: Shutting down and abandoning module AssetTools (72)
[2016.01.26-23.17.14:474][409]LogModuleManager: Shutting down and abandoning module UMGEditor (71)
[2016.01.26-23.17.14:474][409]LogModuleManager: Shutting down and abandoning module UMG (70)
[2016.01.26-23.17.14:474][409]LogModuleManager: Shutting down and abandoning module Slate (69)
[2016.01.26-23.17.14:475][409]LogModuleManager: Shutting down and abandoning module EditorStyle (68)
[2016.01.26-23.17.14:477][409]LogModuleManager: Shutting down and abandoning module SessionServices (67)
[2016.01.26-23.17.14:477][409]LogModuleManager: Shutting down and abandoning module SourceCodeAccess (66)
[2016.01.26-23.17.14:477][409]LogModuleManager: Shutting down and abandoning module HeadMountedDisplay (65)
[2016.01.26-23.17.14:477][409]LogModuleManager: Shutting down and abandoning module XAudio2 (64)
[2016.01.26-23.17.14:478][409]LogModuleManager: Shutting down and abandoning module Networking (63)
[2016.01.26-23.17.14:478][409]LogModuleManager: Shutting down and abandoning module Core (62)
[2016.01.26-23.17.14:478][409]LogModuleManager: Shutting down and abandoning module KismetCompiler (61)
[2016.01.26-23.17.14:478][409]LogModuleManager: Shutting down and abandoning module PhysXFormats (60)
[2016.01.26-23.17.14:479][409]LogModuleManager: Shutting down and abandoning module MeshUtilities (59)
[2016.01.26-23.17.14:479][409]LogModuleManager: Shutting down and abandoning module CookingStats (58)
[2016.01.26-23.17.14:479][409]LogModuleManager: Shutting down and abandoning module DerivedDataCache (57)
[2016.01.26-23.17.14:481][409]LogDerivedDataCache: Shutdown
[2016.01.26-23.17.14:482][409]LogModuleManager: Shutting down and abandoning module ShaderFormatOpenGL (56)
[2016.01.26-23.17.14:482][409]LogModuleManager: Shutting down and abandoning module ShaderFormatD3D (55)
[2016.01.26-23.17.14:482][409]LogModuleManager: Shutting down and abandoning module MetalShaderFormat (54)
[2016.01.26-23.17.14:482][409]LogModuleManager: Shutting down and abandoning module TextureFormatUncompressed (53)
[2016.01.26-23.17.14:483][409]LogModuleManager: Shutting down and abandoning module TextureFormatPVR (52)
[2016.01.26-23.17.14:483][409]LogModuleManager: Shutting down and abandoning module TextureFormatIntelISPCTexComp (51)
[2016.01.26-23.17.14:483][409]LogModuleManager: Shutting down and abandoning module TextureFormatDXT (50)
[2016.01.26-23.17.14:483][409]LogModuleManager: Shutting down and abandoning module ImageWrapper (49)
[2016.01.26-23.17.14:484][409]LogModuleManager: Shutting down and abandoning module TextureFormatASTC (48)
[2016.01.26-23.17.14:484][409]LogModuleManager: Shutting down and abandoning module TextureFormatAndroid (47)
[2016.01.26-23.17.14:484][409]LogModuleManager: Shutting down and abandoning module AudioFormatOpus (46)
[2016.01.26-23.17.14:484][409]LogModuleManager: Shutting down and abandoning module AudioFormatOgg (45)
[2016.01.26-23.17.14:484][409]LogModuleManager: Shutting down and abandoning module AudioFormatADPCM (44)
[2016.01.26-23.17.14:485][409]LogModuleManager: Shutting down and abandoning module LinuxTargetPlatform (43)
[2016.01.26-23.17.14:485][409]LogModuleManager: Shutting down and abandoning module LinuxServerTargetPlatform (42)
[2016.01.26-23.17.14:485][409]LogModuleManager: Shutting down and abandoning module LinuxNoEditorTargetPlatform (41)
[2016.01.26-23.17.14:485][409]LogModuleManager: Shutting down and abandoning module Messaging (40)
[2016.01.26-23.17.14:486][409]LogModuleManager: Shutting down and abandoning module IOSTargetPlatform (39)
[2016.01.26-23.17.14:486][409]LogModuleManager: Shutting down and abandoning module HTML5TargetPlatform (38)
[2016.01.26-23.17.14:486][409]LogModuleManager: Shutting down and abandoning module Android_PVRTCTargetPlatform (37)
[2016.01.26-23.17.14:486][409]LogModuleManager: Shutting down and abandoning module Android_ETC2TargetPlatform (36)
[2016.01.26-23.17.14:486][409]LogModuleManager: Shutting down and abandoning module Android_ETC1TargetPlatform (35)
[2016.01.26-23.17.14:487][409]LogModuleManager: Shutting down and abandoning module Android_DXTTargetPlatform (34)
[2016.01.26-23.17.14:487][409]LogModuleManager: Shutting down and abandoning module Android_ATCTargetPlatform (33)
[2016.01.26-23.17.14:487][409]LogModuleManager: Shutting down and abandoning module Android_ASTCTargetPlatform (32)
[2016.01.26-23.17.14:487][409]LogModuleManager: Shutting down and abandoning module AndroidTargetPlatform (31)
[2016.01.26-23.17.14:488][409]LogModuleManager: Shutting down and abandoning module WindowsTargetPlatform (30)
[2016.01.26-23.17.14:488][409]LogModuleManager: Shutting down and abandoning module WindowsServerTargetPlatform (29)
[2016.01.26-23.17.14:488][409]LogModuleManager: Shutting down and abandoning module WindowsNoEditorTargetPlatform (28)
[2016.01.26-23.17.14:488][409]LogModuleManager: Shutting down and abandoning module WindowsClientTargetPlatform (27)
[2016.01.26-23.17.14:488][409]LogModuleManager: Shutting down and abandoning module AllDesktopTargetPlatform (26)
[2016.01.26-23.17.14:489][409]LogModuleManager: Shutting down and abandoning module TargetPlatform (25)
[2016.01.26-23.17.14:489][409]LogModuleManager: Shutting down and abandoning module InputCore (24)
[2016.01.26-23.17.14:489][409]LogModuleManager: Shutting down and abandoning module Settings (23)
[2016.01.26-23.17.14:489][409]LogModuleManager: Shutting down and abandoning module Voice (21)
[2016.01.26-23.17.14:490][409]LogModuleManager: Shutting down and abandoning module OnlineSubsystem (18)
[2016.01.26-23.17.14:490][409]LogOnline:Display: NULL: FOnlineSubsystemNull::Shutdown()
[2016.01.26-23.17.14:491][409]LogOnline:Display: Unloading online subsystem: Null
[2016.01.26-23.17.14:491][409]LogModuleManager: Shutting down and abandoning module HTTP (17)
[2016.01.26-23.17.15:492][409]LogModuleManager: Shutting down and abandoning module XMPP (16)
[2016.01.26-23.17.15:492][409]LogModuleManager: Shutting down and abandoning module ExampleDeviceProfileSelector (15)
[2016.01.26-23.17.15:492][409]LogModuleManager: Shutting down and abandoning module TextureCompressor (14)
[2016.01.26-23.17.15:493][409]LogModuleManager: Shutting down and abandoning module ShaderCore (13)
[2016.01.26-23.17.15:494][409]LogModuleManager: Shutting down and abandoning module Landscape (12)
[2016.01.26-23.17.15:494][409]LogModuleManager: Shutting down and abandoning module SlateRHIRenderer (11)
[2016.01.26-23.17.15:495][409]LogModuleManager: Shutting down and abandoning module OpenGLDrv (10)
[2016.01.26-23.17.15:495][409]LogModuleManager: Shutting down and abandoning module D3D11RHI (9)
[2016.01.26-23.17.15:496][409]LogModuleManager: Shutting down and abandoning module AnimGraphRuntime (8)
[2016.01.26-23.17.15:496][409]LogModuleManager: Shutting down and abandoning module Renderer (7)
[2016.01.26-23.17.15:496][409]LogModuleManager: Shutting down and abandoning module Engine (6)
[2016.01.26-23.17.15:496][409]LogModuleManager: Shutting down and abandoning module CoreUObject (5)
[2016.01.26-23.17.15:497][409]LogModuleManager: Shutting down and abandoning module NetworkFile (4)
[2016.01.26-23.17.15:497][409]LogModuleManager: Shutting down and abandoning module StreamingFile (3)
[2016.01.26-23.17.15:497][409]LogModuleManager: Shutting down and abandoning module SandboxFile (2)
[2016.01.26-23.17.15:497][409]LogModuleManager: Shutting down and abandoning module PakFile (1)
[2016.01.26-23.17.15:500][409]LogExit: Exiting.
[2016.01.26-23.17.15:501][409]Log file closed, 01/26/16 18:17:15
