[2016.01.26-23.12.36:011][  0]Log file open, 01/26/16 18:12:36
[2016.01.26-23.12.36:011][  0]LogInit:Display: Running engine for game: LostAge
[2016.01.26-23.12.36:011][  0]LogInit:Display: RandInit(-1625627659) SRandInit(-1625627659).
[2016.01.26-23.12.36:011][  0]LogTaskGraph: Started task graph with 4 named threads and 7 total threads.
[2016.01.26-23.12.36:012][  0]LogStats: Stats thread started at 0.153561
[2016.01.26-23.12.36:012][  0]LogInit: Version: 4.9.2-2707645+++depot+UE4-Releases+4.9
[2016.01.26-23.12.36:012][  0]LogInit: API Version: 2672455
[2016.01.26-23.12.36:012][  0]LogInit: Compiled (64-bit): Sep 28 2015 10:25:44
[2016.01.26-23.12.36:013][  0]LogInit: Compiled with Visual C++: 18.00.21005.01
[2016.01.26-23.12.36:013][  0]LogInit: Build Configuration: DebugGame
[2016.01.26-23.12.36:013][  0]LogInit: Branch Name: ++depot+UE4-Releases+4.9
[2016.01.26-23.12.36:014][  0]LogInit: Command line:  -debug
[2016.01.26-23.12.36:014][  0]LogInit: Base directory: C:/Program Files/Epic Games/4.9/Engine/Binaries/Win64/
[2016.01.26-23.12.36:014][  0]LogInit: Rocket: 1
[2016.01.26-23.12.36:044][  0]LogInit: Using libcurl 7.41.0
[2016.01.26-23.12.36:045][  0]LogInit:  - built for x86_64-pc-win32
[2016.01.26-23.12.36:045][  0]LogInit:  - supports SSL with WinSSL
[2016.01.26-23.12.36:045][  0]LogInit:  - other features:
[2016.01.26-23.12.36:045][  0]LogInit:      CURL_VERSION_SSL
[2016.01.26-23.12.36:046][  0]LogInit:      CURL_VERSION_IPV6
[2016.01.26-23.12.36:046][  0]LogInit:      CURL_VERSION_ASYNCHDNS
[2016.01.26-23.12.36:046][  0]LogInit:      CURL_VERSION_LARGEFILE
[2016.01.26-23.12.36:046][  0]LogInit:      CURL_VERSION_IDN
[2016.01.26-23.12.36:047][  0]LogInit:  CurlRequestOptions (configurable via config and command line):
[2016.01.26-23.12.36:047][  0]LogInit:  - bVerifyPeer = true  - Libcurl will verify peer certificate
[2016.01.26-23.12.36:047][  0]LogInit:  - bUseHttpProxy = false  - Libcurl will NOT use HTTP proxy
[2016.01.26-23.12.36:047][  0]LogInit:  - bDontReuseConnections = false  - Libcurl will reuse connections
[2016.01.26-23.12.36:047][  0]LogInit:  - CertBundlePath = nullptr  - Libcurl will use whatever was configured at build time.
[2016.01.26-23.12.36:101][  0]LogInit: WinSock: version 1.1 (2.2), MaxSocks=32767, MaxUdp=65467
[2016.01.26-23.12.36:113][  0]LogVoice:Warning: Failed to initialize voice interface
[2016.01.26-23.12.36:119][  0]LogInit: Presizing for 0 objects not considered by GC, pre-allocating 0 bytes.
[2016.01.26-23.12.36:126][  0]LogInit: Object subsystem initialized
[2016.01.26-23.12.36:128][  0]LogInit: Selected Device Profile: [Windows]
[2016.01.26-23.12.36:128][  0]LogInit: Applying CVar settings loaded from the selected device profile: [Windows]
[2016.01.26-23.12.36:136][  0]LogInit: Computer: FREDERIC-PC
[2016.01.26-23.12.36:136][  0]LogInit: User: frederic
[2016.01.26-23.12.36:136][  0]LogInit: CPU Page size=4096, Cores=4
[2016.01.26-23.12.36:136][  0]LogInit: High frequency timer resolution =3.331240 MHz
[2016.01.26-23.12.36:137][  0]LogMemory: Memory total: Physical=15.9GB (16GB approx)
[2016.01.26-23.12.36:137][  0]LogMemory: Platform Memory Stats for Windows
[2016.01.26-23.12.36:137][  0]LogMemory: Process Physical Memory: 55.07 MB used, 55.07 MB peak
[2016.01.26-23.12.36:138][  0]LogMemory: Process Virtual Memory: 55.74 MB used, 55.74 MB peak
[2016.01.26-23.12.36:138][  0]LogMemory: Physical Memory: 7407.35 MB used, 16288.39 MB total
[2016.01.26-23.12.36:138][  0]LogMemory: Virtual Memory: 337.63 MB used, 8388608.00 MB total
[2016.01.26-23.12.36:204][  0]LogTextLocalizationManager: No translations for ('fr-CA') exist, falling back to 'en' for localization and internationalization data.
[2016.01.26-23.12.36:837][  0]LogD3D11RHI: Found D3D11 adapter 0: NVIDIA GeForce GTX 970 (Feature Level 11_0)
[2016.01.26-23.12.36:837][  0]LogD3D11RHI: Adapter has 4008MB of dedicated video memory, 0MB of dedicated system memory, and 7888MB of shared system memory, 1 output[s]
[2016.01.26-23.12.36:845][  0]LogD3D11RHI: Found D3D11 adapter 1: Intel(R) HD Graphics 3000 (Feature Level 10_0)
[2016.01.26-23.12.36:846][  0]LogD3D11RHI: Adapter has 64MB of dedicated video memory, 0MB of dedicated system memory, and 1632MB of shared system memory, 0 output[s]
[2016.01.26-23.12.36:846][  0]LogD3D11RHI: Chosen D3D11 Adapter Id = 0
[2016.01.26-23.12.36:851][  0]LogD3D11RHI: !Direct3DDevice
[2016.01.26-23.12.36:851][  0]LogRHI: Texture pool is 1361 MB (70% of 1945 MB)
[2016.01.26-23.12.36:880][  0]LogD3D11RHI: Async texture creation enabled
[2016.01.26-23.12.36:895][  0]LogShaderCompilers: Guid format shader working directory is 15 characters bigger than the processId version (../../../../../../Users/frederic/Documents/Unreal Projects/LostAge/Intermediate/Shaders/WorkingDirectory/5948/).
[2016.01.26-23.12.36:895][  0]LogShaderCompilers: Cleaned the shader compiler working directory '../../../../../../Users/frederic/Documents/Unreal Projects/LostAge/Intermediate/Shaders/tmp/976D1A3D48B2B621E09EF483782316BE/'.
[2016.01.26-23.12.36:896][  0]LogShaderCompilers:Display: Using Local Shader Compiler.
[2016.01.26-23.12.38:030][  0]LogTemp:Display: Loaded TP AllDesktopTargetPlatform
[2016.01.26-23.12.38:045][  0]LogTemp:Display: Loaded TP WindowsClientTargetPlatform
[2016.01.26-23.12.38:060][  0]LogTemp:Display: Loaded TP WindowsNoEditorTargetPlatform
[2016.01.26-23.12.38:075][  0]LogTemp:Display: Loaded TP WindowsServerTargetPlatform
[2016.01.26-23.12.38:089][  0]LogTemp:Display: Loaded TP WindowsTargetPlatform
[2016.01.26-23.12.38:096][  0]LogTemp:Display: Loaded TP AndroidTargetPlatform
[2016.01.26-23.12.38:104][  0]LogTemp:Display: Loaded TP Android_ASTCTargetPlatform
[2016.01.26-23.12.38:111][  0]LogTemp:Display: Loaded TP Android_ATCTargetPlatform
[2016.01.26-23.12.38:119][  0]LogTemp:Display: Loaded TP Android_DXTTargetPlatform
[2016.01.26-23.12.38:126][  0]LogTemp:Display: Loaded TP Android_ETC1TargetPlatform
[2016.01.26-23.12.38:134][  0]LogTemp:Display: Loaded TP Android_ETC2TargetPlatform
[2016.01.26-23.12.38:141][  0]LogTemp:Display: Loaded TP Android_PVRTCTargetPlatform
[2016.01.26-23.12.38:144][  0]LogTemp:Display: Loaded TP HTML5TargetPlatform
[2016.01.26-23.12.38:179][  0]LogTemp:Display: Loaded TP IOSTargetPlatform
[2016.01.26-23.12.38:185][  0]LogTemp:Display: Loaded TP LinuxNoEditorTargetPlatform
[2016.01.26-23.12.38:191][  0]LogTemp:Display: Loaded TP LinuxServerTargetPlatform
[2016.01.26-23.12.38:198][  0]LogTemp:Display: Loaded TP LinuxTargetPlatform
[2016.01.26-23.12.38:199][  0]LogTargetPlatformManager:Display: Building Assets For Windows
[2016.01.26-23.12.38:398][  0]LogDerivedDataCache:Display: Max Cache Size: 512 MB
[2016.01.26-23.12.38:442][  0]LogDerivedDataCache: Loaded boot cache 0.04s 42MB C:/Users/frederic/AppData/Local/UnrealEngine/4.9/DerivedDataCache/Boot.ddc.
[2016.01.26-23.12.38:443][  0]LogDerivedDataCache:Display: Loaded Boot cache: C:/Users/frederic/AppData/Local/UnrealEngine/4.9/DerivedDataCache/Boot.ddc
[2016.01.26-23.12.38:443][  0]LogDerivedDataCache: FDerivedDataBackendGraph:  Pak pak cache file ../../../../../../Users/frederic/Documents/Unreal Projects/LostAge/DerivedDataCache/DDC.ddp not found, will not use a pak cache.
[2016.01.26-23.12.38:443][  0]LogDerivedDataCache: Unable to find inner node Pak for hierarchical cache Hierarchy.
[2016.01.26-23.12.38:443][  0]LogDerivedDataCache: FDerivedDataBackendGraph:  CompressedPak pak cache file ../../../../../../Users/frederic/Documents/Unreal Projects/LostAge/DerivedDataCache/Compressed.ddp not found, will not use a pak cache.
[2016.01.26-23.12.38:444][  0]LogDerivedDataCache: Unable to find inner node CompressedPak for hierarchical cache Hierarchy.
[2016.01.26-23.12.38:584][  0]LogDerivedDataCache:Display: Pak cache opened for reading ../../../Engine/DerivedDataCache/Compressed.ddp.
[2016.01.26-23.12.38:596][  0]LogDerivedDataCache: Using Local data cache path C:/Users/frederic/AppData/Local/UnrealEngine/Common/DerivedDataCache: Writable
[2016.01.26-23.12.38:769][  0]LogInit: Selected Device Profile: [Windows]
[2016.01.26-23.12.38:770][  0]LogContentStreaming: Texture pool size is 0.000000MB
[2016.01.26-23.12.38:805][  0]LogMeshUtilities: No automatic mesh reduction module available
[2016.01.26-23.12.38:806][  0]LogMeshUtilities: No automatic mesh merging module available
[2016.01.26-23.12.40:120][  0]UdpMessaging: Initializing bridge on interface 0.0.0.0:0 to multicast group 230.0.0.1:6666.
[2016.01.26-23.12.47:971][  0]LogAssetRegistry: FAssetRegistry took 0.0107 seconds to start up
[2016.01.26-23.12.48:291][  0]SourceControl: Info Source control is disabled
[2016.01.26-23.12.48:292][  0]SourceControl: Info Source control is disabled
[2016.01.26-23.12.48:309][  0]SourceControl: Info Source control is disabled
[2016.01.26-23.12.48:327][  0]SourceControl: Info Source control is disabled
[2016.01.26-23.12.48:503][  0]LogLinker:Warning: Asset '../../../Engine/Plugins/Runtime/LeapMotionController/Content/LM_PassthroughMaterial.uasset' has been saved with empty engine version. The asset will be loaded but may be incompatible.
[2016.01.26-23.12.48:599][  0]LogObj: 31792 objects as part of root set at end of initial load.
[2016.01.26-23.12.48:600][  0]LogUObjectAllocator: 7252992 out of 0 bytes used by permanent object pool.
[2016.01.26-23.12.48:676][  0]LogEngine: Initializing Engine...
[2016.01.26-23.12.48:679][  0]LogHMD: Can't find Oculus library dev build: is proper Runtime installed? Version: 0.7.0.0
[2016.01.26-23.12.48:681][  0]LogHMD: SteamVR failed to initialize.  Err: 110
[2016.01.26-23.12.48:814][  0]LogAIModule: Creating AISystem for world NewWorld
[2016.01.26-23.12.48:828][  0]LogInit: XAudio2 using 'Haut-parleurs (USB PnP Sound Device)' : 2 channels at 44.1 kHz using 16 bits per sample (channel mask 0x3)
[2016.01.26-23.12.48:847][  0]LogInit: FAudioDevice initialized.
[2016.01.26-23.12.48:867][  0]LogDerivedDataCache: Saved boot cache 0.02s 42MB C:/Users/frederic/AppData/Local/UnrealEngine/4.9/DerivedDataCache/Boot.ddc.
[2016.01.26-23.12.48:873][  0]LogInit: Texture streaming: Enabled
[2016.01.26-23.12.48:888][  0]LogAnalytics: Creating configured Analytics provider AnalyticsET
[2016.01.26-23.12.48:888][  0]LogAnalytics: [UEEditor.Rocket.Release] APIServer = http://et2.epicgames.com/ET2/. AppVersion = 4.9.2-2707645+++depot+UE4-Releases+4.9
[2016.01.26-23.12.48:889][  0]LogAnalytics: [UEEditor.Rocket.Release] SetUserId c8da8d664a36a98701fe659c10ae4ff8|70626fa7f476448fb82ad9618fbbb1ab|00e7fb16-00c3-4af4-a2a1-2cc8013aae38
[2016.01.26-23.12.48:889][  0]LogAnalytics: [UEEditor.Rocket.Release] AnalyticsET::StartSession
[2016.01.26-23.12.48:905][  0]LogInit: Transaction tracking system initialized
[2016.01.26-23.12.49:000][  0]BlueprintLog: New page: Editor Load
[2016.01.26-23.12.49:365][  0]LocalizationService: Info Localization service is disabled
[2016.01.26-23.12.49:513][  0]LogLinker:Warning: Can't find file '/Game/ThirdPersonCPP/ThirdPersonOverview'
[2016.01.26-23.12.49:513][  0]LogLinker:Warning: Can't find file '/Game/ThirdPersonCPP/ThirdPersonOverview'
[2016.01.26-23.12.49:514][  0]LogUObjectGlobals:Warning: Failed to find object 'Class /Game/ThirdPersonCPP/ThirdPersonOverview.ThirdPersonOverview_C'
[2016.01.26-23.12.49:542][  0]LogConsoleResponse:Display: 
[2016.01.26-23.12.49:657][  0]LogCook:Display: Done creating registry. It took  0.00s.
[2016.01.26-23.12.49:815][  0]LogFileCache: Scanning file cache for directory 'C:/Users/frederic/Documents/Unreal Projects/LostAge/Content/' took 0.01s
[2016.01.26-23.12.49:815][  0]SourceControl: Info Source control is disabled
[2016.01.26-23.12.49:815][  0]Cmd: MAP LOAD FILE="../../../../../../Users/frederic/Documents/Unreal Projects/LostAge/Content/FirstPersonCPP/Maps/MainMenu.umap" TEMPLATE=0 SHOWPROGRESS=1 FEATURELEVEL=3
[2016.01.26-23.12.49:816][  0]LightingResults: New page: Lighting Build
[2016.01.26-23.12.49:821][  0]MapCheck: New page: Map Check
[2016.01.26-23.12.49:822][  0]LightingResults: New page: Lighting Build
[2016.01.26-23.12.49:833][  0]LogParticles: Destroying 0 GPU particle simulations for FXSystem 0x00000000236C2160
[2016.01.26-23.12.49:838][  0]LogAIModule: Creating AISystem for world MainMenu
[2016.01.26-23.12.49:839][  0]LogEditorServer: Finished looking for orphan Actors (0.000 secs)
[2016.01.26-23.12.49:840][  0]Cmd: MAP CHECKDEP NOCLEARLOG
[2016.01.26-23.12.49:886][  0]MapCheck: Info Map check complete: 0 Error(s), 0 Warning(s), took 45.767ms to complete.
[2016.01.26-23.12.49:887][  0]LogFileHelpers: Loading map 'MainMenu' took 0.072
[2016.01.26-23.12.49:987][  0]LogCollectionManager: Loaded 0 collections in 0.002227 seconds
[2016.01.26-23.12.50:033][  0]LogFileCache: Scanning file cache for directory 'C:/Users/frederic/Documents/Unreal Projects/LostAge/Saved/Collections/' took 0.01s
[2016.01.26-23.12.50:034][  0]LogFileCache: Scanning file cache for directory 'C:/Users/frederic/Documents/Unreal Projects/LostAge/Content/Developers/frederic/Collections/' took 0.01s
[2016.01.26-23.12.50:034][  0]LogFileCache: Scanning file cache for directory 'C:/Users/frederic/Documents/Unreal Projects/LostAge/Content/Collections/' took 0.01s
[2016.01.26-23.12.50:034][  0]LogContentBrowser: Native class hierarchy populated in 0.0122 seconds. Added 1875 classes and 335 folders.
[2016.01.26-23.12.50:042][  0]LogCollectionManager: Rebuilt the GUID cache for 0 collections in 0.000002 seconds
[2016.01.26-23.12.50:056][  0]LogContentBrowser: Native class hierarchy updated for 'WidgetCarousel' in 0.0029 seconds. Added 0 classes and 0 folders.
[2016.01.26-23.12.50:117][  0]LogContentBrowser: Native class hierarchy updated for 'AddContentDialog' in 0.0018 seconds. Added 0 classes and 0 folders.
[2016.01.26-23.12.50:136][  0]LogContentBrowser: Native class hierarchy updated for 'SceneOutliner' in 0.0018 seconds. Added 1 classes and 2 folders.
[2016.01.26-23.12.50:167][  0]LogCrashTracker: Crashtracker disabled due to settings.
[2016.01.26-23.12.50:171][  0]LogUObjectGlobals:Warning: Failed to find object 'Class None.'
[2016.01.26-23.12.50:192][  0]LogLoad: Full Startup: 15.11 seconds (BP compile: 0.03 seconds)
[2016.01.26-23.12.50:295][  0]LogContentStreaming: Texture pool size now 1000 MB
[2016.01.26-23.12.50:419][  2]LogRenderer: Reallocating scene render targets to support 968x508 (Frame:2).
[2016.01.26-23.12.50:562][  2]LogAssetRegistry: Asset discovery search completed in 2.6018 seconds
[2016.01.26-23.12.50:563][  2]LogCollectionManager: Rebuilt the object cache for 0 collections in 0.000020 seconds (found 0 objects)
[2016.01.26-23.12.50:563][  2]LogCollectionManager: Fixed up redirectors for 0 collections in 0.000710 seconds (updated 0 objects)
[2016.01.26-23.12.52:273][189]LogPlayLevel: PlayLevel: No blueprints needed recompiling
[2016.01.26-23.12.52:274][189]PIE: New page: PIE session: MainMenu (Jan 26, 2016, 1:12:52 PM)
[2016.01.26-23.12.52:330][189]LogPlayLevel: Creating play world package: /Game/FirstPersonCPP/Maps/UEDPIE_0_MainMenu
[2016.01.26-23.12.52:331][189]LogPlayLevel: PIE: StaticDuplicateObject took: (0.000491s)
[2016.01.26-23.12.52:332][189]LogAIModule: Creating AISystem for world MainMenu
[2016.01.26-23.12.52:333][189]LogPlayLevel: PIE: World Init took: (0.001030s)
[2016.01.26-23.12.52:333][189]LogPlayLevel: PIE: Created PIE world by copying editor world from /Game/FirstPersonCPP/Maps/MainMenu.MainMenu to /Game/FirstPersonCPP/Maps/UEDPIE_0_MainMenu.MainMenu (0.002881s)
[2016.01.26-23.12.52:333][189]LogActorComponent: UnregisterComponent: (/Engine/Transient.CharMoveComp) Not registered. Aborting.
[2016.01.26-23.12.52:354][189]LogInit: XAudio2 using 'Haut-parleurs (USB PnP Sound Device)' : 2 channels at 44.1 kHz using 16 bits per sample (channel mask 0x3)
[2016.01.26-23.12.52:357][189]LogInit: FAudioDevice initialized.
[2016.01.26-23.12.52:406][189]LogWorld: Game class is 'LostAgeGameMode'
[2016.01.26-23.12.52:408][189]LogWorld: Bringing World /Game/FirstPersonCPP/Maps/UEDPIE_0_MainMenu.MainMenu up for play (max tick rate 0) at 2016.01.26-18.12.52
[2016.01.26-23.12.52:408][189]LogActor:Warning: GameSession /Game/FirstPersonCPP/Maps/UEDPIE_0_MainMenu.MainMenu:PersistentLevel.GameSession_0 has natively added scene component(s), but none of t