[2016.01.26-22.22.19:370][  0]Log file open, 01/26/16 17:22:19
[2016.01.26-22.22.19:370][  0]LogInit:Display: Running engine for game: LostAge
[2016.01.26-22.22.19:370][  0]LogInit:Display: RandInit(1210482066) SRandInit(1210482066).
[2016.01.26-22.22.19:370][  0]LogTaskGraph: Started task graph with 4 named threads and 7 total threads.
[2016.01.26-22.22.19:370][  0]LogStats: Stats thread started at 0.068820
[2016.01.26-22.22.19:370][  0]LogInit: Version: 4.9.2-2707645+++depot+UE4-Releases+4.9
[2016.01.26-22.22.19:370][  0]LogInit: API Version: 2672455
[2016.01.26-22.22.19:370][  0]LogInit: Compiled (64-bit): Sep 28 2015 10:25:44
[2016.01.26-22.22.19:370][  0]LogInit: Compiled with Visual C++: 18.00.21005.01
[2016.01.26-22.22.19:370][  0]LogInit: Build Configuration: Development
[2016.01.26-22.22.19:370][  0]LogInit: Branch Name: ++depot+UE4-Releases+4.9
[2016.01.26-22.22.19:370][  0]LogInit: Command line:  -game
[2016.01.26-22.22.19:370][  0]LogInit: Base directory: C:/Program Files/Epic Games/4.9/Engine/Binaries/Win64/
[2016.01.26-22.22.19:370][  0]LogInit: Rocket: 1
[2016.01.26-22.22.19:389][  0]LogInit: Using libcurl 7.41.0
[2016.01.26-22.22.19:389][  0]LogInit:  - built for x86_64-pc-win32
[2016.01.26-22.22.19:389][  0]LogInit:  - supports SSL with WinSSL
[2016.01.26-22.22.19:389][  0]LogInit:  - other features:
[2016.01.26-22.22.19:389][  0]LogInit:      CURL_VERSION_SSL
[2016.01.26-22.22.19:389][  0]LogInit:      CURL_VERSION_IPV6
[2016.01.26-22.22.19:389][  0]LogInit:      CURL_VERSION_ASYNCHDNS
[2016.01.26-22.22.19:389][  0]LogInit:      CURL_VERSION_LARGEFILE
[2016.01.26-22.22.19:389][  0]LogInit:      CURL_VERSION_IDN
[2016.01.26-22.22.19:389][  0]LogInit:  CurlRequestOptions (configurable via config and command line):
[2016.01.26-22.22.19:389][  0]LogInit:  - bVerifyPeer = true  - Libcurl will verify peer certificate
[2016.01.26-22.22.19:389][  0]LogInit:  - bUseHttpProxy = false  - Libcurl will NOT use HTTP proxy
[2016.01.26-22.22.19:389][  0]LogInit:  - bDontReuseConnections = false  - Libcurl will reuse connections
[2016.01.26-22.22.19:389][  0]LogInit:  - CertBundlePath = nullptr  - Libcurl will use whatever was configured at build time.
[2016.01.26-22.22.19:406][  0]LogInit: WinSock: version 1.1 (2.2), MaxSocks=32767, MaxUdp=65467
[2016.01.26-22.22.19:411][  0]LogVoice:Warning: Failed to initialize voice interface
[2016.01.26-22.22.19:415][  0]LogInit: Presizing for 0 objects not considered by GC, pre-allocating 0 bytes.
[2016.01.26-22.22.19:422][  0]LogInit: Object subsystem initialized
[2016.01.26-22.22.19:423][  0]LogInit: Selected Device Profile: [Windows]
[2016.01.26-22.22.19:423][  0]LogInit: Applying CVar settings loaded from the selected device profile: [Windows]
[2016.01.26-22.22.19:431][  0]LogInit: Computer: FREDERIC-PC
[2016.01.26-22.22.19:431][  0]LogInit: User: frederic
[2016.01.26-22.22.19:431][  0]LogInit: CPU Page size=4096, Cores=4
[2016.01.26-22.22.19:431][  0]LogInit: High frequency timer resolution =3.331240 MHz
[2016.01.26-22.22.19:431][  0]LogMemory: Memory total: Physical=15.9GB (16GB approx)
[2016.01.26-22.22.19:431][  0]LogMemory: Platform Memory Stats for Windows
[2016.01.26-22.22.19:431][  0]LogMemory: Process Physical Memory: 55.86 MB used, 55.86 MB peak
[2016.01.26-22.22.19:431][  0]LogMemory: Process Virtual Memory: 59.59 MB used, 59.59 MB peak
[2016.01.26-22.22.19:431][  0]LogMemory: Physical Memory: 9292.77 MB used, 16288.39 MB total
[2016.01.26-22.22.19:431][  0]LogMemory: Virtual Memory: 343.57 MB used, 8388608.00 MB total
[2016.01.26-22.22.19:467][  0]LogTextLocalizationManager: No translations for ('fr-CA') exist, falling back to 'en' for localization and internationalization data.
[2016.01.26-22.22.20:092][  0]LogD3D11RHI: Found D3D11 adapter 0: NVIDIA GeForce GTX 970 (Feature Level 11_0)
[2016.01.26-22.22.20:092][  0]LogD3D11RHI: Adapter has 4008MB of dedicated video memory, 0MB of dedicated system memory, and 7888MB of shared system memory, 1 output[s]
[2016.01.26-22.22.20:095][  0]LogD3D11RHI: Found D3D11 adapter 1: Intel(R) HD Graphics 3000 (Feature Level 10_0)
[2016.01.26-22.22.20:095][  0]LogD3D11RHI: Adapter has 64MB of dedicated video memory, 0MB of dedicated system memory, and 1632MB of shared system memory, 0 output[s]
[2016.01.26-22.22.20:095][  0]LogD3D11RHI: Chosen D3D11 Adapter Id = 0
[2016.01.26-22.22.20:100][  0]LogD3D11RHI: !Direct3DDevice
[2016.01.26-22.22.20:100][  0]LogRHI: Texture pool is 1361 MB (70% of 1945 MB)
[2016.01.26-22.22.20:111][  0]LogD3D11RHI: Async texture creation enabled
[2016.01.26-22.22.20:124][  0]LogShaderCompilers: Guid format shader working directory is 15 characters bigger than the processId version (../../../../../../Users/frederic/Documents/Unreal Projects/LostAge/Intermediate/Shaders/WorkingDirectory/8184/).
[2016.01.26-22.22.20:125][  0]LogShaderCompilers: Cleaned the shader compiler working directory '../../../../../../Users/frederic/Documents/Unreal Projects/LostAge/Intermediate/Shaders/tmp/94B15DA84CB61E0008118E9A33AA4377/'.
[2016.01.26-22.22.20:125][  0]LogShaderCompilers:Display: Using Local Shader Compiler.
[2016.01.26-22.22.21:311][  0]LogTemp:Display: Loaded TP AllDesktopTargetPlatform
[2016.01.26-22.22.21:316][  0]LogTemp:Display: Loaded TP WindowsClientTargetPlatform
[2016.01.26-22.22.21:321][  0]LogTemp:Display: Loaded TP WindowsNoEditorTargetPlatform
[2016.01.26-22.22.21:326][  0]LogTemp:Display: Loaded TP WindowsServerTargetPlatform
[2016.01.26-22.22.21:331][  0]LogTemp:Display: Loaded TP WindowsTargetPlatform
[2016.01.26-22.22.21:334][  0]LogTemp:Display: Loaded TP AndroidTargetPlatform
[2016.01.26-22.22.21:338][  0]LogTemp:Display: Loaded TP Android_ASTCTargetPlatform
[2016.01.26-22.22.21:342][  0]LogTemp:Display: Loaded TP Android_ATCTargetPlatform
[2016.01.26-22.22.21:345][  0]LogTemp:Display: Loaded TP Android_DXTTargetPlatform
[2016.01.26-22.22.21:348][  0]LogTemp:Display: Loaded TP Android_ETC1TargetPlatform
[2016.01.26-22.22.21:352][  0]LogTemp:Display: Loaded TP Android_ETC2TargetPlatform
[2016.01.26-22.22.21:355][  0]LogTemp:Display: Loaded TP Android_PVRTCTargetPlatform
[2016.01.26-22.22.21:356][  0]LogTemp:Display: Loaded TP HTML5TargetPlatform
[2016.01.26-22.22.21:372][  0]LogTemp:Display: Loaded TP IOSTargetPlatform
[2016.01.26-22.22.21:375][  0]LogTemp:Display: Loaded TP LinuxNoEditorTargetPlatform
[2016.01.26-22.22.21:378][  0]LogTemp:Display: Loaded TP LinuxServerTargetPlatform
[2016.01.26-22.22.21:381][  0]LogTemp:Display: Loaded TP LinuxTargetPlatform
[2016.01.26-22.22.21:381][  0]LogTargetPlatformManager:Display: Building Assets For Windows
[2016.01.26-22.22.21:457][  0]LogDerivedDataCache:Display: Max Cache Size: 512 MB
[2016.01.26-22.22.21:501][  0]LogDerivedDataCache: Loaded boot cache 0.04s 41MB C:/Users/frederic/AppData/Local/UnrealEngine/4.9/DerivedDataCache/Boot.ddc.
[2016.01.26-22.22.21:501][  0]LogDerivedDataCache:Display: Loaded Boot cache: C:/Users/frederic/AppData/Local/UnrealEngine/4.9/DerivedDataCache/Boot.ddc
[2016.01.26-22.22.21:501][  0]LogDerivedDataCache: FDerivedDataBackendGraph:  Pak pak cache file ../../../../../../Users/frederic/Documents/Unreal Projects/LostAge/DerivedDataCache/DDC.ddp not found, will not use a pak cache.
[2016.01.26-22.22.21:501][  0]LogDerivedDataCache: Unable to find inner node Pak for hierarchical cache Hierarchy.
[2016.01.26-22.22.21:501][  0]LogDerivedDataCache: FDerivedDataBackendGraph:  CompressedPak pak cache file ../../../../../../Users/frederic/Documents/Unreal Projects/LostAge/DerivedDataCache/Compressed.ddp not found, will not use a pak cache.
[2016.01.26-22.22.21:501][  0]LogDerivedDataCache: Unable to find inner node CompressedPak for hierarchical cache Hierarchy.
[2016.01.26-22.22.21:651][  0]LogDerivedDataCache:Display: Pak cache opened for reading ../../../Engine/DerivedDataCache/Compressed.ddp.
[2016.01.26-22.22.21:663][  0]LogDerivedDataCache: Using Local data cache path C:/Users/frederic/AppData/Local/UnrealEngine/Common/DerivedDataCache: Writable
[2016.01.26-22.22.21:850][  0]LogInit: Selected Device Profile: [Windows]
[2016.01.26-22.22.21:851][  0]LogContentStreaming: Texture pool size is 1000.000000MB
[2016.01.26-22.22.21:864][  0]LogMeshUtilities: No automatic mesh reduction module available
[2016.01.26-22.22.21:864][  0]LogMeshUtilities: No automatic mesh merging module available
[2016.01.26-22.22.22:341][  0]LogWindowsMoviePlayer: Unable to load movie: ../../../../../../Users/frederic/Documents/Unreal Projects/LostAge/Content/Movies/Default_Startup.mp4
[2016.01.26-22.22.22:451][  0]SourceControl: Info Source control is disabled
[2016.01.26-22.22.22:451][  0]SourceControl: Info Source control is disabled
[2016.01.26-22.22.22:461][  0]SourceControl: Info Source control is disabled
[2016.01.26-22.22.22:542][  0]LogLinker:Warning: Asset '../../../Engine/Plugins/Runtime/LeapMotionController/Content/LM_PassthroughMaterial.uasset' has been saved with empty engine version. The asset will be loaded but may be incompatible.
[2016.01.26-22.22.22:615][  0]LogObj: 27709 objects as part of root set at end of initial load.
[2016.01.26-22.22.22:615][  0]LogUObjectAllocator: 5803200 out of 0 bytes used by permanent object pool.
[2016.01.26-22.22.22:670][  0]LogEngine: Initializing Engine...
[2016.01.26-22.22.22:672][  0]LogHMD: Can't find Oculus library dev build: is proper Runtime installed? Version: 0.7.0.0
[2016.01.26-22.22.22:672][  0]LogHMD: SteamVR failed to initialize.  Err: 110
[2016.01.26-22.22.22:782][  0]LogInit: XAudio2 using 'Haut-parleurs (USB PnP Sound Device)' : 2 channels at 44.1 kHz using 16 bits per sample (channel mask 0x3)
[2016.01.26-22.22.22:786][  0]LogInit: FAudioDevice initialized.
[2016.01.26-22.22.22:809][  0]LogDerivedDataCache: Saved boot cache 0.02s 41MB C:/Users/frederic/AppData/Local/UnrealEngine/4.9/DerivedDataCache/Boot.ddc.
[2016.01.26-22.22.22:814][  0]LogInit: Texture streaming: Enabled
[2016.01.26-22.22.22:923][  0]LogNet: Browse: /Game/FirstPersonCPP/Maps/MainMenu?Name=Player
[2016.01.26-22.22.22:924][  0]LogLoad: LoadMap: /Game/FirstPersonCPP/Maps/MainMenu?Name=Player
[2016.01.26-22.22.22:936][  0]LogParticles: Destroying 0 GPU particle simulations for FXSystem 0x000000000F207240
[2016.01.26-22.22.22:945][  0]LogMemory: Platform Memory Stats for Windows
[2016.01.26-22.22.22:945][  0]LogMemory: Process Physical Memory: 375.06 MB used, 375.06 MB peak
[2016.01.26-22.22.22:945][  0]LogMemory: Process Virtual Memory: 456.05 MB used, 456.05 MB peak
[2016.01.26-22.22.22:945][  0]LogMemory: Physical Memory: 9597.44 MB used, 16288.39 MB total
[2016.01.26-22.22.22:945][  0]LogMemory: Virtual Memory: 950.57 MB used, 8388608.00 MB total
[2016.01.26-22.22.22:945][  0]LogMemory: 
[2016.01.26-22.22.22:945][  0]Allocator Stats for TBB: (not implemented)
[2016.01.26-22.22.22:954][  0]LogAIModule: Creating AISystem for world MainMenu
[2016.01.26-22.22.22:954][  0]LogWorld: Game class is 'LostAgeGameMode'
[2016.01.26-22.22.23:106][  0]LogWorld: Bringing World /Game/FirstPersonCPP/Maps/MainMenu.MainMenu up for play (max tick rate 0) at 2016.01.26-17.22.23
[2016.01.26-22.22.23:106][  0]LogWorld: Bringing up level for play took: 0.000356
[2016.01.26-22.22.23:106][  0]LogGameMode: Warning - PATHS NOT DEFINED or NO PLAYERSTART with positive rating
[2016.01.26-22.22.23:107][  0]LogOnline:Warning: NULL: Can't start an online game for session (Game) that hasn't been created
[2016.01.26-22.22.23:199][  0]LogInit:Display: Game Engine Initialized.
[2016.01.26-22.22.23:415][  0]LogLoad: Full Startup: 4.84 seconds (BP compile: 0.11 seconds)
[2016.01.26-22.22.23:515][  2]LogRenderer: Reallocating scene render targets to support 1600x900 (Frame:2).
[2016.01.26-22.22.24:589][ 67]LogInit: WinSock: I am frederic-PC (192.168.1.103:0)
[2016.01.26-22.22.24:644][ 67]LogPackageName: SearchForPackageOnDisk took   0.055s to resolve FirstPersonExampleMap.umap.
[2016.01.26-22.22.24:694][ 67]LogPackageName: SearchForPackageOnDisk took   0.050s to resolve FirstPersonExampleMap.umap.
[2016.01.26-22.22.24:694][ 67]LogNet: Browse: /Game/FirstPersonCPP/Maps/FirstPersonExampleMap?listen
[2016.01.26-22.22.24:695][ 67]LogLoad: LoadMap: /Game/FirstPersonCPP/Maps/FirstPersonExampleMap?listen
[2016.01.26-22.22.24:711][ 67]LogParticles: Destroying 0 GPU particle simulations for FXSystem 0x000000000F207BA0
[2016.01.26-22.22.24:726][ 67]LogMemory: Platform Memory Stats for Windows
[2016.01.26-22.22.24:726][ 67]LogMemory: Process Physical Memory: 411.54 MB used, 419.83 MB peak
[2016.01.26-22.22.24:726][ 67]LogMemory: Process Virtual Memory: 720.05 MB used, 725.31 MB peak
[2016.01.26-22.22.24:726][ 67]LogMemory: Physical Memory: 9630.30 MB used, 16288.39 MB total
[2016.01.26-22.22.24:726][ 67]LogMemory: Virtual Memory: 1227.61 MB used, 8388608.00 MB total
[2016.01.26-22.22.24:726][ 67]LogMemory: 
[2016.01.26-22.22.24:726][ 67]Allocator Stats for TBB: (not implemented)
[2016.01.26-22.22.24:942][ 67]LogAIModule: Creating AISystem for world FirstPersonExampleMap
[2016.01.26-22.22.24:942][ 67]LogWorld: Game class is 'LostAgeGameMode'
[2016.01.26-22.22.25:102][ 67]LogWindows: === Critical error: ===
Fatal error!



[2016.01.26-22.22.25:237][ 67]LogExit: Executing StaticShutdownAfterError
[2016.01.26-22.22.25:240][ 67]LogPhysics:Warning: PHYSX: ..\..\PhysX\src\NpScene.cpp (2946) 8 : PxScene::unlockWrite() called without matching call to PxScene::lockWrite(), behaviour will be undefined.
[2016.01.26-22.22.25:240][ 67]LogPhysics:Warning: PHYSX: ..\..\PhysX\src\NpScene.cpp (2946) 8 : PxScene::unlockWrite() called without matching call to PxScene::lockWrite(), behaviour will be undefined.
[2016.01.26-22.22.25:240][ 67]LogWindows: FPlatformMisc::RequestExit(1)
[2016.01.26-22.22.25:240][ 67]Log file closed, 01/26/16 17:22:25
