[2016.01.25-20.31.02:982][  0]Log file open, 01/25/16 15:31:02
[2016.01.25-20.31.02:982][  0]LogInit:Display: Running engine for game: LostAge
[2016.01.25-20.31.02:982][  0]LogInit:Display: RandInit(1812513442) SRandInit(1812513442).
[2016.01.25-20.31.02:983][  0]LogTaskGraph: Started task graph with 4 named threads and 7 total threads.
[2016.01.25-20.31.02:983][  0]LogStats: Stats thread started at 0.155134
[2016.01.25-20.31.02:983][  0]LogInit: Version: 4.9.2-2707645+++depot+UE4-Releases+4.9
[2016.01.25-20.31.02:983][  0]LogInit: API Version: 2672455
[2016.01.25-20.31.02:984][  0]LogInit: Compiled (64-bit): Sep 28 2015 10:25:44
[2016.01.25-20.31.02:984][  0]LogInit: Compiled with Visual C++: 18.00.21005.01
[2016.01.25-20.31.02:984][  0]LogInit: Build Configuration: DebugGame
[2016.01.25-20.31.02:984][  0]LogInit: Branch Name: ++depot+UE4-Releases+4.9
[2016.01.25-20.31.02:985][  0]LogInit: Command line:  -debug
[2016.01.25-20.31.02:985][  0]LogInit: Base directory: C:/Program Files/Epic Games/4.9/Engine/Binaries/Win64/
[2016.01.25-20.31.02:985][  0]LogInit: Rocket: 1
[2016.01.25-20.31.03:004][  0]LogInit: Using libcurl 7.41.0
[2016.01.25-20.31.03:005][  0]LogInit:  - built for x86_64-pc-win32
[2016.01.25-20.31.03:005][  0]LogInit:  - supports SSL with WinSSL
[2016.01.25-20.31.03:005][  0]LogInit:  - other features:
[2016.01.25-20.31.03:005][  0]LogInit:      CURL_VERSION_SSL
[2016.01.25-20.31.03:006][  0]LogInit:      CURL_VERSION_IPV6
[2016.01.25-20.31.03:006][  0]LogInit:      CURL_VERSION_ASYNCHDNS
[2016.01.25-20.31.03:006][  0]LogInit:      CURL_VERSION_LARGEFILE
[2016.01.25-20.31.03:006][  0]LogInit:      CURL_VERSION_IDN
[2016.01.25-20.31.03:007][  0]LogInit:  CurlRequestOptions (configurable via config and command line):
[2016.01.25-20.31.03:007][  0]LogInit:  - bVerifyPeer = true  - Libcurl will verify peer certificate
[2016.01.25-20.31.03:007][  0]LogInit:  - bUseHttpProxy = false  - Libcurl will NOT use HTTP proxy
[2016.01.25-20.31.03:007][  0]LogInit:  - bDontReuseConnections = false  - Libcurl will reuse connections
[2016.01.25-20.31.03:007][  0]LogInit:  - CertBundlePath = nullptr  - Libcurl will use whatever was configured at build time.
[2016.01.25-20.31.03:042][  0]LogInit: Presizing for 0 objects not considered by GC, pre-allocating 0 bytes.
[2016.01.25-20.31.03:051][  0]LogInit: Object subsystem initialized
[2016.01.25-20.31.03:053][  0]LogInit: Selected Device Profile: [Windows]
[2016.01.25-20.31.03:054][  0]LogInit: Applying CVar settings loaded from the selected device profile: [Windows]
[2016.01.25-20.31.03:061][  0]LogInit: Computer: FREDERIC-PC
[2016.01.25-20.31.03:062][  0]LogInit: User: frederic
[2016.01.25-20.31.03:062][  0]LogInit: CPU Page size=4096, Cores=4
[2016.01.25-20.31.03:062][  0]LogInit: High frequency timer resolution =3.331269 MHz
[2016.01.25-20.31.03:062][  0]LogMemory: Memory total: Physical=15.9GB (16GB approx)
[2016.01.25-20.31.03:063][  0]LogMemory: Platform Memory Stats for Windows
[2016.01.25-20.31.03:063][  0]LogMemory: Process Physical Memory: 53.54 MB used, 53.54 MB peak
[2016.01.25-20.31.03:063][  0]LogMemory: Process Virtual Memory: 57.44 MB used, 57.44 MB peak
[2016.01.25-20.31.03:063][  0]LogMemory: Physical Memory: 9175.04 MB used, 16288.39 MB total
[2016.01.25-20.31.03:064][  0]LogMemory: Virtual Memory: 332.55 MB used, 8388608.00 MB total
[2016.01.25-20.31.03:135][  0]LogTextLocalizationManager: No translations for ('fr-CA') exist, falling back to 'en' for localization and internationalization data.
[2016.01.25-20.31.03:876][  0]LogD3D11RHI: Found D3D11 adapter 0: NVIDIA GeForce GTX 970 (Feature Level 11_0)
[2016.01.25-20.31.03:876][  0]LogD3D11RHI: Adapter has 4008MB of dedicated video memory, 0MB of dedicated system memory, and 7888MB of shared system memory, 1 output[s]
[2016.01.25-20.31.03:884][  0]LogD3D11RHI: Found D3D11 adapter 1: Intel(R) HD Graphics 3000 (Feature Level 10_0)
[2016.01.25-20.31.03:885][  0]LogD3D11RHI: Adapter has 64MB of dedicated video memory, 0MB of dedicated system memory, and 1632MB of shared system memory, 0 output[s]
[2016.01.25-20.31.03:885][  0]LogD3D11RHI: Chosen D3D11 Adapter Id = 0
[2016.01.25-20.31.03:891][  0]LogD3D11RHI: !Direct3DDevice
[2016.01.25-20.31.03:891][  0]LogRHI: Texture pool is 1361 MB (70% of 1945 MB)
[2016.01.25-20.31.03:969][  0]LogD3D11RHI: Async texture creation enabled
[2016.01.25-20.31.03:986][  0]LogShaderCompilers: Guid format shader working directory is 15 characters bigger than the processId version (../../../../../../Users/frederic/Documents/Unreal Projects/LostAge/Intermediate/Shaders/WorkingDirectory/7312/).
[2016.01.25-20.31.03:987][  0]LogShaderCompilers: Cleaned the shader compiler working directory '../../../../../../Users/frederic/Documents/Unreal Projects/LostAge/Intermediate/Shaders/tmp/B41D935349534D0769DACEA6A861793B/'.
[2016.01.25-20.31.03:987][  0]LogShaderCompilers:Display: Using Local Shader Compiler.
[2016.01.25-20.31.05:219][  0]LogTemp:Display: Loaded TP AllDesktopTargetPlatform
[2016.01.25-20.31.05:233][  0]LogTemp:Display: Loaded TP WindowsClientTargetPlatform
[2016.01.25-20.31.05:252][  0]LogTemp:Display: Loaded TP WindowsNoEditorTargetPlatform
[2016.01.25-20.31.05:269][  0]LogTemp:Display: Loaded TP WindowsServerTargetPlatform
[2016.01.25-20.31.05:288][  0]LogTemp:Display: Loaded TP WindowsTargetPlatform
[2016.01.25-20.31.05:296][  0]LogTemp:Display: Loaded TP AndroidTargetPlatform
[2016.01.25-20.31.05:303][  0]LogTemp:Display: Loaded TP Android_ASTCTargetPlatform
[2016.01.25-20.31.05:312][  0]LogTemp:Display: Loaded TP Android_ATCTargetPlatform
[2016.01.25-20.31.05:320][  0]LogTemp:Display: Loaded TP Android_DXTTargetPlatform
[2016.01.25-20.31.05:327][  0]LogTemp:Display: Loaded TP Android_ETC1TargetPlatform
[2016.01.25-20.31.05:335][  0]LogTemp:Display: Loaded TP Android_ETC2TargetPlatform
[2016.01.25-20.31.05:343][  0]LogTemp:Display: Loaded TP Android_PVRTCTargetPlatform
[2016.01.25-20.31.05:347][  0]LogTemp:Display: Loaded TP HTML5TargetPlatform
[2016.01.25-20.31.05:378][  0]LogTemp:Display: Loaded TP IOSTargetPlatform
[2016.01.25-20.31.05:384][  0]LogTemp:Display: Loaded TP LinuxNoEditorTargetPlatform
[2016.01.25-20.31.05:392][  0]LogTemp:Display: Loaded TP LinuxServerTargetPlatform
[2016.01.25-20.31.05:399][  0]LogTemp:Display: Loaded TP LinuxTargetPlatform
[2016.01.25-20.31.05:400][  0]LogTargetPlatformManager:Display: Building Assets For Windows
[2016.01.25-20.31.05:608][  0]LogDerivedDataCache:Display: Max Cache Size: 512 MB
[2016.01.25-20.31.05:653][  0]LogDerivedDataCache: Loaded boot cache 0.04s 43MB C:/Users/frederic/AppData/Local/UnrealEngine/4.9/DerivedDataCache/Boot.ddc.
[2016.01.25-20.31.05:653][  0]LogDerivedDataCache:Display: Loaded Boot cache: C:/Users/frederic/AppData/Local/UnrealEngine/4.9/DerivedDataCache/Boot.ddc
[2016.01.25-20.31.05:653][  0]LogDerivedDataCache: FDerivedDataBackendGraph:  Pak pak cache file ../../../../../../Users/frederic/Documents/Unreal Projects/LostAge/DerivedDataCache/DDC.ddp not found, will not use a pak cache.
[2016.01.25-20.31.05:654][  0]LogDerivedDataCache: Unable to find inner node Pak for hierarchical cache Hierarchy.
[2016.01.25-20.31.05:654][  0]LogDerivedDataCache: FDerivedDataBackendGraph:  CompressedPak pak cache file ../../../../../../Users/frederic/Documents/Unreal Projects/LostAge/DerivedDataCache/Compressed.ddp not found, will not use a pak cache.
[2016.01.25-20.31.05:654][  0]LogDerivedDataCache: Unable to find inner node CompressedPak for hierarchical cache Hierarchy.
[2016.01.25-20.31.05:800][  0]LogDerivedDataCache:Display: Pak cache opened for reading ../../../Engine/DerivedDataCache/Compressed.ddp.
[2016.01.25-20.31.05:812][  0]LogDerivedDataCache: Using Local data cache path C:/Users/frederic/AppData/Local/UnrealEngine/Common/DerivedDataCache: Writable
[2016.01.25-20.31.05:996][  0]LogInit: Selected Device Profile: [Windows]
[2016.01.25-20.31.05:997][  0]LogContentStreaming: Texture pool size is 0.000000MB
[2016.01.25-20.31.06:038][  0]LogMeshUtilities: No automatic mesh reduction module available
[2016.01.25-20.31.06:039][  0]LogMeshUtilities: No automatic mesh merging module available
[2016.01.25-20.31.06:409][  0]LogInit: WinSock: version 1.1 (2.2), MaxSocks=32767, MaxUdp=65467
[2016.01.25-20.31.07:483][  0]UdpMessaging: Initializing bridge on interface 0.0.0.0:0 to multicast group 230.0.0.1:6666.
[2016.01.25-20.31.07:564][  0]LogLinker:Warning: Asset '../../../../../../Users/frederic/Documents/Unreal Projects/LostAge/Content/FirstPersonCPP/Blueprints/FirstPersonCharacter.uasset' has been saved with empty engine version. The asset will be loaded but may be incompatible.
[2016.01.25-20.31.07:676][  0]LogLinker:Warning: Asset '../../../../../../Users/frederic/Documents/Unreal Projects/LostAge/Content/FirstPerson/Meshes/FirstPersonProjectileMesh.uasset' has been saved with empty engine version. The asset will be loaded but may be incompatible.
[2016.01.25-20.31.07:860][  0]LogAssetRegistry: FAssetRegistry took 0.0101 seconds to start up
[2016.01.25-20.31.08:170][  0]SourceControl: Info Source control is disabled
[2016.01.25-20.31.08:171][  0]SourceControl: Info Source control is disabled
[2016.01.25-20.31.08:185][  0]SourceControl: Info Source control is disabled
[2016.01.25-20.31.08:203][  0]SourceControl: Info Source control is disabled
[2016.01.25-20.31.08:396][  0]LogLinker:Warning: Asset '../../../Engine/Plugins/Runtime/LeapMotionController/Content/LM_PassthroughMaterial.uasset' has been saved with empty engine version. The asset will be loaded but may be incompatible.
[2016.01.25-20.31.08:498][  0]LogObj: 32001 objects as part of root set at end of initial load.
[2016.01.25-20.31.08:499][  0]LogUObjectAllocator: 7342296 out of 0 bytes used by permanent object pool.
[2016.01.25-20.31.08:576][  0]LogEngine: Initializing Engine...
[2016.01.25-20.31.08:579][  0]LogHMD: Can't find Oculus library dev build: is proper Runtime installed? Version: 0.7.0.0
[2016.01.25-20.31.08:581][  0]LogHMD: SteamVR failed to initialize.  Err: 110
[2016.01.25-20.31.08:714][  0]LogAIModule: Creating AISystem for world NewWorld
[2016.01.25-20.31.08:729][  0]LogInit: XAudio2 using 'Haut-parleurs (USB PnP Sound Device)' : 2 channels at 44.1 kHz using 16 bits per sample (channel mask 0x3)
[2016.01.25-20.31.08:736][  0]LogInit: FAudioDevice initialized.
[2016.01.25-20.31.08:756][  0]LogDerivedDataCache: Saved boot cache 0.02s 43MB C:/Users/frederic/AppData/Local/UnrealEngine/4.9/DerivedDataCache/Boot.ddc.
[2016.01.25-20.31.08:762][  0]LogInit: Texture streaming: Enabled
[2016.01.25-20.31.08:778][  0]LogAnalytics: Creating configured Analytics provider AnalyticsET
[2016.01.25-20.31.08:779][  0]LogAnalytics: [UEEditor.Rocket.Release] APIServer = http://et2.epicgames.com/ET2/. AppVersion = 4.9.2-2707645+++depot+UE4-Releases+4.9
[2016.01.25-20.31.08:779][  0]LogAnalytics: [UEEditor.Rocket.Release] SetUserId c8da8d664a36a98701fe659c10ae4ff8|70626fa7f476448fb82ad9618fbbb1ab|00e7fb16-00c3-4af4-a2a1-2cc8013aae38
[2016.01.25-20.31.08:779][  0]LogAnalytics: [UEEditor.Rocket.Release] AnalyticsET::StartSession
[2016.01.25-20.31.08:795][  0]LogInit: Transaction tracking system initialized
[2016.01.25-20.31.08:897][  0]BlueprintLog: New page: Editor Load
[2016.01.25-20.31.09:295][  0]LocalizationService: Info Localization service is disabled
[2016.01.25-20.31.09:470][  0]LogLinker:Warning: Can't find file '/Game/ThirdPersonCPP/ThirdPersonOverview'
[2016.01.25-20.31.09:471][  0]LogLinker:Warning: Can't find file '/Game/ThirdPersonCPP/ThirdPersonOverview'
[2016.01.25-20.31.09:472][  0]LogUObjectGlobals:Warning: Failed to find object 'Class /Game/ThirdPersonCPP/ThirdPersonOverview.ThirdPersonOverview_C'
[2016.01.25-20.31.09:500][  0]LogConsoleResponse:Display: 
[2016.01.25-20.31.09:623][  0]LogCook:Display: Done creating registry. It took  0.00s.
[2016.01.25-20.31.09:817][  0]LogFileCache: Scanning file cache for directory 'C:/Users/frederic/Documents/Unreal Projects/LostAge/Content/' took 0.01s
[2016.01.25-20.31.09:818][  0]SourceControl: Info Source control is disabled
[2016.01.25-20.31.09:818][  0]Cmd: MAP LOAD FILE="../../../../../../Users/frederic/Documents/Unreal Projects/LostAge/Content/FirstPersonCPP/Maps/FirstPersonExampleMap.umap" TEMPLATE=0 SHOWPROGRESS=1 FEATURELEVEL=3
[2016.01.25-20.31.09:819][  0]LightingResults: New page: Lighting Build
[2016.01.25-20.31.09:825][  0]MapCheck: New page: Map Check
[2016.01.25-20.31.09:826][  0]LightingResults: New page: Lighting Build
[2016.01.25-20.31.09:839][  0]LogParticles: Destroying 0 GPU particle simulations for FXSystem 0x0000000022FC3CE0
[2016.01.25-20.31.10:082][  0]LogAIModule: Creating AISystem for world FirstPersonExampleMap
[2016.01.25-20.31.10:124][  0]LogEditorServer: Finished looking for orphan Actors (0.000 secs)
[2016.01.25-20.31.10:125][  0]Cmd: MAP CHECKDEP NOCLEARLOG
[2016.01.25-20.31.10:223][  0]MapCheck: Info Map check complete: 0 Error(s), 0 Warning(s), took 96.252ms to complete.
[2016.01.25-20.31.10:224][  0]LogFileHelpers: Loading map 'FirstPersonExampleMap' took 0.406
[2016.01.25-20.31.10:346][  0]LogCollectionManager: Loaded 0 collections in 0.002656 seconds
[2016.01.25-20.31.10:396][  0]LogFileCache: Scanning file cache for directory 'C:/Users/frederic/Documents/Unreal Projects/LostAge/Saved/Collections/' took 0.01s
[2016.01.25-20.31.10:397][  0]LogFileCache: Scanning file cache for directory 'C:/Users/frederic/Documents/Unreal Projects/LostAge/Content/Developers/frederic/Collections/' took 0.01s
[2016.01.25-20.31.10:398][  0]LogFileCache: Scanning file cache for directory 'C:/Users/frederic/Documents/Unreal Projects/LostAge/Content/Collections/' took 0.01s
[2016.01.25-20.31.10:398][  0]LogContentBrowser: Native class hierarchy populated in 0.0104 seconds. Added 1874 classes and 335 folders.
[2016.01.25-20.31.10:409][  0]LogCollectionManager: Rebuilt the GUID cache for 0 collections in 0.000002 seconds
[2016.01.25-20.31.10:428][  0]LogContentBrowser: Native class hierarchy updated for 'WidgetCarousel' in 0.0070 seconds. Added 0 classes and 0 folders.
[2016.01.25-20.31.10:544][  0]LogContentBrowser: Native class hierarchy updated for 'AddContentDialog' in 0.0066 seconds. Added 0 classes and 0 folders.
[2016.01.25-20.31.10:570][  0]LogContentBrowser: Native class hierarchy updated for 'SceneOutliner' in 0.0049 seconds. Added 1 classes and 2 folders.
[2016.01.25-20.31.10:609][  0]LogCrashTracker: Crashtracker disabled due to settings.
[2016.01.25-20.31.10:613][  0]LogUObjectGlobals:Warning: Failed to find object 'Class None.'
[2016.01.25-20.31.10:636][  0]LogLoad: Full Startup: 8.67 seconds (BP compile: 0.09 seconds)
[2016.01.25-20.31.10:719][  0]LogContentStreaming: Texture pool size now 1000 MB
[2016.01.25-20.31.10:863][  0]LogRenderer: Reallocating scene render targets to support 1208x556 (Frame:2).
[2016.01.25-20.31.11:164][  3]LogAssetRegistry: Asset discovery search completed in 3.3148 seconds
[2016.01.25-20.31.11:165][  3]LogCollectionManager: Rebuilt the object cache for 0 collections in 0.000001 seconds (found 0 objects)
[2016.01.25-20.31.11:165][  3]LogCollectionManager: Fixed up redirectors for 0 collections in 0.000437 seconds (updated 0 objects)
[2016.01.25-20.31.13:281][236]LogBlueprintUserMessages: Early PlayInEditor Detection: Level '/Game/FirstPersonCPP/Maps/FirstPersonExampleMap.FirstPersonExampleMap:PersistentLevel' has LevelScriptBlueprint '/Game/FirstPersonCPP/Maps/FirstPersonExampleMap.FirstPersonExampleMap:PersistentLevel.FirstPersonExampleMap' with GeneratedClass '/Game/FirstPersonCPP/Maps/FirstPersonExampleMap.FirstPersonExampleMap_C' with ClassGeneratedBy '/Game/FirstPersonCPP/Maps/FirstPersonExampleMap.FirstPersonExampleMap:PersistentLevel.FirstPersonExampleMap'
[2016.01.25-20.31.13:282][236]LogPlayLevel: PlayLevel: No blueprints needed recompiling
[2016.01.25-20.31.13:283][236]PIE: New page: PIE session: FirstPersonExampleMap (Jan 25, 2016, 10:31:13 AM)
[2016.01.25-20.31.13:283][236]LogPlayLevel: Creating play world package: /Game/FirstPersonCPP/Maps/UEDPIE_0_FirstPersonExampleMap
[2016.01.25-20.31.13:311][236]LogPlayLevel: PIE: StaticDuplicateObject took: (0.027585s)
[2016.01.25-20.31.13:313][236]LogAIModule: Creating AISystem for world FirstPerso