[2016.01.26-21.00.46:457][  0]Log file open, 01/26/16 16:00:46
[2016.01.26-21.00.46:457][  0]LogInit:Display: Running engine for game: LostAge
[2016.01.26-21.00.46:458][  0]LogInit:Display: RandInit(2090571178) SRandInit(2090571178).
[2016.01.26-21.00.46:458][  0]LogTaskGraph: Started task graph with 4 named threads and 7 total threads.
[2016.01.26-21.00.46:458][  0]LogStats: Stats thread started at 0.158881
[2016.01.26-21.00.46:458][  0]LogInit: Version: 4.9.2-2707645+++depot+UE4-Releases+4.9
[2016.01.26-21.00.46:459][  0]LogInit: API Version: 2672455
[2016.01.26-21.00.46:459][  0]LogInit: Compiled (64-bit): Sep 28 2015 10:25:44
[2016.01.26-21.00.46:459][  0]LogInit: Compiled with Visual C++: 18.00.21005.01
[2016.01.26-21.00.46:459][  0]LogInit: Build Configuration: Development
[2016.01.26-21.00.46:460][  0]LogInit: Branch Name: ++depot+UE4-Releases+4.9
[2016.01.26-21.00.46:460][  0]LogInit: Command line: 
[2016.01.26-21.00.46:460][  0]LogInit: Base directory: C:/Program Files/Epic Games/4.9/Engine/Binaries/Win64/
[2016.01.26-21.00.46:460][  0]LogInit: Rocket: 1
[2016.01.26-21.00.46:495][  0]LogInit: Using libcurl 7.41.0
[2016.01.26-21.00.46:496][  0]LogInit:  - built for x86_64-pc-win32
[2016.01.26-21.00.46:496][  0]LogInit:  - supports SSL with WinSSL
[2016.01.26-21.00.46:496][  0]LogInit:  - other features:
[2016.01.26-21.00.46:496][  0]LogInit:      CURL_VERSION_SSL
[2016.01.26-21.00.46:497][  0]LogInit:      CURL_VERSION_IPV6
[2016.01.26-21.00.46:497][  0]LogInit:      CURL_VERSION_ASYNCHDNS
[2016.01.26-21.00.46:497][  0]LogInit:      CURL_VERSION_LARGEFILE
[2016.01.26-21.00.46:498][  0]LogInit:      CURL_VERSION_IDN
[2016.01.26-21.00.46:498][  0]LogInit:  CurlRequestOptions (configurable via config and command line):
[2016.01.26-21.00.46:498][  0]LogInit:  - bVerifyPeer = true  - Libcurl will verify peer certificate
[2016.01.26-21.00.46:499][  0]LogInit:  - bUseHttpProxy = false  - Libcurl will NOT use HTTP proxy
[2016.01.26-21.00.46:499][  0]LogInit:  - bDontReuseConnections = false  - Libcurl will reuse connections
[2016.01.26-21.00.46:499][  0]LogInit:  - CertBundlePath = nullptr  - Libcurl will use whatever was configured at build time.
[2016.01.26-21.00.46:565][  0]LogInit: WinSock: version 1.1 (2.2), MaxSocks=32767, MaxUdp=65467
[2016.01.26-21.00.46:579][  0]LogVoice:Warning: Failed to initialize voice interface
[2016.01.26-21.00.46:585][  0]LogInit: Presizing for 0 objects not considered by GC, pre-allocating 0 bytes.
[2016.01.26-21.00.46:595][  0]LogInit: Object subsystem initialized
[2016.01.26-21.00.46:598][  0]LogInit: Selected Device Profile: [Windows]
[2016.01.26-21.00.46:598][  0]LogInit: Applying CVar settings loaded from the selected device profile: [Windows]
[2016.01.26-21.00.46:606][  0]LogInit: Computer: FREDERIC-PC
[2016.01.26-21.00.46:607][  0]LogInit: User: frederic
[2016.01.26-21.00.46:607][  0]LogInit: CPU Page size=4096, Cores=4
[2016.01.26-21.00.46:607][  0]LogInit: High frequency timer resolution =3.331240 MHz
[2016.01.26-21.00.46:608][  0]LogMemory: Memory total: Physical=15.9GB (16GB approx)
[2016.01.26-21.00.46:608][  0]LogMemory: Platform Memory Stats for Windows
[2016.01.26-21.00.46:608][  0]LogMemory: Process Physical Memory: 54.63 MB used, 54.63 MB peak
[2016.01.26-21.00.46:608][  0]LogMemory: Process Virtual Memory: 55.75 MB used, 55.75 MB peak
[2016.01.26-21.00.46:609][  0]LogMemory: Physical Memory: 9668.53 MB used, 16288.39 MB total
[2016.01.26-21.00.46:609][  0]LogMemory: Virtual Memory: 337.63 MB used, 8388608.00 MB total
[2016.01.26-21.00.46:694][  0]LogTextLocalizationManager: No translations for ('fr-CA') exist, falling back to 'en' for localization and internationalization data.
[2016.01.26-21.00.47:402][  0]LogD3D11RHI: Found D3D11 adapter 0: NVIDIA GeForce GTX 970 (Feature Level 11_0)
[2016.01.26-21.00.47:402][  0]LogD3D11RHI: Adapter has 4008MB of dedicated video memory, 0MB of dedicated system memory, and 7888MB of shared system memory, 1 output[s]
[2016.01.26-21.00.47:412][  0]LogD3D11RHI: Found D3D11 adapter 1: Intel(R) HD Graphics 3000 (Feature Level 10_0)
[2016.01.26-21.00.47:413][  0]LogD3D11RHI: Adapter has 64MB of dedicated video memory, 0MB of dedicated system memory, and 1632MB of shared system memory, 0 output[s]
[2016.01.26-21.00.47:413][  0]LogD3D11RHI: Chosen D3D11 Adapter Id = 0
[2016.01.26-21.00.47:418][  0]LogD3D11RHI: !Direct3DDevice
[2016.01.26-21.00.47:419][  0]LogRHI: Texture pool is 1361 MB (70% of 1945 MB)
[2016.01.26-21.00.47:477][  0]LogD3D11RHI: Async texture creation enabled
[2016.01.26-21.00.47:497][  0]LogShaderCompilers: Guid format shader working directory is 15 characters bigger than the processId version (../../../../../../Users/frederic/Documents/Unreal Projects/LostAge/Intermediate/Shaders/WorkingDirectory/6928/).
[2016.01.26-21.00.47:498][  0]LogShaderCompilers: Cleaned the shader compiler working directory '../../../../../../Users/frederic/Documents/Unreal Projects/LostAge/Intermediate/Shaders/tmp/5AEECF764808BA7975022FAE8EF6B798/'.
[2016.01.26-21.00.47:498][  0]LogShaderCompilers:Display: Using Local Shader Compiler.
[2016.01.26-21.00.48:748][  0]LogTemp:Display: Loaded TP AllDesktopTargetPlatform
[2016.01.26-21.00.48:767][  0]LogTemp:Display: Loaded TP WindowsClientTargetPlatform
[2016.01.26-21.00.48:787][  0]LogTemp:Display: Loaded TP WindowsNoEditorTargetPlatform
[2016.01.26-21.00.48:808][  0]LogTemp:Display: Loaded TP WindowsServerTargetPlatform
[2016.01.26-21.00.48:827][  0]LogTemp:Display: Loaded TP WindowsTargetPlatform
[2016.01.26-21.00.48:834][  0]LogTemp:Display: Loaded TP AndroidTargetPlatform
[2016.01.26-21.00.48:842][  0]LogTemp:Display: Loaded TP Android_ASTCTargetPlatform
[2016.01.26-21.00.48:850][  0]LogTemp:Display: Loaded TP Android_ATCTargetPlatform
[2016.01.26-21.00.48:860][  0]LogTemp:Display: Loaded TP Android_DXTTargetPlatform
[2016.01.26-21.00.48:868][  0]LogTemp:Display: Loaded TP Android_ETC1TargetPlatform
[2016.01.26-21.00.48:878][  0]LogTemp:Display: Loaded TP Android_ETC2TargetPlatform
[2016.01.26-21.00.48:885][  0]LogTemp:Display: Loaded TP Android_PVRTCTargetPlatform
[2016.01.26-21.00.48:890][  0]LogTemp:Display: Loaded TP HTML5TargetPlatform
[2016.01.26-21.00.48:923][  0]LogTemp:Display: Loaded TP IOSTargetPlatform
[2016.01.26-21.00.48:931][  0]LogTemp:Display: Loaded TP LinuxNoEditorTargetPlatform
[2016.01.26-21.00.48:938][  0]LogTemp:Display: Loaded TP LinuxServerTargetPlatform
[2016.01.26-21.00.48:946][  0]LogTemp:Display: Loaded TP LinuxTargetPlatform
[2016.01.26-21.00.48:946][  0]LogTargetPlatformManager:Display: Building Assets For Windows
[2016.01.26-21.00.49:191][  0]LogDerivedDataCache:Display: Max Cache Size: 512 MB
[2016.01.26-21.00.49:244][  0]LogDerivedDataCache: Loaded boot cache 0.05s 43MB C:/Users/frederic/AppData/Local/UnrealEngine/4.9/DerivedDataCache/Boot.ddc.
[2016.01.26-21.00.49:245][  0]LogDerivedDataCache:Display: Loaded Boot cache: C:/Users/frederic/AppData/Local/UnrealEngine/4.9/DerivedDataCache/Boot.ddc
[2016.01.26-21.00.49:245][  0]LogDerivedDataCache: FDerivedDataBackendGraph:  Pak pak cache file ../../../../../../Users/frederic/Documents/Unreal Projects/LostAge/DerivedDataCache/DDC.ddp not found, will not use a pak cache.
[2016.01.26-21.00.49:245][  0]LogDerivedDataCache: Unable to find inner node Pak for hierarchical cache Hierarchy.
[2016.01.26-21.00.49:246][  0]LogDerivedDataCache: FDerivedDataBackendGraph:  CompressedPak pak cache file ../../../../../../Users/frederic/Documents/Unreal Projects/LostAge/DerivedDataCache/Compressed.ddp not found, will not use a pak cache.
[2016.01.26-21.00.49:246][  0]LogDerivedDataCache: Unable to find inner node CompressedPak for hierarchical cache Hierarchy.
[2016.01.26-21.00.49:395][  0]LogDerivedDataCache:Display: Pak cache opened for reading ../../../Engine/DerivedDataCache/Compressed.ddp.
[2016.01.26-21.00.49:407][  0]LogDerivedDataCache: Using Local data cache path C:/Users/frederic/AppData/Local/UnrealEngine/Common/DerivedDataCache: Writable
[2016.01.26-21.00.49:611][  0]LogInit: Selected Device Profile: [Windows]
[2016.01.26-21.00.49:613][  0]LogContentStreaming: Texture pool size is 0.000000MB
[2016.01.26-21.00.49:654][  0]LogMeshUtilities: No automatic mesh reduction module available
[2016.01.26-21.00.49:654][  0]LogMeshUtilities: No automatic mesh merging module available
[2016.01.26-21.00.51:209][  0]UdpMessaging: Initializing bridge on interface 0.0.0.0:0 to multicast group 230.0.0.1:6666.
[2016.01.26-21.01.01:263][  0]LogAssetRegistry: FAssetRegistry took 0.0107 seconds to start up
[2016.01.26-21.01.01:676][  0]SourceControl: Info Source control is disabled
[2016.01.26-21.01.01:678][  0]SourceControl: Info Source control is disabled
[2016.01.26-21.01.01:698][  0]SourceControl: Info Source control is disabled
[2016.01.26-21.01.01:723][  0]SourceControl: Info Source control is disabled
[2016.01.26-21.01.01:932][  0]LogLinker:Warning: Asset '../../../Engine/Plugins/Runtime/LeapMotionController/Content/LM_PassthroughMaterial.uasset' has been saved with empty engine version. The asset will be loaded but may be incompatible.
[2016.01.26-21.01.02:048][  0]LogObj: 31792 objects as part of root set at end of initial load.
[2016.01.26-21.01.02:048][  0]LogUObjectAllocator: 7252992 out of 0 bytes used by permanent object pool.
[2016.01.26-21.01.02:154][  0]LogEngine: Initializing Engine...
[2016.01.26-21.01.02:157][  0]LogHMD: Can't find Oculus library dev build: is proper Runtime installed? Version: 0.7.0.0
[2016.01.26-21.01.02:159][  0]LogHMD: SteamVR failed to initialize.  Err: 110
[2016.01.26-21.01.02:323][  0]LogAIModule: Creating AISystem for world NewWorld
[2016.01.26-21.01.02:341][  0]LogInit: XAudio2 using 'Haut-parleurs (Realtek High Definition Audio)' : 2 channels at 48 kHz using 32 bits per sample (channel mask 0x3)
[2016.01.26-21.01.02:361][  0]LogInit: FAudioDevice initialized.
[2016.01.26-21.01.02:384][  0]LogDerivedDataCache: Saved boot cache 0.02s 43MB C:/Users/frederic/AppData/Local/UnrealEngine/4.9/DerivedDataCache/Boot.ddc.
[2016.01.26-21.01.02:391][  0]LogInit: Texture streaming: Enabled
[2016.01.26-21.01.02:414][  0]LogAnalytics: Creating configured Analytics provider AnalyticsET
[2016.01.26-21.01.02:414][  0]LogAnalytics: [UEEditor.Rocket.Release] APIServer = http://et2.epicgames.com/ET2/. AppVersion = 4.9.2-2707645+++depot+UE4-Releases+4.9
[2016.01.26-21.01.02:415][  0]LogAnalytics: [UEEditor.Rocket.Release] SetUserId c8da8d664a36a98701fe659c10ae4ff8|70626fa7f476448fb82ad9618fbbb1ab|00e7fb16-00c3-4af4-a2a1-2cc8013aae38
[2016.01.26-21.01.02:415][  0]LogAnalytics: [UEEditor.Rocket.Release] AnalyticsET::StartSession
[2016.01.26-21.01.02:440][  0]LogInit: Transaction tracking system initialized
[2016.01.26-21.01.02:575][  0]BlueprintLog: New page: Editor Load
[2016.01.26-21.01.03:060][  0]LocalizationService: Info Localization service is disabled
[2016.01.26-21.01.03:261][  0]LogLinker:Warning: Can't find file '/Game/ThirdPersonCPP/ThirdPersonOverview'
[2016.01.26-21.01.03:262][  0]LogLinker:Warning: Can't find file '/Game/ThirdPersonCPP/ThirdPersonOverview'
[2016.01.26-21.01.03:262][  0]LogUObjectGlobals:Warning: Failed to find object 'Class /Game/ThirdPersonCPP/ThirdPersonOverview.ThirdPersonOverview_C'
[2016.01.26-21.01.03:300][  0]LogConsoleResponse:Display: 
[2016.01.26-21.01.03:455][  0]LogCook:Display: Done creating registry. It took  0.00s.
[2016.01.26-21.01.03:671][  0]LogFileCache: Scanning file cache for directory 'C:/Users/frederic/Documents/Unreal Projects/LostAge/Content/' took 0.01s
[2016.01.26-21.01.03:672][  0]SourceControl: Info Source control is disabled
[2016.01.26-21.01.03:672][  0]Cmd: MAP LOAD FILE="../../../../../../Users/frederic/Documents/Unreal Projects/LostAge/Content/FirstPersonCPP/Maps/MainMenu.umap" TEMPLATE=0 SHOWPROGRESS=1 FEATURELEVEL=3
[2016.01.26-21.01.03:673][  0]LightingResults: New page: Lighting Build
[2016.01.26-21.01.03:680][  0]MapCheck: New page: Map Check
[2016.01.26-21.01.03:680][  0]LightingResults: New page: Lighting Build
[2016.01.26-21.01.03:693][  0]LogParticles: Destroying 0 GPU particle simulations for FXSystem 0x0000000023316160
[2016.01.26-21.01.03:701][  0]LogAIModule: Creating AISystem for world MainMenu
[2016.01.26-21.01.03:702][  0]LogEditorServer: Finished looking for orphan Actors (0.000 secs)
[2016.01.26-21.01.03:704][  0]Cmd: MAP CHECKDEP NOCLEARLOG
[2016.01.26-21.01.03:754][  0]MapCheck: Info Map check complete: 0 Error(s), 0 Warning(s), took 49.331ms to complete.
[2016.01.26-21.01.03:754][  0]LogFileHelpers: Loading map 'MainMenu' took 0.082
[2016.01.26-21.01.03:870][  0]LogCollectionManager: Loaded 0 collections in 0.002330 seconds
[2016.01.26-21.01.03:916][  0]LogFileCache: Scanning file cache for directory 'C:/Users/frederic/Documents/Unreal Projects/LostAge/Saved/Collections/' took 0.01s
[2016.01.26-21.01.03:917][  0]LogFileCache: Scanning file cache for directory 'C:/Users/frederic/Documents/Unreal Projects/LostAge/Content/Developers/frederic/Collections/' took 0.01s
[2016.01.26-21.01.03:917][  0]LogFileCache: Scanning file cache for directory 'C:/Users/frederic/Documents/Unreal Projects/LostAge/Content/Collections/' took 0.01s
[2016.01.26-21.01.03:917][  0]LogContentBrowser: Native class hierarchy populated in 0.0096 seconds. Added 1875 classes and 335 folders.
[2016.01.26-21.01.03:928][  0]LogCollectionManager: Rebuilt the GUID cache for 0 collections in 0.000004 seconds
[2016.01.26-21.01.03:946][  0]LogContentBrowser: Native class hierarchy updated for 'WidgetCarousel' in 0.0036 seconds. Added 0 classes and 0 folders.
[2016.01.26-21.01.04:020][  0]LogContentBrowser: Native class hierarchy updated for 'AddContentDialog' in 0.0019 seconds. Added 0 classes and 0 folders.
[2016.01.26-21.01.04:048][  0]LogContentBrowser: Native class hierarchy updated for 'SceneOutliner' in 0.0019 seconds. Added 1 classes and 2 folders.
[2016.01.26-21.01.04:089][  0]LogCrashTracker: Crashtracker disabled due to settings.
[2016.01.26-21.01.04:094][  0]LogUObjectGlobals:Warning: Failed to find object 'Class None.'
[2016.01.26-21.01.04:117][  0]LogLoad: Full Startup: 18.73 seconds (BP compile: 0.52 seconds)
[2016.01.26-21.01.04:206][  0]LogContentStreaming: Texture pool size now 1000 MB
[2016.01.26-21.01.04:360][  2]LogRenderer: Reallocating scene render targets to support 944x484 (Frame:2).
[2016.01.26-21.01.04:554][  4]LogAssetRegistry: Asset discovery search completed in 3.3015 seconds
[2016.01.26-21.01.04:556][  4]LogCollectionManager: Rebuilt the object cache for 0 collections in 0.000001 seconds (found 0 objects)
[2016.01.26-21.01.04:557][  4]LogCollectionManager: Fixed up redirectors for 0 collections in 0.000794 seconds (updated 0 objects)
[2016.01.26-21.01.07:971][403]LogPlayLevel: PlayLevel: No blueprints needed recompiling
[2016.01.26-21.01.07:972][403]PIE: New page: PIE session: MainMenu (Jan 26, 2016, 11:01:07 AM)
[2016.01.26-21.01.08:040][403]LogPlayLevel: Creating play world package: /Game/FirstPersonCPP/Maps/UEDPIE_0_MainMenu
[2016.01.26-21.01.08:041][403]LogPlayLevel: PIE: StaticDuplicateObject took: (0.000521s)
[2016.01.26-21.01.08:042][403]LogAIModule: Creating AISystem for world MainMenu
[2016.01.26-21.01.08:043][403]LogPlayLevel: PIE: World Init took: (0.001359s)
[2016.01.26-21.01.08:043][403]LogPlayLevel: PIE: Created PIE world by copying editor world from /Game/FirstPersonCPP/Maps/MainMenu.MainMenu to /Game/FirstPersonCPP/Maps/UEDPIE_0_MainMenu.MainMenu (0.003307s)
[2016.01.26-21.01.08:070][403]LogInit: XAudio2 using 'Haut-parleurs (Realtek High Definition Audio)' : 2 channels at 48 kHz using 32 bits per sample (channel mask 0x3)
[2016.01.26-21.01.08:083][403]LogInit: FAudioDevice initialized.
[2016.01.26-21.01.08:138][403]LogWorld: Game class is 'LostAgeGameMode'
[2016.01.26-21.01.16:398][403]LogWorld: Bringing World /Game/FirstPersonCPP/Maps/UEDPIE_0_MainMenu.MainMenu up for play (max tick rate 3) at 2016.01.26-16.01.16
[2016.01.26-21.01.16:399][403]LogActor:Warning: GameSession /Game/FirstPersonCPP/Maps/UEDPIE_0_MainMenu.MainMenu:PersistentLevel.GameSession_0 has natively added scene component(s), but none of them were set as the actor's RootComponent - picking one arbitrarily
[2016.01.26-21.01.16:400][403]LogActor:Warning: GameNetworkManager /Game/FirstPersonCPP/Maps/UEDPIE_0_MainMenu.MainMenu:PersistentLevel.GameNetworkManager_0 has natively added scene component(s), but none of them were set as the actor's RootComponent - picking one arbitrarily
[2016.01.26-21.01.16:400][403]LogWorld: Bringing up level for play took: 0.002349
[2016.01.26-21.01.16:423][403]LogVoice:Warning: Failed to initialize voice interface
[2016.01.26-21.01.16:830][403]LogOnline:Warning: NULL: Can't start an online game for session (Game) that hasn't been created
[2016.01.26-21.01.17:803][403]PIE: Info Play in editor start time for /Game/FirstPersonCPP/Maps/UEDPIE_0_MainMenu 10.259
[2016.01.26-21.01.17:815][404]LogRenderer: Reallocating scene render targets to support 1280x720 (Frame:398).
[2016.01.26-21.01.24:404][744]LogInit: WinSock: I am frederic-PC (192.168.1.103:0)
[2016.01.26-21.01.32:863][758]LogNet: Browse: 192.168.1.103//Game/FirstPersonCPP/Maps/MainMenu
[2016.01.26-21.01.32:863][758]LogInit: WinSock: Socket queue 32768 / 32768
[2016.01.26-21.01.32:864][758]LogNet: Game client on port 7777, rate 10000
[2016.01.26-21.01.32:865][758]LogNet: GetLocalNetworkVersion: GEngineNetVersion: 2707645, ProjectName: lostage, ProjectVersion: 1.0.0.0, InternalProtocolVersion: 9, LocalNetworkVersion: 4161370921
[2016.01.26-21.01.32:896][762]LogNet: Welcomed by server (Level: /Game/FirstPersonCPP/Maps/FirstPersonExampleMap, Game: /Script/LostAge.LostAgeGameMode)
[2016.01.26-21.01.32:897][762]LogLoad: LoadMap: 192.168.1.103//Game/FirstPersonCPP/Maps/FirstPersonExampleMap?game=/Script/LostAge.LostAgeGameMode
[2016.01.26-21.01.32:914][762]LogParticles: Destroying 0 GPU particle simulations for FXSystem 0x0000000026AF8AE0
[2016.01.26-21.01.32:918][762]Cmd: MEM
[2016.01.26-21.01.32:931][762]LogMemory: Platform Memory Stats for Windows
[2016.01.26-21.01.32:931][762]LogMemory: Process Physical Memory: 563.68 MB used, 567.04 MB peak
[2016.01.26-21.01.32:931][762]LogMemory: Process Virtual Memory: 990.53 MB used, 1062.82 MB peak
[2016.01.26-21.01.32:932][762]LogMemory: Physical Memory: 10710.44 MB used, 16288.39 MB total
[2016.01.26-21.01.32:932][762]LogMemory: Virtual Memory: 1606.27 MB used, 8388608.00 MB total
[2016.01.26-21.01.32:932][762]LogMemory: 
[2016.01.26-21.01.32:933][762]Allocator Stats for TBB: (not implemented)
[2016.01.26-21.01.33:158][762]LogAIModule: Creating AISystem for world FirstPersonExampleMap
[2016.01.26-21.01.33:162][762]LogWorld: Bringing World /Game/FirstPersonCPP/Maps/FirstPersonExampleMap.FirstPersonExampleMap up for play (max tick rate 0) at 2016.01.26-16.01.33
[2016.01.26-21.01.33:163][762]LogWorld: Bringing up level for play took: 0.002870
[2016.01.26-21.02.37:536][763]LogNet: UChannel::ReceivedSequencedBunch: Bunch.bClose == true. ChIndex == 0. Calling ConditionalCleanUp.
[2016.01.26-21.02.37:536][763]LogNet: UChannel::CleanUp: [GameNetDriver] [LostAgePlayerController_0] [LostAgePlayerController_0]. ChIndex == 0. Closing connection.
[2016.01.26-21.02.37:537][763]LogNet: UNetConnection::Close: Name: IpConnection_0, Driver: GameNetDriver IpNetDriver_0, PC: LostAgePlayerController_0, Owner: LostAgePlayerController_0, Channels: 10, RemoteAddr: 192.168.1.103:7777, Time: 2016.01.26-21.02.37
[2016.01.26-21.02.37:537][763]LogNet: UChannel::Close: Sending CloseBunch. ChIndex == 0. Name: ControlChannel_0
[2016.01.26-21.02.37:537][763]LogNet:Warning: Network Failure: GameNetDriver[ConnectionLost]: Your connection to the host has been lost.
[2016.01.26-21.02.37:538][763]LogNet: NetworkFailure: ConnectionLost, Error: 'Your connection to the host has been lost.'
[2016.01.26-21.02.37:538][763]LogNet:Warning: FObjectReplicator::UpdateUnmappedObjects: Connection->State == USOCK_Closed
[2016.01.26-21.02.37:539][763]LogNet:Warning: FObjectReplicator::UpdateUnmappedObjects: Connection->State == USOCK_Closed
[2016.01.26-21.02.37:539][763]LogNet:Warning: FObjectReplicator::UpdateUnmappedObjects: Connection->State == USOCK_Closed
[2016.01.26-21.02.37:540][763]LogNet:Warning: FObjectReplicator::UpdateUnmappedObjects: Connection->State == USOCK_Closed
[2016.01.26-21.02.37:743][764]LogNet: Browse: /Game/FirstPersonCPP/Maps/MainMenu?closed
[2016.01.26-21.02.37:743][764]LogNet: Failed; returning to Entry
[2016.01.26-21.02.38:316][764]LogLoad: LoadMap: /Game/FirstPersonCPP/Maps/MainMenu?closed
[2016.01.26-21.02.38:316][764]LogNet: World NetDriver shutdown IpNetDriver_0 [GameNetDriver]
[2016.01.26-21.02.38:316][764]LogNet: DestroyNamedNetDriver IpNetDriver_0 [GameNetDriver]
[2016.01.26-21.02.38:317][764]LogExit: GameNetDriver IpNetDriver_0 shut down
[2016.01.26-21.02.38:333][764]LogParticles: Destroying 0 GPU particle simulations for FXSystem 0x000000003731FCE0
[2016.01.26-21.02.38:428][764]Cmd: MEM
[2016.01.26-21.02.38:440][764]LogMemory: Platform Memory Stats for Windows
[2016.01.26-21.02.38:441][764]LogMemory: Process Physical Memory: 592.80 MB used, 977.73 MB peak
[2016.01.26-21.02.38:441][764]LogMemory: Process Virtual Memory: 1112.76 MB used, 1522.21 MB peak
[2016.01.26-21.02.38:441][764]LogMemory: Physical Memory: 10789.46 MB used, 16288.39 MB total
[2016.01.26-21.02.38:442][764]LogMemory: Virtual Memory: 1721.64 MB used, 8388608.00 MB total
[2016.01.26-21.02.38:442][764]LogMemory: 
[2016.01.26-21.02.38:442][764]Allocator Stats for TBB: (not implemented)
[2016.01.26-21.02.38:443][764]LogPlayLevel: Creating play world package: /Game/FirstPersonCPP/Maps/UEDPIE_0_MainMenu
[2016.01.26-21.02.38:444][764]LogPlayLevel: PIE: StaticDuplicateObject took: (0.000529s)
[2016.01.26-21.02.38:444][764]LogAIModule: Creating AISystem for world MainMenu
[2016.01.26-21.02.38:445][764]LogPlayLevel: PIE: World Init took: (0.001322s)
[2016.01.26-21.02.38:446][764]LogPlayLevel: PIE: Created PIE world by copying editor world from /Game/FirstPersonCPP/Maps/MainMenu.MainMenu to /Game/FirstPersonCPP/Maps/UEDPIE_0_MainMenu.MainMenu (0.002943s)
[2016.01.26-21.02.38:446][764]LogWorld: Game class is 'LostAgeGameMode'
[2016.01.26-21.02.57:819][764]LogWorld: Bringing World /Game/FirstPersonCPP/Maps/UEDPIE_0_MainMenu.MainMenu up for play (max tick rate 3) at 2016.01.26-16.02.57
[2016.01.26-21.02.57:821][764]LogActor:Warning: GameSession /Game/FirstPersonCPP/Maps/UEDPIE_0_MainMenu.MainMenu:PersistentLevel.GameSession_1 has natively added scene component(s), but none of them were set as the actor's RootComponent - picking one arbitrarily
[2016.01.26-21.02.57:821][764]LogActor:Warning: GameNetworkManager /Game/FirstPersonCPP/Maps/UEDPIE_0_MainMenu.MainMenu:PersistentLevel.GameNetworkManager_1 has natively added scene component(s), but none of them were set as the actor's RootComponent - picking one arbitrarily
[2016.01.26-21.02.57:822][764]LogWorld: Bringing up level for play took: 0.003518
[2016.01.26-21.02.57:823][764]LogGameMode: Warning - PATHS NOT DEFINED or NO PLAYERSTART with positive rating
[2016.01.26-21.03.10:184][391]LogOnline:Display: NULL: FOnlineSubsystemNull::Shutdown()
[2016.01.26-21.03.10:185][391]LogPlayLevel:Display: Shutting down PIE online subsystems
[2016.01.26-21.03.10:215][392]LogParticles: Destroying 0 GPU particle simulations for FXSystem 0x0000000027004F40
[2016.01.26-21.03.10:464][392]LogPlayLevel:Display: Destroying online subsystem :Context_2
[2016.01.26-21.03.10:464][392]LogOnline:Display: NULL: FOnlineSubsystemNull::Shutdown()
[2016.01.26-21.03.23:040][729]LogPlayLevel: PlayLevel: No blueprints needed recompiling
[2016.01.26-21.03.23:041][729]PIE: New page: PIE session: MainMenu (Jan 26, 2016, 11:03:23 AM)
[2016.01.26-21.03.23:042][729]LogPlayLevel: Creating play world package: /Game/FirstPersonCPP/Maps/UEDPIE_0_MainMenu
[2016.01.26-21.03.23:042][729]LogPlayLevel: PIE: StaticDuplicateObject took: (0.000515s)
[2016.01.26-21.03.23:043][729]LogAIModule: Creating AISystem for world MainMenu
[2016.01.26-21.03.23:044][729]LogPlayLevel: PIE: World Init took: (0.001122s)
[2016.01.26-21.03.23:044][729]LogPlayLevel: PIE: Created PIE world by copying editor world from /Game/FirstPersonCPP/Maps/MainMenu.MainMenu to /Game/FirstPersonCPP/Maps/UEDPIE_0_MainMenu.MainMenu (0.002779s)
[2016.01.26-21.03.23:068][729]LogInit: XAudio2 using 'Haut-par