[2016.01.27-03.39.30:972][  0]Log file open, 01/26/16 22:39:30
[2016.01.27-03.39.30:972][  0]LogInit:Display: Running engine for game: LostAge
[2016.01.27-03.39.30:972][  0]LogInit:Display: RandInit(-391357629) SRandInit(-391357629).
[2016.01.27-03.39.30:973][  0]LogTaskGraph: Started task graph with 4 named threads and 7 total threads.
[2016.01.27-03.39.30:973][  0]LogStats: Stats thread started at 0.155910
[2016.01.27-03.39.30:973][  0]LogInit: Version: 4.9.2-2707645+++depot+UE4-Releases+4.9
[2016.01.27-03.39.30:973][  0]LogInit: API Version: 2672455
[2016.01.27-03.39.30:974][  0]LogInit: Compiled (64-bit): Sep 28 2015 10:25:44
[2016.01.27-03.39.30:974][  0]LogInit: Compiled with Visual C++: 18.00.21005.01
[2016.01.27-03.39.30:974][  0]LogInit: Build Configuration: Development
[2016.01.27-03.39.30:974][  0]LogInit: Branch Name: ++depot+UE4-Releases+4.9
[2016.01.27-03.39.30:974][  0]LogInit: Command line: 
[2016.01.27-03.39.30:975][  0]LogInit: Base directory: C:/Program Files/Epic Games/4.9/Engine/Binaries/Win64/
[2016.01.27-03.39.30:975][  0]LogInit: Rocket: 1
[2016.01.27-03.39.31:030][  0]LogInit: Using libcurl 7.41.0
[2016.01.27-03.39.31:030][  0]LogInit:  - built for x86_64-pc-win32
[2016.01.27-03.39.31:030][  0]LogInit:  - supports SSL with WinSSL
[2016.01.27-03.39.31:030][  0]LogInit:  - other features:
[2016.01.27-03.39.31:031][  0]LogInit:      CURL_VERSION_SSL
[2016.01.27-03.39.31:031][  0]LogInit:      CURL_VERSION_IPV6
[2016.01.27-03.39.31:031][  0]LogInit:      CURL_VERSION_ASYNCHDNS
[2016.01.27-03.39.31:031][  0]LogInit:      CURL_VERSION_LARGEFILE
[2016.01.27-03.39.31:032][  0]LogInit:      CURL_VERSION_IDN
[2016.01.27-03.39.31:032][  0]LogInit:  CurlRequestOptions (configurable via config and command line):
[2016.01.27-03.39.31:032][  0]LogInit:  - bVerifyPeer = true  - Libcurl will verify peer certificate
[2016.01.27-03.39.31:032][  0]LogInit:  - bUseHttpProxy = false  - Libcurl will NOT use HTTP proxy
[2016.01.27-03.39.31:032][  0]LogInit:  - bDontReuseConnections = false  - Libcurl will reuse connections
[2016.01.27-03.39.31:033][  0]LogInit:  - CertBundlePath = nullptr  - Libcurl will use whatever was configured at build time.
[2016.01.27-03.39.31:095][  0]LogInit: WinSock: version 1.1 (2.2), MaxSocks=32767, MaxUdp=65467
[2016.01.27-03.39.31:111][  0]LogVoice:Warning: Failed to initialize voice interface
[2016.01.27-03.39.31:117][  0]LogInit: Presizing for 0 objects not considered by GC, pre-allocating 0 bytes.
[2016.01.27-03.39.31:126][  0]LogInit: Object subsystem initialized
[2016.01.27-03.39.31:128][  0]LogInit: Selected Device Profile: [Windows]
[2016.01.27-03.39.31:128][  0]LogInit: Applying CVar settings loaded from the selected device profile: [Windows]
[2016.01.27-03.39.31:136][  0]LogInit: Computer: FREDERIC-PC
[2016.01.27-03.39.31:137][  0]LogInit: User: frederic
[2016.01.27-03.39.31:137][  0]LogInit: CPU Page size=4096, Cores=4
[2016.01.27-03.39.31:137][  0]LogInit: High frequency timer resolution =3.331220 MHz
[2016.01.27-03.39.31:137][  0]LogMemory: Memory total: Physical=15.9GB (16GB approx)
[2016.01.27-03.39.31:138][  0]LogMemory: Platform Memory Stats for Windows
[2016.01.27-03.39.31:138][  0]LogMemory: Process Physical Memory: 54.77 MB used, 54.77 MB peak
[2016.01.27-03.39.31:138][  0]LogMemory: Process Virtual Memory: 55.73 MB used, 55.73 MB peak
[2016.01.27-03.39.31:138][  0]LogMemory: Physical Memory: 5469.91 MB used, 16288.39 MB total
[2016.01.27-03.39.31:139][  0]LogMemory: Virtual Memory: 337.63 MB used, 8388608.00 MB total
[2016.01.27-03.39.31:229][  0]LogTextLocalizationManager: No translations for ('fr-CA') exist, falling back to 'en' for localization and internationalization data.
[2016.01.27-03.39.32:076][  0]LogD3D11RHI: Found D3D11 adapter 0: NVIDIA GeForce GTX 970 (Feature Level 11_0)
[2016.01.27-03.39.32:076][  0]LogD3D11RHI: Adapter has 4008MB of dedicated video memory, 0MB of dedicated system memory, and 7888MB of shared system memory, 1 output[s]
[2016.01.27-03.39.32:085][  0]LogD3D11RHI: Found D3D11 adapter 1: Intel(R) HD Graphics 3000 (Feature Level 10_0)
[2016.01.27-03.39.32:085][  0]LogD3D11RHI: Adapter has 64MB of dedicated video memory, 0MB of dedicated system memory, and 1632MB of shared system memory, 0 output[s]
[2016.01.27-03.39.32:085][  0]LogD3D11RHI: Chosen D3D11 Adapter Id = 0
[2016.01.27-03.39.32:090][  0]LogD3D11RHI: !Direct3DDevice
[2016.01.27-03.39.32:091][  0]LogRHI: Texture pool is 1361 MB (70% of 1945 MB)
[2016.01.27-03.39.32:142][  0]LogD3D11RHI: Async texture creation enabled
[2016.01.27-03.39.32:157][  0]LogShaderCompilers: Guid format shader working directory is 15 characters bigger than the processId version (../../../../../../Users/frederic/Documents/Unreal Projects/LostAge/Intermediate/Shaders/WorkingDirectory/7328/).
[2016.01.27-03.39.32:158][  0]LogShaderCompilers: Cleaned the shader compiler working directory '../../../../../../Users/frederic/Documents/Unreal Projects/LostAge/Intermediate/Shaders/tmp/F2715DCA4D272CEE620692882F619FB2/'.
[2016.01.27-03.39.32:158][  0]LogShaderCompilers:Display: Using Local Shader Compiler.
[2016.01.27-03.39.33:431][  0]LogTemp:Display: Loaded TP AllDesktopTargetPlatform
[2016.01.27-03.39.33:447][  0]LogTemp:Display: Loaded TP WindowsClientTargetPlatform
[2016.01.27-03.39.33:464][  0]LogTemp:Display: Loaded TP WindowsNoEditorTargetPlatform
[2016.01.27-03.39.33:480][  0]LogTemp:Display: Loaded TP WindowsServerTargetPlatform
[2016.01.27-03.39.33:495][  0]LogTemp:Display: Loaded TP WindowsTargetPlatform
[2016.01.27-03.39.33:505][  0]LogTemp:Display: Loaded TP AndroidTargetPlatform
[2016.01.27-03.39.33:512][  0]LogTemp:Display: Loaded TP Android_ASTCTargetPlatform
[2016.01.27-03.39.33:520][  0]LogTemp:Display: Loaded TP Android_ATCTargetPlatform
[2016.01.27-03.39.33:530][  0]LogTemp:Display: Loaded TP Android_DXTTargetPlatform
[2016.01.27-03.39.33:538][  0]LogTemp:Display: Loaded TP Android_ETC1TargetPlatform
[2016.01.27-03.39.33:547][  0]LogTemp:Display: Loaded TP Android_ETC2TargetPlatform
[2016.01.27-03.39.33:555][  0]LogTemp:Display: Loaded TP Android_PVRTCTargetPlatform
[2016.01.27-03.39.33:560][  0]LogTemp:Display: Loaded TP HTML5TargetPlatform
[2016.01.27-03.39.33:592][  0]LogTemp:Display: Loaded TP IOSTargetPlatform
[2016.01.27-03.39.33:599][  0]LogTemp:Display: Loaded TP LinuxNoEditorTargetPlatform
[2016.01.27-03.39.33:608][  0]LogTemp:Display: Loaded TP LinuxServerTargetPlatform
[2016.01.27-03.39.33:615][  0]LogTemp:Display: Loaded TP LinuxTargetPlatform
[2016.01.27-03.39.33:615][  0]LogTargetPlatformManager:Display: Building Assets For Windows
[2016.01.27-03.39.33:838][  0]LogDerivedDataCache:Display: Max Cache Size: 512 MB
[2016.01.27-03.39.33:884][  0]LogDerivedDataCache: Loaded boot cache 0.05s 43MB C:/Users/frederic/AppData/Local/UnrealEngine/4.9/DerivedDataCache/Boot.ddc.
[2016.01.27-03.39.33:885][  0]LogDerivedDataCache:Display: Loaded Boot cache: C:/Users/frederic/AppData/Local/UnrealEngine/4.9/DerivedDataCache/Boot.ddc
[2016.01.27-03.39.33:885][  0]LogDerivedDataCache: FDerivedDataBackendGraph:  Pak pak cache file ../../../../../../Users/frederic/Documents/Unreal Projects/LostAge/DerivedDataCache/DDC.ddp not found, will not use a pak cache.
[2016.01.27-03.39.33:885][  0]LogDerivedDataCache: Unable to find inner node Pak for hierarchical cache Hierarchy.
[2016.01.27-03.39.33:886][  0]LogDerivedDataCache: FDerivedDataBackendGraph:  CompressedPak pak cache file ../../../../../../Users/frederic/Documents/Unreal Projects/LostAge/DerivedDataCache/Compressed.ddp not found, will not use a pak cache.
[2016.01.27-03.39.33:886][  0]LogDerivedDataCache: Unable to find inner node CompressedPak for hierarchical cache Hierarchy.
[2016.01.27-03.39.34:030][  0]LogDerivedDataCache:Display: Pak cache opened for reading ../../../Engine/DerivedDataCache/Compressed.ddp.
[2016.01.27-03.39.34:042][  0]LogDerivedDataCache: Using Local data cache path C:/Users/frederic/AppData/Local/UnrealEngine/Common/DerivedDataCache: Writable
[2016.01.27-03.39.34:220][  0]LogInit: Selected Device Profile: [Windows]
[2016.01.27-03.39.34:222][  0]LogContentStreaming: Texture pool size is 0.000000MB
[2016.01.27-03.39.34:261][  0]LogMeshUtilities: No automatic mesh reduction module available
[2016.01.27-03.39.34:262][  0]LogMeshUtilities: No automatic mesh merging module available
[2016.01.27-03.39.35:676][  0]UdpMessaging: Initializing bridge on interface 0.0.0.0:0 to multicast group 230.0.0.1:6666.
[2016.01.27-03.39.36:062][  0]LogAssetRegistry: FAssetRegistry took 0.0102 seconds to start up
[2016.01.27-03.39.36:394][  0]SourceControl: Info Source control is disabled
[2016.01.27-03.39.36:396][  0]SourceControl: Info Source control is disabled
[2016.01.27-03.39.36:412][  0]SourceControl: Info Source control is disabled
[2016.01.27-03.39.36:431][  0]SourceControl: Info Source control is disabled
[2016.01.27-03.39.36:625][  0]LogLinker:Warning: Asset '../../../Engine/Plugins/Runtime/LeapMotionController/Content/LM_PassthroughMaterial.uasset' has been saved with empty engine version. The asset will be loaded but may be incompatible.
[2016.01.27-03.39.36:730][  0]LogObj: 31792 objects as part of root set at end of initial load.
[2016.01.27-03.39.36:730][  0]LogUObjectAllocator: 7252928 out of 0 bytes used by permanent object pool.
[2016.01.27-03.39.36:817][  0]LogEngine: Initializing Engine...
[2016.01.27-03.39.36:820][  0]LogHMD: Can't find Oculus library dev build: is proper Runtime installed? Version: 0.7.0.0
[2016.01.27-03.39.36:821][  0]LogHMD: SteamVR failed to initialize.  Err: 110
[2016.01.27-03.39.36:975][  0]LogAIModule: Creating AISystem for world NewWorld
[2016.01.27-03.39.36:992][  0]LogInit: XAudio2 using 'Haut-parleurs (USB PnP Sound Device)' : 2 channels at 44.1 kHz using 16 bits per sample (channel mask 0x3)
[2016.01.27-03.39.37:011][  0]LogInit: FAudioDevice initialized.
[2016.01.27-03.39.37:033][  0]LogDerivedDataCache: Saved boot cache 0.02s 43MB C:/Users/frederic/AppData/Local/UnrealEngine/4.9/DerivedDataCache/Boot.ddc.
[2016.01.27-03.39.37:040][  0]LogInit: Texture streaming: Enabled
[2016.01.27-03.39.37:057][  0]LogAnalytics: Creating configured Analytics provider AnalyticsET
[2016.01.27-03.39.37:058][  0]LogAnalytics: [UEEditor.Rocket.Release] APIServer = http://et2.epicgames.com/ET2/. AppVersion = 4.9.2-2707645+++depot+UE4-Releases+4.9
[2016.01.27-03.39.37:058][  0]LogAnalytics: [UEEditor.Rocket.Release] SetUserId c8da8d664a36a98701fe659c10ae4ff8|70626fa7f476448fb82ad9618fbbb1ab|00e7fb16-00c3-4af4-a2a1-2cc8013aae38
[2016.01.27-03.39.37:059][  0]LogAnalytics: [UEEditor.Rocket.Release] AnalyticsET::StartSession
[2016.01.27-03.39.37:076][  0]LogInit: Transaction tracking system initialized
[2016.01.27-03.39.37:204][  0]BlueprintLog: New page: Editor Load
[2016.01.27-03.39.37:581][  0]LocalizationService: Info Localization service is disabled
[2016.01.27-03.39.37:750][  0]LogLinker:Warning: Can't find file '/Game/ThirdPersonCPP/ThirdPersonOverview'
[2016.01.27-03.39.37:751][  0]LogLinker:Warning: Can't find file '/Game/ThirdPersonCPP/ThirdPersonOverview'
[2016.01.27-03.39.37:751][  0]LogUObjectGlobals:Warning: Failed to find object 'Class /Game/ThirdPersonCPP/ThirdPersonOverview.ThirdPersonOverview_C'
[2016.01.27-03.39.37:781][  0]LogConsoleResponse:Display: 
[2016.01.27-03.39.37:916][  0]LogCook:Display: Done creating registry. It took  0.00s.
[2016.01.27-03.39.38:087][  0]LogFileCache: Scanning file cache for directory 'C:/Users/frederic/Documents/Unreal Projects/LostAge/Content/' took 0.01s
[2016.01.27-03.39.38:087][  0]SourceControl: Info Source control is disabled
[2016.01.27-03.39.38:088][  0]Cmd: MAP LOAD FILE="../../../../../../Users/frederic/Documents/Unreal Projects/LostAge/Content/FirstPersonCPP/Maps/MainMenu.umap" TEMPLATE=0 SHOWPROGRESS=1 FEATURELEVEL=3
[2016.01.27-03.39.38:089][  0]LightingResults: New page: Lighting Build
[2016.01.27-03.39.38:095][  0]MapCheck: New page: Map Check
[2016.01.27-03.39.38:095][  0]LightingResults: New page: Lighting Build
[2016.01.27-03.39.38:108][  0]LogParticles: Destroying 0 GPU particle simulations for FXSystem 0x0000000022FEE160
[2016.01.27-03.39.38:114][  0]LogAIModule: Creating AISystem for world MainMenu
[2016.01.27-03.39.38:115][  0]LogEditorServer: Finished looking for orphan Actors (0.000 secs)
[2016.01.27-03.39.38:117][  0]Cmd: MAP CHECKDEP NOCLEARLOG
[2016.01.27-03.39.38:171][  0]MapCheck: Info Map check complete: 0 Error(s), 0 Warning(s), took 53.226ms to complete.
[2016.01.27-03.39.38:172][  0]LogFileHelpers: Loading map 'MainMenu' took 0.084
[2016.01.27-03.39.38:280][  0]LogCollectionManager: Loaded 0 collections in 0.002212 seconds
[2016.01.27-03.39.38:324][  0]LogFileCache: Scanning file cache for directory 'C:/Users/frederic/Documents/Unreal Projects/LostAge/Saved/Collections/' took 0.01s
[2016.01.27-03.39.38:325][  0]LogFileCache: Scanning file cache for directory 'C:/Users/frederic/Documents/Unreal Projects/LostAge/Content/Developers/frederic/Collections/' took 0.01s
[2016.01.27-03.39.38:325][  0]LogFileCache: Scanning file cache for directory 'C:/Users/frederic/Documents/Unreal Projects/LostAge/Content/Collections/' took 0.01s
[2016.01.27-03.39.38:326][  0]LogContentBrowser: Native class hierarchy populated in 0.0084 seconds. Added 1875 classes and 335 folders.
[2016.01.27-03.39.38:334][  0]LogCollectionManager: Rebuilt the GUID cache for 0 collections in 0.000002 seconds
[2016.01.27-03.39.38:349][  0]LogContentBrowser: Native class hierarchy updated for 'WidgetCarousel' in 0.0030 seconds. Added 0 classes and 0 folders.
[2016.01.27-03.39.38:418][  0]LogContentBrowser: Native class hierarchy updated for 'AddContentDialog' in 0.0023 seconds. Added 0 classes and 0 folders.
[2016.01.27-03.39.38:444][  0]LogContentBrowser: Native class hierarchy updated for 'SceneOutliner' in 0.0020 seconds. Added 1 classes and 2 folders.
[2016.01.27-03.39.38:481][  0]LogCrashTracker: Crashtracker disabled due to settings.
[2016.01.27-03.39.38:487][  0]LogUObjectGlobals:Warning: Failed to find object 'Class None.'
[2016.01.27-03.39.38:509][  0]LogLoad: Full Startup: 8.50 seconds (BP compile: 0.03 seconds)
[2016.01.27-03.39.38:626][  0]LogContentStreaming: Texture pool size now 1000 MB
[2016.01.27-03.39.38:777][  0]LogRenderer: Reallocating scene render targets to support 1208x556 (Frame:2).
[2016.01.27-03.39.38:956][  2]LogAssetRegistry: Asset discovery search completed in 2.9040 seconds
[2016.01.27-03.39.38:956][  2]LogCollectionManager: Rebuilt the object cache for 0 collections in 0.000002 seconds (found 0 objects)
[2016.01.27-03.39.38:957][  2]LogCollectionManager: Fixed up redirectors for 0 collections in 0.000340 seconds (updated 0 objects)
[2016.01.27-03.40.01:545][693]LogLinker:Warning: Asset '../../../Engine/Content/ArtTools/RenderToTexture/Macros/RenderToTextureMacros.uasset' has been saved with empty engine version. The asset will be loaded but may be incompatible.
[2016.01.27-03.40.02:087][693]LogContentBrowser: Native class hierarchy updated for 'BlueprintGraph' in 0.0022 seconds. Added 107 classes and 0 folders.
[2016.01.27-03.40.02:543][693]LogActor:Warning: GameNetworkManager /Engine/Transient.World_2:PersistentLevel.GameNetworkManager_0 has natively added scene component(s), but none of them were set as the actor's RootComponent - picking one arbitrarily
[2016.01.27-03.41.23:578][969]LogBlueprintUserMessages: CustomizeDetails for Blueprint 'GameModeBP', cached variable property's owner is '/Script/LostAge.LostAgeGameMode'
[2016.01.27-03.41.24:281][ 42]LogBlueprintUserMessages: CustomizeDetails for Blueprint 'GameModeBP', cached variable property's owner is '/Script/LostAge.LostAgeGameMode'
[2016.01.27-03.41.26:761][329]LogBlueprintUserMessages: CustomizeDetails for Blueprint 'GameModeBP', cached variable property's owner is '/Script/LostAge.LostAgeGameMode'
[2016.01.27-03.41.26:776][330]LogBlueprintUserMessages: CustomizeDetails for Blueprint 'GameModeBP', cached variable property's owner is '/Script/LostAge.LostAgeGameMode'
[2016.01.27-03.43.20:041][ 55]LogBlueprintUserMessages: CustomizeDetails for Blueprint 'GameModeBP', cached variable property's owner is '/Script/LostAge.LostAgeGameMode'
[2016.01.27-03.43.24:898][614]LogBlueprintUserMessages: CustomizeDetails for Blueprint 'GameModeBP', cached variable property's owner is '/Script/LostAge.LostAgeGameMode'
[2016.01.27-03.45.06:366][170]LogBlueprintUserMessages: CustomizeDetails for Blueprint 'GameModeBP', cached variable property's owner is '/Script/LostAge.LostAgeGameMode'
[2016.01.27-03.45.08:309][390]LogBlueprintUserMessages: CustomizeDetails for Blueprint 'GameModeBP', cached variable property's owner is '/Script/LostAge.LostAgeGameMode'
[2016.01.27-03.45.08:324][391]LogBlueprintUserMessages: CustomizeDetails for Blueprint 'GameModeBP', cached variable property's owner is '/Script/LostAge.LostAgeGameMode'
[2016.01.27-03.49.16:609][353]LogProperty:Warning: ObjectProperty /Script/Engine.EdGraphPin:LinkedTo.LinkedTo: unresolved reference to 'EdGraphPin'K2Node_IfThenElse_42.EdGraphPin_6269''
[2016.01.27-03.49.16:610][353]LogProperty:Warning: ObjectProperty /Script/Engine.EdGraphPin:LinkedTo.LinkedTo: unresolved reference to 'EdGraphPin'K2Node_CallFunction_2460.EdGraphPin_6577''
[2016.01.27-03.49.16:611][353]LogProperty:Warning: ObjectProperty /Script/Engine.EdGraphPin:LinkedTo.LinkedTo: unresolved reference to 'EdGraphPin'K2Node_CallFunction_2846.EdGraphPin_6587''
[2016.01.27-03.49.16:611][353]LogProperty:Warning: ObjectProperty /Script/Engine.EdGraphPin:LinkedTo.LinkedTo: unresolved reference to 'EdGraphPin'K2Node_CallFunction_2847.EdGraphPin_6594''
[2016.01.27-03.49.16:612][353]LogProperty:Warning: ObjectProperty /Script/Engine.EdGraphPin:LinkedTo.LinkedTo: unresolved reference to 'EdGraphPin'K2Node_CallFunction_2460.EdGraphPin_6575''
[2016.01.27-03.49.16:612][353]LogLinker:Warning: Can't find file '/Game/FirstPersonCPP/Blueprints/FirstPersonCharacter'
[2016.01.27-03.49.16:613][353]LogLinker: Can't find file '/Game/FirstPersonCPP/Blueprints/FirstPersonCharacter'
[2016.01.27-03.49.16:613][353]LogProperty:Warning: ObjectProperty /Script/Engine.EdGraphPin:DefaultObject: unresolved reference to 'BlueprintGeneratedClass'/Game/FirstPersonCPP/Blueprints/FirstPersonCharacter.FirstPersonCharacter_C''
[2016.01.27-03.49.16:614][353]LogProperty:Warning: ObjectProperty /Script/Engine.EdGraphPin:LinkedTo.LinkedTo: unresolved reference to 'EdGraphPin'K2Node_CallFunction_2954.EdGraphPin_6630''
[2016.01.27-03.49.16:615][353]LogLinker: Can't find file '/Game/FirstPersonCPP/Blueprints/FirstPersonCharacter'
[2016.01.27-03.49.16:615][353]LogProperty:Warning: WeakObjectProperty /Script/Engine.EdGraphPinType:PinSubCategoryObject: unresolved reference to 'BlueprintGeneratedClass'/Game/FirstPersonCPP/Blueprints/FirstPersonCharacter.FirstPersonCharacter_C')'
[2016.01.27-03.49.16:616][353]LogProperty:Warning: ObjectProperty /Script/Engine.EdGraphPin:LinkedTo.LinkedTo: unresolved reference to 'EdGraphPin'K2Node_CallFunction_2460.EdGraphPin_6578''
[2016.01.27-03.49.16:616][353]LogProperty:Warning: ObjectProperty /Script/Engine.EdGraphPin:LinkedTo.LinkedTo: unresolved reference to 'EdGraphPin'K2Node_CallArrayFunction_86.EdGraphPin_6644''
[2016.01.27-03.49.16:617][353]LogProperty:Warning: ObjectProperty /Script/Engine.EdGraphPin:LinkedTo.LinkedTo: unresolved reference to 'EdGraphPin'K2Node_CallFunction_2953.EdGraphPin_6612''
[2016.01.27-03.49.16:618][353]LogProperty:Warning: ObjectProperty /Script/Engine.EdGraphPin:LinkedTo.LinkedTo: unresolved reference to 'EdGraphPin'K2Node_CallFunction_2847.EdGraphPin_6595''
[2016.01.27-03.49.16:618][353]LogProperty:Warning: ObjectProperty /Script/Engine.EdGraphPin:LinkedTo.LinkedTo: unresolved reference to 'EdGraphPin'K2Node_CallFunction_2876.EdGraphPin_6603''
[2016.01.27-03.49.16:618][353]LogProperty:Warning: ObjectProperty /Script/Engine.EdGraphPin:LinkedTo.LinkedTo: unresolved reference to 'EdGraphPin'K2Node_IfThenElse_42.EdGraphPin_6271''
[2016.01.27-03.49.16:619][353]LogProperty:Warning: ObjectProperty /Script/Engine.EdGraphPin:LinkedTo.LinkedTo: unresolved reference to 'EdGraphPin'K2Node_IfThenElse_42.EdGraphPin_6270''
[2016.01.27-03.49.16:620][353]LogProperty:Warning: ObjectProperty /Script/Engine.EdGraphPin:LinkedTo.LinkedTo: unresolved reference to 'EdGraphPin'K2Node_CallFunction_2954.EdGraphPin_6627''
[2016.01.27-03.49.16:621][353]LogProperty:Warning: ObjectProperty /Script/Engine.EdGraphPin:LinkedTo.LinkedTo: unresolved reference to 'EdGraphPin'K2Node_CallArrayFunction_86.EdGraphPin_6642''
[2016.01.27-03.49.16:626][353]LogBlueprint:Warning: [GameModeBP] CreatePinForVariable: 'playerStarts' variable not found. Base class was probably changed.
[2016.01.27-03.49.41:619][  9]LogBlueprintUserMessages: CustomizeDetails for Blueprint 'GameModeBP', cached variable property's owner is '/Script/LostAge.LostAgeGameMode'
[2016.01.27-03.49.43:514][221]LogBlueprintUserMessages: CustomizeDetails for Blueprint 'GameModeBP', cached variable property's owner is '/Script/LostAge.LostAgeGameMode'
[2016.01.27-03.49.43:530][222]LogBlueprintUserMessages: CustomizeDetails for Blueprint 'GameModeBP', cached variable property's owner is '/Script/LostAge.LostAgeGameMode'
[2016.01.27-03.50.34:760][297]LogActorComponent: UnregisterComponent: (/Engine/Transient.CharMoveComp) Not registered. Aborting.
[2016.01.27-03.50.34:788][297]LogFileHelpers: Editor autosave (incl. sublevels) for '/Game/FirstPersonCPP/Maps/MainMenu' took 0.028
[2016.01.27-03.50.34:794][297]OBJ SavePackage: Generating thumbnails for [0] asset(s) in package [/Game/FirstPersonCPP/Blueprints/GameModeBP] ([1] browsable assets)...
[2016.01.27-03.50.34:795][297]OBJ SavePackage: Finished generating thumbnails for package [/Game/FirstPersonCPP/Blueprints/GameModeBP]
[2016.01.27-03.50.34:851][297]LogSavePackage: Save=37.005062ms
[2016.01.27-03.50.34:852][297]LogSavePackage: Moving '../../../../../../Users/frederic/Documents/Unreal Projects/LostAge/Saved/GameModeBP_Auto1F812449C442939143928739AE7B53AF5.tmp' to '../../../../../../Users/frederic/Documents/Unreal Projects/LostAge/Saved/Autosaves/Game/FirstPersonCPP/Blueprints/GameModeBP_Auto1.uasset'
[2016.01.27-03.50.34:864][297]LogSavePackage: Total save time: 65.773502ms
[2016.01.27-03.50.34:865][297]LogSavePackage:Warning: Finished SavePackage ../../../../../../Users/frederic/Documents/Unreal Projects/LostAge/Saved/Autosaves/Game/FirstPersonCPP/Blueprints/GameModeBP_Auto1.uasset
[2016.01.27-03.50.34:865][297]LogFileHelpers: Auto-saving content packages took 0.076
[2016.01.27-03.51.25:526][ 38]BlueprintLog: New page: Compile GameModeBP
[2016.01.27-03.51.25:575][ 38]LogActorComponent: UnregisterComponent: (/Engine/Transient.CharMoveComp) Not registered. Aborting.
[2016.01.27-03.51.25:603][ 38]LogBlueprintUserMessages: PostEditorRefresh for Blueprint 'GameModeBP', cached variable property's owner is '/Script/LostAge.LostAgeGameMode'
[2016.01.27-03.51.25:604][ 38]BlueprintEditorCompileResults: Info [0715.59] Compile of GameModeBP successful! [in 76 ms]
[2016.01.27-03.51.25:619][ 38]LogBlueprintUserMessages: CustomizeDetails for Blueprint 'GameModeBP', cached variable property's owner is '/Script/LostAge.LostAgeGameMode'
[2016.01.27-03.51.38:473][476]LogSavePackage: Save=37.874714ms
[2016.01.27-03.51.38:474][476]LogSavePackage: Moving '../../../../../../Users/frederic/Documents/Unreal Projects/LostAge/Saved/GameModeBPAA5B901C4B5EEAB184D5AF876A19D3E9.tmp' to '../../../../../../Users/frederic/Documents/Unreal Projects/LostAge/Content/FirstPersonCPP/Blueprints/GameModeBP.uasset'
[2016.01.27-03.51.38:478][476]LogSavePackage: Total save time: 45.764916ms
[2016.01.27-03.51.38:478][476]LogSavePackage:Warning: Finished SavePackage ../../../../../../Users/frederic/Documents/Unreal Projects/LostAge/Content/FirstPersonCPP/Blueprints/GameModeBP.uasset
[2016.01.27-03.51.52:184][ 68]LogSlate:Warning: Prevented a slow task dialog from being summoned while a context menu was open
[2016.01.27-03.52.04:593][521]LogPlayLevel: PlayLevel: No blueprints needed recompiling
[2016.01.27-03.52.04:594][521]PIE: New page: PIE session: MainMenu (Jan 26, 2016, 5:52:04 PM)
[2016.01.27-03.52.04:594][521]LogPlayLevel: Creating play world package: /Game/FirstPersonCPP/Maps/UEDPIE_0_MainMenu
[2016.01.27-03.52.04:595][521]LogPlayLevel: PIE: StaticDuplicateObject took: (0.000503s)
[2016.01.27-03.52.04:596][521]LogAIModule: Creating AISystem for world MainMenu
[2016.01.27-03.52.04:597][521]LogPlayLevel: PIE: World Init took: (0.001234s)
[2016.01.27-03.52.04:597][521]LogPlayLevel: PIE: Created PIE world by copying editor world from /Game/FirstPersonCPP/Maps/MainMenu.MainMenu to /Game/FirstPersonCPP/Maps/UEDPIE_0_MainMenu.MainMenu (0.002845s)
[2016.01.27-03.52.04:598][521]LogActorComponent: UnregisterComponent: (/Engine/Transient.CharMoveComp) Not registered. Aborting.
[2016.01.27-03.52.04:633][521]LogInit: XAudio2 using 'Haut-parleurs (USB PnP Sound Device)' : 2 channels at 44.1 kHz using 16 bits per sample (channel mask 0x3)
[2016.01.27-03.52.04:637][521]LogInit: FAudioDevice initialized.
[2016.01.27-03.52.04:681][521]LogWorld: Game class is 'GameModeBP_C'
[2016.01.27-03.52.04:683][521]LogWorld: Bringing World /Game/FirstPersonCPP/Maps/UEDPIE_0_MainMenu.MainMenu up for play (max tick rate 0) at 2016.01.26-22.52.04
[2016.01.27-03.52.04:684][521]LogActor:Warning: GameSession /Game/FirstPersonCPP/Maps/UEDPIE_0_MainMenu.MainMenu:PersistentLevel.GameSession_0 has natively added scene component(s), but none of them were set as the actor's RootComponent - picking one arbitrarily
[2016.01.27-03.52.04:684][521]LogActor:Warning: GameNetworkManager /Game/FirstPersonCPP/Maps/UEDPIE_0_MainMenu.MainMenu:PersistentLevel.GameNetworkManager_1 has natively added scene component(s), but none of them were set as the actor's RootComponent - picking one arbitrarily
[2016.01.27-03.52.04:684][521]LogWorld: Bringing up level for play took: 0.001580
[2016.01.27-03.52.04:695][521]LogVoice:Warning: Failed to initialize voice interface
[2016.01.27-03.52.08:105][521]LogOnline:Warning: NULL: Can't start an online game for session (Game) that hasn't been created
[2016.01.27-03.52.21:769][521]PIE: Info Play in editor start time for /Game/FirstPersonCPP/Maps/UEDPIE_0_MainMenu 17.307
[2016.01.27-03.52.24:452][723]LogInit: WinSock: I am frederic-PC (192.168.1.103:0)
[2016.01.27-03.52.24:503][723]LogPackageName: SearchForPackageOnDisk took   0.050s to resolve FirstPersonExampleMap.umap.
[2016.01.27-03.52.24:555][723]LogPackageName: SearchForPackageOnDisk took   0.050s to resolve FirstPersonExampleMap.umap.
[2016.01.27-03.52.24:555][723]LogNet: Browse: /Game/FirstPersonCPP/Maps/FirstPersonExampleMap?listen
[2016.01.27-03.52.24:556][723]LogLoad: LoadMap: /Game/FirstPersonCPP/Maps/FirstPersonExampleMap?listen
[2016.01.27-03.52.24:583][723]LogParticles: Destroying 0 GPU particle simulations for FXSystem 0x0000000010C674C0
[2016.01.27-03.52.24:585][723]LogParticles: Destroying 0 GPU particle simulations for FXSystem 0x0000000052994CC0
[2016.01.27-03.52.24:592][723]Cmd: MEM
[2016.01.27-03.52.24:617][723]LogMemory: Platform Memory Stats for Windows
[2016.01.27-03.52.24:617][723]LogMemory: Process Physical Memory: 829.39 MB used, 832.84 MB peak
[2016.01.27-03.52.24:618][723]LogMemory: Process Virtual Memory: 1343.14 MB used, 1347.18 MB peak
[2016.01.27-03.52.24:618][723]LogMemory: Physical Memory: 8053.05 MB used, 16288.39 MB total
[2016.01.27-03.52.24:618][723]LogMemory: Virtual Memory: 1997.54 MB used, 8388608.00 MB total
[2016.01.27-03.52.24:618][723]LogMemory: 
[2016.01.27-03.52.24:619][723]Allocator Stats for TBB: (not implemented)
[2016.01.27-03.52.25:683][723]LogAIModule: Creating AISystem for world FirstPersonExampleMap
[2016.01.27-03.52.25:684][723]LogWorld: Game class is 'GameModeBP_C'
[2016.01.27-03.52.25:685][723]LogInit: WinSock: Socket queue 131072 / 131072
[2016.01.27-03.52.25:685][723]LogNet: GameNetDriver IpNetDriver_0 IpNetDriver listening on port 7777
[2016.01.27-03.52.25:696][723]LogWorld: Bringing World /Game/FirstPersonCPP/Maps/UEDPIE_0_FirstPersonExampleMap.FirstPersonExampleMap up for play (max tick rate 0) at 2016.01.26-22.52.25
[2016.01.27-03.52.25:697][723]LogActor:Warning: GameSession /Game/FirstPersonCPP/Maps/UEDPIE_0_FirstPersonExampleMap.FirstPersonExampleMap:PersistentLevel.GameSession_1 has natively added scene component(s), but none of them were set as the actor's RootComponent - picking one arbitrarily
[2016.