[2016.01.26-19.36.46:958][  0]Log file open, 01/26/16 14:36:46
[2016.01.26-19.36.46:958][  0]LogInit:Display: Running engine for game: LostAge
[2016.01.26-19.36.46:958][  0]LogInit:Display: RandInit(-1811446899) SRandInit(-1811446898).
[2016.01.26-19.36.46:958][  0]LogTaskGraph: Started task graph with 4 named threads and 7 total threads.
[2016.01.26-19.36.46:958][  0]LogStats: Stats thread started at 0.071002
[2016.01.26-19.36.46:958][  0]LogInit: Version: 4.9.2-2707645+++depot+UE4-Releases+4.9
[2016.01.26-19.36.46:958][  0]LogInit: API Version: 2672455
[2016.01.26-19.36.46:958][  0]LogInit: Compiled (64-bit): Sep 28 2015 10:25:44
[2016.01.26-19.36.46:958][  0]LogInit: Compiled with Visual C++: 18.00.21005.01
[2016.01.26-19.36.46:958][  0]LogInit: Build Configuration: Development
[2016.01.26-19.36.46:958][  0]LogInit: Branch Name: ++depot+UE4-Releases+4.9
[2016.01.26-19.36.46:958][  0]LogInit: Command line:  -game
[2016.01.26-19.36.46:958][  0]LogInit: Base directory: C:/Program Files/Epic Games/4.9/Engine/Binaries/Win64/
[2016.01.26-19.36.46:958][  0]LogInit: Rocket: 1
[2016.01.26-19.36.46:975][  0]LogInit: Using libcurl 7.41.0
[2016.01.26-19.36.46:975][  0]LogInit:  - built for x86_64-pc-win32
[2016.01.26-19.36.46:975][  0]LogInit:  - supports SSL with WinSSL
[2016.01.26-19.36.46:975][  0]LogInit:  - other features:
[2016.01.26-19.36.46:975][  0]LogInit:      CURL_VERSION_SSL
[2016.01.26-19.36.46:975][  0]LogInit:      CURL_VERSION_IPV6
[2016.01.26-19.36.46:975][  0]LogInit:      CURL_VERSION_ASYNCHDNS
[2016.01.26-19.36.46:975][  0]LogInit:      CURL_VERSION_LARGEFILE
[2016.01.26-19.36.46:975][  0]LogInit:      CURL_VERSION_IDN
[2016.01.26-19.36.46:975][  0]LogInit:  CurlRequestOptions (configurable via config and command line):
[2016.01.26-19.36.46:975][  0]LogInit:  - bVerifyPeer = true  - Libcurl will verify peer certificate
[2016.01.26-19.36.46:975][  0]LogInit:  - bUseHttpProxy = false  - Libcurl will NOT use HTTP proxy
[2016.01.26-19.36.46:975][  0]LogInit:  - bDontReuseConnections = false  - Libcurl will reuse connections
[2016.01.26-19.36.46:975][  0]LogInit:  - CertBundlePath = nullptr  - Libcurl will use whatever was configured at build time.
[2016.01.26-19.36.46:994][  0]LogInit: WinSock: version 1.1 (2.2), MaxSocks=32767, MaxUdp=65467
[2016.01.26-19.36.46:999][  0]LogVoice:Warning: Failed to initialize voice interface
[2016.01.26-19.36.47:003][  0]LogInit: Presizing for 0 objects not considered by GC, pre-allocating 0 bytes.
[2016.01.26-19.36.47:010][  0]LogInit: Object subsystem initialized
[2016.01.26-19.36.47:012][  0]LogInit: Selected Device Profile: [Windows]
[2016.01.26-19.36.47:012][  0]LogInit: Applying CVar settings loaded from the selected device profile: [Windows]
[2016.01.26-19.36.47:019][  0]LogInit: Computer: FREDERIC-PC
[2016.01.26-19.36.47:019][  0]LogInit: User: frederic
[2016.01.26-19.36.47:019][  0]LogInit: CPU Page size=4096, Cores=4
[2016.01.26-19.36.47:019][  0]LogInit: High frequency timer resolution =3.331240 MHz
[2016.01.26-19.36.47:019][  0]LogMemory: Memory total: Physical=15.9GB (16GB approx)
[2016.01.26-19.36.47:019][  0]LogMemory: Platform Memory Stats for Windows
[2016.01.26-19.36.47:019][  0]LogMemory: Process Physical Memory: 55.86 MB used, 55.86 MB peak
[2016.01.26-19.36.47:019][  0]LogMemory: Process Virtual Memory: 59.55 MB used, 59.55 MB peak
[2016.01.26-19.36.47:019][  0]LogMemory: Physical Memory: 5240.15 MB used, 16288.39 MB total
[2016.01.26-19.36.47:019][  0]LogMemory: Virtual Memory: 343.57 MB used, 8388608.00 MB total
[2016.01.26-19.36.47:058][  0]LogTextLocalizationManager: No translations for ('fr-CA') exist, falling back to 'en' for localization and internationalization data.
[2016.01.26-19.36.47:726][  0]LogD3D11RHI: Found D3D11 adapter 0: NVIDIA GeForce GTX 970 (Feature Level 11_0)
[2016.01.26-19.36.47:726][  0]LogD3D11RHI: Adapter has 4008MB of dedicated video memory, 0MB of dedicated system memory, and 7888MB of shared system memory, 1 output[s]
[2016.01.26-19.36.47:730][  0]LogD3D11RHI: Found D3D11 adapter 1: Intel(R) HD Graphics 3000 (Feature Level 10_0)
[2016.01.26-19.36.47:730][  0]LogD3D11RHI: Adapter has 64MB of dedicated video memory, 0MB of dedicated system memory, and 1632MB of shared system memory, 0 output[s]
[2016.01.26-19.36.47:730][  0]LogD3D11RHI: Chosen D3D11 Adapter Id = 0
[2016.01.26-19.36.47:735][  0]LogD3D11RHI: !Direct3DDevice
[2016.01.26-19.36.47:735][  0]LogRHI: Texture pool is 1361 MB (70% of 1945 MB)
[2016.01.26-19.36.47:748][  0]LogD3D11RHI: Async texture creation enabled
[2016.01.26-19.36.47:762][  0]LogShaderCompilers: Guid format shader working directory is 15 characters bigger than the processId version (../../../../../../Users/frederic/Documents/Unreal Projects/LostAge/Intermediate/Shaders/WorkingDirectory/6516/).
[2016.01.26-19.36.47:762][  0]LogShaderCompilers: Cleaned the shader compiler working directory '../../../../../../Users/frederic/Documents/Unreal Projects/LostAge/Intermediate/Shaders/tmp/4219D9DD4DE86C7D526911975347C5B3/'.
[2016.01.26-19.36.47:762][  0]LogShaderCompilers:Display: Using Local Shader Compiler.
[2016.01.26-19.36.49:001][  0]LogTemp:Display: Loaded TP AllDesktopTargetPlatform
[2016.01.26-19.36.49:006][  0]LogTemp:Display: Loaded TP WindowsClientTargetPlatform
[2016.01.26-19.36.49:011][  0]LogTemp:Display: Loaded TP WindowsNoEditorTargetPlatform
[2016.01.26-19.36.49:016][  0]LogTemp:Display: Loaded TP WindowsServerTargetPlatform
[2016.01.26-19.36.49:021][  0]LogTemp:Display: Loaded TP WindowsTargetPlatform
[2016.01.26-19.36.49:025][  0]LogTemp:Display: Loaded TP AndroidTargetPlatform
[2016.01.26-19.36.49:028][  0]LogTemp:Display: Loaded TP Android_ASTCTargetPlatform
[2016.01.26-19.36.49:032][  0]LogTemp:Display: Loaded TP Android_ATCTargetPlatform
[2016.01.26-19.36.49:035][  0]LogTemp:Display: Loaded TP Android_DXTTargetPlatform
[2016.01.26-19.36.49:039][  0]LogTemp:Display: Loaded TP Android_ETC1TargetPlatform
[2016.01.26-19.36.49:043][  0]LogTemp:Display: Loaded TP Android_ETC2TargetPlatform
[2016.01.26-19.36.49:047][  0]LogTemp:Display: Loaded TP Android_PVRTCTargetPlatform
[2016.01.26-19.36.49:048][  0]LogTemp:Display: Loaded TP HTML5TargetPlatform
[2016.01.26-19.36.49:064][  0]LogTemp:Display: Loaded TP IOSTargetPlatform
[2016.01.26-19.36.49:067][  0]LogTemp:Display: Loaded TP LinuxNoEditorTargetPlatform
[2016.01.26-19.36.49:071][  0]LogTemp:Display: Loaded TP LinuxServerTargetPlatform
[2016.01.26-19.36.49:075][  0]LogTemp:Display: Loaded TP LinuxTargetPlatform
[2016.01.26-19.36.49:075][  0]LogTargetPlatformManager:Display: Building Assets For Windows
[2016.01.26-19.36.49:155][  0]LogDerivedDataCache:Display: Max Cache Size: 512 MB
[2016.01.26-19.36.49:202][  0]LogDerivedDataCache: Loaded boot cache 0.05s 42MB C:/Users/frederic/AppData/Local/UnrealEngine/4.9/DerivedDataCache/Boot.ddc.
[2016.01.26-19.36.49:202][  0]LogDerivedDataCache:Display: Loaded Boot cache: C:/Users/frederic/AppData/Local/UnrealEngine/4.9/DerivedDataCache/Boot.ddc
[2016.01.26-19.36.49:202][  0]LogDerivedDataCache: FDerivedDataBackendGraph:  Pak pak cache file ../../../../../../Users/frederic/Documents/Unreal Projects/LostAge/DerivedDataCache/DDC.ddp not found, will not use a pak cache.
[2016.01.26-19.36.49:202][  0]LogDerivedDataCache: Unable to find inner node Pak for hierarchical cache Hierarchy.
[2016.01.26-19.36.49:202][  0]LogDerivedDataCache: FDerivedDataBackendGraph:  CompressedPak pak cache file ../../../../../../Users/frederic/Documents/Unreal Projects/LostAge/DerivedDataCache/Compressed.ddp not found, will not use a pak cache.
[2016.01.26-19.36.49:202][  0]LogDerivedDataCache: Unable to find inner node CompressedPak for hierarchical cache Hierarchy.
[2016.01.26-19.36.49:357][  0]LogDerivedDataCache:Display: Pak cache opened for reading ../../../Engine/DerivedDataCache/Compressed.ddp.
[2016.01.26-19.36.49:369][  0]LogDerivedDataCache: Using Local data cache path C:/Users/frederic/AppData/Local/UnrealEngine/Common/DerivedDataCache: Writable
[2016.01.26-19.36.49:563][  0]LogInit: Selected Device Profile: [Windows]
[2016.01.26-19.36.49:563][  0]LogContentStreaming: Texture pool size is 1000.000000MB
[2016.01.26-19.36.49:578][  0]LogMeshUtilities: No automatic mesh reduction module available
[2016.01.26-19.36.49:578][  0]LogMeshUtilities: No automatic mesh merging module available
[2016.01.26-19.36.50:100][  0]LogWindowsMoviePlayer: Unable to load movie: ../../../../../../Users/frederic/Documents/Unreal Projects/LostAge/Content/Movies/Default_Startup.mp4
[2016.01.26-19.36.50:366][  0]SourceControl: Info Source control is disabled
[2016.01.26-19.36.50:366][  0]SourceControl: Info Source control is disabled
[2016.01.26-19.36.50:376][  0]SourceControl: Info Source control is disabled
[2016.01.26-19.36.50:461][  0]LogLinker:Warning: Asset '../../../Engine/Plugins/Runtime/LeapMotionController/Content/LM_PassthroughMaterial.uasset' has been saved with empty engine version. The asset will be loaded but may be incompatible.
[2016.01.26-19.36.50:547][  0]LogObj: 31097 objects as part of root set at end of initial load.
[2016.01.26-19.36.50:547][  0]LogUObjectAllocator: 6985312 out of 0 bytes used by permanent object pool.
[2016.01.26-19.36.50:610][  0]LogEngine: Initializing Engine...
[2016.01.26-19.36.50:612][  0]LogHMD: Can't find Oculus library dev build: is proper Runtime installed? Version: 0.7.0.0
[2016.01.26-19.36.50:612][  0]LogHMD: SteamVR failed to initialize.  Err: 110
[2016.01.26-19.36.50:735][  0]LogInit: XAudio2 using 'Haut-parleurs (Realtek High Definition Audio)' : 2 channels at 48 kHz using 32 bits per sample (channel mask 0x3)
[2016.01.26-19.36.50:750][  0]LogInit: FAudioDevice initialized.
[2016.01.26-19.36.50:773][  0]LogDerivedDataCache: Saved boot cache 0.02s 42MB C:/Users/frederic/AppData/Local/UnrealEngine/4.9/DerivedDataCache/Boot.ddc.
[2016.01.26-19.36.50:779][  0]LogInit: Texture streaming: Enabled
[2016.01.26-19.36.50:891][  0]LogNet: Browse: /Game/FirstPersonCPP/Maps/MainMenu?Name=Player
[2016.01.26-19.36.50:892][  0]LogLoad: LoadMap: /Game/FirstPersonCPP/Maps/MainMenu?Name=Player
[2016.01.26-19.36.50:906][  0]LogParticles: Destroying 0 GPU particle simulations for FXSystem 0x0000000014116D40
[2016.01.26-19.36.50:918][  0]LogMemory: Platform Memory Stats for Windows
[2016.01.26-19.36.50:918][  0]LogMemory: Process Physical Memory: 385.20 MB used, 385.20 MB peak
[2016.01.26-19.36.50:918][  0]LogMemory: Process Virtual Memory: 462.63 MB used, 462.63 MB peak
[2016.01.26-19.36.50:918][  0]LogMemory: Physical Memory: 5530.88 MB used, 16288.39 MB total
[2016.01.26-19.36.50:918][  0]LogMemory: Virtual Memory: 965.37 MB used, 8388608.00 MB total
[2016.01.26-19.36.50:918][  0]LogMemory: 
[2016.01.26-19.36.50:918][  0]Allocator Stats for TBB: (not implemented)
[2016.01.26-19.36.50:929][  0]LogAIModule: Creating AISystem for world MainMenu
[2016.01.26-19.36.50:930][  0]LogWorld: Game class is 'LostAgeGameMode'
[2016.01.26-19.36.50:931][  0]LogWorld: Bringing World /Game/FirstPersonCPP/Maps/MainMenu.MainMenu up for play (max tick rate 0) at 2016.01.26-14.36.50
[2016.01.26-19.36.50:931][  0]LogWorld: Bringing up level for play took: 0.000340
[2016.01.26-19.36.50:931][  0]LogGameMode: Warning - PATHS NOT DEFINED or NO PLAYERSTART with positive rating
[2016.01.26-19.36.50:932][  0]LogOnline:Warning: NULL: Can't start an online game for session (Game) that hasn't been created
[2016.01.26-19.36.51:033][  0]LogInit:Display: Game Engine Initialized.
[2016.01.26-19.36.51:248][  0]LogLoad: Full Startup: 5.10 seconds (BP compile: 0.11 seconds)
[2016.01.26-19.36.51:358][  2]LogRenderer: Reallocating scene render targets to support 1600x900 (Frame:2).
[2016.01.26-19.36.52:623][ 79]LogInit: WinSock: I am frederic-PC (192.168.1.103:0)
[2016.01.26-19.36.58:899][468]LogNet: Browse: 192.168.1.103//Game/FirstPersonCPP/Maps/MainMenu
[2016.01.26-19.36.58:899][468]LogInit: WinSock: Socket queue 32768 / 32768
[2016.01.26-19.36.58:900][468]LogNet: Game client on port 7777, rate 10000
[2016.01.26-19.36.58:900][468]LogNet: GetLocalNetworkVersion: GEngineNetVersion: 2707645, ProjectName: lostage, ProjectVersion: 1.0.0.0, InternalProtocolVersion: 9, LocalNetworkVersion: 4161370921
[2016.01.26-19.36.58:931][470]LogNet: Welcomed by server (Level: /Game/FirstPersonCPP/Maps/FirstPersonExampleMap, Game: /Script/LostAge.LostAgeGameMode)
[2016.01.26-19.36.58:932][470]LogLoad: LoadMap: 192.168.1.103//Game/FirstPersonCPP/Maps/FirstPersonExampleMap?game=/Script/LostAge.LostAgeGameMode
[2016.01.26-19.36.58:944][470]LogParticles: Destroying 0 GPU particle simulations for FXSystem 0x00000000141176A0
[2016.01.26-19.36.58:956][470]LogMemory: Platform Memory Stats for Windows
[2016.01.26-19.36.58:956][470]LogMemory: Process Physical Memory: 404.49 MB used, 404.49 MB peak
[2016.01.26-19.36.58:956][470]LogMemory: Process Virtual Memory: 699.96 MB used, 699.96 MB peak
[2016.01.26-19.36.58:956][470]LogMemory: Physical Memory: 5524.27 MB used, 16288.39 MB total
[2016.01.26-19.36.58:956][470]LogMemory: Virtual Memory: 1220.19 MB used, 8388608.00 MB total
[2016.01.26-19.36.58:956][470]LogMemory: 
[2016.01.26-19.36.58:956][470]Allocator Stats for TBB: (not implemented)
[2016.01.26-19.36.59:119][470]LogAIModule: Creating AISystem for world FirstPersonExampleMap
[2016.01.26-19.36.59:122][470]LogWorld: Bringing World /Game/FirstPersonCPP/Maps/FirstPersonExampleMap.FirstPersonExampleMap up for play (max tick rate 0) at 2016.01.26-14.36.59
[2016.01.26-19.36.59:122][470]LogWorld: Bringing up level for play took: 0.002575
[2016.01.26-19.36.59:335][472]LogWindows: === Critical error: ===
Fatal error!



[2016.01.26-19.36.59:467][472]LogExit: Executing StaticShutdownAfterError
[2016.01.26-19.36.59:471][472]LogPhysics:Warning: PHYSX: ..\..\PhysX\src\NpScene.cpp (2946) 8 : PxScene::unlockWrite() called without matching call to PxScene::lockWrite(), behaviour will be undefined.
[2016.01.26-19.36.59:471][472]LogPhysics:Warning: PHYSX: ..\..\PhysX\src\NpScene.cpp (2946) 8 : PxScene::unlockWrite() called without matching call to PxScene::lockWrite(), behaviour will be undefined.
[2016.01.26-19.36.59:471][472]LogWindows: FPlatformMisc::RequestExit(1)
[2016.01.26-19.36.59:471][472]Log file closed, 01/26/16 14:36:59
