[2016.01.26-12.03.07:825][  0]Log file open, 01/26/16 07:03:07
[2016.01.26-12.03.07:825][  0]LogInit:Display: Running engine for game: LostAge
[2016.01.26-12.03.07:825][  0]LogInit:Display: RandInit(253612150) SRandInit(253612150).
[2016.01.26-12.03.07:825][  0]LogTaskGraph: Started task graph with 4 named threads and 7 total threads.
[2016.01.26-12.03.07:826][  0]LogStats: Stats thread started at 0.255649
[2016.01.26-12.03.07:826][  0]LogInit: Version: 4.9.2-2707645+++depot+UE4-Releases+4.9
[2016.01.26-12.03.07:826][  0]LogInit: API Version: 2672455
[2016.01.26-12.03.07:827][  0]LogInit: Compiled (64-bit): Sep 28 2015 10:25:44
[2016.01.26-12.03.07:827][  0]LogInit: Compiled with Visual C++: 18.00.21005.01
[2016.01.26-12.03.07:827][  0]LogInit: Build Configuration: DebugGame
[2016.01.26-12.03.07:828][  0]LogInit: Branch Name: ++depot+UE4-Releases+4.9
[2016.01.26-12.03.07:828][  0]LogInit: Command line:  -debug
[2016.01.26-12.03.07:828][  0]LogInit: Base directory: C:/Program Files/Epic Games/4.9/Engine/Binaries/Win64/
[2016.01.26-12.03.07:829][  0]LogInit: Rocket: 1
[2016.01.26-12.03.07:897][  0]LogInit: Using libcurl 7.41.0
[2016.01.26-12.03.07:897][  0]LogInit:  - built for x86_64-pc-win32
[2016.01.26-12.03.07:898][  0]LogInit:  - supports SSL with WinSSL
[2016.01.26-12.03.07:898][  0]LogInit:  - other features:
[2016.01.26-12.03.07:898][  0]LogInit:      CURL_VERSION_SSL
[2016.01.26-12.03.07:899][  0]LogInit:      CURL_VERSION_IPV6
[2016.01.26-12.03.07:899][  0]LogInit:      CURL_VERSION_ASYNCHDNS
[2016.01.26-12.03.07:899][  0]LogInit:      CURL_VERSION_LARGEFILE
[2016.01.26-12.03.07:899][  0]LogInit:      CURL_VERSION_IDN
[2016.01.26-12.03.07:900][  0]LogInit:  CurlRequestOptions (configurable via config and command line):
[2016.01.26-12.03.07:900][  0]LogInit:  - bVerifyPeer = true  - Libcurl will verify peer certificate
[2016.01.26-12.03.07:900][  0]LogInit:  - bUseHttpProxy = false  - Libcurl will NOT use HTTP proxy
[2016.01.26-12.03.07:900][  0]LogInit:  - bDontReuseConnections = false  - Libcurl will reuse connections
[2016.01.26-12.03.07:901][  0]LogInit:  - CertBundlePath = nullptr  - Libcurl will use whatever was configured at build time.
[2016.01.26-12.03.08:036][  0]LogInit: Presizing for 0 objects not considered by GC, pre-allocating 0 bytes.
[2016.01.26-12.03.08:044][  0]LogInit: Object subsystem initialized
[2016.01.26-12.03.08:046][  0]LogInit: Selected Device Profile: [Windows]
[2016.01.26-12.03.08:046][  0]LogInit: Applying CVar settings loaded from the selected device profile: [Windows]
[2016.01.26-12.03.08:058][  0]LogInit: Computer: FREDERIC-PC
[2016.01.26-12.03.08:058][  0]LogInit: User: frederic
[2016.01.26-12.03.08:059][  0]LogInit: CPU Page size=4096, Cores=4
[2016.01.26-12.03.08:059][  0]LogInit: High frequency timer resolution =3.331230 MHz
[2016.01.26-12.03.08:059][  0]LogMemory: Memory total: Physical=15.9GB (16GB approx)
[2016.01.26-12.03.08:060][  0]LogMemory: Platform Memory Stats for Windows
[2016.01.26-12.03.08:060][  0]LogMemory: Process Physical Memory: 54.02 MB used, 54.02 MB peak
[2016.01.26-12.03.08:060][  0]LogMemory: Process Virtual Memory: 55.61 MB used, 55.61 MB peak
[2016.01.26-12.03.08:060][  0]LogMemory: Physical Memory: 7447.32 MB used, 16288.39 MB total
[2016.01.26-12.03.08:061][  0]LogMemory: Virtual Memory: 330.62 MB used, 8388608.00 MB total
[2016.01.26-12.03.08:185][  0]LogTextLocalizationManager: No translations for ('fr-CA') exist, falling back to 'en' for localization and internationalization data.
[2016.01.26-12.03.08:896][  0]LogD3D11RHI: Found D3D11 adapter 0: NVIDIA GeForce GTX 970 (Feature Level 11_0)
[2016.01.26-12.03.08:897][  0]LogD3D11RHI: Adapter has 4008MB of dedicated video memory, 0MB of dedicated system memory, and 7888MB of shared system memory, 1 output[s]
[2016.01.26-12.03.08:905][  0]LogD3D11RHI: Found D3D11 adapter 1: Intel(R) HD Graphics 3000 (Feature Level 10_0)
[2016.01.26-12.03.08:906][  0]LogD3D11RHI: Adapter has 64MB of dedicated video memory, 0MB of dedicated system memory, and 1632MB of shared system memory, 0 output[s]
[2016.01.26-12.03.08:906][  0]LogD3D11RHI: Chosen D3D11 Adapter Id = 0
[2016.01.26-12.03.08:911][  0]LogD3D11RHI: !Direct3DDevice
[2016.01.26-12.03.08:912][  0]LogRHI: Texture pool is 1361 MB (70% of 1945 MB)
[2016.01.26-12.03.08:973][  0]LogD3D11RHI: Async texture creation enabled
[2016.01.26-12.03.08:988][  0]LogShaderCompilers: Guid format shader working directory is 15 characters bigger than the processId version (../../../../../../Users/frederic/Documents/Unreal Projects/LostAge/Intermediate/Shaders/WorkingDirectory/6288/).
[2016.01.26-12.03.08:989][  0]LogShaderCompilers: Cleaned the shader compiler working directory '../../../../../../Users/frederic/Documents/Unreal Projects/LostAge/Intermediate/Shaders/tmp/C0F4387344A6DCF5B1EDDAA2A9DDC380/'.
[2016.01.26-12.03.08:989][  0]LogShaderCompilers:Display: Using Local Shader Compiler.
[2016.01.26-12.03.10:274][  0]LogTemp:Display: Loaded TP AllDesktopTargetPlatform
[2016.01.26-12.03.10:314][  0]LogTemp:Display: Loaded TP WindowsClientTargetPlatform
[2016.01.26-12.03.10:347][  0]LogTemp:Display: Loaded TP WindowsNoEditorTargetPlatform
[2016.01.26-12.03.10:378][  0]LogTemp:Display: Loaded TP WindowsServerTargetPlatform
[2016.01.26-12.03.10:416][  0]LogTemp:Display: Loaded TP WindowsTargetPlatform
[2016.01.26-12.03.10:453][  0]LogTemp:Display: Loaded TP AndroidTargetPlatform
[2016.01.26-12.03.10:480][  0]LogTemp:Display: Loaded TP Android_ASTCTargetPlatform
[2016.01.26-12.03.10:505][  0]LogTemp:Display: Loaded TP Android_ATCTargetPlatform
[2016.01.26-12.03.10:524][  0]LogTemp:Display: Loaded TP Android_DXTTargetPlatform
[2016.01.26-12.03.10:558][  0]LogTemp:Display: Loaded TP Android_ETC1TargetPlatform
[2016.01.26-12.03.10:591][  0]LogTemp:Display: Loaded TP Android_ETC2TargetPlatform
[2016.01.26-12.03.10:628][  0]LogTemp:Display: Loaded TP Android_PVRTCTargetPlatform
[2016.01.26-12.03.10:660][  0]LogTemp:Display: Loaded TP HTML5TargetPlatform
[2016.01.26-12.03.10:811][  0]LogTemp:Display: Loaded TP IOSTargetPlatform
[2016.01.26-12.03.10:833][  0]LogTemp:Display: Loaded TP LinuxNoEditorTargetPlatform
[2016.01.26-12.03.10:860][  0]LogTemp:Display: Loaded TP LinuxServerTargetPlatform
[2016.01.26-12.03.10:874][  0]LogTemp:Display: Loaded TP LinuxTargetPlatform
[2016.01.26-12.03.10:875][  0]LogTargetPlatformManager:Display: Building Assets For Windows
[2016.01.26-12.03.11:757][  0]LogDerivedDataCache:Display: Max Cache Size: 512 MB
[2016.01.26-12.03.11:803][  0]LogDerivedDataCache: Loaded boot cache 0.05s 44MB C:/Users/frederic/AppData/Local/UnrealEngine/4.9/DerivedDataCache/Boot.ddc.
[2016.01.26-12.03.11:804][  0]LogDerivedDataCache:Display: Loaded Boot cache: C:/Users/frederic/AppData/Local/UnrealEngine/4.9/DerivedDataCache/Boot.ddc
[2016.01.26-12.03.11:804][  0]LogDerivedDataCache: FDerivedDataBackendGraph:  Pak pak cache file ../../../../../../Users/frederic/Documents/Unreal Projects/LostAge/DerivedDataCache/DDC.ddp not found, will not use a pak cache.
[2016.01.26-12.03.11:804][  0]LogDerivedDataCache: Unable to find inner node Pak for hierarchical cache Hierarchy.
[2016.01.26-12.03.11:805][  0]LogDerivedDataCache: FDerivedDataBackendGraph:  CompressedPak pak cache file ../../../../../../Users/frederic/Documents/Unreal Projects/LostAge/DerivedDataCache/Compressed.ddp not found, will not use a pak cache.
[2016.01.26-12.03.11:805][  0]LogDerivedDataCache: Unable to find inner node CompressedPak for hierarchical cache Hierarchy.
[2016.01.26-12.03.11:948][  0]LogDerivedDataCache:Display: Pak cache opened for reading ../../../Engine/DerivedDataCache/Compressed.ddp.
[2016.01.26-12.03.11:960][  0]LogDerivedDataCache: Using Local data cache path C:/Users/frederic/AppData/Local/UnrealEngine/Common/DerivedDataCache: Writable
[2016.01.26-12.03.12:243][  0]LogInit: Selected Device Profile: [Windows]
[2016.01.26-12.03.12:244][  0]LogContentStreaming: Texture pool size is 0.000000MB
[2016.01.26-12.03.12:305][  0]LogMeshUtilities: No automatic mesh reduction module available
[2016.01.26-12.03.12:306][  0]LogMeshUtilities: No automatic mesh merging module available
[2016.01.26-12.03.12:721][  0]LogInit: WinSock: version 1.1 (2.2), MaxSocks=32767, MaxUdp=65467
[2016.01.26-12.03.14:474][  0]UdpMessaging: Initializing bridge on interface 0.0.0.0:0 to multicast group 230.0.0.1:6666.
[2016.01.26-12.03.15:237][  0]LogAssetRegistry: FAssetRegistry took 0.0108 seconds to start up
[2016.01.26-12.03.16:006][  0]SourceControl: Info Source control is disabled
[2016.01.26-12.03.16:007][  0]SourceControl: Info Source control is disabled
[2016.01.26-12.03.16:055][  0]SourceControl: Info Source control is disabled
[2016.01.26-12.03.16:133][  0]SourceControl: Info Source control is disabled
[2016.01.26-12.03.16:582][  0]LogLinker:Warning: Asset '../../../Engine/Plugins/Runtime/LeapMotionController/Content/LM_PassthroughMaterial.uasset' has been saved with empty engine version. The asset will be loaded but may be incompatible.
[2016.01.26-12.03.16:816][  0]LogObj: 31791 objects as part of root set at end of initial load.
[2016.01.26-12.03.16:816][  0]LogUObjectAllocator: 7252832 out of 0 bytes used by permanent object pool.
[2016.01.26-12.03.16:950][  0]LogEngine: Initializing Engine...
[2016.01.26-12.03.16:952][  0]LogHMD: Can't find Oculus library dev build: is proper Runtime installed? Version: 0.7.0.0
[2016.01.26-12.03.16:954][  0]LogHMD: SteamVR failed to initialize.  Err: 110
[2016.01.26-12.03.17:241][  0]LogAIModule: Creating AISystem for world NewWorld
[2016.01.26-12.03.17:257][  0]LogInit: XAudio2 using 'Haut-parleurs (USB PnP Sound Device)' : 2 channels at 44.1 kHz using 16 bits per sample (channel mask 0x3)
[2016.01.26-12.03.17:267][  0]LogInit: FAudioDevice initialized.
[2016.01.26-12.03.17:289][  0]LogDerivedDataCache: Saved boot cache 0.02s 43MB C:/Users/frederic/AppData/Local/UnrealEngine/4.9/DerivedDataCache/Boot.ddc.
[2016.01.26-12.03.17:296][  0]LogInit: Texture streaming: Enabled
[2016.01.26-12.03.17:393][  0]LogAnalytics: Creating configured Analytics provider AnalyticsET
[2016.01.26-12.03.17:393][  0]LogAnalytics: [UEEditor.Rocket.Release] APIServer = http://et2.epicgames.com/ET2/. AppVersion = 4.9.2-2707645+++depot+UE4-Releases+4.9
[2016.01.26-12.03.17:394][  0]LogAnalytics: [UEEditor.Rocket.Release] SetUserId c8da8d664a36a98701fe659c10ae4ff8|70626fa7f476448fb82ad9618fbbb1ab|00e7fb16-00c3-4af4-a2a1-2cc8013aae38
[2016.01.26-12.03.17:394][  0]LogAnalytics: [UEEditor.Rocket.Release] AnalyticsET::StartSession
[2016.01.26-12.03.17:443][  0]LogInit: Transaction tracking system initialized
[2016.01.26-12.03.17:663][  0]BlueprintLog: New page: Editor Load
[2016.01.26-12.03.18:831][  0]LocalizationService: Info Localization service is disabled
[2016.01.26-12.03.19:439][  0]LogLinker:Warning: Can't find file '/Game/ThirdPersonCPP/ThirdPersonOverview'
[2016.01.26-12.03.19:440][  0]LogLinker:Warning: Can't find file '/Game/ThirdPersonCPP/ThirdPersonOverview'
[2016.01.26-12.03.19:440][  0]LogUObjectGlobals:Warning: Failed to find object 'Class /Game/ThirdPersonCPP/ThirdPersonOverview.ThirdPersonOverview_C'
[2016.01.26-12.03.19:498][  0]LogConsoleResponse:Display: 
[2016.01.26-12.03.19:655][  0]LogCook:Display: Done creating registry. It took  0.00s.
[2016.01.26-12.03.20:070][  0]LogFileCache: Scanning file cache for directory 'C:/Users/frederic/Documents/Unreal Projects/LostAge/Content/' took 0.02s
[2016.01.26-12.03.20:139][  0]SourceControl: Info Source control is disabled
[2016.01.26-12.03.20:140][  0]Cmd: MAP LOAD FILE="../../../../../../Users/frederic/Documents/Unreal Projects/LostAge/Content/FirstPersonCPP/Maps/MainMenu.umap" TEMPLATE=0 SHOWPROGRESS=1 FEATURELEVEL=3
[2016.01.26-12.03.20:143][  0]LightingResults: New page: Lighting Build
[2016.01.26-12.03.20:149][  0]MapCheck: New page: Map Check
[2016.01.26-12.03.20:149][  0]LightingResults: New page: Lighting Build
[2016.01.26-12.03.20:161][  0]LogParticles: Destroying 0 GPU particle simulations for FXSystem 0x00000000233C5DA0
[2016.01.26-12.03.20:166][  0]LogAIModule: Creating AISystem for world MainMenu
[2016.01.26-12.03.20:167][  0]LogEditorServer: 