[2016.01.26-22.33.43:981][  0]Log file open, 01/26/16 17:33:43
[2016.01.26-22.33.43:981][  0]LogInit:Display: Running engine for game: LostAge
[2016.01.26-22.33.43:981][  0]LogInit:Display: RandInit(-804459243) SRandInit(-804459243).
[2016.01.26-22.33.43:982][  0]LogTaskGraph: Started task graph with 4 named threads and 7 total threads.
[2016.01.26-22.33.43:982][  0]LogStats: Stats thread started at 0.153082
[2016.01.26-22.33.43:982][  0]LogInit: Version: 4.9.2-2707645+++depot+UE4-Releases+4.9
[2016.01.26-22.33.43:983][  0]LogInit: API Version: 2672455
[2016.01.26-22.33.43:983][  0]LogInit: Compiled (64-bit): Sep 28 2015 10:25:44
[2016.01.26-22.33.43:983][  0]LogInit: Compiled with Visual C++: 18.00.21005.01
[2016.01.26-22.33.43:984][  0]LogInit: Build Configuration: DebugGame
[2016.01.26-22.33.43:984][  0]LogInit: Branch Name: ++depot+UE4-Releases+4.9
[2016.01.26-22.33.43:984][  0]LogInit: Command line:  -debug
[2016.01.26-22.33.43:985][  0]LogInit: Base directory: C:/Program Files/Epic Games/4.9/Engine/Binaries/Win64/
[2016.01.26-22.33.43:985][  0]LogInit: Rocket: 1
[2016.01.26-22.33.44:025][  0]LogInit: Using libcurl 7.41.0
[2016.01.26-22.33.44:025][  0]LogInit:  - built for x86_64-pc-win32
[2016.01.26-22.33.44:026][  0]LogInit:  - supports SSL with WinSSL
[2016.01.26-22.33.44:026][  0]LogInit:  - other features:
[2016.01.26-22.33.44:026][  0]LogInit:      CURL_VERSION_SSL
[2016.01.26-22.33.44:027][  0]LogInit:      CURL_VERSION_IPV6
[2016.01.26-22.33.44:027][  0]LogInit:      CURL_VERSION_ASYNCHDNS
[2016.01.26-22.33.44:027][  0]LogInit:      CURL_VERSION_LARGEFILE
[2016.01.26-22.33.44:027][  0]LogInit:      CURL_VERSION_IDN
[2016.01.26-22.33.44:027][  0]LogInit:  CurlRequestOptions (configurable via config and command line):
[2016.01.26-22.33.44:028][  0]LogInit:  - bVerifyPeer = true  - Libcurl will verify peer certificate
[2016.01.26-22.33.44:028][  0]LogInit:  - bUseHttpProxy = false  - Libcurl will NOT use HTTP proxy
[2016.01.26-22.33.44:028][  0]LogInit:  - bDontReuseConnections = false  - Libcurl will reuse connections
[2016.01.26-22.33.44:028][  0]LogInit:  - CertBundlePath = nullptr  - Libcurl will use whatever was configured at build time.
[2016.01.26-22.33.44:102][  0]LogInit: WinSock: version 1.1 (2.2), MaxSocks=32767, MaxUdp=65467
[2016.01.26-22.33.44:119][  0]LogVoice:Warning: Failed to initialize voice interface
[2016.01.26-22.33.44:125][  0]LogInit: Presizing for 0 objects not considered by GC, pre-allocating 0 bytes.
[2016.01.26-22.33.44:138][  0]LogInit: Object subsystem initialized
[2016.01.26-22.33.44:140][  0]LogInit: Selected Device Profile: [Windows]
[2016.01.26-22.33.44:141][  0]LogInit: Applying CVar settings loaded from the selected device profile: [Windows]
[2016.01.26-22.33.44:153][  0]LogInit: Computer: FREDERIC-PC
[2016.01.26-22.33.44:153][  0]LogInit: User: frederic
[2016.01.26-22.33.44:153][  0]LogInit: CPU Page size=4096, Cores=4
[2016.01.26-22.33.44:154][  0]LogInit: High frequency timer resolution =3.331240 MHz
[2016.01.26-22.33.44:154][  0]LogMemory: Memory total: Physical=15.9GB (16GB approx)
[2016.01.26-22.33.44:154][  0]LogMemory: Platform Memory Stats for Windows
[2016.01.26-22.33.44:154][  0]LogMemory: Process Physical Memory: 54.64 MB used, 54.64 MB peak
[2016.01.26-22.33.44:155][  0]LogMemory: Process Virtual Memory: 55.75 MB used, 55.75 MB peak
[2016.01.26-22.33.44:155][  0]LogMemory: Physical Memory: 7520.55 MB used, 16288.39 MB total
[2016.01.26-22.33.44:155][  0]LogMemory: Virtual Memory: 337.63 MB used, 8388608.00 MB total
[2016.01.26-22.33.44:253][  0]LogTextLocalizationManager: No translations for ('fr-CA') exist, falling back to 'en' for localization and internationalization data.
[2016.01.26-22.33.44:930][  0]LogD3D11RHI: Found D3D11 adapter 0: NVIDIA GeForce GTX 970 (Feature Level 11_0)
[2016.01.26-22.33.44:933][  0]LogD3D11RHI: Adapter has 4008MB of dedicated video memory, 0MB of dedicated system memory, and 7888MB of shared system memory, 1 output[s]
[2016.01.26-22.33.44:942][  0]LogD3D11RHI: Found D3D11 adapter 1: Intel(R) HD Graphics 3000 (Feature Level 10_0)
[2016.01.26-22.33.44:942][  0]LogD3D11RHI: Adapter has 64MB of dedicated video memory, 0MB of dedicated system memory, and 1632MB of shared system memory, 0 output[s]
[2016.01.26-22.33.44:943][  0]LogD3D11RHI: Chosen D3D11 Adapter Id = 0
[2016.01.26-22.33.44:947][  0]LogD3D11RHI: !Direct3DDevice
[2016.01.26-22.33.44:948][  0]LogRHI: Texture pool is 1361 MB (70% of 1945 MB)
[2016.01.26-22.33.45:020][  0]LogD3D11RHI: Async texture creation enabled
[2016.01.26-22.33.45:035][  0]LogShaderCompilers: Guid format shader working directory is 15 characters bigger than the processId version (../../../../../../Users/frederic/Documents/Unreal Projects/LostAge/Intermediate/Shaders/WorkingDirectory/7768/).
[2016.01.26-22.33.45:036][  0]LogShaderCompilers: Cleaned the shader compiler working directory '../../../../../../Users/frederic/Documents/Unreal Projects/LostAge/Intermediate/Shaders/tmp/D2873D1E47E996F0639B9E86A775B344/'.
[2016.01.26-22.33.45:036][  0]LogShaderCompilers:Display: Using Local Shader Compiler.
[2016.01.26-22.33.46:301][  0]LogTemp:Display: Loaded TP AllDesktopTargetPlatform
[2016.01.26-22.33.46:320][  0]LogTemp:Display: Loaded TP WindowsClientTargetPlatform
[2016.01.26-22.33.46:343][  0]LogTemp:Display: Loaded TP WindowsNoEditorTargetPlatform
[2016.01.26-22.33.46:364][  0]LogTemp:Display: Loaded TP WindowsServerTargetPlatform
[2016.01.26-22.33.46:383][  0]LogTemp:Display: Loaded TP WindowsTargetPlatform
[2016.01.26-22.33.46:391][  0]LogTemp:Display: Loaded TP AndroidTargetPlatform
[2016.01.26-22.33.46:398][  0]LogTemp:Display: Loaded TP Android_ASTCTargetPlatform
[2016.01.26-22.33.46:405][  0]LogTemp:Display: Loaded TP Android_ATCTargetPlatform
[2016.01.26-22.33.46:413][  0]LogTemp:Display: Loaded TP Android_DXTTargetPlatform
[2016.01.26-22.33.46:421][  0]LogTemp:Display: Loaded TP Android_ETC1TargetPlatform
[2016.01.26-22.33.46:428][  0]LogTemp:Display: Loaded TP Android_ETC2TargetPlatform
[2016.01.26-22.33.46:437][  0]LogTemp:Display: Loaded TP Android_PVRTCTargetPlatform
[2016.01.26-22.33.46:441][  0]LogTemp:Display: Loaded TP HTML5TargetPlatform
[2016.01.26-22.33.46:474][  0]LogTemp:Display: Loaded TP IOSTargetPlatform
[2016.01.26-22.33.46:481][  0]LogTemp:Display: Loaded TP LinuxNoEditorTargetPlatform
[2016.01.26-22.33.46:488][  0]LogTemp:Display: Loaded TP LinuxServerTargetPlatform
[2016.01.26-22.33.46:496][  0]LogTemp:Display: Loaded TP LinuxTargetPlatform
[2016.01.26-22.33.46:497][  0]LogTargetPlatformManager:Display: Building Assets For Windows
[2016.01.26-22.33.46:743][  0]LogDerivedDataCache:Display: Max Cache Size: 512 MB
[2016.01.26-22.33.46:788][  0]LogDerivedDataCache: Loaded boot cache 0.05s 41MB C:/Users/frederic/AppData/Local/UnrealEngine/4.9/DerivedDataCache/Boot.ddc.
[2016.01.26-22.33.46:789][  0]LogDerivedDataCache:Display: Loaded Boot cache: C:/Users/frederic/AppData/Local/UnrealEngine/4.9/DerivedDataCache/Boot.ddc
[2016.01.26-22.33.46:789][  0]LogDerivedDataCache: FDerivedDataBackendGraph:  Pak pak cache file ../../../../../../Users/frederic/Documents/Unreal Projects/LostAge/DerivedDataCache/DDC.ddp not found, will not use a pak cache.
[2016.01.26-22.33.46:790][  0]LogDerivedDataCache: Unable to find inner node Pak for hierarchical cache Hierarchy.
[2016.01.26-22.33.46:790][  0]LogDerivedDataCache: FDerivedDataBackendGraph:  CompressedPak pak cache file ../../../../../../Users/frederic/Documents/Unreal Projects/LostAge/DerivedDataCache/Compressed.ddp not found, will not use a pak cache.
[2016.01.26-22.33.46:790][  0]LogDerivedDataCache: Unable to find inner node CompressedPak for hierarchical cache Hierarchy.
[2016.01.26-22.33.46:946][  0]LogDerivedDataCache:Display: Pak cache opened for reading ../../../Engine/DerivedDataCache/Compressed.ddp.
[2016.01.26-22.33.46:958][  0]LogDerivedDataCache: Using Local data cache path C:/Users/frederic/AppData/Local/UnrealEngine/Common/DerivedDataCache: Writable
[2016.01.26-22.33.47:160][  0]LogInit: Selected Device Profile: [Windows]
[2016.01.26-22.33.47:161][  0]LogContentStreaming: Texture pool size is 0.000000MB
[2016.01.26-22.33.47:203][  0]LogMeshUtilities: No automatic mesh reduction module available
[2016.01.26-22.33.47:203][  0]LogMeshUtilities: No automatic mesh merging module available
[2016.01.26-22.33.48:771][  0]UdpMessaging: Initializing bridge on interface 0.0.0.0:0 to multicast group 230.0.0.1:6666.
[2016.01.26-22.33.56:978][  0]LogAssetRegistry: FAssetRegistry took 0.0103 seconds to start up
[2016.01.26-22.33.57:344][  0]SourceControl: Info Source control is disabled
[2016.01.26-22.33.57:346][  0]SourceControl: Info Source control is disabled
[2016.01.26-22.33.57:362][  0]SourceControl: Info Source control is disabled
[2016.01.26-22.33.57:382][  0]SourceControl: Info Source control is disabled
[2016.01.26-22.33.57:573][  0]LogLinker:Warning: Asset '../../../Engine/Plugins/Runtime/LeapMotionController/Content/LM_PassthroughMaterial.uasset' has been saved with empty engine version. The asset will be loaded but may be incompatible.
[2016.01.26-22.33.57:686][  0]LogObj: 28402 objects as part of root set at end of initial load.
[2016.01.26-22.33.57:686][  0]LogUObjectAllocator: 6067872 out of 0 bytes used by permanent object pool.
[2016.01.26-22.33.57:771][  0]LogEngine: Initializing Engine...
[2016.01.26-22.33.57:774][  0]LogHMD: Can't find Oculus library dev build: is proper Runtime installed? Version: 0.7.0.0
[2016.01.26-22.33.57:777][  0]LogHMD: SteamVR failed to initialize.  Err: 110
[2016.01.26-22.33.57:936][  0]LogAIModule: Creating AISystem for world NewWorld
[2016.01.26-22.33.57:953][  0]LogInit: XAudio2 using 'Haut-parleurs (USB PnP Sound Device)' : 2 channels at 44.1 kHz using 16 bits per sample (channel mask 0x3)
[2016.01.26-22.33.57:961][  0]LogInit: FAudioDevice initialized.
[2016.01.26-22.33.57:989][  0]LogDerivedDataCache: Saved boot cache 0.03s 41MB C:/Users/frederic/AppData/Local/UnrealEngine/4.9/DerivedDataCache/Boot.ddc.
[2016.01.26-22.33.57:995][  0]LogInit: Texture streaming: Enabled
[2016.01.26-22.33.58:012][  0]LogAnalytics: Creating configured Analytics provider AnalyticsET
[2016.01.26-22.33.58:012][  0]LogAnalytics: [UEEditor.Rocket.Release] APIServer = http://et2.epicgames.com/ET2/. AppVersion = 4.9.2-2707645+++depot+UE4-Releases+4.9
[2016.01.26-22.33.58:013][  0]LogAnalytics: [UEEditor.Rocket.Release] SetUserId c8da8d664a36a98701fe659c10ae4ff8|70626fa7f476448fb82ad9618fbbb1ab|00e7fb16-00c3-4af4-a2a1-2cc8013aae38
[2016.01.26-22.33.58:013][  0]LogAnalytics: [UEEditor.Rocket.Release] AnalyticsET::StartSession
[2016.01.26-22.33.58:034][  0]LogInit: Transaction tracking system initialized
[2016.01.26-22.33.58:164][  0]BlueprintLog: New page: Editor Load
[2016.01.26-22.33.58:581][  0]LocalizationService: Info Localization service is disabled
[2016.01.26-22.33.58:764][  0]LogLinker:Warning: Can't find file '/Game/ThirdPersonCPP/ThirdPersonOverview'
[2016.01.26-22.33.58:765][  0]LogLinker:Warning: Can't find file '/Game/ThirdPersonCPP/ThirdPersonOverview'
[2016.01.26-22.33.58:765][  0]LogUObjectGlobals:Warning: Failed to find object 'Class /Game/ThirdPersonCPP/ThirdPersonOverview.ThirdPersonOverview_C'
[2016.01.26-22.33.58:798][  0]LogConsoleResponse:Display: 
[2016.01.26-22.33.58:925][  0]LogCook:Display: Done creating registry. It took  0.00s.
[2016.01.26-22.33.59:140][  0]LogFileCache: Scanning file cache for directory 'C:/Users/frederic/Documents/Unreal Projects/LostAge/Content/' took 0.01s
[2016.01.26-22.33.59:140][  0]SourceControl: Info Source control is disabled
[2016.01.26-22.33.59:141][  0]Cmd: MAP LOAD FILE="../../../../../../Users/frederic/Documents/Unreal Projects/LostAge/Content/FirstPersonCPP/Maps/MainMenu.umap" TEMPLATE=0 SHOWPROGRESS=1 FEATURELEVEL=3
[2016.01.26-22.33.59:142][  0]LightingResults: New page: Lighting Build
[2016.01.26-22.33.59:147][  0]MapCheck: New page: Map Check
[2016.01.26-22.33.59:148][  0]LightingResults: New page: Lighting Build
[2016.01.26-22.33.59:160][  0]LogParticles: Destroying 0 GPU particle simulations for FXSystem 0x0000000022796AC0
[2016.01.26-22.33.59:164][  0]LogAIModule: Creating AISystem for world MainMenu
[2016.01.26-22.33.59:166][  0]LogEditorServer: Finished looking for orphan Actors (0.000 secs)
[2016.01.26-22.33.59:167][  0]Cmd: MAP CHECKDEP NOCLEARLOG
[2016.01.26-22.33.59:209][  0]MapCheck: Info Map check complete: 0 Error(s), 0 Warning(s), took 41.663ms to complete.
[2016.01.26-22.33.59:210][  0]LogFileHelpers: Loading map 'MainMenu' took 0.069
[2016.01.26-22.33.59:312][  0]LogCollectionManager: Loaded 0 collections in 0.002362 seconds
[2016.01.26-22.33.59:357][  0]LogFileCache: Scanning file cache for directory 'C:/Users/frederic/Documents/Unreal Projects/LostAge/Saved/Collections/' took 0.01s
[2016.01.26-22.33.59:357][  0]LogFileCache: Scanning file cache for directory 'C:/Users/frederic/Documents/Unreal Projects/LostAge/Content/Developers/frederic/Collections/' took 0.01s
[2016.01.26-22.33.59:358][  0]LogFileCache: Scanning file cache for directory 'C:/Users/frederic/Documents/Unreal Projects/LostAge/Content/Collections/' took 0.01s
[2016.01.26-22.33.59:358][  0]LogContentBrowser: Native class hierarchy populated in 0.0086 seconds. Added 1875 classes and 335 folders.
[2016.01.26-22.33.59:366][  0]LogCollectionManager: Rebuilt the GUID cache for 0 collections in 0.000002 seconds
[2016.01.26-22.33.59:381][  0]LogContentBrowser: Native class hierarchy updated for 'WidgetCarousel' in 0.0031 seconds. Added 0 classes and 0 folders.
[2016.01.26-22.33.59:448][  0]LogContentBrowser: Native class hierarchy updated for 'AddContentDialog' in 0.0019 seconds. Added 0 classes and 0 folders.
[2016.01.26-22.33.59:472][  0]LogContentBrowser: Native class hierarchy updated for 'SceneOutliner' in 0.0019 seconds. Added 1 classes and 2 folders.
[2016.01.26-22.33.59:506][  0]LogCrashTracker: Crashtracker disabled due to settings.
[2016.01.26-22.33.59:510][  0]LogUObjectGlobals:Warning: Failed to find object 'Class None.'
[2016.01.26-22.33.59:533][  0]LogLoad: Full Startup: 16.59 seconds (BP compile: 0.00 seconds)
[2016.01.26-22.33.59:622][  0]LogContentStreaming: Texture pool size now 1000 MB
[2016.01.26-22.33.59:757][  2]LogRenderer: Reallocating scene render targets to support 948x488 (Frame:2).
[2016.01.26-22.33.59:911][  2]LogAssetRegistry: Asset discovery search completed in 2.9433 seconds
[2016.01.26-22.33.59:911][  2]LogCollectionManager: Rebuilt the object cache for 0 collections in 0.000001 seconds (found 0 objects)
[2016.01.26-22.33.59:912][  2]LogCollectionManager: Fixed up redirectors for 0 collections in 0.000440 seconds (updated 0 objects)
[2016.01.26-22.34.02:568][312]LogPlayLevel: PlayLevel: No blueprints needed recompiling
[2016.01.26-22.34.02:569][312]PIE: New page: PIE session: MainMenu (Jan 26, 2016, 12:34:02 PM)
[2016.01.26-22.34.02:632][312]LogPlayLevel: Creating play world package: /Game/FirstPersonCPP/Maps/UEDPIE_0_MainMenu
[2016.01.26-22.34.02:634][312]LogPlayLevel: PIE: StaticDuplicateObject took: (0.000487s)
[2016.01.26-22.34.02:634][312]LogAIModule: Creating AISystem for world MainMenu
[2016.01.26-22.34.02:635][312]LogPlayLevel: PIE: World Init took: (0.001309s)
[2016.01.26-22.34.02:636][312]LogPlayLevel: PIE: Created PIE world by copying editor world from /Game/FirstPersonCPP/Maps/MainMenu.MainMenu to /Game/FirstPersonCPP/Maps/UEDPIE_0_MainMenu.MainMenu (0.003192s)
[2016.01.26-22.34.02:657][312]LogInit: XAudio2 using 'Haut-parleurs (USB PnP Sound Device)' : 2 channels at 44.1 kHz using 16 bits per sample (channel mask 0x3)
[2016.01.26-22.34.02:661][312]LogInit: FAudioDevice initialized.
[2016.01.26-22.34.02:708][312]LogWorld: Game class is 'LostAgeGameMode'
[2016.01.26-22.34.08:549][312]LogWorld: Bringing World /Game/FirstPersonCPP/Maps/UEDPIE_0_MainMenu.MainMenu up for play (max tick rate 3) at 2016.01.26-17.34.08
[2016.01.26-22.34.08:550][312]LogActor:Warning: GameSession /Game/FirstPersonCPP/Maps/UEDPIE_0_MainMenu.MainMenu:PersistentLevel.GameSession_0 has natively added scene component(s), but none of them were set as the actor's RootComponent - picking one arbitrarily
[2016.01.26-22.34.08:550][312]LogActor:Warning: GameNetworkMan