[2016.01.26-02.40.09:536][  0]Log file open, 01/25/16 21:40:09
[2016.01.26-02.40.09:536][  0]LogInit:Display: Running engine for game: LostAge
[2016.01.26-02.40.09:536][  0]LogInit:Display: RandInit(1248831416) SRandInit(1248831417).
[2016.01.26-02.40.09:537][  0]LogTaskGraph: Started task graph with 4 named threads and 7 total threads.
[2016.01.26-02.40.09:537][  0]LogStats: Stats thread started at 0.152258
[2016.01.26-02.40.09:537][  0]LogInit: Version: 4.9.2-2707645+++depot+UE4-Releases+4.9
[2016.01.26-02.40.09:538][  0]LogInit: API Version: 2672455
[2016.01.26-02.40.09:538][  0]LogInit: Compiled (64-bit): Sep 28 2015 10:25:44
[2016.01.26-02.40.09:538][  0]LogInit: Compiled with Visual C++: 18.00.21005.01
[2016.01.26-02.40.09:538][  0]LogInit: Build Configuration: DebugGame
[2016.01.26-02.40.09:539][  0]LogInit: Branch Name: ++depot+UE4-Releases+4.9
[2016.01.26-02.40.09:539][  0]LogInit: Command line:  -debug
[2016.01.26-02.40.09:539][  0]LogInit: Base directory: C:/Program Files/Epic Games/4.9/Engine/Binaries/Win64/
[2016.01.26-02.40.09:539][  0]LogInit: Rocket: 1
[2016.01.26-02.40.09:562][  0]LogInit: Using libcurl 7.41.0
[2016.01.26-02.40.09:562][  0]LogInit:  - built for x86_64-pc-win32
[2016.01.26-02.40.09:563][  0]LogInit:  - supports SSL with WinSSL
[2016.01.26-02.40.09:563][  0]LogInit:  - other features:
[2016.01.26-02.40.09:563][  0]LogInit:      CURL_VERSION_SSL
[2016.01.26-02.40.09:563][  0]LogInit:      CURL_VERSION_IPV6
[2016.01.26-02.40.09:564][  0]LogInit:      CURL_VERSION_ASYNCHDNS
[2016.01.26-02.40.09:564][  0]LogInit:      CURL_VERSION_LARGEFILE
[2016.01.26-02.40.09:565][  0]LogInit:      CURL_VERSION_IDN
[2016.01.26-02.40.09:565][  0]LogInit:  CurlRequestOptions (configurable via config and command line):
[2016.01.26-02.40.09:565][  0]LogInit:  - bVerifyPeer = true  - Libcurl will verify peer certificate
[2016.01.26-02.40.09:565][  0]LogInit:  - bUseHttpProxy = false  - Libcurl will NOT use HTTP proxy
[2016.01.26-02.40.09:566][  0]LogInit:  - bDontReuseConnections = false  - Libcurl will reuse connections
[2016.01.26-02.40.09:566][  0]LogInit:  - CertBundlePath = nullptr  - Libcurl will use whatever was configured at build time.
[2016.01.26-02.40.09:601][  0]LogInit: Presizing for 0 objects not considered by GC, pre-allocating 0 bytes.
[2016.01.26-02.40.09:608][  0]LogInit: Object subsystem initialized
[2016.01.26-02.40.09:610][  0]LogInit: Selected Device Profile: [Windows]
[2016.01.26-02.40.09:611][  0]LogInit: Applying CVar settings loaded from the selected device profile: [Windows]
[2016.01.26-02.40.09:619][  0]LogInit: Computer: FREDERIC-PC
[2016.01.26-02.40.09:619][  0]LogInit: User: frederic
[2016.01.26-02.40.09:619][  0]LogInit: CPU Page size=4096, Cores=4
[2016.01.26-02.40.09:620][  0]LogInit: High frequency timer resolution =3.331230 MHz
[2016.01.26-02.40.09:620][  0]LogMemory: Memory total: Physical=15.9GB (16GB approx)
[2016.01.26-02.40.09:620][  0]LogMemory: Platform Memory Stats for Windows
[2016.01.26-02.40.09:620][  0]LogMemory: Process Physical Memory: 53.92 MB used, 53.92 MB peak
[2016.01.26-02.40.09:621][  0]LogMemory: Process Virtual Memory: 55.50 MB used, 55.50 MB peak
[2016.01.26-02.40.09:621][  0]LogMemory: Physical Memory: 8683.82 MB used, 16288.39 MB total
[2016.01.26-02.40.09:621][  0]LogMemory: Virtual Memory: 330.62 MB used, 8388608.00 MB total
[2016.01.26-02.40.09:709][  0]LogTextLocalizationManager: No translations for ('fr-CA') exist, falling back to 'en' for localization and internationalization data.
[2016.01.26-02.40.10:444][  0]LogD3D11RHI: Found D3D11 adapter 0: NVIDIA GeForce GTX 970 (Feature Level 11_0)
[2016.01.26-02.40.10:445][  0]LogD3D11RHI: Adapter has 4008MB of dedicated video memory, 0MB of dedicated system memory, and 7888MB of shared system memory, 1 output[s]
[2016.01.26-02.40.10:453][  0]LogD3D11RHI: Found D3D11 adapter 1: Intel(R) HD Graphics 3000 (Feature Level 10_0)
[2016.01.26-02.40.10:453][  0]LogD3D11RHI: Adapter has 64MB of dedicated video memory, 0MB of dedicated system memory, and 1632MB of shared system memory, 0 output[s]
[2016.01.26-02.40.10:454][  0]LogD3D11RHI: Chosen D3D11 Adapter Id = 0
[2016.01.26-02.40.10:458][  0]LogD3D11RHI: !Direct3DDevice
[2016.01.26-02.40.10:459][  0]LogRHI: Texture pool is 1361 MB (70% of 1945 MB)
[2016.01.26-02.40.10:514][  0]LogD3D11RHI: Async texture creation enabled
[2016.01.26-02.40.10:529][  0]LogShaderCompilers: Guid format shader working directory is 15 characters bigger than the processId version (../../../../../../Users/frederic/Documents/Unreal Projects/LostAge/Intermediate/Shaders/WorkingDirectory/7288/).
[2016.01.26-02.40.10:530][  0]LogShaderCompilers: Cleaned the shader compiler working directory '../../../../../../Users/frederic/Documents/Unreal Projects/LostAge/Intermediate/Shaders/tmp/F2DCED5E482DED434BE17FBB1665972E/'.
[2016.01.26-02.40.10:530][  0]LogShaderCompilers:Display: Using Local Shader Compiler.
[2016.01.26-02.40.11:735][  0]LogTemp:Display: Loaded TP AllDesktopTargetPlatform
[2016.01.26-02.40.11:750][  0]LogTemp:Display: Loaded TP WindowsClientTargetPlatform
[2016.01.26-02.40.11:765][  0]LogTemp:Display: Loaded TP WindowsNoEditorTargetPlatform
[2016.01.26-02.40.11:780][  0]LogTemp:Display: Loaded TP WindowsServerTargetPlatform
[2016.01.26-02.40.11:796][  0]LogTemp:Display: Loaded TP WindowsTargetPlatform
[2016.01.26-02.40.11:802][  0]LogTemp:Display: Loaded TP AndroidTargetPlatform
[2016.01.26-02.40.11:810][  0]LogTemp:Display: Loaded TP Android_ASTCTargetPlatform
[2016.01.26-02.40.11:818][  0]LogTemp:Display: Loaded TP Android_ATCTargetPlatform
[2016.01.26-02.40.11:826][  0]LogTemp:Display: Loaded TP Android_DXTTargetPlatform
[2016.01.26-02.40.11:835][  0]LogTemp:Display: Loaded TP Android_ETC1TargetPlatform
[2016.01.26-02.40.11:842][  0]LogTemp:Display: Loaded TP Android_ETC2TargetPlatform
[2016.01.26-02.40.11:852][  0]LogTemp:Display: Loaded TP Android_PVRTCTargetPlatform
[2016.01.26-02.40.11:856][  0]LogTemp:Display: Loaded TP HTML5TargetPlatform
[2016.01.26-02.40.11:886][  0]LogTemp:Display: Loaded TP IOSTargetPlatform
[2016.01.26-02.40.11:892][  0]LogTemp:Display: Loaded TP LinuxNoEditorTargetPlatform
[2016.01.26-02.40.11:899][  0]LogTemp:Display: Loaded TP LinuxServerTargetPlatform
[2016.01.26-02.40.11:906][  0]LogTemp:Display: Loaded TP LinuxTargetPlatform
[2016.01.26-02.40.11:907][  0]LogTargetPlatformManager:Display: Building Assets For Windows
[2016.01.26-02.40.12:120][  0]LogDerivedDataCache:Display: Max Cache Size: 512 MB
[2016.01.26-02.40.12:176][  0]LogDerivedDataCache: Loaded boot cache 0.06s 44MB C:/Users/frederic/AppData/Local/UnrealEngine/4.9/DerivedDataCache/Boot.ddc.
[2016.01.26-02.40.12:176][  0]LogDerivedDataCache:Display: Loaded Boot cache: C:/Users/frederic/AppData/Local/UnrealEngine/4.9/DerivedDataCache/Boot.ddc
[2016.01.26-02.40.12:177][  0]LogDerivedDataCache: FDerivedDataBackendGraph:  Pak pak cache file ../../../../../../Users/frederic/Documents/Unreal Projects/LostAge/DerivedDataCache/DDC.ddp not found, will not use a pak cache.
[2016.01.26-02.40.12:177][  0]LogDerivedDataCache: Unable to find inner node Pak for hierarchical cache Hierarchy.
[2016.01.26-02.40.12:177][  0]LogDerivedDataCache: FDerivedDataBackendGraph:  CompressedPak pak cache file ../../../../../../Users/frederic/Documents/Unreal Projects/LostAge/DerivedDataCache/Compressed.ddp not found, will not use a pak cache.
[2016.01.26-02.40.12:178][  0]LogDerivedDataCache: Unable to find inner node CompressedPak for hierarchical cache Hierarchy.
[2016.01.26-02.40.12:324][  0]LogDerivedDataCache:Display: Pak cache opened for reading ../../../Engine/DerivedDataCache/Compressed.ddp.
[2016.01.26-02.40.12:336][  0]LogDerivedDataCache: Using Local data cache path C:/Users/frederic/AppData/Local/UnrealEngine/Common/DerivedDataCache: Writable
[2016.01.26-02.40.12:524][  0]LogInit: Selected Device Profile: [Windows]
[2016.01.26-02.40.12:526][  0]LogContentStreaming: Texture pool size is 0.000000MB
[2016.01.26-02.40.12:563][  0]LogMeshUtilities: No automatic mesh reduction module available
[2016.01.26-02.40.12:564][  0]LogMeshUtilities: No automatic mesh merging module available
[2016.01.26-02.40.12:961][  0]LogInit: WinSock: version 1.1 (2.2), MaxSocks=32767, MaxUdp=65467
[2016.01.26-02.40.13:984][  0]UdpMessaging: Initializing bridge on interface 0.0.0.0:0 to multicast group 230.0.0.1:6666.
[2016.01.26-02.40.14:347][  0]LogAssetRegistry: FAssetRegistry took 0.0109 seconds to start up
[2016.01.26-02.40.14:676][  0]SourceControl: Info Source control is disabled
[2016.01.26-02.40.14:678][  0]SourceControl: Info Source control is disabled
[2016.01.26-02.40.14:695][  0]SourceControl: Info Source control is disabled
[2016.01.26-02.40.14:716][  0]SourceControl: Info Source control is disabled
[2016.01.26-02.40.14:906][  0]LogLinker:Warning: Asset '../../../Engine/Plugins/Runtime/LeapMotionController/Content/LM_PassthroughMaterial.uasset' has been saved with empty engine version. The asset will be loaded but may be incompatible.
[2016.01.26-02.40.15:006][  0]LogObj: 31789 objects as part of root set at end of initial load.
[2016.01.26-02.40.15:007][  0]LogUObjectAllocator: 7252464 out of 0 bytes used by permanent object pool.
[2016.01.26-02.40.15:087][  0]LogEngine: Initializing Engine...
[2016.01.26-02.40.15:090][  0]LogHMD: Can't find Oculus library dev build: is proper Runtime installed? Version: 0.7.0.0
[2016.01.26-02.40.15:092][  0]LogHMD: SteamVR failed to initialize.  Err: 110
[2016.01.26-02.40.15:241][  0]LogAIModule: Creating AISystem for world NewWorld
[2016.01.26-02.40.15:264][  0]LogInit: XAudio2 using 'Haut-parleurs (USB PnP Sound Device)' : 2 channels at 44.1 kHz using 16 bits per sample (channel mask 0x3)
[2016.01.26-02.40.15:274][  0]LogInit: FAudioDevice initialized.
[2016.01.26-02.40.15:297][  0]LogDerivedDataCache: Saved boot cache 0.02s 43MB C:/Users/frederic/AppData/Local/UnrealEngine/4.9/DerivedDataCache/Boot.ddc.
[2016.01.26-02.40.15:303][  0]LogInit: Texture streaming: Enabled
[2016.01.26-02.40.15:318][  0]LogAnalytics: Creating configured Analytics provider AnalyticsET
[2016.01.26-02.40.15:319][  0]LogAnalytics: [UEEditor.Rocket.Release] APIServer = http://et2.epicgames.com/ET2/. AppVersion = 4.9.2-2707645+++depot+UE4-Releases+4.9
[2016.01.26-02.40.15:319][  0]LogAnalytics: [UEEditor.Rocket.Release] SetUserId c8da8d664a36a98701fe659c10ae4ff8|70626fa7f476448fb82ad9618fbbb1ab|00e7fb16-00c3-4af4-a2a1-2cc8013aae38
[2016.01.26-02.40.15:319][  0]LogAnalytics: [UEEditor.Rocket.Release] AnalyticsET::StartSession
[2016.01.26-02.40.15:338][  0]LogInit: Transaction tracking system initialized
[2016.01.26-02.40.15:438][  0]BlueprintLog: New page: Editor Load
[2016.01.26-02.40.15:835][  0]LocalizationService: Info Localization service is disabled
[2016.01.26-02.40.16:004][  0]LogLinker:Warning: Can't find file '/Game/ThirdPersonCPP/ThirdPersonOverview'
[2016.01.26-02.40.16:004][  0]LogLinker:Warning: Can't find file '/Game/ThirdPersonCPP/ThirdPersonOverview'
[2016.01.26-02.40.16:005][  0]LogUObjectGlobals:Warning: Failed to find object 'Class /Game/ThirdPersonCPP/ThirdPersonOverview.ThirdPersonOverview_C'
[2016.01.26-02.40.16:034][  0]LogConsoleResponse:Display: 
[2016.01.26-02.40.16:155][  0]LogCook:Display: Done creating registry. It took  0.00s.
[2016.01.26-02.40.16:328][  0]LogFileCache: Scanning file cache for directory 'C:/Users/frederic/Documents/Unreal Projects/LostAge/Content/' took 0.01s
[2016.01.26-02.40.16:329][  0]SourceControl: Info Source control is disabled
[2016.01.26-02.40.16:329][  0]Cmd: MAP LOAD FILE="../../../../../../Users/frederic/Documents/Unreal Projects/LostAge/Content/FirstPersonCPP/Maps/MainMenu.umap" TEMPLATE=0 SHOWPROGRESS=1 FEATURELEVEL=3
[2016.01.26-02.40.16:330][  0]LightingResults: New page: Lighting Build
[2016.01.26-02.40.16:335][  0]MapCheck: New page: Map Check
[2016.01.26-02.40.16:336][  0]LightingResults: New page: Lighting Build
[2016.01.26-02.40.16:348][  0]LogParticles: Destroying 0 GPU particle simulations for FXSystem 0x00000000237EA480
[2016.01.26-02.40.16:354][  0]LogAIModule: Creating AISystem for world MainMenu
[2016.01.26-02.40.16:356][  0]LogEditorServer: Finished looking for orphan Actors (0.000 secs)
[2016.01.26-02.40.16:357][  0]Cmd: MAP CHECKDEP NOCLEARLOG
[2016.01.26-02.40.16:408][  0]MapCheck: Info Map check complete: 0 Error(s), 0 Warning(s), took 50.067ms to complete.
[2016.01.26-02.40.16:408][  0]LogFileHelpers: Loading map 'MainMenu' took 0.079
[2016.01.26-02.40.16:521][  0]LogCollectionManager: Loaded 0 collections in 0.002112 seconds
[2016.01.26-02.40.16:564][  0]LogFileCache: Scanning file cache for directory 'C:/Users/frederic/Documents/Unreal Projects/LostAge/Saved/Collections/' took 0.01s
[2016.01.26-02.40.16:565][  0]LogFileCache: Scanning file cache for directory 'C:/Users/frederic/Documents/Unreal Projects/LostAge/Content/Developers/frederic/Collections/' took 0.01s
[2016.01.26-02.40.16:565][  0]LogFileCache: Scanning file cache for directory 'C:/Users/frederic/Documents/Unreal Projects/LostAge/Content/Collections/' took 0.01s
[2016.01.26-02.40.16:565][  0]LogContentBrowser: Native class hierarchy populated in 0.0083 seconds. Added 1875 classes and 335 folders.
[2016.01.26-02.40.16:574][  0]LogCollectionManager: Rebuilt the GUID cache for 0 collections in 0.000003 seconds
[2016.01.26-02.40.16:597][  0]LogContentBrowser: Native class hierarchy updated for 'WidgetCarousel' in 0.0031 seconds. Added 0 classes and 0 folders.
[2016.01.26-02.40.16:659][  0]LogContentBrowser: Native class hierarchy updated for 'AddContentDialog' in 0.0019 seconds. Added 0 classes and 0 folders.
[2016.01.26-02.40.16:679][  0]LogContentBrowser: Native class hierarchy updated for 'SceneOutliner' in 0.0019 seconds. Added 1 classes and 2 folders.
[2016.01.26-02.40.16:713][  0]LogCrashTracker: Crashtracker disabled due to settings.
[2016.01.26-02.40.16:717][  0]LogUObjectGlobals:Warning: Failed to find object 'Class None.'
[2016.01.26-02.40.16:740][  0]LogLoad: Full Startup: 8.21 seconds (BP compile: 0.03 seconds)
[2016.01.26-02.40.16:840][  0]LogContentStreaming: Texture pool size now 1000 MB
[2016.01.26-02.40.16:970][  0]LogRenderer: Reallocating scene render targets to support 1208x556 (Frame:2).
[2016.01.26-02.40.17:167][  3]LogAssetRegistry: Asset discovery search completed in 2.8308 seconds
[2016.01.26-02.40.17:171][  3]LogCollectionManager: Rebuilt the object cache for 0 collections in 0.000002 seconds (found 0 objects)
[2016.01.26-02.40.17:172][  3]LogCollectionManager: Fixed up redirectors for 0 collections in 0.003988 seconds (updated 0 objects)
[2016.01.26-02.40.20:264][362]LogPlayLevel: PlayLevel: No blueprints needed recompiling
[2016.01.26-02.40.20:265][362]PIE: New page: PIE session: MainMenu (Jan 25, 2016, 4:40:20 PM)
[2016.01.26-02.40.20:320][362]LogPlayLevel: Creating play world package: /Game/FirstPersonCPP/Maps/UEDPIE_0_MainMenu
[2016.01.26-02.40.20:321][362]LogPlayLevel: PIE: StaticDuplicateObject took: (0.000694s)
[2016.01.26-02.40.20:322][362]LogAIModule: Creating AISystem for world MainMenu
[2016.01.26-02.40.20:323][362]LogPlayLevel: PIE: World Init took: (0.001137s)
[2016.01.26-02.40.20:323][362]LogPlayLevel: PIE: Created PIE world by copying editor world from /Game/FirstPersonCPP/Maps/MainMenu.MainMenu to /Game/FirstPersonCPP/Maps/UEDPIE_0_MainMenu.MainMenu (0.003191s)
[2016.01.26-02.40.20:345][362]LogInit: XAudio2 using 'Haut-parleurs (USB PnP Sound Device)' : 2 channels at 44.1 kHz using 16 bits per sample (channel mask 0x3)
[2016.01.26-02.40.20:350][362]LogInit: FAudioDevice initialized.
[2016.01.26-02.40.20:394][362]LogWorld: Game class is 'LostAgeGameMode'
[2016.01.26-02.40.20:396][362]LogWorld: Bringing World /Game/FirstPersonCPP/Maps/UEDPIE_0_MainMenu.MainMenu up for play (max tick rate 0) at 2016.01.25-21.40.20
[2016.01.26-02.40.20:397][362]LogActor:Warning: GameSession /Game/FirstPersonCPP/Maps/UEDPIE_0_MainMenu.MainMenu:PersistentLevel.GameSession_0 has natively added scene component(s), but none of them were set as the actor's RootComponent - picking one arbitrarily
[2016.01.26-02.40.20:397][362]LogActor:Warning: GameNetworkManager /Game/FirstPersonCPP/Maps/UEDPIE_0_MainMenu.MainMenu:PersistentLevel.GameNetworkMa