[2016.01.26-22.51.56:791][  0]Log file open, 01/26/16 17:51:56
[2016.01.26-22.51.56:791][  0]LogInit:Display: Running engine for game: LostAge
[2016.01.26-22.51.56:791][  0]LogInit:Display: RandInit(-1458773408) SRandInit(-1458773408).
[2016.01.26-22.51.56:791][  0]LogTaskGraph: Started task graph with 4 named threads and 7 total threads.
[2016.01.26-22.51.56:792][  0]LogStats: Stats thread started at 0.146026
[2016.01.26-22.51.56:792][  0]LogInit: Version: 4.9.2-2707645+++depot+UE4-Releases+4.9
[2016.01.26-22.51.56:792][  0]LogInit: API Version: 2672455
[2016.01.26-22.51.56:792][  0]LogInit: Compiled (64-bit): Sep 28 2015 10:25:44
[2016.01.26-22.51.56:793][  0]LogInit: Compiled with Visual C++: 18.00.21005.01
[2016.01.26-22.51.56:793][  0]LogInit: Build Configuration: Development
[2016.01.26-22.51.56:793][  0]LogInit: Branch Name: ++depot+UE4-Releases+4.9
[2016.01.26-22.51.56:793][  0]LogInit: Command line: 
[2016.01.26-22.51.56:794][  0]LogInit: Base directory: C:/Program Files/Epic Games/4.9/Engine/Binaries/Win64/
[2016.01.26-22.51.56:794][  0]LogInit: Rocket: 1
[2016.01.26-22.51.56:828][  0]LogInit: Using libcurl 7.41.0
[2016.01.26-22.51.56:828][  0]LogInit:  - built for x86_64-pc-win32
[2016.01.26-22.51.56:828][  0]LogInit:  - supports SSL with WinSSL
[2016.01.26-22.51.56:828][  0]LogInit:  - other features:
[2016.01.26-22.51.56:829][  0]LogInit:      CURL_VERSION_SSL
[2016.01.26-22.51.56:829][  0]LogInit:      CURL_VERSION_IPV6
[2016.01.26-22.51.56:829][  0]LogInit:      CURL_VERSION_ASYNCHDNS
[2016.01.26-22.51.56:829][  0]LogInit:      CURL_VERSION_LARGEFILE
[2016.01.26-22.51.56:830][  0]LogInit:      CURL_VERSION_IDN
[2016.01.26-22.51.56:830][  0]LogInit:  CurlRequestOptions (configurable via config and command line):
[2016.01.26-22.51.56:830][  0]LogInit:  - bVerifyPeer = true  - Libcurl will verify peer certificate
[2016.01.26-22.51.56:830][  0]LogInit:  - bUseHttpProxy = false  - Libcurl will NOT use HTTP proxy
[2016.01.26-22.51.56:830][  0]LogInit:  - bDontReuseConnections = false  - Libcurl will reuse connections
[2016.01.26-22.51.56:831][  0]LogInit:  - CertBundlePath = nullptr  - Libcurl will use whatever was configured at build time.
[2016.01.26-22.51.56:881][  0]LogInit: WinSock: version 1.1 (2.2), MaxSocks=32767, MaxUdp=65467
[2016.01.26-22.51.56:893][  0]LogVoice:Warning: Failed to initialize voice interface
[2016.01.26-22.51.56:898][  0]LogInit: Presizing for 0 objects not considered by GC, pre-allocating 0 bytes.
[2016.01.26-22.51.56:905][  0]LogInit: Object subsystem initialized
[2016.01.26-22.51.56:907][  0]LogInit: Selected Device Profile: [Windows]
[2016.01.26-22.51.56:907][  0]LogInit: Applying CVar settings loaded from the selected device profile: [Windows]
[2016.01.26-22.51.56:915][  0]LogInit: Computer: FREDERIC-PC
[2016.01.26-22.51.56:915][  0]LogInit: User: frederic
[2016.01.26-22.51.56:915][  0]LogInit: CPU Page size=4096, Cores=4
[2016.01.26-22.51.56:916][  0]LogInit: High frequency timer resolution =3.331240 MHz
[2016.01.26-22.51.56:916][  0]LogMemory: Memory total: Physical=15.9GB (16GB approx)
[2016.01.26-22.51.56:916][  0]LogMemory: Platform Memory Stats for Windows
[2016.01.26-22.51.56:916][  0]LogMemory: Process Physical Memory: 55.00 MB used, 55.00 MB peak
[2016.01.26-22.51.56:916][  0]LogMemory: Process Virtual Memory: 55.75 MB used, 55.75 MB peak
[2016.01.26-22.51.56:917][  0]LogMemory: Physical Memory: 7498.34 MB used, 16288.39 MB total
[2016.01.26-22.51.56:917][  0]LogMemory: Virtual Memory: 337.63 MB used, 8388608.00 MB total
[2016.01.26-22.51.56:985][  0]LogTextLocalizationManager: No translations for ('fr-CA') exist, falling back to 'en' for localization and internationalization data.
[2016.01.26-22.51.57:634][  0]LogD3D11RHI: Found D3D11 adapter 0: NVIDIA GeForce GTX 970 (Feature Level 11_0)
[2016.01.26-22.51.57:634][  0]LogD3D11RHI: Adapter has 4008MB of dedicated video memory, 0MB of dedicated system memory, and 7888MB of shared system memory, 1 output[s]
[2016.01.26-22.51.57:642][  0]LogD3D11RHI: Found D3D11 adapter 1: Intel(R) HD Graphics 3000 (Feature Level 10_0)
[2016.01.26-22.51.57:642][  0]LogD3D11RHI: Adapter has 64MB of dedicated video memory, 0MB of dedicated system memory, and 1632MB of shared system memory, 0 output[s]
[2016.01.26-22.51.57:643][  0]LogD3D11RHI: Chosen D3D11 Adapter Id = 0
[2016.01.26-22.51.57:647][  0]LogD3D11RHI: !Direct3DDevice
[2016.01.26-22.51.57:648][  0]LogRHI: Texture pool is 1361 MB (70% of 1945 MB)
[2016.01.26-22.51.57:697][  0]LogD3D11RHI: Async texture creation enabled
[2016.01.26-22.51.57:712][  0]LogShaderCompilers: Guid format shader working directory is 15 characters bigger than the processId version (../../../../../../Users/frederic/Documents/Unreal Projects/LostAge/Intermediate/Shaders/WorkingDirectory/7004/).
[2016.01.26-22.51.57:712][  0]LogShaderCompilers: Cleaned the shader compiler working directory '../../../../../../Users/frederic/Documents/Unreal Projects/LostAge/Intermediate/Shaders/tmp/D1C7C07842AB631005928AA4083DA49C/'.
[2016.01.26-22.51.57:713][  0]LogShaderCompilers:Display: Using Local Shader Compiler.
[2016.01.26-22.51.58:854][  0]LogTemp:Display: Loaded TP AllDesktopTargetPlatform
[2016.01.26-22.51.58:872][  0]LogTemp:Display: Loaded TP WindowsClientTargetPlatform
[2016.01.26-22.51.58:887][  0]LogTemp:Display: Loaded TP WindowsNoEditorTargetPlatform
[2016.01.26-22.51.58:904][  0]LogTemp:Display: Loaded TP WindowsServerTargetPlatform
[2016.01.26-22.51.58:917][  0]LogTemp:Display: Loaded TP WindowsTargetPlatform
[2016.01.26-22.51.58:925][  0]LogTemp:Display: Loaded TP AndroidTargetPlatform
[2016.01.26-22.51.58:931][  0]LogTemp:Display: Loaded TP Android_ASTCTargetPlatform
[2016.01.26-22.51.58:939][  0]LogTemp:Display: Loaded TP Android_ATCTargetPlatform
[2016.01.26-22.51.58:946][  0]LogTemp:Display: Loaded TP Android_DXTTargetPlatform
[2016.01.26-22.51.58:954][  0]LogTemp:Display: Loaded TP Android_ETC1TargetPlatform
[2016.01.26-22.51.58:962][  0]LogTemp:Display: Loaded TP Android_ETC2TargetPlatform
[2016.01.26-22.51.58:969][  0]LogTemp:Display: Loaded TP Android_PVRTCTargetPlatform
[2016.01.26-22.51.58:973][  0]LogTemp:Display: Loaded TP HTML5TargetPlatform
[2016.01.26-22.51.59:002][  0]LogTemp:Display: Loaded TP IOSTargetPlatform
[2016.01.26-22.51.59:008][  0]LogTemp:Display: Loaded TP LinuxNoEditorTargetPlatform
[2016.01.26-22.51.59:014][  0]LogTemp:Display: Loaded TP LinuxServerTargetPlatform
[2016.01.26-22.51.59:021][  0]LogTemp:Display: Loaded TP LinuxTargetPlatform
[2016.01.26-22.51.59:022][  0]LogTargetPlatformManager:Display: Building Assets For Windows
[2016.01.26-22.51.59:214][  0]LogDerivedDataCache:Display: Max Cache Size: 512 MB
[2016.01.26-22.51.59:263][  0]LogDerivedDataCache: Loaded boot cache 0.05s 42MB C:/Users/frederic/AppData/Local/UnrealEngine/4.9/DerivedDataCache/Boot.ddc.
[2016.01.26-22.51.59:263][  0]LogDerivedDataCache:Display: Loaded Boot cache: C:/Users/frederic/AppData/Local/UnrealEngine/4.9/DerivedDataCache/Boot.ddc
[2016.01.26-22.51.59:264][  0]LogDerivedDataCache: FDerivedDataBackendGraph:  Pak pak cache file ../../../../../../Users/frederic/Documents/Unreal Projects/LostAge/DerivedDataCache/DDC.ddp not found, will not use a pak cache.
[2016.01.26-22.51.59:264][  0]LogDerivedDataCache: Unable to find inner node Pak for hierarchical cache Hierarchy.
[2016.01.26-22.51.59:264][  0]LogDerivedDataCache: FDerivedDataBackendGraph:  CompressedPak pak cache file ../../../../../../Users/frederic/Documents/Unreal Projects/LostAge/DerivedDataCache/Compressed.ddp not found, will not use a pak cache.
[2016.01.26-22.51.59:265][  0]LogDerivedDataCache: Unable to find inner node CompressedPak for hierarchical cache Hierarchy.
[2016.01.26-22.51.59:404][  0]LogDerivedDataCache:Display: Pak cache opened for reading ../../../Engine/DerivedDataCache/Compressed.ddp.
[2016.01.26-22.51.59:416][  0]LogDerivedDataCache: Using Local data cache path C:/Users/frederic/AppData/Local/UnrealEngine/Common/DerivedDataCache: Writable
[2016.01.26-22.51.59:588][  0]LogInit: Selected Device Profile: [Windows]
[2016.01.26-22.51.59:589][  0]LogContentStreaming: Texture pool size is 0.000000MB
[2016.01.26-22.51.59:623][  0]LogMeshUtilities: No automatic mesh reduction module available
[2016.01.26-22.51.59:623][  0]LogMeshUtilities: No automatic mesh merging module available
[2016.01.26-22.52.00:894][  0]UdpMessaging: Initializing bridge on interface 0.0.0.0:0 to multicast group 230.0.0.1:6666.
[2016.01.26-22.52.01:215][  0]LogAssetRegistry: FAssetRegistry took 0.0101 seconds to start up
[2016.01.26-22.52.01:522][  0]SourceControl: Info Source control is disabled
[2016.01.26-22.52.01:523][  0]SourceControl: Info Source control is disabled
[2016.01.26-22.52.01:542][  0]SourceControl: Info Source control is disabled
[2016.01.26-22.52.01:560][  0]SourceControl: Info Source control is disabled
[2016.01.26-22.52.01:746][  0]LogLinker:Warning: Asset '../../../Engine/Plugins/Runtime/LeapMotionController/Content/LM_PassthroughMaterial.uasset' has been saved with empty engine version. The asset will be loaded but may be incompatible.
[2016.01.26-22.52.01:854][  0]LogObj: 31792 objects as part of root set at end of initial load.
[2016.01.26-22.52.01:854][  0]LogUObjectAllocator: 7252992 out of 0 bytes used by permanent object pool.
[2016.01.26-22.52.01:928][  0]LogEngine: Initializing Engine...
[2016.01.26-22.52.01:931][  0]LogHMD: Can't find Oculus library dev build: is proper Runtime installed? Version: 0.7.0.0
[2016.01.26-22.52.01:933][  0]LogHMD: SteamVR failed to initialize.  Err: 110
[2016.01.26-22.52.02:066][  0]LogAIModule: Creating AISystem for world NewWorld
[2016.01.26-22.52.02:081][  0]LogInit: XAudio2 using 'Haut-parleurs (USB PnP Sound Device)' : 2 channels at 44.1 kHz using 16 bits per sample (channel mask 0x3)
[2016.01.26-22.52.02:089][  0]LogInit: FAudioDevice initialized.
[2016.01.26-22.52.02:109][  0]LogDerivedDataCache: Saved boot cache 0.02s 42MB C:/Users/frederic/AppData/Local/UnrealEngine/4.9/DerivedDataCache/Boot.ddc.
[2016.01.26-22.52.02:115][  0]LogInit: Texture streaming: Enabled
[2016.01.26-22.52.02:129][  0]LogAnalytics: Creating configured Analytics provider AnalyticsET
[2016.01.26-22.52.02:129][  0]LogAnalytics: [UEEditor.Rocket.Release] APIServer = http://et2.epicgames.com/ET2/. AppVersion = 4.9.2-2707645+++depot+UE4-Releases+4.9
[2016.01.26-22.52.02:130][  0]LogAnalytics: [UEEditor.Rocket.Release] SetUserId c8da8d664a36a98701fe659c10ae4ff8|70626fa7f476448fb82ad9618fbbb1ab|00e7fb16-00c3-4af4-a2a1-2cc8013aae38
[2016.01.26-22.52.02:130][  0]LogAnalytics: [UEEditor.Rocket.Release] AnalyticsET::StartSession
[2016.01.26-22.52.02:145][  0]LogInit: Transaction tracking system initialized
[2016.01.26-22.52.02:231][  0]BlueprintLog: New page: Editor Load
[2016.01.26-22.52.02:548][  0]LocalizationService: Info Localization service is disabled
[2016.01.26-22.52.02:685][  0]LogLinker:Warning: Can't find file '/Game/ThirdPersonCPP/ThirdPersonOverview'
[2016.01.26-22.52.02:686][  0]LogLinker:Warning: Can't find file '/Game/ThirdPersonCPP/ThirdPersonOverview'
[2016.01.26-22.52.02:686][  0]LogUObjectGlobals:Warning: Failed to find object 'Class /Game/ThirdPersonCPP/ThirdPersonOverview.ThirdPersonOverview_C'
[2016.01.26-22.52.02:711][  0]LogConsoleResponse:Display: 
[2016.01.26-22.52.02:826][  0]LogCook:Display: Done creating registry. It took  0.00s.
[2016.01.26-22.52.02:979][  0]LogFileCache: Scanning file cache for directory 'C:/Users/frederic/Documents/Unreal Projects/LostAge/Content/' took 0.01s
[2016.01.26-22.52.02:980][  0]SourceControl: Info Source control is disabled
[2016.01.26-22.52.02:980][  0]Cmd: MAP LOAD FILE="../../../../../../Users/frederic/Documents/Unreal Projects/LostAge/Content/FirstPersonCPP/Maps/MainMenu.umap" TEMPLATE=0 SHOWPROGRESS=1 FEATURELEVEL=3
[2016.01.26-22.52.02:981][  0]LightingResults: New page: Lighting Build
[2016.01.26-22.52.02:986][  0]MapCheck: New page: Map Check
[2016.01.26-22.52.02:986][  0]LightingResults: New page: Lighting Build
[2016.01.26-22.52.02:997][  0]LogParticles: Destroying 0 GPU particle simulations for FXSystem 0x00000000231AE160
[2016.01.26-22.52.03:003][  0]LogAIModule: Creating AISystem for world MainMenu
[2016.01.26-22.52.03:005][  0]LogEditorServer: Finished looking for orphan Actors (0.000 secs)
[2016.01.26-22.52.03:006][  0]Cmd: MAP CHECKDEP NOCLEARLOG
[2016.01.26-22.52.03:051][  0]MapCheck: Info Map check complete: 0 Error(s), 0 Warning(s), took 44.146ms to complete.
[2016.01.26-22.52.03:051][  0]LogFileHelpers: Loading map 'MainMenu' took 0.071
[2016.01.26-22.52.03:149][  0]LogCollectionManager: Loaded 0 collections in 0.002219 seconds
[2016.01.26-22.52.03:193][  0]LogFileCache: Scanning file cache for directory 'C:/Users/frederic/Documents/Unreal Projects/LostAge/Saved/Collections/' took 0.01s
[2016.01.26-22.52.03:194][  0]LogFileCache: Scanning file cache for directory 'C:/Users/frederic/Documents/Unreal Projects/LostAge/Content/Developers/frederic/Collections/' took 0.01s
[2016.01.26-22.52.03:194][  0]LogFileCache: Scanning file cache for directory 'C:/Users/frederic/Documents/Unreal Projects/LostAge/Content/Collections/' took 0.01s
[2016.01.26-22.52.03:195][  0]LogContentBrowser: Native class hierarchy populated in 0.0094 seconds. Added 1875 classes and 335 folders.
[2016.01.26-22.52.03:203][  0]LogCollectionManager: Rebuilt the GUID cache for 0 collections in 0.000003 seconds
[2016.01.26-22.52.03:217][  0]LogContentBrowser: Native class hierarchy updated for 'WidgetCarousel' in 0.0030 seconds. Added 0 classes and 0 folders.
[2016.01.26-22.52.03:281][  0]LogContentBrowser: Native class hierarchy updated for 'AddContentDialog' in 0.0018 seconds. Added 0 classes and 0 folders.
[2016.01.26-22.52.03:300][  0]LogContentBrowser: Native class hierarchy updated for 'SceneOutliner' in 0.0018 seconds. Added 1 classes and 2 folders.
[2016.01.26-22.52.03:329][  0]LogCrashTracker: Crashtracker disabled due to settings.
[2016.01.26-22.52.03:333][  0]LogUObjectGlobals:Warning: Failed to find object 'Class None.'
[2016.01.26-22.52.03:354][  0]LogLoad: Full Startup: 7.50 seconds (BP compile: 0.03 seconds)
[2016.01.26-22.52.03:447][  0]LogContentStreaming: Texture pool size now 1000 MB
[2016.01.26-22.52.03:590][  2]LogRenderer: Reallocating scene render targets to support 956x496 (Frame:2).
[2016.01.26-22.52.03:735][  3]LogAssetRegistry: Asset discovery search completed in 2.5306 seconds
[2016.01.26-22.52.03:736][  3]LogCollectionManager: Rebuilt the object cache for 0 collections in 0.000001 seconds (found 0 objects)
[2016.01.26-22.52.03:736][  3]LogCollectionManager: Fixed up redirectors for 0 collections in 0.000309 seconds (updated 0 objects)
[2016.01.26-22.52.12:615][ 34]LogAIModule: Creating AISystem for world FirstPersonExampleMap
[2016.01.26-22.52.12:643][ 34]Cmd: MAP LOAD FILE="../../../../../../Users/frederic/Documents/Unreal Projects/LostAge/Content/FirstPersonCPP/Maps/FirstPersonExampleMap.umap" TEMPLATE=0 SHOWPROGRESS=1 FEATURELEVEL=3
[2016.01.26-22.52.12:644][ 34]LightingResults: New page: Lighting Build
[2016.01.26-22.52.12:658][ 34]LoadErrors: New page: Loading map: FirstPersonExampleMap.umap
[2016.01.26-22.52.12:659][ 34]MapCheck: New page: Map Check
[2016.01.26-22.52.12:659][ 34]LightingResults: New page: Lighting Build
[2016.01.26-22.52.12:671][ 34]LogParticles: Destroying 0 GPU particle simulations for FXSystem 0x0000000013CCB240
[2016.01.26-22.52.12:675][ 34]LogEditorServer: Finished looking for orphan Actors (0.000 secs)
[2016.01.26-22.52.12:713][ 34]Cmd: MAP CHECKDEP NOCLEARLOG
[2016.01.26-22.52.12:768][ 34]MapCheck: Info Map check complete: 0 Error(s), 0 Warning(s), took 55.146ms to complete.
[2016.01.26-22.52.12:769][ 34]LogFileHelpers: Loading map 'FirstPersonExampleMap' took 0.127
[2016.01.26-22.52.13:769][123]LogBlueprintUserMessages: Early PlayInEditor Detection: Level '/Game/FirstPersonCPP/Maps/FirstPersonExampleMap.FirstPersonExampleMap:PersistentLevel' has LevelScriptBlueprint '/Game/FirstPersonCPP/Maps/FirstPersonExampleMap.FirstPersonExampleMap:PersistentLevel.FirstPersonExampleMap' with GeneratedClass '/Game/FirstPersonCPP/Maps/FirstPersonExampleMap.FirstPersonExampleMap_C' with ClassGeneratedBy '/Game/FirstPersonCPP/Maps/Firs