[2016.01.26-23.52.44:693][  0]Log file open, 01/26/16 18:52:44
[2016.01.26-23.52.44:693][  0]LogInit:Display: Running engine for game: LostAge
[2016.01.26-23.52.44:693][  0]LogInit:Display: RandInit(2102903075) SRandInit(2102903076).
[2016.01.26-23.52.44:693][  0]LogTaskGraph: Started task graph with 4 named threads and 7 total threads.
[2016.01.26-23.52.44:694][  0]LogStats: Stats thread started at 0.172389
[2016.01.26-23.52.44:694][  0]LogInit: Version: 4.9.2-2707645+++depot+UE4-Releases+4.9
[2016.01.26-23.52.44:694][  0]LogInit: API Version: 2672455
[2016.01.26-23.52.44:694][  0]LogInit: Compiled (64-bit): Sep 28 2015 10:25:44
[2016.01.26-23.52.44:695][  0]LogInit: Compiled with Visual C++: 18.00.21005.01
[2016.01.26-23.52.44:695][  0]LogInit: Build Configuration: DebugGame
[2016.01.26-23.52.44:695][  0]LogInit: Branch Name: ++depot+UE4-Releases+4.9
[2016.01.26-23.52.44:695][  0]LogInit: Command line:  -debug
[2016.01.26-23.52.44:696][  0]LogInit: Base directory: C:/Program Files/Epic Games/4.9/Engine/Binaries/Win64/
[2016.01.26-23.52.44:696][  0]LogInit: Rocket: 1
[2016.01.26-23.52.44:737][  0]LogInit: Using libcurl 7.41.0
[2016.01.26-23.52.44:737][  0]LogInit:  - built for x86_64-pc-win32
[2016.01.26-23.52.44:737][  0]LogInit:  - supports SSL with WinSSL
[2016.01.26-23.52.44:738][  0]LogInit:  - other features:
[2016.01.26-23.52.44:738][  0]LogInit:      CURL_VERSION_SSL
[2016.01.26-23.52.44:738][  0]LogInit:      CURL_VERSION_IPV6
[2016.01.26-23.52.44:738][  0]LogInit:      CURL_VERSION_ASYNCHDNS
[2016.01.26-23.52.44:739][  0]LogInit:      CURL_VERSION_LARGEFILE
[2016.01.26-23.52.44:739][  0]LogInit:      CURL_VERSION_IDN
[2016.01.26-23.52.44:739][  0]LogInit:  CurlRequestOptions (configurable via config and command line):
[2016.01.26-23.52.44:739][  0]LogInit:  - bVerifyPeer = true  - Libcurl will verify peer certificate
[2016.01.26-23.52.44:740][  0]LogInit:  - bUseHttpProxy = false  - Libcurl will NOT use HTTP proxy
[2016.01.26-23.52.44:740][  0]LogInit:  - bDontReuseConnections = false  - Libcurl will reuse connections
[2016.01.26-23.52.44:740][  0]LogInit:  - CertBundlePath = nullptr  - Libcurl will use whatever was configured at build time.
[2016.01.26-23.52.44:803][  0]LogInit: WinSock: version 1.1 (2.2), MaxSocks=32767, MaxUdp=65467
[2016.01.26-23.52.44:820][  0]LogVoice:Warning: Failed to initialize voice interface
[2016.01.26-23.52.44:828][  0]LogInit: Presizing for 0 objects not considered by GC, pre-allocating 0 bytes.
[2016.01.26-23.52.44:840][  0]LogInit: Object subsystem initialized
[2016.01.26-23.52.44:843][  0]LogInit: Selected Device Profile: [Windows]
[2016.01.26-23.52.44:843][  0]LogInit: Applying CVar settings loaded from the selected device profile: [Windows]
[2016.01.26-23.52.44:851][  0]LogInit: Computer: FREDERIC-PC
[2016.01.26-23.52.44:851][  0]LogInit: User: frederic
[2016.01.26-23.52.44:852][  0]LogInit: CPU Page size=4096, Cores=4
[2016.01.26-23.52.44:852][  0]LogInit: High frequency timer resolution =3.331240 MHz
[2016.01.26-23.52.44:852][  0]LogMemory: Memory total: Physical=15.9GB (16GB approx)
[2016.01.26-23.52.44:853][  0]LogMemory: Platform Memory Stats for Windows
[2016.01.26-23.52.44:853][  0]LogMemory: Process Physical Memory: 55.10 MB used, 55.10 MB peak
[2016.01.26-23.52.44:853][  0]LogMemory: Process Virtual Memory: 55.75 MB used, 55.75 MB peak
[2016.01.26-23.52.44:853][  0]LogMemory: Physical Memory: 7310.04 MB used, 16288.39 MB total
[2016.01.26-23.52.44:854][  0]LogMemory: Virtual Memory: 337.63 MB used, 8388608.00 MB total
[2016.01.26-23.52.44:941][  0]LogTextLocalizationManager: No translations for ('fr-CA') exist, falling back to 'en' for localization and internationalization data.
[2016.01.26-23.52.45:677][  0]LogD3D11RHI: Found D3D11 adapter 0: NVIDIA GeForce GTX 970 (Feature Level 11_0)
[2016.01.26-23.52.45:677][  0]LogD3D11RHI: Adapter has 4008MB of dedicated video memory, 0MB of dedicated system memory, and 7888MB of shared system memory, 1 output[s]
[2016.01.26-23.52.45:687][  0]LogD3D11RHI: Found D3D11 adapter 1: Intel(R) HD Graphics 3000 (Feature Level 10_0)
[2016.01.26-23.52.45:687][  0]LogD3D11RHI: Adapter has 64MB of dedicated video memory, 0MB of dedicated system memory, and 1632MB of shared system memory, 0 output[s]
[2016.01.26-23.52.45:687][  0]LogD3D11RHI: Chosen D3D11 Adapter Id = 0
[2016.01.26-23.52.45:693][  0]LogD3D11RHI: !Direct3DDevice
[2016.01.26-23.52.45:694][  0]LogRHI: Texture pool is 1361 MB (70% of 1945 MB)
[2016.01.26-23.52.45:768][  0]LogD3D11RHI: Async texture creation enabled
[2016.01.26-23.52.45:784][  0]LogShaderCompilers: Guid format shader working directory is 15 characters bigger than the processId version (../../../../../../Users/frederic/Documents/Unreal Projects/LostAge/Intermediate/Shaders/WorkingDirectory/6928/).
[2016.01.26-23.52.45:785][  0]LogShaderCompilers: Cleaned the shader compiler working directory '../../../../../../Users/frederic/Documents/Unreal Projects/LostAge/Intermediate/Shaders/tmp/DC6AC18B44B786BE949F33B86A5C60F4/'.
[2016.01.26-23.52.45:785][  0]LogShaderCompilers:Display: Using Local Shader Compiler.
[2016.01.26-23.52.47:033][  0]LogTemp:Display: Loaded TP AllDesktopTargetPlatform
[2016.01.26-23.52.47:048][  0]LogTemp:Display: Loaded TP WindowsClientTargetPlatform
[2016.01.26-23.52.47:065][  0]LogTemp:Display: Loaded TP WindowsNoEditorTargetPlatform
[2016.01.26-23.52.47:084][  0]LogTemp:Display: Loaded TP WindowsServerTargetPlatform
[2016.01.26-23.52.47:100][  0]LogTemp:Display: Loaded TP WindowsTargetPlatform
[2016.01.26-23.52.47:108][  0]LogTemp:Display: Loaded TP AndroidTargetPlatform
[2016.01.26-23.52.47:116][  0]LogTemp:Display: Loaded TP Android_ASTCTargetPlatform
[2016.01.26-23.52.47:125][  0]LogTemp:Display: Loaded TP Android_ATCTargetPlatform
[2016.01.26-23.52.47:134][  0]LogTemp:Display: Loaded TP Android_DXTTargetPlatform
[2016.01.26-23.52.47:143][  0]LogTemp:Display: Loaded TP Android_ETC1TargetPlatform
[2016.01.26-23.52.47:152][  0]LogTemp:Display: Loaded TP Android_ETC2TargetPlatform
[2016.01.26-23.52.47:163][  0]LogTemp:Display: Loaded TP Android_PVRTCTargetPlatform
[2016.01.26-23.52.47:167][  0]LogTemp:Display: Loaded TP HTML5TargetPlatform
[2016.01.26-23.52.47:201][  0]LogTemp:Display: Loaded TP IOSTargetPlatform
[2016.01.26-23.52.47:208][  0]LogTemp:Display: Loaded TP LinuxNoEditorTargetPlatform
[2016.01.26-23.52.47:218][  0]LogTemp:Display: Loaded TP LinuxServerTargetPlatform
[2016.01.26-23.52.47:227][  0]LogTemp:Display: Loaded TP LinuxTargetPlatform
[2016.01.26-23.52.47:227][  0]LogTargetPlatformManager:Display: Building Assets For Windows
[2016.01.26-23.52.47:469][  0]LogDerivedDataCache:Display: Max Cache Size: 512 MB
[2016.01.26-23.52.47:520][  0]LogDerivedDataCache: Loaded boot cache 0.05s 42MB C:/Users/frederic/AppData/Local/UnrealEngine/4.9/DerivedDataCache/Boot.ddc.
[2016.01.26-23.52.47:520][  0]LogDerivedDataCache:Display: Loaded Boot cache: C:/Users/frederic/AppData/Local/UnrealEngine/4.9/DerivedDataCache/Boot.ddc
[2016.01.26-23.52.47:521][  0]LogDerivedDataCache: FDerivedDataBackendGraph:  Pak pak cache file ../../../../../../Users/frederic/Documents/Unreal Projects/LostAge/DerivedDataCache/DDC.ddp not found, will not use a pak cache.
[2016.01.26-23.52.47:521][  0]LogDerivedDataCache: Unable to find inner node Pak for hierarchical cache Hierarchy.
[2016.01.26-23.52.47:521][  0]LogDerivedDataCache: FDerivedDataBackendGraph:  CompressedPak pak cache file ../../../../../../Users/frederic/Documents/Unreal Projects/LostAge/DerivedDataCache/Compressed.ddp not found, will not use a pak cache.
[2016.01.26-23.52.47:521][  0]LogDerivedDataCache: Unable to find inner node CompressedPak for hierarchical cache Hierarchy.
[2016.01.26-23.52.47:672][  0]LogDerivedDataCache:Display: Pak cache opened for reading ../../../Engine/DerivedDataCache/Compressed.ddp.
[2016.01.26-23.52.47:684][  0]LogDerivedDataCache: Using Local data cache path C:/Users/frederic/AppData/Local/UnrealEngine/Common/DerivedDataCache: Writable
[2016.01.26-23.52.47:886][  0]LogInit: Selected Device Profile: [Windows]
[2016.01.26-23.52.47:888][  0]LogContentStreaming: Texture pool size is 0.000000MB
[2016.01.26-23.52.47:928][  0]LogMeshUtilities: No automatic mesh reduction module available
[2016.01.26-23.52.47:928][  0]LogMeshUtilities: No automatic mesh merging module available
[2016.01.26-23.52.49:400][  0]UdpMessaging: Initializing bridge on interface 0.0.0.0:0 to multicast group 230.0.0.1:6666.
[2016.01.26-23.52.49:670][  0]LogAssetRegistry: FAssetRegistry took 0.0100 seconds to start up
[2016.01.26-23.52.50:009][  0]SourceControl: Info Source control is disabled
[2016.01.26-23.52.50:010][  0]SourceControl: Info Source control is disabled
[2016.01.26-23.52.50:030][  0]SourceControl: Info Source control is disabled
[2016.01.26-23.52.50:054][  0]SourceControl: Info Source control is disabled
[2016.01.26-23.52.50:249][  0]LogLinker:Warning: Asset '../../../Engine/Plugins/Runtime/LeapMotionController/Content/LM_PassthroughMaterial.uasset' has been saved with empty engine version. The asset will be loaded but may be incompatible.
[2016.01.26-23.52.50:354][  0]LogObj: 28402 objects as part of root set at end of initial load.
[2016.01.26-23.52.50:354][  0]LogUObjectAllocator: 6067872 out of 0 bytes used by permanent object pool.
[2016.01.26-23.52.50:438][  0]LogEngine: Initializing Engine...
[2016.01.26-23.52.50:442][  0]LogHMD: Can't find Oculus library dev build: is proper Runtime installed? Version: 0.7.0.0
[2016.01.26-23.52.50:444][  0]LogHMD: SteamVR failed to initialize.  Err: 110
[2016.01.26-23.52.50:594][  0]LogAIModule: Creating AISystem for world NewWorld
[2016.01.26-23.52.50:610][  0]LogInit: XAudio2 using 'Haut-parleurs (USB PnP Sound Device)' : 2 channels at 44.1 kHz using 16 bits per sample (channel mask 0x3)
[2016.01.26-23.52.50:630][  0]LogInit: FAudioDevice initialized.
[2016.01.26-23.52.50:652][  0]LogDerivedDataCache: Saved boot cache 0.02s 42MB C:/Users/frederic/AppData/Local/UnrealEngine/4.9/DerivedDataCache/Boot.ddc.
[2016.01.26-23.52.50:659][  0]LogInit: Texture streaming: Enabled
[2016.01.26-23.52.50:676][  0]LogAnalytics: Creating configured Analytics provider AnalyticsET
[2016.01.26-23.52.50:676][  0]LogAnalytics: [UEEditor.Rocket.Release] APIServer = http://et2.epicgames.com/ET2/. AppVersion = 4.9.2-2707645+++depot+UE4-Releases+4.9
[2016.01.26-23.52.50:676][  0]LogAnalytics: [UEEditor.Rocket.Release] SetUserId c8da8d664a36a98701fe659c10ae4ff8|70626fa7f476448fb82ad9618fbbb1ab|00e7fb16-00c3-4af4-a2a1-2cc8013aae38
[2016.01.26-23.52.50:677][  0]LogAnalytics: [UEEditor.Rocket.Release] AnalyticsET::StartSession
[2016.01.26-23.52.50:696][  0]LogInit: Transaction tracking system initialized
[2016.01.26-23.52.50:809][  0]BlueprintLog: New page: Editor Load
[2016.01.26-23.52.51:193][  0]LocalizationService: Info Localization service is disabled
[2016.01.26-23.52.51:376][  0]LogLinker:Warning: Can't find file '/Game/ThirdPersonCPP/ThirdPersonOverview'
[2016.01.26-23.52.51:377][  0]LogLinker:Warning: Can't find file '/Game/ThirdPersonCPP/ThirdPersonOverview'
[2016.01.26-23.52.51:377][  0]LogUObjectGlobals:Warning: Failed to find object 'Class /Game/ThirdPersonCPP/ThirdPersonOverview.ThirdPersonOverview_C'
[2016.01.26-23.52.51:413][  0]LogConsoleResponse:Display: 
[2016.01.26-23.52.51:557][  0]LogCook:Display: Done creating registry. It took  0.00s.
[2016.01.26-23.52.51:743][  0]LogFileCache: Scanning file cache for directory 'C:/Users/frederic/Documents/Unreal Projects/LostAge/Content/' took 0.01s
[2016.01.26-23.52.51:743][  0]SourceControl: Info Source control is disabled
[2016.01.26-23.52.51:744][  0]Cmd: MAP LOAD FILE="../../../../../../Users/frederic/Documents/Unreal Projects/LostAge/Content/FirstPersonCPP/Maps/MainMenu.umap" TEMPLATE=0 SHOWPROGRESS=1 FEATURELEVEL=3
[2016.01.26-23.52.51:745][  0]LightingResults: New page: Lighting Build
[2016.01.26-23.52.51:752][  0]MapCheck: New page: Map Check
[2016.01.26-23.52.51:752][  0]LightingResults: New page: Lighting Build
[2016.01.26-23.52.51:763][  0]LogParticles: Destroying 0 GPU particle simulations for FXSystem 0x000000002243AAC0
[2016.01.26-23.52.51:769][  0]LogAIModule: Creating AISystem for world MainMenu
[2016.01.26-23.52.51:771][  0]LogEditorServer: Finished looking for orphan Actors (0.000 secs)
[2016.01.26-23.52.51:772][  0]Cmd: MAP CHECKDEP NOCLEARLOG
[2016.01.26-23.52.51:817][  0]MapCheck: Info Map check complete: 0 Error(s), 0 Warning(s), took 43.754ms to complete.
[2016.01.26-23.52.51:817][  0]LogFileHelpers: Loading map 'MainMenu' took 0.073
[2016.01.26-23.52.51:925][  0]LogCollectionManager: Loaded 0 collections in 0.002256 seconds
[2016.01.26-23.52.51:977][  0]LogFileCache: Scanning file cache for directory 'C:/Users/frederic/Documents/Unreal Projects/LostAge/Saved/Collections/' took 0.01s
[2016.01.26-23.52.51:977][  0]LogFileCache: Scanning file cache for directory 'C:/Users/frederic/Documents/Unreal Projects/LostAge/Content/Developers/frederic/Collections/' took 0.01s
[2016.01.26-23.52.51:978][  0]LogFileCache: Scanning file cache for directory 'C:/Users/frederic/Documents/Unreal Projects/LostAge/Content/Collections/' took 0.01s
[2016.01.26-23.52.51:978][  0]LogContentBrowser: Native class hierarchy populated in 0.0146 seconds. Added 1875 classes and 335 folders.
[2016.01.26-23.52.51:988][  0]LogCollectionManager: Rebuilt the GUID cache for 0 collections in 0.000002 seconds
[2016.01.26-23.52.52:002][  0]LogContentBrowser: Native class hierarchy updated for 'WidgetCarousel' in 0.0030 seconds. Added 0 classes and 0 folders.
[2016.01.26-23.52.52:064][  0]LogContentBrowser: Native class hierarchy updated for 'AddContentDialog' in 0.0018 seconds. Added 0 classes and 0 folders.
[2016.01.26-23.52.52:084][  0]LogContentBrowser: Native class hierarchy updated for 'SceneOutliner' in 0.0018 seconds. Added 1 classes and 2 folders.
[2016.01.26-23.52.52:123][  0]LogCrashTracker: Crashtracker disabled due to settings.
[2016.01.26-23.52.52:128][  0]LogUObjectGlobals:Warning: Failed to find object 'Class None.'
[2016.01.26-23.52.52:150][  0]LogLoad: Full Startup: 8.49 seconds (BP compile: 0.00 seconds)
[2016.01.26-23.52.52:248][  0]LogContentStreaming: Texture pool size now 1000 MB
[2016.01.26-23.52.52:389][  2]LogRenderer: Reallocating scene render targets to support 972x516 (Frame:2).
[2016.01.26-23.52.52:520][  2]LogAssetRegistry: Asset discovery search completed in 2.8605 seconds
[2016.01.26-23.52.52:521][  2]LogCollectionManager: Rebuilt the object cache for 0 collections in 0.000001 seconds (found 0 objects)
[2016.01.26-23.52.52:522][  2]LogCollectionManager: Fixed up redirectors for 0 collections in 0.000834 seconds (updated 0 objects)
[2016.01.26-23.52.54:232][183]LogSavePackage: Save=8.930609ms
[2016.01.26-23.52.54:233][183]LogSavePackage: Moving '../../../../../../Users/frederic/Documents/Unreal Projects/LostAge/Saved/UEDPCMainMenuB2BECDAF4BBED9112206BD9AAF76C929.tmp' to '../../../../../../Users/frederic/Documents/Unreal Projects/LostAge/Saved/Autosaves/Game/FirstPersonCPP/Maps/UEDPCMainMenu.umap'
[2016.01.26-23.52.54:235][183]LogSavePackage: Total save time: 17.618064ms
[2016.01.26-23.52.54:235][183]LogSavePackage:Warning: Finished SavePackage ../../../../../../Users/frederic/Documents/Unreal Projects/LostAge/Saved/Autosaves/Game/FirstPersonCPP/Maps/UEDPCMainMenu.umap
[2016.01.26-23.54.42:033][426]LogSavePackage: Save=12.938425ms
[2016.01.26-23.54.42:034][426]LogSavePackage: Moving '../../../../../../Users/frederic/Documents/Unreal Projects/LostAge/Saved/UEDPCMainMenu35E777B64647209573CA3DB23F6D1F91.tmp' to '../../../../../../Users/frederic/Documents/Unreal Projects/LostAge/Saved/Autosaves/Game/FirstPersonCPP/Maps/UEDPCMainMenu.umap'
[2016.01.26-23.54.42:036][426]LogSavePackage: Total save time: 22.064157ms
[2016.01.26-23.54.42:037][426]LogSavePackage:Warning: Finished SavePackage ../../../../../../Users/frederic/Documents/Unreal Projects/LostAge/Saved/Autosaves/Game/FirstPersonCPP/Maps/UEDPCMainMenu.umap
[2016.01.26-23.55.44:709][215]LogSavePackage: Save=7.417058ms
[2016.01.26-23.55.44:710][215]LogSavePackage: Moving '../../../../../../Users/frederic/Documents/Unreal Projects/LostAge/Saved/UEDPCMainMenuCB8A9B8F4A46898A28189D902FDF342D.tmp' to '