[2016.01.26-20.59.18:955][  0]Log file open, 01/26/16 15:59:18
[2016.01.26-20.59.18:955][  0]LogInit:Display: Running engine for game: LostAge
[2016.01.26-20.59.18:955][  0]LogInit:Display: RandInit(1799637148) SRandInit(1799637149).
[2016.01.26-20.59.18:955][  0]LogTaskGraph: Started task graph with 4 named threads and 7 total threads.
[2016.01.26-20.59.18:955][  0]LogStats: Stats thread started at 0.072912
[2016.01.26-20.59.18:955][  0]LogInit: Version: 4.9.2-2707645+++depot+UE4-Releases+4.9
[2016.01.26-20.59.18:955][  0]LogInit: API Version: 2672455
[2016.01.26-20.59.18:955][  0]LogInit: Compiled (64-bit): Sep 28 2015 10:25:44
[2016.01.26-20.59.18:955][  0]LogInit: Compiled with Visual C++: 18.00.21005.01
[2016.01.26-20.59.18:955][  0]LogInit: Build Configuration: Development
[2016.01.26-20.59.18:955][  0]LogInit: Branch Name: ++depot+UE4-Releases+4.9
[2016.01.26-20.59.18:955][  0]LogInit: Command line:  -game
[2016.01.26-20.59.18:955][  0]LogInit: Base directory: C:/Program Files/Epic Games/4.9/Engine/Binaries/Win64/
[2016.01.26-20.59.18:955][  0]LogInit: Rocket: 1
[2016.01.26-20.59.18:972][  0]LogInit: Using libcurl 7.41.0
[2016.01.26-20.59.18:972][  0]LogInit:  - built for x86_64-pc-win32
[2016.01.26-20.59.18:972][  0]LogInit:  - supports SSL with WinSSL
[2016.01.26-20.59.18:972][  0]LogInit:  - other features:
[2016.01.26-20.59.18:972][  0]LogInit:      CURL_VERSION_SSL
[2016.01.26-20.59.18:972][  0]LogInit:      CURL_VERSION_IPV6
[2016.01.26-20.59.18:972][  0]LogInit:      CURL_VERSION_ASYNCHDNS
[2016.01.26-20.59.18:972][  0]LogInit:      CURL_VERSION_LARGEFILE
[2016.01.26-20.59.18:972][  0]LogInit:      CURL_VERSION_IDN
[2016.01.26-20.59.18:972][  0]LogInit:  CurlRequestOptions (configurable via config and command line):
[2016.01.26-20.59.18:972][  0]LogInit:  - bVerifyPeer = true  - Libcurl will verify peer certificate
[2016.01.26-20.59.18:972][  0]LogInit:  - bUseHttpProxy = false  - Libcurl will NOT use HTTP proxy
[2016.01.26-20.59.18:972][  0]LogInit:  - bDontReuseConnections = false  - Libcurl will reuse connections
[2016.01.26-20.59.18:972][  0]LogInit:  - CertBundlePath = nullptr  - Libcurl will use whatever was configured at build time.
[2016.01.26-20.59.18:990][  0]LogInit: WinSock: version 1.1 (2.2), MaxSocks=32767, MaxUdp=65467
[2016.01.26-20.59.18:995][  0]LogVoice:Warning: Failed to initialize voice interface
[2016.01.26-20.59.18:998][  0]LogInit: Presizing for 0 objects not considered by GC, pre-allocating 0 bytes.
[2016.01.26-20.59.19:005][  0]LogInit: Object subsystem initialized
[2016.01.26-20.59.19:007][  0]LogInit: Selected Device Profile: [Windows]
[2016.01.26-20.59.19:007][  0]LogInit: Applying CVar settings loaded from the selected device profile: [Windows]
[2016.01.26-20.59.19:014][  0]LogInit: Computer: FREDERIC-PC
[2016.01.26-20.59.19:014][  0]LogInit: User: frederic
[2016.01.26-20.59.19:014][  0]LogInit: CPU Page size=4096, Cores=4
[2016.01.26-20.59.19:014][  0]LogInit: High frequency timer resolution =3.331240 MHz
[2016.01.26-20.59.19:014][  0]LogMemory: Memory total: Physical=15.9GB (16GB approx)
[2016.01.26-20.59.19:014][  0]LogMemory: Platform Memory Stats for Windows
[2016.01.26-20.59.19:014][  0]LogMemory: Process Physical Memory: 55.85 MB used, 55.85 MB peak
[2016.01.26-20.59.19:014][  0]LogMemory: Process Virtual Memory: 59.58 MB used, 59.58 MB peak
[2016.01.26-20.59.19:014][  0]LogMemory: Physical Memory: 10460.12 MB used, 16288.39 MB total
[2016.01.26-20.59.19:014][  0]LogMemory: Virtual Memory: 343.57 MB used, 8388608.00 MB total
[2016.01.26-20.59.19:050][  0]LogTextLocalizationManager: No translations for ('fr-CA') exist, falling back to 'en' for localization and internationalization data.
[2016.01.26-20.59.19:823][  0]LogD3D11RHI: Found D3D11 adapter 0: NVIDIA GeForce GTX 970 (Feature Level 11_0)
[2016.01.26-20.59.19:823][  0]LogD3D11RHI: Adapter has 4008MB of dedicated video memory, 0MB of dedicated system memory, and 7888MB of shared system memory, 1 output[s]
[2016.01.26-20.59.19:826][  0]LogD3D11RHI: Found D3D11 adapter 1: Intel(R) HD Graphics 3000 (Feature Level 10_0)
[2016.01.26-20.59.19:826][  0]LogD3D11RHI: Adapter has 64MB of dedicated video memory, 0MB of dedicated system memory, and 1632MB of shared system memory, 0 output[s]
[2016.01.26-20.59.19:826][  0]LogD3D11RHI: Chosen D3D11 Adapter Id = 0
[2016.01.26-20.59.19:830][  0]LogD3D11RHI: !Direct3DDevice
[2016.01.26-20.59.19:830][  0]LogRHI: Texture pool is 1361 MB (70% of 1945 MB)
[2016.01.26-20.59.19:843][  0]LogD3D11RHI: Async texture creation enabled
[2016.01.26-20.59.19:856][  0]LogShaderCompilers: Guid format shader working directory is 15 characters bigger than the processId version (../../../../../../Users/frederic/Documents/Unreal Projects/LostAge/Intermediate/Shaders/WorkingDirectory/6856/).
[2016.01.26-20.59.19:857][  0]LogShaderCompilers: Cleaned the shader compiler working directory '../../../../../../Users/frederic/Documents/Unreal Projects/LostAge/Intermediate/Shaders/tmp/ECC4DD4148FE3B800E8A979D39B09280/'.
[2016.01.26-20.59.19:857][  0]LogShaderCompilers:Display: Using Local Shader Compiler.
[2016.01.26-20.59.21:043][  0]LogTemp:Display: Loaded TP AllDesktopTargetPlatform
[2016.01.26-20.59.21:048][  0]LogTemp:Display: Loaded TP WindowsClientTargetPlatform
[2016.01.26-20.59.21:053][  0]LogTemp:Display: Loaded TP WindowsNoEditorTargetPlatform
[2016.01.26-20.59.21:058][  0]LogTemp:Display: Loaded TP WindowsServerTargetPlatform
[2016.01.26-20.59.21:063][  0]LogTemp:Display: Loaded TP WindowsTargetPlatform
[2016.01.26-20.59.21:066][  0]LogTemp:Display: Loaded TP AndroidTargetPlatform
[2016.01.26-20.59.21:070][  0]LogTemp:Display: Loaded TP Android_ASTCTargetPlatform
[2016.01.26-20.59.21:073][  0]LogTemp:Display: Loaded TP Android_ATCTargetPlatform
[2016.01.26-20.59.21:077][  0]LogTemp:Display: Loaded TP Android_DXTTargetPlatform
[2016.01.26-20.59.21:082][  0]LogTemp:Display: Loaded TP Android_ETC1TargetPlatform
[2016.01.26-20.59.21:086][  0]LogTemp:Display: Loaded TP Android_ETC2TargetPlatform
[2016.01.26-20.59.21:091][  0]LogTemp:Display: Loaded TP Android_PVRTCTargetPlatform
[2016.01.26-20.59.21:092][  0]LogTemp:Display: Loaded TP HTML5TargetPlatform
[2016.01.26-20.59.21:110][  0]LogTemp:Display: Loaded TP IOSTargetPlatform
[2016.01.26-20.59.21:113][  0]LogTemp:Display: Loaded TP LinuxNoEditorTargetPlatform
[2016.01.26-20.59.21:116][  0]LogTemp:Display: Loaded TP LinuxServerTargetPlatform
[2016.01.26-20.59.21:120][  0]LogTemp:Display: Loaded TP LinuxTargetPlatform
[2016.01.26-20.59.21:120][  0]LogTargetPlatformManager:Display: Building Assets For Windows
[2016.01.26-20.59.21:197][  0]LogDerivedDataCache:Display: Max Cache Size: 512 MB
[2016.01.26-20.59.21:250][  0]LogDerivedDataCache: Loaded boot cache 0.05s 43MB C:/Users/frederic/AppData/Local/UnrealEngine/4.9/DerivedDataCache/Boot.ddc.
[2016.01.26-20.59.21:250][  0]LogDerivedDataCache:Display: Loaded Boot cache: C:/Users/frederic/AppData/Local/UnrealEngine/4.9/DerivedDataCache/Boot.ddc
[2016.01.26-20.59.21:250][  0]LogDerivedDataCache: FDerivedDataBackendGraph:  Pak pak cache file ../../../../../../Users/frederic/Documents/Unreal Projects/LostAge/DerivedDataCache/DDC.ddp not found, will not use a pak cache.
[2016.01.26-20.59.21:250][  0]LogDerivedDataCache: Unable to find inner node Pak for hierarchical cache Hierarchy.
[2016.01.26-20.59.21:250][  0]LogDerivedDataCache: FDerivedDataBackendGraph:  CompressedPak pak cache file ../../../../../../Users/frederic/Documents/Unreal Projects/LostAge/DerivedDataCache/Compressed.ddp not found, will not use a pak cache.
[2016.01.26-20.59.21:250][  0]LogDerivedDataCache: Unable to find inner node CompressedPak for hierarchical cache Hierarchy.
[2016.01.26-20.59.21:406][  0]LogDerivedDataCache:Display: Pak cache opened for reading ../../../Engine/DerivedDataCache/Compressed.ddp.
[2016.01.26-20.59.21:418][  0]LogDerivedDataCache: Using Local data cache path C:/Users/frederic/AppData/Local/UnrealEngine/Common/DerivedDataCache: Writable
[2016.01.26-20.59.21:605][  0]LogInit: Selected Device Profile: [Windows]
[2016.01.26-20.59.21:605][  0]LogContentStreaming: Texture pool size is 1000.000000MB
[2016.01.26-20.59.21:618][  0]LogMeshUtilities: No automatic mesh reduction module available
[2016.01.26-20.59.21:618][  0]LogMeshUtilities: No automatic mesh merging module available
[2016.01.26-20.59.22:103][  0]LogWindowsMoviePlayer: Unable to load movie: ../../../../../../Users/frederic/Documents/Unreal Projects/LostAge/Content/Movies/Default_Startup.mp4
[2016.01.26-20.59.22:367][  0]SourceControl: Info Source control is disabled
[2016.01.26-20.59.22:368][  0]SourceControl: Info Source control is disabled
[2016.01.26-20.59.22:376][  0]SourceControl: Info Source control is disabled
[2016.01.26-20.59.22:458][  0]LogLinker:Warning: Asset '../../../Engine/Plugins/Runtime/LeapMotionController/Content/LM_PassthroughMaterial.uasset' has been saved with empty engine version. The asset will be loaded but may be incompatible.
[2016.01.26-20.59.22:532][  0]LogObj: 31097 objects as part of root set at end of initial load.
[2016.01.26-20.59.22:532][  0]LogUObjectAllocator: 6985312 out of 0 bytes used by permanent object pool.
[2016.01.26-20.59.22:587][  0]LogEngine: Initializing Engine...
[2016.01.26-20.59.22:588][  0]LogHMD: Can't find Oculus library dev build: is proper Runtime installed? Version: 0.7.0.0
[2016.01.26-20.59.22:589][  0]LogHMD: SteamVR failed to initialize.  Err: 110
[2016.01.26-20.59.22:703][  0]LogInit: XAudio2 using 'Haut-parleurs (Realtek High Definition Audio)' : 2 channels at 48 kHz using 32 bits per sample (channel mask 0x3)
[2016.01.26-20.59.22:718][  0]LogInit: FAudioDevice initialized.
[2016.01.26-20.59.22:741][  0]LogDerivedDataCache: Saved boot cache 0.02s 43MB C:/Users/frederic/AppData/Local/UnrealEngine/4.9/DerivedDataCache/Boot.ddc.
[2016.01.26-20.59.22:747][  0]LogInit: Texture streaming: Enabled
[2016.01.26-20.59.22:859][  0]LogNet: Browse: /Game/FirstPersonCPP/Maps/MainMenu?Name=Player
[2016.01.26-20.59.22:860][  0]LogLoad: LoadMap: /Game/FirstPersonCPP/Maps/MainMenu?Name=Player
[2016.01.26-20.59.22:872][  0]LogParticles: Destroying 0 GPU particle simulations for FXSystem 0x0000000012D7EB60
[2016.01.26-20.59.22:882][  0]LogMemory: Platform Memory Stats for Windows
[2016.01.26-20.59.22:882][  0]LogMemory: Process Physical Memory: 385.92 MB used, 385.92 MB peak
[2016.01.26-20.59.22:882][  0]LogMemory: Process Virtual Memory: 463.45 MB used, 463.45 MB peak
[2016.01.26-20.59.22:882][  0]LogMemory: Physical Memory: 10773.53 MB used, 16288.39 MB total
[2016.01.26-20.59.22:882][  0]LogMemory: Virtual Memory: 958.34 MB used, 8388608.00 MB total
[2016.01.26-20.59.22:883][  0]LogMemory: 
[2016.01.26-20.59.22:883][  0]Allocator Stats for TBB: (not implemented)
[2016.01.26-20.59.22:892][  0]LogAIModule: Creating AISystem for world MainMenu
[2016.01.26-20.59.22:893][  0]LogWorld: Game class is 'LostAgeGameMode'
[2016.01.26-20.59.22:894][  0]LogWorld: Bringing World /Game/FirstPersonCPP/Maps/MainMenu.MainMenu up for play (max tick rate 0) at 2016.01.26-15.59.22
[2016.01.26-20.59.22:894][  0]LogWorld: Bringing up level for play took: 0.000329
[2016.01.26-20.59.22:894][  0]LogGameMode: Warning - PATHS NOT DEFINED or NO PLAYERSTART with positive rating
[2016.01.26-20.59.22:895][  0]LogOnline:Warning: NULL: Can't start an online game for session (Game) that hasn't been created
[2016.01.26-20.59.22:987][  0]LogInit:Display: Game Engine Initialized.
[2016.01.26-20.59.23:201][  0]LogLoad: Full Startup: 5.06 seconds (BP compile: 0.11 seconds)
[2016.01.26-20.59.23:296][  2]LogRenderer: Reallocating scene render targets to support 1600x900 (Frame:2).
[2016.01.26-20.59.26:808][218]LogInit: WinSock: I am frederic-PC (192.168.1.103:0)
[2016.01.26-20.59.26:862][218]LogPackageName: SearchForPackageOnDisk took   0.054s to resolve FirstPersonExampleMap.umap.
[2016.01.26-20.59.26:908][218]LogPackageName: SearchForPackageOnDisk took   0.046s to resolve FirstPersonExampleMap.umap.
[2016.01.26-20.59.26:908][218]LogNet: Browse: /Game/FirstPersonCPP/Maps/FirstPersonExampleMap?listen
[2016.01.26-20.59.26:908][218]LogLoad: LoadMap: /Game/FirstPersonCPP/Maps/FirstPersonExampleMap?listen
[2016.01.26-20.59.26:920][218]LogParticles: Destroying 0 GPU particle simulations for FXSystem 0x0000000012D7F4C0
[2016.01.26-20.59.26:931][218]LogMemory: Platform Memory Stats for Windows
[2016.01.26-20.59.26:931][218]LogMemory: Process Physical Memory: 402.00 MB used, 402.00 MB peak
[2016.01.26-20.59.26:931][218]LogMemory: Process Virtual Memory: 698.65 MB used, 698.65 MB peak
[2016.01.26-20.59.26:931][218]LogMemory: Physical Memory: 10772.16 MB used, 16288.39 MB total
[2016.01.26-20.59.26:931][218]LogMemory: Virtual Memory: 1207.18 MB used, 8388608.00 MB total
[2016.01.26-20.59.26:931][218]LogMemory: 
[2016.01.26-20.59.26:931][218]Allocator Stats for TBB: (not implemented)
[2016.01.26-20.59.27:077][218]LogAIModule: Creating AISystem for world FirstPersonExampleMap
[2016.01.26-20.59.27:077][218]LogWorld: Game class is 'LostAgeGameMode'
[2016.01.26-20.59.27:077][218]LogInit: WinSock: Socket queue 131072 / 131072
[2016.01.26-20.59.27:078][218]LogNet: GameNetDriver IpNetDriver_0 IpNetDriver listening on port 7777
[2016.01.26-20.59.27:081][218]LogWorld: Bringing World /Game/FirstPersonCPP/Maps/FirstPersonExampleMap.FirstPersonExampleMap up for play (max tick rate 0) at 2016.01.26-15.59.27
[2016.01.26-20.59.27:082][218]LogWorld: Bringing up level for play took: 0.002271
[2016.01.26-20.59.27:083][218]LogOnline:Warning: NULL: Can't start an online session (Game) in state InProgress
[2016.01.26-21.00.02:070][384]LogNet: NotifyAcceptingConnection: Server FirstPersonExampleMap accept
[2016.01.26-21.00.02:070][384]LogNet: Open FirstPersonExampleMap 01/26/16 16:00:02 192.168.1.103
[2016.01.26-21.00.02:070][384]LogNet: Added client connection.  Remote address = 192.168.1.103:52524
[2016.01.26-21.00.02:070][384]LogNet: NotifyAcceptingChannel Control 0 server World /Game/FirstPersonCPP/Maps/FirstPersonExampleMap.FirstPersonExampleMap: Accepted
[2016.01.26-21.00.02:070][384]LogNet: Remote platform little endian=1
[2016.01.26-21.00.02:070][384]LogNet: This platform little endian=1
[2016.01.26-21.00.02:070][384]LogNet: GetLocalNetworkVersion: GEngineNetVersion: 2707645, ProjectName: lostage, ProjectVersion: 1.0.0.0, InternalProtocolVersion: 9, LocalNetworkVersion: 4161370921
[2016.01.26-21.00.02:086][385]LogNet: Login request: /Game/FirstPersonCPP/Maps/MainMenu?Name=frederic-PC-E4BBA2A1455A5450059740AA1DB8E9A7 userId: frederic-PC-E4BBA2A1455A5450059740AA1DB8E9A7
[2016.01.26-21.00.02:102][386]LogNet: Client netspeed is 10000
[2016.01.26-21.00.02:199][392]LogNet: Join request: /Game/FirstPersonCPP/Maps/MainMenu?Name=frederic-PC-E4BBA2A1455A5450059740AA1DB8E9A7?SplitscreenCount=1
[2016.01.26-21.00.02:199][392]LogGameMode: Warning - PATHS NOT DEFINED or NO PLAYERSTART with positive rating
[2016.01.26-21.00.02:203][392]LogNet: Join succeeded: frederic-PC-E4BBA2A1
[2016.01.26-21.01.02:214][112]LogNet:Warning: UNetConnection::Tick: Connection TIMED OUT. Closing connection. Driver: IpNetDriver_0, Elapsed: 60.011433, Threshold: 60.000000, RemoteAddr: 192.168.1.103:52524, PC: LostAgePlayerController_1, Owner: LostAgePlayerController_1
[2016.01.26-21.01.02:214][112]LogNet:Warning: Network Failure: GameNetDriver[ConnectionTimeout]: UNetConnection::Tick: Connection TIMED OUT. Closing connection. Driver: IpNetDriver_0, Elapsed: 60.011433, Threshold: 60.000000, RemoteAddr: 192.168.1.103:52524, PC: LostAgePlayerController_1, Owner: LostAgePlayerController_1
[2016.01.26-21.01.02:214][112]LogNet: NetworkFailure: ConnectionTimeout, Error: 'UNetConnection::Tick: Connection TIMED OUT. Closing connection. Driver: IpNetDriver_0, Elapsed: 60.011433, Threshold: 60.000000, RemoteAddr: 192.168.1.103:52524, PC: LostAgePlayerController_1, Owner: LostAgePlayerController_1'
[2016.01.26-21.01.02:214][112]LogNet: UNetConnection::Close: Name: IpConnection_0, Driver: GameNetDriver IpNetDriver_0, PC: LostAgePlayerController_1, Owner: LostAgePlayerController_1, Channels: 10, RemoteAddr: 192.168.1.103:52524, Time: 2016.01.26-21.01.02
[2016.01.26-21.01.02:214][112]LogNet: UChannel::Close: Sending CloseBunch. ChIndex == 0. Name: ControlChannel_0
[2016.01.26-21.01.32:879][ 13]LogNet: NotifyAcceptingConnection: Server FirstPersonExampleMap accept
[2016.01.26-21.01.32:879][ 13]LogNet: Open FirstPersonExampleMap 01/26/16 16:01:32 192.168.1.103
[2016.01.26-21.01.32:879][ 13]LogNet: Added client connection.  Remote address = 192.168.1.103:65308
[2016.01.26-21.01.32:879][ 13]LogNet: NotifyAcceptingChannel Control 0 server World /Game/FirstPersonCPP/Maps/FirstPersonExampleMap.FirstPersonExampleMap: Accepted
[2016.01.26-21.01.32:879][ 13]LogNet: Remote platform little endian=1
[2016.01.26-21.01.32:879][ 13]LogNet: This platform little endian=1
[2016.01.26-21.01.32:879][ 13]LogNet: GetLocalNetworkVersion: GEngineNetVersion: 2707645, ProjectName: lostage, ProjectVersion: 1.0.0.0, InternalProtocolVersion: 9, LocalNetworkVersion: 4161370921
[2016.01.26-21.01.32:895][ 14]LogNet: Login request: /Game/FirstPersonCPP/Maps/MainMenu?Name=frederic-PC-5057090F4758831C252A209272DD8E8F userId: frederic-PC-5057090F4758831C252A209272DD8E8F
[2016.01.26-21.01.32:911][ 15]LogNet: Client netspeed is 10000
[2016.01.26-21.01.33:169][ 31]LogNet: Join request: /Game/FirstPersonCPP/Maps/MainMenu?Name=frederic-PC-5057090F4758831C252A209272DD8E8F?SplitscreenCount=1
[2016.01.26-21.01.33:172][ 31]LogNet: Join succeeded: frederic-PC-5057090F
[2016.01.26-21.02.33:173][750]LogNet:Warning: UNetConnection::Tick: Connection TIMED OUT. Closing connection. Driver: IpNetDriver_0, Elapsed: 60.000404, Threshold: 60.000000, RemoteAddr: 192.168.1.103:65308, PC: LostAgePlayerController_2, Owner: LostAgePlayerController_2
[2016.01.26-21.02.33:173][750]LogNet:Warning: Network Failure: GameNetDriver[ConnectionTimeout]: UNetConnection::Tick: Connection TIMED OUT. Closing connection. Driver: IpNetDriver_0, Elapsed: 60.000404, Threshold: 60.000000, RemoteAddr: 192.168.1.103:65308, PC: LostAgePlayerController_2, Owner: LostAgePlayerController_2
[2016.01.26-21.02.33:173][750]LogNet: NetworkFailure: ConnectionTimeout, Error: 'UNetConnection::Tick: Connection TIMED OUT. Closing connection. Driver: IpNetDriver_0, Elapsed: 60.000404, Threshold: 60.000000, RemoteAddr: 192.168.1.103:65308, PC: LostAgePlayerController_2, Owner: LostAgePlayerController_2'
[2016.01.26-21.02.33:173][750]LogNet: UNetConnection::Close: Name: IpConnection_1, Driver: GameNetDriver IpNetDriver_0, PC: LostAgePlayerController_2, Owner: LostAgePlayerController_2, Channels: 10, RemoteAddr: 192.168.1.103:65308, Time: 2016.01.26-21.02.33
[2016.01.26-21.02.33:173][750]LogNet: UChannel::Close: Sending CloseBunch. ChIndex == 0. Name: ControlChannel_1
[2016.01.26-21.02.37:545][ 21]LogNet: NotifyAcceptingConnection: Server FirstPersonExampleMap accept
[2016.01.26-21.02.37:545][ 21]LogNet: Open FirstPersonExampleMap 01/26/16 16:02:37 192.168.1.103
[2016.01.26-21.02.37:545][ 21]LogNet: Added client connection.  Remote address = 192.168.1.103:65308
[2016.01.26-21.02.37:545][ 21]LogSecurity:Warning: 192.168.1.103:65308: Malformed_Packet: UNetConnection::ReceivedPacket: Received non-control bunch before control channel was created. ChIndex: 2, ChType: 2
[2016.01.26-21.02.37:545][ 21]LogSecurity:Warning: 192.168.1.103:65308: Closed: Connection closed
[2016.01.26-21.02.37:545][ 21]LogNet: UNetConnection::Close: Name: IpConnection_2, Driver: GameNetDriver IpNetDriver_0, PC: NULL, Owner: NULL, Channels: 2, RemoteAddr: 192.168.1.103:65308, Time: 2016.01.26-21.02.37
[2016.01.26-21.02.37:545][ 21]LogNet: UChannel::Close: Sending CloseBunch. ChIndex == 0. Name: ControlChannel_2
[2016.01.26-21.02.38:326][ 69]LogNet: NotifyAcceptingConnection: Server FirstPersonExampleMap accept
[2016.01.26-21.02.38:326][ 69]LogNet: Open FirstPersonExampleMap 01/26/16 16:02:38 192.168.1.103
[2016.01.26-21.02.38:326][ 69]LogNet: Added client connection.  Remote address = 192.168.1.103:65308
[2016.01.26-21.03.38:332][784]LogNet:Warning: UNetConnection::Tick: Connection TIMED OUT. Closing connection. Driver: IpNetDriver_0, Elapsed: 60.001953, Threshold: 60.000000, RemoteAddr: 192.168.1.103:65308, PC: NoPC, Owner: No Owner
[2016.01.26-21.03.38:332][784]LogNet:Warning: Network Failure: GameNetDriver[ConnectionTimeout]: UNetConnection::Tick: Connection TIMED OUT. Closing connection. Driver: IpNetDriver_0, Elapsed: 60.001953, Threshold: 60.000000, RemoteAddr: 192.168.1.103:65308, PC: NoPC, Owner: No Owner
[2016.01.26-21.03.38:332][784]LogNet: NetworkFailure: ConnectionTimeout, Error: 'UNetConnection::Tick: Connection TIMED OUT. Closing connection. Driver: IpNetDriver_0, Elapsed: 60.001953, Threshold: 60.000000, RemoteAddr: 192.168.1.103:65308, PC: NoPC, Owner: No Owner'
[2016.01.26-21.03.38:332][784]LogNet: UNetConnection::Close: Name: IpConnection_3, Driver: GameNetDriver IpNetDriver_0, PC: NULL, Owner: NULL, Channels: 1, RemoteAddr: 192.168.1.103:65308, Time: 2016.01.26-21.03.38
[2016.01.26-21.03.42:363][ 34]LogNet: NotifyAcceptingConnection: Server FirstPersonExampleMap accept
[2016.01.26-21.03.42:364][ 34]LogNet: Open FirstPersonExampleMap 01/26/16 16:03:42 192.168.1.103
[2016.01.26-21.03.42:364][ 34]LogNet: Added client connection.  Remote address = 192.168.1.103:65343
[2016.01.26-21.03.42:364][ 34]LogNet: NotifyAcceptingChannel Control 0 server World /Game/FirstPersonCPP/Maps/FirstPersonExampleMap.FirstPersonExampleMap: Accepted
[2016.01.26-21.03.42:364][ 34]LogNet: Remote platform little endian=1
[2016.01.26-21.03.42:364][ 34]LogNet: This platform little endian=1
[2016.01.26-21.03.42:364][ 34]LogNet: GetLocalNetworkVersion: GEngineNetVersion: 2707645, ProjectName: lostage, ProjectVersion: 1.0.0.0, InternalProtocolVersion: 9, LocalNetworkVersion: 4161370921
[2016.01.26-21.03.42:380][ 35]LogNet: Login request: /Game/FirstPersonCPP/Maps/MainMenu?Name=frederic-PC-43870C5A4CFC75EA34DEF2BEE4B6CEAD userId: frederic-PC-43870C5A4CFC75EA34DEF2BEE4B6CEAD
[2016.01.26-21.03.42:396][ 36]LogNet: Client netspeed is 10000
[2016.01.26-21.03.42:476][ 41]LogNet: Join request: /Game/FirstPersonCPP/Maps/MainMenu?Name=frederic-PC-43870C5A4CFC75EA34DEF2BEE4B6CEAD?SplitscreenCount=1
[2016.01.26-21.03.42:479][ 41]LogNet: Join succeeded: frederic-PC-43870C5A
[2016.01.26-21.04.42:435][757]LogNet:Warning: UNetConnection::Tick: Connection TIMED OUT. Closing connection. Driver: IpNetDriver_0, Elapsed: 60.009933, Threshold: 60.000000, RemoteAddr: 192.168.1.103:65343, PC: LostAgePlayerController_3, Owner: LostAgePlayerController_3
[2016.01.26-21.04.42:435][757]LogNet:Warning: Network Failure: GameNetDriver[ConnectionTimeout]: UNetConnection::Tick: Connection TIMED OUT. Closing connection. Driver: IpNetDriver_0, Elapsed: 60.009933, Threshold: 60.000000, RemoteAddr: 192.168.1.103:65343, PC: LostAgePlayerController_3, Owner: LostAgePlayerController_3
[2016.01.26-21.04.42:435][757]LogNet: NetworkFailure: ConnectionTimeout, Error: 'UNetConnection::Tick: Connection TIMED OUT. Closing connection. Driver: IpNetDriver_0, Elapsed: 60.009933, Threshold: 60.000000, RemoteAddr: 192.168.1.103:65343, PC: LostAgePlayerController_3, Owner: LostAgePlayerController_3'
[2016.01.26-21.04.42:435][757]LogNet: UNetConnection::Close: Name: IpConnection_4, Driver: GameNetDriver IpNetDriver_0, PC: LostAgePlayerController_3, Owner: LostAgePlayerController_3, Channels: 10, RemoteAddr: 192.168.1.103:65343, Time: 2016.01.26-21.04.42
[2016.01.26-21.04.42:435][757]LogNet: UChannel::Close: Sending CloseBunch. ChIndex == 0. Name: ControlChannel_3
[2016.01.26-21.13.22:022][960]LogNet: NotifyAcceptingConnection: Server FirstPersonExampleMap accept
[2016.01.26-21.13.22:022][960]LogNet: Open FirstPersonExampleMap 01/26/16 16:13:22 192.168.1.103
[2016.01.26-21.13.22:022][960]LogNet: Added client connection.  Remote address = 192.168.1.103:56247
[2016.01.26-21.13.22:022][960]LogNet: NotifyAcceptingChannel Control 0 server World /Game/FirstPersonCPP/Maps/FirstPersonExampleMap.FirstPersonExampleMap: Accepted
[2016.01.26-21.13.22:022][960]LogNet: Remote platform little endian=1
[2016.01.26-21.13.22:022][960]LogNet: This platform little endian=1
[2016.01.26-21.13.22:022][960]LogNet: GetLocalNetworkVersion: GEngineNetVersion: 2707645, ProjectName: lostage, ProjectVersion: 1.0.0.0, InternalProtocolVersion: 9, LocalNetworkVersion: 4161370921
[2016.01.26-21.13.22:038][961]LogNet: Login request: /Game/FirstPersonCPP/Maps/MainMenu?Name=frederic-PC-9D127B274772F8F4B95C2F9C1118BB2B userId: frederic-PC-9D127B274772F8F4B95C2F9C1118BB2B
[2016.01.26-21.13.22:054][962]LogNet: Client netspeed is 10000
[2016.01.26-21.13.22:312][978]LogNet: Join request: /Game/FirstPersonCPP/Maps/MainMenu?Name=frederic-PC-9D127B274772F8F4B95C2F9C1118BB2B?SplitscreenCount=1
[2016.01.26-21.13.22:315][978]LogNet: Join succeeded: frederic-PC-9D127B27
[2016.01.26-21.14.22:376][701]LogNet:Warning: UNetConnection::Tick: Connection TIMED OUT. Closing connection. Driver: IpNetDriver_0, Elapsed: 60.002380, Threshold: 60.000000, RemoteAddr: 192.168.1.103:56247, PC: LostAgePlayerController_4, Owner: LostAgePlayerController_4
[2016.01.26-21.14.22:376][701]LogNet:Warning: Network Failure: GameNetDriver[ConnectionTimeout]: UNetConnection::Tick: Connection TIMED OUT. Closing connection. Driver: IpNetDriver_0, Elapsed: 60.002380, Threshold: 60.000000, RemoteAddr: 192.168.1.103:56247, PC: LostAgePlayerController_4, Owner: LostAgePlayerController_4
[2016.01.26-21.14.22:376][701]LogNet: NetworkFailure: ConnectionTimeout, Error: 'UNetConnection::Tick: Connection TIMED OUT. Closing connection. Driver: IpNetDriver_0, Elapsed: 60.002380, Threshold: 60.000000, RemoteAddr: 192.168.1.103:56247, PC: LostAgePlayerController_4, Owner: LostAgePlayerController_4'
[2016.01.26-21.14.22:376][701]LogNet: UNetConnection::Close: Name: IpConnection_5, Driver: GameNetDriver IpNetDriver_0, PC: LostAgePlayerController_4, Owner: LostAgePlayerController_4, Channels: 10, RemoteAddr: 192.168.1.103:56247, Time: 2016.01.26-21.14.22
[2016.01.26-21.14.22:376][701]LogNet: UChannel::Close: Sending CloseBunch. ChIndex == 0. Name: ControlChannel_4
[2016.01.26-21.14.53:349][621]LogNet: NotifyAcceptingConnection: Server FirstPersonExampleMap accept
[2016.01.26-21.14.53:349][621]LogNet: Open FirstPersonExampleMap 01/26/16 16:14:53 192.168.1.103
[2016.01.26-21.14.53:349][621]LogNet: Added client connection.  Remote address = 192.168.1.103:56247
[2016.01.26-21.14.53:349][621]LogSecurity:Warning: 192.168.1.103:56247: Malformed_Packet: UNetConnection::ReceivedPacket: Received non-control bunch before control channel was created. ChIndex: 2, ChType: 2
[2016.01.26-21.14.53:350][621]LogSecurity:Warning: 192.168.1.103:56247: Closed: Connection closed
[2016.01.26-21.14.53:350][621]LogNet: UNetConnection::Close: Name: IpConnection_6, Driver: GameNetDriver IpNetDriver_0, PC: NULL, Owner: NULL, Channels: 2, RemoteAddr: 192.168.1.103:56247, Time: 2016.01.26-21.14.53
[2016.01.26-21.14.53:350][621]LogNet: UChannel::Close: Sending CloseBunch. ChIndex == 0. Name: ControlChannel_5
[2016.01.26-21.14.54:140][670]LogNet: NotifyAcceptingConnection: Server FirstPersonExampleMap accept
[2016.01.26-21.14.54:140][670]LogNet: Open FirstPersonExampleMap 01/26/16 16:14:54 192.168.1.103
[2016.01.26-21.14.54:140][670]LogNet: Added client connection.  Remote address = 192.168.1.103:56247
[2016.01.26-21.15.54:201][392]LogNet:Warning: UNetConnection::Tick: Connection TIMED OUT. Closing connection. Driver: IpNetDriver_0, Elapsed: 60.002258, Threshold: 60.000000, RemoteAddr: 192.168.1.103:56247, PC: NoPC, Owner: No Owner
[2016.01.26-21.15.54:201][392]LogNet:Warning: Network Failure: GameNetDriver[ConnectionTimeout]: UNetConnection::Tick: Connection TIMED OUT. Closing connection. Driver: IpNetDriver_0, Elapsed: 60.002258, Threshold: 60.000000, RemoteAddr: 192.168.1.103:56247, PC: NoPC, Owner: No Owner
[2016.01.26-21.15.54:201][392]LogNet: NetworkFailure: ConnectionTimeout, Error: 'UNetConnection::Tick: Connection TIMED OUT. Closing connection. Driver: IpNetDriver_0, Elapsed: 60.002258, Threshold: 60.000000, RemoteAddr: 192.168.1.103:56247, PC: NoPC, Owner: No Owner'
[2016.01.26-21.15.54:201][392]LogNet: UNetConnection::Close: Name: IpConnection_7, Driver: GameNetDriver IpNetDriver_0, PC: NULL, Owner: NULL, Channels: 1, RemoteAddr: 192.168.1.103:56247, Time: 2016.01.26-21.15.54
[2016.01.26-21.15.55:298][460]LogNet: NotifyAcceptingConnection: Server FirstPersonExampleMap accept
[2016.01.26-21.15.55:298][460]LogNet: Open FirstPersonExampleMap 01/26/16 16:15:55 192.168.1.103
[2016.01.26-21.15.55:298][460]LogNet: Added client connection.  Remote address = 192.168.1.103:56355
[2016.01.26-21.15.55:298][460]LogNet: NotifyAcceptingChannel Control 0 server World /Game/FirstPersonCPP/Maps/FirstPersonExampleMap.FirstPersonExampleMap: Accepted
[2016.01.26-21.15.55:298][460]LogNet: Remote platform little endian=1
[2016.01.26-21.15.55:298][460]LogNet: This platform little endian=1
[2016.01.26-21.15.55:298][460]LogNet: GetLocalNetworkVersion: GEngineNetVersion: 2707645, ProjectName: lostage, ProjectVersion: 1.0.0.0, InternalProtocolVersion: 9, LocalNetworkVersion: 4161370921
[2016.01.26-21.15.55:314][461]LogNet: Login request: /Game/FirstPersonCPP/Maps/MainMenu?Name=frederic-PC-9D127B274772F8F4B95C2F9C1118BB2B userId: frederic-PC-9D127B274772F8F4B95C2F9C1118BB2B
[2016.01.26-21.15.55:330][462]LogNet: Client netspeed is 10000
[2016.01.26-21.15.55:394][466]LogNet: Join request: /Game/FirstPersonCPP/Maps/MainMenu?Name=frederic-PC-9D127B274772F8F4B95C2F9C1118BB2B?SplitscreenCount=1
[2016.01.26-21.15.55:397][466]LogNet: Join succeeded: frederic-PC-9D127B27
[2016.01.26-21.16.55:464][189]LogNet:Warning: UNetConnection::Tick: Connection TIMED OUT. Closing connection. Driver: IpNetDriver_0, Elapsed: 60.008484, Threshold: 60.000000, RemoteAddr: 192.168.1.103:56355, PC: LostAgePlayerController_5, Owner: LostAgePlayerController_5
[2016.01.26-21.16.55:464][189]LogNet:Warning: Network Failure: GameNetDriver[ConnectionTimeout]: UNetConnection::Tick: Connection TIMED OUT. Closing connection. Driver: IpNetDriver_0, Elapsed: 60.008484, Threshold: 60.000000, RemoteAddr: 192.168.1.103:56355, PC: LostAgePlayerController_5, Owner: LostAgePlayerController_5
[2016.01.26-21.16.55:464][189]LogNet: NetworkFailure: ConnectionTimeout, Error: 'UNetConnection::Tick: Connection TIMED OUT. Closing connection. Driver: IpNetDriver_0, Elapsed: 60.008484, Threshold: 60.000000, RemoteAddr: 192.168.1.103:56355, PC: LostAgePlayerController_5, Owner: LostAgePlayerController_5'
[2016.01.26-21.16.55:464][189]LogNet: UNetConnection::Close: Name: IpConnection_8, Driver: GameNetDriver IpNetDriver_0, PC: LostAgePlayerController_5, Owner: LostAgePlayerController_5, Channels: 10, RemoteAddr: 192.168.1.103:56355, Time: 2016.01.26-21.16.55
[2016.01.26-21.16.55:464][189]LogNet: UChannel::Close: Sending CloseBunch. ChIndex == 0. Name: ControlChannel_6
[2016.01.26-21.21.07:375][799]LogEngine: All Windows Closed
[2016.01.26-21.21.07:375][799]LogWindows: FPlatformMisc::RequestExit(0)
[2016.01.26-21.21.07:672][800]LogNet: World NetDriver shutdown IpNetDriver_0 [GameNetDriver]
[2016.01.26-21.21.07:672][800]LogNet: DestroyNamedNetDriver IpNetDriver_0 [GameNetDriver]
[2016.01.26-21.21.07:672][800]LogExit: GameNetDriver IpNetDriver_0 shut down
[2016.01.26-21.21.07:811][800]LogExit: Preparing to exit.
[2016.01.26-21.21.07:905][800]LogExit: Game engine shut down
[2016.01.26-21.21.07:906][800]LogParticles: Destroying 0 GPU particle simulations for FXSystem 0x000000000F9747C0
[2016.01.26-21.21.08:038][800]LogExit: Object subsystem successfully closed.
[2016.01.26-21.21.08:047][800]LogD3D11RHI: Shutdown
[2016.01.26-21.21.08:047][800]LogD3D11RHI: CleanupD3DDevice
[2016.01.26-21.21.08:100][800]LogD3D11RHI: ~FD3D11DynamicRHI
[2016.01.26-21.21.08:112][800]LogModuleManager: Shutting down and abandoning module AndroidDeviceDetection (118)
[2016.01.26-21.21.08:308][800]LogModuleManager: Shutting down and abandoning module AutomationController (117)
[2016.01.26-21.21.08:308][800]LogModuleManager: Shutting down and abandoning module AutomationWorker (116)
[2016.01.26-21.21.08:308][800]LogModuleManager: Shutting down and abandoning module CharacterAI (115)
[2016.01.26-21.21.08:308][800]LogModuleManager: Shutting down and abandoning module AITestSuite (114)
[2016.01.26-21.21.08:308][800]LogModuleManager: Shutting down and abandoning module GameplayDebugger (113)
[2016.01.26-21.21.08:308][800]LogModuleManager: Shutting down and abandoning module AIModule (112)
[2016.01.26-21.21.08:308][800]LogModuleManager: Shutting down and abandoning module GameLiveStreaming (111)
[2016.01.26-21.21.08:308][800]LogModuleManager: Shutting down and abandoning module StreamingPauseRendering (110)
[2016.01.26-21.21.08:308][800]LogModuleManager: Shutting down and abandoning module ProfilerService (109)
[2016.01.26-21.21.08:468][800]LogModuleManager: Shutting down and abandoning module TaskGraph (108)
[2016.01.26-21.21.08:468][800]LogModuleManager: Shutting down and abandoning module SlateRemote (107)
[2016.01.26-21.21.08:468][800]LogModuleManager: Shutting down and abandoning module SteamVRController (106)
[2016.01.26-21.21.08:468][800]LogModuleManager: Shutting down and abandoning module SteamVR (105)
[2016.01.26-21.21.08:468][800]LogModuleManager: Shutting down and abandoning module ProceduralMeshComponent (104)
[2016.01.26-21.21.08:468][800]LogModuleManager: Shutting down and abandoning module OculusRift (103)
[2016.01.26-21.21.08:468][800]LogModuleManager: Shutting down and abandoning module OculusLibrary (102)
[2016.01.26-21.21.08:468][800]LogModuleManager: Shutting down and abandoning module LeapMotionController (101)
[2016.01.26-21.21.08:479][800]LogModuleManager: Shutting down and abandoning module CustomMeshComponent (100)
[2016.01.26-21.21.08:479][800]LogModuleManager: Shutting down and abandoning module CableComponent (99)
[2016.01.26-21.21.08:479][800]LogModuleManager: Shutting down and abandoning module ArchVisCharacter (98)
[2016.01.26-21.21.08:479][800]LogModuleManager: Shutting down and abandoning module HTML5Networking (97)
[2016.01.26-21.21.08:479][800]LogModuleManager: Shutting down and abandoning module DesktopPlatform (96)
[2016.01.26-21.21.08:479][800]LogModuleManager: Shutting down and abandoning module DirectoryWatcher (95)
[2016.01.26-21.21.08:479][800]LogModuleManager: Shutting down and abandoning module HotReload (94)
[2016.01.26-21.21.08:479][800]LogModuleManager: Shutting down and abandoning module VisualStudioSourceCodeAccess (93)
[2016.01.26-21.21.08:479][800]LogModuleManager: Shutting down and abandoning module UObjectPlugin (92)
[2016.01.26-21.21.08:479][800]LogModuleManager: Shutting down and abandoning module SubversionSourceControl (91)
[2016.01.26-21.21.08:479][800]LogModuleManager: Shutting down and abandoning module SourceControl (90)
[2016.01.26-21.21.08:479][800]LogModuleManager: Shutting down and abandoning module PerforceSourceControl (89)
[2016.01.26-21.21.08:479][800]LogModuleManager: Shutting down and abandoning module LostAge (88)
[2016.01.26-21.21.08:479][800]LogModuleManager: Shutting down and abandoning module UdpMessaging (87)
[2016.01.26-21.21.08:479][800]LogModuleManager: Shutting down and abandoning module LightPropagationVolumeRuntime (86)
[2016.01.26-21.21.08:479][800]LogModuleManager: Shutting down and abandoning module Paper2D (85)
[2016.01.26-21.21.08:479][800]LogModuleManager: Shutting down and abandoning module WindowsMoviePlayer (84)
[2016.01.26-21.21.08:483][800]LogModuleManager: Shutting down and abandoning module Media (83)
[2016.01.26-21.21.08:483][800]LogModuleManager: Shutting down and abandoning module WmfMedia (82)
[2016.01.26-21.21.08:483][800]LogModuleManager: Shutting down and abandoning module OnlineBlueprintSupport (81)
[2016.01.26-21.21.08:483][800]LogModuleManager: Shutting down and abandoning module GameplayTasksEditor (80)
[2016.01.26-21.21.08:483][800]LogModuleManager: Shutting down and abandoning module PropertyEditor (79)
[2016.01.26-21.21.08:483][800]LogModuleManager: Shutting down and abandoning module BehaviorTreeEditor (78)
[2016.01.26-21.21.08:483][800]LogModuleManager: Shutting down and abandoning module FunctionalTesting (77)
[2016.01.26-21.21.08:483][800]LogModuleManager: Shutting down and abandoning module CollisionAnalyzer (76)
[2016.01.26-21.21.08:483][800]LogModuleManager: Shutting down and abandoning module WorkspaceMenuStructure (75)
[2016.01.26-21.21.08:483][800]LogModuleManager: Shutting down and abandoning module MessageLog (74)
[2016.01.26-21.21.08:483][800]LogModuleManager: Shutting down and abandoning module Sequencer (73)
[2016.01.26-21.21.08:483][800]LogModuleManager: Shutting down and abandoning module AssetTools (72)
[2016.01.26-21.21.08:483][800]LogModuleManager: Shutting down and abandoning module UMGEditor (71)
[2016.01.26-21.21.08:483][800]LogModuleManager: Shutting down and abandoning module UMG (70)
[2016.01.26-21.21.08:483][800]LogModuleManager: Shutting down and abandoning module Slate (69)
[2016.01.26-21.21.08:483][800]LogModuleManager: Shutting down and abandoning module EditorStyle (68)
[2016.01.26-21.21.08:485][800]LogModuleManager: Shutting down and abandoning module SessionServices (67)
[2016.01.26-21.21.08:485][800]LogModuleManager: Shutting down and abandoning module SourceCodeAccess (66)
[2016.01.26-21.21.08:485][800]LogModuleManager: Shutting down and abandoning module HeadMountedDisplay (65)
[2016.01.26-21.21.08:485][800]LogModuleManager: Shutting down and abandoning module XAudio2 (64)
[2016.01.26-21.21.08:485][800]LogModuleManager: Shutting down and abandoning module Networking (63)
[2016.01.26-21.21.08:485][800]LogModuleManager: Shutting down and abandoning module Core (62)
[2016.01.26-21.21.08:485][800]LogModuleManager: Shutting down and abandoning module KismetCompiler (61)
[2016.01.26-21.21.08:485][800]LogModuleManager: Shutting down and abandoning module PhysXFormats (60)
[2016.01.26-21.21.08:485][800]LogModuleManager: Shutting down and abandoning module MeshUtilities (59)
[2016.01.26-21.21.08:485][800]LogModuleManager: Shutting down and abandoning module CookingStats (58)
[2016.01.26-21.21.08:485][800]LogModuleManager: Shutting down and abandoning module DerivedDataCache (57)
[2016.01.26-21.21.08:534][800]LogDerivedDataCache: Shutdown
[2016.01.26-21.21.08:534][800]LogModuleManager: Shutting down and abandoning module ShaderFormatOpenGL (56)
[2016.01.26-21.21.08:534][800]LogModuleManager: Shutting down and abandoning module ShaderFormatD3D (55)
[2016.01.26-21.21.08:534][800]LogModuleManager: Shutting down and abandoning module MetalShaderFormat (54)
[2016.01.26-21.21.08:534][800]LogModuleManager: Shutting down and abandoning module TextureFormatUncompressed (53)
[2016.01.26-21.21.08:534][800]LogModuleManager: Shutting down and abandoning module TextureFormatPVR (52)
[2016.01.26-21.21.08:534][800]LogModuleManager: Shutting down and abandoning module TextureFormatIntelISPCTexComp (51)
[2016.01.26-21.21.08:534][800]LogModuleManager: Shutting down and abandoning module TextureFormatDXT (50)
[2016.01.26-21.21.08:534][800]LogModuleManager: Shutting down and abandoning module ImageWrapper (49)
[2016.01.26-21.21.08:534][800]LogModuleManager: Shutting down and abandoning module TextureFormatASTC (48)
[2016.01.26-21.21.08:534][800]LogModuleManager: Shutting down and abandoning module TextureFormatAndroid (47)
[2016.01.26-21.21.08:534][800]LogModuleManager: Shutting down and abandoning module AudioFormatOpus (46)
[2016.01.26-21.21.08:534][800]LogModuleManager: Shutting down and abandoning module AudioFormatOgg (45)
[2016.01.26-21.21.08:534][800]LogModuleManager: Shutting down and abandoning module AudioFormatADPCM (44)
[2016.01.26-21.21.08:534][800]LogModuleManager: Shutting down and abandoning module LinuxTargetPlatform (43)
[2016.01.26-21.21.08:534][800]LogModuleManager: Shutting down and abandoning module LinuxServerTargetPlatform (42)
[2016.01.26-21.21.08:534][800]LogModuleManager: Shutting down and abandoning module LinuxNoEditorTargetPlatform (41)
[2016.01.26-21.21.08:534][800]LogModuleManager: Shutting down and abandoning module Messaging (40)
[2016.01.26-21.21.08:534][800]LogModuleManager: Shutting down and abandoning module IOSTargetPlatform (39)
[2016.01.26-21.21.08:534][800]LogModuleManager: Shutting down and abandoning module HTML5TargetPlatform (38)
[2016.01.26-21.21.08:534][800]LogModuleManager: Shutting down and abandoning module Android_PVRTCTargetPlatform (37)
[2016.01.26-21.21.08:534][800]LogModuleManager: Shutting down and abandoning module Android_ETC2TargetPlatform (36)
[2016.01.26-21.21.08:534][800]LogModuleManager: Shutting down and abandoning module Android_ETC1TargetPlatform (35)
[2016.01.26-21.21.08:534][800]LogModuleManager: Shutting down and abandoning module Android_DXTTargetPlatform (34)
[2016.01.26-21.21.08:534][800]LogModuleManager: Shutting down and abandoning module Android_ATCTargetPlatform (33)
[2016.01.26-21.21.08:534][800]LogModuleManager: Shutting down and abandoning module Android_ASTCTargetPlatform (32)
[2016.01.26-21.21.08:534][800]LogModuleManager: Shutting down and abandoning module AndroidTargetPlatform (31)
[2016.01.26-21.21.08:534][800]LogModuleManager: Shutting down and abandoning module WindowsTargetPlatform (30)
[2016.01.26-21.21.08:534][800]LogModuleManager: Shutting down and abandoning module WindowsServerTargetPlatform (29)
[2016.01.26-21.21.08:534][800]LogModuleManager: Shutting down and abandoning module WindowsNoEditorTargetPlatform (28)
[2016.01.26-21.21.08:534][800]LogModuleManager: Shutting down and abandoning module WindowsClientTargetPlatform (27)
[2016.01.26-21.21.08:534][800]LogModuleManager: Shutting down and abandoning module AllDesktopTargetPlatform (26)
[2016.01.26-21.21.08:534][800]LogModuleManager: Shutting down and abandoning module TargetPlatform (25)
[2016.01.26-21.21.08:534][800]LogModuleManager: Shutting down and abandoning module InputCore (24)
[2016.01.26-21.21.08:534][800]LogModuleManager: Shutting down and abandoning module Settings (23)
[2016.01.26-21.21.08:534][800]LogModuleManager: Shutting down and abandoning module Voice (21)
[2016.01.26-21.21.08:534][800]LogModuleManager: Shutting down and abandoning module OnlineSubsystem (18)
[2016.01.26-21.21.08:534][800]LogOnline:Display: NULL: FOnlineSubsystemNull::Shutdown()
[2016.01.26-21.21.08:534][800]LogOnline:Display: Unloading online subsystem: Null
[2016.01.26-21.21.08:534][800]LogModuleManager: Shutting down and abandoning module HTTP (17)
[2016.01.26-21.21.08:534][800]LogModuleManager: Shutting down and abandoning module XMPP (16)
[2016.01.26-21.21.08:534][800]LogModuleManager: Shutting down and abandoning module ExampleDeviceProfileSelector (15)
[2016.01.26-21.21.08:534][800]LogModuleManager: Shutting down and abandoning module TextureCompressor (14)
[2016.01.26-21.21.08:534][800]LogModuleManager: Shutting down and abandoning module ShaderCore (13)
[2016.01.26-21.21.08:534][800]LogModuleManager: Shutting down and abandoning module Landscape (12)
[2016.01.26-21.21.08:534][800]LogModuleManager: Shutting down and abandoning module SlateRHIRenderer (11)
[2016.01.26-21.21.08:535][800]LogModuleManager: Shutting down and abandoning module OpenGLDrv (10)
[2016.01.26-21.21.08:535][800]LogModuleManager: Shutting down and abandoning module D3D11RHI (9)
[2016.01.26-21.21.08:535][800]LogModuleManager: Shutting down and abandoning module AnimGraphRuntime (8)
[2016.01.26-21.21.08:535][800]LogModuleManager: Shutting down and abandoning module Renderer (7)
[2016.01.26-21.21.08:535][800]LogModuleManager: Shutting down and abandoning module Engine (6)
[2016.01.26-21.21.08:535][800]LogModuleManager: Shutting down and abandoning module CoreUObject (5)
[2016.01.26-21.21.08:535][800]LogModuleManager: Shutting down and abandoning module NetworkFile (4)
[2016.01.26-21.21.08:535][800]LogModuleManager: Shutting down and abandoning module StreamingFile (3)
[2016.01.26-21.21.08:535][800]LogModuleManager: Shutting down and abandoning module SandboxFile (2)
[2016.01.26-21.21.08:535][800]LogModuleManager: Shutting down and abandoning module PakFile (1)
[2016.01.26-21.21.08:535][800]LogExit: Exiting.
[2016.01.26-21.21.08:536][800]Log file closed, 01/26/16 16:21:08
