[2016.01.27-15.31.34:931][  0]Log file open, 01/27/16 10:31:34
[2016.01.27-15.31.34:931][  0]LogInit:Display: Running engine for game: LostAge
[2016.01.27-15.31.34:931][  0]LogInit:Display: RandInit(-1132676009) SRandInit(-1132676008).
[2016.01.27-15.31.34:931][  0]LogTaskGraph: Started task graph with 4 named threads and 7 total threads.
[2016.01.27-15.31.34:931][  0]LogStats: Stats thread started at 0.070931
[2016.01.27-15.31.34:931][  0]LogInit: Version: 4.9.2-2707645+++depot+UE4-Releases+4.9
[2016.01.27-15.31.34:931][  0]LogInit: API Version: 2672455
[2016.01.27-15.31.34:931][  0]LogInit: Compiled (64-bit): Sep 28 2015 10:25:44
[2016.01.27-15.31.34:931][  0]LogInit: Compiled with Visual C++: 18.00.21005.01
[2016.01.27-15.31.34:931][  0]LogInit: Build Configuration: Development
[2016.01.27-15.31.34:931][  0]LogInit: Branch Name: ++depot+UE4-Releases+4.9
[2016.01.27-15.31.34:931][  0]LogInit: Command line:  -game
[2016.01.27-15.31.34:931][  0]LogInit: Base directory: C:/Program Files/Epic Games/4.9/Engine/Binaries/Win64/
[2016.01.27-15.31.34:931][  0]LogInit: Rocket: 1
[2016.01.27-15.31.34:971][  0]LogInit: Using libcurl 7.41.0
[2016.01.27-15.31.34:971][  0]LogInit:  - built for x86_64-pc-win32
[2016.01.27-15.31.34:971][  0]LogInit:  - supports SSL with WinSSL
[2016.01.27-15.31.34:971][  0]LogInit:  - other features:
[2016.01.27-15.31.34:971][  0]LogInit:      CURL_VERSION_SSL
[2016.01.27-15.31.34:971][  0]LogInit:      CURL_VERSION_IPV6
[2016.01.27-15.31.34:971][  0]LogInit:      CURL_VERSION_ASYNCHDNS
[2016.01.27-15.31.34:971][  0]LogInit:      CURL_VERSION_LARGEFILE
[2016.01.27-15.31.34:971][  0]LogInit:      CURL_VERSION_IDN
[2016.01.27-15.31.34:971][  0]LogInit:  CurlRequestOptions (configurable via config and command line):
[2016.01.27-15.31.34:971][  0]LogInit:  - bVerifyPeer = true  - Libcurl will verify peer certificate
[2016.01.27-15.31.34:971][  0]LogInit:  - bUseHttpProxy = false  - Libcurl will NOT use HTTP proxy
[2016.01.27-15.31.34:971][  0]LogInit:  - bDontReuseConnections = false  - Libcurl will reuse connections
[2016.01.27-15.31.34:971][  0]LogInit:  - CertBundlePath = nullptr  - Libcurl will use whatever was configured at build time.
[2016.01.27-15.31.34:987][  0]LogInit: WinSock: version 1.1 (2.2), MaxSocks=32767, MaxUdp=65467
[2016.01.27-15.31.34:993][  0]LogVoice:Warning: Failed to initialize voice interface
[2016.01.27-15.31.34:996][  0]LogInit: Presizing for 0 objects not considered by GC, pre-allocating 0 bytes.
[2016.01.27-15.31.35:003][  0]LogInit: Object subsystem initialized
[2016.01.27-15.31.35:005][  0]LogInit: Selected Device Profile: [Windows]
[2016.01.27-15.31.35:005][  0]LogInit: Applying CVar settings loaded from the selected device profile: [Windows]
[2016.01.27-15.31.35:012][  0]LogInit: Computer: FREDERIC-PC
[2016.01.27-15.31.35:012][  0]LogInit: User: frederic
[2016.01.27-15.31.35:012][  0]LogInit: CPU Page size=4096, Cores=4
[2016.01.27-15.31.35:012][  0]LogInit: High frequency timer resolution =3.331220 MHz
[2016.01.27-15.31.35:012][  0]LogMemory: Memory total: Physical=15.9GB (16GB approx)
[2016.01.27-15.31.35:012][  0]LogMemory: Platform Memory Stats for Windows
[2016.01.27-15.31.35:012][  0]LogMemory: Process Physical Memory: 56.10 MB used, 56.10 MB peak
[2016.01.27-15.31.35:012][  0]LogMemory: Process Virtual Memory: 57.61 MB used, 57.61 MB peak
[2016.01.27-15.31.35:012][  0]LogMemory: Physical Memory: 6139.40 MB used, 16288.39 MB total
[2016.01.27-15.31.35:012][  0]LogMemory: Virtual Memory: 341.63 MB used, 8388608.00 MB total
[2016.01.27-15.31.35:050][  0]LogTextLocalizationManager: No translations for ('fr-CA') exist, falling back to 'en' for localization and internationalization data.
[2016.01.27-15.31.35:774][  0]LogD3D11RHI: Found D3D11 adapter 0: NVIDIA GeForce GTX 970 (Feature Level 11_0)
[2016.01.27-15.31.35:774][  0]LogD3D11RHI: Adapter has 4008MB of dedicated video memory, 0MB of dedicated system memory, and 7888MB of shared system memory, 1 output[s]
[2016.01.27-15.31.35:777][  0]LogD3D11RHI: Found D3D11 adapter 1: Intel(R) HD Graphics 3000 (Feature Level 10_0)
[2016.01.27-15.31.35:778][  0]LogD3D11RHI: Adapter has 64MB of dedicated video memory, 0MB of dedicated system memory, and 1632MB of shared system memory, 0 output[s]
[2016.01.27-15.31.35:778][  0]LogD3D11RHI: Chosen D3D11 Adapter Id = 0
[2016.01.27-15.31.35:781][  0]LogD3D11RHI: !Direct3DDevice
[2016.01.27-15.31.35:781][  0]LogRHI: Texture pool is 1361 MB (70% of 1945 MB)
[2016.01.27-15.31.35:792][  0]LogD3D11RHI: Async texture creation enabled
[2016.01.27-15.31.35:806][  0]LogShaderCompilers: Guid format shader working directory is 15 characters bigger than the processId version (../../../../../../Users/frederic/Documents/Unreal Projects/LostAge/Intermediate/Shaders/WorkingDirectory/6168/).
[2016.01.27-15.31.35:806][  0]LogShaderCompilers: Cleaned the shader compiler working directory '../../../../../../Users/frederic/Documents/Unreal Projects/LostAge/Intermediate/Shaders/tmp/A96FDC5D4F6CBEE469118CA9A83044B7/'.
[2016.01.27-15.31.35:806][  0]LogShaderCompilers:Display: Using Local Shader Compiler.
[2016.01.27-15.31.36:885][  0]LogTemp:Display: Loaded TP AllDesktopTargetPlatform
[2016.01.27-15.31.36:890][  0]LogTemp:Display: Loaded TP WindowsClientTargetPlatform
[2016.01.27-15.31.36:894][  0]LogTemp:Display: Loaded TP WindowsNoEditorTargetPlatform
[2016.01.27-15.31.36:899][  0]LogTemp:Display: Loaded TP WindowsServerTargetPlatform
[2016.01.27-15.31.36:904][  0]LogTemp:Display: Loaded TP WindowsTargetPlatform
[2016.01.27-15.31.36:907][  0]LogTemp:Display: Loaded TP AndroidTargetPlatform
[2016.01.27-15.31.36:910][  0]LogTemp:Display: Loaded TP Android_ASTCTargetPlatform
[2016.01.27-15.31.36:913][  0]LogTemp:Display: Loaded TP Android_ATCTargetPlatform
[2016.01.27-15.31.36:916][  0]LogTemp:Display: Loaded TP Android_DXTTargetPlatform
[2016.01.27-15.31.36:919][  0]LogTemp:Display: Loaded TP Android_ETC1TargetPlatform
[2016.01.27-15.31.36:923][  0]LogTemp:Display: Loaded TP Android_ETC2TargetPlatform
[2016.01.27-15.31.36:926][  0]LogTemp:Display: Loaded TP Android_PVRTCTargetPlatform
[2016.01.27-15.31.36:926][  0]LogTemp:Display: Loaded TP HTML5TargetPlatform
[2016.01.27-15.31.36:942][  0]LogTemp:Display: Loaded TP IOSTargetPlatform
[2016.01.27-15.31.36:945][  0]LogTemp:Display: Loaded TP LinuxNoEditorTargetPlatform
[2016.01.27-15.31.36:948][  0]LogTemp:Display: Loaded TP LinuxServerTargetPlatform
[2016.01.27-15.31.36:951][  0]LogTemp:Display: Loaded TP LinuxTargetPlatform
[2016.01.27-15.31.36:951][  0]LogTargetPlatformManager:Display: Building Assets For Windows
[2016.01.27-15.31.37:023][  0]LogDerivedDataCache:Display: Max Cache Size: 512 MB
[2016.01.27-15.31.37:065][  0]LogDerivedDataCache: Loaded boot cache 0.04s 42MB C:/Users/frederic/AppData/Local/UnrealEngine/4.9/DerivedDataCache/Boot.ddc.
[2016.01.27-15.31.37:065][  0]LogDerivedDataCache:Display: Loaded Boot cache: C:/Users/frederic/AppData/Local/UnrealEngine/4.9/DerivedDataCache/Boot.ddc
[2016.01.27-15.31.37:065][  0]LogDerivedDataCache: FDerivedDataBackendGraph:  Pak pak cache file ../../../../../../Users/frederic/Documents/Unreal Projects/LostAge/DerivedDataCache/DDC.ddp not found, will not use a pak cache.
[2016.01.27-15.31.37:065][  0]LogDerivedDataCache: Unable to find inner node Pak for hierarchical cache Hierarchy.
[2016.01.27-15.31.37:065][  0]LogDerivedDataCache: FDerivedDataBackendGraph:  CompressedPak pak cache file ../../../../../../Users/frederic/Documents/Unreal Projects/LostAge/DerivedDataCache/Compressed.ddp not found, will not use a pak cache.
[2016.01.27-15.31.37:065][  0]LogDerivedDataCache: Unable to find inner node CompressedPak for hierarchical cache Hierarchy.
[2016.01.27-15.31.37:203][  0]LogDerivedDataCache:Display: Pak cache opened for reading ../../../Engine/DerivedDataCache/Compressed.ddp.
[2016.01.27-15.31.37:214][  0]LogDerivedDataCache: Using Local data cache path C:/Users/frederic/AppData/Local/UnrealEngine/Common/DerivedDataCache: Writable
[2016.01.27-15.31.37:386][  0]LogInit: Selected Device Profile: [Windows]
[2016.01.27-15.31.37:386][  0]LogContentStreaming: Texture pool size is 1000.000000MB
[2016.01.27-15.31.37:399][  0]LogMeshUtilities: No automatic mesh reduction module available
[2016.01.27-15.31.37:399][  0]LogMeshUtilities: No automatic mesh merging module available
[2016.01.27-15.31.37:848][  0]LogWindowsMoviePlayer: Unable to load movie: ../../../../../../Users/frederic/Documents/Unreal Projects/LostAge/Content/Movies/Default_Startup.mp4
[2016.01.27-15.31.38:083][  0]SourceControl: Info Source control is disabled
[2016.01.27-15.31.38:083][  0]SourceControl: Info Source control is disabled
[2016.01.27-15.31.38:092][  0]SourceControl: Info Source control is disabled
[2016.01.27-15.31.38:163][  0]LogLinker:Warning: Asset '../../../Engine/Plugins/Runtime/LeapMotionController/Content/LM_PassthroughMaterial.uasset' has been saved with empty engine version. The asset will be loaded but may be incompatible.
[2016.01.27-15.31.38:232][  0]LogObj: 31097 objects as part of root set at end of initial load.
[2016.01.27-15.31.38:232][  0]LogUObjectAllocator: 6985248 out of 0 bytes used by permanent object pool.
[2016.01.27-15.31.38:285][  0]LogEngine: Initializing Engine...
[2016.01.27-15.31.38:287][  0]LogHMD: Can't find Oculus library dev build: is proper Runtime installed? Version: 0.7.0.0
[2016.01.27-15.31.38:288][  0]LogHMD: SteamVR failed to initialize.  Err: 110
[2016.01.27-15.31.38:392][  0]LogInit: XAudio2 using 'Haut-parleurs (USB PnP Sound Device)' : 2 channels at 44.1 kHz using 16 bits per sample (channel mask 0x3)
[2016.01.27-15.31.38:408][  0]LogInit: FAudioDevice initialized.
[2016.01.27-15.31.38:428][  0]LogDerivedDataCache: Saved boot cache 0.02s 42MB C:/Users/frederic/AppData/Local/UnrealEngine/4.9/DerivedDataCache/Boot.ddc.
[2016.01.27-15.31.38:434][  0]LogInit: Texture streaming: Enabled
[2016.01.27-15.31.38:531][  0]LogNet: Browse: /Game/FirstPersonCPP/Maps/MainMenu?Name=Player
[2016.01.27-15.31.38:532][  0]LogLoad: LoadMap: /Game/FirstPersonCPP/Maps/MainMenu?Name=Player
[2016.01.27-15.31.38:543][  0]LogParticles: Destroying 0 GPU particle simulations for FXSystem 0x000000001240ACA0
[2016.01.27-15.31.38:552][  0]LogMemory: Platform Memory Stats for Windows
[2016.01.27-15.31.38:552][  0]LogMemory: Process Physical Memory: 387.90 MB used, 389.09 MB peak
[2016.01.27-15.31.38:552][  0]LogMemory: Process Virtual Memory: 467.86 MB used, 467.86 MB peak
[2016.01.27-15.31.38:552][  0]LogMemory: Physical Memory: 6504.09 MB used, 16288.39 MB total
[2016.01.27-15.31.38:552][  0]LogMemory: Virtual Memory: 987.63 MB used, 8388608.00 MB total
[2016.01.27-15.31.38:552][  0]LogMemory: 
[2016.01.27-15.31.38:552][  0]Allocator Stats for TBB: (not implemented)
[2016.01.27-15.31.38:562][  0]LogAIModule: Creating AISystem for world MainMenu
[2016.01.27-15.31.38:588][  0]LogWorld: Game class is 'GameModeBP_C'
[2016.01.27-15.31.38:589][  0]LogWorld: Bringing World /Game/FirstPersonCPP/Maps/MainMenu.MainMenu up for play (max tick rate 0) at 2016.01.27-10.31.38
[2016.01.27-15.31.38:589][  0]LogWorld: Bringing up level for play took: 0.000444
[2016.01.27-15.31.38:590][  0]LogGameMode: Warning - PATHS NOT DEFINED or NO PLAYERSTART with positive rating
[2016.01.27-15.31.38:590][  0]LogOnline:Warning: NULL: Can't start an online game for session (Game) that hasn't been created
[2016.01.27-15.31.38:677][  0]LogInit:Display: Game Engine Initialized.
[2016.01.27-15.31.38:897][  0]LogLoad: Full Startup: 4.73 seconds (BP compile: 0.10 seconds)
[2016.01.27-15.31.39:027][  2]LogRenderer: Reallocating scene render targets to support 1600x900 (Frame:2).
[2016.01.27-15.31.48:872][610]LogInit: WinSock: I am frederic-PC (192.168.1.103:0)
[2016.01.27-15.31.48:940][610]LogPackageName: SearchForPackageOnDisk took   0.067s to resolve FirstPersonExampleMap.umap.
[2016.01.27-15.31.48:986][610]LogPackageName: SearchForPackageOnDisk took   0.046s to resolve FirstPersonExampleMap.umap.
[2016.01.27-15.31.48:986][610]LogNet: Browse: /Game/FirstPersonCPP/Maps/FirstPersonExampleMap?listen
[2016.01.27-15.31.48:986][610]LogLoad: LoadMap: /Game/FirstPersonCPP/Maps/FirstPersonExampleMap?listen
[2016.01.27-15.31.48:999][610]LogParticles: Destroying 0 GPU particle simulations for FXSystem 0x000000001240B600
[2016.01.27-15.31.49:009][610]LogMemory: Platform Memory Stats for Windows
[2016.01.27-15.31.49:009][610]LogMemory: Process Physical Memory: 423.30 MB used, 429.59 MB peak
[2016.01.27-15.31.49:009][610]LogMemory: Process Virtual Memory: 729.28 MB used, 733.16 MB peak
[2016.01.27-15.31.49:009][610]LogMemory: Physical Memory: 6526.63 MB used, 16288.39 MB total
[2016.01.27-15.31.49:009][610]LogMemory: Virtual Memory: 1291.64 MB used, 8388608.00 MB total
[2016.01.27-15.31.49:009][610]LogMemory: 
[2016.01.27-15.31.49:009][610]Allocator Stats for TBB: (not implemented)
[2016.01.27-15.31.49:151][610]LogAIModule: Creating AISystem for world FirstPersonExampleMap
[2016.01.27-15.31.49:179][610]LogWorld: Game class is 'GameModeBP_C'
[2016.01.27-15.31.49:179][610]LogInit: WinSock: Socket queue 131072 / 131072
[2016.01.27-15.31.49:180][610]LogNet: GameNetDriver IpNetDriver_0 IpNetDriver listening on port 7777
[2016.01.27-15.31.49:182][610]LogWorld: Bringing World /Game/FirstPersonCPP/Maps/FirstPersonExampleMap.FirstPersonExampleMap up for play (max tick rate 0) at 2016.01.27-10.31.49
[2016.01.27-15.31.49:182][610]LogWorld: Bringing up level for play took: 0.001840
[2016.01.27-15.31.49:183][610]LogOnline:Warning: NULL: Can't start an online session (Game) in state InProgress
[2016.01.27-15.31.54:571][939]LogPackageName: SearchForPackageOnDisk took   0.060s to resolve MainMenu.umap.
[2016.01.27-15.31.54:617][940]LogPackageName: SearchForPackageOnDisk took   0.044s to resolve MainMenu.umap.
[2016.01.27-15.31.54:617][940]LogNet: Browse: /Game/FirstPersonCPP/Maps/MainMenu
[2016.01.27-15.31.54:617][940]LogLoad: LoadMap: /Game/FirstPersonCPP/Maps/MainMenu
[2016.01.27-15.31.54:617][940]LogNet: World NetDriver shutdown IpNetDriver_0 [GameNetDriver]
[2016.01.27-15.31.54:617][940]LogNet: DestroyNamedNetDriver IpNetDriver_0 [GameNetDriver]
[2016.01.27-15.31.54:617][940]LogExit: GameNetDriver IpNetDriver_0 shut down
[2016.01.27-15.31.54:634][940]LogParticles: Destroying 0 GPU particle simulations for FXSystem 0x000000000FA1C540
[2016.01.27-15.31.54:641][940]LogMemory: Platform Memory Stats for Windows
[2016.01.27-15.31.54:641][940]LogMemory: Process Physical Memory: 476.74 MB used, 497.01 MB peak
[2016.01.27-15.31.54:641][940]LogMemory: Process Virtual Memory: 961.17 MB used, 973.10 MB peak
[2016.01.27-15.31.54:641][940]LogMemory: Physical Memory: 6579.28 MB used, 16288.39 MB total
[2016.01.27-15.31.54:641][940]LogMemory: Virtual Memory: 1548.89 MB used, 8388608.00 MB total
[2016.01.27-15.31.54:641][940]LogMemory: 
[2016.01.27-15.31.54:641][940]Allocator Stats for TBB: (not implemented)
[2016.01.27-15.31.54:643][940]LogAIModule: Creating AISystem for world MainMenu
[2016.01.27-15.31.54:669][940]LogWorld: Game class is 'GameModeBP_C'
[2016.01.27-15.31.54:670][940]LogWorld: Bringing World /Game/FirstPersonCPP/Maps/MainMenu.MainMenu up for play (max tick rate 0) at 2016.01.27-10.31.54
[2016.01.27-15.31.54:670][940]LogWorld: Bringing up level for play took: 0.000379
[2016.01.27-15.31.54:670][940]LogGameMode: Warning - PATHS NOT DEFINED or NO PLAYERSTART with positive rating
[2016.01.27-15.31.54:670][940]LogOnline:Warning: NULL: Can't start an online game for session (Game) that hasn't been created
[2016.01.27-15.31.55:902][ 12]LogOnline:Warning: NULL: Can't destroy a null online session (Game)
[2016.01.27-15.31.57:321][100]Closing by request
[2016.01.27-15.31.57:321][100]LogWindows: FPlatformMisc::RequestExit(0)
[2016.01.27-15.31.58:453][101]LogExit: Preparing to exit.
[2016.01.27-15.31.58:558][101]LogExit: Game engine shut down
[2016.01.27-15.31.58:664][101]LogParticles: Destroying 0 GPU particle simulations for FXSystem 0x000000000F18EDE0
[2016.01.27-15.31.58:664][101]LogExit: Object subsystem successfully closed.
[2016.01.27-15.31.58:674][101]LogD3D11RHI: Shutdown
[2016.01.27-15.31.58:674][101]LogD3D11RHI: CleanupD3DDevice
[2016.01.27-15.31.58:702][101]LogD3D11RHI: ~FD3D11DynamicRHI
[2016.01.27-15.31.58:712][101]LogModuleManager: Shutting down and abandoning module AndroidDeviceDetection (118)
[2016.01.27-15.31.58:906][101]LogModuleManager: Shutting down and abandoning module AutomationController (117)
[2016.01.27-15.31.58:906][101]LogModuleManager: Shutting down and abandoning module AutomationWorker (116)
[2016.01.27-15.31.58:906][101]LogModuleManager: Shutting down and abandoning module CharacterAI (115)
[2016.01.27-15.31.58:906][101]LogModuleManager: Shutting down and abandoning module AITestSuite (114)
[2016.01.27-15.31.58:906][101]LogModuleManager: Shutting down and abandoning module GameplayDebugger (113)
[2016.01.27-15.31.58:906][101]LogModuleManager: Shutting down and abandoning module AIModule (112)
[2016.01.27-15.31.58:906][101]LogModuleManager: Shutting down and abandoning module GameLiveStreaming (111)
[2016.01.27-15.31.58:906][101]LogModuleManager: Shutting down and abandoning module StreamingPauseRendering (110)
[2016.01.27-15.31.58:906][101]LogModuleManager: Shutting down and abandoning module ProfilerService (109)
[2016.01.27-15.31.58:990][101]LogModuleManager: Shutting down and abandoning module TaskGraph (108)
[2016.01.27-15.31.58:990][101]LogModuleManager: Shutting down and abandoning module SlateRemote (107)
[2016.01.27-15.31.58:990][101]LogModuleManager: Shutting down and abandoning module SteamVRController (106)
[2016.01.27-15.31.58:990][101]LogModuleManager: Shutting down and abandoning module SteamVR (105)
[2016.01.27-15.31.58:990][101]LogModuleManager: Shutting down and abandoning module ProceduralMeshComponent (104)
[2016.01.27-15.31.58:990][101]LogModuleManager: Shutting down and abandoning module OculusRift (103)
[2016.01.27-15.31.58:990][101]LogModuleManager: Shutting down and abandoning module OculusLibrary (102)
[2016.01.27-15.31.58:990][101]LogModuleManager: Shutting down and abandoning module LeapMotionController (101)
[2016.01.27-15.31.59:005][101]LogModuleManager: Shutting down and abandoning module CustomMeshComponent (100)
[2016.01.27-15.31.59:005][101]LogModuleManager: Shutting down and abandoning module CableComponent (99)
[2016.01.27-15.31.59:005][101]LogModuleManager: Shutting down and abandoning module ArchVisCharacter (98)
[2016.01.27-15.31.59:005][101]LogModuleManager: Shutting down and abandoning module HTML5Networking (97)
[2016.01.27-15.31.59:005][101]LogModuleManager: Shutting down and abandoning module DesktopPlatform (96)
[2016.01.27-15.31.59:005][101]LogModuleManager: Shutting down and abandoning module DirectoryWatcher (95)
[2016.01.27-15.31.59:005][101]LogModuleManager: Shutting down and abandoning module HotReload (94)
[2016.01.27-15.31.59:005][101]LogModuleManager: Shutting down and abandoning module VisualStudioSourceCodeAccess (93)
[2016.01.27-15.31.59:005][101]LogModuleManager: Shutting down and abandoning module UObjectPlugin (92)
[2016.01.27-15.31.59:005][101]LogModuleManager: Shutting down and abandoning module SubversionSourceControl (91)
[2016.01.27-15.31.59:005][101]LogModuleManager: Shutting down and abandoning module SourceControl (90)
[2016.01.27-15.31.59:005][101]LogModuleManager: Shutting down and abandoning module PerforceSourceControl (89)
[2016.01.27-15.31.59:005][101]LogModuleManager: Shutting down and abandoning module LostAge (88)
[2016.01.27-15.31.59:005][101]LogModuleManager: Shutting down and abandoning module UdpMessaging (87)
[2016.01.27-15.31.59:005][101]LogModuleManager: Shutting down and abandoning module LightPropagationVolumeRuntime (86)
[2016.01.27-15.31.59:005][101]LogModuleManager: Shutting down and abandoning module Paper2D (85)
[2016.01.27-15.31.59:005][101]LogModuleManager: Shutting down and abandoning module WindowsMoviePlayer (84)
[2016.01.27-15.31.59:010][101]LogModuleManager: Shutting down and abandoning module Media (83)
[2016.01.27-15.31.59:010][101]LogModuleManager: Shutting down and abandoning module WmfMedia (82)
[2016.01.27-15.31.59:010][101]LogModuleManager: Shutting down and abandoning module OnlineBlueprintSupport (81)
[2016.01.27-15.31.59:010][101]LogModuleManager: Shutting down and abandoning module GameplayTasksEditor (80)
[2016.01.27-15.31.59:010][101]LogModuleManager: Shutting down and abandoning module PropertyEditor (79)
[2016.01.27-15.31.59:010][101]LogModuleManager: Shutting down and abandoning module BehaviorTreeEditor (78)
[2016.01.27-15.31.59:010][101]LogModuleManager: Shutting down and abandoning module FunctionalTesting (77)
[2016.01.27-15.31.59:010][101]LogModuleManager: Shutting down and abandoning module CollisionAnalyzer (76)
[2016.01.27-15.31.59:011][101]LogModuleManager: Shutting down and abandoning module WorkspaceMenuStructure (75)
[2016.01.27-15.31.59:011][101]LogModuleManager: Shutting down and abandoning module MessageLog (74)
[2016.01.27-15.31.59:011][101]LogModuleManager: Shutting down and abandoning module Sequencer (73)
[2016.01.27-15.31.59:011][101]LogModuleManager: Shutting down and abandoning module AssetTools (72)
[2016.01.27-15.31.59:011][101]LogModuleManager: Shutting down and abandoning module UMGEditor (71)
[2016.01.27-15.31.59:011][101]LogModuleManager: Shutting down and abandoning module UMG (70)
[2016.01.27-15.31.59:011][101]LogModuleManager: Shutting down and abandoning module Slate (69)
[2016.01.27-15.31.59:011][101]LogModuleManager: Shutting down and abandoning module EditorStyle (68)
[2016.01.27-15.31.59:014][101]LogModuleManager: Shutting down and abandoning module SessionServices (67)
[2016.01.27-15.31.59:014][101]LogModuleManager: Shutting down and abandoning module SourceCodeAccess (66)
[2016.01.27-15.31.59:014][101]LogModuleManager: Shutting down and abandoning module HeadMountedDisplay (65)
[2016.01.27-15.31.59:014][101]LogModuleManager: Shutting down and abandoning module XAudio2 (64)
[2016.01.27-15.31.59:014][101]LogModuleManager: Shutting down and abandoning module Networking (63)
[2016.01.27-15.31.59:014][101]LogModuleManager: Shutting down and abandoning module Core (62)
[2016.01.27-15.31.59:014][101]LogModuleManager: Shutting down and abandoning module KismetCompiler (61)
[2016.01.27-15.31.59:014][101]LogModuleManager: Shutting down and abandoning module PhysXFormats (60)
[2016.01.27-15.31.59:014][101]LogModuleManager: Shutting down and abandoning module MeshUtilities (59)
[2016.01.27-15.31.59:014][101]LogModuleManager: Shutting down and abandoning module CookingStats (58)
[2016.01.27-15.31.59:015][101]LogModuleManager: Shutting down and abandoning module DerivedDataCache (57)
[2016.01.27-15.31.59:205][101]LogDerivedDataCache: Shutdown
[2016.01.27-15.31.59:205][101]LogModuleManager: Shutting down and abandoning module ShaderFormatOpenGL (56)
[2016.01.27-15.31.59:205][101]LogModuleManager: Shutting down and abandoning module ShaderFormatD3D (55)
[2016.01.27-15.31.59:205][101]LogModuleManager: Shutting down and abandoning module MetalShaderFormat (54)
[2016.01.27-15.31.59:205][101]LogModuleManager: Shutting down and abandoning module TextureFormatUncompressed (53)
[2016.01.27-15.31.59:205][101]LogModuleManager: Shutting down and abandoning module TextureFormatPVR (52)
[2016.01.27-15.31.59:205][101]LogModuleManager: Shutting down and abandoning module TextureFormatIntelISPCTexComp (51)
[2016.01.27-15.31.59:205][101]LogModuleManager: Shutting down and abandoning module TextureFormatDXT (50)
[2016.01.27-15.31.59:205][101]LogModuleManager: Shutting down and abandoning module ImageWrapper (49)
[2016.01.27-15.31.59:205][101]LogModuleManager: Shutting down and abandoning module TextureFormatASTC (48)
[2016.01.27-15.31.59:205][101]LogModuleManager: Shutting down and abandoning module TextureFormatAndroid (47)
[2016.01.27-15.31.59:205][101]LogModuleManager: Shutting down and abandoning module AudioFormatOpus (46)
[2016.01.27-15.31.59:205][101]LogModuleManager: Shutting down and abandoning module AudioFormatOgg (45)
[2016.01.27-15.31.59:205][101]LogModuleManager: Shutting down and abandoning module AudioFormatADPCM (44)
[2016.01.27-15.31.59:205][101]LogModuleManager: Shutting down and abandoning module LinuxTargetPlatform (43)
[2016.01.27-15.31.59:205][101]LogModuleManager: Shutting down and abandoning module LinuxServerTargetPlatform (42)
[2016.01.27-15.31.59:205][101]LogModuleManager: Shutting down and abandoning module LinuxNoEditorTargetPlatform (41)
[2016.01.27-15.31.59:205][101]LogModuleManager: Shutting down and abandoning module Messaging (40)
[2016.01.27-15.31.59:205][101]LogModuleManager: Shutting down and abandoning module IOSTargetPlatform (39)
[2016.01.27-15.31.59:205][101]LogModuleManager: Shutting down and abandoning module HTML5TargetPlatform (38)
[2016.01.27-15.31.59:205][101]LogModuleManager: Shutting down and abandoning module Android_PVRTCTargetPlatform (37)
[2016.01.27-15.31.59:205][101]LogModuleManager: Shutting down and abandoning module Android_ETC2TargetPlatform (36)
[2016.01.27-15.31.59:206][101]LogModuleManager: Shutting down and abandoning module Android_ETC1TargetPlatform (35)
[2016.01.27-15.31.59:206][101]LogModuleManager: Shutting down and abandoning module Android_DXTTargetPlatform (34)
[2016.01.27-15.31.59:206][101]LogModuleManager: Shutting down and abandoning module Android_ATCTargetPlatform (33)
[2016.01.27-15.31.59:206][101]LogModuleManager: Shutting down and abandoning module Android_ASTCTargetPlatform (32)
[2016.01.27-15.31.59:206][101]LogModuleManager: Shutting down and abandoning module AndroidTargetPlatform (31)
[2016.01.27-15.31.59:206][101]LogModuleManager: Shutting down and abandoning module WindowsTargetPlatform (30)
[2016.01.27-15.31.59:206][101]LogModuleManager: Shutting down and abandoning module WindowsServerTargetPlatform (29)
[2016.01.27-15.31.59:206][101]LogModuleManager: Shutting down and abandoning module WindowsNoEditorTargetPlatform (28)
[2016.01.27-15.31.59:206][101]LogModuleManager: Shutting down and abandoning module WindowsClientTargetPlatform (27)
[2016.01.27-15.31.59:206][101]LogModuleManager: Shutting down and abandoning module AllDesktopTargetPlatform (26)
[2016.01.27-15.31.59:206][101]LogModuleManager: Shutting down and abandoning module TargetPlatform (25)
[2016.01.27-15.31.59:206][101]LogModuleManager: Shutting down and abandoning module InputCore (24)
[2016.01.27-15.31.59:206][101]LogModuleManager: Shutting down and abandoning module Settings (23)
[2016.01.27-15.31.59:206][101]LogModuleManager: Shutting down and abandoning module Voice (21)
[2016.01.27-15.31.59:206][101]LogModuleManager: Shutting down and abandoning module OnlineSubsystem (18)
[2016.01.27-15.31.59:206][101]LogOnline:Display: NULL: FOnlineSubsystemNull::Shutdown()
[2016.01.27-15.31.59:206][101]LogOnline:Display: Unloading online subsystem: Null
[2016.01.27-15.31.59:206][101]LogModuleManager: Shutting down and abandoning module HTTP (17)
[2016.01.27-15.31.59:206][101]LogModuleManager: Shutting down and abandoning module XMPP (16)
[2016.01.27-15.31.59:206][101]LogModuleManager: Shutting down and abandoning module ExampleDeviceProfileSelector (15)
[2016.01.27-15.31.59:206][101]LogModuleManager: Shutting down and abandoning module TextureCompressor (14)
[2016.01.27-15.31.59:206][101]LogModuleManager: Shutting down and abandoning module ShaderCore (13)
[2016.01.27-15.31.59:206][101]LogModuleManager: Shutting down and abandoning module Landscape (12)
[2016.01.27-15.31.59:206][101]LogModuleManager: Shutting down and abandoning module SlateRHIRenderer (11)
[2016.01.27-15.31.59:207][101]LogModuleManager: Shutting down and abandoning module OpenGLDrv (10)
[2016.01.27-15.31.59:207][101]LogModuleManager: Shutting down and abandoning module D3D11RHI (9)
[2016.01.27-15.31.59:207][101]LogModuleManager: Shutting down and abandoning module AnimGraphRuntime (8)
[2016.01.27-15.31.59:207][101]LogModuleManager: Shutting down and abandoning module Renderer (7)
[2016.01.27-15.31.59:207][101]LogModuleManager: Shutting down and abandoning module Engine (6)
[2016.01.27-15.31.59:207][101]LogModuleManager: Shutting down and abandoning module CoreUObject (5)
[2016.01.27-15.31.59:207][101]LogModuleManager: Shutting down and abandoning module NetworkFile (4)
[2016.01.27-15.31.59:207][101]LogModuleManager: Shutting down and abandoning module StreamingFile (3)
[2016.01.27-15.31.59:207][101]LogModuleManager: Shutting down and abandoning module SandboxFile (2)
[2016.01.27-15.31.59:207][101]LogModuleManager: Shutting down and abandoning module PakFile (1)
[2016.01.27-15.31.59:207][101]LogExit: Exiting.
[2016.01.27-15.31.59:212][101]Log file closed, 01/27/16 10:31:59
