[2016.01.26-23.03.18:008][  0]Log file open, 01/26/16 18:03:18
[2016.01.26-23.03.18:008][  0]LogInit:Display: Running engine for game: LostAge
[2016.01.26-23.03.18:008][  0]LogInit:Display: RandInit(810436693) SRandInit(810436694).
[2016.01.26-23.03.18:008][  0]LogTaskGraph: Started task graph with 4 named threads and 7 total threads.
[2016.01.26-23.03.18:009][  0]LogStats: Stats thread started at 0.146816
[2016.01.26-23.03.18:009][  0]LogInit: Version: 4.9.2-2707645+++depot+UE4-Releases+4.9
[2016.01.26-23.03.18:009][  0]LogInit: API Version: 2672455
[2016.01.26-23.03.18:010][  0]LogInit: Compiled (64-bit): Sep 28 2015 10:25:44
[2016.01.26-23.03.18:010][  0]LogInit: Compiled with Visual C++: 18.00.21005.01
[2016.01.26-23.03.18:010][  0]LogInit: Build Configuration: DebugGame
[2016.01.26-23.03.18:010][  0]LogInit: Branch Name: ++depot+UE4-Releases+4.9
[2016.01.26-23.03.18:011][  0]LogInit: Command line:  -debug
[2016.01.26-23.03.18:011][  0]LogInit: Base directory: C:/Program Files/Epic Games/4.9/Engine/Binaries/Win64/
[2016.01.26-23.03.18:011][  0]LogInit: Rocket: 1
[2016.01.26-23.03.18:046][  0]LogInit: Using libcurl 7.41.0
[2016.01.26-23.03.18:046][  0]LogInit:  - built for x86_64-pc-win32
[2016.01.26-23.03.18:046][  0]LogInit:  - supports SSL with WinSSL
[2016.01.26-23.03.18:046][  0]LogInit:  - other features:
[2016.01.26-23.03.18:047][  0]LogInit:      CURL_VERSION_SSL
[2016.01.26-23.03.18:047][  0]LogInit:      CURL_VERSION_IPV6
[2016.01.26-23.03.18:047][  0]LogInit:      CURL_VERSION_ASYNCHDNS
[2016.01.26-23.03.18:047][  0]LogInit:      CURL_VERSION_LARGEFILE
[2016.01.26-23.03.18:048][  0]LogInit:      CURL_VERSION_IDN
[2016.01.26-23.03.18:048][  0]LogInit:  CurlRequestOptions (configurable via config and command line):
[2016.01.26-23.03.18:048][  0]LogInit:  - bVerifyPeer = true  - Libcurl will verify peer certificate
[2016.01.26-23.03.18:048][  0]LogInit:  - bUseHttpProxy = false  - Libcurl will NOT use HTTP proxy
[2016.01.26-23.03.18:048][  0]LogInit:  - bDontReuseConnections = false  - Libcurl will reuse connections
[2016.01.26-23.03.18:049][  0]LogInit:  - CertBundlePath = nullptr  - Libcurl will use whatever was configured at build time.
[2016.01.26-23.03.18:103][  0]LogInit: WinSock: version 1.1 (2.2), MaxSocks=32767, MaxUdp=65467
[2016.01.26-23.03.18:115][  0]LogVoice:Warning: Failed to initialize voice interface
[2016.01.26-23.03.18:120][  0]LogInit: Presizing for 0 objects not considered by GC, pre-allocating 0 bytes.
[2016.01.26-23.03.18:128][  0]LogInit: Object subsystem initialized
[2016.01.26-23.03.18:130][  0]LogInit: Selected Device Profile: [Windows]
[2016.01.26-23.03.18:130][  0]LogInit: Applying CVar settings loaded from the selected device profile: [Windows]
[2016.01.26-23.03.18:138][  0]LogInit: Computer: FREDERIC-PC
[2016.01.26-23.03.18:138][  0]LogInit: User: frederic
[2016.01.26-23.03.18:138][  0]LogInit: CPU Page size=4096, Cores=4
[2016.01.26-23.03.18:139][  0]LogInit: High frequency timer resolution =3.331240 MHz
[2016.01.26-23.03.18:139][  0]LogMemory: Memory total: Physical=15.9GB (16GB approx)
[2016.01.26-23.03.18:139][  0]LogMemory: Platform Memory Stats for Windows
[2016.01.26-23.03.18:140][  0]LogMemory: Process Physical Memory: 55.07 MB used, 55.07 MB peak
[2016.01.26-23.03.18:140][  0]LogMemory: Process Virtual Memory: 55.75 MB used, 55.75 MB peak
[2016.01.26-23.03.18:140][  0]LogMemory: Physical Memory: 7357.60 MB used, 16288.39 MB total
[2016.01.26-23.03.18:140][  0]LogMemory: Virtual Memory: 337.63 MB used, 8388608.00 MB total
[2016.01.26-23.03.18:210][  0]LogTextLocalizationManager: No translations for ('fr-CA') exist, falling back to 'en' for localization and internationalization data.
[2016.01.26-23.03.18:847][  0]LogD3D11RHI: Found D3D11 adapter 0: NVIDIA GeForce GTX 970 (Feature Level 11_0)
[2016.01.26-23.03.18:847][  0]LogD3D11RHI: Adapter has 4008MB of dedicated video memory, 0MB of dedicated system memory, and 7888MB of shared system memory, 1 output[s]
[2016.01.26-23.03.18:854][  0]LogD3D11RHI: Found D3D11 adapter 1: Intel(R) HD Graphics 3000 (Feature Level 10_0)
[2016.01.26-23.03.18:855][  0]LogD3D11RHI: Adapter has 64MB of dedicated video memory, 0MB of dedicated system memory, and 1632MB of shared system memory, 0 output[s]
[2016.01.26-23.03.18:855][  0]LogD3D11RHI: Chosen D3D11 Adapter Id = 0
[2016.01.26-23.03.18:859][  0]LogD3D11RHI: !Direct3DDevice
[2016.01.26-23.03.18:860][  0]LogRHI: Texture pool is 1361 MB (70% of 1945 MB)
[2016.01.26-23.03.18:917][  0]LogD3D11RHI: Async texture creation enabled
[2016.01.26-23.03.18:933][  0]LogShaderCompilers: Guid format shader working directory is 15 characters bigger than the processId version (../../../../../../Users/frederic/Documents/Unreal Projects/LostAge/Intermediate/Shaders/WorkingDirectory/7312/).
[2016.01.26-23.03.18:933][  0]LogShaderCompilers: Cleaned the shader compiler working directory '../../../../../../Users/frederic/Documents/Unreal Projects/LostAge/Intermediate/Shaders/tmp/0D7006D34C5A0A89A3C11AB1A21649B7/'.
[2016.01.26-23.03.18:933][  0]LogShaderCompilers:Display: Using Local Shader Compiler.
[2016.01.26-23.03.20:066][  0]LogTemp:Display: Loaded TP AllDesktopTargetPlatform
[2016.01.26-23.03.20:082][  0]LogTemp:Display: Loaded TP WindowsClientTargetPlatform
[2016.01.26-23.03.20:097][  0]LogTemp:Display: Loaded TP WindowsNoEditorTargetPlatform
[2016.01.26-23.03.20:112][  0]LogTemp:Display: Loaded TP WindowsServerTargetPlatform
[2016.01.26-23.03.20:128][  0]LogTemp:Display: Loaded TP WindowsTargetPlatform
[2016.01.26-23.03.20:135][  0]LogTemp:Display: Loaded TP AndroidTargetPlatform
[2016.01.26-23.03.20:142][  0]LogTemp:Display: Loaded TP Android_ASTCTargetPlatform
[2016.01.26-23.03.20:148][  0]LogTemp:Display: Loaded TP Android_ATCTargetPlatform
[2016.01.26-23.03.20:155][  0]LogTemp:Display: Loaded TP Android_DXTTargetPlatform
[2016.01.26-23.03.20:163][  0]LogTemp:Display: Loaded TP Android_ETC1TargetPlatform
[2016.01.26-23.03.20:170][  0]LogTemp:Display: Loaded TP Android_ETC2TargetPlatform
[2016.01.26-23.03.20:178][  0]LogTemp:Display: Loaded TP Android_PVRTCTargetPlatform
[2016.01.26-23.03.20:181][  0]LogTemp:Display: Loaded TP HTML5TargetPlatform
[2016.01.26-23.03.20:212][  0]LogTemp:Display: Loaded TP IOSTargetPlatform
[2016.01.26-23.03.20:218][  0]LogTemp:Display: Loaded TP LinuxNoEditorTargetPlatform
[2016.01.26-23.03.20:225][  0]LogTemp:Display: Loaded TP LinuxServerTargetPlatform
[2016.01.26-23.03.20:231][  0]LogTemp:Display: Loaded TP LinuxTargetPlatform
[2016.01.26-23.03.20:232][  0]LogTargetPlatformManager:Display: Building Assets For Windows
[2016.01.26-23.03.20:431][  0]LogDerivedDataCache:Display: Max Cache Size: 512 MB
[2016.01.26-23.03.20:474][  0]LogDerivedDataCache: Loaded boot cache 0.04s 42MB C:/Users/frederic/AppData/Local/UnrealEngine/4.9/DerivedDataCache/Boot.ddc.
[2016.01.26-23.03.20:474][  0]LogDerivedDataCache:Display: Loaded Boot cache: C:/Users/frederic/AppData/Local/UnrealEngine/4.9/DerivedDataCache/Boot.ddc
[2016.01.26-23.03.20:475][  0]LogDerivedDataCache: FDerivedDataBackendGraph:  Pak pak cache file ../../../../../../Users/frederic/Documents/Unreal Projects/LostAge/DerivedDataCache/DDC.ddp not found, will not use a pak cache.
[2016.01.26-23.03.20:475][  0]LogDerivedDataCache: Unable to find inner node Pak for hierarchical cache Hierarchy.
[2016.01.26-23.03.20:475][  0]LogDerivedDataCache: FDerivedDataBackendGraph:  CompressedPak pak cache file ../../../../../../Users/frederic/Documents/Unreal Projects/LostAge/DerivedDataCache/Compressed.ddp not found, will not use a pak cache.
[2016.01.26-23.03.20:476][  0]LogDerivedDataCache: Unable to find inner node CompressedPak for hierarchical cache Hierarchy.
[2016.01.26-23.03.20:622][  0]LogDerivedDataCache:Display: Pak cache opened for reading ../../../Engine/DerivedDataCache/Compressed.ddp.
[2016.01.26-23.03.20:634][  0]LogDerivedDataCache: Using Local data cache path C:/Users/frederic/AppData/Local/UnrealEngine/Common/DerivedDataCache: Writable
[2016.01.26-23.03.20:808][  0]LogInit: Selected Device Profile: [Windows]
[2016.01.26-23.03.20:809][  0]LogContentStreaming: Texture pool size is 0.000000MB
[2016.01.26-23.03.20:844][  0]LogMeshUtilities: No automatic mesh reduction module available
[2016.01.26-23.03.20:844][  0]LogMeshUtilities: No automatic mesh merging module available
[2016.01.26-23.03.22:152][  0]UdpMessaging: Initializing bridge on interface 0.0.0.0:0 to multicast group 230.0.0.1:6666.
[2016.01.26-23.03.22:505][  0]LogAssetRegistry: FAssetRegistry took 0.0102 seconds to start up
[2016.01.26-23.03.22:836][  0]SourceControl: Info Source control is disabled
[2016.01.26-23.03.22:838][  0]SourceControl: Info Source control is disabled
[2016.01.26-23.03.22:854][  0]SourceControl: Info Source control is disabled
[2016.01.26-23.03.22:875][  0]SourceControl: Info Source control is disabled
[2016.01.26-23.03.23:048][  0]LogLinker:Warning: Asset '../../../Engine/Plugins/Runtime/LeapMotionController/Content/LM_PassthroughMaterial.uasset' has been saved with empty engine version. The asset will be loaded but may be incompatible.
[2016.01.26-23.03.23:143][  0]LogObj: 31792 objects as part of root set at end of initial load.
[2016.01.26-23.03.23:144][  0]LogUObjectAllocator: 7252992 out of 0 bytes used by permanent object pool.
[2016.01.26-23.03.23:227][  0]LogEngine: Initializing Engine...
[2016.01.26-23.03.23:230][  0]LogHMD: Can't find Oculus library dev build: is proper Runtime installed? Version: 0.7.0.0
[2016.01.26-23.03.23:232][  0]LogHMD: SteamVR failed to initialize.  Err: 110
[2016.01.26-23.03.23:364][  0]LogAIModule: Creating AISystem for world NewWorld
[2016.01.26-23.03.23:379][  0]LogInit: XAudio2 using 'Haut-parleurs (USB PnP Sound Device)' : 2 channels at 44.1 kHz using 16 bits per sample (channel mask 0x3)
[2016.01.26-23.03.23:397][  0]LogInit: FAudioDevice initialized.
[2016.01.26-23.03.23:417][  0]LogDerivedDataCache: Saved boot cache 0.02s 42MB C:/Users/frederic/AppData/Local/UnrealEngine/4.9/DerivedDataCache/Boot.ddc.
[2016.01.26-23.03.23:423][  0]LogInit: Texture streaming: Enabled
[2016.01.26-23.03.23:439][  0]LogAnalytics: Creating configured Analytics provider AnalyticsET
[2016.01.26-23.03.23:439][  0]LogAnalytics: [UEEditor.Rocket.Release] APIServer = http://et2.epicgames.com/ET2/. AppVersion = 4.9.2-2707645+++depot+UE4-Releases+4.9
[2016.01.26-23.03.23:439][  0]LogAnalytics: [UEEditor.Rocket.Release] SetUserId c8da8d664a36a98701fe659c10ae4ff8|70626fa7f476448fb82ad9618fbbb1ab|00e7fb16-00c3-4af4-a2a1-2cc8013aae38
[2016.01.26-23.03.23:440][  0]LogAnalytics: [UEEditor.Rocket.Release] AnalyticsET::StartSession
[2016.01.26-23.03.23:456][  0]LogInit: Transaction tracking system initialized
[2016.01.26-23.03.23:558][  0]BlueprintLog: New page: Editor Load
[2016.01.26-23.03.23:909][  0]LocalizationService: Info Localization service is disabled
[2016.01.26-23.03.24:056][  0]LogLinker:Warning: Can't find file '/Game/ThirdPersonCPP/ThirdPersonOverview'
[2016.01.26-23.03.24:056][  0]LogLinker:Warning: Can't find file '/Game/ThirdPersonCPP/ThirdPersonOverview'
[2016.01.26-23.03.24:057][  0]LogUObjectGlobals:Warning: Failed to find object 'Class /Game/ThirdPersonCPP/ThirdPersonOverview.ThirdPersonOverview_C'
[2016.01.26-23.03.24:084][  0]LogConsoleResponse:Display: 
[2016.01.26-23.03.24:198][  0]LogCook:Display: Done creating registry. It took  0.00s.
[2016.01.26-23.03.24:356][  0]LogFileCache: Scanning file cache for directory 'C:/Users/frederic/Documents/Unreal Projects/LostAge/Content/' took 0.01s
[2016.01.26-23.03.24:376][  0]SourceControl: Info Source control is disabled
[2016.01.26-23.03.24:376][  0]Cmd: MAP LOAD FILE="../../../../../../Users/frederic/Documents/Unreal Projects/LostAge/Content/FirstPersonCPP/Maps/MainMenu.umap" TEMPLATE=0 SHOWPROGRESS=1 FEATURELEVEL=3
[2016.01.26-23.03.24:377][  0]LightingResults: New page: Lighting Build
[2016.01.26-23.03.24:384][  0]MapCheck: New page: Map Check
[2016.01.26-23.03.24:384][  0]LightingResults: New page: Lighting Build
[2016.01.26-23.03.24:396][  0]LogParticles: Destroying 0 GPU particle simulations for FXSystem 0x00000000231A6160
[2016.01.26-23.03.24:401][  0]LogAIModule: Creating AISystem for world MainMenu
[2016.01.26-23.03.24:402][  0]LogEditorServer: Finished looking for orphan Actors (0.000 secs)
[2016.01.26-23.03.24:403][  0]Cmd: MAP CHECKDEP NOCLEARLOG
[2016.01.26-23.03.24:449][  0]MapCheck: Info Map check complete: 0 Error(s), 0 Warning(s), took 44.683ms to complete.
[2016.01.26-23.03.24:449][  0]LogFileHelpers: Loading map 'MainMenu' took 0.073
[2016.01.26-23.03.24:549][  0]LogCollectionManager: Loaded 0 collections in 0.002411 seconds
[2016.01.26-23.03.24:593][  0]LogFileCache: Scanning file cache for directory 'C:/Users/frederic/Documents/Unreal Projects/LostAge/Saved/Collections/' took 0.01s
[2016.01.26-23.03.24:593][  0]LogFileCache: Scanning file cache for directory 'C:/Users/frederic/Documents/Unreal Projects/LostAge/Content/Developers/frederic/Collections/' took 0.01s
[2016.01.26-23.03.24:594][  0]LogFileCache: Scanning file cache for directory 'C:/Users/frederic/Documents/Unreal Projects/LostAge/Content/Collections/' took 0.01s
[2016.01.26-23.03.24:594][  0]LogContentBrowser: Native class hierarchy populated in 0.0083 seconds. Added 1875 classes and 335 folders.
[2016.01.26-23.03.24:602][  0]LogCollectionManager: Rebuilt the GUID cache for 0 collections in 0.000002 seconds
[2016.01.26-23.03.24:615][  0]LogContentBrowser: Native class hierarchy updated for 'WidgetCarousel' in 0.0029 seconds. Added 0 classes and 0 folders.
[2016.01.26-23.03.24:678][  0]LogContentBrowser: Native class hierarchy updated for 'AddContentDialog' in 0.0019 seconds. Added 0 classes and 0 folders.
[2016.01.26-23.03.24:698][  0]LogContentBrowser: Native class hierarchy updated for 'SceneOutliner' in 0.0020 seconds. Added 1 classes and 2 folders.
[2016.01.26-23.03.24:729][  0]LogCrashTracker: Crashtracker disabled due to settings.
[2016.01.26-23.03.24:733][  0]LogUObjectGlobals:Warning: Failed to find object 'Class None.'
[2016.01.26-23.03.24:756][  0]LogLoad: Full Startup: 7.70 seconds (BP compile: 0.03 seconds)
[2016.01.26-23.03.24:850][  0]LogContentStreaming: Texture pool size now 1000 MB
[2016.01.26-23.03.24:978][  2]LogRenderer: Reallocating scene render targets to support 960x500 (Frame:2).
[2016.01.26-23.03.25:122][  2]LogAssetRegistry: Asset discovery search completed in 2.6272 seconds
[2016.01.26-23.03.25:122][  2]LogCollectionManager: Rebuilt the object cache for 0 collections in 0.000001 seconds (found 0 objects)
[2016.01.26-23.03.25:123][  2]LogCollectionManager: Fixed up redirectors for 0 collections in 0.000345 seconds (updated 0 objects)
[2016.01.26-23.03.48:207][730]LogLinker:Warning: Asset '../../../Engine/Content/ArtTools/RenderToTexture/Macros/RenderToTextureMacros.uasset' has been saved with empty engine version. The asset will be loaded but may be incompatible.
[2016.01.26-23.03.48:709][730]LogContentBrowser: Native class hierarchy updated for 'BlueprintGraph' in 0.0026 seconds. Added 107 classes and 0 folders.
[2016.01.26-23.05.30:856][ 99]BlueprintLog: New page: Compile MainMenu
[2016.01.26-23.05.30:912][ 99]LogActorComponent: UnregisterComponent: (/Engine/Transient.CharMoveComp) Not registered. Aborting.
[2016.01.26-23.05.30:948][ 99]BlueprintEditorCompileResults: Info [0133.89] Compile of MainMenu successful! [in 90 ms]
[2016.01.26-23.05.37:255][830]Cmd: OBJ SAVEPACKAGE PACKAGE="/Game/FirstPerson/Menus/MainMenu" FILE="../../../../../../Users/frederic/Documents/Unreal Projects/LostAge/Content/FirstPerson/Menus/MainMenu.uasset" SILENT=true
[2016.01.26-23.05.37:301][830]LogSavePackage: Save=37.982254ms
[2016.01.26-23.05.37:301][830]LogSavePackage: Moving '../../../../../../Users/frederic/Documents/Unreal Projects/LostAge/Saved/MainMenu01E268884B16A34E9E7BE98C6E987ABB.tmp' to '../../../../../../Users/frederic/Documents/Unreal Projects/LostAge/Content/FirstPerson/Menus/MainMenu.uasset'
[2016.01.26-23.05.37:304][830]LogSavePackage: Total save time: 47.345731ms
[2016.01.26-23.05.37:305][830]LogSavePackage:Warning: Finished SavePackage ../../../../../../Users/frederic/Documents/Unreal Projects/LostAge/Content/FirstPerson/Menus/MainMenu.uasset
[2016.01.26-23.05.39:023][ 30]LogPlayLevel: PlayLevel: No blueprints needed recompiling
[2016.01.26-23.05.39:024][ 30]PIE: New page: PIE session: MainMenu (Jan 26, 2016, 1:05:39 PM)
[2016.01.26-23.05.39:024][ 30]LogPlayLevel: Creating play world package: /Game/FirstPersonCPP/Maps/UEDPIE_0_MainMenu
[2016.01.26-23.05.39:025][ 30]LogPlayLevel: PIE: StaticDuplicateObject took: (0.000581s)
[2016.01.26-23.05.39:026][ 30]LogAIModule: Creating AISystem for world MainMenu
[2016.01.26-23.05.39:026][ 30]LogPlayLevel: PIE: World Init took: (0.001158s)
[2016.01.26-23.05.39:027][ 30]LogPlayLevel: PIE: Created PIE world by copying editor world from /Game/FirstPersonCPP/Maps/MainMenu.MainMenu to /Game/FirstPersonCPP/Maps/UEDPIE_0_MainMenu.MainMenu (0.002735s)
[2016.01.26-23.05.39:060][ 30]LogInit: XAudio2 using 'Haut-parleurs (USB PnP Sound Device)' : 2 channels at 44.1 kHz using 16 bits per sample (channel mask 0x3)
[2016.01.26-23.05.39:064][ 30]LogInit: FAudioDevice initialized.
[2016.01.26-23.05.39:114][ 30]LogWorld: Game class is 'LostAgeGameMode'
[2016.01.26-23.05.39:116][ 30]LogWorld: Bringing World /Game/FirstPersonCPP/Maps/UEDPIE_0_MainMenu.MainMenu up for play (max tick rate 0) at 2016.01.26-18.05.39
[2016.01.26-23.05.39:116][ 30]LogActor:Warning: GameSession /Game/FirstPersonCPP/Maps/UEDPIE_0_MainMenu.MainMenu:PersistentLevel.GameSession_0 has natively added scene component(s), but none of them were set as the actor's RootComponent - picking one arbitrarily
[2016.01.26-23.05.39:117][ 30]LogActor:Warning: GameNetworkManager /Game/FirstPersonCPP/Maps/UEDPIE_0_MainMenu.MainMenu:PersistentLevel.GameNetworkManager_0 has natively added scene component(s), but none of them were set as the actor's RootComponent - picking one arbitrarily
[2016.01.26-23.05.39:117][ 30]LogWorld: Bringing up level for play took: 0.001555
[2016.01.26-23.05.39:128][ 30]LogVoice:Warning: Failed to initialize voice interface
[2016.01.26-23.05.39:130][ 30]LogOnline:Warning: NULL: Can't start an online game for session (Game) that hasn't been created
[2016.01.26-23.05.39:131][ 30]PIE: Info Play in editor start time for /Game/FirstPersonCPP/Maps/UEDPIE_0_MainMenu -0.548
[2016.01.26-23.05.40:382][171]LogPackageName: SearchForPackageOnDisk took   0.057s to resolve FirstPersonExampleMap.umap.
[2016.01.26-23.05.40:432][171]LogPackageName: SearchForPackageOnDisk took   0.049s to resolve FirstPersonExampleMap.umap.
[2016.01.26-23.05.40:433][171]LogNet: Browse: /Game/FirstPersonCPP/Maps/FirstPersonExampleMap
[2016.01.26-23.05.40:433][171]LogLoad: LoadMap: /Game/FirstPersonCPP/Maps/FirstPersonExampleMap
[2016.01.26-23.05.40:456][171]LogParticles: Destroying 0 GPU particle simulations for FXSystem 0x0000000010DEBB00
[2016.01.26-23.05.40:457][171]Cmd: MEM
[2016.01.26-23.05.40:479][171]LogMemory: Platform Memory Stats for Windows
[2016.01.26-23.05.40:479][171]LogMemory: Process Physical Memory: 700.17 MB used, 703.00 MB peak
[2016.01.26-23.05.40:480][171]LogMemory: Process Virtual Memory: 1222.12 MB used, 1222.12 MB peak
[2016.01.26-23.05.40:480][171]LogMemory: Physical Memory: 8617.46 MB used, 16288.39 MB total
[2016.01.26-23.05.40:480][171]LogMemory: Virtual Memory: 1906.39 MB used, 8388608.00 MB total
[2016.01.26-23.05.40:480][171]LogMemory: 
[2016.01.26-23.05.40:481][171]Allocator Stats for TBB: (not implemented)
[2016.01.26-23.05.41:339][171]LogAIModule: Creating AISystem for world FirstPersonExampleMap
[2016.01.26-23.05.41:340][171]LogWorld: Game class is 'LostAgeGameMode'
[2016.01.26-23.05.41:349][171]LogWorld: Bringing World /Game/FirstPersonCPP/Maps/UEDPIE_0_FirstPersonExampleMap.FirstPersonExampleMap up for play (max tick rate 0) at 2016.01.26-18.05.41
[2016.01.26-23.05.41:349][171]LogActor:Warning: GameSession /Game/FirstPersonCPP/Maps/UEDPIE_0_FirstPersonExampleMap.FirstPersonExampleMap:PersistentLevel.GameSession_1 has natively added scene component(s), but none of them were set as the actor's RootComponent - picking one arbitrarily
[2016.01.26-23.05.41:350][171]LogActor:Warning: GameNetworkManager /Game/FirstPersonCPP/Maps/UEDPIE_0_