[2016.01.26-19.16.17:788][  0]Log file open, 01/26/16 14:16:17
[2016.01.26-19.16.17:788][  0]LogInit:Display: Running engine for game: LostAge
[2016.01.26-19.16.17:788][  0]LogInit:Display: RandInit(-1611236751) SRandInit(-1611236751).
[2016.01.26-19.16.17:788][  0]LogTaskGraph: Started task graph with 4 named threads and 7 total threads.
[2016.01.26-19.16.17:788][  0]LogStats: Stats thread started at 0.072252
[2016.01.26-19.16.17:788][  0]LogInit: Version: 4.9.2-2707645+++depot+UE4-Releases+4.9
[2016.01.26-19.16.17:788][  0]LogInit: API Version: 2672455
[2016.01.26-19.16.17:788][  0]LogInit: Compiled (64-bit): Sep 28 2015 10:25:44
[2016.01.26-19.16.17:788][  0]LogInit: Compiled with Visual C++: 18.00.21005.01
[2016.01.26-19.16.17:788][  0]LogInit: Build Configuration: Development
[2016.01.26-19.16.17:788][  0]LogInit: Branch Name: ++depot+UE4-Releases+4.9
[2016.01.26-19.16.17:788][  0]LogInit: Command line:  -game
[2016.01.26-19.16.17:788][  0]LogInit: Base directory: C:/Program Files/Epic Games/4.9/Engine/Binaries/Win64/
[2016.01.26-19.16.17:788][  0]LogInit: Rocket: 1
[2016.01.26-19.16.17:798][  0]LogInit: Using libcurl 7.41.0
[2016.01.26-19.16.17:798][  0]LogInit:  - built for x86_64-pc-win32
[2016.01.26-19.16.17:798][  0]LogInit:  - supports SSL with WinSSL
[2016.01.26-19.16.17:798][  0]LogInit:  - other features:
[2016.01.26-19.16.17:798][  0]LogInit:      CURL_VERSION_SSL
[2016.01.26-19.16.17:798][  0]LogInit:      CURL_VERSION_IPV6
[2016.01.26-19.16.17:798][  0]LogInit:      CURL_VERSION_ASYNCHDNS
[2016.01.26-19.16.17:798][  0]LogInit:      CURL_VERSION_LARGEFILE
[2016.01.26-19.16.17:798][  0]LogInit:      CURL_VERSION_IDN
[2016.01.26-19.16.17:798][  0]LogInit:  CurlRequestOptions (configurable via config and command line):
[2016.01.26-19.16.17:798][  0]LogInit:  - bVerifyPeer = true  - Libcurl will verify peer certificate
[2016.01.26-19.16.17:798][  0]LogInit:  - bUseHttpProxy = false  - Libcurl will NOT use HTTP proxy
[2016.01.26-19.16.17:798][  0]LogInit:  - bDontReuseConnections = false  - Libcurl will reuse connections
[2016.01.26-19.16.17:798][  0]LogInit:  - CertBundlePath = nullptr  - Libcurl will use whatever was configured at build time.
[2016.01.26-19.16.17:816][  0]LogInit: WinSock: version 1.1 (2.2), MaxSocks=32767, MaxUdp=65467
[2016.01.26-19.16.17:821][  0]LogVoice:Warning: Failed to initialize voice interface
[2016.01.26-19.16.17:825][  0]LogInit: Presizing for 0 objects not considered by GC, pre-allocating 0 bytes.
[2016.01.26-19.16.17:832][  0]LogInit: Object subsystem initialized
[2016.01.26-19.16.17:833][  0]LogInit: Selected Device Profile: [Windows]
[2016.01.26-19.16.17:833][  0]LogInit: Applying CVar settings loaded from the selected device profile: [Windows]
[2016.01.26-19.16.17:843][  0]LogInit: Computer: FREDERIC-PC
[2016.01.26-19.16.17:843][  0]LogInit: User: frederic
[2016.01.26-19.16.17:843][  0]LogInit: CPU Page size=4096, Cores=4
[2016.01.26-19.16.17:843][  0]LogInit: High frequency timer resolution =3.331240 MHz
[2016.01.26-19.16.17:843][  0]LogMemory: Memory total: Physical=15.9GB (16GB approx)
[2016.01.26-19.16.17:843][  0]LogMemory: Platform Memory Stats for Windows
[2016.01.26-19.16.17:843][  0]LogMemory: Process Physical Memory: 55.98 MB used, 55.98 MB peak
[2016.01.26-19.16.17:843][  0]LogMemory: Process Virtual Memory: 59.69 MB used, 59.69 MB peak
[2016.01.26-19.16.17:843][  0]LogMemory: Physical Memory: 8152.48 MB used, 16288.39 MB total
[2016.01.26-19.16.17:843][  0]LogMemory: Virtual Memory: 343.57 MB used, 8388608.00 MB total
[2016.01.26-19.16.17:878][  0]LogTextLocalizationManager: No translations for ('fr-CA') exist, falling back to 'en' for localization and internationalization data.
[2016.01.26-19.16.18:537][  0]LogD3D11RHI: Found D3D11 adapter 0: NVIDIA GeForce GTX 970 (Feature Level 11_0)
[2016.01.26-19.16.18:537][  0]LogD3D11RHI: Adapter has 4008MB of dedicated video memory, 0MB of dedicated system memory, and 7888MB of shared system memory, 1 output[s]
[2016.01.26-19.16.18:541][  0]LogD3D11RHI: Found D3D11 adapter 1: Intel(R) HD Graphics 3000 (Feature Level 10_0)
[2016.01.26-19.16.18:541][  0]LogD3D11RHI: Adapter has 64MB of dedicated video memory, 0MB of dedicated system memory, and 1632MB of shared system memory, 0 output[s]
[2016.01.26-19.16.18:541][  0]LogD3D11RHI: Chosen D3D11 Adapter Id = 0
[2016.01.26-19.16.18:545][  0]LogD3D11RHI: !Direct3DDevice
[2016.01.26-19.16.18:545][  0]LogRHI: Texture pool is 1361 MB (70% of 1945 MB)
[2016.01.26-19.16.18:556][  0]LogD3D11RHI: Async texture creation enabled
[2016.01.26-19.16.18:569][  0]LogShaderCompilers: Guid format shader working directory is 15 characters bigger than the processId version (../../../../../../Users/frederic/Documents/Unreal Projects/LostAge/Intermediate/Shaders/WorkingDirectory/7044/).
[2016.01.26-19.16.18:569][  0]LogShaderCompilers: Cleaned the shader compiler working directory '../../../../../../Users/frederic/Documents/Unreal Projects/LostAge/Intermediate/Shaders/tmp/ECDB69BA4E9FA5A9A31D30A10A9F26BE/'.
[2016.01.26-19.16.18:569][  0]LogShaderCompilers:Display: Using Local Shader Compiler.
[2016.01.26-19.16.19:774][  0]LogTemp:Display: Loaded TP AllDesktopTargetPlatform
[2016.01.26-19.16.19:779][  0]LogTemp:Display: Loaded TP WindowsClientTargetPlatform
[2016.01.26-19.16.19:784][  0]LogTemp:Display: Loaded TP WindowsNoEditorTargetPlatform
[2016.01.26-19.16.19:789][  0]LogTemp:Display: Loaded TP WindowsServerTargetPlatform
[2016.01.26-19.16.19:794][  0]LogTemp:Display: Loaded TP WindowsTargetPlatform
[2016.01.26-19.16.19:797][  0]LogTemp:Display: Loaded TP AndroidTargetPlatform
[2016.01.26-19.16.19:800][  0]LogTemp:Display: Loaded TP Android_ASTCTargetPlatform
[2016.01.26-19.16.19:804][  0]LogTemp:Display: Loaded TP Android_ATCTargetPlatform
[2016.01.26-19.16.19:807][  0]LogTemp:Display: Loaded TP Android_DXTTargetPlatform
[2016.01.26-19.16.19:810][  0]LogTemp:Display: Loaded TP Android_ETC1TargetPlatform
[2016.01.26-19.16.19:813][  0]LogTemp:Display: Loaded TP Android_ETC2TargetPlatform
[2016.01.26-19.16.19:817][  0]LogTemp:Display: Loaded TP Android_PVRTCTargetPlatform
[2016.01.26-19.16.19:817][  0]LogTemp:Display: Loaded TP HTML5TargetPlatform
[2016.01.26-19.16.19:835][  0]LogTemp:Display: Loaded TP IOSTargetPlatform
[2016.01.26-19.16.19:838][  0]LogTemp:Display: Loaded TP LinuxNoEditorTargetPlatform
[2016.01.26-19.16.19:841][  0]LogTemp:Display: Loaded TP LinuxServerTargetPlatform
[2016.01.26-19.16.19:845][  0]LogTemp:Display: Loaded TP LinuxTargetPlatform
[2016.01.26-19.16.19:845][  0]LogTargetPlatformManager:Display: Building Assets For Windows
[2016.01.26-19.16.19:933][  0]LogDerivedDataCache:Display: Max Cache Size: 512 MB
[2016.01.26-19.16.19:989][  0]LogDerivedDataCache: Loaded boot cache 0.06s 42MB C:/Users/frederic/AppData/Local/UnrealEngine/4.9/DerivedDataCache/Boot.ddc.
[2016.01.26-19.16.19:989][  0]LogDerivedDataCache:Display: Loaded Boot cache: C:/Users/frederic/AppData/Local/UnrealEngine/4.9/DerivedDataCache/Boot.ddc
[2016.01.26-19.16.19:989][  0]LogDerivedDataCache: FDerivedDataBackendGraph:  Pak pak cache file ../../../../../../Users/frederic/Documents/Unreal Projects/LostAge/DerivedDataCache/DDC.ddp not found, will not use a pak cache.
[2016.01.26-19.16.19:989][  0]LogDerivedDataCache: Unable to find inner node Pak for hierarchical cache Hierarchy.
[2016.01.26-19.16.19:989][  0]LogDerivedDataCache: FDerivedDataBackendGraph:  CompressedPak pak cache file ../../../../../../Users/frederic/Documents/Unreal Projects/LostAge/DerivedDataCache/Compressed.ddp not found, will not use a pak cache.
[2016.01.26-19.16.19:989][  0]LogDerivedDataCache: Unable to find inner node CompressedPak for hierarchical cache Hierarchy.
[2016.01.26-19.16.20:136][  0]LogDerivedDataCache:Display: Pak cache opened for reading ../../../Engine/DerivedDataCache/Compressed.ddp.
[2016.01.26-19.16.20:147][  0]LogDerivedDataCache: Using Local data cache path C:/Users/frederic/AppData/Local/UnrealEngine/Common/DerivedDataCache: Writable
[2016.01.26-19.16.20:344][  0]LogInit: Selected Device Profile: [Windows]
[2016.01.26-19.16.20:345][  0]LogContentStreaming: Texture pool size is 1000.000000MB
[2016.01.26-19.16.20:358][  0]LogMeshUtilities: No automatic mesh reduction module available
[2016.01.26-19.16.20:358][  0]LogMeshUtilities: No automatic mesh merging module available
[2016.01.26-19.16.20:844][  0]LogWindowsMoviePlayer: Unable to load movie: ../../../../../../Users/frederic/Documents/Unreal Projects/LostAge/Content/Movies/Default_Startup.mp4
[2016.01.26-19.16.20:922][  0]LogLinker:Warning: Can't find file '/Game/FirstPersonCPP/Blueprints/FirstPersonCharacter'
[2016.01.26-19.16.20:922][  0]LogUObjectGlobals:Warning: Failed to load '/Game/FirstPersonCPP/Blueprints/FirstPersonCharacter': Can't find file '/Game/FirstPersonCPP/Blueprints/FirstPersonCharacter'
[2016.01.26-19.16.20:922][  0]LogLinker:Warning: Can't find file '/Game/FirstPersonCPP/Blueprints/FirstPersonCharacter'
[2016.01.26-19.16.20:922][  0]LogUObjectGlobals:Warning: Failed to load '/Game/FirstPersonCPP/Blueprints/FirstPersonCharacter': Can't find file '/Game/FirstPersonCPP/Blueprints/FirstPersonCharacter'
[2016.01.26-19.16.20:922][  0]LogUObjectGlobals:Warning: Failed to find object 'Class /Game/FirstPersonCPP/Blueprints/FirstPersonCharacter.FirstPersonCharacter_C'
[2016.01.26-19.16.20:922][  0]Error: CDO Constructor (LostAgeGameMode): Failed to find /Game/FirstPersonCPP/Blueprints/FirstPersonCharacter.FirstPersonCharacter_C

[2016.01.26-19.16.20:923][  0]LogUObjectBase:Warning: -------------- Default Property warnings and errors:
[2016.01.26-19.16.20:923][  0]LogUObjectBase:Warning: Error: CDO Constructor (LostAgeGameMode): Failed to find /Game/FirstPersonCPP/Blueprints/FirstPersonCharacter.FirstPersonCharacter_C

[2016.01.26-19.16.33:667][  0]SourceControl: Info Source control is disabled
[2016.01.26-19.16.33:667][  0]SourceControl: Info Source control is disabled
[2016.01.26-19.16.33:677][  0]SourceControl: Info Source control is disabled
[2016.01.26-19.16.33:757][  0]LogLinker:Warning: Asset '../../../Engine/Plugins/Runtime/LeapMotionController/Content/LM_PassthroughMaterial.uasset' has been saved with empty engine version. The asset will be loaded but may be incompatible.
[2016.01.26-19.16.33:828][  0]LogObj: 27704 objects as part of root set at end of initial load.
[2016.01.26-19.16.33:828][  0]LogUObjectAllocator: 5801584 out of 0 bytes used by permanent object pool.
[2016.01.26-19.16.33:883][  0]LogEngine: Initializing Engine...
[2016.01.26-19.16.33:885][  0]LogHMD: Can't find Oculus library dev build: is proper Runtime installed? Version: 0.7.0.0
[2016.01.26-19.16.33:886][  0]LogHMD: SteamVR failed to initialize.  Err: 110
[2016.01.26-19.16.34:008][  0]LogInit: XAudio2 using 'Haut-parleurs (Realtek High Definition Audio)' : 2 channels at 48 kHz using 32 bits per sample (channel mask 0x3)
[2016.01.26-19.16.34:021][  0]LogInit: FAudioDevice initialized.
[2016.01.26-19.16.34:041][  0]LogDerivedDataCache: Saved boot cache 0.02s 42MB C:/Users/frederic/AppData/Local/UnrealEngine/4.9/DerivedDataCache/Boot.ddc.
[2016.01.26-19.16.34:048][  0]LogInit: Texture streaming: Enabled
[2016.01.26-19.16.34:200][  0]LogBlueprint:Error: [compiler GameInstanceBP] Error Missing Event 'LoadMainMenu' for  Event LoadMainMenu 
[2016.01.26-19.16.34:211][  0]LogBlueprint:Warning: [compiler GameInstanceBP] Warning [0017.29] Compile of GameInstanceBP failed. 1 Fatal Issue(s) 0 Warning(s) [in 16 ms]
[2016.01.26-19.16.34:212][  0]LogBlueprint:Warning: [compiler GameInstanceBP] Warning [0017.29] Compile of GameInstanceBP failed. 1 Fatal Issue(s) 1 Warning(s) [in 0 ms]
[2016.01.26-19.16.34:212][  0]LogBlueprint:Warning: [compiler GameInstanceBP] Warning [0017.29] Compile of GameInstanceBP failed. 1 Fatal Issue(s) 2 Warning(s) [in 0 ms]
[2016.01.26-19.16.34:217][  0]LogNet: Browse: /Game/FirstPersonCPP/Maps/MainMenu?Name=Player
[2016.01.26-19.16.34:219][  0]LogLoad: LoadMap: /Game/FirstPersonCPP/Maps/MainMenu?Name=Player
[2016.01.26-19.16.34:230][  0]LogParticles: Destroying 0 GPU particle simulations for FXSystem 0x0000000009743CE0
[2016.01.26-19.16.34:240][  0]LogMemory: Platform Memory Stats for Windows
[2016.01.26-19.16.34:240][  0]LogMemory: Process Physical Memory: 377.26 MB used, 377.26 MB peak
[2016.01.26-19.16.34:240][  0]LogMemory: Process Virtual Memory: 455.55 MB used, 455.55 MB peak
[2016.01.26-19.16.34:240][  0]LogMemory: Physical Memory: 8451.54 MB used, 16288.39 MB total
[2016.01.26-19.16.34:240][  0]LogMemory: Virtual Memory: 957.22 MB used, 8388608.00 MB total
[2016.01.26-19.16.34:240][  0]LogMemory: 
[2016.01.26-19.16.34:240][  0]Allocator Stats for TBB: (not implemented)
[2016.01.26-19.16.34:250][  0]LogAIModule: Creating AISystem for world MainMenu
[2016.01.26-19.16.34:250][  0]LogWorld: Game class is 'LostAgeGameMode'
[2016.01.26-19.16.34:251][  0]LogWorld: Bringing World /Game/FirstPersonCPP/Maps/MainMenu.MainMenu up for play (max tick rate 0) at 2016.01.26-14.16.34
[2016.01.26-19.16.34:251][  0]LogWorld: Bringing up level for play took: 0.000326
[2016.01.26-19.16.34:252][  0]LogGameMode: Warning - PATHS NOT DEFINED or NO PLAYERSTART with positive rating
[2016.01.26-19.16.34:252][  0]LogOnline:Warning: NULL: Can't start an online game for session (Game) that hasn't been created
[2016.01.26-19.16.34:253][  0]LogInit:Display: Game Engine Initialized.
[2016.01.26-19.16.34:467][  0]LogLoad: Full Startup: 17.54 seconds (BP compile: 0.02 seconds)
[2016.01.26-19.16.36:323][  1]LogRenderer: Reallocating scene render targets to support 1600x900 (Frame:2).
[2016.01.26-19.16.36:323][  1]LogWindows: === Critical error: ===
Fatal error!



[2016.01.26-19.16.36:443][  1]LogExit: Executing StaticShutdownAfterError
[2016.01.26-19.16.36:447][  1]LogPhysics:Warning: PHYSX: ..\..\PhysX\src\NpScene.cpp (2946) 8 : PxScene::unlockWrite() called without matching call to PxScene::lockWrite(), behaviour will be undefined.
[2016.01.26-19.16.36:447][  1]LogPhysics:Warning: PHYSX: ..\..\PhysX\src\NpScene.cpp (2946) 8 : PxScene::unlockWrite() called without matching call to PxScene::lockWrite(), behaviour will be undefined.
[2016.01.26-19.16.36:447][  1]LogWindows: FPlatformMisc::RequestExit(1)
[2016.01.26-19.16.36:447][  1]Log file closed, 01/26/16 14:16:36
