[2016.01.25-21.48.02:337][  0]Log file open, 01/25/16 16:48:02
[2016.01.25-21.48.02:337][  0]LogInit:Display: Running engine for game: LostAge
[2016.01.25-21.48.02:338][  0]LogInit:Display: RandInit(-1501914777) SRandInit(-1501914776).
[2016.01.25-21.48.02:338][  0]LogTaskGraph: Started task graph with 4 named threads and 7 total threads.
[2016.01.25-21.48.02:339][  0]LogStats: Stats thread started at 2.046285
[2016.01.25-21.48.02:340][  0]LogInit: Version: 4.9.2-2707645+++depot+UE4-Releases+4.9
[2016.01.25-21.48.02:340][  0]LogInit: API Version: 2672455
[2016.01.25-21.48.02:341][  0]LogInit: Compiled (64-bit): Sep 28 2015 10:25:44
[2016.01.25-21.48.02:341][  0]LogInit: Compiled with Visual C++: 18.00.21005.01
[2016.01.25-21.48.02:342][  0]LogInit: Build Configuration: DebugGame
[2016.01.25-21.48.02:342][  0]LogInit: Branch Name: ++depot+UE4-Releases+4.9
[2016.01.25-21.48.02:343][  0]LogInit: Command line:  -debug
[2016.01.25-21.48.02:343][  0]LogInit: Base directory: C:/Program Files/Epic Games/4.9/Engine/Binaries/Win64/
[2016.01.25-21.48.02:344][  0]LogInit: Rocket: 1
[2016.01.25-21.48.02:478][  0]LogInit: Using libcurl 7.41.0
[2016.01.25-21.48.02:479][  0]LogInit:  - built for x86_64-pc-win32
[2016.01.25-21.48.02:479][  0]LogInit:  - supports SSL with WinSSL
[2016.01.25-21.48.02:479][  0]LogInit:  - other features:
[2016.01.25-21.48.02:479][  0]LogInit:      CURL_VERSION_SSL
[2016.01.25-21.48.02:479][  0]LogInit:      CURL_VERSION_IPV6
[2016.01.25-21.48.02:480][  0]LogInit:      CURL_VERSION_ASYNCHDNS
[2016.01.25-21.48.02:480][  0]LogInit:      CURL_VERSION_LARGEFILE
[2016.01.25-21.48.02:480][  0]LogInit:      CURL_VERSION_IDN
[2016.01.25-21.48.02:480][  0]LogInit:  CurlRequestOptions (configurable via config and command line):
[2016.01.25-21.48.02:481][  0]LogInit:  - bVerifyPeer = true  - Libcurl will verify peer certificate
[2016.01.25-21.48.02:481][  0]LogInit:  - bUseHttpProxy = false  - Libcurl will NOT use HTTP proxy
[2016.01.25-21.48.02:481][  0]LogInit:  - bDontReuseConnections = false  - Libcurl will reuse connections
[2016.01.25-21.48.02:481][  0]LogInit:  - CertBundlePath = nullptr  - Libcurl will use whatever was configured at build time.
[2016.01.25-21.48.03:289][  0]LogInit: Presizing for 0 objects not considered by GC, pre-allocating 0 bytes.
[2016.01.25-21.48.03:357][  0]LogInit: Object subsystem initialized
[2016.01.25-21.48.03:361][  0]LogInit: Selected Device Profile: [Windows]
[2016.01.25-21.48.03:362][  0]LogInit: Applying CVar settings loaded from the selected device profile: [Windows]
[2016.01.25-21.48.03:459][  0]LogInit: Computer: FREDERIC-PC
[2016.01.25-21.48.03:459][  0]LogInit: User: frederic
[2016.01.25-21.48.03:460][  0]LogInit: CPU Page size=4096, Cores=4
[2016.01.25-21.48.03:488][  0]LogInit: High frequency timer resolution =3.331240 MHz
[2016.01.25-21.48.03:489][  0]LogMemory: Memory total: Physical=15.9GB (16GB approx)
[2016.01.25-21.48.03:490][  0]LogMemory: Platform Memory Stats for Windows
[2016.01.25-21.48.03:490][  0]LogMemory: Process Physical Memory: 53.24 MB used, 53.24 MB peak
[2016.01.25-21.48.03:490][  0]LogMemory: Process Virtual Memory: 57.44 MB used, 57.44 MB peak
[2016.01.25-21.48.03:490][  0]LogMemory: Physical Memory: 4855.77 MB used, 16288.39 MB total
[2016.01.25-21.48.03:491][  0]LogMemory: Virtual Memory: 332.55 MB used, 8388608.00 MB total
[2016.01.25-21.48.05:174][  0]LogTextLocalizationManager: No translations for ('fr-CA') exist, falling back to 'en' for localization and internationalization data.
[2016.01.25-21.48.06:604][  0]LogD3D11RHI: Found D3D11 adapter 0: NVIDIA GeForce GTX 970 (Feature Level 11_0)
[2016.01.25-21.48.06:604][  0]LogD3D11RHI: Adapter has 4008MB of dedicated video memory, 0MB of dedicated system memory, and 7888MB of shared system memory, 1 output[s]
[2016.01.25-21.48.06:730][  0]LogD3D11RHI: Found D3D11 adapter 1: Intel(R) HD Graphics 3000 (Feature Level 10_0)
[2016.01.25-21.48.06:732][  0]LogD3D11RHI: Adapter has 64MB of dedicated video memory, 0MB of dedicated system memory, and 1632MB of shared system memory, 0 output[s]
[2016.01.25-21.48.06:733][  0]LogD3D11RHI: Chosen D3D11 Adapter Id = 0
[2016.01.25-21.48.06:742][  0]LogD3D11RHI: !Direct3DDevice
[2016.01.25-21.48.06:743][  0]LogRHI: Texture pool is 1361 MB (70% of 1945 MB)
[2016.01.25-21.48.06:797][  0]LogD3D11RHI: Async texture creation enabled
[2016.01.25-21.48.06:921][  0]LogShaderCompilers: Guid format shader working directory is 15 characters bigger than the processId version (../../../../../../Users/frederic/Documents/Unreal Projects/LostAge/Intermediate/Shaders/WorkingDirectory/4692/).
[2016.01.25-21.48.06:923][  0]LogShaderCompilers: Cleaned the shader compiler working directory '../../../../../../Users/frederic/Documents/Unreal Projects/LostAge/Intermediate/Shaders/tmp/73E3CF38446BF9E12FA38F9C1C9FFA93/'.
[2016.01.25-21.48.06:923][  0]LogShaderCompilers:Display: Using Local Shader Compiler.
[2016.01.25-21.48.08:907][  0]LogTemp:Display: Loaded TP AllDesktopTargetPlatform
[2016.01.25-21.48.09:009][  0]LogTemp:Display: Loaded TP WindowsClientTargetPlatform
[2016.01.25-21.48.09:076][  0]LogTemp:Display: Loaded TP WindowsNoEditorTargetPlatform
[2016.01.25-21.48.09:129][  0]LogTemp:Display: Loaded TP WindowsServerTargetPlatform
[2016.01.25-21.48.09:181][  0]LogTemp:Display: Loaded TP WindowsTargetPlatform
[2016.01.25-21.48.09:254][  0]LogTemp:Display: Loaded TP AndroidTargetPlatform
[2016.01.25-21.48.09:288][  0]LogTemp:Display: Loaded TP Android_ASTCTargetPlatform
[2016.01.25-21.48.09:322][  0]LogTemp:Display: Loaded TP Android_ATCTargetPlatform
[2016.01.25-21.48.09:369][  0]LogTemp:Display: Loaded TP Android_DXTTargetPlatform
[2016.01.25-21.48.09:391][  0]LogTemp:Display: Loaded TP Android_ETC1TargetPlatform
[2016.01.25-21.48.09:416][  0]LogTemp:Display: Loaded TP Android_ETC2TargetPlatform
[2016.01.25-21.48.09:437][  0]LogTemp:Display: Loaded TP Android_PVRTCTargetPlatform
[2016.01.25-21.48.09:498][  0]LogTemp:Display: Loaded TP HTML5TargetPlatform
[2016.01.25-21.48.09:770][  0]LogTemp:Display: Loaded TP IOSTargetPlatform
[2016.01.25-21.48.09:798][  0]LogTemp:Display: Loaded TP LinuxNoEditorTargetPlatform
[2016.01.25-21.48.09:831][  0]LogTemp:Display: Loaded TP LinuxServerTargetPlatform
[2016.01.25-21.48.09:864][  0]LogTemp:Display: Loaded TP LinuxTargetPlatform
[2016.01.25-21.48.09:865][  0]LogTargetPlatformManager:Display: Building Assets For Windows
[2016.01.25-21.48.11:245][  0]LogDerivedDataCache:Display: Max Cache Size: 512 MB
[2016.01.25-21.48.11:767][  0]LogDerivedDataCache: Loaded boot cache 0.52s 42MB C:/Users/frederic/AppData/Local/UnrealEngine/4.9/DerivedDataCache/Boot.ddc.
[2016.01.25-21.48.11:768][  0]LogDerivedDataCache:Display: Loaded Boot cache: C:/Users/frederic/AppData/Local/UnrealEngine/4.9/DerivedDataCache/Boot.ddc
[2016.01.25-21.48.11:769][  0]LogDerivedDataCache: FDerivedDataBackendGraph:  Pak pak cache file ../../../../../../Users/frederic/Documents/Unreal Projects/LostAge/DerivedDataCache/DDC.ddp not found, will not use a pak cache.
[2016.01.25-21.48.11:770][  0]LogDerivedDataCache: Unable to find inner node Pak for hierarchical cache Hierarchy.
[2016.01.25-21.48.11:771][  0]LogDerivedDataCache: FDerivedDataBackendGraph:  CompressedPak pak cache file ../../../../../../Users/frederic/Documents/Unreal Projects/LostAge/DerivedDataCache/Compressed.ddp not found, will not use a pak cache.
[2016.01.25-21.48.11:771][  0]LogDerivedDataCache: Unable to find inner node CompressedPak for hierarchical cache Hierarchy.
[2016.01.25-21.48.11:976][  0]LogDerivedDataCache:Display: Pak cache opened for reading ../../../Engine/DerivedDataCache/Compressed.ddp.
[2016.01.25-21.48.11:989][  0]LogDerivedDataCache: Using Local data cache path C:/Users/frederic/AppData/Local/UnrealEngine/Common/DerivedDataCache: Writable
[2016.01.25-21.48.13:303][  0]LogInit: Selected Device Profile: [Windows]
[2016.01.25-21.48.13:304][  0]LogContentStreaming: Texture pool size is 0.000000MB
[2016.01.25-21.48.13:446][  0]LogMeshUtilities: No automatic mesh reduction module available
[2016.01.25-21.48.13:447][  0]LogMeshUtilities: No automatic mesh merging module available
[2016.01.25-21.48.14:936][  0]LogInit: WinSock: version 1.1 (2.2), MaxSocks=32767, MaxUdp=65467
[2016.01.25-21.48.39:632][  0]UdpMessaging: Initializing bridge on interface 0.0.0.0:0 to multicast group 230.0.0.1:6666.
[2016.01.25-21.48.41:989][  0]LogAssetRegistry: FAssetRegistry took 0.0115 seconds to start up
[2016.01.25-21.48.44:650][  0]SourceControl: Info Source control is disabled
[2016.01.25-21.48.44:813][  0]SourceControl: Info Source control is disabled
[2016.01.25-21.48.44:965][  0]SourceControl: Info Source control is disabled
[2016.01.25-21.48.45:264][  0]SourceControl: Info Source control is disabled
[2016.01.25-21.48.48:730][  0]LogLinker:Warning: Asset '../../../Engine/Plugins/Runtime/LeapMotionController/Content/LM_PassthroughMaterial.uasset' has been saved with empty engine version. The asset will be loaded but may be incompatible.
[2016.01.25-21.48.49:854][  0]LogObj: 31827 objects as part of root set at end of initial load.
[2016.01.25-21.48.49:854][  0]LogUObjectAllocator: 7265808 out of 0 bytes used by permanent object pool.
[2016.01.25-21.48.50:221][  0]LogEngine: Initializing Engine...
[2016.01.25-21.48.50:224][  0]LogHMD: Can't find Oculus library dev build: is proper Runtime installed? Version: 0.7.0.0
[2016.01.25-21.48.50:226][  0]LogHMD: SteamVR failed to initialize.  Err: 110
[2016.01.25-21.48.50:803][  0]LogAIModule: Creating AISystem for world NewWorld
[2016.01.25-21.48.50:839][  0]LogInit: XAudio2 using 'Haut-parleurs (USB PnP Sound Device)' : 2 channels at 44.1 kHz using 16 bits per sample (channel mask 0x3)
[2016.01.25-21.48.50:874][  0]LogInit: FAudioDevice initialized.
[2016.01.25-21.48.50:908][  0]LogDerivedDataCache: Saved boot cache 0.03s 42MB C:/Users/frederic/AppData/Local/UnrealEngine/4.9/DerivedDataCache/Boot.ddc.
[2016.01.25-21.48.50:914][  0]LogInit: Texture streaming: Enabled
[2016.01.25-21.48.51:044][  0]LogAnalytics: Creating configured Analytics provider AnalyticsET
[2016.01.25-21.48.51:045][  0]LogAnalytics: [UEEditor.Rocket.Release] APIServer = http://et2.epicgames.com/ET2/. AppVersion = 4.9.2-2707645+++depot+UE4-Releases+4.9
[2016.01.25-21.48.51:045][  0]LogAnalytics: [UEEditor.Rocket.Release] SetUserId c8da8d664a36a98701fe659c10ae4ff8|70626fa7f476448fb82ad9618fbbb1ab|00e7fb16-00c3-4af4-a2a1-2cc8013aae38
[2016.01.25-21.48.51:046][  0]LogAnalytics: [UEEditor.Rocket.Release] AnalyticsET::StartSession
[2016.01.25-21.48.51:158][  0]LogInit: Transaction tracking system initialized
[2016.01.25-21.48.51:897][  0]BlueprintLog: New page: Editor Load
[2016.01.25-21.48.55:183][  0]LocalizationService: Info Localization service is disabled
[2016.01.25-21.48.56:622][  0]LogLinker:Warning: Can't find file '/Game/ThirdPersonCPP/ThirdPersonOverview'
[2016.01.25-21.48.56:624][  0]LogLinker:Warning: Can't find file '/Game/ThirdPersonCPP/ThirdPersonOverview'
[2016.01.25-21.48.56:625][  0]LogUObjectGlobals:Warning: Failed to find object 'Class /Game/ThirdPersonCPP/ThirdPersonOverview.ThirdPersonOverview_C'
[2016.01.25-21.48.56:935][  0]LogConsoleResponse:Display: 
[2016.01.25-21.48.57:501][  0]LogCook:Display: Done creating registry. It took  0.00s.
[2016.01.25-21.48.57:632][  0]LogFileCache: Scanning file cache for directory 'C:/Users/frederic/Documents/Unreal Projects/LostAge/Content/' took 0.03s
[2016.01.25-21.48.59:327][  0]SourceControl: Info Source control is disabled
[2016.01.25-21.48.59:329][  0]Cmd: MAP LOAD FILE="../../../../../../Users/frederic/Documents/Unreal Projects/LostAge/Content/FirstPersonCPP/Maps/FirstPersonExampleMap.umap" TEMPLATE=0 SHOWPROGRESS=1 FEATURELEVEL=3
[2016.01.25-21.48.59:349][  0]LightingResults: New page: Lighting Build
[2016.01.25-21.48.59:361][  0]MapCheck: New page: Map Check
[2016.01.25-21.48.59:361][  0]LightingResults: New page: Lighting Build
[2016.01.25-21.48.59:444][  0]LogParticles: Destroying 0 GPU particle simulations for FXSystem 0x0000000020A7E480
[2016.01.25-21.49.02:308][  0]LogAIModule: Creating AISystem for world FirstPersonExampleMap
[2016.01.25-21.49.02:386][  0]LogEditorServer: Finished looking for orphan Actors (0.000 secs)
[2016.01.25-21.49.02:537][  0]Cmd: MAP CHECKDEP NOCLEARLOG
[2016.01.25-21.49.02:632][  0]MapCheck: Info Map check complete: 0 Error(s), 0 Warning(s), took 93.957ms to complete.
[2016.01.25-21.49.02:648][  0]LogFileHelpers: Loading map 'FirstPersonExampleMap' took 3.320
[2016.01.25-21.49.03:224][  0]LogCollectionManager: Loaded 0 collections in 0.004803 seconds
[2016.01.25-21.49.03:282][  0]LogFileCache: Scanning file cache for directory 'C:/Users/frederic/Documents/Unreal Projects/LostAge/Saved/Collections/' took 0.01s
[2016.01.25-21.49.03:284][  0]LogFileCache: Scanning file cache for directory 'C:/Users/frederic/Documents/Unreal Projects/LostAge/Content/Developers/frederic/Collections/' took 0.01s
[2016.01.25-21.49.03:284][  0]LogFileCache: Scanning file cache for directory 'C:/Users/frederic/Documents/Unreal Projects/LostAge/Content/Collections/' took 0.01s
[2016.01.25-21.49.03:285][  0]LogContentBrowser: Native class hierarchy populated in 0.0178 seconds. Added 1874 classes and 335 folders.
[2016.01.25-21.49.03:299][  0]LogCollectionManager: Rebuilt the GUID cache for 0 collections in 0.000002 seconds
[2016.01.25-21.49.03:331][  0]LogContentBrowser: Native class hierarchy updated for 'WidgetCarousel' in 0.0018 seconds. Added 0 classes and 0 folders.
[2016.01.25-21.49.04:326][  0]LogContentBrowser: Native class hierarchy updated for 'AddContentDialog' in 0.0043 seconds. Added 0 classes and 0 folders.
[2016.01.25-21.49.04:594][  0]LogContentBrowser: Native class hierarchy updated for 'SceneOutliner' in 0.0042 seconds. Added 1 classes and 2 folders.
[2016.01.25-21.49.04:886][  0]LogCrashTracker: Crashtracker disabled due to settings.
[2016.01.25-21.49.04:896][  0]LogUObjectGlobals:Warning: Failed to find object 'Class None.'
[2016.01.25-21.49.04:934][  0]LogLoad: Full Startup: 68.94 seconds (BP compile: 0.26 seconds)
[2016.01.25-21.49.04:948][  0]LoadErrors:Error: Error /Game/FirstPersonCPP/Maps/FirstPersonExampleMap : Failed import for CameraComponent /Game/FirstPersonCPP/Blueprints/FirstPersonCharacter.Default__FirstPersonCharacter_C:FirstPersonCamera
[2016.01.25-21.49.04:949][  0]LoadErrors:Error: Error /Game/FirstPersonCPP/Maps/FirstPersonExampleMap : Failed import for SkeletalMeshComponent /Game/FirstPersonCPP/Blueprints/FirstPersonCharacter.Default__FirstPersonCharacter_C:CharacterMesh1P
[2016.01.25-21.49.05:124][  0]LogContentStreaming: Texture pool size now 1000 MB
[2016.01.25-21.49.05:398][  0]LogRenderer: Reallocating scene render targets to support 1208x556 (Frame:2).
[2016.01.25-21.49.06:019][  5]LogAssetRegistry: Asset discovery search completed in 24.0415 seconds
[2016.01.25-21.49.06:020][  5]LogCollectionManager: Rebuilt the object cache for 0 collections in 0.000001 seconds (found 0 objects)
[2016.01.25-21.49.06:020][  5]LogCollectionManager: Fixed up redirectors for 0 collections in 0.000367 seconds (updated 0 objects)
[2016.01.25-21.49.21:148][742]LogLinker:Warning: Asset '../../../Engine/Content/ArtTools/RenderToTexture/Macros/RenderToTextureMacros.uasset' has been saved with empty engine version. The asset will be loaded but may be incompatible.
[2016.01.25-21.49.21:722][742]LogContentBrowser: Native class hierarchy updated for 'BlueprintGraph' in 0.0020 seconds. Added 107 classes and 0 folders.
[2016.01.25-21.50.13:733][783]LogBlueprintUserMessages: Early PlayInEditor Detection: Level '/Game/FirstPersonCPP/Maps/FirstPersonExampleMap.FirstPersonExampleMap:PersistentLevel' has LevelScriptBlueprint '/Game/FirstPersonCPP/Maps/FirstPersonExampleMap.FirstPersonExampleMap:PersistentLevel.FirstPersonExampleMap' with GeneratedClass '/Game/FirstPersonCPP/Maps/FirstPersonExampleMap.FirstPersonExampleMap_C' with ClassGeneratedBy '/Game/FirstPersonCPP/Maps/FirstPersonExampleMap.FirstPersonExampleMap:PersistentLevel.FirstPersonExampleMap'
[2016.01.25-21.50.13:734][783]LogPlayLevel: PlayLevel: No blueprints needed recompiling
[2016.01.25-21.50.13:734][783]PIE: New page: PIE session: FirstPersonExampleMap (Jan 2