[2016.01.26-22.25.14:205][  0]Log file open, 01/26/16 17:25:14
[2016.01.26-22.25.14:205][  0]LogInit:Display: Running engine for game: LostAge
[2016.01.26-22.25.14:206][  0]LogInit:Display: RandInit(1792187977) SRandInit(1792187978).
[2016.01.26-22.25.14:206][  0]LogTaskGraph: Started task graph with 4 named threads and 7 total threads.
[2016.01.26-22.25.14:206][  0]LogStats: Stats thread started at 0.175095
[2016.01.26-22.25.14:207][  0]LogInit: Version: 4.9.2-2707645+++depot+UE4-Releases+4.9
[2016.01.26-22.25.14:207][  0]LogInit: API Version: 2672455
[2016.01.26-22.25.14:207][  0]LogInit: Compiled (64-bit): Sep 28 2015 10:25:44
[2016.01.26-22.25.14:208][  0]LogInit: Compiled with Visual C++: 18.00.21005.01
[2016.01.26-22.25.14:208][  0]LogInit: Build Configuration: DebugGame
[2016.01.26-22.25.14:208][  0]LogInit: Branch Name: ++depot+UE4-Releases+4.9
[2016.01.26-22.25.14:208][  0]LogInit: Command line:  -debug
[2016.01.26-22.25.14:208][  0]LogInit: Base directory: C:/Program Files/Epic Games/4.9/Engine/Binaries/Win64/
[2016.01.26-22.25.14:209][  0]LogInit: Rocket: 1
[2016.01.26-22.25.14:247][  0]LogInit: Using libcurl 7.41.0
[2016.01.26-22.25.14:247][  0]LogInit:  - built for x86_64-pc-win32
[2016.01.26-22.25.14:248][  0]LogInit:  - supports SSL with WinSSL
[2016.01.26-22.25.14:248][  0]LogInit:  - other features:
[2016.01.26-22.25.14:248][  0]LogInit:      CURL_VERSION_SSL
[2016.01.26-22.25.14:249][  0]LogInit:      CURL_VERSION_IPV6
[2016.01.26-22.25.14:249][  0]LogInit:      CURL_VERSION_ASYNCHDNS
[2016.01.26-22.25.14:249][  0]LogInit:      CURL_VERSION_LARGEFILE
[2016.01.26-22.25.14:250][  0]LogInit:      CURL_VERSION_IDN
[2016.01.26-22.25.14:250][  0]LogInit:  CurlRequestOptions (configurable via config and command line):
[2016.01.26-22.25.14:251][  0]LogInit:  - bVerifyPeer = true  - Libcurl will verify peer certificate
[2016.01.26-22.25.14:251][  0]LogInit:  - bUseHttpProxy = false  - Libcurl will NOT use HTTP proxy
[2016.01.26-22.25.14:252][  0]LogInit:  - bDontReuseConnections = false  - Libcurl will reuse connections
[2016.01.26-22.25.14:252][  0]LogInit:  - CertBundlePath = nullptr  - Libcurl will use whatever was configured at build time.
[2016.01.26-22.25.14:322][  0]LogInit: WinSock: version 1.1 (2.2), MaxSocks=32767, MaxUdp=65467
[2016.01.26-22.25.14:338][  0]LogVoice:Warning: Failed to initialize voice interface
[2016.01.26-22.25.14:344][  0]LogInit: Presizing for 0 objects not considered by GC, pre-allocating 0 bytes.
[2016.01.26-22.25.14:351][  0]LogInit: Object subsystem initialized
[2016.01.26-22.25.14:354][  0]LogInit: Selected Device Profile: [Windows]
[2016.01.26-22.25.14:354][  0]LogInit: Applying CVar settings loaded from the selected device profile: [Windows]
[2016.01.26-22.25.14:362][  0]LogInit: Computer: FREDERIC-PC
[2016.01.26-22.25.14:362][  0]LogInit: User: frederic
[2016.01.26-22.25.14:363][  0]LogInit: CPU Page size=4096, Cores=4
[2016.01.26-22.25.14:363][  0]LogInit: High frequency timer resolution =3.331240 MHz
[2016.01.26-22.25.14:363][  0]LogMemory: Memory total: Physical=15.9GB (16GB approx)
[2016.01.26-22.25.14:363][  0]LogMemory: Platform Memory Stats for Windows
[2016.01.26-22.25.14:364][  0]LogMemory: Process Physical Memory: 54.77 MB used, 54.77 MB peak
[2016.01.26-22.25.14:364][  0]LogMemory: Process Virtual Memory: 55.75 MB used, 55.75 MB peak
[2016.01.26-22.25.14:364][  0]LogMemory: Physical Memory: 6669.94 MB used, 16288.39 MB total
[2016.01.26-22.25.14:364][  0]LogMemory: Virtual Memory: 337.63 MB used, 8388608.00 MB total
[2016.01.26-22.25.14:452][  0]LogTextLocalizationManager: No translations for ('fr-CA') exist, falling back to 'en' for localization and internationalization data.
[2016.01.26-22.25.15:315][  0]LogD3D11RHI: Found D3D11 adapter 0: NVIDIA GeForce GTX 970 (Feature Level 11_0)
[2016.01.26-22.25.15:315][  0]LogD3D11RHI: Adapter has 4008MB of dedicated video memory, 0MB of dedicated system memory, and 7888MB of shared system memory, 1 output[s]
[2016.01.26-22.25.15:324][  0]LogD3D11RHI: Found D3D11 adapter 1: Intel(R) HD Graphics 3000 (Feature Level 10_0)
[2016.01.26-22.25.15:325][  0]LogD3D11RHI: Adapter has 64MB of dedicated video memory, 0MB of dedicated system memory, and 1632MB of shared system memory, 0 output[s]
[2016.01.26-22.25.15:325][  0]LogD3D11RHI: Chosen D3D11 Adapter Id = 0
[2016.01.26-22.25.15:330][  0]LogD3D11RHI: !Direct3DDevice
[2016.01.26-22.25.15:330][  0]LogRHI: Texture pool is 1361 MB (70% of 1945 MB)
[2016.01.26-22.25.15:383][  0]LogD3D11RHI: Async texture creation enabled
[2016.01.26-22.25.15:399][  0]LogShaderCompilers: Guid format shader working directory is 15 characters bigger than the processId version (../../../../../../Users/frederic/Documents/Unreal Projects/LostAge/Intermediate/Shaders/WorkingDirectory/2228/).
[2016.01.26-22.25.15:400][  0]LogShaderCompilers: Cleaned the shader compiler working directory '../../../../../../Users/frederic/Documents/Unreal Projects/LostAge/Intermediate/Shaders/tmp/307BE670436709852E74C3885F36226D/'.
[2016.01.26-22.25.15:400][  0]LogShaderCompilers:Display: Using Local Shader Compiler.
[2016.01.26-22.25.16:683][  0]LogTemp:Display: Loaded TP AllDesktopTargetPlatform
[2016.01.26-22.25.16:706][  0]LogTemp:Display: Loaded TP WindowsClientTargetPlatform
[2016.01.26-22.25.16:727][  0]LogTemp:Display: Loaded TP WindowsNoEditorTargetPlatform
[2016.01.26-22.25.16:747][  0]LogTemp:Display: Loaded TP WindowsServerTargetPlatform
[2016.01.26-22.25.16:768][  0]LogTemp:Display: Loaded TP WindowsTargetPlatform
[2016.01.26-22.25.16:776][  0]LogTemp:Display: Loaded TP AndroidTargetPlatform
[2016.01.26-22.25.16:784][  0]LogTemp:Display: Loaded TP Android_ASTCTargetPlatform
[2016.01.26-22.25.16:794][  0]LogTemp:Display: Loaded TP Android_ATCTargetPlatform
[2016.01.26-22.25.16:803][  0]LogTemp:Display: Loaded TP Android_DXTTargetPlatform
[2016.01.26-22.25.16:810][  0]LogTemp:Display: Loaded TP Android_ETC1TargetPlatform
[2016.01.26-22.25.16:820][  0]LogTemp:Display: Loaded TP Android_ETC2TargetPlatform
[2016.01.26-22.25.16:829][  0]LogTemp:Display: Loaded TP Android_PVRTCTargetPlatform
[2016.01.26-22.25.16:833][  0]LogTemp:Display: Loaded TP HTML5TargetPlatform
[2016.01.26-22.25.16:872][  0]LogTemp:Display: Loaded TP IOSTargetPlatform
[2016.01.26-22.25.16:880][  0]LogTemp:Display: Loaded TP LinuxNoEditorTargetPlatform
[2016.01.26-22.25.16:888][  0]LogTemp:Display: Loaded TP LinuxServerTargetPlatform
[2016.01.26-22.25.16:895][  0]LogTemp:Display: Loaded TP LinuxTargetPlatform
[2016.01.26-22.25.16:895][  0]LogTargetPlatformManager:Display: Building Assets For Windows
[2016.01.26-22.25.17:152][  0]LogDerivedDataCache:Display: Max Cache Size: 512 MB
[2016.01.26-22.25.17:203][  0]LogDerivedDataCache: Loaded boot cache 0.05s 41MB C:/Users/frederic/AppData/Local/UnrealEngine/4.9/DerivedDataCache/Boot.ddc.
[2016.01.26-22.25.17:204][  0]LogDerivedDataCache:Display: Loaded Boot cache: C:/Users/frederic/AppData/Local/UnrealEngine/4.9/DerivedDataCache/Boot.ddc
[2016.01.26-22.25.17:204][  0]LogDerivedDataCache: FDerivedDataBackendGraph:  Pak pak cache file ../../../../../../Users/frederic/Documents/Unreal Projects/LostAge/DerivedDataCache/DDC.ddp not found, will not use a pak cache.
[2016.01.26-22.25.17:205][  0]LogDerivedDataCache: Unable to find inner node Pak for hierarchical cache Hierarchy.
[2016.01.26-22.25.17:205][  0]LogDerivedDataCache: FDerivedDataBackendGraph:  CompressedPak pak cache file ../../../../../../Users/frederic/Documents/Unreal Projects/LostAge/DerivedDataCache/Compressed.ddp not found, will not use a pak cache.
[2016.01.26-22.25.17:205][  0]LogDerivedDataCache: Unable to find inner node CompressedPak for hierarchical cache Hierarchy.
[2016.01.26-22.25.17:356][  0]LogDerivedDataCache:Display: Pak cache opened for reading ../../../Engine/DerivedDataCache/Compressed.ddp.
[2016.01.26-22.25.17:368][  0]LogDerivedDataCache: Using Local data cache path C:/Users/frederic/AppData/Local/UnrealEngine/Common/DerivedDataCache: Writable
[2016.01.26-22.25.17:590][  0]LogInit: Selected Device Profile: [Windows]
[2016.01.26-22.25.17:591][  0]LogContentStreaming: Texture pool size is 0.000000MB
[2016.01.26-22.25.17:636][  0]LogMeshUtilities: No automatic mesh reduction module available
[2016.01.26-22.25.17:636][  0]LogMeshUtilities: No automatic mesh merging module available
[2016.01.26-22.25.19:211][  0]UdpMessaging: Initializing bridge on interface 0.0.0.0:0 to multicast group 230.0.0.1:6666.
[2016.01.26-22.25.31:660][  0]LogAssetRegistry: FAssetRegistry took 0.0102 seconds to start up
[2016.01.26-22.25.32:053][  0]SourceControl: Info Source control is disabled
[2016.01.26-22.25.32:055][  0]SourceControl: Info Source control is disabled
[2016.01.26-22.25.32:070][  0]SourceControl: Info Source control is disabled
[2016.01.26-22.25.32:096][  0]SourceControl: Info Source control is disabled
[2016.01.26-22.25.32:300][  0]LogLinker:Warning: Asset '../../../Engine/Plugins/Runtime/LeapMotionController/Content/LM_PassthroughMaterial.uasset' has been saved with empty engine version. The asset will be loaded but may be incompatible.
[2016.01.26-22.25.32:407][  0]LogObj: 28402 objects as part of root set at end of initial load.
[2016.01.26-22.25.32:408][  0]LogUObjectAllocator: 6067872 out of 0 bytes used by permanent object pool.
[2016.01.26-22.25.32:494][  0]LogEngine: Initializing Engine...
[2016.01.26-22.25.32:499][  0]LogHMD: Can't find Oculus library dev build: is proper Runtime installed? Version: 0.7.0.0
[2016.01.26-22.25.32:501][  0]LogHMD: SteamVR failed to initialize.  Err: 110
[2016.01.26-22.25.32:669][  0]LogAIModule: Creating AISystem for world NewWorld
[2016.01.26-22.25.32:686][  0]LogInit: XAudio2 using 'Haut-parleurs (USB PnP Sound Device)' : 2 channels at 44.1 kHz using 16 bits per sample (channel mask 0x3)
[2016.01.26-22.25.32:694][  0]LogInit: FAudioDevice initialized.
[2016.01.26-22.25.32:719][  0]LogDerivedDataCache: Saved boot cache 0.02s 41MB C:/Users/frederic/AppData/Local/UnrealEngine/4.9/DerivedDataCache/Boot.ddc.
[2016.01.26-22.25.32:727][  0]LogInit: Texture streaming: Enabled
[2016.01.26-22.25.32:747][  0]LogAnalytics: Creating configured Analytics provider AnalyticsET
[2016.01.26-22.25.32:747][  0]LogAnalytics: [UEEditor.Rocket.Release] APIServer = http://et2.epicgames.com/ET2/. AppVersion = 4.9.2-2707645+++depot+UE4-Releases+4.9
[2016.01.26-22.25.32:747][  0]LogAnalytics: [UEEditor.Rocket.Release] SetUserId c8da8d664a36a98701fe659c10ae4ff8|70626fa7f476448fb82ad9618fbbb1ab|00e7fb16-00c3-4af4-a2a1-2cc8013aae38
[2016.01.26-22.25.32:748][  0]LogAnalytics: [UEEditor.Rocket.Release] AnalyticsET::StartSession
[2016.01.26-22.25.32:772][  0]LogInit: Transaction tracking system initialized
[2016.01.26-22.25.32:903][  0]BlueprintLog: New page: Editor Load
[2016.01.26-22.25.33:343][  0]LocalizationService: Info Localization service is disabled
[2016.01.26-22.25.33:546][  0]LogLinker:Warning: Can't find file '/Game/ThirdPersonCPP/ThirdPersonOverview'
[2016.01.26-22.25.33:546][  0]LogLinker:Warning: Can't find file '/Game/ThirdPersonCPP/ThirdPersonOverview'
[2016.01.26-22.25.33:547][  0]LogUObjectGlobals:Warning: Failed to find object 'Class /Game/ThirdPersonCPP/ThirdPersonOverview.ThirdPersonOverview_C'
[2016.01.26-22.25.33:584][  0]LogConsoleResponse:Display: 
[2016.01.26-22.25.33:717][  0]LogCook:Display: Done creating registry. It took  0.00s.
[2016.01.26-22.25.33:913][  0]LogFileCache: Scanning file cache for directory 'C:/Users/frederic/Documents/Unreal Projects/LostAge/Content/' took 0.01s
[2016.01.26-22.25.33:941][  0]SourceControl: Info Source control is disabled
[2016.01.26-22.25.33:941][  0]Cmd: MAP LOAD FILE="../../../../../../Users/frederic/Documents/Unreal Projects/LostAge/Content/FirstPersonCPP/Maps/MainMenu.umap" TEMPLATE=0 SHOWPROGRESS=1 FEATURELEVEL=3
[2016.01.26-22.25.33:942][  0]LightingResults: New page: Lighting Build
[2016.01.26-22.25.33:948][  0]MapCheck: New page: Map Check
[2016.01.26-22.25.33:948][  0]LightingResults: New page: Lighting Build
[2016.01.26-22.25.33:960][  0]LogParticles: Destroying 0 GPU particle simulations for FXSystem 0x0000000022BEEAC0
[2016.01.26-22.25.33:966][  0]LogAIModule: Creating AISystem for world MainMenu
[2016.01.26-22.25.33:968][  0]LogEditorServer: Finished looking for orphan Actors (0.000 secs)
[2016.01.26-22.25.33:970][  0]Cmd: MAP CHECKDEP NOCLEARLOG
[2016.01.26-22.25.34:011][  0]MapCheck: Info Map check complete: 0 Error(s), 0 Warning(s), took 40.751ms to complete.
[2016.01.26-22.25.34:012][  0]LogFileHelpers: Loading map 'MainMenu' took 0.070
[2016.01.26-22.25.34:137][  0]LogCollectionManager: Loaded 0 collections in 0.002589 seconds
[2016.01.26-22.25.34:183][  0]LogFileCache: Scanning file cache for directory 'C:/Users/frederic/Documents/Unreal Projects/LostAge/Saved/Collections/' took 0.01s
[2016.01.26-22.25.34:183][  0]LogFileCache: Scanning file cache for directory 'C:/Users/frederic/Documents/Unreal Projects/LostAge/Content/Developers/frederic/Collections/' took 0.01s
[2016.01.26-22.25.34:183][  0]LogFileCache: Scanning file cache for directory 'C:/Users/frederic/Documents/Unreal Projects/LostAge/Content/Collections/' took 0.01s
[2016.01.26-22.25.34:184][  0]LogContentBrowser: Native class hierarchy populated in 0.0084 seconds. Added 1875 classes and 335 folders.
[2016.01.26-22.25.34:193][  0]LogCollectionManager: Rebuilt the GUID cache for 0 collections in 0.000003 seconds
[2016.01.26-22.25.34:209][  0]LogContentBrowser: Native class hierarchy updated for 'WidgetCarousel' in 0.0031 seconds. Added 0 classes and 0 folders.
[2016.01.26-22.25.34:282][  0]LogContentBrowser: Native class hierarchy updated for 'AddContentDialog' in 0.0018 seconds. Added 0 classes and 0 folders.
[2016.01.26-22.25.34:310][  0]LogContentBrowser: Native class hierarchy updated for 'SceneOutliner' in 0.0023 seconds. Added 1 classes and 2 folders.
[2016.01.26-22.25.34:351][  0]LogCrashTracker: Crashtracker disabled due to settings.
[2016.01.26-22.25.34:356][  0]LogUObjectGlobals:Warning: Failed to find object 'Class None.'
[2016.01.26-22.25.34:378][  0]LogLoad: Full Startup: 21.29 seconds (BP compile: 0.00 seconds)
[2016.01.26-22.25.34:468][  0]LogContentStreaming: Texture pool size now 1000 MB
[2016.01.26-22.25.34:622][  2]LogRenderer: Reallocating scene render targets to support 948x488 (Frame:2).
[2016.01.26-22.25.34:795][  2]LogAssetRegistry: Asset discovery search completed in 3.1459 seconds
[2016.01.26-22.25.34:796][  2]LogCollectionManager: Rebuilt the object cache for 0 collections in 0.000001 seconds (found 0 objects)
[2016.01.26-22.25.34:797][  2]LogCollectionManager: Fixed up redirectors for 0 collections in 0.000670 seconds (updated 0 objects)
[2016.01.26-22.25.49:419][728]LogRenderer: Reallocating scene render targets to support 1208x556 (Frame:1730).
[2016.01.26-22.25.58:804][834]LogSavePackage: Save=8.200250ms
[2016.01.26-22.25.58:805][834]LogSavePackage: Moving '../../../../../../Users/frederic/Documents/Unreal Projects/LostAge/Saved/UEDPCMainMenu5E7766A1464D127468C341876B66E190.tmp' to '../../../../../../Users/frederic/Documents/Unreal Projects/LostAge/Saved/Autosaves/Game/FirstPersonCPP/Maps/UEDPCMainMenu.umap'
[2016.01.26-22.25.58:807][834]LogSavePackage: Total save time: 15.700761ms
[2016.01.26-22.25.58:808][834]LogSavePackage:Warning: Finished SavePackage ../../../../../../Users/frederic/Documents/Unreal Projects/LostAge/Saved/Autosaves/Game/FirstPersonCPP/Maps/UEDPCMainMenu.umap
[2016.01.26-22.26.12:520][488]LogSavePackage: Save=8.773310ms
[2016.01.26-22.26.12:520][488]LogSavePackage: Moving '../../../../../../Users/frederic/Documents/Unreal Projects/LostAge/Saved/UEDPCMainMenuC2EDE78F47DED3C9137AF0AB9BF4CC2A.tmp' to '../../../../../../Users/frederic/Documents/Unreal Projects/LostAge/Saved/Autosaves/Game/FirstPersonCPP/Maps/UEDPCMainMenu.umap'
[2016.01.26-22.26.12:523][488]LogSavePackage: Total save time: 16.580913ms
[2016.01.26-22.26.12:523][488]LogSavePackage:Warning: Finished SavePackage ../../../../../../Users/frederic/Documents/Unreal Projects/LostAge/Saved/Autosaves/Game/FirstPersonCPP/Maps/UEDPCMainMenu.umap
[2016.01.26-22.26.46:602][325]LogSavePackage: Save=7.672819ms
[2016.01.26-22.26.46:602][325]LogSavePackage: Moving '../../../../../../Users/frederic/Documents/Unreal Projects/LostAge/Saved/UEDPCMainMenu4C5FA9584109E5C7570345A16CEBAF00.tmp' to '../../../../../../Users/frederic/Documents/Unreal Projects/LostAge/Saved/Autosaves/Game/FirstPersonCPP/Maps/UEDPCMainMenu.umap'
[2016.01.26-22.26.46:605][325]LogSavePackage: Total save time: 15.167624ms
[2016.01.26-22.26.46:605][325]LogSavePackage:Warning: Finished SavePackage ../../../../../../Users/frederic/Documents/Unreal Projects/LostAge/Saved/Autosaves/Game/FirstPersonCPP/Maps/UEDPCMainMenu.umap
[2016.01.26-22.27.01:286][667]LogSavePackage: Save=9.106218ms
[2016.01.26-22.27.01:287][667]LogSavePackage: Moving '../../../../../../Users/frederic/Documents/Unreal Projects/LostAge/Saved/UEDPCMainMenu5371D991439AE3B60C8563B013759F4C.tmp' to '../../../../../../Users/frederic/Documents/Unreal Projects/LostAge/Saved/Autosaves/Game/FirstPersonCPP/Maps/UEDPCMainMenu.umap'
[2016.01.26-22.27.01:289][667]LogSavePackage: Total save time: 16.315546ms
[2016.01.26-22.27.01:289][667]LogSavePackage:Warning: Finished SavePackage ../../../../../../Users/frederic/Documents/Unreal Projects/LostAge/Saved/Autosaves/Game/FirstPersonCPP/Maps/UEDPCMainMenu.umap
[2016.01.26-22.28.07:006][624]LogLinker:Warning: Asset '../../../Engine/Content/ArtTools/RenderToTexture/Macros/RenderToTextureMacros.uasset' has been saved with empty engine version. The asset will be loaded but may be incompatible.
[2016.01.26-22.28.07:599][624]LogContentBrowser: Native class hierarchy updated for 'BlueprintGraph' in 0.0022 seconds. Added 107 classes and 0 folders.
[2016.01.26-22.28.24:509][317]BlueprintLog: New page: Compile GameInstanceBP
[2016.01.26-22.28.24:616][317]BlueprintEditorCompileResults: Info [0191.52] Compile of GameInstanceBP successful! [in 105 ms]
[2016.01.26-22.28.32:174][194]LogPlayLevel: PlayLevel: No blueprints needed recompiling
[2016.01.26-22.28.32:175][194]PIE: New page: PIE session: MainMenu (Jan 26, 2016, 12:28:32 PM)
[2016.01.26-22.28.32:175][194]LogPlayLevel: Creating play world package: /Game/FirstPersonCPP/Maps/UEDPIE_0_MainMenu
[2016.01.26-22.28.32:176][194]LogPlayLevel: PIE: StaticDuplicateObject took: (0.000500s)
[2016.01.26-22.28.32:177][194]LogAIModule: Creating AISystem for world MainMenu
[2016.01.26-22.28.32:177][194]LogPlayLevel: PIE: World Init took: (0.001199s)
[2016.01.26-22.28.32:178][194]LogPlayLevel: PIE: Created PIE world by copying editor world from /Game/FirstPersonCPP/Maps/MainMenu.MainMenu to /Game/FirstPersonCPP/Maps/UEDPIE_0_MainMenu.MainMenu (0.002884s)
[2016.01.26-22.28.32:216][194]LogInit: XAudio2 using 'Haut-parleurs (USB PnP Sound Device)' : 2 channels at 44.1 kHz using 16 bits per sample (channel mask 0x3)
[2016.01.26-22.28.32:220][194]LogInit: FAudioDevice initialized.
[2016.01.26-22.28.32:270][194]LogWorld: Game class is 'LostAgeGameMode'
[2016.01.26-22.28.38:565][194]LogWorld: Bringing World /Game/FirstPersonCPP/Maps/UEDPIE_0_MainMenu.MainMenu up for play (max tick rate 3) at 2016.01.26-17.28.38
[2016.01.26-22.28.38:566][194]LogActor:Warning: GameSession /Game/FirstPersonCPP/Maps/UEDPIE_0_MainMenu.MainMenu:PersistentLevel.GameSession_0 has natively added scene component(s), but none of them were set as the actor's RootComponent - picking one arbitrarily
[2016.01.26-22.28.38:566][194]LogActor:Warning: GameNetworkManager /Game/FirstPersonCPP/Maps/UEDPIE_0_MainMenu.MainMenu:PersistentLevel.GameNetworkManager_0 has natively added scene component(s), but none of them were set as the actor's RootComponent - picking one arbitrarily
[2016.01.26-22.28.38:567][194]LogWorld: Bringing up level for play took: 0.002264
[2016.01.26-22.28.38:578][194]LogVoice:Warning: Failed to initialize voice interface
[2016.01.26-22.30.24:796][194]LogOnline:Warning: NULL: Can't start an online game for session (Game) that hasn't been created
[2016.01.26-22.30.28:879][194]PIE: Info Play in editor start time for /Game/FirstPersonCPP/Maps/UEDPIE_0_MainMenu 117.239
[2016.01.26-22.30.32:494][493]LogPackageName: SearchForPackageOnDisk took   0.063s to resolve FirstPersonExampleMap.umap.
[2016.01.26-22.30.32