[2016.01.26-23.33.56:525][  0]Log file open, 01/26/16 18:33:56
[2016.01.26-23.33.56:525][  0]LogInit:Display: Running engine for game: LostAge
[2016.01.26-23.33.56:526][  0]LogInit:Display: RandInit(-1654248266) SRandInit(-1654248265).
[2016.01.26-23.33.56:526][  0]LogTaskGraph: Started task graph with 4 named threads and 7 total threads.
[2016.01.26-23.33.56:526][  0]LogStats: Stats thread started at 0.076481
[2016.01.26-23.33.56:526][  0]LogInit: Version: 4.9.2-2707645+++depot+UE4-Releases+4.9
[2016.01.26-23.33.56:526][  0]LogInit: API Version: 2672455
[2016.01.26-23.33.56:526][  0]LogInit: Compiled (64-bit): Sep 28 2015 10:25:44
[2016.01.26-23.33.56:526][  0]LogInit: Compiled with Visual C++: 18.00.21005.01
[2016.01.26-23.33.56:526][  0]LogInit: Build Configuration: DebugGame
[2016.01.26-23.33.56:526][  0]LogInit: Branch Name: ++depot+UE4-Releases+4.9
[2016.01.26-23.33.56:526][  0]LogInit: Command line:  /Temp/Autosaves/Game/FirstPersonCPP/Maps/UEDPCMainMenu -game -PIEVIACONSOLE -ResX=1280 -ResY=720  -Multiprocess -debug 
[2016.01.26-23.33.56:526][  0]LogInit: Base directory: C:/Program Files/Epic Games/4.9/Engine/Binaries/Win64/
[2016.01.26-23.33.56:526][  0]LogInit: Rocket: 1
[2016.01.26-23.33.56:546][  0]LogInit: Using libcurl 7.41.0
[2016.01.26-23.33.56:546][  0]LogInit:  - built for x86_64-pc-win32
[2016.01.26-23.33.56:546][  0]LogInit:  - supports SSL with WinSSL
[2016.01.26-23.33.56:546][  0]LogInit:  - other features:
[2016.01.26-23.33.56:546][  0]LogInit:      CURL_VERSION_SSL
[2016.01.26-23.33.56:546][  0]LogInit:      CURL_VERSION_IPV6
[2016.01.26-23.33.56:546][  0]LogInit:      CURL_VERSION_ASYNCHDNS
[2016.01.26-23.33.56:546][  0]LogInit:      CURL_VERSION_LARGEFILE
[2016.01.26-23.33.56:546][  0]LogInit:      CURL_VERSION_IDN
[2016.01.26-23.33.56:546][  0]LogInit:  CurlRequestOptions (configurable via config and command line):
[2016.01.26-23.33.56:546][  0]LogInit:  - bVerifyPeer = true  - Libcurl will verify peer certificate
[2016.01.26-23.33.56:546][  0]LogInit:  - bUseHttpProxy = false  - Libcurl will NOT use HTTP proxy
[2016.01.26-23.33.56:546][  0]LogInit:  - bDontReuseConnections = false  - Libcurl will reuse connections
[2016.01.26-23.33.56:546][  0]LogInit:  - CertBundlePath = nullptr  - Libcurl will use whatever was configured at build time.
[2016.01.26-23.33.56:564][  0]LogInit: WinSock: version 1.1 (2.2), MaxSocks=32767, MaxUdp=65467
[2016.01.26-23.33.56:570][  0]LogVoice:Warning: Failed to initialize voice interface
[2016.01.26-23.33.56:574][  0]LogInit: Presizing for 0 objects not considered by GC, pre-allocating 0 bytes.
[2016.01.26-23.33.56:581][  0]LogInit: Object subsystem initialized
[2016.01.26-23.33.56:582][  0]LogInit: Selected Device Profile: [Windows]
[2016.01.26-23.33.56:582][  0]LogInit: Applying CVar settings loaded from the selected device profile: [Windows]
[2016.01.26-23.33.56:585][  0]LogInit: Computer: FREDERIC-PC
[2016.01.26-23.33.56:585][  0]LogInit: User: frederic
[2016.01.26-23.33.56:585][  0]LogInit: CPU Page size=4096, Cores=4
[2016.01.26-23.33.56:585][  0]LogInit: High frequency timer resolution =3.331240 MHz
[2016.01.26-23.33.56:585][  0]LogMemory: Memory total: Physical=15.9GB (16GB approx)
[2016.01.26-23.33.56:585][  0]LogMemory: Platform Memory Stats for Windows
[2016.01.26-23.33.56:585][  0]LogMemory: Process Physical Memory: 55.65 MB used, 55.65 MB peak
[2016.01.26-23.33.56:585][  0]LogMemory: Process Virtual Memory: 59.59 MB used, 59.59 MB peak
[2016.01.26-23.33.56:585][  0]LogMemory: Physical Memory: 8637.94 MB used, 16288.39 MB total
[2016.01.26-23.33.56:585][  0]LogMemory: Virtual Memory: 343.57 MB used, 8388608.00 MB total
[2016.01.26-23.33.56:624][  0]LogTextLocalizationManager: No translations for ('fr-CA') exist, falling back to 'en' for localization and internationalization data.
[2016.01.26-23.33.57:297][  0]LogD3D11RHI: Found D3D11 adapter 0: NVIDIA GeForce GTX 970 (Feature Level 11_0)
[2016.01.26-23.33.57:297][  0]LogD3D11RHI: Adapter has 4008MB of dedicated video memory, 0MB of dedicated system memory, and 7888MB of shared system memory, 1 output[s]
[2016.01.26-23.33.57:300][  0]LogD3D11RHI: Found D3D11 adapter 1: Intel(R) HD Graphics 3000 (Feature Level 10_0)
[2016.01.26-23.33.57:300][  0]LogD3D11RHI: Adapter has 64MB of dedicated video memory, 0MB of dedicated system memory, and 1632MB of shared system memory, 0 output[s]
[2016.01.26-23.33.57:300][  0]LogD3D11RHI: Chosen D3D11 Adapter Id = 0
[2016.01.26-23.33.57:304][  0]LogD3D11RHI: !Direct3DDevice
[2016.01.26-23.33.57:304][  0]LogRHI: Texture pool is 1361 MB (70% of 1945 MB)
[2016.01.26-23.33.57:315][  0]LogD3D11RHI: Async texture creation enabled
[2016.01.26-23.33.57:329][  0]LogShaderCompilers: Guid format shader working directory is 15 characters bigger than the processId version (../../../../../../Users/frederic/Documents/Unreal Projects/LostAge/Intermediate/Shaders/WorkingDirectory/2368/).
[2016.01.26-23.33.57:329][  0]LogShaderCompilers: Cleaned the shader compiler working directory '../../../../../../Users/frederic/Documents/Unreal Projects/LostAge/Intermediate/Shaders/tmp/6E9D53914AE9C62AFF82FCA2832B30D4/'.
[2016.01.26-23.33.57:329][  0]LogShaderCompilers:Display: Using Local Shader Compiler.
[2016.01.26-23.33.58:437][  0]LogTemp:Display: Loaded TP AllDesktopTargetPlatform
[2016.01.26-23.33.58:442][  0]LogTemp:Display: Loaded TP WindowsClientTargetPlatform
[2016.01.26-23.33.58:447][  0]LogTemp:Display: Loaded TP WindowsNoEditorTargetPlatform
[2016.01.26-23.33.58:452][  0]LogTemp:Display: Loaded TP WindowsServerTargetPlatform
[2016.01.26-23.33.58:456][  0]LogTemp:Display: Loaded TP WindowsTargetPlatform
[2016.01.26-23.33.58:460][  0]LogTemp:Display: Loaded TP AndroidTargetPlatform
[2016.01.26-23.33.58:463][  0]LogTemp:Display: Loaded TP Android_ASTCTargetPlatform
[2016.01.26-23.33.58:466][  0]LogTemp:Display: Loaded TP Android_ATCTargetPlatform
[2016.01.26-23.33.58:470][  0]LogTemp:Display: Loaded TP Android_DXTTargetPlatform
[2016.01.26-23.33.58:473][  0]LogTemp:Display: Loaded TP Android_ETC1TargetPlatform
[2016.01.26-23.33.58:477][  0]LogTemp:Display: Loaded TP Android_ETC2TargetPlatform
[2016.01.26-23.33.58:480][  0]LogTemp:Display: Loaded TP Android_PVRTCTargetPlatform
[2016.01.26-23.33.58:481][  0]LogTemp:Display: Loaded TP HTML5TargetPlatform
[2016.01.26-23.33.58:496][  0]LogTemp:Display: Loaded TP IOSTargetPlatform
[2016.01.26-23.33.58:499][  0]LogTemp:Display: Loaded TP LinuxNoEditorTargetPlatform
[2016.01.26-23.33.58:502][  0]LogTemp:Display: Loaded TP LinuxServerTargetPlatform
[2016.01.26-23.33.58:505][  0]LogTemp:Display: Loaded TP LinuxTargetPlatform
[2016.01.26-23.33.58:505][  0]LogTargetPlatformManager:Display: Building Assets For Windows
[2016.01.26-23.33.58:580][  0]LogDerivedDataCache:Display: Max Cache Size: 512 MB
[2016.01.26-23.33.58:623][  0]LogDerivedDataCache: Loaded boot cache 0.04s 42MB C:/Users/frederic/AppData/Local/UnrealEngine/4.9/DerivedDataCache/Boot.ddc.
[2016.01.26-23.33.58:623][  0]LogDerivedDataCache:Display: Loaded Boot cache: C:/Users/frederic/AppData/Local/UnrealEngine/4.9/DerivedDataCache/Boot.ddc
[2016.01.26-23.33.58:623][  0]LogDerivedDataCache: FDerivedDataBackendGraph:  Pak pak cache file ../../../../../../Users/frederic/Documents/Unreal Projects/LostAge/DerivedDataCache/DDC.ddp not found, will not use a pak cache.
[2016.01.26-23.33.58:623][  0]LogDerivedDataCache: Unable to find inner node Pak for hierarchical cache Hierarchy.
[2016.01.26-23.33.58:623][  0]LogDerivedDataCache: FDerivedDataBackendGraph:  CompressedPak pak cache file ../../../../../../Users/frederic/Documents/Unreal Projects/LostAge/DerivedDataCache/Compressed.ddp not found, will not use a pak cache.
[2016.01.26-23.33.58:623][  0]LogDerivedDataCache: Unable to find inner node CompressedPak for hierarchical cache Hierarchy.
[2016.01.26-23.33.58:762][  0]LogDerivedDataCache:Display: Pak cache opened for reading ../../../Engine/DerivedDataCache/Compressed.ddp.
[2016.01.26-23.33.58:774][  0]LogDerivedDataCache: Using Local data cache path C:/Users/frederic/AppData/Local/UnrealEngine/Common/DerivedDataCache: Writable
[2016.01.26-23.33.58:948][  0]LogInit: Selected Device Profile: [Windows]
[2016.01.26-23.33.58:948][  0]LogContentStreaming: Texture pool size is 1000.000000MB
[2016.01.26-23.33.58:961][  0]LogMeshUtilities: No automatic mesh reduction module available
[2016.01.26-23.33.58:961][  0]LogMeshUtilities: No automatic mesh merging module available
[2016.01.26-23.33.59:412][  0]LogWindowsMoviePlayer: Unable to load movie: ../../../../../../Users/frederic/Documents/Unreal Projects/LostAge/Content/Movies/Default_Startup.mp4
[2016.01.26-23.33.59:661][  0]SourceControl: Info Source control is disabled
[2016.01.26-23.33.59:661][  0]SourceControl: Info Source control is disabled
[2016.01.26-23.33.59:669][  0]SourceControl: Info Source control is disabled
[2016.01.26-23.33.59:747][  0]LogLinker:Warning: Asset '../../../Engine/Plugins/Runtime/LeapMotionController/Content/LM_PassthroughMaterial.uasset' has been saved with empty engine version. The asset will be loaded but may be incompatible.
[2016.01.26-23.33.59:815][  0]LogObj: 31134 objects as part of root set at end of initial load.
[2016.01.26-23.33.59:815][  0]LogUObjectAllocator: 6998840 out of 0 bytes used by permanent object pool.
[2016.01.26-23.33.59:871][  0]LogEngine: Initializing Engine...
[2016.01.26-23.33.59:873][  0]LogHMD: Can't find Oculus library dev build: is proper Runtime installed? Version: 0.7.0.0
[2016.01.26-23.33.59:874][  0]LogHMD: SteamVR failed to initialize.  Err: 110
[2016.01.26-23.33.59:981][  0]LogInit: XAudio2 using 'Haut-parleurs (USB PnP Sound Device)' : 2 channels at 44.1 kHz using 16 bits per sample (channel mask 0x3)
[2016.01.26-23.33.59:985][  0]LogInit: FAudioDevice initialized.
[2016.01.26-23.33.59:991][  0]LogInit: Texture streaming: Enabled
[2016.01.26-23.34.00:089][  0]LogNet: Browse: /Temp/Autosaves/Game/FirstPersonCPP/Maps/UEDPCMainMenu?Name=Player
[2016.01.26-23.34.00:090][  0]LogLoad: LoadMap: /Temp/Autosaves/Game/FirstPersonCPP/Maps/UEDPCMainMenu?Name=Player
[2016.01.26-23.34.00:102][  0]LogParticles: Destroying 0 GPU particle simulations for FXSystem 0x0000000022B82C00
[2016.01.26-23.34.00:111][  0]LogMemory: Platform Memory Stats for Windows
[2016.01.26-23.34.00:111][  0]LogMemory: Process Physical Memory: 386.17 MB used, 386.17 MB peak
[2016.01.26-23.34.00:111][  0]LogMemory: Process Virtual Memory: 445.32 MB used, 461.34 MB peak
[2016.01.26-23.34.00:111][  0]LogMemory: Physical Memory: 8920.92 MB used, 16288.39 MB total
[2016.01.26-23.34.00:111][  0]LogMemory: Virtual Memory: 945.24 MB used, 8388608.00 MB total
[2016.01.26-23.34.00:111][  0]LogMemory: 
[2016.01.26-23.34.00:111][  0]Allocator Stats for TBB: (not implemented)
[2016.01.26-23.34.00:120][  0]LogAIModule: Creating AISystem for world MainMenu
[2016.01.26-23.34.00:121][  0]LogWorld: Game class is 'LostAgeGameMode'
[2016.01.26-23.34.00:122][  0]LogWorld: Bringing World /Temp/Autosaves/Game/FirstPersonCPP/Maps/UEDPCMainMenu.MainMenu up for play (max tick rate 0) at 2016.01.26-18.34.00
[2016.01.26-23.34.00:122][  0]LogWorld: Bringing up level for play took: 0.000379
[2016.01.26-23.34.00:123][  0]LogOnline:Warning: NULL: Can't start an online game for session (Game) that hasn't been created
[2016.01.26-23.34.00:212][  0]LogInit:Display: Game Engine Initialized.
[2016.01.26-23.34.00:426][  0]LogLoad: Full Startup: 4.54 seconds (BP compile: 0.10 seconds)
[2016.01.26-23.34.00:524][  2]LogRenderer: Reallocating scene render targets to support 1280x720 (Frame:2).
[2016.01.26-23.34.01:560][ 65]LogInit: WinSock: I am frederic-PC (192.168.1.103:0)
[2016.01.26-23.34.01:613][ 65]LogPackageName: SearchForPackageOnDisk took   0.053s to resolve FirstPersonExampleMap.umap.
[2016.01.26-23.34.01:659][ 65]LogPackageName: SearchForPackageOnDisk took   0.046s to resolve FirstPersonExampleMap.umap.
[2016.01.26-23.34.01:659][ 65]LogNet: Browse: /Game/FirstPersonCPP/Maps/FirstPersonExampleMap?listen
[2016.01.26-23.34.01:659][ 65]LogLoad: LoadMap: /Game/FirstPersonCPP/Maps/FirstPersonExampleMap?listen
[2016.01.26-23.34.01:672][ 65]LogParticles: Destroying 0 GPU particle simulations for FXSystem 0x0000000022B82B60
[2016.01.26-23.34.01:682][ 65]LogMemory: Platform Memory Stats for Windows
[2016.01.26-23.34.01:682][ 65]LogMemory: Process Physical Memory: 402.31 MB used, 402.31 MB peak
[2016.01.26-23.34.01:682][ 65]LogMemory: Process Virtual Memory: 632.70 MB used, 632.71 MB peak
[2016.01.26-23.34.01:682][ 65]LogMemory: Physical Memory: 8929.46 MB used, 16288.39 MB total
[2016.01.26-23.34.01:682][ 65]LogMemory: Virtual Memory: 1146.70 MB used, 8388608.00 MB total
[2016.01.26-23.34.01:682][ 65]LogMemory: 
[2016.01.26-23.34.01:682][ 65]Allocator Stats for TBB: (not implemented)
[2016.01.26-23.34.01:827][ 65]LogAIModule: Creating AISystem for world FirstPersonExampleMap
[2016.01.26-23.34.01:827][ 65]LogWorld: Game class is 'LostAgeGameMode'
[2016.01.26-23.34.01:827][ 65]LogInit: WinSock: Socket queue 131072 / 131072
[2016.01.26-23.34.01:828][ 65]LogNet: GameNetDriver IpNetDriver_0 IpNetDriver listening on port 7777
[2016.01.26-23.34.01:831][ 65]LogWorld: Bringing World /Game/FirstPersonCPP/Maps/FirstPersonExampleMap.FirstPersonExampleMap up for play (max tick rate 0) at 2016.01.26-18.34.01
[2016.01.26-23.34.01:831][ 65]LogWorld: Bringing up level for play took: 0.001936
[2016.01.26-23.34.01:831][ 65]LogOnline:Warning: NULL: Can't start an online session (Game) in state InProgress
[2016.01.26-23.34.03:034][135]LogPackageName: SearchForPackageOnDisk took   0.046s to resolve MainMenu.umap.
[2016.01.26-23.34.03:081][136]LogPackageName: SearchForPackageOnDisk took   0.046s to resolve MainMenu.umap.
[2016.01.26-23.34.03:081][136]LogNet: Browse: /Game/FirstPersonCPP/Maps/MainMenu
[2016.01.26-23.34.03:081][136]LogLoad: LoadMap: /Game/FirstPersonCPP/Maps/MainMenu
[2016.01.26-23.34.03:083][136]LogNet: World NetDriver shutdown IpNetDriver_0 [GameNetDriver]
[2016.01.26-23.34.03:083][136]LogNet: DestroyNamedNetDriver IpNetDriver_0 [GameNetDriver]
[2016.01.26-23.34.03:083][136]LogExit: GameNetDriver IpNetDriver_0 shut down
[2016.01.26-23.34.03:099][136]LogParticles: Destroying 0 GPU particle simulations for FXSystem 0x00000000123476A0
[2016.01.26-23.34.03:107][136]LogMemory: Platform Memory Stats for Windows
[2016.01.26-23.34.03:107][136]LogMemory: Process Physical Memory: 485.01 MB used, 510.35 MB peak
[2016.01.26-23.34.03:107][136]LogMemory: Process Virtual Memory: 852.75 MB used, 878.71 MB peak
[2016.01.26-23.34.03:107][136]LogMemory: Physical Memory: 9024.21 MB used, 16288.39 MB total
[2016.01.26-23.34.03:107][136]LogMemory: Virtual Memory: 1373.89 MB used, 8388608.00 MB total
[2016.01.26-23.34.03:107][136]LogMemory: 
[2016.01.26-23.34.03:107][136]Allocator Stats for TBB: (not implemented)
[2016.01.26-23.34.03:109][136]LogAIModule: Creating AISystem for world MainMenu
[2016.01.26-23.34.03:109][136]LogWorld: Game class is 'LostAgeGameMode'
[2016.01.26-23.34.03:110][136]LogWorld: Bringing World /Game/FirstPersonCPP/Maps/MainMenu.MainMenu up for play (max tick rate 0) at 2016.01.26-18.34.03
[2016.01.26-23.34.03:110][136]LogWorld: Bringing up level for play took: 0.000284
[2016.01.26-23.34.03:110][136]LogGameMode: Warning - PATHS NOT DEFINED or NO PLAYERSTART with positive rating
[2016.01.26-23.34.03:111][136]LogOnline:Warning: NULL: Can't start an online game for session (Game) that hasn't been created
[2016.01.26-23.34.05:473][278]Closing by request
[2016.01.26-23.34.05:473][278]LogWindows: FPlatformMisc::RequestExit(0)
[2016.01.26-23.34.05:899][279]LogExit: Preparing to exit.
[2016.01.26-23.34.05:997][279]LogExit: Game engine shut down
[2016.01.26-23.34.06:118][279]LogParticles: Destroying 0 GPU particle simulations for FXSystem 0x0000000012347420
[2016.01.26-23.34.06:118][279]LogExit: Object subsystem successfully closed.
[2016.01.26-23.34.06:124][279]LogD3D11RHI: Shutdown
[2016.01.26-23.34.06:124][279]LogD3D11RHI: CleanupD3DDevice
[2016.01.26-23.34.06:156][279]LogD3D11RHI: ~FD3D11DynamicRHI
[2016.01.26-23.34.06:166][279]LogModuleManager: Shutting down and abandoning module AndroidDeviceDetection (118)
[2016.01.26-23.34.06:443][279]LogModuleManager: Shutting down and abandoning module AutomationController (117)
[2016.01.26-23.34.06:443][279]LogModuleManager: Shutting down and abandoning module AutomationWorker (116)
[2016.01.26-23.34.06:443][279]LogModuleManager: Shutting down and abandoning module CharacterAI (115)
[2016.01.26-23.34.06:443][279]LogModuleManager: Shutting down and abandoning module AITestSuite (114)
[2016.01.26-23.34.06:443][279]LogModuleManager: Shutting down and abandoning module GameplayDebugger (113)
[2016.01.26-23.34.06:443][279]LogModuleManager: Shutting down and abandoning module AIModule (112)
[2016.01.26-23.34.06:443][279]LogModuleManager: Shutting down and abandoning module GameLiveStreaming (111)
[2016.01.26-23.34.06:443][279]LogModuleManager: Shutting down and abandoning module StreamingPauseRendering (110)
[2016.01.26-23.34.06:443][279]LogModuleManager: Shutting down and abandoning module ProfilerService (109)
[2016.01.26-23.34.06:572][279]LogModuleManager: Shutting down and abandoning module TaskGraph (108)
[2016.01.26-23.34.06:572][279]LogModuleManager: Shutting down and abandoning module SlateRemote (107)
[2016.01.26-23.34.06:572][279]LogModuleManager: Shutting down and abandoning module SteamVRController (106)
[2016.01.26-23.34.06:572][279]LogModuleManager: Shutting down and abandoning module SteamVR (105)
[2016.01.26-23.34.06:572][279]LogModuleManager: Shutting down and abandoning module ProceduralMeshComponent (104)
[2016.01.26-23.34.06:572][279]LogModuleManager: Shutting down and abandoning module OculusRift (103)
[2016.01.26-23.34.06:572][279]LogModuleManager: Shutting down and abandoning module OculusLibrary (102)
[2016.01.26-23.34.06:572][279]LogModuleManager: Shutting down and abandoning module LeapMotionController (101)
[2016.01.26-23.34.06:582][279]LogModuleManager: Shutting down and abandoning module CustomMeshComponent (100)
[2016.01.26-23.34.06:582][279]LogModuleManager: Shutting down and abandoning module CableComponent (99)
[2016.01.26-23.34.06:582][279]LogModuleManager: Shutting down and abandoning module ArchVisCharacter (98)
[2016.01.26-23.34.06:582][279]LogModuleManager: Shutting down and abandoning module HTML5Networking (97)
[2016.01.26-23.34.06:582][279]LogModuleManager: Shutting down and abandoning module DesktopPlatform (96)
[2016.01.26-23.34.06:582][279]LogModuleManager: Shutting down and abandoning module DirectoryWatcher (95)
[2016.01.26-23.34.06:582][279]LogModuleManager: Shutting down and abandoning module HotReload (94)
[2016.01.26-23.34.06:582][279]LogModuleManager: Shutting down and abandoning module VisualStudioSourceCodeAccess (93)
[2016.01.26-23.34.06:582][279]LogModuleManager: Shutting down and abandoning module UObjectPlugin (92)
[2016.01.26-23.34.06:582][279]LogModuleManager: Shutting down and abandoning module SubversionSourceControl (91)
[2016.01.26-23.34.06:582][279]LogModuleManager: Shutting down and abandoning module SourceControl (90)
[2016.01.26-23.34.06:582][279]LogModuleManager: Shutting down and abandoning module PerforceSourceControl (89)
[2016.01.26-23.34.06:582][279]LogModuleManager: Shutting down and abandoning module LostAge (88)
[2016.01.26-23.34.06:582][279]LogModuleManager: Shutting down and abandoning module UdpMessaging (87)
[2016.01.26-23.34.06:582][279]LogModuleManager: Shutting down and abandoning module LightPropagationVolumeRuntime (86)
[2016.01.26-23.34.06:582][279]LogModuleManager: Shutting down and abandoning module Paper2D (85)
[2016.01.26-23.34.06:582][279]LogModuleManager: Shutting down and abandoning module WindowsMoviePlayer (84)
[2016.01.26-23.34.06:584][279]LogModuleManager: Shutting down and abandoning module Media (83)
[2016.01.26-23.34.06:584][279]LogModuleManager: Shutting down and abandoning module WmfMedia (82)
[2016.01.26-23.34.06:585][279]LogModuleManager: Shutting down and abandoning module OnlineBlueprintSupport (81)
[2016.01.26-23.34.06:585][279]LogModuleManager: Shutting down and abandoning module GameplayTasksEditor (80)
[2016.01.26-23.34.06:585][279]LogModuleManager: Shutting down and abandoning module PropertyEditor (79)
[2016.01.26-23.34.06:585][279]LogModuleManager: Shutting down and abandoning module BehaviorTreeEditor (78)
[2016.01.26-23.34.06:585][279]LogModuleManager: Shutting down and abandoning module FunctionalTesting (77)
[2016.01.26-23.34.06:585][279]LogModuleManager: Shutting down and abandoning module CollisionAnalyzer (76)
[2016.01.26-23.34.06:585][279]LogModuleManager: Shutting down and abandoning module WorkspaceMenuStructure (75)
[2016.01.26-23.34.06:585][279]LogModuleManager: Shutting down and abandoning module MessageLog (74)
[2016.01.26-23.34.06:585][279]LogModuleManager: Shutting down and abandoning module Sequencer (73)
[2016.01.26-23.34.06:585][279]LogModuleManager: Shutting down and abandoning module AssetTools (72)
[2016.01.26-23.34.06:585][279]LogModuleManager: Shutting down and abandoning module UMGEditor (71)
[2016.01.26-23.34.06:585][279]LogModuleManager: Shutting down and abandoning module UMG (70)
[2016.01.26-23.34.06:585][279]LogModuleManager: Shutting down and abandoning module Slate (69)
[2016.01.26-23.34.06:585][279]LogModuleManager: Shutting down and abandoning module EditorStyle (68)
[2016.01.26-23.34.06:587][279]LogModuleManager: Shutting down and abandoning module SessionServices (67)
[2016.01.26-23.34.06:587][279]LogModuleManager: Shutting down and abandoning module SourceCodeAccess (66)
[2016.01.26-23.34.06:587][279]LogModuleManager: Shutting down and abandoning module HeadMountedDisplay (65)
[2016.01.26-23.34.06:587][279]LogModuleManager: Shutting down and abandoning module XAudio2 (64)
[2016.01.26-23.34.06:587][279]LogModuleManager: Shutting down and abandoning module Networking (63)
[2016.01.26-23.34.06:587][279]LogModuleManager: Shutting down and abandoning module Core (62)
[2016.01.26-23.34.06:587][279]LogModuleManager: Shutting down and abandoning module KismetCompiler (61)
[2016.01.26-23.34.06:587][279]LogModuleManager: Shutting down and abandoning module PhysXFormats (60)
[2016.01.26-23.34.06:587][279]LogModuleManager: Shutting down and abandoning module MeshUtilities (59)
[2016.01.26-23.34.06:587][279]LogModuleManager: Shutting down and abandoning module CookingStats (58)
[2016.01.26-23.34.06:588][279]LogModuleManager: Shutting down and abandoning module DerivedDataCache (57)
[2016.01.26-23.34.06:764][279]LogDerivedDataCache: Shutdown
[2016.01.26-23.34.06:764][279]LogModuleManager: Shutting down and abandoning module ShaderFormatOpenGL (56)
[2016.01.26-23.34.06:764][279]LogModuleManager: Shutting down and abandoning module ShaderFormatD3D (55)
[2016.01.26-23.34.06:764][279]LogModuleManager: Shutting down and abandoning module MetalShaderFormat (54)
[2016.01.26-23.34.06:764][279]LogModuleManager: Shutting down and abandoning module TextureFormatUncompressed (53)
[2016.01.26-23.34.06:764][279]LogModuleManager: Shutting down and abandoning module TextureFormatPVR (52)
[2016.01.26-23.34.06:764][279]LogModuleManager: Shutting down and abandoning module TextureFormatIntelISPCTexComp (51)
[2016.01.26-23.34.06:764][279]LogModuleManager: Shutting down and abandoning module TextureFormatDXT (50)
[2016.01.26-23.34.06:764][279]LogModuleManager: Shutting down and abandoning module ImageWrapper (49)
[2016.01.26-23.34.06:764][279]LogModuleManager: Shutting down and abandoning module TextureFormatASTC (48)
[2016.01.26-23.34.06:764][279]LogModuleManager: Shutting down and abandoning module TextureFormatAndroid (47)
[2016.01.26-23.34.06:764][279]LogModuleManager: Shutting down and abandoning module AudioFormatOpus (46)
[2016.01.26-23.34.06:764][279]LogModuleManager: Shutting down and abandoning module AudioFormatOgg (45)
[2016.01.26-23.34.06:764][279]LogModuleManager: Shutting down and abandoning module AudioFormatADPCM (44)
[2016.01.26-23.34.06:764][279]LogModuleManager: Shutting down and abandoning module LinuxTargetPlatform (43)
[2016.01.26-23.34.06:764][279]LogModuleManager: Shutting down and abandoning module LinuxServerTargetPlatform (42)
[2016.01.26-23.34.06:764][279]LogModuleManager: Shutting down and abandoning module LinuxNoEditorTargetPlatform (41)
[2016.01.26-23.34.06:764][279]LogModuleManager: Shutting down and abandoning module Messaging (40)
[2016.01.26-23.34.06:764][279]LogModuleManager: Shutting down and abandoning module IOSTargetPlatform (39)
[2016.01.26-23.34.06:764][279]LogModuleManager: Shutting down and abandoning module HTML5TargetPlatform (38)
[2016.01.26-23.34.06:764][279]LogModuleManager: Shutting down and abandoning module Android_PVRTCTargetPlatform (37)
[2016.01.26-23.34.06:764][279]LogModuleManager: Shutting down and abandoning module Android_ETC2TargetPlatform (36)
[2016.01.26-23.34.06:764][279]LogModuleManager: Shutting down and abandoning module Android_ETC1TargetPlatform (35)
[2016.01.26-23.34.06:764][279]LogModuleManager: Shutting down and abandoning module Android_DXTTargetPlatform (34)
[2016.01.26-23.34.06:764][279]LogModuleManager: Shutting down and abandoning module Android_ATCTargetPlatform (33)
[2016.01.26-23.34.06:764][279]LogModuleManager: Shutting down and abandoning module Android_ASTCTargetPlatform (32)
[2016.01.26-23.34.06:764][279]LogModuleManager: Shutting down and abandoning module AndroidTargetPlatform (31)
[2016.01.26-23.34.06:764][279]LogModuleManager: Shutting down and abandoning module WindowsTargetPlatform (30)
[2016.01.26-23.34.06:764][279]LogModuleManager: Shutting down and abandoning module WindowsServerTargetPlatform (29)
[2016.01.26-23.34.06:764][279]LogModuleManager: Shutting down and abandoning module WindowsNoEditorTargetPlatform (28)
[2016.01.26-23.34.06:764][279]LogModuleManager: Shutting down and abandoning module WindowsClientTargetPlatform (27)
[2016.01.26-23.34.06:764][279]LogModuleManager: Shutting down and abandoning module AllDesktopTargetPlatform (26)
[2016.01.26-23.34.06:764][279]LogModuleManager: Shutting down and abandoning module TargetPlatform (25)
[2016.01.26-23.34.06:765][279]LogModuleManager: Shutting down and abandoning module InputCore (24)
[2016.01.26-23.34.06:765][279]LogModuleManager: Shutting down and abandoning module Settings (23)
[2016.01.26-23.34.06:765][279]LogModuleManager: Shutting down and abandoning module Voice (21)
[2016.01.26-23.34.06:765][279]LogModuleManager: Shutting down and abandoning module OnlineSubsystem (18)
[2016.01.26-23.34.06:765][279]LogOnline:Display: NULL: FOnlineSubsystemNull::Shutdown()
[2016.01.26-23.34.06:765][279]LogOnline:Display: Unloading online subsystem: Null
[2016.01.26-23.34.06:765][279]LogModuleManager: Shutting down and abandoning module HTTP (17)
[2016.01.26-23.34.06:765][279]LogModuleManager: Shutting down and abandoning module XMPP (16)
[2016.01.26-23.34.06:765][279]LogModuleManager: Shutting down and abandoning module ExampleDeviceProfileSelector (15)
[2016.01.26-23.34.06:765][279]LogModuleManager: Shutting down and abandoning module TextureCompressor (14)
[2016.01.26-23.34.06:765][279]LogModuleManager: Shutting down and abandoning module ShaderCore (13)
[2016.01.26-23.34.06:765][279]LogModuleManager: Shutting down and abandoning module Landscape (12)
[2016.01.26-23.34.06:765][279]LogModuleManager: Shutting down and abandoning module SlateRHIRenderer (11)
[2016.01.26-23.34.06:765][279]LogModuleManager: Shutting down and abandoning module OpenGLDrv (10)
[2016.01.26-23.34.06:765][279]LogModuleManager: Shutting down and abandoning module D3D11RHI (9)
[2016.01.26-23.34.06:765][279]LogModuleManager: Shutting down and abandoning module AnimGraphRuntime (8)
[2016.01.26-23.34.06:765][279]LogModuleManager: Shutting down and abandoning module Renderer (7)
[2016.01.26-23.34.06:765][279]LogModuleManager: Shutting down and abandoning module Engine (6)
[2016.01.26-23.34.06:765][279]LogModuleManager: Shutting down and abandoning module CoreUObject (5)
[2016.01.26-23.34.06:765][279]LogModuleManager: Shutting down and abandoning module NetworkFile (4)
[2016.01.26-23.34.06:765][279]LogModuleManager: Shutting down and abandoning module StreamingFile (3)
[2016.01.26-23.34.06:765][279]LogModuleManager: Shutting down and abandoning module SandboxFile (2)
[2016.01.26-23.34.06:765][279]LogModuleManager: Shutting down and abandoning module PakFile (1)
[2016.01.26-23.34.06:766][279]LogExit: Exiting.
[2016.01.26-23.34.06:767][279]Log file closed, 01/26/16 18:34:06
