[2016.01.27-00.06.34:844][  0]Log file open, 01/26/16 19:06:34
[2016.01.27-00.06.34:844][  0]LogInit:Display: Running engine for game: LostAge
[2016.01.27-00.06.34:845][  0]LogInit:Display: RandInit(572913803) SRandInit(572913803).
[2016.01.27-00.06.34:845][  0]LogTaskGraph: Started task graph with 4 named threads and 7 total threads.
[2016.01.27-00.06.34:846][  0]LogStats: Stats thread started at 0.176083
[2016.01.27-00.06.34:846][  0]LogInit: Version: 4.9.2-2707645+++depot+UE4-Releases+4.9
[2016.01.27-00.06.34:846][  0]LogInit: API Version: 2672455
[2016.01.27-00.06.34:847][  0]LogInit: Compiled (64-bit): Sep 28 2015 10:25:44
[2016.01.27-00.06.34:847][  0]LogInit: Compiled with Visual C++: 18.00.21005.01
[2016.01.27-00.06.34:848][  0]LogInit: Build Configuration: Development
[2016.01.27-00.06.34:848][  0]LogInit: Branch Name: ++depot+UE4-Releases+4.9
[2016.01.27-00.06.34:848][  0]LogInit: Command line: 
[2016.01.27-00.06.34:848][  0]LogInit: Base directory: C:/Program Files/Epic Games/4.9/Engine/Binaries/Win64/
[2016.01.27-00.06.34:849][  0]LogInit: Rocket: 1
[2016.01.27-00.06.34:893][  0]LogInit: Using libcurl 7.41.0
[2016.01.27-00.06.34:893][  0]LogInit:  - built for x86_64-pc-win32
[2016.01.27-00.06.34:893][  0]LogInit:  - supports SSL with WinSSL
[2016.01.27-00.06.34:894][  0]LogInit:  - other features:
[2016.01.27-00.06.34:894][  0]LogInit:      CURL_VERSION_SSL
[2016.01.27-00.06.34:894][  0]LogInit:      CURL_VERSION_IPV6
[2016.01.27-00.06.34:894][  0]LogInit:      CURL_VERSION_ASYNCHDNS
[2016.01.27-00.06.34:895][  0]LogInit:      CURL_VERSION_LARGEFILE
[2016.01.27-00.06.34:895][  0]LogInit:      CURL_VERSION_IDN
[2016.01.27-00.06.34:895][  0]LogInit:  CurlRequestOptions (configurable via config and command line):
[2016.01.27-00.06.34:896][  0]LogInit:  - bVerifyPeer = true  - Libcurl will verify peer certificate
[2016.01.27-00.06.34:896][  0]LogInit:  - bUseHttpProxy = false  - Libcurl will NOT use HTTP proxy
[2016.01.27-00.06.34:896][  0]LogInit:  - bDontReuseConnections = false  - Libcurl will reuse connections
[2016.01.27-00.06.34:897][  0]LogInit:  - CertBundlePath = nullptr  - Libcurl will use whatever was configured at build time.
[2016.01.27-00.06.34:968][  0]LogInit: WinSock: version 1.1 (2.2), MaxSocks=32767, MaxUdp=65467
[2016.01.27-00.06.34:984][  0]LogVoice:Warning: Failed to initialize voice interface
[2016.01.27-00.06.34:990][  0]LogInit: Presizing for 0 objects not considered by GC, pre-allocating 0 bytes.
[2016.01.27-00.06.35:001][  0]LogInit: Object subsystem initialized
[2016.01.27-00.06.35:003][  0]LogInit: Selected Device Profile: [Windows]
[2016.01.27-00.06.35:004][  0]LogInit: Applying CVar settings loaded from the selected device profile: [Windows]
[2016.01.27-00.06.35:012][  0]LogInit: Computer: FREDERIC-PC
[2016.01.27-00.06.35:012][  0]LogInit: User: frederic
[2016.01.27-00.06.35:013][  0]LogInit: CPU Page size=4096, Cores=4
[2016.01.27-00.06.35:013][  0]LogInit: High frequency timer resolution =3.331240 MHz
[2016.01.27-00.06.35:013][  0]LogMemory: Memory total: Physical=15.9GB (16GB approx)
[2016.01.27-00.06.35:013][  0]LogMemory: Platform Memory Stats for Windows
[2016.01.27-00.06.35:014][  0]LogMemory: Process Physical Memory: 55.04 MB used, 55.04 MB peak
[2016.01.27-00.06.35:014][  0]LogMemory: Process Virtual Memory: 55.73 MB used, 55.73 MB peak
[2016.01.27-00.06.35:014][  0]LogMemory: Physical Memory: 6511.34 MB used, 16288.39 MB total
[2016.01.27-00.06.35:014][  0]LogMemory: Virtual Memory: 337.63 MB used, 8388608.00 MB total
[2016.01.27-00.06.35:107][  0]LogTextLocalizationManager: No translations for ('fr-CA') exist, falling back to 'en' for localization and internationalization data.
[2016.01.27-00.06.35:964][  0]LogD3D11RHI: Found D3D11 adapter 0: NVIDIA GeForce GTX 970 (Feature Level 11_0)
[2016.01.27-00.06.35:964][  0]LogD3D11RHI: Adapter has 4008MB of dedicated video memory, 0MB of dedicated system memory, and 7888MB of shared system memory, 1 output[s]
[2016.01.27-00.06.35:979][  0]LogD3D11RHI: Found D3D11 adapter 1: Intel(R) HD Graphics 3000 (Feature Level 10_0)
[2016.01.27-00.06.35:980][  0]LogD3D11RHI: Adapter has 64MB of dedicated video memory, 0MB of dedicated system memory, and 1632MB of shared system memory, 0 output[s]
[2016.01.27-00.06.35:980][  0]LogD3D11RHI: Chosen D3D11 Adapter Id = 0
[2016.01.27-00.06.35:985][  0]LogD3D11RHI: !Direct3DDevice
[2016.01.27-00.06.35:986][  0]LogRHI: Texture pool is 1361 MB (70% of 1945 MB)
[2016.01.27-00.06.36:052][  0]LogD3D11RHI: Async texture creation enabled
[2016.01.27-00.06.36:069][  0]LogShaderCompilers: Guid format shader working directory is 15 characters bigger than the processId version (../../../../../../Users/frederic/Documents/Unreal Projects/LostAge/Intermediate/Shaders/WorkingDirectory/3552/).
[2016.01.27-00.06.36:070][  0]LogShaderCompilers: Cleaned the shader compiler working directory '../../../../../../Users/frederic/Documents/Unreal Projects/LostAge/Intermediate/Shaders/tmp/AF1F51F3431FEDAA138CC593F8FBBAC4/'.
[2016.01.27-00.06.36:070][  0]LogShaderCompilers:Display: Using Local Shader Compiler.
[2016.01.27-00.06.37:399][  0]LogTemp:Display: Loaded TP AllDesktopTargetPlatform
[2016.01.27-00.06.37:419][  0]LogTemp:Display: Loaded TP WindowsClientTargetPlatform
[2016.01.27-00.06.37:442][  0]LogTemp:Display: Loaded TP WindowsNoEditorTargetPlatform
[2016.01.27-00.06.37:463][  0]LogTemp:Display: Loaded TP WindowsServerTargetPlatform
[2016.01.27-00.06.37:483][  0]LogTemp:Display: Loaded TP WindowsTargetPlatform
[2016.01.27-00.06.37:490][  0]LogTemp:Display: Loaded TP AndroidTargetPlatform
[2016.01.27-00.06.37:498][  0]LogTemp:Display: Loaded TP Android_ASTCTargetPlatform
[2016.01.27-00.06.37:505][  0]LogTemp:Display: Loaded TP Android_ATCTargetPlatform
[2016.01.27-00.06.37:515][  0]LogTemp:Display: Loaded TP Android_DXTTargetPlatform
[2016.01.27-00.06.37:524][  0]LogTemp:Display: Loaded TP Android_ETC1TargetPlatform
[2016.01.27-00.06.37:533][  0]LogTemp:Display: Loaded TP Android_ETC2TargetPlatform
[2016.01.27-00.06.37:542][  0]LogTemp:Display: Loaded TP Android_PVRTCTargetPlatform
[2016.01.27-00.06.37:547][  0]LogTemp:Display: Loaded TP HTML5TargetPlatform
[2016.01.27-00.06.37:584][  0]LogTemp:Display: Loaded TP IOSTargetPlatform
[2016.01.27-00.06.37:590][  0]LogTemp:Display: Loaded TP LinuxNoEditorTargetPlatform
[2016.01.27-00.06.37:599][  0]LogTemp:Display: Loaded TP LinuxServerTargetPlatform
[2016.01.27-00.06.37:606][  0]LogTemp:Display: Loaded TP LinuxTargetPlatform
[2016.01.27-00.06.37:607][  0]LogTargetPlatformManager:Display: Building Assets For Windows
[2016.01.27-00.06.37:855][  0]LogDerivedDataCache:Display: Max Cache Size: 512 MB
[2016.01.27-00.06.37:902][  0]LogDerivedDataCache: Loaded boot cache 0.05s 42MB C:/Users/frederic/AppData/Local/UnrealEngine/4.9/DerivedDataCache/Boot.ddc.
[2016.01.27-00.06.37:902][  0]LogDerivedDataCache:Display: Loaded Boot cache: C:/Users/frederic/AppData/Local/UnrealEngine/4.9/DerivedDataCache/Boot.ddc
[2016.01.27-00.06.37:903][  0]LogDerivedDataCache: FDerivedDataBackendGraph:  Pak pak cache file ../../../../../../Users/frederic/Documents/Unreal Projects/LostAge/DerivedDataCache/DDC.ddp not found, will not use a pak cache.
[2016.01.27-00.06.37:903][  0]LogDerivedDataCache: Unable to find inner node Pak for hierarchical cache Hierarchy.
[2016.01.27-00.06.37:903][  0]LogDerivedDataCache: FDerivedDataBackendGraph:  CompressedPak pak cache file ../../../../../../Users/frederic/Documents/Unreal Projects/LostAge/DerivedDataCache/Compressed.ddp not found, will not use a pak cache.
[2016.01.27-00.06.37:904][  0]LogDerivedDataCache: Unable to find inner node CompressedPak for hierarchical cache Hierarchy.
[2016.01.27-00.06.38:051][  0]LogDerivedDataCache:Display: Pak cache opened for reading ../../../Engine/DerivedDataCache/Compressed.ddp.
[2016.01.27-00.06.38:063][  0]LogDerivedDataCache: Using Local data cache path C:/Users/frederic/AppData/Local/UnrealEngine/Common/DerivedDataCache: Writable
[2016.01.27-00.06.38:282][  0]LogInit: Selected Device Profile: [Windows]
[2016.01.27-00.06.38:283][  0]LogContentStreaming: Texture pool size is 0.000000MB
[2016.01.27-00.06.38:332][  0]LogMeshUtilities: No automatic mesh reduction module available
[2016.01.27-00.06.38:333][  0]LogMeshUtilities: No automatic mesh merging module available
[2016.01.27-00.06.39:889][  0]UdpMessaging: Initializing bridge on interface 0.0.0.0:0 to multicast group 230.0.0.1:6666.
[2016.01.27-00.06.47:841][  0]LogAssetRegistry: FAssetRegistry took 0.0105 seconds to start up
[2016.01.27-00.06.48:228][  0]SourceControl: Info Source control is disabled
[2016.01.27-00.06.48:230][  0]SourceControl: Info Source control is disabled
[2016.01.27-00.06.48:247][  0]SourceControl: Info Source control is disabled
[2016.01.27-00.06.48:265][  0]SourceControl: Info Source control is disabled
[2016.01.27-00.06.48:452][  0]LogLinker:Warning: Asset '../../../Engine/Plugins/Runtime/LeapMotionController/Content/LM_PassthroughMaterial.uasset' has been saved with empty engine version. The asset will be loaded but may be incompatible.
[2016.01.27-00.06.48:557][  0]LogObj: 28402 objects as part of root set at end of initial load.
[2016.01.27-00.06.48:558][  0]LogUObjectAllocator: 6067872 out of 0 bytes used by permanent object pool.
[2016.01.27-00.06.48:653][  0]LogEngine: Initializing Engine...
[2016.01.27-00.06.48:656][  0]LogHMD: Can't find Oculus library dev build: is proper Runtime installed? Version: 0.7.0.0
[2016.01.27-00.06.48:658][  0]LogHMD: SteamVR failed to initialize.  Err: 110
[2016.01.27-00.06.48:805][  0]LogAIModule: Creating AISystem for world NewWorld
[2016.01.27-00.06.48:821][  0]LogInit: XAudio2 using 'Haut-parleurs (USB PnP Sound Device)' : 2 channels at 44.1 kHz using 16 bits per sample (channel mask 0x3)
[2016.01.27-00.06.48:840][  0]LogInit: FAudioDevice initialized.
[2016.01.27-00.06.48:862][  0]LogDerivedDataCache: Saved boot cache 0.02s 42MB C:/Users/frederic/AppData/Local/UnrealEngine/4.9/DerivedDataCache/Boot.ddc.
[2016.01.27-00.06.48:869][  0]LogInit: Texture streaming: Enabled
[2016.01.27-00.06.48:887][  0]LogAnalytics: Creating configured Analytics provider AnalyticsET
[2016.01.27-00.06.48:888][  0]LogAnalytics: [UEEditor.Rocket.Release] APIServer = http://et2.epicgames.com/ET2/. AppVersion = 4.9.2-2707645+++depot+UE4-Releases+4.9
[2016.01.27-00.06.48:888][  0]LogAnalytics: [UEEditor.Rocket.Release] SetUserId c8da8d664a36a98701fe659c10ae4ff8|70626fa7f476448fb82ad9618fbbb1ab|00e7fb16-00c3-4af4-a2a1-2cc8013aae38
[2016.01.27-00.06.48:888][  0]LogAnalytics: [UEEditor.Rocket.Release] AnalyticsET::StartSession
[2016.01.27-00.06.48:907][  0]LogInit: Transaction tracking system initialized
[2016.01.27-00.06.49:021][  0]BlueprintLog: New page: Editor Load
[2016.01.27-00.06.49:448][  0]LocalizationService: Info Localization service is disabled
[2016.01.27-00.06.49:631][  0]LogLinker:Warning: Can't find file '/Game/ThirdPersonCPP/ThirdPersonOverview'
[2016.01.27-00.06.49:632][  0]LogLinker:Warning: Can't find file '/Game/ThirdPersonCPP/ThirdPersonOverview'
[2016.01.27-00.06.49:632][  0]LogUObjectGlobals:Warning: Failed to find object 'Class /Game/ThirdPersonCPP/ThirdPersonOverview.ThirdPersonOverview_C'
[2016.01.27-00.06.49:665][  0]LogConsoleResponse:Display: 
[2016.01.27-00.06.49:791][  0]LogCook:Display: Done creating registry. It took  0.00s.
[2016.01.27-00.06.49:992][  0]LogFileCache: Scanning file cache for directory 'C:/Users/frederic/Documents/Unreal Projects/LostAge/Content/' took 0.01s
[2016.01.27-00.06.49:992][  0]SourceControl: Info Source control is disabled
[2016.01.27-00.06.49:993][  0]Cmd: MAP LOAD FILE="../../../../../../Users/frederic/Documents/Unreal Projects/LostAge/Content/FirstPersonCPP/Maps/MainMenu.umap" TEMPLATE=0 SHOWPROGRESS=1 FEATURELEVEL=3
[2016.01.27-00.06.49:993][  0]LightingResults: New page: Lighting Build
[2016.01.27-00.06.49:999][  0]MapCheck: New page: Map Check
[2016.01.27-00.06.49:999][  0]LightingResults: New page: Lighting Build
[2016.01.27-00.06.50:010][  0]LogParticles: Destroying 0 GPU particle simulations for FXSystem 0x000000002234AAC0
[2016.01.27-00.06.50:016][  0]LogAIModule: Creating AISystem for world MainMenu
[2016.01.27-00.06.50:018][  0]LogEditorServer: Finished looking for orphan Actors (0.000 secs)
[2016.01.27-00.06.50:019][  0]Cmd: MAP CHECKDEP NOCLEARLOG
[2016.01.27-00.06.50:058][  0]MapCheck: Info Map check complete: 0 Error(s), 0 Warning(s), took 38.297ms to complete.
[2016.01.27-00.06.50:058][  0]LogFileHelpers: Loading map 'MainMenu' took 0.066
[2016.01.27-00.06.50:175][  0]LogCollectionManager: Loaded 0 collections in 0.002238 seconds
[2016.01.27-00.06.50:219][  0]LogFileCache: Scanning file cache for directory 'C:/Users/frederic/Documents/Unreal Projects/LostAge/Saved/Collections/' took 0.01s
[2016.01.27-00.06.50:220][  0]LogFileCache: Scanning file cache for directory 'C:/Users/frederic/Documents/Unreal Projects/LostAge/Content/Developers/frederic/Collections/' took 0.01s
[2016.01.27-00.06.50:220][  0]LogFileCache: Scanning file cache for directory 'C:/Users/frederic/Documents/Unreal Projects/LostAge/Content/Collections/' took 0.01s
[2016.01.27-00.06.50:221][  0]LogContentBrowser: Native class hierarchy populated in 0.0083 seconds. Added 1875 classes and 335 folders.
[2016.01.27-00.06.50:229][  0]LogCollectionManager: Rebuilt the GUID cache for 0 collections in 0.000003 seconds
[2016.01.27-00.06.50:244][  0]LogContentBrowser: Native class hierarchy updated for 'WidgetCarousel' in 0.0030 seconds. Added 0 classes and 0 folders.
[2016.01.27-00.06.50:317][  0]LogContentBrowser: Native class hierarchy updated for 'AddContentDialog' in 0.0018 seconds. Added 0 classes and 0 folders.
[2016.01.27-00.06.50:343][  0]LogContentBrowser: Native class hierarchy updated for 'SceneOutliner' in 0.0020 seconds. Added 1 classes and 2 folders.
[2016.01.27-00.06.50:387][  0]LogCrashTracker: Crashtracker disabled due to settings.
[2016.01.27-00.06.50:391][  0]LogUObjectGlobals:Warning: Failed to find object 'Class None.'
[2016.01.27-00.06.50:414][  0]LogLoad: Full Startup: 16.72 seconds (BP compile: 0.00 seconds)
[2016.01.27-00.06.50:514][  0]LogContentStreaming: Texture pool size now 1000 MB
[2016.01.27-00.06.50:643][  2]LogRenderer: Reallocating scene render targets to support 972x516 (Frame:2).
[2016.01.27-00.06.50:772][  2]LogAssetRegistry: Asset discovery search completed in 2.9408 seconds
[2016.01.27-00.06.50:773][  2]LogCollectionManager: Rebuilt the object cache for 0 collections in 0.000001 seconds (found 0 objects)
[2016.01.27-00.06.50:773][  2]LogCollectionManager: Fixed up redirectors for 0 collections in 0.000372 seconds (updated 0 objects)
[2016.01.27-00.07.00:091][108]LogPlayLevel: PlayLevel: No blueprints needed recompiling
[2016.01.27-00.07.00:092][108]PIE: New page: PIE session: MainMenu (Jan 26, 2016, 2:07:00 PM)
[2016.01.27-00.07.00:163][108]LogPlayLevel: Creating play world package: /Game/FirstPersonCPP/Maps/UEDPIE_0_MainMenu
[2016.01.27-00.07.00:164][108]LogPlayLevel: PIE: StaticDuplicateObject took: (0.000496s)
[2016.01.27-00.07.00:165][108]LogAIModule: Creating AISystem for world MainMenu
[2016.01.27-00.07.00:165][108]LogPlayLevel: PIE: World Init took: (0.001135s)
[2016.01.27-00.07.00:166][108]LogPlayLevel: PIE: Created PIE world by copying editor world from /Game/FirstPersonCPP/Maps/MainMenu.MainMenu to /Game/FirstPersonCPP/Maps/UEDPIE_0_MainMenu.MainMenu (0.003112s)
[2016.01.27-00.07.00:186][108]LogInit: XAudio2 using 'Haut-parleurs (USB PnP Sound Device)' : 2 channels at 44.1 kHz using 16 bits per sample (channel mask 0x3)
[2016.01.27-00.07.00:190][108]LogInit: FAudioDevice initialized.
[2016.01.27-00.07.00:238][108]LogWorld: Game class is 'LostAgeGameMode'
[2016.01.27-00.07.02:666][108]LogWorld: Bringing World /Game/FirstPersonCPP/Maps/UEDPIE_0_MainMenu.MainMenu up for play (max tick rate 3) at 2016.01.26-19.07.02
[2016.01.27-00.07.02:667][108]LogActor:Warning: GameSession /Game/FirstPersonCPP/Maps/UEDPIE_0_MainMenu.MainMenu:PersistentLevel.GameSession_0 has natively added scene component(s), but none of them were set as the actor's RootComponent - picking one arbitrarily
[2016.01.27-00.07.02:667][108]LogActor:Warning: GameNetworkManager /Game/FirstPersonCPP/Maps/UEDPIE_0_MainMenu.MainMenu:PersistentLevel.GameNetworkManager_0 has natively added scene component(s), but none of them were set as the actor's RootComponent - picking one arbitrarily
[2016.01.27-00.07.02:668][108]LogWorld: Bringing up level for play took: 0.001964
[2016.01.27-00.07.02:679][108]LogVoice:Warning: Failed to initialize voice interface
[2016.01.27-00.07.05:762][108]LogOnline:Warning: NULL: Can't start an online game for session (Game) that hasn't been created
[2016.01.27-00.07.06:728][108]PIE: Info Play in editor start time for /Game/FirstPersonCPP/Maps/UEDPIE_0_MainMenu 6.982
[2016.01.27-00.07.09:448][311]LogInit: WinSock: I am frederic-PC (192.168.1.103:0)
[2016.01.27-00.07.09:506][311]LogPackageName: SearchForPackageOnDisk took   0.056s to resolve FirstPersonExampleMap.umap.
[2016.01.27-00.07.09:567][311]LogPackageName: SearchForPackageOnDisk took   0.060s to resolve FirstPersonExampleMap.umap.
[2016.01.27-00.07.09:568][311]LogNet: Browse: /Game/FirstPersonCPP/Maps/FirstPersonExampleMap?listen
[2016.01.27-00.07.09:568][311]LogLoad: LoadMap: /Game/FirstPersonCPP/Maps/FirstPersonExampleMap?listen
[2016.01.27-00.07.09:585][311]LogParticles: Destroying 0 GPU particle simulations for FXSystem 0x000000004171F7E0
[2016.01.27-00.07.09:591][311]Cmd: MEM
[2016.01.27-00.07.09:602][311]LogMemory: Platform Memory Stats for Windows
[2016.01.27-00.07.09:603][311]LogMemory: Process Physical Memory: 575.51 MB used, 605.04 MB peak
[2016.01.27-00.07.09:603][311]LogMemory: Process Virtual Memory: 949.39 MB used, 967.80 MB peak
[2016.01.27-00.07.09:603][311]LogMemory: Physical Memory: 8039.52 MB used, 16288.39 MB total
[2016.01.27-00.07.09:604][311]LogMemory: Virtual Memory: 1629.49 MB used, 8388608.00 MB total
[2016.01.27-00.07.09:604][311]LogMemory: 
[2016.01.27-00.07.09:604][311]Allocator Stats for TBB: (not implemented)
[2016.01.27-00.07.10:463][311]LogAIModule: Creating AISystem for world FirstPersonExampleMap
[2016.01.27-00.07.10:464][311]LogWorld: Game class is 'LostAgeGameMode'
[2016.01.27-00.07.13:173][311]LogInit: WinSock: Socket queue 131072 / 131072
[2016.01.27-00.07.13:173][311]LogNet: GameNetDriver IpNetDriver_0 IpNetDriver listening on port 7777
[2016.01.27-00.07.13:191][311]LogWorld: Bringing World /Game/FirstPersonCPP/Maps/UEDPIE_0_FirstPersonExampleMap.FirstPersonExampleMap up for play (max tick rate 3) at 2016.01.26-19.07.13
[2016.01.27-00.07.13:192][311]LogActor:Warning: GameSession /Game/FirstPersonCPP/Maps/UEDPIE_0_FirstPersonExampleMap.FirstPersonExampleMap:PersistentLevel.GameSession_1 has natively added scene component(s), but none of them were set as the actor's RootComponent - picking one arbitrarily
[2016.01.27-00.07.13:193][311]LogActor:Warning: GameNetworkManager /Game/FirstPersonCPP/Maps/UEDPIE_0_FirstPersonExampleMap.FirstPersonExampleMap:PersistentLevel.GameNetworkManager_1 has natively added scene component(s), but none of them were set as the actor's RootComponent - picking one arbitrarily
[2016.01.27-00.07.13:193][311]LogWorld: Bringing up level for play took: 0.018763
[2016.01.27-00.07.15:171][311]LogOnline:Warning: NULL: Can't start an online session (Game) in state InProgress
[2016.01.27-00.07.18:104][445]LogOnline:Display: NULL: FOnlineSubsystemNull::Shutdown()
[2016.01.27-00.07.18:106][445]LogPlayLevel:Display: Shutting down PIE online subsystems
[2016.01.27-00.07.18:121][445]LogExit: GameNetDriver None shut down
[2016.01.27-00.07.18:123][445]LogParticles: Destroying 0 GPU particle simulations for FXSystem 0x00000000272985E0
[2016.01.27-00.07.18:218][446]LogPlayLevel:Display: Destroying online subsystem :Context_2
[2016.01.27-00.07.18:218][446]LogOnline:Display: NULL: FOnlineSubsystemNull::Shutdown()
[2016.01.27-00.07.20:782][736]LogSavePackage: Save=7.644300ms
[2016.01.27-00.07.20:783][736]LogSavePackage: Moving '../../../../../../Users/frederic/Documents/Unreal Projects/LostAge/Saved/UEDPCMainMenu2D5A14884DBCD9E54A1CD2A12FF68F6D.tmp' to '../../../../../../Users/frederic/Documents/Unreal Projects/LostAge/Saved/Autosaves/Game/Fi