[2016.01.26-22.58.49:980][  0]Log file open, 01/26/16 17:58:49
[2016.01.26-22.58.49:980][  0]LogInit:Display: Running engine for game: LostAge
[2016.01.26-22.58.49:980][  0]LogInit:Display: RandInit(-82502477) SRandInit(-82502477).
[2016.01.26-22.58.49:980][  0]LogTaskGraph: Started task graph with 4 named threads and 7 total threads.
[2016.01.26-22.58.49:981][  0]LogStats: Stats thread started at 0.146037
[2016.01.26-22.58.49:981][  0]LogInit: Version: 4.9.2-2707645+++depot+UE4-Releases+4.9
[2016.01.26-22.58.49:981][  0]LogInit: API Version: 2672455
[2016.01.26-22.58.49:981][  0]LogInit: Compiled (64-bit): Sep 28 2015 10:25:44
[2016.01.26-22.58.49:982][  0]LogInit: Compiled with Visual C++: 18.00.21005.01
[2016.01.26-22.58.49:982][  0]LogInit: Build Configuration: DebugGame
[2016.01.26-22.58.49:982][  0]LogInit: Branch Name: ++depot+UE4-Releases+4.9
[2016.01.26-22.58.49:982][  0]LogInit: Command line:  -debug
[2016.01.26-22.58.49:983][  0]LogInit: Base directory: C:/Program Files/Epic Games/4.9/Engine/Binaries/Win64/
[2016.01.26-22.58.49:983][  0]LogInit: Rocket: 1
[2016.01.26-22.58.50:021][  0]LogInit: Using libcurl 7.41.0
[2016.01.26-22.58.50:021][  0]LogInit:  - built for x86_64-pc-win32
[2016.01.26-22.58.50:021][  0]LogInit:  - supports SSL with WinSSL
[2016.01.26-22.58.50:022][  0]LogInit:  - other features:
[2016.01.26-22.58.50:022][  0]LogInit:      CURL_VERSION_SSL
[2016.01.26-22.58.50:022][  0]LogInit:      CURL_VERSION_IPV6
[2016.01.26-22.58.50:023][  0]LogInit:      CURL_VERSION_ASYNCHDNS
[2016.01.26-22.58.50:023][  0]LogInit:      CURL_VERSION_LARGEFILE
[2016.01.26-22.58.50:023][  0]LogInit:      CURL_VERSION_IDN
[2016.01.26-22.58.50:023][  0]LogInit:  CurlRequestOptions (configurable via config and command line):
[2016.01.26-22.58.50:024][  0]LogInit:  - bVerifyPeer = true  - Libcurl will verify peer certificate
[2016.01.26-22.58.50:024][  0]LogInit:  - bUseHttpProxy = false  - Libcurl will NOT use HTTP proxy
[2016.01.26-22.58.50:024][  0]LogInit:  - bDontReuseConnections = false  - Libcurl will reuse connections
[2016.01.26-22.58.50:024][  0]LogInit:  - CertBundlePath = nullptr  - Libcurl will use whatever was configured at build time.
[2016.01.26-22.58.50:076][  0]LogInit: WinSock: version 1.1 (2.2), MaxSocks=32767, MaxUdp=65467
[2016.01.26-22.58.50:088][  0]LogVoice:Warning: Failed to initialize voice interface
[2016.01.26-22.58.50:094][  0]LogInit: Presizing for 0 objects not considered by GC, pre-allocating 0 bytes.
[2016.01.26-22.58.50:101][  0]LogInit: Object subsystem initialized
[2016.01.26-22.58.50:103][  0]LogInit: Selected Device Profile: [Windows]
[2016.01.26-22.58.50:104][  0]LogInit: Applying CVar settings loaded from the selected device profile: [Windows]
[2016.01.26-22.58.50:111][  0]LogInit: Computer: FREDERIC-PC
[2016.01.26-22.58.50:112][  0]LogInit: User: frederic
[2016.01.26-22.58.50:112][  0]LogInit: CPU Page size=4096, Cores=4
[2016.01.26-22.58.50:112][  0]LogInit: High frequency timer resolution =3.331240 MHz
[2016.01.26-22.58.50:113][  0]LogMemory: Memory total: Physical=15.9GB (16GB approx)
[2016.01.26-22.58.50:113][  0]LogMemory: Platform Memory Stats for Windows
[2016.01.26-22.58.50:113][  0]LogMemory: Process Physical Memory: 55.11 MB used, 55.11 MB peak
[2016.01.26-22.58.50:114][  0]LogMemory: Process Virtual Memory: 55.75 MB used, 55.75 MB peak
[2016.01.26-22.58.50:114][  0]LogMemory: Physical Memory: 6736.61 MB used, 16288.39 MB total
[2016.01.26-22.58.50:114][  0]LogMemory: Virtual Memory: 337.63 MB used, 8388608.00 MB total
[2016.01.26-22.58.50:185][  0]LogTextLocalizationManager: No translations for ('fr-CA') exist, falling back to 'en' for localization and internationalization data.
[2016.01.26-22.58.50:849][  0]LogD3D11RHI: Found D3D11 adapter 0: NVIDIA GeForce GTX 970 (Feature Level 11_0)
[2016.01.26-22.58.50:849][  0]LogD3D11RHI: Adapter has 4008MB of dedicated video memory, 0MB of dedicated system memory, and 7888MB of shared system memory, 1 output[s]
[2016.01.26-22.58.50:856][  0]LogD3D11RHI: Found D3D11 adapter 1: Intel(R) HD Graphics 3000 (Feature Level 10_0)
[2016.01.26-22.58.50:857][  0]LogD3D11RHI: Adapter has 64MB of dedicated video memory, 0MB of dedicated system memory, and 1632MB of shared system memory, 0 output[s]
[2016.01.26-22.58.50:857][  0]LogD3D11RHI: Chosen D3D11 Adapter Id = 0
[2016.01.26-22.58.50:862][  0]LogD3D11RHI: !Direct3DDevice
[2016.01.26-22.58.50:863][  0]LogRHI: Texture pool is 1361 MB (70% of 1945 MB)
[2016.01.26-22.58.50:893][  0]LogD3D11RHI: Async texture creation enabled
[2016.01.26-22.58.50:908][  0]LogShaderCompilers: Guid format shader working directory is 15 characters bigger than the processId version (../../../../../../Users/frederic/Documents/Unreal Projects/LostAge/Intermediate/Shaders/WorkingDirectory/3116/).
[2016.01.26-22.58.50:909][  0]LogShaderCompilers: Cleaned the shader compiler working directory '../../../../../../Users/frederic/Documents/Unreal Projects/LostAge/Intermediate/Shaders/tmp/1E81745C44EA9F852F59B8B40FC2C8C5/'.
[2016.01.26-22.58.50:909][  0]LogShaderCompilers:Display: Using Local Shader Compiler.
[2016.01.26-22.58.52:098][  0]LogTemp:Display: Loaded TP AllDesktopTargetPlatform
[2016.01.26-22.58.52:115][  0]LogTemp:Display: Loaded TP WindowsClientTargetPlatform
[2016.01.26-22.58.52:129][  0]LogTemp:Display: Loaded TP WindowsNoEditorTargetPlatform
[2016.01.26-22.58.52:143][  0]LogTemp:Display: Loaded TP WindowsServerTargetPlatform
[2016.01.26-22.58.52:157][  0]LogTemp:Display: Loaded TP WindowsTargetPlatform
[2016.01.26-22.58.52:165][  0]LogTemp:Display: Loaded TP AndroidTargetPlatform
[2016.01.26-22.58.52:175][  0]LogTemp:Display: Loaded TP Android_ASTCTargetPlatform
[2016.01.26-22.58.52:184][  0]LogTemp:Display: Loaded TP Android_ATCTargetPlatform
[2016.01.26-22.58.52:192][  0]LogTemp:Display: Loaded TP Android_DXTTargetPlatform
[2016.01.26-22.58.52:200][  0]LogTemp:Display: Loaded TP Android_ETC1TargetPlatform
[2016.01.26-22.58.52:207][  0]LogTemp:Display: Loaded TP Android_ETC2TargetPlatform
[2016.01.26-22.58.52:215][  0]LogTemp:Display: Loaded TP Android_PVRTCTargetPlatform
[2016.01.26-22.58.52:219][  0]LogTemp:Display: Loaded TP HTML5TargetPlatform
[2016.01.26-22.58.52:252][  0]LogTemp:Display: Loaded TP IOSTargetPlatform
[2016.01.26-22.58.52:258][  0]LogTemp:Display: Loaded TP LinuxNoEditorTargetPlatform
[2016.01.26-22.58.52:266][  0]LogTemp:Display: Loaded TP LinuxServerTargetPlatform
[2016.01.26-22.58.52:273][  0]LogTemp:Display: Loaded TP LinuxTargetPlatform
[2016.01.26-22.58.52:273][  0]LogTargetPlatformManager:Display: Building Assets For Windows
[2016.01.26-22.58.52:474][  0]LogDerivedDataCache:Display: Max Cache Size: 512 MB
[2016.01.26-22.58.52:519][  0]LogDerivedDataCache: Loaded boot cache 0.04s 42MB C:/Users/frederic/AppData/Local/UnrealEngine/4.9/DerivedDataCache/Boot.ddc.
[2016.01.26-22.58.52:520][  0]LogDerivedDataCache:Display: Loaded Boot cache: C:/Users/frederic/AppData/Local/UnrealEngine/4.9/DerivedDataCache/Boot.ddc
[2016.01.26-22.58.52:520][  0]LogDerivedDataCache: FDerivedDataBackendGraph:  Pak pak cache file ../../../../../../Users/frederic/Documents/Unreal Projects/LostAge/DerivedDataCache/DDC.ddp not found, will not use a pak cache.
[2016.01.26-22.58.52:520][  0]LogDerivedDataCache: Unable to find inner node Pak for hierarchical cache Hierarchy.
[2016.01.26-22.58.52:521][  0]LogDerivedDataCache: FDerivedDataBackendGraph:  CompressedPak pak cache file ../../../../../../Users/frederic/Documents/Unreal Projects/LostAge/DerivedDataCache/Compressed.ddp not found, will not use a pak cache.
[2016.01.26-22.58.52:521][  0]LogDerivedDataCache: Unable to find inner node CompressedPak for hierarchical cache Hierarchy.
[2016.01.26-22.58.52:670][  0]LogDerivedDataCache:Display: Pak cache opened for reading ../../../Engine/DerivedDataCache/Compressed.ddp.
[2016.01.26-22.58.52:683][  0]LogDerivedDataCache: Using Local data cache path C:/Users/frederic/AppData/Local/UnrealEngine/Common/DerivedDataCache: Writable
[2016.01.26-22.58.52:882][  0]LogInit: Selected Device Profile: [Windows]
[2016.01.26-22.58.52:883][  0]LogContentStreaming: Texture pool size is 0.000000MB
[2016.01.26-22.58.52:919][  0]LogMeshUtilities: No automatic mesh reduction module available
[2016.01.26-22.58.52:920][  0]LogMeshUtilities: No automatic mesh merging module available
[2016.01.26-22.58.54:284][  0]UdpMessaging: Initializing bridge on interface 0.0.0.0:0 to multicast group 230.0.0.1:6666.
[2016.01.26-22.58.54:624][  0]LogAssetRegistry: FAssetRegistry took 0.0109 seconds to start up
[2016.01.26-22.58.54:945][  0]SourceControl: Info Source control is disabled
[2016.01.26-22.58.54:947][  0]SourceControl: Info Source control is disabled
[2016.01.26-22.58.54:969][  0]SourceControl: Info Source control is disabled
[2016.01.26-22.58.54:987][  0]SourceControl: Info Source control is disabled
[2016.01.26-22.58.55:179][  0]LogLinker:Warning: Asset '../../../Engine/Plugins/Runtime/LeapMotionController/Content/LM_PassthroughMaterial.uasset' has been saved with empty engine version. The asset will be loaded but may be incompatible.
[2016.01.26-22.58.55:282][  0]LogObj: 31792 objects as part of root set at end of initial load.
[2016.01.26-22.58.55:282][  0]LogUObjectAllocator: 7252992 out of 0 bytes used by permanent object pool.
[2016.01.26-22.58.55:361][  0]LogEngine: Initializing Engine...
[2016.01.26-22.58.55:364][  0]LogHMD: Can't find Oculus library dev build: is proper Runtime installed? Version: 0.7.0.0
[2016.01.26-22.58.55:366][  0]LogHMD: SteamVR failed to initialize.  Err: 110
[2016.01.26-22.58.55:511][  0]LogAIModule: Creating AISystem for world NewWorld
[2016.01.26-22.58.55:528][  0]LogInit: XAudio2 using 'Haut-parleurs (USB PnP Sound Device)' : 2 channels at 44.1 kHz using 16 bits per sample (channel mask 0x3)
[2016.01.26-22.58.55:548][  0]LogInit: FAudioDevice initialized.
[2016.01.26-22.58.55:570][  0]LogDerivedDataCache: Saved boot cache 0.02s 42MB C:/Users/frederic/AppData/Local/UnrealEngine/4.9/DerivedDataCache/Boot.ddc.
[2016.01.26-22.58.55:576][  0]LogInit: Texture streaming: Enabled
[2016.01.26-22.58.55:591][  0]LogAnalytics: Creating configured Analytics provider AnalyticsET
[2016.01.26-22.58.55:592][  0]LogAnalytics: [UEEditor.Rocket.Release] APIServer = http://et2.epicgames.com/ET2/. AppVersion = 4.9.2-2707645+++depot+UE4-Releases+4.9
[2016.01.26-22.58.55:592][  0]LogAnalytics: [UEEditor.Rocket.Release] SetUserId c8da8d664a36a98701fe659c10ae4ff8|70626fa7f476448fb82ad9618fbbb1ab|00e7fb16-00c3-4af4-a2a1-2cc8013aae38
[2016.01.26-22.58.55:592][  0]LogAnalytics: [UEEditor.Rocket.Release] AnalyticsET::StartSession
[2016.01.26-22.58.55:610][  0]LogInit: Transaction tracking system initialized
[2016.01.26-22.58.55:703][  0]BlueprintLog: New page: Editor Load
[2016.01.26-22.58.56:051][  0]LocalizationService: Info Localization service is disabled
[2016.01.26-22.58.56:198][  0]LogLinker:Warning: Can't find file '/Game/ThirdPersonCPP/ThirdPersonOverview'
[2016.01.26-22.58.56:198][  0]LogLinker:Warning: Can't find file '/Game/ThirdPersonCPP/ThirdPersonOverview'
[2016.01.26-22.58.56:199][  0]LogUObjectGlobals:Warning: Failed to find object 'Class /Game/ThirdPersonCPP/ThirdPersonOverview.ThirdPersonOverview_C'
[2016.01.26-22.58.56:232][  0]LogConsoleResponse:Display: 
[2016.01.26-22.58.56:361][  0]LogCook:Display: Done creating registry. It took  0.00s.
[2016.01.26-22.58.56:519][  0]LogFileCache: Scanning file cache for directory 'C:/Users/frederic/Documents/Unreal Projects/LostAge/Content/' took 0.01s
[2016.01.26-22.58.56:519][  0]SourceControl: Info Source control is disabled
[2016.01.26-22.58.56:519][  0]Cmd: MAP LOAD FILE="../../../../../../Users/frederic/Documents/Unreal Projects/LostAge/Content/FirstPersonCPP/Maps/MainMenu.umap" TEMPLATE=0 SHOWPROGRESS=1 FEATURELEVEL=3
[2016.01.26-22.58.56:520][  0]LightingResults: New page: Lighting Build
[2016.01.26-22.58.56:526][  0]MapCheck: New page: Map Check
[2016.01.26-22.58.56:526][  0]LightingResults: New page: Lighting Build
[2016.01.26-22.58.56:540][  0]LogParticles: Destroying 0 GPU particle simulations for FXSystem 0x000000002390A160
[2016.01.26-22.58.56:546][  0]LogAIModule: Creating AISystem for world MainMenu
[2016.01.26-22.58.56:548][  0]LogEditorServer: Finished looking for orphan Actors (0.000 secs)
[2016.01.26-22.58.56:549][  0]Cmd: MAP CHECKDEP NOCLEARLOG
[2016.01.26-22.58.56:603][  0]MapCheck: Info Map check complete: 0 Error(s), 0 Warning(s), took 53.671ms to complete.
[2016.01.26-22.58.56:604][  0]LogFileHelpers: Loading map 'MainMenu' took 0.085
[2016.01.26-22.58.56:711][  0]LogCollectionManager: Loaded 0 collections in 0.002296 seconds
[2016.01.26-22.58.56:757][  0]LogFileCache: Scanning file cache for directory 'C:/Users/frederic/Documents/Unreal Projects/LostAge/Saved/Collections/' took 0.01s
[2016.01.26-22.58.56:759][  0]LogFileCache: Scanning file cache for directory 'C:/Users/frederic/Documents/Unreal Projects/LostAge/Content/Developers/frederic/Collections/' took 0.01s
[2016.01.26-22.58.56:759][  0]LogFileCache: Scanning file cache for directory 'C:/Users/frederic/Documents/Unreal Projects/LostAge/Content/Collections/' took 0.01s
[2016.01.26-22.58.56:759][  0]LogContentBrowser: Native class hierarchy populated in 0.0087 seconds. Added 1875 classes and 335 folders.
[2016.01.26-22.58.56:769][  0]LogCollectionManager: Rebuilt the GUID cache for 0 collections in 0.000002 seconds
[2016.01.26-22.58.56:786][  0]LogContentBrowser: Native class hierarchy updated for 'WidgetCarousel' in 0.0029 seconds. Added 0 classes and 0 folders.
[2016.01.26-22.58.56:852][  0]LogContentBrowser: Native class hierarchy updated for 'AddContentDialog' in 0.0020 seconds. Added 0 classes and 0 folders.
[2016.01.26-22.58.56:872][  0]LogContentBrowser: Native class hierarchy updated for 'SceneOutliner' in 0.0018 seconds. Added 1 classes and 2 folders.
[2016.01.26-22.58.56:903][  0]LogCrashTracker: Crashtracker disabled due to settings.
[2016.01.26-22.58.56:907][  0]LogUObjectGlobals:Warning: Failed to find object 'Class None.'
[2016.01.26-22.58.56:928][  0]LogLoad: Full Startup: 7.93 seconds (BP compile: 0.03 seconds)
[2016.01.26-22.58.57:042][  0]LogContentStreaming: Texture pool size now 1000 MB
[2016.01.26-22.58.57:180][  2]LogRenderer: Reallocating scene render targets to support 960x500 (Frame:2).
[2016.01.26-22.58.57:348][  3]LogAssetRegistry: Asset discovery search completed in 2.7351 seconds
[2016.01.26-22.58.57:349][  3]LogCollectionManager: Rebuilt the object cache for 0 collections in 0.000001 seconds (found 0 objects)
[2016.01.26-22.58.57:349][  3]LogCollectionManager: Fixed up redirectors for 0 collections in 0.000346 seconds (updated 0 objects)
[2016.01.26-22.59.12:192][753]LogAIModule: Creating AISystem for world FirstPersonExampleMap
[2016.01.26-22.59.12:236][753]Cmd: MAP LOAD FILE="../../../../../../Users/frederic/Documents/Unreal Projects/LostAge/Content/FirstPersonCPP/Maps/FirstPersonExampleMap.umap" TEMPLATE=0 SHOWPROGRESS=1 FEATURELEVEL=3
[2016.01.26-22.59.12:237][753]LightingResults: New page: Lighting Build
[2016.01.26-22.59.12:254][753]LoadErrors: New page: Loading map: FirstPersonExampleMap.umap
[2016.01.26-22.59.12:255][753]MapCheck: New page: Map Check
[2016.01.26-22.59.12:255][753]LightingResults: New page: Lighting Build
[2016.01.26-22.59.12:266][753]LogParticles: Destroying 0 GPU particle simulations for FXSystem 0x0000000013C0B240
[2016.01.26-22.59.12:270][753]LogEditorServer: Finished looking for orphan Actors (0.000 secs)
[2016.01.26-22.59.12:302][753]Cmd: MAP CHECKDEP NOCLEARLOG
[2016.01.26-22.59.12:348][753]MapCheck: Info Map check complete: 0 Error(s), 0 Warning(s), took 45.935ms to complete.
[2016.01.26-22.59.12:349][753]LogFileHelpers: Loading map 'FirstPersonExampleMap' took 0.114
[2016.01.26-22.59.17:045][281]LogEditorViewport: Clicking on Actor (LMB): PlayerStart (NetworkPlayerStart)
[2016.01.26-22.59.20:000][632]Cmd: DELETE
[2016.01.26-22.59.20:000][632]Cmd: ACTOR DELETE
[2016.01.26-22.59.20:030][632]LogEditorActor: Deleted Actor: PlayerStart
[2016.01.26-22.59.20:041][632]LogEditorActor: Deleted 1 Actors (0.016 secs)
[2016.01.26-22.59.35:168][415]LogBlueprintUserMessages: Early PlayInEditor Detection: Level '/Game/FirstPersonCPP/Maps/FirstPersonExampleMap.FirstPersonExampleMap:PersistentLevel' has LevelScriptBlueprint '/Game/FirstPersonCPP/Maps/FirstPersonExampleMap.FirstPersonExampleMap:PersistentLevel.FirstPersonExampleMap' with GeneratedClass '/Game/FirstPersonCPP/Maps/FirstPersonExampleMap.FirstPersonExampleMap_C' with ClassGeneratedBy '/Game/FirstPersonCPP/Maps/FirstPersonExampleMap.FirstPersonExampleMap:PersistentLevel.FirstPersonExampleMap'
[2016.01.26-22.59.35:169][415]LogPlayLevel: PlayLevel: No blueprints needed recompiling
[2016.01.26-22.59.35:170][415]PIE: New page: PIE session: FirstPersonExampleMap (Jan 26, 2016, 12:59:35 PM)
[2016.01.26-22.59.35:237][415]LogPlayLevel: Creating play world package: /Game/FirstPersonCPP/Maps/UEDPIE_0_FirstPersonExampleMap
[2016.01.26-22.59.35:261][415]LogPlayLevel: PIE: StaticDuplicateObject took: (0.023902s)
[2016.01.26-22.59.35:263][415]LogAIModule: Creating AISystem for world FirstPersonExampleMap
[2016.01.26-22.59.35:263][415]LogPlayLevel: PIE: World Init took: (0.001165s)
[2016.01.26-22.59.35:264][415]LogPlayLevel: PIE: Created PIE world by copying editor world from /Game/FirstPersonCPP/Maps/FirstPersonExampleMap.FirstPersonExampleMap to /Game/FirstPersonCPP/Maps/UEDPIE_0_FirstPersonExampleMap.FirstPersonExampleMap (0.027021s)
[2016.01.26-22.59.35:264][415]LogActorComponent: UnregisterComponent: (/Engine/Transient.MovementComponent0) Not registered. Aborting.
[2016.01.26-22.59.35:287][415]LogInit: XAudio2 using 'Haut-parleurs (USB PnP Sound Device)' : 2 channels at 44.1 kHz using 16 bits per sample (channel mask 0x3)
[2016.01.26-22.59.35:291][415]LogInit: FAudioDevice initialized.
[2016.01.26-22.59.35:339][415]LogWorld: Game class is 'LostAgeGameMode'
[2016.01.26-22.59.35:344][415]LogWorld: Bringing World /Game/FirstPersonCPP/Maps/UEDPIE_0_FirstPersonExampleMap.FirstPersonExampleMap up for play (max tick rate 0) at 2016.01.26-17.59.35
[2016.01.26-22.59.35:345][415]LogActor:Warning: GameSession /Game/FirstPersonCPP/Maps/UEDPIE_0_FirstPersonExampleMap.FirstPersonExampleMap:PersistentLevel.GameSession_0 has natively added scene component(s), but none of them were set as the actor's RootComponent - picking one arbitrarily
[2016.01.26-22.59.35:345][415]LogActor:Warning: GameNetworkManager /Game/FirstPersonCPP/Maps/UEDPIE_0_FirstPersonExampleMap.FirstPersonExampleMap:PersistentLevel.GameNetworkManager_0 has natively added scene component(s), but none of them were set as the actor's RootComponent - picking one arbitrarily
[2016.01.26-22.59.35:346][415]LogWorld: Bringing up level for play took: 0.005428
[2016.01.26-22.59.35:356][415]LogVoice:Warning: Failed to initialize voice interface
[2016.01.26-22.59.35:358][415]LogOnline:Warning: NULL: Can't start an online game for session (Game) that hasn't been created
[2016.01.26-22.59.35:360][415]PIE: Info Play in editor start time for /Game/FirstPersonCPP/Maps/UEDPIE_0_FirstPersonExampleMap -0.312
[2016.01.26-22.59.35:360][415]LogBlueprintUserMessages: Late PlayInEditor Detection: Level '/Game/FirstPersonCPP/Maps/FirstPersonExampleMap.FirstPersonExampleMap:PersistentLevel' has LevelScriptBlueprint '/Game/FirstPersonCPP/Maps/FirstPersonExampleMap.FirstPersonExampleMap:PersistentLevel.FirstPersonExampleMap' with GeneratedClass '/Game/FirstPersonCPP/Maps/FirstPersonExampleMap.FirstPersonExampleMap_C' with ClassGeneratedBy '/Game/FirstPersonCPP/Maps/FirstPersonExampleMap.FirstPersonExampleMap:PersistentLevel.FirstPersonExampleMap'
[2016.01.26-23.01.02:930][911]LogOnline:Warning: NULL: Can't destroy a null online session (Game)
[2016.01.26-23.01.03:180][941]LogOnline:Warning: NULL: Can't destroy a null online session (Game)
[2016.01.26-23.01.03:463][975]LogOnline:Warning: NULL: Can't destroy a null online session (Game)
[2016.01.26-23.01.03:996][ 39]LogOnline:Warning: NULL: Can't destroy a null online session (Game)
[2016.01.26-23.01.04:830][139]LogOnline:Warning: NULL: Can't destroy a null online session (Game)
[2016.01.26-23.01.05:530][223]LogOnline:Warning: NULL: Can't destroy a null online session (Game)
[2016.01.26-23.01.05:855][