[2016.01.26-23.29.15:011][  0]Log file open, 01/26/16 18:29:15
[2016.01.26-23.29.15:011][  0]LogInit:Display: Running engine for game: LostAge
[2016.01.26-23.29.15:011][  0]LogInit:Display: RandInit(1702100094) SRandInit(1702100094).
[2016.01.26-23.29.15:011][  0]LogTaskGraph: Started task graph with 4 named threads and 7 total threads.
[2016.01.26-23.29.15:011][  0]LogStats: Stats thread started at 0.149736
[2016.01.26-23.29.15:012][  0]LogInit: Version: 4.9.2-2707645+++depot+UE4-Releases+4.9
[2016.01.26-23.29.15:012][  0]LogInit: API Version: 2672455
[2016.01.26-23.29.15:012][  0]LogInit: Compiled (64-bit): Sep 28 2015 10:25:44
[2016.01.26-23.29.15:012][  0]LogInit: Compiled with Visual C++: 18.00.21005.01
[2016.01.26-23.29.15:013][  0]LogInit: Build Configuration: DebugGame
[2016.01.26-23.29.15:013][  0]LogInit: Branch Name: ++depot+UE4-Releases+4.9
[2016.01.26-23.29.15:013][  0]LogInit: Command line:  -debug
[2016.01.26-23.29.15:013][  0]LogInit: Base directory: C:/Program Files/Epic Games/4.9/Engine/Binaries/Win64/
[2016.01.26-23.29.15:013][  0]LogInit: Rocket: 1
[2016.01.26-23.29.15:045][  0]LogInit: Using libcurl 7.41.0
[2016.01.26-23.29.15:045][  0]LogInit:  - built for x86_64-pc-win32
[2016.01.26-23.29.15:045][  0]LogInit:  - supports SSL with WinSSL
[2016.01.26-23.29.15:046][  0]LogInit:  - other features:
[2016.01.26-23.29.15:046][  0]LogInit:      CURL_VERSION_SSL
[2016.01.26-23.29.15:046][  0]LogInit:      CURL_VERSION_IPV6
[2016.01.26-23.29.15:046][  0]LogInit:      CURL_VERSION_ASYNCHDNS
[2016.01.26-23.29.15:046][  0]LogInit:      CURL_VERSION_LARGEFILE
[2016.01.26-23.29.15:047][  0]LogInit:      CURL_VERSION_IDN
[2016.01.26-23.29.15:047][  0]LogInit:  CurlRequestOptions (configurable via config and command line):
[2016.01.26-23.29.15:047][  0]LogInit:  - bVerifyPeer = true  - Libcurl will verify peer certificate
[2016.01.26-23.29.15:047][  0]LogInit:  - bUseHttpProxy = false  - Libcurl will NOT use HTTP proxy
[2016.01.26-23.29.15:048][  0]LogInit:  - bDontReuseConnections = false  - Libcurl will reuse connections
[2016.01.26-23.29.15:048][  0]LogInit:  - CertBundlePath = nullptr  - Libcurl will use whatever was configured at build time.
[2016.01.26-23.29.15:103][  0]LogInit: WinSock: version 1.1 (2.2), MaxSocks=32767, MaxUdp=65467
[2016.01.26-23.29.15:115][  0]LogVoice:Warning: Failed to initialize voice interface
[2016.01.26-23.29.15:120][  0]LogInit: Presizing for 0 objects not considered by GC, pre-allocating 0 bytes.
[2016.01.26-23.29.15:127][  0]LogInit: Object subsystem initialized
[2016.01.26-23.29.15:129][  0]LogInit: Selected Device Profile: [Windows]
[2016.01.26-23.29.15:130][  0]LogInit: Applying CVar settings loaded from the selected device profile: [Windows]
[2016.01.26-23.29.15:137][  0]LogInit: Computer: FREDERIC-PC
[2016.01.26-23.29.15:138][  0]LogInit: User: frederic
[2016.01.26-23.29.15:138][  0]LogInit: CPU Page size=4096, Cores=4
[2016.01.26-23.29.15:138][  0]LogInit: High frequency timer resolution =3.331240 MHz
[2016.01.26-23.29.15:139][  0]LogMemory: Memory total: Physical=15.9GB (16GB approx)
[2016.01.26-23.29.15:139][  0]LogMemory: Platform Memory Stats for Windows
[2016.01.26-23.29.15:139][  0]LogMemory: Process Physical Memory: 55.06 MB used, 55.06 MB peak
[2016.01.26-23.29.15:139][  0]LogMemory: Process Virtual Memory: 55.75 MB used, 55.75 MB peak
[2016.01.26-23.29.15:140][  0]LogMemory: Physical Memory: 6773.71 MB used, 16288.39 MB total
[2016.01.26-23.29.15:140][  0]LogMemory: Virtual Memory: 337.63 MB used, 8388608.00 MB total
[2016.01.26-23.29.15:216][  0]LogTextLocalizationManager: No translations for ('fr-CA') exist, falling back to 'en' for localization and internationalization data.
[2016.01.26-23.29.15:885][  0]LogD3D11RHI: Found D3D11 adapter 0: NVIDIA GeForce GTX 970 (Feature Level 11_0)
[2016.01.26-23.29.15:885][  0]LogD3D11RHI: Adapter has 4008MB of dedicated video memory, 0MB of dedicated system memory, and 7888MB of shared system memory, 1 output[s]
[2016.01.26-23.29.15:894][  0]LogD3D11RHI: Found D3D11 adapter 1: Intel(R) HD Graphics 3000 (Feature Level 10_0)
[2016.01.26-23.29.15:894][  0]LogD3D11RHI: Adapter has 64MB of dedicated video memory, 0MB of dedicated system memory, and 1632MB of shared system memory, 0 output[s]
[2016.01.26-23.29.15:895][  0]LogD3D11RHI: Chosen D3D11 Adapter Id = 0
[2016.01.26-23.29.15:899][  0]LogD3D11RHI: !Direct3DDevice
[2016.01.26-23.29.15:900][  0]LogRHI: Texture pool is 1361 MB (70% of 1945 MB)
[2016.01.26-23.29.15:941][  0]LogD3D11RHI: Async texture creation enabled
[2016.01.26-23.29.15:957][  0]LogShaderCompilers: Guid format shader working directory is 15 characters bigger than the processId version (../../../../../../Users/frederic/Documents/Unreal Projects/LostAge/Intermediate/Shaders/WorkingDirectory/7372/).
[2016.01.26-23.29.15:958][  0]LogShaderCompilers: Cleaned the shader compiler working directory '../../../../../../Users/frederic/Documents/Unreal Projects/LostAge/Intermediate/Shaders/tmp/501E603141C7E03A6CE8FC9AC4FA6200/'.
[2016.01.26-23.29.15:958][  0]LogShaderCompilers:Display: Using Local Shader Compiler.
[2016.01.26-23.29.17:089][  0]LogTemp:Display: Loaded TP AllDesktopTargetPlatform
[2016.01.26-23.29.17:105][  0]LogTemp:Display: Loaded TP WindowsClientTargetPlatform
[2016.01.26-23.29.17:120][  0]LogTemp:Display: Loaded TP WindowsNoEditorTargetPlatform
[2016.01.26-23.29.17:135][  0]LogTemp:Display: Loaded TP WindowsServerTargetPlatform
[2016.01.26-23.29.17:151][  0]LogTemp:Display: Loaded TP WindowsTargetPlatform
[2016.01.26-23.29.17:159][  0]LogTemp:Display: Loaded TP AndroidTargetPlatform
[2016.01.26-23.29.17:166][  0]LogTemp:Display: Loaded TP Android_ASTCTargetPlatform
[2016.01.26-23.29.17:173][  0]LogTemp:Display: Loaded TP Android_ATCTargetPlatform
[2016.01.26-23.29.17:181][  0]LogTemp:Display: Loaded TP Android_DXTTargetPlatform
[2016.01.26-23.29.17:188][  0]LogTemp:Display: Loaded TP Android_ETC1TargetPlatform
[2016.01.26-23.29.17:196][  0]LogTemp:Display: Loaded TP Android_ETC2TargetPlatform
[2016.01.26-23.29.17:204][  0]LogTemp:Display: Loaded TP Android_PVRTCTargetPlatform
[2016.01.26-23.29.17:208][  0]LogTemp:Display: Loaded TP HTML5TargetPlatform
[2016.01.26-23.29.17:240][  0]LogTemp:Display: Loaded TP IOSTargetPlatform
[2016.01.26-23.29.17:246][  0]LogTemp:Display: Loaded TP LinuxNoEditorTargetPlatform
[2016.01.26-23.29.17:253][  0]LogTemp:Display: Loaded TP LinuxServerTargetPlatform
[2016.01.26-23.29.17:260][  0]LogTemp:Display: Loaded TP LinuxTargetPlatform
[2016.01.26-23.29.17:261][  0]LogTargetPlatformManager:Display: Building Assets For Windows
[2016.01.26-23.29.17:467][  0]LogDerivedDataCache:Display: Max Cache Size: 512 MB
[2016.01.26-23.29.17:518][  0]LogDerivedDataCache: Loaded boot cache 0.05s 42MB C:/Users/frederic/AppData/Local/UnrealEngine/4.9/DerivedDataCache/Boot.ddc.
[2016.01.26-23.29.17:519][  0]LogDerivedDataCache:Display: Loaded Boot cache: C:/Users/frederic/AppData/Local/UnrealEngine/4.9/DerivedDataCache/Boot.ddc
[2016.01.26-23.29.17:519][  0]LogDerivedDataCache: FDerivedDataBackendGraph:  Pak pak cache file ../../../../../../Users/frederic/Documents/Unreal Projects/LostAge/DerivedDataCache/DDC.ddp not found, will not use a pak cache.
[2016.01.26-23.29.17:519][  0]LogDerivedDataCache: Unable to find inner node Pak for hierarchical cache Hierarchy.
[2016.01.26-23.29.17:520][  0]LogDerivedDataCache: FDerivedDataBackendGraph:  CompressedPak pak cache file ../../../../../../Users/frederic/Documents/Unreal Projects/LostAge/DerivedDataCache/Compressed.ddp not found, will not use a pak cache.
[2016.01.26-23.29.17:520][  0]LogDerivedDataCache: Unable to find inner node CompressedPak for hierarchical cache Hierarchy.
[2016.01.26-23.29.17:660][  0]LogDerivedDataCache:Display: Pak cache opened for reading ../../../Engine/DerivedDataCache/Compressed.ddp.
[2016.01.26-23.29.17:672][  0]LogDerivedDataCache: Using Local data cache path C:/Users/frederic/AppData/Local/UnrealEngine/Common/DerivedDataCache: Writable
[2016.01.26-23.29.17:847][  0]LogInit: Selected Device Profile: [Windows]
[2016.01.26-23.29.17:848][  0]LogConten