[2016.01.26-02.26.03:286][  0]Log file open, 01/25/16 21:26:03
[2016.01.26-02.26.03:286][  0]LogInit:Display: Running engine for game: LostAge
[2016.01.26-02.26.03:286][  0]LogInit:Display: RandInit(-1569989660) SRandInit(-1569989660).
[2016.01.26-02.26.03:287][  0]LogTaskGraph: Started task graph with 4 named threads and 7 total threads.
[2016.01.26-02.26.03:287][  0]LogStats: Stats thread started at 0.161466
[2016.01.26-02.26.03:287][  0]LogInit: Version: 4.9.2-2707645+++depot+UE4-Releases+4.9
[2016.01.26-02.26.03:287][  0]LogInit: API Version: 2672455
[2016.01.26-02.26.03:288][  0]LogInit: Compiled (64-bit): Sep 28 2015 10:25:44
[2016.01.26-02.26.03:288][  0]LogInit: Compiled with Visual C++: 18.00.21005.01
[2016.01.26-02.26.03:288][  0]LogInit: Build Configuration: DebugGame
[2016.01.26-02.26.03:288][  0]LogInit: Branch Name: ++depot+UE4-Releases+4.9
[2016.01.26-02.26.03:289][  0]LogInit: Command line:  -debug
[2016.01.26-02.26.03:289][  0]LogInit: Base directory: C:/Program Files/Epic Games/4.9/Engine/Binaries/Win64/
[2016.01.26-02.26.03:289][  0]LogInit: Rocket: 1
[2016.01.26-02.26.03:314][  0]LogInit: Using libcurl 7.41.0
[2016.01.26-02.26.03:314][  0]LogInit:  - built for x86_64-pc-win32
[2016.01.26-02.26.03:314][  0]LogInit:  - supports SSL with WinSSL
[2016.01.26-02.26.03:315][  0]LogInit:  - other features:
[2016.01.26-02.26.03:315][  0]LogInit:      CURL_VERSION_SSL
[2016.01.26-02.26.03:315][  0]LogInit:      CURL_VERSION_IPV6
[2016.01.26-02.26.03:315][  0]LogInit:      CURL_VERSION_ASYNCHDNS
[2016.01.26-02.26.03:316][  0]LogInit:      CURL_VERSION_LARGEFILE
[2016.01.26-02.26.03:316][  0]LogInit:      CURL_VERSION_IDN
[2016.01.26-02.26.03:316][  0]LogInit:  CurlRequestOptions (configurable via config and command line):
[2016.01.26-02.26.03:316][  0]LogInit:  - bVerifyPeer = true  - Libcurl will verify peer certificate
[2016.01.26-02.26.03:317][  0]LogInit:  - bUseHttpProxy = false  - Libcurl will NOT use HTTP proxy
[2016.01.26-02.26.03:317][  0]LogInit:  - bDontReuseConnections = false  - Libcurl will reuse connections
[2016.01.26-02.26.03:317][  0]LogInit:  - CertBundlePath = nullptr  - Libcurl will use whatever was configured at build time.
[2016.01.26-02.26.03:349][  0]LogInit: Presizing for 0 objects not considered by GC, pre-allocating 0 bytes.
[2016.01.26-02.26.03:357][  0]LogInit: Object subsystem initialized
[2016.01.26-02.26.03:359][  0]LogInit: Selected Device Profile: [Windows]
[2016.01.26-02.26.03:359][  0]LogInit: Applying CVar settings loaded from the selected device profile: [Windows]
[2016.01.26-02.26.03:367][  0]LogInit: Computer: FREDERIC-PC
[2016.01.26-02.26.03:367][  0]LogInit: User: frederic
[2016.01.26-02.26.03:368][  0]LogInit: CPU Page size=4096, Cores=4
[2016.01.26-02.26.03:368][  0]LogInit: High frequency timer resolution =3.331230 MHz
[2016.01.26-02.26.03:368][  0]LogMemory: Memory total: Physical=15.9GB (16GB approx)
[2016.01.26-02.26.03:369][  0]LogMemory: Platform Memory Stats for Windows
[2016.01.26-02.26.03:369][  0]LogMemory: Process Physical Memory: 53.93 MB used, 53.93 MB peak
[2016.01.26-02.26.03:369][  0]LogMemory: Process Virtual Memory: 55.50 MB used, 55.50 MB peak
[2016.01.26-02.26.03:370][  0]LogMemory: Physical Memory: 7653.95 MB used, 16288.39 MB total
[2016.01.26-02.26.03:370][  0]LogMemory: Virtual Memory: 330.62 MB used, 8388608.00 MB total
[2016.01.26-02.26.03:438][  0]LogTextLocalizationManager: No translations for ('fr-CA') exist, falling back to 'en' for localization and internationalization data.
[2016.01.26-02.26.04:124][  0]LogD3D11RHI: Found D3D11 adapter 0: NVIDIA GeForce GTX 970 (Feature Level 11_0)
[2016.01.26-02.26.04:124][  0]LogD3D11RHI: Adapter has 4008MB of dedicated video memory, 0MB of dedicated system memory, and 7888MB of shared system memory, 1 output[s]
[2016.01.26-02.26.04:133][  0]LogD3D11RHI: Found D3D11 adapter 1: Intel(R) HD Graphics 3000 (Feature Level 10_0)
[2016.01.26-02.26.04:133][  0]LogD3D11RHI: Adapter has 64MB of dedicated video memory, 0MB of dedicated system memory, and 1632MB of shared system memory, 0 output[s]
[2016.01.26-02.26.04:134][  0]LogD3D11RHI: Chosen D3D11 Adapter Id = 0
[2016.01.26-02.26.04:139][  0]LogD3D11RHI: !Direct3DDevice
[2016.01.26-02.26.04:140][  0]LogRHI: Texture pool is 1361 MB (70% of 1945 MB)
[2016.01.26-02.26.04:202][  0]LogD3D11RHI: Async texture creation enabled
[2016.01.26-02.26.04:218][  0]LogShaderCompilers: Guid format shader working directory is 15 characters bigger than the processId version (../../../../../../Users/frederic/Documents/Unreal Projects/LostAge/Intermediate/Shaders/WorkingDirectory/6312/).
[2016.01.26-02.26.04:219][  0]LogShaderCompilers: Cleaned the shader compiler working directory '../../../../../../Users/frederic/Documents/Unreal Projects/LostAge/Intermediate/Shaders/tmp/3C4F4D45417227073A8B3AB0904DD7AA/'.
[2016.01.26-02.26.04:219][  0]LogShaderCompilers:Display: Using Local Shader Compiler.
[2016.01.26-02.26.05:415][  0]LogTemp:Display: Loaded TP AllDesktopTargetPlatform
[2016.01.26-02.26.05:433][  0]LogTemp:Display: Loaded TP WindowsClientTargetPlatform
[2016.01.26-02.26.05:449][  0]LogTemp:Display: Loaded TP WindowsNoEditorTargetPlatform
[2016.01.26-02.26.05:465][  0]LogTemp:Display: Loaded TP WindowsServerTargetPlatform
[2016.01.26-02.26.05:482][  0]LogTemp:Display: Loaded TP WindowsTargetPlatform
[2016.01.26-02.26.05:489][  0]LogTemp:Display: Loaded TP AndroidTargetPlatform
[2016.01.26-02.26.05:497][  0]LogTemp:Display: Loaded TP Android_ASTCTargetPlatform
[2016.01.26-02.26.05:503][  0]LogTemp:Display: Loaded TP Android_ATCTargetPlatform
[2016.01.26-02.26.05:511][  0]LogTemp:Display: Loaded TP Android_DXTTargetPlatform
[2016.01.26-02.26.05:519][  0]LogTemp:Display: Loaded TP Android_ETC1TargetPlatform
[2016.01.26-02.26.05:526][  0]LogTemp:Display: Loaded TP Android_ETC2TargetPlatform
[2016.01.26-02.26.05:533][  0]LogTemp:Display: Loaded TP Android_PVRTCTargetPlatform
[2016.01.26-02.26.05:537][  0]LogTemp:Display: Loaded TP HTML5TargetPlatform
[2016.01.26-02.26.05:566][  0]LogTemp:Display: Loaded TP IOSTargetPlatform
[2016.01.26-02.26.05:572][  0]LogTemp:Display: Loaded TP LinuxNoEditorTargetPlatform
[2016.01.26-02.26.05:579][  0]LogTemp:Display: Loaded TP LinuxServerTargetPlatform
[2016.01.26-02.26.05:585][  0]LogTemp:Display: Loaded TP LinuxTargetPlatform
[2016.01.26-02.26.05:586][  0]LogTargetPlatformManager:Display: Building Assets For Windows
[2016.01.26-02.26.05:787][  0]LogDerivedDataCache:Display: Max Cache Size: 512 MB
[2016.01.26-02.26.05:835][  0]LogDerivedDataCache: Loaded boot cache 0.05s 43MB C:/Users/frederic/AppData/Local/UnrealEngine/4.9/DerivedDataCache/Boot.ddc.
[2016.01.26-02.26.05:836][  0]LogDerivedDataCache:Display: Loaded Boot cache: C:/Users/frederic/AppData/Local/UnrealEngine/4.9/DerivedDataCache/Boot.ddc
[2016.01.26-02.26.05:836][  0]LogDerivedDataCache: FDerivedDataBackendGraph:  Pak pak cache file ../../../../../../Users/frederic/Documents/Unreal Projects/LostAge/DerivedDataCache/DDC.ddp not found, will not use a pak cache.
[2016.01.26-02.26.05:836][  0]LogDerivedDataCache: Unable to find inner node Pak for hierarchical cache Hierarchy.
[2016.01.26-02.26.05:837][  0]LogDerivedDataCache: FDerivedDataBackendGraph:  CompressedPak pak cache file ../../../../../../Users/frederic/Documents/Unreal Projects/LostAge/DerivedDataCache/Compressed.ddp not found, will not use a pak cache.
[2016.01.26-02.26.05:837][  0]LogDerivedDataCache: Unable to find inner node CompressedPak for hierarchical cache Hierarchy.
[2016.01.26-02.26.05:979][  0]LogDerivedDataCache:Display: Pak cache opened for reading ../../../Engine/DerivedDataCache/Compressed.ddp.
[2016.01.26-02.26.05:991][  0]LogDerivedDataCache: Using Local data cache path C:/Users/frederic/AppData/Local/UnrealEngine/Common/DerivedDataCache: Writable
[2016.01.26-02.26.06:176][  0]LogInit: Selected Device Profile: [Windows]
[2016.01.26-02.26.06:177][  0]LogContentStreaming: Texture pool size is 0.000000MB
[2016.01.26-02.26.06:213][  0]LogMeshUtilities: No automatic mesh reduction module available
[2016.01.26-02.26.06:214][  0]LogMeshUtilities: No automatic mesh merging module available
[2016.01.26-02.26.06:589][  0]LogInit: WinSock: version 1.1 (2.2), MaxSocks=32767, MaxUdp=65467
[2016.01.26-02.26.07:587][  0]UdpMessaging: Initializing bridge on interface 0.0.0.0:0 to multicast group 230.0.0.1:6666.
[2016.01.26-02.26.07:940][  0]LogAssetRegistry: FAssetRegistry took 0.0102 seconds to start up
[2016.01.26-02.26.08:255][  0]SourceControl: Info Source control is disabled
[2016.01.26-02.26.08:257][  0]SourceControl: Info Source control is disabled
[2016.01.26-02.26.08:274][  0]SourceControl: Info Source control is disabled
[2016.01.26-02.26.08:291][  0]SourceControl: Info Source control is disabled
[2016.01.26-02.26.08:474][  0]LogLinker:Warning: Asset '../../../Engine/Plugins/Runtime/LeapMotionController/Content/LM_PassthroughMaterial.uasset' has been saved with empty engine version. The asset will be loaded but may be incompatible.
[2016.01.26-02.26.08:579][  0]LogObj: 31789 objects as part of root set at end of initial load.
[2016.01.26-02.26.08:580][  0]LogUObjectAllocator: 7252464 out of 0 bytes used by permanent object pool.
[2016.01.26-02.26.08:658][  0]LogEngine: Initializing Engine...
[2016.01.26-02.26.08:660][  0]LogHMD: Can't find Oculus library dev build: is proper Runtime installed? Version: 0.7.0.0
[2016.01.26-02.26.08:662][  0]LogHMD: SteamVR failed to initialize.  Err: 110
[2016.01.26-02.26.08:800][  0]LogAIModule: Creating AISystem for world NewWorld
[2016.01.26-02.26.08:815][  0]LogInit: XAudio2 using 'Haut-parleurs (USB PnP Sound Device)' : 2 channels at 44.1 kHz using 16 bits per sample (channel mask 0x3)
[2016.01.26-02.26.08:823][  0]LogInit: FAudioDevice initialized.
[2016.01.26-02.26.08:845][  0]LogDerivedDataCache: Saved boot cache 0.02s 43MB C:/Users/frederic/AppData/Local/UnrealEngine/4.9/DerivedDataCache/Boot.ddc.
[2016.01.26-02.26.08:851][  0]LogInit: Texture streaming: Enabled
[2016.01.26-02.26.08:866][  0]LogAnalytics: Creating configured Analytics provider AnalyticsET
[2016.01.26-02.26.08:866][  0]LogAnalytics: [UEEditor.Rocket.Release] APIServer = http://et2.epicgames.com/ET2/. AppVersion = 4.9.2-2707645+++depot+UE4-Releases+4.9
[2016.01.26-02.26.08:867][  0]LogAnalytics: [UEEditor.Rocket.Release] SetUserId c8da8d664a36a98701fe659c10ae4ff8|70626fa7f476448fb82ad9618fbbb1ab|00e7fb16-00c3-4af4-a2a1-2cc8013aae38
[2016.01.26-02.26.08:867][  0]LogAnalytics: [UEEditor.Rocket.Release] AnalyticsET::StartSession
[2016.01.26-02.26.08:885][  0]LogInit: Transaction tracking system initialized
[2016.01.26-02.26.08:980][  0]BlueprintLog: New page: Editor Load
[2016.01.26-02.26.09:361][  0]LocalizationService: Info Localization service is disabled
[2016.01.26-02.26.09:515][  0]LogLinker:Warning: Can't find file '/Game/ThirdPersonCPP/ThirdPersonOverview'
[2016.01.26-02.26.09:515][  0]LogLinker:Warning: Can't find file '/Game/ThirdPersonCPP/ThirdPersonOverview'
[2016.01.26-02.26.09:516][  0]LogUObjectGlobals:Warning: Failed to find object 'Class /Game/ThirdPersonCPP/ThirdPersonOverview.ThirdPersonOverview_C'
[2016.01.26-02.26.09:545][  0]LogConsoleResponse:Display: 
[2016.01.26-02.26.09:685][  0]LogCook:Display: Done creating registry. It took  0.00s.
[2016.01.26-02.26.09:845][  0]LogFileCache: Scanning file cache for directory 'C:/Users/frederic/Documents/Unreal Projects/LostAge/Content/' took 0.01s
[2016.01.26-02.26.09:845][  0]SourceControl: Info Source control is disabled
[2016.01.26-02.26.09:846][  0]Cmd: MAP LOAD FILE="../../../../../../Users/frederic/Documents/Unreal Projects/LostAge/Content/FirstPersonCPP/Maps/MainMenu.umap" TEMPLATE=0 SHOWPROGRESS=1 FEATURELEVEL=3
[2016.01.26-02.26.09:846][  0]LightingResults: New page: Lighting Build
[2016.01.26-02.26.09:852][  0]MapCheck: New page: Map Check
[2016.01.26-02.26.09:852][  0]LightingResults: New page: Lighting Build
[2016.01.26-02.26.09:863][  0]LogParticles: Destroying 0 GPU particle simulations for FXSystem 0x000000002371E480
[2016.01.26-02.26.09:868][  0]LogAIModule: Creating AISystem for world MainMenu
[2016.01.26-02.26.09:869][  0]LogEditorServer: Finished looking for orphan Actors (0.000 secs)
[2016.01.26-02.26.09:870][  0]Cmd: MAP CHECKDEP NOCLEARLOG
[2016.01.26-02.26.09:914][  0]MapCheck: Info Map check complete: 0 Error(s), 0 Warning(s), took 43.628ms to complete.
[2016.01.26-02.26.09:915][  0]LogFileHelpers: Loading map 'MainMenu' took 0.069
[2016.01.26-02.26.10:022][  0]LogCollectionManager: Loaded 0 collections in 0.002047 seconds
[2016.01.26-02.26.10:066][  0]LogFileCache: Scanning file cache for directory 'C:/Users/frederic/Documents/Unreal Projects/LostAge/Saved/Collections/' took 0.01s
[2016.01.26-02.26.10:067][  0]LogFileCache: Scanning file cache for directory 'C:/Users/frederic/Documents/Unreal Projects/LostAge/Content/Developers/frederic/Collections/' took 0.01s
[2016.01.26-02.26.10:067][  0]LogFileCache: Scanning file cache for directory 'C:/Users/frederic/Documents/Unreal Projects/LostAge/Content/Collections/' took 0.01s
[2016.01.26-02.26.10:068][  0]LogContentBrowser: Native class hierarchy populated in 0.0082 seconds. Added 1875 classes and 335 folders.
[2016.01.26-02.26.10:076][  0]LogCollectionManager: Rebuilt the GUID cache for 0 collections in 0.000002 seconds
[2016.01.26-02.26.10:090][  0]LogContentBrowser: Native class hierarchy updated for 'WidgetCarousel' in 0.0034 seconds. Added 0 classes and 0 folders.
[2016.01.26-02.26.10:153][  0]LogContentBrowser: Native class hierarchy updated for 'AddContentDialog' in 0.0019 seconds. Added 0 classes and 0 folders.
[2016.01.26-02.26.10:173][  0]LogContentBrowser: Native class hierarchy updated for 'SceneOutliner' in 0.0021 seconds. Added 1 classes and 2 folders.
[2016.01.26-02.26.10:204][  0]LogCrashTracker: Crashtracker disabled due to settings.
[2016.01.26-02.26.10:208][  0]LogUObjectGlobals:Warning: Failed to find object 'Class None.'
[2016.01.26-02.26.10:231][  0]LogLoad: Full Startup: 7.90 seconds (BP compile: 0.03 seconds)
[2016.01.26-02.26.10:301][  0]LogContentStreaming: Texture pool size now 1000 MB
[2016.01.26-02.26.10:425][  0]LogRenderer: Reallocating scene render targets to support 1208x556 (Frame:2).
[2016.01.26-02.26.12:779][  2]LogAssetRegistry: Asset discovery search completed in 4.8500 seconds
[2016.01.26-02.26.12:780][  2]LogCollectionManager: Rebuilt the object cache for 0 collections in 0.000001 seconds (found 0 objects)
[2016.01.26-02.26.12:780][  2]LogCollectionManager: Fixed up redirectors for 0 collections in 0.000314 seconds (updated 0 objects)
[2016.01.26-02.26.26:531][598]LogLinker:Warning: Asset '../../../Engine/Content/ArtTools/RenderToTexture/Macros/RenderToTextureMacros.uasset' has been saved with empty engine version. The asset will be loaded but may be incompatible.
[2016.01.26-02.26.27:057][598]LogContentBrowser: Native class hierarchy updated for 'BlueprintGraph' in 0.0023 seconds. Added 107 classes and 0 folders.
[2016.01.26-02.26.38:725][597]LogBlueprint:Warning: Reparenting blueprint WidgetBlueprint /Game/FirstPerson/Menus/MainMenu.MainMenu from UserWidget to LostAgeMainMenuWidget...
[2016.01.26-02.26.38:738][597]BlueprintLog: New page: Compile MainMenu
[2016.01.26-02.26.38:819][597]BlueprintEditorCompileResults: Info [0036.49] Compile of MainMenu successful! [in 80 ms]
[2016.01.26-02.26.40:648][785]BlueprintLog: New page: Compile MainMenu
[2016.01.26-02.26.40:719][785]BlueprintEditorCompileResults: Info [0038.39] Compile of MainMenu successful! [in 70 ms]
[2016.01.26-02.26.41:165][827]Cmd: OBJ SAVEPACKAGE PACKAGE="/Game/FirstPerson/Menus/MainMenu" FILE="../../../../../../Users/frederic/Documents/Unreal Projects/LostAge/Content/FirstPerson/Menus/MainMenu.uasset" SILENT=true
[2016.01.26-02.26.41:212][827]LogSavePackage: Save=39.655323ms
[2016.01.26-02.26.41:213][827]LogSavePackage: Moving '../../../../../../Users/frederic/Documents/Unreal Projects/LostAge/Saved/MainMenuFC601FAB43A8D59F2F559FA66F90CBE5.tmp' to '../../../../../../Users/frederic/Documents/Unreal Projects/LostAge/Content/FirstPerson/Menus/MainMenu.uasset'
[2016.01.26-02.26.41:216][827]LogSavePackage: Total save time: 48.965998ms
[2016.01.26-02.26.41:216][827]LogS