[2016.01.26-23.47.41:130][  0]Log file open, 01/26/16 18:47:41
[2016.01.26-23.47.41:130][  0]LogInit:Display: Running engine for game: LostAge
[2016.01.26-23.47.41:130][  0]LogInit:Display: RandInit(1091881870) SRandInit(1091881870).
[2016.01.26-23.47.41:130][  0]LogTaskGraph: Started task graph with 4 named threads and 7 total threads.
[2016.01.26-23.47.41:130][  0]LogStats: Stats thread started at 0.146459
[2016.01.26-23.47.41:131][  0]LogInit: Version: 4.9.2-2707645+++depot+UE4-Releases+4.9
[2016.01.26-23.47.41:131][  0]LogInit: API Version: 2672455
[2016.01.26-23.47.41:131][  0]LogInit: Compiled (64-bit): Sep 28 2015 10:25:44
[2016.01.26-23.47.41:131][  0]LogInit: Compiled with Visual C++: 18.00.21005.01
[2016.01.26-23.47.41:132][  0]LogInit: Build Configuration: DebugGame
[2016.01.26-23.47.41:132][  0]LogInit: Branch Name: ++depot+UE4-Releases+4.9
[2016.01.26-23.47.41:132][  0]LogInit: Command line:  -debug
[2016.01.26-23.47.41:132][  0]LogInit: Base directory: C:/Program Files/Epic Games/4.9/Engine/Binaries/Win64/
[2016.01.26-23.47.41:132][  0]LogInit: Rocket: 1
[2016.01.26-23.47.41:164][  0]LogInit: Using libcurl 7.41.0
[2016.01.26-23.47.41:165][  0]LogInit:  - built for x86_64-pc-win32
[2016.01.26-23.47.41:165][  0]LogInit:  - supports SSL with WinSSL
[2016.01.26-23.47.41:165][  0]LogInit:  - other features:
[2016.01.26-23.47.41:165][  0]LogInit:      CURL_VERSION_SSL
[2016.01.26-23.47.41:165][  0]LogInit:      CURL_VERSION_IPV6
[2016.01.26-23.47.41:166][  0]LogInit:      CURL_VERSION_ASYNCHDNS
[2016.01.26-23.47.41:166][  0]LogInit:      CURL_VERSION_LARGEFILE
[2016.01.26-23.47.41:166][  0]LogInit:      CURL_VERSION_IDN
[2016.01.26-23.47.41:166][  0]LogInit:  CurlRequestOptions (configurable via config and command line):
[2016.01.26-23.47.41:167][  0]LogInit:  - bVerifyPeer = true  - Libcurl will verify peer certificate
[2016.01.26-23.47.41:167][  0]LogInit:  - bUseHttpProxy = false  - Libcurl will NOT use HTTP proxy
[2016.01.26-23.47.41:167][  0]LogInit:  - bDontReuseConnections = false  - Libcurl will reuse connections
[2016.01.26-23.47.41:167][  0]LogInit:  - CertBundlePath = nullptr  - Libcurl will use whatever was configured at build time.
[2016.01.26-23.47.41:221][  0]LogInit: WinSock: version 1.1 (2.2), MaxSocks=32767, MaxUdp=65467
[2016.01.26-23.47.41:233][  0]LogVoice:Warning: Failed to initialize voice interface
[2016.01.26-23.47.41:238][  0]LogInit: Presizing for 0 objects not considered by GC, pre-allocating 0 bytes.
[2016.01.26-23.47.41:245][  0]LogInit: Object subsystem initialized
[2016.01.26-23.47.41:247][  0]LogInit: Selected Device Profile: [Windows]
[2016.01.26-23.47.41:248][  0]LogInit: Applying CVar settings loaded from the selected device profile: [Windows]
[2016.01.26-23.47.41:255][  0]LogInit: Computer: FREDERIC-PC
[2016.01.26-23.47.41:255][  0]LogInit: User: frederic
[2016.01.26-23.47.41:256][  0]LogInit: CPU Page size=4096, Cores=4
[2016.01.26-23.47.41:256][  0]LogInit: High frequency timer resolution =3.331240 MHz
[2016.01.26-23.47.41:256][  0]LogMemory: Memory total: Physical=15.9GB (16GB approx)
[2016.01.26-23.47.41:256][  0]LogMemory: Platform Memory Stats for Windows
[2016.01.26-23.47.41:256][  0]LogMemory: Process Physical Memory: 55.04 MB used, 55.04 MB peak
[2016.01.26-23.47.41:257][  0]LogMemory: Process Virtual Memory: 55.75 MB used, 55.75 MB peak
[2016.01.26-23.47.41:257][  0]LogMemory: Physical Memory: 6754.66 MB used, 16288.39 MB total
[2016.01.26-23.47.41:257][  0]LogMemory: Virtual Memory: 337.63 MB used, 8388608.00 MB total
[2016.01.26-23.47.41:324][  0]LogTextLocalizationManager: No translations for ('fr-CA') exist, falling back to 'en' for localization and internationalization data.
[2016.01.26-23.47.41:957][  0]LogD3D11RHI: Found D3D11 adapter 0: NVIDIA GeForce GTX 970 (Feature Level 11_0)
[2016.01.26-23.47.41:958][  0]LogD3D11RHI: Adapter has 4008MB of dedicated video memory, 0MB of dedicated system memory, and 7888MB of shared system memory, 1 output[s]
[2016.01.26-23.47.41:966][  0]LogD3D11RHI: Found D3D11 adapter 1: Intel(R) HD Graphics 3000 (Feature Level 10_0)
[2016.01.26-23.47.41:967][  0]LogD3D11RHI: Adapter has 64MB of dedicated video memory, 0MB of dedicated system memory, and 1632MB of shared system memory, 0 output[s]
[2016.01.26-23.47.41:967][  0]LogD3D11RHI: Chosen D3D11 Adapter Id = 0
[2016.01.26-23.47.41:971][  0]LogD3D11RHI: !Direct3DDevice
[2016.01.26-23.47.41:972][  0]LogRHI: Texture pool is 1361 MB (70% of 1945 MB)
[2016.01.26-23.47.42:018][  0]LogD3D11RHI: Async texture creation enabled
[2016.01.26-23.47.42:033][  0]LogShaderCompilers: Guid format shader working directory is 15 characters bigger than the processId version (../../../../../../Users/frederic/Documents/Unreal Projects/LostAge/Intermediate/Shaders/WorkingDirectory/6676/).
[2016.01.26-23.47.42:034][  0]LogShaderCompilers: Cleaned the shader compiler working directory '../../../../../../Users/frederic/Documents/Unreal Projects/LostAge/Intermediate/Shaders/tmp/EF7791F5490F417A1FD34B946BEF94DF/'.
[2016.01.26-23.47.42:034][  0]LogShaderCompilers:Display: Using Local Shader Compiler.
[2016.01.26-23.47.43:178][  0]LogTemp:Display: Loaded TP AllDesktopTargetPlatform
[2016.01.26-23.47.43:195][  0]LogTemp:Display: Loaded TP WindowsClientTargetPlatform
[2016.01.26-23.47.43:211][  0]LogTemp:Display: Loaded TP WindowsNoEditorTargetPlatform
[2016.01.26-23.47.43:225][  0]LogTemp:Display: Loaded TP WindowsServerTargetPlatform
[2016.01.26-23.47.43:240][  0]LogTemp:Display: Loaded TP WindowsTargetPlatform
[2016.01.26-23.47.43:246][  0]LogTemp:Display: Loaded TP AndroidTargetPlatform
[2016.01.26-23.47.43:252][  0]LogTemp:Display: Loaded TP Android_ASTCTargetPlatform
[2016.01.26-23.47.43:259][  0]LogTemp:Display: Loaded TP Android_ATCTargetPlatform
[2016.01.26-23.47.43:266][  0]LogTemp:Display: Loaded TP Android_DXTTargetPlatform
[2016.01.26-23.47.43:273][  0]LogTemp:Display: Loaded TP Android_ETC1TargetPlatform
[2016.01.26-23.47.43:280][  0]LogTemp:Display: Loaded TP Android_ETC2TargetPlatform
[2016.01.26-23.47.43:287][  0]LogTemp:Display: Loaded TP Android_PVRTCTargetPlatform
[2016.01.26-23.47.43:291][  0]LogTemp:Display: Loaded TP HTML5TargetPlatform
[2016.01.26-23.47.43:321][  0]LogTemp:Display: Loaded TP IOSTargetPlatform
[2016.01.26-23.47.43:327][  0]LogTemp:Display: Loaded TP LinuxNoEditorTargetPlatform
[2016.01.26-23.47.43:334][  0]LogTemp:Display: Loaded TP LinuxServerTargetPlatform
[2016.01.26-23.47.43:341][  0]LogTemp:Display: Loaded TP LinuxTargetPlatform
[2016.01.26-23.47.43:341][  0]LogTargetPlatformManager:Display: Building Assets For Windows
[2016.01.26-23.47.43:540][  0]LogDerivedDataCache:Display: Max Cache Size: 512 MB
[2016.01.26-23.47.43:592][  0]LogDerivedDataCache: Loaded boot cache 0.05s 41MB C:/Users/frederic/AppData/Local/UnrealEngine/4.9/DerivedDataCache/Boot.ddc.
[2016.01.26-23.47.43:593][  0]LogDerivedDataCache:Display: Loaded Boot cache: C:/Users/frederic/AppData/Local/UnrealEngine/4.9/DerivedDataCache/Boot.ddc
[2016.01.26-23.47.43:593][  0]LogDerivedDataCache: FDerivedDataBackendGraph:  Pak pak cache file ../../../../../../Users/frederic/Documents/Unreal Projects/LostAge/DerivedDataCache/DDC.ddp not found, will not use a pak cache.
[2016.01.26-23.47.43:593][  0]LogDerivedDataCache: Unable to find inner node Pak for hierarchical cache Hierarchy.
[2016.01.26-23.47.43:594][  0]LogDerivedDataCache: FDerivedDataBackendGraph:  CompressedPak pak cache file ../../../../../../Users/frederic/Documents/Unreal Projects/LostAge/DerivedDataCache/Compressed.ddp not found, will not use a pak cache.
[2016.01.26-23.47.43:594][  0]LogDerivedDataCache: Unable to find inner node CompressedPak for hierarchical cache Hierarchy.
[2016.01.26-23.47.43:733][  0]LogDerivedDataCache:Display: Pak cache opened for reading ../../../Engine/DerivedDataCache/Compressed.ddp.
[2016.01.26-23.47.43:746][  0]LogDerivedDataCache: Using Local data cache path C:/Users/frederic/AppData/Local/UnrealEngine/Common/DerivedDataCache: Writable
[2016.01.26-23.47.43:921][  0]LogInit: Selected Device Profile: [Windows]
[2016.01.26-23.47.43:922][  0]LogContentStreaming: Texture pool size is 0.000000MB
[2016.01.26-23.47.43:956][  0]LogMeshUtilities: No automatic mesh reduction module available
[2016.01.26-23.47.43:957][  0]LogMeshUtilities: No automatic mesh merging module available
[2016.01.26-23.47.45:275][  0]UdpMessaging: Initializing bridge on interface 0.0.0.0:0 to multicast group 230.0.0.1:6666.
[2016.01.26-23.47.45:477][  0]LogAssetRegistry: FAssetRegistry took 0.0100 seconds to start up
[2016.01.26-23.47.45:785][  0]SourceControl: Info Source control is disabled
[2016.01.26-23.47.45:786][  0]SourceControl: Info Source control is disabled
[2016.01.26-23.47.45:802][  0]SourceControl: Info Source control is disabled
[2016.01.26-23.47.45:822][  0]SourceControl: Info Source control is disabled
[2016.01.26-23.47.45:990][  0]LogLinker:Warning: Asset '../../../Engine/Plugins/Runtime/LeapMotionController/Content/LM_PassthroughMaterial.uasset' has been saved with empty engine version. The asset will be loaded but may be incompatible.
[2016.01.26-23.47.46:083][  0]LogObj: 28402 objects as part of root set at end of initial load.
[2016.01.26-23.47.46:084][  0]LogUObjectAllocator: 6067872 out of 0 bytes used by permanent object pool.
[2016.01.26-23.47.46:159][  0]LogEngine: Initializing Engine...
[2016.01.26-23.47.46:162][  0]LogHMD: Can't find Oculus library dev build: is proper Runtime installed? Version: 0.7.0.0
[2016.01.26-23.47.46:164][  0]LogHMD: SteamVR failed to initialize.  Err: 110
[2016.01.26-23.47.46:294][  0]LogAIModule: Creating AISystem for world NewWorld
[2016.01.26-23.47.46:308][  0]LogInit: XAudio2 using 'Haut-parleurs (USB PnP Sound Device)' : 2 channels at 44.1 kHz using 16 bits per sample (channel mask 0x3)
[2016.01.26-23.47.46:325][  0]LogInit: FAudioDevice initialized.
[2016.01.26-23.47.46:345][  0]LogDerivedDataCache: Saved boot cache 0.02s 41MB C:/Users/frederic/AppData/Local/UnrealEngine/4.9/DerivedDataCache/Boot.ddc.
[2016.01.26-23.47.46:350][  0]LogInit: Texture streaming: Enabled
[2016.01.26-23.47.46:365][  0]LogAnalytics: Creating configured Analytics provider AnalyticsET
[2016.01.26-23.47.46:365][  0]LogAnalytics: [UEEditor.Rocket.Release] APIServer = http://et2.epicgames.com/ET2/. AppVersion = 4.9.2-2707645+++depot+UE4-Releases+4.9
[2016.01.26-23.47.46:366][  0]LogAnalytics: [UEEditor.Rocket.Release] SetUserId c8da8d664a36a98701fe659c10ae4ff8|70626fa7f476448fb82ad9618fbbb1ab|00e7fb16-00c3-4af4-a2a1-2cc8013aae38
[2016.01.26-23.47.46:366][  0]LogAnalytics: [UEEditor.Rocket.Release] AnalyticsET::StartSession
[2016.01.26-23.47.46:381][  0]LogInit: Transaction tracking system initialized
[2016.01.26-23.47.46:476][  0]BlueprintLog: New page: Editor Load
[2016.01.26-23.47.46:801][  0]LocalizationService: Info Localization service is disabled
[2016.01.26-23.47.46:949][  0]LogLinker:Warning: Can't find file '/Game/ThirdPersonCPP/ThirdPersonOverview'
[2016.01.26-23.47.46:949][  0]LogLinker:Warning: Can't find file '/Game/ThirdPersonCPP/ThirdPersonOverview'
[2016.01.26-23.47.46:950][  0]LogUObjectGlobals:Warning: Failed to find object 'Class /Game/ThirdPersonCPP/ThirdPersonOverview.ThirdPersonOverview_C'
[2016.01.26-23.47.46:977][  0]LogConsoleResponse:Display: 
[2016.01.26-23.47.47:089][  0]LogCook:Display: Done creating registry. It took  0.00s.
[2016.01.26-23.47.47:244][  0]LogFileCache: Scanning file cache for directory 'C:/Users/frederic/Documents/Unreal Projects/LostAge/Content/' took 0.01s
[2016.01.26-23.47.47:244][  0]SourceControl: Info Source control is disabled
[2016.01.26-23.47.47:245][  0]Cmd: MAP LOAD FILE="../../../../../../Users/frederic/Documents/Unreal Projects/LostAge/Content/FirstPersonCPP/Maps/MainMenu.umap" TEMPLATE=0 SHOWPROGRESS=1 FEATURELEVEL=3
[2016.01.26-23.47.47:245][  0]LightingResults: New page: Lighting Build
[2016.01.26-23.47.47:251][  0]MapCheck: New page: Map Check
[2016.01.26-23.47.47:251][  0]LightingResults: New page: Lighting Build
[2016.01.26-23.47.47:262][  0]LogParticles: Destroying 0 GPU particle simulations for FXSystem 0x00000000226BAAC0
[2016.01.26-23.47.47:266][  0]LogAIModule: Creating AISystem for world MainMenu
[2016.01.26-23.47.47:268][  0]LogEditorServer: Finished looking for orphan Actors (0.000 secs)
[2016.01.26-23.47.47:269][  0]Cmd: MAP CHECKDEP NOCLEARLOG
[2016.01.26-23.47.47:309][  0]MapCheck: Info Map check complete: 0 Error(s), 0 Warning(s), took 39.871ms to complete.
[2016.01.26-23.47.47:310][  0]LogFileHelpers: Loading map 'MainMenu' took 0.066
[2016.01.26-23.47.47:415][  0]LogCollectionManager: Loaded 0 collections in 0.002218 seconds
[2016.01.26-23.47.47:457][  0]LogFileCache: Scanning file cache for directory 'C:/Users/frederic/Documents/Unreal Projects/LostAge/Saved/Collections/' took 0.01s
[2016.01.26-23.47.47:458][  0]LogFileCache: Scanning file cache for directory 'C:/Users/frederic/Documents/Unreal Projects/LostAge/Content/Developers/frederic/Collections/' took 0.01s
[2016.01.26-23.47.47:458][  0]LogFileCache: Scanning file cache for directory 'C:/Users/frederic/Documents/Unreal Projects/LostAge/Content/Collections/' took 0.01s
[2016.01.26-23.47.47:458][  0]LogContentBrowser: Native class hierarchy populated in 0.0085 seconds. Added 1875 classes and 335 folders.
[2016.01.26-23.47.47:466][  0]LogCollectionManager: Rebuilt the GUID cache for 0 collections in 0.000002 seconds
[2016.01.26-23.47.47:480][  0]LogContentBrowser: Native class hierarchy updated for 'WidgetCarousel' in 0.0030 seconds. Added 0 classes and 0 folders.
[2016.01.26-23.47.47:541][  0]LogContentBrowser: Native class hierarchy updated for 'AddContentDialog' in 0.0018 seconds. Added 0 classes and 0 folders.
[2016.01.26-23.47.47:561][  0]LogContentBrowser: Native class hierarchy updated for 'SceneOutliner' in 0.0019 seconds. Added 1 classes and 2 folders.
[2016.01.26-23.47.47:591][  0]LogCrashTracker: Crashtracker disabled due to settings.
[2016.01.26-23.47.47:594][  0]LogUObjectGlobals:Warning: Failed to find object 'Class None.'
[2016.01.26-23.47.47:616][  0]LogLoad: Full Startup: 7.43 seconds (BP compile: 0.00 seconds)
[2016.01.26-23.47.47:675][  0]LogContentStreaming: Texture pool size now 1000 MB
[2016.01.26-23.47.47:791][  1]LogAssetRegistry: Asset discovery search completed in 2.3246 seconds
[2016.01.26-23.47.47:792][  1]LogCollectionManager: Rebuilt the object cache for 0 collections in 0.000001 seconds (found 0 objects)
[2016.01.26-23.47.47:792][  1]LogCollectionManager: Fixed up redirectors for 0 collections in 0.000352 seconds (updated 0 objects)
[2016.01.26-23.47.47:812][  2]LogRenderer: Reallocating scene render targets to support 972x516 (Frame:2).
[2016.01.26-23.47.53:145][616]LogPlayLevel: PlayLevel: No blueprints needed recompiling
[2016.01.26-23.47.53:146][616]PIE: New page: PIE session: MainMenu (Jan 26, 2016, 1:47:53 PM)
[2016.01.26-23.47.53:205][616]LogPlayLevel: Creating play world package: /Game/FirstPersonCPP/Maps/UEDPIE_0_MainMenu
[2016.01.26-23.47.53:206][616]LogPlayLevel: PIE: StaticDuplicateObject took: (0.000726s)
[2016.01.26-23.47.53:207][616]LogAIModule: Creating AISystem for world MainMenu
[2016.01.26-23.47.53:207][616]LogPlayLevel: PIE: World Init took: (0.001077s)
[2016.01.26-23.47.53:208][616]LogPlayLevel: PIE: Created PIE world by copying editor world from /Game/FirstPersonCPP/Maps/MainMenu.MainMenu to /Game/FirstPersonCPP/Maps/UEDPIE_0_MainMenu.MainMenu (0.003057s)
[2016.01.26-23.47.53:230][616]LogInit: XAudio2 using 'Haut-parleurs (USB PnP Sound Device)' : 2 channels at 44.1 kHz using 16 bits per sample (channel mask 0x3)
[2016.01.26-23.47.53:233][616]LogInit: FAudioDevice initialized.
[2016.01.26-23.47.53:280][616]LogWorld: Game class is 'LostAgeGameMode'
[2016.01.26-23.47.53:472][616]LogWorld: Bringing World /Game/FirstPersonCPP/Maps/UEDPIE_0_MainMenu.MainMenu up for play (max tick rate 0) at 2016.01.26-18.47.53
[2016.01.26-23.47.53:473][616]LogActor:Warning: GameSession /Game/FirstPersonCPP/Maps/UEDPIE_0_MainMenu.MainMenu:PersistentLevel.GameSession_0 has natively added scene component(s), but none of them were set as the actor's RootComponent - picking one arbitrarily
[2016.01.26-23.47.53:473][616]LogActor:Warning: GameNetworkManager /Game/FirstPersonCPP/Maps/UEDPIE_0_MainMenu.MainMenu:PersistentLevel.GameNetworkManager_0 has natively added scene component(s), but none of them were set as the actor's RootComponent - picking one arbitrarily
[2016.01.26-23.47.53:474][616]LogWorld: Bringing up level for play took: 0.001934
[2016.01.26-23.47.53:485][616]LogVoice:Warning: Failed to initialize voice interface
[2016.01.26-23.47.53:488][616]LogOnline:Warning: NULL: Can't start an online game for session (Game) that hasn't been created
[2016.01.26-23.47.55:734][616]PIE: Info Play in editor start time for /Game/FirstPersonCPP/Maps/UEDPIE_0_MainMenu 2.01
[2016.01.26-23.47.57:719][713]LogInit: WinSock: I am frederic-PC (192.168.1.103:0)
[2016.01.26-23.47.57:777][713]LogPackageName: SearchForPackageOnDisk took   0.057s to resolve FirstPersonExampleMap.umap.
[2016.01.26-23.47.57:828][713]LogPackageName: SearchForPackageOnDisk took   0.050s to resolve FirstPersonExampleMap.umap.
[2016.01.26-23.47.57:828][713]LogNet: Browse: /Game/FirstPersonCPP/Maps/FirstPersonExampleMap?listen
[2016.01.26-23.47.57:829][713]LogLoad: LoadMap: /Game/FirstPersonCPP/Maps/FirstPersonExampleMap?listen
[2016.01.26-23.47.57:843][713]LogParticles: Destroying 0 GPU particle simulations for FXSystem 0x0000000041477920
[2016.01.26-23.47.57:848][713]Cmd: MEM
[2016.01.26-23.47.57:858][713]LogMemory: Platform Memory Stats for Windows
[2016.01.26-23.47.57:859][713]LogMemory: Process Physical Memory: 582.79 MB used, 600.27 MB peak
[2016.01.26-23.47.57:859][713]LogMemory: Process Virtual Memory: 950.84 MB used, 969.50 MB peak
[2016.01.26-23.47.57:859][713]LogMemory: Physical Memory: 8256.67 MB used, 16288.39 MB total
[2016.01.26-23.47.57:859][713]LogMemory: Virtual Memory: 1622.44 MB used, 8388608.00 MB total
[2016.01.26-23.47.57:860][713]LogMemory: 
[2016.01.26-23.47.57:860][713]Allocator Stats for TBB: (not implemented)
[2016.01.26-23.47.58:691][713]LogAIModule: Creating AISystem for world FirstPersonExampleMap
[2016.01.26-23.47.58:692][713]LogWorld: Game class is 'LostAgeGameMode'
[2016.01.26-23.47.58:692][713]LogInit: WinSock: Socket queue 131072 / 131072
[2016.01.26-23.47.58:693][713]LogNet: GameNetDriver IpNetDriver_0 IpNetDriver listening on port 7777
[2016.01.26-23.47.58:703][713]LogWorld: Bringing World /Game/FirstPersonCPP/Maps/UEDPIE_0_FirstPersonExampleMap.FirstPersonExampleMap up for play (max tick rate 0) at 2016.01.26-18.47.58
[2016.01.26-23.47.58:703][713]LogActor:Warning: GameSession /Game/FirstPersonCPP/Maps/UEDPIE_0_FirstPersonExampleMap.FirstPersonExampleMap:PersistentLevel.GameSession_1 has natively added scene component(s), but none of them were set as the actor's RootComponent - picking one arbitrarily
[2016.01.26-23.47.58:704][713]LogActor:Warning: GameNetworkManager /Game/FirstPersonCPP/Maps/UEDPIE_0_FirstPersonExampleMap.FirstPersonExampleMap:PersistentLevel.GameNetworkManager_1 has natively added scene component(s), but none of them were set as the actor's RootComponent - picking one arbitrarily
[2016.01.26-23.47.58:704][713]LogWorld: Bringing up level for play took: 0.010083
[2016.01.26-23.47.58:707][713]LogOnline:Warning: NULL: Can't start an online session (Game) in state InProgress
[2016.01.26-23.48.05:010][ 35]LogPackageName: SearchForPackageOnDisk took   0.066s to resolve MainMenu.umap.
[2016.01.26-23.48.05:070][ 36]LogPackageName: SearchForPackageOnDisk took   0.055s to resolve MainMenu.umap.
[2016.01.26-23.48.05:071][ 36]LogNet: Browse: /Game/FirstPersonCPP/Maps/MainMenu
[2016.01.26-23.48.05:071][ 36]LogLoad: LoadMap: /Game/FirstPersonCPP/Maps/MainMenu
[2016.01.26-23.48.05:071][ 36]LogNet: World NetDriver shutdown IpNetDriver_0 [GameNetDriver]
[2016.01.26-23.48.05:072][ 36]LogNet: DestroyNamedNetDriver IpNetDriver_0 [GameNetDriver]
[2016.01.26-23.48.05:072][ 36]LogExit: GameNetDriver IpNetDriver_0 shut down
[2016.01.26-23.48.05:085][ 36]LogParticles: Destroying 0 GPU particle simulations for FXSystem 0x00000000413FC860
[2016.01.26-23.48.05:172][ 36]Cmd: MEM
[2016.01.26-23.48.05:182][ 36]LogMemory: Platform Memory Stats for Wi