[2016.01.26-23.43.54:889][  0]Log file open, 01/26/16 18:43:54
[2016.01.26-23.43.54:889][  0]LogInit:Display: Running engine for game: LostAge
[2016.01.26-23.43.54:889][  0]LogInit:Display: RandInit(338241522) SRandInit(338241524).
[2016.01.26-23.43.54:889][  0]LogTaskGraph: Started task graph with 4 named threads and 7 total threads.
[2016.01.26-23.43.54:890][  0]LogStats: Stats thread started at 0.146564
[2016.01.26-23.43.54:890][  0]LogInit: Version: 4.9.2-2707645+++depot+UE4-Releases+4.9
[2016.01.26-23.43.54:890][  0]LogInit: API Version: 2672455
[2016.01.26-23.43.54:890][  0]LogInit: Compiled (64-bit): Sep 28 2015 10:25:44
[2016.01.26-23.43.54:891][  0]LogInit: Compiled with Visual C++: 18.00.21005.01
[2016.01.26-23.43.54:891][  0]LogInit: Build Configuration: DebugGame
[2016.01.26-23.43.54:891][  0]LogInit: Branch Name: ++depot+UE4-Releases+4.9
[2016.01.26-23.43.54:891][  0]LogInit: Command line:  -debug
[2016.01.26-23.43.54:892][  0]LogInit: Base directory: C:/Program Files/Epic Games/4.9/Engine/Binaries/Win64/
[2016.01.26-23.43.54:892][  0]LogInit: Rocket: 1
[2016.01.26-23.43.54:923][  0]LogInit: Using libcurl 7.41.0
[2016.01.26-23.43.54:924][  0]LogInit:  - built for x86_64-pc-win32
[2016.01.26-23.43.54:924][  0]LogInit:  - supports SSL with WinSSL
[2016.01.26-23.43.54:924][  0]LogInit:  - other features:
[2016.01.26-23.43.54:924][  0]LogInit:      CURL_VERSION_SSL
[2016.01.26-23.43.54:924][  0]LogInit:      CURL_VERSION_IPV6
[2016.01.26-23.43.54:925][  0]LogInit:      CURL_VERSION_ASYNCHDNS
[2016.01.26-23.43.54:925][  0]LogInit:      CURL_VERSION_LARGEFILE
[2016.01.26-23.43.54:925][  0]LogInit:      CURL_VERSION_IDN
[2016.01.26-23.43.54:925][  0]LogInit:  CurlRequestOptions (configurable via config and command line):
[2016.01.26-23.43.54:926][  0]LogInit:  - bVerifyPeer = true  - Libcurl will verify peer certificate
[2016.01.26-23.43.54:926][  0]LogInit:  - bUseHttpProxy = false  - Libcurl will NOT use HTTP proxy
[2016.01.26-23.43.54:926][  0]LogInit:  - bDontReuseConnections = false  - Libcurl will reuse connections
[2016.01.26-23.43.54:926][  0]LogInit:  - CertBundlePath = nullptr  - Libcurl will use whatever was configured at build time.
[2016.01.26-23.43.54:979][  0]LogInit: WinSock: version 1.1 (2.2), MaxSocks=32767, MaxUdp=65467
[2016.01.26-23.43.54:991][  0]LogVoice:Warning: Failed to initialize voice interface
[2016.01.26-23.43.54:996][  0]LogInit: Presizing for 0 objects not considered by GC, pre-allocating 0 bytes.
[2016.01.26-23.43.55:004][  0]LogInit: Object subsystem initialized
[2016.01.26-23.43.55:005][  0]LogInit: Selected Device Profile: [Windows]
[2016.01.26-23.43.55:006][  0]LogInit: Applying CVar settings loaded from the selected device profile: [Windows]
[2016.01.26-23.43.55:013][  0]LogInit: Computer: FREDERIC-PC
[2016.01.26-23.43.55:014][  0]LogInit: User: frederic
[2016.01.26-23.43.55:014][  0]LogInit: CPU Page size=4096, Cores=4
[2016.01.26-23.43.55:014][  0]LogInit: High frequency timer resolution =3.331240 MHz
[2016.01.26-23.43.55:014][  0]LogMemory: Memory total: Physical=15.9GB (16GB approx)
[2016.01.26-23.43.55:015][  0]LogMemory: Platform Memory Stats for Windows
[2016.01.26-23.43.55:015][  0]LogMemory: Process Physical Memory: 55.09 MB used, 55.09 MB peak
[2016.01.26-23.43.55:015][  0]LogMemory: Process Virtual Memory: 55.75 MB used, 55.75 MB peak
[2016.01.26-23.43.55:015][  0]LogMemory: Physical Memory: 7406.85 MB used, 16288.39 MB total
[2016.01.26-23.43.55:016][  0]LogMemory: Virtual Memory: 337.63 MB used, 8388608.00 MB total
[2016.01.26-23.43.55:083][  0]LogTextLocalizationManager: No translations for ('fr-CA') exist, falling back to 'en' for localization and internationalization data.
[2016.01.26-23.43.55:728][  0]LogD3D11RHI: Found D3D11 adapter 0: NVIDIA GeForce GTX 970 (Feature Level 11_0)
[2016.01.26-23.43.55:728][  0]LogD3D11RHI: Adapter has 4008MB of dedicated video memory, 0MB of dedicated system memory, and 7888MB of shared system memory, 1 output[s]
[2016.01.26-23.43.55:738][  0]LogD3D11RHI: Found D3D11 adapter 1: Intel(R) HD Graphics 3000 (Feature Level 10_0)
[2016.01.26-23.43.55:738][  0]LogD3D11RHI: Adapter has 64MB of dedicated video memory, 0MB of dedicated system memory, and 1632MB of shared system memory, 0 output[s]
[2016.01.26-23.43.55:738][  0]LogD3D11RHI: Chosen D3D11 Adapter Id = 0
[2016.01.26-23.43.55:743][  0]LogD3D11RHI: !Direct3DDevice
[2016.01.26-23.43.55:744][  0]LogRHI: Texture pool is 1361 MB (70% of 1945 MB)
[2016.01.26-23.43.55:774][  0]LogD3D11RHI: Async texture creation enabled
[2016.01.26-23.43.55:789][  0]LogShaderCompilers: Guid format shader working directory is 15 characters bigger than the processId version (../../../../../../Users/frederic/Documents/Unreal Projects/LostAge/Intermediate/Shaders/WorkingDirectory/2776/).
[2016.01.26-23.43.55:789][  0]LogShaderCompilers: Cleaned the shader compiler working directory '../../../../../../Users/frederic/Documents/Unreal Projects/LostAge/Intermediate/Shaders/tmp/0700B78D4BA221EBC3F9A299C782D00F/'.
[2016.01.26-23.43.55:790][  0]LogShaderCompilers:Display: Using Local Shader Compiler.
[2016.01.26-23.43.56:910][  0]LogTemp:Display: Loaded TP AllDesktopTargetPlatform
[2016.01.26-23.43.56:926][  0]LogTemp:Display: Loaded TP WindowsClientTargetPlatform
[2016.01.26-23.43.56:942][  0]LogTemp:Display: Loaded TP WindowsNoEditorTargetPlatform
[2016.01.26-23.43.56:958][  0]LogTemp:Display: Loaded TP WindowsServerTargetPlatform
[2016.01.26-23.43.56:974][  0]LogTemp:Display: Loaded TP WindowsTargetPlatform
[2016.01.26-23.43.56:981][  0]LogTemp:Display: Loaded TP AndroidTargetPlatform
[2016.01.26-23.43.56:987][  0]LogTemp:Display: Loaded TP Android_ASTCTargetPlatform
[2016.01.26-23.43.56:994][  0]LogTemp:Display: Loaded TP Android_ATCTargetPlatform
[2016.01.26-23.43.57:001][  0]LogTemp:Display: Loaded TP Android_DXTTargetPlatform
[2016.01.26-23.43.57:009][  0]LogTemp:Display: Loaded TP Android_ETC1TargetPlatform
[2016.01.26-23.43.57:016][  0]LogTemp:Display: Loaded TP Android_ETC2TargetPlatform
[2016.01.26-23.43.57:023][  0]LogTemp:Display: Loaded TP Android_PVRTCTargetPlatform
[2016.01.26-23.43.57:027][  0]LogTemp:Display: Loaded TP HTML5TargetPlatform
[2016.01.26-23.43.57:056][  0]LogTemp:Display: Loaded TP IOSTargetPlatform
[2016.01.26-23.43.57:062][  0]LogTemp:Display: Loaded TP LinuxNoEditorTargetPlatform
[2016.01.26-23.43.57:068][  0]LogTemp:Display: Loaded TP LinuxServerTargetPlatform
[2016.01.26-23.43.57:076][  0]LogTemp:Display: Loaded TP LinuxTargetPlatform
[2016.01.26-23.43.57:076][  0]LogTargetPlatformManager:Display: Building Assets For Windows
[2016.01.26-23.43.57:277][  0]LogDerivedDataCache:Display: Max Cache Size: 512 MB
[2016.01.26-23.43.57:319][  0]LogDerivedDataCache: Loaded boot cache 0.04s 42MB C:/Users/frederic/AppData/Local/UnrealEngine/4.9/DerivedDataCache/Boot.ddc.
[2016.01.26-23.43.57:319][  0]LogDerivedDataCache:Display: Loaded Boot cache: C:/Users/frederic/AppData/Local/UnrealEngine/4.9/DerivedDataCache/Boot.ddc
[2016.01.26-23.43.57:320][  0]LogDerivedDataCache: FDerivedDataBackendGraph:  Pak pak cache file ../../../../../../Users/frederic/Documents/Unreal Projects/LostAge/DerivedDataCache/DDC.ddp not found, will not use a pak cache.
[2016.01.26-23.43.57:320][  0]LogDerivedDataCache: Unable to find inner node Pak for hierarchical cache Hierarchy.
[2016.01.26-23.43.57:320][  0]LogDerivedDataCache: FDerivedDataBackendGraph:  CompressedPak pak cache file ../../../../../../Users/frederic/Documents/Unreal Projects/LostAge/DerivedDataCache/Compressed.ddp not found, will not use a pak cache.
[2016.01.26-23.43.57:321][  0]LogDerivedDataCache: Unable to find inner node CompressedPak for hierarchical cache Hierarchy.
[2016.01.26-23.43.57:462][  0]LogDerivedDataCache:Display: Pak cache opened for reading ../../../Engine/DerivedDataCache/Compressed.ddp.
[2016.01.26-23.43.57:474][  0]LogDerivedDataCache: Using Local data cache path C:/Users/frederic/AppData/Local/UnrealEngine/Common/DerivedDataCache: Writable
[2016.01.26-23.43.57:648][  0]LogInit: Selected Device Profile: [Windows]
[2016.01.26-23.43.57:650][  0]LogContentStreaming: Texture pool size is 0.000000MB
[2016.01.26-23.43.57:685][  0]LogMeshUtilities: No automatic mesh reduction module available
[2016.01.26-23.43.57:685][  0]LogMeshUtilities: No automatic mesh merging module available
[2016.01.26-23.43.58:985][  0]UdpMessaging: Initializing bridge on interface 0.0.0.0:0 to multicast group 230.0.0.1:6666.
[2016.01.26-23.43.59:198][  0]LogAssetRegistry: FAssetRegistry took 0.0107 seconds to start up
[2016.01.26-23.43.59:515][  0]SourceControl: Info Source control is disabled
[2016.01.26-23.43.59:517][  0]SourceControl: Info Source control is disabled
[2016.01.26-23.43.59:532][  0]SourceControl: Info Source control is disabled
[2016.01.26-23.43.59:550][  0]SourceControl: Info Source control is disabled
[2016.01.26-23.43.59:737][  0]LogLinker:Warning: Asset '../../../Engine/Plugins/Runtime/LeapMotionController/Content/LM_PassthroughMaterial.uasset' has been saved with empty engine version. The asset will be loaded but may be incompatible.
[2016.01.26-23.43.59:830][  0]LogObj: 28402 objects as part of root set at end of initial load.
[2016.01.26-23.43.59:830][  0]LogUObjectAllocator: 6067872 out of 0 bytes used by permanent object pool.
[2016.01.26-23.43.59:905][  0]LogEngine: Initializing Engine...
[2016.01.26-23.43.59:908][  0]LogHMD: Can't find Oculus library dev build: is proper Runtime installed? Version: 0.7.0.0
[2016.01.26-23.43.59:910][  0]LogHMD: SteamVR failed to initialize.  Err: 110
[2016.01.26-23.44.00:041][  0]LogAIModule: Creating AISystem for world NewWorld
[2016.01.26-23.44.00:055][  0]LogInit: XAudio2 using 'Haut-parleurs (USB PnP Sound Device)' : 2 channels at 44.1 kHz using 16 bits per sample (channel mask 0x3)
[2016.01.26-23.44.00:176][  0]LogInit: FAudioDevice initialized.
[2016.01.26-23.44.00:197][  0]LogDerivedDataCache: Saved boot cache 0.02s 42MB C:/Users/frederic/AppData/Local/UnrealEngine/4.9/DerivedDataCache/Boot.ddc.
[2016.01.26-23.44.00:204][  0]LogInit: Texture streaming: Enabled
[2016.01.26-23.44.00:219][  0]LogAnalytics: Creating configured Analytics provider AnalyticsET
[2016.01.26-23.44.00:220][  0]LogAnalytics: [UEEditor.Rocket.Release] APIServer = http://et2.epicgames.com/ET2/. AppVersion = 4.9.2-2707645+++depot+UE4-Releases+4.9
[2016.01.26-23.44.00:220][  0]LogAnalytics: [UEEditor.Rocket.Release] SetUserId c8da8d664a36a98701fe659c10ae4ff8|70626fa7f476448fb82ad9618fbbb1ab|00e7fb16-00c3-4af4-a2a1-2cc8013aae38
[2016.01.26-23.44.00:220][  0]LogAnalytics: [UEEditor.Rocket.Release] AnalyticsET::StartSession
[2016.01.26-23.44.00:240][  0]LogInit: Transaction tracking system initialized
[2016.01.26-23.44.00:340][  0]BlueprintLog: New page: Editor Load
[2016.01.26-23.44.00:674][  0]LocalizationService: Info Localization service is disabled
[2016.01.26-23.44.00:828][  0]LogLinker:Warning: Can't find file '/Game/ThirdPersonCPP/ThirdPersonOverview'
[2016.01.26-23.44.00:829][  0]LogLinker:Warning: Can't find file '/Game/ThirdPersonCPP/ThirdPersonOverview'
[2016.01.26-23.44.00:829][  0]LogUObjectGlobals:Warning: Failed to find object 'Class /Game/ThirdPersonCPP/ThirdPersonOverview.ThirdPersonOverview_C'
[2016.01.26-23.44.00:860][  0]LogConsoleResponse:Display: 
[2016.01.26-23.44.00:973][  0]LogCook:Display: Done creating registry. It took  0.00s.
[2016.01.26-23.44.01:137][  0]LogFileCache: Scanning file cache for directory 'C:/Users/frederic/Documents/Unreal Projects/LostAge/Content/' took 0.01s
[2016.01.26-23.44.01:137][  0]SourceControl: Info Source control is disabled
[2016.01.26-23.44.01:137][  0]Cmd: MAP LOAD FILE="../../../../../../Users/frederic/Documents/Unreal Projects/LostAge/Content/FirstPersonCPP/Maps/MainMenu.umap" TEMPLATE=0 SHOWPROGRESS=1 FEATURELEVEL=3
[2016.01.26-23.44.01:138][  0]LightingResults: New page: Lighting Build
[2016.01.26-23.44.01:145][  0]MapCheck: New page: Map Check
[2016.01.26-23.44.01:145][  0]LightingResults: New page: Lighting Build
[2016.01.26-23.44.01:154][  0]LogParticles: Destroying 0 GPU particle simulations for FXSystem 0x0000000022A3AAC0
[2016.01.26-23.44.01:158][  0]LogAIModule: Creating AISystem for world MainMenu
[2016.01.26-23.44.01:160][  0]LogEditorServer: Finished looking for orphan Actors (0.000 secs)
[2016.01.26-23.44.01:161][  0]Cmd: MAP CHECKDEP NOCLEARLOG
[2016.01.26-23.44.01:208][  0]MapCheck: Info Map check complete: 0 Error(s), 0 Warning(s), took 46.476ms to complete.
[2016.01.26-23.44.01:208][  0]LogFileHelpers: Loading map 'MainMenu' took 0.071
[2016.01.26-23.44.01:311][  0]LogCollectionManager: Loaded 0 collections in 0.002311 seconds
[2016.01.26-23.44.01:353][  0]LogFileCache: Scanning file cache for directory 'C:/Users/frederic/Documents/Unreal Projects/LostAge/Saved/Collections/' took 0.01s
[2016.01.26-23.44.01:353][  0]LogFileCache: Scanning file cache for directory 'C:/Users/frederic/Documents/Unreal Projects/LostAge/Content/Developers/frederic/Collections/' took 0.01s
[2016.01.26-23.44.01:354][  0]LogFileCache: Scanning file cache for directory 'C:/Users/frederic/Documents/Unreal Projects/LostAge/Content/Collections/' took 0.01s
[2016.01.26-23.44.01:354][  0]LogContentBrowser: Native class hierarchy populated in 0.0082 seconds. Added 1875 classes and 335 folders.
[2016.01.26-23.44.01:362][  0]LogCollectionManager: Rebuilt the GUID cache for 0 collections in 0.000002 seconds
[2016.01.26-23.44.01:376][  0]LogContentBrowser: Native class hierarchy updated for 'WidgetCarousel' in 0.0030 seconds. Added 0 classes and 0 folders.
[2016.01.26-23.44.01:438][  0]LogContentBrowser: Native class hierarchy updated for 'AddContentDialog' in 0.0018 seconds. Added 0 classes and 0 folders.
[2016.01.26-23.44.01:458][  0]LogContentBrowser: Native class hierarchy updated for 'SceneOutliner' in 0.0019 seconds. Added 1 classes and 2 folders.
[2016.01.26-23.44.01:487][  0]LogCrashTracker: Crashtracker disabled due to settings.
[2016.01.26-23.44.01:491][  0]LogUObjectGlobals:Warning: Failed to find object 'Class None.'
[2016.01.26-23.44.01:513][  0]LogLoad: Full Startup: 7.56 seconds (BP compile: 0.00 seconds)
[2016.01.26-23.44.01:575][  0]LogContentStreaming: Texture pool size now 1000 MB
[2016.01.26-23.44.01:681][  1]LogAssetRegistry: Asset discovery search completed in 2.4940 seconds
[2016.01.26-23.44.01:682][  1]LogCollectionManager: Rebuilt the object cache for 0 collections in 0.000001 seconds (found 0 objects)
[2016.01.26-23.44.01:682][  1]LogCollectionManager: Fixed up redirectors for 0 collections in 0.000373 seconds (updated 0 objects)
[2016.01.26-23.44.01:699][  2]LogRenderer: Reallocating scene render targets to support 972x516 (Frame:2).
[2016.01.26-23.44.36:123][106]LogPlayLevel: PlayLevel: No blueprints needed recompiling
[2016.01.26-23.44.36:124][106]PIE: New page: PIE session: MainMenu (Jan 26, 2016, 1:44:36 PM)
[2016.01.26-23.44.36:184][106]LogPlayLevel: Creating play world package: /Game/FirstPersonCPP/Maps/UEDPIE_0_MainMenu
[2016.01.26-23.44.36:185][106]LogPlayLevel: PIE: StaticDuplicateObject took: (0.000475s)
[2016.01.26-23.44.36:186][106]LogAIModule: Creating AISystem for world MainMenu
[2016.01.26-23.44.36:186][106]LogPlayLevel: PIE: World Init took: (0.001041s)
[2016.01.26-23.44.36:187][106]LogPlayLevel: PIE: Created PIE world by copying editor world from /Game/FirstPersonCPP/Maps/MainMenu.MainMenu to /Game/FirstPersonCPP/Maps/UEDPIE_0_MainMenu.MainMenu (0.002847s)
[2016.01.26-23.44.36:207][106]LogInit: XAudio2 using 'Haut-parleurs (USB PnP Sound Device)' : 2 channels at 44.1 kHz using 16 bits per sample (channel mask 0x3)
[2016.01.26-23.44.36:211][106]LogInit: FAudioDevice initialized.
[2016.01.26-23.44.36:256][106]LogWorld: Game class is 'LostAgeGameMode'
[2016.01.26-23.44.36:460][106]LogWorld: Bringing World /Game/FirstPersonCPP/Maps/UEDPIE_0_MainMenu.MainMenu up for play (max tick rate 0) at 2016.01.26-18.44.36
[2016.01.26-23.44.36:460][106]LogActor:Warning: GameSession /Game/FirstPersonCPP/Maps/UEDPIE_0_MainMenu.MainMenu:PersistentLevel.GameSession_0 has natively added scene component(s), but none of them were set as the actor's RootComponent - picking one arbitrarily
[2016.01.26-23.44.36:461][106]LogActor:Warning: GameNetworkManager /Game/FirstPersonCPP/Maps/UEDPIE_0_MainMenu.MainMenu:PersistentLevel.GameNetworkManager_0 has natively added scene component(s), but none of them were set as the actor's RootComponent - picking one arbitrarily
[2016.01.26-23.44.36:461][106]LogWorld: Bringing up level for play took: 0.001955
[2016.01.26-23.44.36:472][106]LogVoice:Warning: Failed to initialize voice interface
[2016.01.26-23.44.36:475][106]LogOnline:Warning: NULL: Can't start an online game for session (Game) that hasn't been created
[2016.01.26-23.44.41:489][106]PIE: Info Play in editor start time for /Game/FirstPersonCPP/Maps/UEDPIE_0_MainMenu 5.767
[2016.01.26-23.44.41:505][107]LogRenderer: Reallocating scene render targets to support 1280x720 (Frame:4099).
[2016.01.26-23.44.44:893][384]LogInit: WinSock: I am frederic-PC (192.168.1.103:0)
[2016.01.26-23.44.44:956][384]LogPackageName: SearchForPackageOnDisk took   0.062s to resolve FirstPersonExampleMap.umap.
[2016.01.26-23.44.45:020][384]LogPackageName: SearchForPackageOnDisk took   0.062s to resolve FirstPersonExampleMap.umap.
[2016.01.26-23.44.45:020][384]LogNet: Browse: /Game/FirstPersonCPP/Maps/FirstPersonExampleMap?listen
[2016.01.26-23.44.45:021][384]LogLoad: LoadMap: /Game/FirstPersonCPP/Maps/FirstPersonExampleMap?listen
[2016.01.26-23.44.45:036][384]LogParticles: Destroying 0 GPU particle simulations for FXSystem 0x0000000026463880
[2016.01.26-23.44.45:041][384]Cmd: MEM
[2016.01.26-23.44.45:057][384]LogMemory: Platform Memory Stats for Windows
[2016.01.26-23.44.45:057][384]LogMemory: Process Physical Memory: 579.17 MB used, 600.84 MB peak
[2016.01.26-23.44.45:058][384]LogMemory: Process Virtual Memory: 1026.47 MB used, 1086.44 MB peak
[2016.01.26-23.44.45:058][384]LogMemory: Physical Memory: 9254.91 MB used, 16288.39 MB total
[2016.01.26-23.44.45:058][384]LogMemory: Virtual Memory: 1707.06 MB used, 8388608.00 MB total
[2016.01.26-23.44.45:059][384]LogMemory: 
[2016.01.26-23.44.45:059][384]Allocator Stats for TBB: (not implemented)
[2016.01.26-23.44.45:974][384]LogAIModule: Creating AISystem for world FirstPersonExampleMap
[2016.01.26-23.44.45:976][384]LogWorld: Game class is 'LostAgeGameMode'
[2016.01.26-23.44.45:976][384]LogInit: WinSock: Socket queue 131072 / 131072
[2016.01.26-23.44.45:977][384]LogNet: GameNetDriver IpNetDriver_0 IpNetDriver listening on port 7777
[2016.01.26-23.44.45:989][384]LogWorld: Bringing World /Game/FirstPersonCPP/Maps/UEDPIE_0_FirstPersonExampleMap.FirstPersonExampleMap up for play (max tick rate 0) at 2016.01.26-18.44.45
[2016.01.26-23.44.45:990][384]LogActor:Warning: GameSession /Game/FirstPersonCPP/Maps/UEDPIE_0_FirstPersonExampleMap.FirstPersonExampleMap:PersistentLevel.GameSession_1 has natively added scene component(s), but none of them were set as the actor's RootComponent - picking one arbitrarily
[2016.01.26-23.44.45:991][384]LogActor:Warning: GameNetworkManager /Game/FirstPersonCPP/Maps/UEDPIE_0_FirstPersonExampleMap.FirstPersonExampleMap:PersistentLevel.GameNetworkManager_1 has natively added scene component(s), but none of them were set as the actor's RootComponent - picking one arbitrarily
[2016.01.26-23.44.45:993][384]LogWorld: Bringing up level for play took: 0.014156
[2016.01.26-23.44.45:996][384]LogOnline:Warning: NULL: Can't start an online session (Game) in state InProgress
[2016.01.26-23.45.05:342][614]LogPackageName: SearchForPackageOnDisk took   0.068s to resolve MainMenu.umap.
[2016.01.26-23.45.05:403][615]LogPackageName: SearchForPackageOnDisk took   0.054s to resolve MainMenu.umap.
[2016.01.26-23.45.05:403][615]LogNet: Browse: /Game/FirstPersonCPP/Maps/MainMenu
[2016.01.26-23.45.05:404][615]LogLoad: LoadMap: /Game/FirstPersonCPP/Maps/MainMenu
[2016.01.26-23.45.05:404][615]LogNet: World NetDriver shutdown IpNetDriver_0 [GameNetDriver]
[2016.01.26-23.45.05:404][615]LogNet: DestroyNamedNetDriver IpNetDriver_0 [GameNetDriver]
[2016.01.26-23.45.05:405][615]LogExit: GameNetDriver IpNetDriver_0 shut down
[2016.01.26-23.45.05:418][615]LogParticles: Destroying 0 GPU particle simulations for FXSystem 0x00000000333406