[2016.01.27-00.19.03:949][  0]Log file open, 01/26/16 19:19:03
[2016.01.27-00.19.03:949][  0]LogInit:Display: Running engine for game: LostAge
[2016.01.27-00.19.03:949][  0]LogInit:Display: RandInit(-1225851916) SRandInit(-1225851916).
[2016.01.27-00.19.03:949][  0]LogTaskGraph: Started task graph with 4 named threads and 7 total threads.
[2016.01.27-00.19.03:949][  0]LogStats: Stats thread started at 0.070535
[2016.01.27-00.19.03:949][  0]LogInit: Version: 4.9.2-2707645+++depot+UE4-Releases+4.9
[2016.01.27-00.19.03:949][  0]LogInit: API Version: 2672455
[2016.01.27-00.19.03:949][  0]LogInit: Compiled (64-bit): Sep 28 2015 10:25:44
[2016.01.27-00.19.03:949][  0]LogInit: Compiled with Visual C++: 18.00.21005.01
[2016.01.27-00.19.03:949][  0]LogInit: Build Configuration: Development
[2016.01.27-00.19.03:949][  0]LogInit: Branch Name: ++depot+UE4-Releases+4.9
[2016.01.27-00.19.03:949][  0]LogInit: Command line:  -game
[2016.01.27-00.19.03:949][  0]LogInit: Base directory: C:/Program Files/Epic Games/4.9/Engine/Binaries/Win64/
[2016.01.27-00.19.03:949][  0]LogInit: Rocket: 1
[2016.01.27-00.19.03:971][  0]LogInit: Using libcurl 7.41.0
[2016.01.27-00.19.03:971][  0]LogInit:  - built for x86_64-pc-win32
[2016.01.27-00.19.03:971][  0]LogInit:  - supports SSL with WinSSL
[2016.01.27-00.19.03:971][  0]LogInit:  - other features:
[2016.01.27-00.19.03:971][  0]LogInit:      CURL_VERSION_SSL
[2016.01.27-00.19.03:971][  0]LogInit:      CURL_VERSION_IPV6
[2016.01.27-00.19.03:971][  0]LogInit:      CURL_VERSION_ASYNCHDNS
[2016.01.27-00.19.03:971][  0]LogInit:      CURL_VERSION_LARGEFILE
[2016.01.27-00.19.03:971][  0]LogInit:      CURL_VERSION_IDN
[2016.01.27-00.19.03:971][  0]LogInit:  CurlRequestOptions (configurable via config and command line):
[2016.01.27-00.19.03:971][  0]LogInit:  - bVerifyPeer = true  - Libcurl will verify peer certificate
[2016.01.27-00.19.03:971][  0]LogInit:  - bUseHttpProxy = false  - Libcurl will NOT use HTTP proxy
[2016.01.27-00.19.03:971][  0]LogInit:  - bDontReuseConnections = false  - Libcurl will reuse connections
[2016.01.27-00.19.03:971][  0]LogInit:  - CertBundlePath = nullptr  - Libcurl will use whatever was configured at build time.
[2016.01.27-00.19.03:991][  0]LogInit: WinSock: version 1.1 (2.2), MaxSocks=32767, MaxUdp=65467
[2016.01.27-00.19.03:997][  0]LogVoice:Warning: Failed to initialize voice interface
[2016.01.27-00.19.04:000][  0]LogInit: Presizing for 0 objects not considered by GC, pre-allocating 0 bytes.
[2016.01.27-00.19.04:010][  0]LogInit: Object subsystem initialized
[2016.01.27-00.19.04:011][  0]LogInit: Selected Device Profile: [Windows]
[2016.01.27-00.19.04:011][  0]LogInit: Applying CVar settings loaded from the selected device profile: [Windows]
[2016.01.27-00.19.04:018][  0]LogInit: Computer: FREDERIC-PC
[2016.01.27-00.19.04:018][  0]LogInit: User: frederic
[2016.01.27-00.19.04:018][  0]LogInit: CPU Page size=4096, Cores=4
[2016.01.27-00.19.04:018][  0]LogInit: High frequency timer resolution =3.331240 MHz
[2016.01.27-00.19.04:018][  0]LogMemory: Memory total: Physical=15.9GB (16GB approx)
[2016.01.27-00.19.04:018][  0]LogMemory: Platform Memory Stats for Windows
[2016.01.27-00.19.04:018][  0]LogMemory: Process Physical Memory: 56.54 MB used, 56.54 MB peak
[2016.01.27-00.19.04:018][  0]LogMemory: Process Virtual Memory: 57.64 MB used, 57.64 MB peak
[2016.01.27-00.19.04:018][  0]LogMemory: Physical Memory: 5469.66 MB used, 16288.39 MB total
[2016.01.27-00.19.04:018][  0]LogMemory: Virtual Memory: 341.63 MB used, 8388608.00 MB total
[2016.01.27-00.19.04:054][  0]LogTextLocalizationManager: No translations for ('fr-CA') exist, falling back to 'en' for localization and internationalization data.
[2016.01.27-00.19.04:707][  0]LogD3D11RHI: Found D3D11 adapter 0: NVIDIA GeForce GTX 970 (Feature Level 11_0)
[2016.01.27-00.19.04:707][  0]LogD3D11RHI: Adapter has 4008MB of dedicated video memory, 0MB of dedicated system memory, and 7888MB of shared system memory, 1 output[s]
[2016.01.27-00.19.04:710][  0]LogD3D11RHI: Found D3D11 adapter 1: Intel(R) HD Graphics 3000 (Feature Level 10_0)
[2016.01.27-00.19.04:710][  0]LogD3D11RHI: Adapter has 64MB of dedicated video memory, 0MB of dedicated system memory, and 1632MB of shared system memory, 0 output[s]
[2016.01.27-00.19.04:710][  0]LogD3D11RHI: Chosen D3D11 Adapter Id = 0
[2016.01.27-00.19.04:714][  0]LogD3D11RHI: !Direct3DDevice
[2016.01.27-00.19.04:714][  0]LogRHI: Texture pool is 1361 MB (70% of 1945 MB)
[2016.01.27-00.19.04:724][  0]LogD3D11RHI: Async texture creation enabled
[2016.01.27-00.19.04:738][  0]LogShaderCompilers: Guid format shader working directory is 15 characters bigger than the processId version (../../../../../../Users/frederic/Documents/Unreal Projects/LostAge/Intermediate/Shaders/WorkingDirectory/6660/).
[2016.01.27-00.19.04:738][  0]LogShaderCompilers: Cleaned the shader compiler working directory '../../../../../../Users/frederic/Documents/Unreal Projects/LostAge/Intermediate/Shaders/tmp/532F339744834CFB4A88D7871653EAF1/'.
[2016.01.27-00.19.04:738][  0]LogShaderCompilers:Display: Using Local Shader Compiler.
[2016.01.27-00.19.05:928][  0]LogTemp:Display: Loaded TP AllDesktopTargetPlatform
[2016.01.27-00.19.05:933][  0]LogTemp:Display: Loaded TP WindowsClientTargetPlatform
[2016.01.27-00.19.05:938][  0]LogTemp:Display: Loaded TP WindowsNoEditorTargetPlatform
[2016.01.27-00.19.05:943][  0]LogTemp:Display: Loaded TP WindowsServerTargetPlatform
[2016.01.27-00.19.05:948][  0]LogTemp:Display: Loaded TP WindowsTargetPlatform
[2016.01.27-00.19.05:951][  0]LogTemp:Display: Loaded TP AndroidTargetPlatform
[2016.01.27-00.19.05:954][  0]LogTemp:Display: Loaded TP Android_ASTCTargetPlatform
[2016.01.27-00.19.05:958][  0]LogTemp:Display: Loaded TP Android_ATCTargetPlatform
[2016.01.27-00.19.05:961][  0]LogTemp:Display: Loaded TP Android_DXTTargetPlatform
[2016.01.27-00.19.05:965][  0]LogTemp:Display: Loaded TP Android_ETC1TargetPlatform
[2016.01.27-00.19.05:968][  0]LogTemp:Display: Loaded TP Android_ETC2TargetPlatform
[2016.01.27-00.19.05:972][  0]LogTemp:Display: Loaded TP Android_PVRTCTargetPlatform
[2016.01.27-00.19.05:972][  0]LogTemp:Display: Loaded TP HTML5TargetPlatform
[2016.01.27-00.19.05:988][  0]LogTemp:Display: Loaded TP IOSTargetPlatform
[2016.01.27-00.19.05:991][  0]LogTemp:Display: Loaded TP LinuxNoEditorTargetPlatform
[2016.01.27-00.19.05:994][  0]LogTemp:Display: Loaded TP LinuxServerTargetPlatform
[2016.01.27-00.19.05:998][  0]LogTemp:Display: Loaded TP LinuxTargetPlatform
[2016.01.27-00.19.05:998][  0]LogTargetPlatformManager:Display: Building Assets For Windows
[2016.01.27-00.19.06:072][  0]LogDerivedDataCache:Display: Max Cache Size: 512 MB
[2016.01.27-00.19.06:118][  0]LogDerivedDataCache: Loaded boot cache 0.05s 42MB C:/Users/frederic/AppData/Local/UnrealEngine/4.9/DerivedDataCache/Boot.ddc.
[2016.01.27-00.19.06:118][  0]LogDerivedDataCache:Display: Loaded Boot cache: C:/Users/frederic/AppData/Local/UnrealEngine/4.9/DerivedDataCache/Boot.ddc
[2016.01.27-00.19.06:118][  0]LogDerivedDataCache: FDerivedDataBackendGraph:  Pak pak cache file ../../../../../../Users/frederic/Documents/Unreal Projects/LostAge/DerivedDataCache/DDC.ddp not found, will not use a pak cache.
[2016.01.27-00.19.06:118][  0]LogDerivedDataCache: Unable to find inner node Pak for hierarchical cache Hierarchy.
[2016.01.27-00.19.06:118][  0]LogDerivedDataCache: FDerivedDataBackendGraph:  CompressedPak pak cache file ../../../../../../Users/frederic/Documents/Unreal Projects/LostAge/DerivedDataCache/Compressed.ddp not found, will not use a pak cache.
[2016.01.27-00.19.06:118][  0]LogDerivedDataCache: Unable to find inner node CompressedPak for hierarchical cache Hierarchy.
[2016.01.27-00.19.06:271][  0]LogDerivedDataCache:Display: Pak cache opened for reading ../../../Engine/DerivedDataCache/Compressed.ddp.
[2016.01.27-00.19.06:282][  0]LogDerivedDataCache: Using Local data cache path C:/Users/frederic/AppData/Local/UnrealEngine/Common/DerivedDataCache: Writable
[2016.01.27-00.19.06:487][  0]LogInit: Selected Device Profile: [Windows]
[2016.01.27-00.19.06:488][  0]LogContentStreaming: Texture pool size is 1000.000000MB
[2016.01.27-00.19.06:501][  0]LogMeshUtilities: No automatic mesh reduction module available
[2016.01.27-00.19.06:501][  0]LogMeshUtilities: No automatic mesh merging module available
[2016.01.27-00.19.06:958][  0]LogWindowsMoviePlayer: Unable to load movie: ../../../../../../Users/frederic/Documents/Unreal Projects/LostAge/Content/Movies/Default_Startup.mp4
[2016.01.27-00.19.07:219][  0]SourceControl: Info Source control is disabled
[2016.01.27-00.19.07:219][  0]SourceControl: Info Source control is disabled
[2016.01.27-00.19.07:229][  0]SourceControl: Info Source control is disabled
[2016.01.27-00.19.07:307][  0]LogLinker:Warning: Asset '../../../Engine/Plugins/Runtime/LeapMotionController/Content/LM_PassthroughMaterial.uasset' has been saved with empty engine version. The asset will be loaded but may be incompatible.
[2016.01.27-00.19.07:379][  0]LogObj: 31134 objects as part of root set at end of initial load.
[2016.01.27-00.19.07:379][  0]LogUObjectAllocator: 6998832 out of 0 bytes used by permanent object pool.
[2016.01.27-00.19.07:430][  0]LogEngine: Initializing Engine...
[2016.01.27-00.19.07:432][  0]LogHMD: Can't find Oculus library dev build: is proper Runtime installed? Version: 0.7.0.0
[2016.01.27-00.19.07:433][  0]LogHMD: SteamVR failed to initialize.  Err: 110
[2016.01.27-00.19.07:548][  0]LogInit: XAudio2 using 'Haut-parleurs (USB PnP Sound Device)' : 2 channels at 44.1 kHz using 16 bits per sample (channel mask 0x3)
[2016.01.27-00.19.07:553][  0]LogInit: FAudioDevice initialized.
[2016.01.27-00.19.07:574][  0]LogDerivedDataCache: Saved boot cache 0.02s 40MB C:/Users/frederic/AppData/Local/UnrealEngine/4.9/DerivedDataCache/Boot.ddc.
[2016.01.27-00.19.07:580][  0]LogInit: Texture streaming: Enabled
[2016.01.27-00.19.07:679][  0]LogNet: Browse: /Game/FirstPersonCPP/Maps/MainMenu?Name=Player
[2016.01.27-00.19.07:680][  0]LogLoad: LoadMap: /Game/FirstPersonCPP/Maps/MainMenu?Name=Player
[2016.01.27-00.19.07:696][  0]LogParticles: Destroying 0 GPU particle simulations for FXSystem 0x0000000013F1EAC0
[2016.01.27-00.19.07:705][  0]LogMemory: Platform Memory Stats for Windows
[2016.01.27-00.19.07:705][  0]LogMemory: Process Physical Memory: 382.35 MB used, 383.75 MB peak
[2016.01.27-00.19.07:705][  0]LogMemory: Process Virtual Memory: 460.34 MB used, 460.34 MB peak
[2016.01.27-00.19.07:705][  0]LogMemory: Physical Memory: 5755.72 MB used, 16288.39 MB total
[2016.01.27-00.19.07:705][  0]LogMemory: Virtual Memory: 954.77 MB used, 8388608.00 MB total
[2016.01.27-00.19.07:705][  0]LogMemory: 
[2016.01.27-00.19.07:705][  0]Allocator Stats for TBB: (not implemented)
[2016.01.27-00.19.07:715][  0]LogAIModule: Creating AISystem for world MainMenu
[2016.01.27-00.19.07:716][  0]LogWorld: Game class is 'LostAgeGameMode'
[2016.01.27-00.19.07:717][  0]LogWorld: Bringing World /Game/FirstPersonCPP/Maps/MainMenu.MainMenu up for play (max tick rate 0) at 2016.01.26-19.19.07
[2016.01.27-00.19.07:717][  0]LogWorld: Bringing up level for play took: 0.000321
[2016.01.27-00.19.07:717][  0]LogGameMode: Warning - PATHS NOT DEFINED or NO PLAYERSTART with positive rating
[2016.01.27-00.19.07:718][  0]LogOnline:Warning: NULL: Can't start an online game for session (Game) that hasn't been created
[2016.01.27-00.19.07:812][  0]LogInit:Display: Game Engine Initialized.
[2016.01.27-00.19.08:027][  0]LogLoad: Full Startup: 4.89 seconds (BP compile: 0.10 seconds)
[2016.01.27-00.19.08:124][  2]LogRenderer: Reallocating scene render targets to support 1600x900 (Frame:2).
[2016.01.27-00.19.09:627][ 93]LogInit: WinSock: I am frederic-PC (192.168.1.103:0)
[2016.01.27-00.19.15:882][481]LogNet: Browse: 192.168.1.103//Game/FirstPersonCPP/Maps/MainMenu
[2016.01.27-00.19.15:883][481]LogInit: WinSock: Socket queue 32768 / 32768
[2016.01.27-00.19.15:883][481]LogNet: Game client on port 7777, rate 10000
[2016.01.27-00.19.15:883][481]LogNet: GetLocalNetworkVersion: GEngineNetVersion: 2707645, ProjectName: lostage, ProjectVersion: 1.0.0.0, InternalProtocolVersion: 9, LocalNetworkVersion: 4161370921
[2016.01.27-00.19.15:915][483]LogNet: Welcomed by server (Level: /Game/FirstPersonCPP/Maps/FirstPersonExampleMap, Game: /Script/LostAge.LostAgeGameMode)
[2016.01.27-00.19.15:915][483]LogLoad: LoadMap: 192.168.1.103//Game/FirstPersonCPP/Maps/FirstPersonExampleMap?game=/Script/LostAge.LostAgeGameMode
[2016.01.27-00.19.15:927][483]LogParticles: Destroying 0 GPU particle simulations for FXSystem 0x0000000013F1EA20
[2016.01.27-00.19.15:938][483]LogMemory: Platform Memory Stats for Windows
[2016.01.27-00.19.15:938][483]LogMemory: Process Physical Memory: 427.36 MB used, 435.46 MB peak
[2016.01.27-00.19.15:938][483]LogMemory: Process Virtual Memory: 733.85 MB used, 744.01 MB peak
[2016.01.27-00.19.15:938][483]LogMemory: Physical Memory: 5781.42 MB used, 16288.39 MB total
[2016.01.27-00.19.15:938][483]LogMemory: Virtual Memory: 1257.27 MB used, 8388608.00 MB total
[2016.01.27-00.19.15:938][483]LogMemory: 
[2016.01.27-00.19.15:938][483]Allocator Stats for TBB: (not implemented)
[2016.01.27-00.19.16:086][483]LogAIModule: Creating AISystem for world FirstPersonExampleMap
[2016.01.27-00.19.16:089][483]LogWorld: Bringing World /Game/FirstPersonCPP/Maps/FirstPersonExampleMap.FirstPersonExampleMap up for play (max tick rate 0) at 2016.01.26-19.19.16
[2016.01.27-00.19.16:089][483]LogWorld: Bringing up level for play took: 0.001859
[2016.01.27-00.19.16:326][485]LogWindows: === Critical error: ===
Fatal error!



[2016.01.27-00.19.16:463][485]LogExit: Executing StaticShutdownAfterError
[2016.01.27-00.19.16:467][485]LogPhysics:Warning: PHYSX: ..\..\PhysX\src\NpScene.cpp (2946) 8 : PxScene::unlockWrite() called without matching call to PxScene::lockWrite(), behaviour will be undefined.
[2016.01.27-00.19.16:467][485]LogPhysics:Warning: PHYSX: ..\..\PhysX\src\NpScene.cpp (2946) 8 : PxScene::unlockWrite() called without matching call to PxScene::lockWrite(), behaviour will be undefined.
[2016.01.27-00.19.16:467][485]LogWindows: FPlatformMisc::RequestExit(1)
[2016.01.27-00.19.16:467][485]Log file closed, 01/26/16 19:19:16
