[2016.01.27-03.52.47:949][  0]Log file open, 01/26/16 22:52:47
[2016.01.27-03.52.47:949][  0]LogInit:Display: Running engine for game: LostAge
[2016.01.27-03.52.47:950][  0]LogInit:Display: RandInit(-2031310991) SRandInit(-2031310991).
[2016.01.27-03.52.47:950][  0]LogTaskGraph: Started task graph with 4 named threads and 7 total threads.
[2016.01.27-03.52.47:950][  0]LogStats: Stats thread started at 0.144839
[2016.01.27-03.52.47:951][  0]LogInit: Version: 4.9.2-2707645+++depot+UE4-Releases+4.9
[2016.01.27-03.52.47:951][  0]LogInit: API Version: 2672455
[2016.01.27-03.52.47:951][  0]LogInit: Compiled (64-bit): Sep 28 2015 10:25:44
[2016.01.27-03.52.47:951][  0]LogInit: Compiled with Visual C++: 18.00.21005.01
[2016.01.27-03.52.47:952][  0]LogInit: Build Configuration: Development
[2016.01.27-03.52.47:952][  0]LogInit: Branch Name: ++depot+UE4-Releases+4.9
[2016.01.27-03.52.47:952][  0]LogInit: Command line: 
[2016.01.27-03.52.47:952][  0]LogInit: Base directory: C:/Program Files/Epic Games/4.9/Engine/Binaries/Win64/
[2016.01.27-03.52.47:952][  0]LogInit: Rocket: 1
[2016.01.27-03.52.48:000][  0]LogInit: Using libcurl 7.41.0
[2016.01.27-03.52.48:001][  0]LogInit:  - built for x86_64-pc-win32
[2016.01.27-03.52.48:001][  0]LogInit:  - supports SSL with WinSSL
[2016.01.27-03.52.48:001][  0]LogInit:  - other features:
[2016.01.27-03.52.48:001][  0]LogInit:      CURL_VERSION_SSL
[2016.01.27-03.52.48:001][  0]LogInit:      CURL_VERSION_IPV6
[2016.01.27-03.52.48:002][  0]LogInit:      CURL_VERSION_ASYNCHDNS
[2016.01.27-03.52.48:002][  0]LogInit:      CURL_VERSION_LARGEFILE
[2016.01.27-03.52.48:002][  0]LogInit:      CURL_VERSION_IDN
[2016.01.27-03.52.48:002][  0]LogInit:  CurlRequestOptions (configurable via config and command line):
[2016.01.27-03.52.48:003][  0]LogInit:  - bVerifyPeer = true  - Libcurl will verify peer certificate
[2016.01.27-03.52.48:003][  0]LogInit:  - bUseHttpProxy = false  - Libcurl will NOT use HTTP proxy
[2016.01.27-03.52.48:003][  0]LogInit:  - bDontReuseConnections = false  - Libcurl will reuse connections
[2016.01.27-03.52.48:003][  0]LogInit:  - CertBundlePath = nullptr  - Libcurl will use whatever was configured at build time.
[2016.01.27-03.52.48:056][  0]LogInit: WinSock: version 1.1 (2.2), MaxSocks=32767, MaxUdp=65467
[2016.01.27-03.52.48:067][  0]LogVoice:Warning: Failed to initialize voice interface
[2016.01.27-03.52.48:073][  0]LogInit: Presizing for 0 objects not considered by GC, pre-allocating 0 bytes.
[2016.01.27-03.52.48:080][  0]LogInit: Object subsystem initialized
[2016.01.27-03.52.48:082][  0]LogInit: Selected Device Profile: [Windows]
[2016.01.27-03.52.48:082][  0]LogInit: Applying CVar settings loaded from the selected device profile: [Windows]
[2016.01.27-03.52.48:089][  0]LogInit: Computer: FREDERIC-PC
[2016.01.27-03.52.48:090][  0]LogInit: User: frederic
[2016.01.27-03.52.48:090][  0]LogInit: CPU Page size=4096, Cores=4
[2016.01.27-03.52.48:090][  0]LogInit: High frequency timer resolution =3.331220 MHz
[2016.01.27-03.52.48:090][  0]LogMemory: Memory total: Physical=15.9GB (16GB approx)
[2016.01.27-03.52.48:091][  0]LogMemory: Platform Memory Stats for Windows
[2016.01.27-03.52.48:091][  0]LogMemory: Process Physical Memory: 54.41 MB used, 54.41 MB peak
[2016.01.27-03.52.48:091][  0]LogMemory: Process Virtual Memory: 55.73 MB used, 55.73 MB peak
[2016.01.27-03.52.48:091][  0]LogMemory: Physical Memory: 6035.79 MB used, 16288.39 MB total
[2016.01.27-03.52.48:091][  0]LogMemory: Virtual Memory: 337.63 MB used, 8388608.00 MB total
[2016.01.27-03.52.48:161][  0]LogTextLocalizationManager: No translations for ('fr-CA') exist, falling back to 'en' for localization and internationalization data.
[2016.01.27-03.52.48:796][  0]LogD3D11RHI: Found D3D11 adapter 0: NVIDIA GeForce GTX 970 (Feature Level 11_0)
[2016.01.27-03.52.48:796][  0]LogD3D11RHI: Adapter has 4008MB of dedicated video memory, 0MB of dedicated system memory, and 7888MB of shared system memory, 1 output[s]
[2016.01.27-03.52.48:803][  0]LogD3D11RHI: Found D3D11 adapter 1: Intel(R) HD Graphics 3000 (Feature Level 10_0)
[2016.01.27-03.52.48:804][  0]LogD3D11RHI: Adapter has 64MB of dedicated video memory, 0MB of dedicated system memory, and 1632MB of shared system memory, 0 output[s]
[2016.01.27-03.52.48:804][  0]LogD3D11RHI: Chosen D3D11 Adapter Id = 0
[2016.01.27-03.52.48:809][  0]LogD3D11RHI: !Direct3DDevice
[2016.01.27-03.52.48:809][  0]LogRHI: Texture pool is 1361 MB (70% of 1945 MB)
[2016.01.27-03.52.48:856][  0]LogD3D11RHI: Async texture creation enabled
[2016.01.27-03.52.48:871][  0]LogShaderCompilers: Guid format shader working directory is 15 characters bigger than the processId version (../../../../../../Users/frederic/Documents/Unreal Projects/LostAge/Intermediate/Shaders/WorkingDirectory/6812/).
[2016.01.27-03.52.48:871][  0]LogShaderCompilers: Cleaned the shader compiler working directory '../../../../../../Users/frederic/Documents/Unreal Projects/LostAge/Intermediate/Shaders/tmp/67E2A71846797EB5629875A85C5FD0FB/'.
[2016.01.27-03.52.48:872][  0]LogShaderCompilers:Display: Using Local Shader Compiler.
[2016.01.27-03.52.49:999][  0]LogTemp:Display: Loaded TP AllDesktopTargetPlatform
[2016.01.27-03.52.50:014][  0]LogTemp:Display: Loaded TP WindowsClientTargetPlatform
[2016.01.27-03.52.50:028][  0]LogTemp:Display: Loaded TP WindowsNoEditorTargetPlatform
[2016.01.27-03.52.50:043][  0]LogTemp:Display: Loaded TP WindowsServerTargetPlatform
[2016.01.27-03.52.50:058][  0]LogTemp:Display: Loaded TP WindowsTargetPlatform
[2016.01.27-03.52.50:065][  0]LogTemp:Display: Loaded TP AndroidTargetPlatform
[2016.01.27-03.52.50:072][  0]LogTemp:Display: Loaded TP Android_ASTCTargetPlatform
[2016.01.27-03.52.50:079][  0]LogTemp:Display: Loaded TP Android_ATCTargetPlatform
[2016.01.27-03.52.50:085][  0]LogTemp:Display: Loaded TP Android_DXTTargetPlatform
[2016.01.27-03.52.50:093][  0]LogTemp:Display: Loaded TP Android_ETC1TargetPlatform
[2016.01.27-03.52.50:099][  0]LogTemp:Display: Loaded TP Android_ETC2TargetPlatform
[2016.01.27-03.52.50:106][  0]LogTemp:Display: Loaded TP Android_PVRTCTargetPlatform
[2016.01.27-03.52.50:111][  0]LogTemp:Display: Loaded TP HTML5TargetPlatform
[2016.01.27-03.52.50:142][  0]LogTemp:Display: Loaded TP IOSTargetPlatform
[2016.01.27-03.52.50:148][  0]LogTemp:Display: Loaded TP LinuxNoEditorTargetPlatform
[2016.01.27-03.52.50:154][  0]LogTemp:Display: Loaded TP LinuxServerTargetPlatform
[2016.01.27-03.52.50:161][  0]LogTemp:Display: Loaded TP LinuxTargetPlatform
[2016.01.27-03.52.50:161][  0]LogTargetPlatformManager:Display: Building Assets For Windows
[2016.01.27-03.52.50:368][  0]LogDerivedDataCache:Display: Max Cache Size: 512 MB
[2016.01.27-03.52.50:410][  0]LogDerivedDataCache: Loaded boot cache 0.04s 43MB C:/Users/frederic/AppData/Local/UnrealEngine/4.9/DerivedDataCache/Boot.ddc.
[2016.01.27-03.52.50:411][  0]LogDerivedDataCache:Display: Loaded Boot cache: C:/Users/frederic/AppData/Local/UnrealEngine/4.9/DerivedDataCache/Boot.ddc
[2016.01.27-03.52.50:411][  0]LogDerivedDataCache: FDerivedDataBackendGraph:  Pak pak cache file ../../../../../../Users/frederic/Documents/Unreal Projects/LostAge/DerivedDataCache/DDC.ddp not found, will not use a pak cache.
[2016.01.27-03.52.50:411][  0]LogDerivedDataCache: Unable to find inner node Pak for hierarchical cache Hierarchy.
[2016.01.27-03.52.50:412][  0]LogDerivedDataCache: FDerivedDataBackendGraph:  CompressedPak pak cache file ../../../../../../Users/frederic/Documents/Unreal Projects/LostAge/DerivedDataCache/Compressed.ddp not found, will not use a pak cache.
[2016.01.27-03.52.50:412][  0]LogDerivedDataCache: Unable to find inner node CompressedPak for hierarchical cache Hierarchy.
[2016.01.27-03.52.50:549][  0]LogDerivedDataCache:Display: Pak cache opened for reading ../../../Engine/DerivedDataCache/Compressed.ddp.
[2016.01.27-03.52.50:562][  0]LogDerivedDataCache: Using Local data cache path C:/Users/frederic/AppData/Local/UnrealEngine/Common/DerivedDataCache: Writable
[2016.01.27-03.52.50:734][  0]LogInit: Selected Device Profile: [Windows]
[2016.01.27-03.52.50:735][  0]LogContentStreaming: Texture pool size is 0.000000MB
[2016.01.27-03.52.50:770][  0]LogMeshUtilities: No automatic mesh reduction module available
[2016.01.27-03.52.50:770][  0]LogMeshUtilities: No automatic mesh merging module available
[2016.01.27-03.52.52:059][  0]UdpMessaging: Initializing bridge on interface 0.0.0.0:0 to multicast group 230.0.0.1:6666.
[2016.01.27-03.52.52:399][  0]LogAssetRegistry: FAssetRegistry took 0.0103 seconds to start up
[2016.01.27-03.52.52:703][  0]SourceControl: Info Source control is disabled
[2016.01.27-03.52.52:705][  0]SourceControl: Info Source control is disabled
[2016.01.27-03.52.52:724][  0]SourceControl: Info Source control is disabled
[2016.01.27-03.52.52:742][  0]SourceControl: Info Source control is disabled
[2016.01.27-03.52.52:915][  0]LogLinker:Warning: Asset '../../../Engine/Plugins/Runtime/LeapMotionController/Content/LM_PassthroughMaterial.uasset' has been saved with empty engine version. The asset will be loaded but may be incompatible.
[2016.01.27-03.52.53:010][  0]LogObj: 31792 objects as part of root set at end of initial load.
[2016.01.27-03.52.53:011][  0]LogUObjectAllocator: 7252928 out of 0 bytes used by permanent object pool.
[2016.01.27-03.52.53:087][  0]LogEngine: Initializing Engine...
[2016.01.27-03.52.53:089][  0]LogHMD: Can't find Oculus library dev build: is proper Runtime installed? Version: 0.7.0.0
[2016.01.27-03.52.53:091][  0]LogHMD: SteamVR failed to initialize.  Err: 110
[2016.01.27-03.52.53:225][  0]LogAIModule: Creating AISystem for world NewWorld
[2016.01.27-03.52.53:239][  0]LogInit: XAudio2 using 'Haut-parleurs (USB PnP Sound Device)' : 2 channels at 44.1 kHz using 16 bits per sample (channel mask 0x3)
[2016.01.27-03.52.53:256][  0]LogInit: FAudioDevice initialized.
[2016.01.27-03.52.53:276][  0]LogDerivedDataCache: Saved boot cache 0.02s 43MB C:/Users/frederic/AppData/Local/UnrealEngine/4.9/DerivedDataCache/Boot.ddc.
[2016.01.27-03.52.53:282][  0]LogInit: Texture streaming: Enabled
[2016.01.27-03.52.53:297][  0]LogAnalytics: Creating configured Analytics provider AnalyticsET
[2016.01.27-03.52.53:297][  0]LogAnalytics: [UEEditor.Rocket.Release] APIServer = http://et2.epicgames.com/ET2/. AppVersion = 4.9.2-2707645+++depot+UE4-Releases+4.9
[2016.01.27-03.52.53:297][  0]LogAnalytics: [UEEditor.Rocket.Release] SetUserId c8da8d664a36a98701fe659c10ae4ff8|70626fa7f476448fb82ad9618fbbb1ab|00e7fb16-00c3-4af4-a2a1-2cc8013aae38
[2016.01.27-03.52.53:298][  0]LogAnalytics: [UEEditor.Rocket.Release] AnalyticsET::StartSession
[2016.01.27-03.52.53:316][  0]LogInit: Transaction tracking system initialized
[2016.01.27-03.52.53:409][  0]BlueprintLog: New page: Editor Load
[2016.01.27-03.52.53:765][  0]LocalizationService: Info Localization service is disabled
[2016.01.27-03.52.53:914][  0]LogLinker:Warning: Can't find file '/Game/ThirdPersonCPP/ThirdPersonOverview'
[2016.01.27-03.52.53:914][  0]LogLinker:Warning: Can't find file '/Game/ThirdPersonCPP/ThirdPersonOverview'
[2016.01.27-03.52.53:915][  0]LogUObjectGlobals:Warning: Failed to find object 'Class /Game/ThirdPersonCPP/ThirdPersonOverview.ThirdPersonOverview_C'
[2016.01.27-03.52.53:942][  0]LogConsoleResponse:Display: 
[2016.01.27-03.52.54:060][  0]LogCook:Display: Done creating registry. It took  0.00s.
[2016.01.27-03.52.54:214][  0]LogFileCache: Scanning file cache for directory 'C:/Users/frederic/Documents/Unreal Projects/LostAge/Content/' took 0.01s
[2016.01.27-03.52.54:215][  0]SourceControl: Info Source control is disabled
[2016.01.27-03.52.54:215][  0]Cmd: MAP LOAD FILE="../../../../../../Users/frederic/Documents/Unreal Projects/LostAge/Content/FirstPersonCPP/Maps/MainMenu.umap" TEMPLATE=0 SHOWPROGRESS=1 FEATURELEVEL=3
[2016.01.27-03.52.54:216][  0]LightingResults: New page: Lighting Build
[2016.01.27-03.52.54:221][  0]MapCheck: New page: Map Check
[2016.01.27-03.52.54:221][  0]LightingResults: New page: Lighting Build
[2016.01.27-03.52.54:232][  0]LogParticles: Destroying 0 GPU particle simulations for FXSystem 0x0000000023B6E160
[2016.01.27-03.52.54:238][  0]LogAIModule: Creating AISystem for world MainMenu
[2016.01.27-03.52.54:239][  0]LogEditorServer: Finished looking for orphan Actors (0.000 secs)
[2016.01.27-03.52.54:241][  0]Cmd: MAP CHECKDEP NOCLEARLOG
[2016.01.27-03.52.54:283][  0]MapCheck: Info Map check complete: 0 Error(s), 0 Warning(s), took 41.958ms to complete.
[2016.01.27-03.52.54:284][  0]LogFileHelpers: Loading map 'MainMenu' took 0.069
[2016.01.27-03.52.54:383][  0]LogCollectionManager: Loaded 0 collections in 0.002024 seconds
[2016.01.27-03.52.54:425][  0]LogFileCache: Scanning file cache for directory 'C:/Users/frederic/Documents/Unreal Projects/LostAge/Saved/Collections/' took 0.01s
[2016.01.27-03.52.54:425][  0]LogFileCache: Scanning file cache for directory 'C:/Users/frederic/Documents/Unreal Projects/LostAge/Content/Developers/frederic/Collections/' took 0.01s
[2016.01.27-03.52.54:426][  0]LogFileCache: Scanning file cache for directory 'C:/Users/frederic/Documents/Unreal Projects/LostAge/Content/Collections/' took 0.01s
[2016.01.27-03.52.54:426][  0]LogContentBrowser: Native class hierarchy populated in 0.0083 seconds. Added 1875 classes and 335 folders.
[2016.01.27-03.52.54:434][  0]LogCollectionManager: Rebuilt the GUID cache for 0 collections in 0.000002 seconds
[2016.01.27-03.52.54:447][  0]LogContentBrowser: Native class hierarchy updated for 'WidgetCarousel' in 0.0030 seconds. Added 0 classes and 0 folders.
[2016.01.27-03.52.54:510][  0]LogContentBrowser: Native class hierarchy updated for 'AddContentDialog' in 0.0019 seconds. Added 0 classes and 0 folders.
[2016.01.27-03.52.54:530][  0]LogContentBrowser: Native class hierarchy updated for 'SceneOutliner' in 0.0020 seconds. Added 1 classes and 2 folders.
[2016.01.27-03.52.54:562][  0]LogCrashTracker: Crashtracker disabled due to settings.
[2016.01.27-03.52.54:565][  0]LogUObjectGlobals:Warning: Failed to find object 'Class None.'
[2016.01.27-03.52.54:587][  0]LogLoad: Full Startup: 7.55 seconds (BP compile: 0.03 seconds)
[2016.01.27-03.52.54:669][  0]LogContentStreaming: Texture pool size now 1000 MB
[2016.01.27-03.52.54:783][  0]LogRenderer: Reallocating scene render targets to support 1208x556 (Frame:2).
[2016.01.27-03.52.54:980][  3]LogAssetRegistry: Asset discovery search completed in 2.5909 seconds
[2016.01.27-03.52.54:981][  3]LogCollectionManager: Rebuilt the object cache for 0 collections in 0.000001 seconds (found 0 objects)
[2016.01.27-03.52.54:981][  3]LogCollectionManager: Fixed up redirectors for 0 collections in 0.000282 seconds (updated 0 objects)
[2016.01.27-03.53.00:780][682]LogLinker:Warning: Asset '../../../Engine/Content/ArtTools/RenderToTexture/Macros/RenderToTextureMacros.uasset' has been saved with empty engine version. The asset will be loaded but may be incompatible.
[2016.01.27-03.53.01:288][682]LogContentBrowser: Native class hierarchy updated for 'BlueprintGraph' in 0.0022 seconds. Added 107 classes and 0 folders.
[2016.01.27-03.53.06:877][219]LogActor:Warning: GameNetworkManager /Engine/Transient.World_3:PersistentLevel.GameNetworkManager_0 has natively added scene component(s), but none of them were set as the actor's RootComponent - picking one arbitrarily
[2016.01.27-03.53.21:626][672]LogSavePackage: Save=35.607975ms
[2016.01.27-03.53.21:627][672]LogSavePackage: Moving '../../../../../../Users/frederic/Documents/Unreal Projects/LostAge/Saved/GameModeBPDF2625594D3A2EA58197079236753076.tmp' to '../../../../../../Users/frederic/Documents/Unreal Projects/LostAge/Content/FirstPersonCPP/Blueprints/GameModeBP.uasset'
[2016.01.27-03.53.21:630][672]LogSavePackage: Total save time: 47.370635ms
[2016.01.27-03.53.21:631][672]LogSavePackage:Warning: Finished SavePackage ../../../../../../Users/frederic/Documents/Unreal Projects/LostAge/Content/FirstPersonCPP/Blueprints/GameModeBP.uasset
[2016.01.27-03.53.24:201][977]LogPlayLevel: PlayLevel: No blueprints needed recompiling
[2016.01.27-03.53.24:202][977]PIE: New page: PIE session: MainMenu (Jan 26, 2016, 5:53:24 PM)
[2016.01.27-03.53.24:203][977]LogPlayLevel: Creating play world package: /Game/FirstPersonCPP/M