[2016.01.26-12.45.19:485][  0]Log file open, 01/26/16 07:45:19
[2016.01.26-12.45.19:485][  0]LogInit:Display: Running engine for game: LostAge
[2016.01.26-12.45.19:486][  0]LogInit:Display: RandInit(97682988) SRandInit(97682989).
[2016.01.26-12.45.19:486][  0]LogTaskGraph: Started task graph with 4 named threads and 7 total threads.
[2016.01.26-12.45.19:486][  0]LogStats: Stats thread started at 0.148809
[2016.01.26-12.45.19:486][  0]LogInit: Version: 4.9.2-2707645+++depot+UE4-Releases+4.9
[2016.01.26-12.45.19:487][  0]LogInit: API Version: 2672455
[2016.01.26-12.45.19:487][  0]LogInit: Compiled (64-bit): Sep 28 2015 10:25:44
[2016.01.26-12.45.19:487][  0]LogInit: Compiled with Visual C++: 18.00.21005.01
[2016.01.26-12.45.19:488][  0]LogInit: Build Configuration: DebugGame
[2016.01.26-12.45.19:488][  0]LogInit: Branch Name: ++depot+UE4-Releases+4.9
[2016.01.26-12.45.19:488][  0]LogInit: Command line:  -debug
[2016.01.26-12.45.19:488][  0]LogInit: Base directory: C:/Program Files/Epic Games/4.9/Engine/Binaries/Win64/
[2016.01.26-12.45.19:488][  0]LogInit: Rocket: 1
[2016.01.26-12.45.19:512][  0]LogInit: Using libcurl 7.41.0
[2016.01.26-12.45.19:513][  0]LogInit:  - built for x86_64-pc-win32
[2016.01.26-12.45.19:513][  0]LogInit:  - supports SSL with WinSSL
[2016.01.26-12.45.19:513][  0]LogInit:  - other features:
[2016.01.26-12.45.19:513][  0]LogInit:      CURL_VERSION_SSL
[2016.01.26-12.45.19:514][  0]LogInit:      CURL_VERSION_IPV6
[2016.01.26-12.45.19:514][  0]LogInit:      CURL_VERSION_ASYNCHDNS
[2016.01.26-12.45.19:514][  0]LogInit:      CURL_VERSION_LARGEFILE
[2016.01.26-12.45.19:514][  0]LogInit:      CURL_VERSION_IDN
[2016.01.26-12.45.19:515][  0]LogInit:  CurlRequestOptions (configurable via config and command line):
[2016.01.26-12.45.19:515][  0]LogInit:  - bVerifyPeer = true  - Libcurl will verify peer certificate
[2016.01.26-12.45.19:515][  0]LogInit:  - bUseHttpProxy = false  - Libcurl will NOT use HTTP proxy
[2016.01.26-12.45.19:515][  0]LogInit:  - bDontReuseConnections = false  - Libcurl will reuse connections
[2016.01.26-12.45.19:515][  0]LogInit:  - CertBundlePath = nullptr  - Libcurl will use whatever was configured at build time.
[2016.01.26-12.45.19:644][  0]LogInit: WinSock: version 1.1 (2.2), MaxSocks=32767, MaxUdp=65467
[2016.01.26-12.45.19:657][  0]LogVoice:Warning: Failed to initialize voice interface
[2016.01.26-12.45.19:663][  0]LogInit: Presizing for 0 objects not considered by GC, pre-allocating 0 bytes.
[2016.01.26-12.45.19:670][  0]LogInit: Object subsystem initialized
[2016.01.26-12.45.19:672][  0]LogInit: Selected Device Profile: [Windows]
[2016.01.26-12.45.19:672][  0]LogInit: Applying CVar settings loaded from the selected device profile: [Windows]
[2016.01.26-12.45.19:680][  0]LogInit: Computer: FREDERIC-PC
[2016.01.26-12.45.19:681][  0]LogInit: User: frederic
[2016.01.26-12.45.19:681][  0]LogInit: CPU Page size=4096, Cores=4
[2016.01.26-12.45.19:681][  0]LogInit: High frequency timer resolution =3.331230 MHz
[2016.01.26-12.45.19:682][  0]LogMemory: Memory total: Physical=15.9GB (16GB approx)
[2016.01.26-12.45.19:682][  0]LogMemory: Platform Memory Stats for Windows
[2016.01.26-12.45.19:682][  0]LogMemory: Process Physical Memory: 55.04 MB used, 55.04 MB peak
[2016.01.26-12.45.19:683][  0]LogMemory: Process Virtual Memory: 55.88 MB used, 55.88 MB peak
[2016.01.26-12.45.19:683][  0]LogMemory: Physical Memory: 9178.24 MB used, 16288.39 MB total
[2016.01.26-12.45.19:683][  0]LogMemory: Virtual Memory: 337.63 MB used, 8388608.00 MB total
[2016.01.26-12.45.19:750][  0]LogTextLocalizationManager: No translations for ('fr-CA') exist, falling back to 'en' for localization and internationalization data.
[2016.01.26-12.45.20:562][  0]LogD3D11RHI: Found D3D11 adapter 0: NVIDIA GeForce GTX 970 (Feature Level 11_0)
[2016.01.26-12.45.20:562][  0]LogD3D11RHI: Adapter has 4008MB of dedicated video memory, 0MB of dedicated system memory, and 7888MB of shared system memory, 1 output[s]
[2016.01.26-12.45.20:570][  0]LogD3D11RHI: Found D3D11 adapter 1: Intel(R) HD Graphics 3000 (Feature Level 10_0)
[2016.01.26-12.45.20:570][  0]LogD3D11RHI: Adapter has 64MB of dedicated video memory, 0MB of dedicated system memory, and 1632MB of shared system memory, 0 output[s]
[2016.01.26-12.45.20:570][  0]LogD3D11RHI: Chosen D3D11 Adapter Id = 0
[2016.01.26-12.45.20:575][  0]LogD3D11RHI: !Direct3DDevice
[2016.01.26-12.45.20:575][  0]LogRHI: Texture pool is 1361 MB (70% of 1945 MB)
[2016.01.26-12.45.20:629][  0]LogD3D11RHI: Async texture creation enabled
[2016.01.26-12.45.20:644][  0]LogShaderCompilers: Guid format shader working directory is 15 characters bigger than the processId version (../../../../../../Users/frederic/Documents/Unreal Projects/LostAge/Intermediate/Shaders/WorkingDirectory/5432/).
[2016.01.26-12.45.20:644][  0]LogShaderCompilers: Cleaned the shader compiler working directory '../../../../../../Users/frederic/Documents/Unreal Projects/LostAge/Intermediate/Shaders/tmp/0031E1CB4F4F98E471E1DFA1BC3A3AC9/'.
[2016.01.26-12.45.20:645][  0]LogShaderCompilers:Display: Using Local Shader Compiler.
[2016.01.26-12.45.21:788][  0]LogTemp:Display: Loaded TP AllDesktopTargetPlatform
[2016.01.26-12.45.21:803][  0]LogTemp:Display: Loaded TP WindowsClientTargetPlatform
[2016.01.26-12.45.21:818][  0]LogTemp:Display: Loaded TP WindowsNoEditorTargetPlatform
[2016.01.26-12.45.21:833][  0]LogTemp:Display: Loaded TP WindowsServerTargetPlatform
[2016.01.26-12.45.21:848][  0]LogTemp:Display: Loaded TP WindowsTargetPlatform
[2016.01.26-12.45.21:855][  0]LogTemp:Display: Loaded TP AndroidTargetPlatform
[2016.01.26-12.45.21:861][  0]LogTemp:Display: Loaded TP Android_ASTCTargetPlatform
[2016.01.26-12.45.21:868][  0]LogTemp:Display: Loaded TP Android_ATCTargetPlatform
[2016.01.26-12.45.21:875][  0]LogTemp:Display: Loaded TP Android_DXTTargetPlatform
[2016.01.26-12.45.21:882][  0]LogTemp:Display: Loaded TP Android_ETC1TargetPlatform
[2016.01.26-12.45.21:889][  0]LogTemp:Display: Loaded TP Android_ETC2TargetPlatform
[2016.01.26-12.45.21:897][  0]LogTemp:Display: Loaded TP Android_PVRTCTargetPlatform
[2016.01.26-12.45.21:901][  0]LogTemp:Display: Loaded TP HTML5TargetPlatform
[2016.01.26-12.45.21:931][  0]LogTemp:Display: Loaded TP IOSTargetPlatform
[2016.01.26-12.45.21:937][  0]LogTemp:Display: Loaded TP LinuxNoEditorTargetPlatform
[2016.01.26-12.45.21:944][  0]LogTemp:Display: Loaded TP LinuxServerTargetPlatform
[2016.01.26-12.45.21:951][  0]LogTemp:Display: Loaded TP LinuxTargetPlatform
[2016.01.26-12.45.21:952][  0]LogTargetPlatformManager:Display: Building Assets For Windows
[2016.01.26-12.45.22:149][  0]LogDerivedDataCache:Display: Max Cache Size: 512 MB
[2016.01.26-12.45.22:191][  0]LogDerivedDataCache: Loaded boot cache 0.04s 43MB C:/Users/frederic/AppData/Local/UnrealEngine/4.9/DerivedDataCache/Boot.ddc.
[2016.01.26-12.45.22:192][  0]LogDerivedDataCache:Display: Loaded Boot cache: C:/Users/frederic/AppData/Local/UnrealEngine/4.9/DerivedDataCache/Boot.ddc
[2016.01.26-12.45.22:192][  0]LogDerivedDataCache: FDerivedDataBackendGraph:  Pak pak cache file ../../../../../../Users/frederic/Documents/Unreal Projects/LostAge/DerivedDataCache/DDC.ddp not found, will not use a pak cache.
[2016.01.26-12.45.22:193][  0]LogDerivedDataCache: Unable to find inner node Pak for hierarchical cache Hierarchy.
[2016.01.26-12.45.22:193][  0]LogDerivedDataCache: FDerivedDataBackendGraph:  CompressedPak pak cache file ../../../../../../Users/frederic/Documents/Unreal Projects/LostAge/DerivedDataCache/Compressed.ddp not found, will not use a pak cache.
[2016.01.26-12.45.22:193][  0]LogDerivedDataCache: Unable to find inner node CompressedPak for hierarchical cache Hierarchy.
[2016.01.26-12.45.22:333][  0]LogDerivedDataCache:Display: Pak cache opened for reading ../../../Engine/DerivedDataCache/Compressed.ddp.
[2016.01.26-12.45.22:345][  0]LogDerivedDataCache: Using Local data cache path C:/Users/frederic/AppData/Local/UnrealEngine/Common/DerivedDataCache: Writable
[2016.01.26-12.45.22:528][  0]LogInit: Selected Device Profile: [Windows]
[2016.01.26-12.45.22:529][  0]LogContentStreaming: Texture pool size is 0.000000MB
[2016.01.26-12.45.22:564][  0]LogMeshUtilities: No automatic mesh reduction module available
[2016.01.26-12.45.22:564][  0]LogMeshUtilities: No automatic mesh merging module available
[2016.01.26-12.45.23:897][  0]UdpMessaging: Initializing bridge on interface 0.0.0.0:0 to multicast group 230.0.0.1:6666.
[2016.01.26-12.45.24:264][  0]LogAssetRegistry: FAssetRegistry took 0.0107 seconds to start up
[2016.01.26-12.45.24:592][  0]SourceControl: Info Source control is disabled
[2016.01.26-12.45.24:594][  0]SourceControl: Info Source control is disabled
[2016.01.26-12.45.24:610][  0]SourceControl: Info Source control is disabled
[2016.01.26-12.45.24:629][  0]SourceControl: Info Source control is disabled
[2016.01.26-12.45.24:813][  0]LogLinker:Warning: Asset '../../../Engine/Plugins/Runtime/LeapMotionController/Content/LM_PassthroughMaterial.uasset' has been saved with empty engine version. The asset will be loaded but may be incompatible.
[2016.01.26-12.45.24:912][  0]LogObj: 31791 objects as part of root set at end of initial load.
[2016.01.26-12.45.24:912][  0]LogUObjectAllocator: 7252832 out of 0 bytes used by permanent object pool.
[2016.01.26-12.45.24:989][  0]LogEngine: Initializing Engine...
[2016.01.26-12.45.24:992][  0]LogHMD: Can't find Oculus library dev build: is proper Runtime installed? Version: 0.7.0.0
[2016.01.26-12.45.24:994][  0]LogHMD: SteamVR failed to initialize.  Err: 110
[2016.01.26-12.45.25:128][  0]LogAIModule: Creating AISystem for world NewWorld
[2016.01.26-12.45.25:142][  0]LogInit: XAudio2 using 'Haut-parleurs (Realtek High Definition Audio)' : 2 channels at 48 kHz using 32 bits per sample (channel mask 0x3)
[2016.01.26-12.45.25:160][  0]LogInit: FAudioDevice initialized.
[2016.01.26-12.45.25:181][  0]LogDerivedDataCache: Saved boot cache 0.02s 42MB C:/Users/frederic/AppData/Local/UnrealEngine/4.9/DerivedDataCache/Boot.ddc.
[2016.01.26-12.45.25:187][  0]LogInit: Texture streaming: Enabled
[2016.01.26-12.45.25:202][  0]LogAnalytics: Creating configured Analytics provider AnalyticsET
[2016.01.26-12.45.25:202][  0]LogAnalytics: [UEEditor.Rocket.Release] APIServer = http://et2.epicgames.com/ET2/. AppVersion = 4.9.2-2707645+++depot+UE4-Releases+4.9
[2016.01.26-12.45.25:203][  0]LogAnalytics: [UEEditor.Rocket.Release] SetUserId c8da8d664a36a98701fe659c10ae4ff8|70626fa7f476448fb82ad9618fbbb1ab|00e7fb16-00c3-4af4-a2a1-2cc8013aae38
[2016.01.26-12.45.25:203][  0]LogAnalytics: [UEEditor.Rocket.Release] AnalyticsET::StartSession
[2016.01.26-12.45.25:219][  0]LogInit: Transaction tracking system initialized
[2016.01.26-12.45.25:313][  0]BlueprintLog: New page: Editor Load
[2016.01.26-12.45.25:678][  0]LocalizationService: Info Localization service is disabled
[2016.01.26-12.45.25:837][  0]LogLinker:Warning: Can't find file '/Game/ThirdPersonCPP/ThirdPersonOverview'
[2016.01.26-12.45.25:838][  0]LogLinker:Warning: Can't find file '/Game/ThirdPersonCPP/ThirdPersonOverview'
[2016.01.26-12.45.25:838][  0]LogUObjectGlobals:Warning: Failed to find object 'Class /Game/ThirdPersonCPP/ThirdPersonOverview.ThirdPersonOverview_C'
[2016.01.26-12.45.25:866][  0]LogConsoleResponse:Display: 
[2016.01.26-12.45.25:983][  0]LogCook:Display: Done creating registry. It took  0.00s.
[2016.01.26-12.45.26:148][  0]LogFileCache: Scanning file cache for directory 'C:/Users/frederic/Documents/Unreal Projects/LostAge/Content/' took 0.01s
[2016.01.26-12.45.26:149][  0]SourceControl: Info Source control is disabled
[2016.01.26-12.45.26:149][  0]Cmd: MAP LOAD FILE="../../../../../../Users/frederic/Documents/Unreal Projects/LostAge/Content/FirstPersonCPP/Maps/MainMenu.umap" TEMPLATE=0 SHOWPROGRESS=1 FEATURELEVEL=3
[2016.01.26-12.45.26:150][  0]LightingResults: New page: Lighting Build
[2016.01.26-12.45.26:155][  0]MapCheck: New page: Map Check
[2016.01.26-12.45.26:155][  0]LightingResults: New page: Lighting Build
[2016.01.26-12.45.26:167][  0]LogParticles: Destroying 0 GPU particle simulations for FXSystem 0x0000000023A1A160
[2016.01.26-12.45.26:171][  0]LogAIModule: Creating AISystem for world MainMenu
[2016.01.26-12.45.26:173][  0]LogEditorServer: Finished looking for orphan Actors (0.000 secs)
[2016.01.26-12.45.26:174][  0]Cmd: MAP CHECKDEP NOCLEARLOG
[2016.01.26-12.45.26:221][  0]MapCheck: Info Map check complete: 0 Error(s), 0 Warning(s), took 46.495ms to complete.
[2016.01.26-12.45.26:222][  0]LogFileHelpers: Loading map 'MainMenu' took 0.073
[2016.01.26-12.45.26:326][  0]LogCollectionManager: Loaded 0 collections in 0.002013 seconds
[2016.01.26-12.45.26:368][  0]LogFileCache: Scanning file cache for directory 'C:/Users/frederic/Documents/Unreal Projects/LostAge/Saved/Collections/' took 0.01s
[2016.01.26-12.45.26:368][  0]LogFileCache: Scanning file cache for directory 'C:/Users/frederic/Documents/Unreal Projects/LostAge/Content/Developers/frederic/Collections/' took 0.01s
[2016.01.26-12.45.26:369][  0]LogFileCache: Scanning file cache for directory 'C:/Users/frederic/Documents/Unreal Projects/LostAge/Content/Collections/' took 0.01s
[2016.01.26-12.45.26:369][  0]LogContentBrowser: Native class hierarchy populated in 0.0083 seconds. Added 1875 classes and 335 folders.
[2016.01.26-12.45.26:377][  0]LogCollectionManager: Rebuilt the GUID cache for 0 collections in 0.000002 seconds
[2016.01.26-12.45.26:390][  0]LogContentBrowser: Native class hierarchy updated for 'WidgetCarousel' in 0.0029 seconds. Added 0 classes and 0 folders.
[2016.01.26-12.45.26:451][  0]LogContentBrowser: Native class hierarchy updated for 'AddContentDialog' in 0.0018 seconds. Added 0 classes and 0 folders.
[2016.01.26-12.45.26:470][  0]LogContentBrowser: Native class hierarchy updated for 'SceneOutliner' in 0.0019 seconds. Added 1 classes and 2 folders.
[2016.01.26-12.45.26:500][  0]LogCrashTracker: Crashtracker disabled due to settings.
[2016.01.26-12.45.26:504][  0]LogUObjectGlobals:Warning: Failed to find object 'Class None.'
[2016.01.26-12.45.26:526][  0]LogLoad: Full Startup: 8.01 seconds (BP compile: 0.03 seconds)
[2016.01.26-12.45.26:609][  0]LogContentStreaming: Texture pool size now 1000 MB
[2016.01.26-12.45.26:734][  0]LogRenderer: Reallocating scene render targets to support 1208x556 (Frame:2).
[2016.01.26-12.45.26:900][  2]LogAssetRegistry: Asset discovery search completed in 2.6474 seconds
[2016.01.26-12.45.26:901][  2]LogCollectionManager: Rebuilt the object cache for 0 collections in 0.000001 seconds (found 0 objects)
[2016.01.26-12.45.26:901][  2]LogCollectionManager: Fixed up redirectors for 0 collections in 0.000299 seconds (updated 0 objects)
[2016.01.26-12.47.27:054][410]LogPlayLevel: PlayLevel: No blueprints needed recompiling
[2016.01.26-12.47.27:055][410]PIE: New page: PIE session: MainMenu (Jan 26, 2016, 2:47:27 AM)
[2016.01.26-12.47.27:117][410]LogPlayLevel: Creating play world package: /Game/FirstPersonCPP/Maps/UEDPIE_0_MainMenu
[2016.01.26-12.47.27:118][410]LogPlayLevel: PIE: StaticDuplicateObject took: (0.000513s)
[2016.01.26-12.47.27:119][410]LogAIModule: Creating AISystem for world MainMenu
[2016.01.26-12.47.27:120][410]LogPlayLevel: PIE: World Init took: (0.001404s)
[2016.01.26-12.47.27:120][410]LogPlayLevel: PIE: Created PIE world by copying editor world from /Game/FirstPersonCPP/Maps/MainMenu.MainMenu to /Game/FirstPersonCPP/Maps/UEDPIE_0_MainMenu.MainMenu (0.003332s)
[2016.01.26-12.47.27:144][410]LogInit: XAudio2 using 'Haut-parleurs (Realtek High Definition Audio)' : 2 channels at 48 kHz using 32 bits per sample (channel mask 0x3)
[2016.01.26-12.47.27:157][410]LogInit: FAudioDevice initialized.
[2016.01.26-12.47.27:206][410]LogWorld: Game class is 'LostAgeGameMode'
[2016.01.26-12.47.27:208][410]LogWorld: Bringing World /Game/FirstPersonCPP/Maps/UEDPIE_0_MainMenu.MainMenu up for play (max tick rate 0) at 2016.01.26-07.47.27
[2016.01.26-12.47.27:208][410]LogActor:Warning: GameSession /Game/FirstPersonCPP/Maps/UEDPIE_0_MainMenu.MainMenu:PersistentLevel.GameSession_0 has natively added scene component(s), but none of them were set as the actor's RootComponent - picking one arbitrarily
[2016.01.26-12.47.27:209][410]LogActor:Warning: GameNetworkManager /Game/FirstPersonCPP/Maps/UEDPIE_0_MainMenu.MainMenu:PersistentLevel.GameNetworkManager_0 has natively added scene component(s), but none of them were set as the actor's RootComponent - picking one arbitrarily
[2016.01.26-12.47.27:209][410]LogWorld: Bringing up level for play took: 0.001583
[2016.01.26-12.47.27:220][410]LogVoice:Warning: Failed to initialize voice interface
[2016.01.26-12.47.27:222][410]LogOnline:Warning: NULL: Can't start an online game for session (Game) that hasn't been created
[2016.01.26-12.47.29:774][410]PIE: Info Play in editor start time for /Game/FirstPersonCPP/Maps/UEDPIE_0_MainMenu 2.295
[2016.01.26-12.47.32:088][567]LogInit: WinSock: I am frederic-PC (192.168.1.103:0)
[2016.01.26-12.47.32:155][567]LogPackageName: SearchForPackageOnDisk took   0.066s to resolve FirstPersonExampleMap.umap.
[2016.01.26-12.47.32:212][567]LogPackageName: SearchForPackageOnDisk took   0.056s to resolve FirstPersonExampleMap.umap.
[2016.01.26-12.47.32:213][567]LogNet: Browse: /Game/FirstPersonCPP/Maps/FirstPersonExampleMap?listen
[2016.01.26-12.47.32:213][567]LogLoad: LoadMap: /Game/FirstPersonCPP/Maps/FirstPersonExampleMap?listen
[2016.01.26-12.47.32:230][567]LogParticles: Destroying 0 GPU particle simulations for FXSystem 0x0000000011E311C0
[2016.01.26-12.47.32:234][567]Cmd: MEM
[2016.01.26-12.47.32:247][567]LogMemory: Platform Memory Stats for Windows
[2016.01.26-12.47.32:247][567]LogMemory: Process Physical Memory: 563.12 MB used, 564.02 MB peak
[2016.01.26-12.47.32:248][567]LogMemory: Process Virtual Memory: 956.06 MB used, 956.07 MB peak
[2016.01.26-12.47.32:248][567]LogMemory: Physical Memory: 9939.89 MB used, 16288.39 MB total
[2016.01.26-12.47.32:248][567]LogMemory: Virtual Memory: 1601.30 MB used, 8388608.00 MB total
[2016.01.26-12.47.32:249][567]LogMemory: 
[2016.01.26-12.47.32:249][567]Allocator Stats for TBB: (not implemented)
[2016.01.26-12.47.33:861][567]LogAIModule: Creating AISystem for world FirstPersonExampleMap
[2016.01.26-12.47.33:863][567]LogWorld: Game class is 'LostAgeGameMode'
[2016.01.26-12.47.33:864][567]LogInit: WinSock: Socket queue 131072 / 131072
[2016.01.26-12.47.33:865][567]LogNet: GameNetDriver IpNetDriver_0 IpNetDriver listening on port 7777
[2016.01.26-12.47.33:880][567]LogWorld: Bringing World /Game/FirstPersonCPP/Maps/UEDPIE_0_FirstPersonExampleMap.FirstPersonExampleMap up for play (max tick rate 0) at 2016.01.26-07.47.33
[2016.01.26-12.47.33:880][567]LogActor:Warning: GameSession /Game/FirstPersonCPP/Maps/UEDPIE_0_FirstPersonExampleMap.FirstPersonExampleMap:PersistentLevel.GameSession_1 has natively added scene component(s), but none of them were set as the actor's RootComponent - picking one arbitrarily
[2016.01.26-12.47.33:881][567]LogActor:Warning: GameNetworkManager /Game/FirstPersonCPP/Maps/UEDPIE_0_FirstPersonExampleMap.FirstPersonExampleMap:PersistentLevel.GameNetworkManager_1 has natively added scene component(s), but none of them were set as the actor's RootComponent - picking one arbitrarily
[2016.01.26-12.47.33:882][567]LogWorld: Bringing up level for play took: 0.015228
[2016.01.26-12.47.33:889][567]LogOnline:Warning: NULL: Can't start an online session (Game) in state InProgress
[2016.01.26-12.48.07:784][669]LogOnline:Display: NULL: FOnlineSubsystemNull::Shutdown()
[2016.01.26-12.48.07:786][669]LogPlayLevel:Display: Shutting down PIE online subsystems
[2016.01.26-12.48.07:801][669]LogParticles: Destroying 0 GPU particle simulations for FXSystem 0x000000004BEC1B20
[2016.01.26-12.48.07:802][669]LogExit: GameNetDriver None shut down
[2016.01.26-12.48.07:881][670]LogPlayLevel:Display: Destroying online subsystem :Context_2
[2016.01.26-12.48.07:882][670]LogOnline:Display: NULL: FOnlineSubsystemNull::Shutdown()
[2016.01.26-12.49.42:761][771]LogPlayLevel: PlayLevel: No blueprints needed recompiling
[2016.01.26-12.49.42:762][771]PIE: New page: PIE session: MainMenu (Jan 26, 2016, 2:49:42 AM)
[2016.01.26-12.49.42:762][771]LogPlayLevel: Creating play world package: /Game/FirstPersonCPP/Maps/UEDPIE_0_MainMenu
[2016.01.26-12.49.42:763][771]LogPlayLevel: PIE: StaticDuplicateObject took: (0.000573s)
[2016.01.26-12.49.42:764][771]LogAIModule: Creating AISystem for world MainMenu
[2016.01.26-12.49.42:765][771]LogPlayLevel: PIE: World Init took: (0.001243s)
[2016.01.26-12.49.42:765][771]LogPlayLevel: PIE: Created PIE world by copying editor world from /Game/FirstPersonCPP/Maps/MainMenu.MainMenu to /Game/FirstPersonCPP/Maps/UEDPIE_0_MainMenu.MainMenu (0.003058s)
[2016.01.26-12.49.42:788][771]LogInit: XAudio2 using 'Haut-parleurs (Realtek High Definition Audio)' : 2 channels at 48 kHz using 32 bits per sample (channel mask 0x3)
[2016.01.26-12.49.42:801][771]LogInit: FAudioDevice initialized.
[2016.01.26-12.49.42:834][771]LogWorld: Game class is 'LostAgeGameMode'
[2016.01.26-12.49.42:835][771]LogWorld: Bringing World /Game/FirstPersonCPP/Maps/UEDPIE_0_MainMenu.MainMenu up for play (max tick rate 0) at 2016.01.26-07.49.42
[2016.01.26-12.49.42:836][771]LogActor:Warning: GameSession /Game/FirstPersonCPP/Maps/UEDPIE_0_MainMenu.MainMenu:PersistentLevel.GameSession_2 has natively added scene component(s), but none of them were set as the actor's RootComponent - picking one arbitrarily
[2016.01.26-12.49.42:836][771]LogActor:Warning: GameNetworkManager /Game/FirstPersonCPP/Maps/UEDPIE_0_MainMenu.MainMenu:PersistentLevel.GameNetworkManager_2 has natively added scene component(s), but none of them were set as the actor's RootComponent - picking one arbitrarily
[2016.01.26-12.49.42:837][771]LogWorld: Bringing up level for play took: 0.001571
[2016.01.26-12.49.42:847][771]LogVoice:Warning: Failed to initialize voice interface
[2016.01.26-12.49.57:855][771]LogOnline:Warning: NULL: Can't start an online game for session (Game) that hasn't been created
[2016.01.26-12.50.10:910][771]PIE: Info Play in editor start time for /Game/FirstPersonCPP/Maps/UEDPIE_0_MainMenu 27.428
[2016.01.26-12.50.13:233][925]LogPackageName: SearchForPackageOnDisk took   0.061s to resolve FirstPersonExampleMap.umap.
[2016.01.26-12.50.13:289][925]LogPackageName: SearchForPackageOnDisk took   0.055s to resolve FirstPersonExampleMap.umap.
[2016.01.26-12.50.13:289][925]LogNet: Browse: /Game/FirstPersonCPP/Maps/FirstPersonExampleMap?listen
[2016.01.26-12.50.13:290][925]LogLoad: LoadMap: /Game/FirstPersonCPP/Maps/FirstPersonExampleMap?listen
[2016.01.26-12.50.13:302][925]LogParticles: Destroying 0 GPU particle simulations for FXSystem 0x000000004BCE3240
[2016.01.26-12.50.13:303][925]Cmd: MEM
[2016.01.26-12.50.13:314][925]LogMemory: Platform Memory Stats for Windows
[2016.01.26-12.50.13:315][925]LogMemory: Process Physical Memory: 1038.81 MB used, 1145.52 MB peak
[2016.01.26-12.50.13:315][925]LogMemory: Process Virtual Memory: 1512.88 MB used, 1662.65 MB peak
[2016.01.26-12.50.13:315][925]LogMemory: Physical Memory: 10637.04 MB used, 16288.39 MB total
[2016.01.26-12.50.13:315][925]LogMemory: Virtual Memory: 2158.13 MB used, 8388608.00 MB total
[2016.01.26-12.50.13:316][925]LogMemory: 
[2016.01.26-12.50.13:316][925]Allocator Stats for TBB: (not implemented)
[2016.01.26-12.50.13:906][925]LogAIModule: Creating AISystem for world FirstPersonExampleMap
[2016.01.26-12.50.13:907][925]LogWorld: Game class is 'LostAgeGameMode'
[2016.01.26-12.50.13:908][925]LogInit: WinSock: Socket queue 131072 / 131072
[2016.01.26-12.50.13:909][925]LogNet: GameNetDriver IpNetDriver_1 IpNetDriver listening on port 7777
[2016.01.26-12.50.13:914][925]LogWorld: Bringing World /Game/FirstPersonCPP/Maps/UEDPIE_0_FirstPersonExampleMap.FirstPersonExampleMap up for play (max tick rate 0) at 2016.01.26-07.50.13
[2016.01.26-12.50.13:915][925]LogActor:Warning: GameSession /Game/FirstPersonCPP/Maps/UEDPIE_0_FirstPersonExampleMap.FirstPersonExampleMap:PersistentLevel.GameSession_3 has natively added scene component(s), but none of them were set as the actor's RootComponent - picking one arbitrarily
[2016.01.26-12.50.13:915][925]LogActor:Warning: GameNetworkManager /Game/FirstPersonCPP/Maps/UEDPIE_0_FirstPersonExampleMap.FirstPersonExampleMap:PersistentLevel.GameNetworkManager_3 has natively added scene c