[2016.01.26-22.16.44:806][  0]Log file open, 01/26/16 17:16:44
[2016.01.26-22.16.44:806][  0]LogInit:Display: Running engine for game: LostAge
[2016.01.26-22.16.44:806][  0]LogInit:Display: RandInit(95608766) SRandInit(95608767).
[2016.01.26-22.16.44:807][  0]LogTaskGraph: Started task graph with 4 named threads and 7 total threads.
[2016.01.26-22.16.44:807][  0]LogStats: Stats thread started at 0.154640
[2016.01.26-22.16.44:807][  0]LogInit: Version: 4.9.2-2707645+++depot+UE4-Releases+4.9
[2016.01.26-22.16.44:807][  0]LogInit: API Version: 2672455
[2016.01.26-22.16.44:808][  0]LogInit: Compiled (64-bit): Sep 28 2015 10:25:44
[2016.01.26-22.16.44:808][  0]LogInit: Compiled with Visual C++: 18.00.21005.01
[2016.01.26-22.16.44:808][  0]LogInit: Build Configuration: Development
[2016.01.26-22.16.44:808][  0]LogInit: Branch Name: ++depot+UE4-Releases+4.9
[2016.01.26-22.16.44:809][  0]LogInit: Command line: 
[2016.01.26-22.16.44:809][  0]LogInit: Base directory: C:/Program Files/Epic Games/4.9/Engine/Binaries/Win64/
[2016.01.26-22.16.44:809][  0]LogInit: Rocket: 1
[2016.01.26-22.16.44:841][  0]LogInit: Using libcurl 7.41.0
[2016.01.26-22.16.44:842][  0]LogInit:  - built for x86_64-pc-win32
[2016.01.26-22.16.44:842][  0]LogInit:  - supports SSL with WinSSL
[2016.01.26-22.16.44:842][  0]LogInit:  - other features:
[2016.01.26-22.16.44:842][  0]LogInit:      CURL_VERSION_SSL
[2016.01.26-22.16.44:843][  0]LogInit:      CURL_VERSION_IPV6
[2016.01.26-22.16.44:843][  0]LogInit:      CURL_VERSION_ASYNCHDNS
[2016.01.26-22.16.44:843][  0]LogInit:      CURL_VERSION_LARGEFILE
[2016.01.26-22.16.44:843][  0]LogInit:      CURL_VERSION_IDN
[2016.01.26-22.16.44:844][  0]LogInit:  CurlRequestOptions (configurable via config and command line):
[2016.01.26-22.16.44:844][  0]LogInit:  - bVerifyPeer = true  - Libcurl will verify peer certificate
[2016.01.26-22.16.44:844][  0]LogInit:  - bUseHttpProxy = false  - Libcurl will NOT use HTTP proxy
[2016.01.26-22.16.44:844][  0]LogInit:  - bDontReuseConnections = false  - Libcurl will reuse connections
[2016.01.26-22.16.44:845][  0]LogInit:  - CertBundlePath = nullptr  - Libcurl will use whatever was configured at build time.
[2016.01.26-22.16.44:908][  0]LogInit: WinSock: version 1.1 (2.2), MaxSocks=32767, MaxUdp=65467
[2016.01.26-22.16.44:925][  0]LogVoice:Warning: Failed to initialize voice interface
[2016.01.26-22.16.44:931][  0]LogInit: Presizing for 0 objects not considered by GC, pre-allocating 0 bytes.
[2016.01.26-22.16.44:939][  0]LogInit: Object subsystem initialized
[2016.01.26-22.16.44:941][  0]LogInit: Selected Device Profile: [Windows]
[2016.01.26-22.16.44:942][  0]LogInit: Applying CVar settings loaded from the selected device profile: [Windows]
[2016.01.26-22.16.44:949][  0]LogInit: Computer: FREDERIC-PC
[2016.01.26-22.16.44:950][  0]LogInit: User: frederic
[2016.01.26-22.16.44:950][  0]LogInit: CPU Page size=4096, Cores=4
[2016.01.26-22.16.44:950][  0]LogInit: High frequency timer resolution =3.331240 MHz
[2016.01.26-22.16.44:951][  0]LogMemory: Memory total: Physical=15.9GB (16GB approx)
[2016.01.26-22.16.44:951][  0]LogMemory: Platform Memory Stats for Windows
[2016.01.26-22.16.44:951][  0]LogMemory: Process Physical Memory: 54.76 MB used, 54.76 MB peak
[2016.01.26-22.16.44:951][  0]LogMemory: Process Virtual Memory: 55.75 MB used, 55.75 MB peak
[2016.01.26-22.16.44:952][  0]LogMemory: Physical Memory: 9582.15 MB used, 16288.39 MB total
[2016.01.26-22.16.44:952][  0]LogMemory: Virtual Memory: 337.63 MB used, 8388608.00 MB total
[2016.01.26-22.16.45:032][  0]LogTextLocalizationManager: No translations for ('fr-CA') exist, falling back to 'en' for localization and internationalization data.
[2016.01.26-22.16.45:848][  0]LogD3D11RHI: Found D3D11 adapter 0: NVIDIA GeForce GTX 970 (Feature Level 11_0)
[2016.01.26-22.16.45:848][  0]LogD3D11RHI: Adapter has 4008MB of dedicated video memory, 0MB of dedicated system memory, and 7888MB of shared system memory, 1 output[s]
[2016.01.26-22.16.45:857][  0]LogD3D11RHI: Found D3D11 adapter 1: Intel(R) HD Graphics 3000 (Feature Level 10_0)
[2016.01.26-22.16.45:858][  0]LogD3D11RHI: Adapter has 64MB of dedicated video memory, 0MB of dedicated system memory, and 1632MB of shared system memory, 0 output[s]
[2016.01.26-22.16.45:858][  0]LogD3D11RHI: Chosen D3D11 Adapter Id = 0
[2016.01.26-22.16.45:863][  0]LogD3D11RHI: !Direct3DDevice
[2016.01.26-22.16.45:863][  0]LogRHI: Texture pool is 1361 MB (70% of 1945 MB)
[2016.01.26-22.16.45:893][  0]LogD3D11RHI: Async texture creation enabled
[2016.01.26-22.16.45:908][  0]LogShaderCompilers: Guid format shader working directory is 15 characters bigger than the processId version (../../../../../../Users/frederic/Documents/Unreal Projects/LostAge/Intermediate/Shaders/WorkingDirectory/1632/).
[2016.01.26-22.16.45:908][  0]LogShaderCompilers: Cleaned the shader compiler working directory '../../../../../../Users/frederic/Documents/Unreal Projects/LostAge/Intermediate/Shaders/tmp/170421FB4CA45F357B897D8CF2BB0FDD/'.
[2016.01.26-22.16.45:909][  0]LogShaderCompilers:Display: Using Local Shader Compiler.
[2016.01.26-22.16.47:122][  0]LogTemp:Display: Loaded TP AllDesktopTargetPlatform
[2016.01.26-22.16.47:140][  0]LogTemp:Display: Loaded TP WindowsClientTargetPlatform
[2016.01.26-22.16.47:161][  0]LogTemp:Display: Loaded TP WindowsNoEditorTargetPlatform
[2016.01.26-22.16.47:179][  0]LogTemp:Display: Loaded TP WindowsServerTargetPlatform
[2016.01.26-22.16.47:197][  0]LogTemp:Display: Loaded TP WindowsTargetPlatform
[2016.01.26-22.16.47:205][  0]LogTemp:Display: Loaded TP AndroidTargetPlatform
[2016.01.26-22.16.47:213][  0]LogTemp:Display: Loaded TP Android_ASTCTargetPlatform
[2016.01.26-22.16.47:222][  0]LogTemp:Display: Loaded TP Android_ATCTargetPlatform
[2016.01.26-22.16.47:230][  0]LogTemp:Display: Loaded TP Android_DXTTargetPlatform
[2016.01.26-22.16.47:237][  0]LogTemp:Display: Loaded TP Android_ETC1TargetPlatform
[2016.01.26-22.16.47:245][  0]LogTemp:Display: Loaded TP Android_ETC2TargetPlatform
[2016.01.26-22.16.47:253][  0]LogTemp:Display: Loaded TP Android_PVRTCTargetPlatform
[2016.01.26-22.16.47:257][  0]LogTemp:Display: Loaded TP HTML5TargetPlatform
[2016.01.26-22.16.47:292][  0]LogTemp:Display: Loaded TP IOSTargetPlatform
[2016.01.26-22.16.47:298][  0]LogTemp:Display: Loaded TP LinuxNoEditorTargetPlatform
[2016.01.26-22.16.47:306][  0]LogTemp:Display: Loaded TP LinuxServerTargetPlatform
[2016.01.26-22.16.47:313][  0]LogTemp:Display: Loaded TP LinuxTargetPlatform
[2016.01.26-22.16.47:313][  0]LogTargetPlatformManager:Display: Building Assets For Windows
[2016.01.26-22.16.47:543][  0]LogDerivedDataCache:Display: Max Cache Size: 512 MB
[2016.01.26-22.16.47:589][  0]LogDerivedDataCache: Loaded boot cache 0.05s 43MB C:/Users/frederic/AppData/Local/UnrealEngine/4.9/DerivedDataCache/Boot.ddc.
[2016.01.26-22.16.47:590][  0]LogDerivedDataCache:Display: Loaded Boot cache: C:/Users/frederic/AppData/Local/UnrealEngine/4.9/DerivedDataCache/Boot.ddc
[2016.01.26-22.16.47:590][  0]LogDerivedDataCache: FDerivedDataBackendGraph:  Pak pak cache file ../../../../../../Users/frederic/Documents/Unreal Projects/LostAge/DerivedDataCache/DDC.ddp not found, will not use a pak cache.
[2016.01.26-22.16.47:590][  0]LogDerivedDataCache: Unable to find inner node Pak for hierarchical cache Hierarchy.
[2016.01.26-22.16.47:591][  0]LogDerivedDataCache: FDerivedDataBackendGraph:  CompressedPak pak cache file ../../../../../../Users/frederic/Documents/Unreal Projects/LostAge/DerivedDataCache/Compressed.ddp not found, will not use a pak cache.
[2016.01.26-22.16.47:591][  0]LogDerivedDataCache: Unable to find inner node CompressedPak for hierarchical cache Hierarchy.
[2016.01.26-22.16.47:730][  0]LogDerivedDataCache:Display: Pak cache opened for reading ../../../Engine/DerivedDataCache/Compressed.ddp.
[2016.01.26-22.16.47:743][  0]LogDerivedDataCache: Using Local data cache path C:/Users/frederic/AppData/Local/UnrealEngine/Common/DerivedDataCache: Writable
[2016.01.26-22.16.47:933][  0]LogInit: Selected Device Profile: [Windows]
[2016.01.26-22.16.47:934][  0]LogContentStreaming: Texture pool size is 0.000000MB
[2016.01.26-22.16.47:972][  0]LogMeshUtilities: No automatic mesh reduction module available
[2016.01.26-22.16.47:973][  0]LogMeshUtilities: No automatic mesh merging module available
[2016.01.26-22.16.49:447][  0]UdpMessaging: Initializing bridge on interface 0.0.0.0:0 to multicast group 230.0.0.1:6666.
[2016.01.26-22.16.57:991][  0]LogAssetRegistry: FAssetRegistry took 0.0103 seconds to start up
[2016.01.26-22.16.58:357][  0]SourceControl: Info Source control is disabled
[2016.01.26-22.16.58:360][  0]SourceControl: Info Source control is disabled
[2016.01.26-22.16.58:376][  0]SourceControl: Info Source control is disabled
[2016.01.26-22.16.58:399][  0]SourceControl: Info Source control is disabled
[2016.01.26-22.16.58:598][  0]LogLinker:Warning: Asset '../../../Engine/Plugins/Runtime/LeapMotionController/Content/LM_PassthroughMaterial.uasset' has been saved with empty engine version. The asset will be loaded but may be incompatible.
[2016.01.26-22.16.58:702][  0]LogObj: 28402 objects as part of root set at end of initial load.
[2016.01.26-22.16.58:702][  0]LogUObjectAllocator: 6067872 out of 0 bytes used by permanent object pool.
[2016.01.26-22.16.58:791][  0]LogEngine: Initializing Engine...
[2016.01.26-22.16.58:794][  0]LogHMD: Can't find Oculus library dev build: is proper Runtime installed? Version: 0.7.0.0
[2016.01.26-22.16.58:796][  0]LogHMD: SteamVR failed to initialize.  Err: 110
[2016.01.26-22.16.58:951][  0]LogAIModule: Creating AISystem for world NewWorld
[2016.01.26-22.16.58:966][  0]LogInit: XAudio2 using 'Haut-parleurs (USB PnP Sound Device)' : 2 channels at 44.1 kHz using 16 bits per sample (channel mask 0x3)
[2016.01.26-22.16.58:985][  0]LogInit: FAudioDevice initialized.
[2016.01.26-22.16.59:007][  0]LogDerivedDataCache: Saved boot cache 0.02s 42MB C:/Users/frederic/AppData/Local/UnrealEngine/4.9/DerivedDataCache/Boot.ddc.
[2016.01.26-22.16.59:014][  0]LogInit: Texture streaming: Enabled
[2016.01.26-22.16.59:031][  0]LogAnalytics: Creating configured Analytics provider AnalyticsET
[2016.01.26-22.16.59:031][  0]LogAnalytics: [UEEditor.Rocket.Release] APIServer = http://et2.epicgames.com/ET2/. AppVersion = 4.9.2-2707645+++depot+UE4-Releases+4.9
[2016.01.26-22.16.59:032][  0]LogAnalytics: [UEEditor.Rocket.Release] SetUserId c8da8d664a36a98701fe659c10ae4ff8|70626fa7f476448fb82ad9618fbbb1ab|00e7fb16-00c3-4af4-a2a1-2cc8013aae38
[2016.01.26-22.16.59:032][  0]LogAnalytics: [UEEditor.Rocket.Release] AnalyticsET::StartSession
[2016.01.26-22.16.59:052][  0]LogInit: Transaction tracking system initialized
[2016.01.26-22.16.59:172][  0]BlueprintLog: New page: Editor Load
[2016.01.26-22.16.59:579][  0]LocalizationService: Info Localization service is disabled
[2016.01.26-22.16.59:758][  0]LogLinker:Warning: Can't find file '/Game/ThirdPersonCPP/ThirdPersonOverview'
[2016.01.26-22.16.59:759][  0]LogLinker:Warning: Can't find file '/Game/ThirdPersonCPP/ThirdPersonOverview'
[2016.01.26-22.16.59:759][  0]LogUObjectGlobals:Warning: Failed to find object 'Class /Game/ThirdPersonCPP/ThirdPersonOverview.ThirdPersonOverview_C'
[2016.01.26-22.16.59:792][  0]LogConsoleResponse:Display: 
[2016.01.26-22.16.59:924][  0]LogCook:Display: Done creating registry. It took  0.00s.
[2016.01.26-22.17.00:121][  0]LogFileCache: Scanning file cache for directory 'C:/Users/frederic/Documents/Unreal Projects/LostAge/Content/' took 0.01s
[2016.01.26-22.17.00:122][  0]SourceControl: Info Source control is disabled
[2016.01.26-22.17.00:122][  0]Cmd: MAP LOAD FILE="../../../../../../Users/frederic/Documents/Unreal Projects/LostAge/Content/FirstPersonCPP/Maps/MainMenu.umap" TEMPLATE=0 SHOWPROGRESS=1 FEATURELEVEL=3
[2016.01.26-22.17.00:123][  0]LightingResults: New page: Lighting Build
[2016.01.26-22.17.00:129][  0]MapCheck: New page: Map Check
[2016.01.26-22.17.00:129][  0]LightingResults: New page: Lighting Build
[2016.01.26-22.17.00:139][  0]LogParticles: Destroying 0 GPU particle simulations for FXSystem 0x000000001A016AC0
[2016.01.26-22.17.00:143][  0]LogAIModule: Creating AISystem for world MainMenu
[2016.01.26-22.17.00:145][  0]LogEditorServer: Finished looking for orphan Actors (0.000 secs)
[2016.01.26-22.17.00:146][  0]Cmd: MAP CHECKDEP NOCLEARLOG
[2016.01.26-22.17.00:195][  0]MapCheck: Info Map check complete: 0 Error(s), 0 Warning(s), took 48.074ms to complete.
[2016.01.26-22.17.00:195][  0]LogFileHelpers: Loading map 'MainMenu' took 0.073
[2016.01.26-22.17.00:301][  0]LogCollectionManager: Loaded 0 collections in 0.002248 seconds
[2016.01.26-22.17.00:345][  0]LogFileCache: Scanning file cache for directory 'C:/Users/frederic/Documents/Unreal Projects/LostAge/Saved/Collections/' took 0.01s
[2016.01.26-22.17.00:346][  0]LogFileCache: Scanning file cache for directory 'C:/Users/frederic/Documents/Unreal Projects/LostAge/Content/Developers/frederic/Collections/' took 0.01s
[2016.01.26-22.17.00:346][  0]LogFileCache: Scanning file cache for directory 'C:/Users/frederic/Documents/Unreal Projects/LostAge/Content/Collections/' took 0.01s
[2016.01.26-22.17.00:347][  0]LogContentBrowser: Native class hierarchy populated in 0.0085 seconds. Added 1875 classes and 335 folders.
[2016.01.26-22.17.00:355][  0]LogCollectionManager: Rebuilt the GUID cache for 0 collections in 0.000002 seconds
[2016.01.26-22.17.00:369][  0]LogContentBrowser: Native class hierarchy updated for 'WidgetCarousel' in 0.0030 seconds. Added 0 classes and 0 folders.
[2016.01.26-22.17.00:436][  0]LogContentBrowser: Native class hierarchy updated for 'AddContentDialog' in 0.0018 seconds. Added 0 classes and 0 folders.
[2016.01.26-22.17.00:460][  0]LogContentBrowser: Native class hierarchy updated for 'SceneOutliner' in 0.0019 seconds. Added 1 classes and 2 folders.
[2016.01.26-22.17.00:496][  0]LogCrashTracker: Crashtracker disabled due to settings.
[2016.01.26-22.17.00:500][  0]LogUObjectGlobals:Warning: Failed to find object 'Class None.'
[2016.01.26-22.17.00:522][  0]LogLoad: Full Startup: 16.71 seconds (BP compile: 0.00 seconds)
[2016.01.26-22.17.00:603][  0]LogContentStreaming: Texture pool size now 1000 MB
[2016.01.26-22.17.00:733][  2]LogRenderer: Reallocating scene render targets to support 944x484 (Frame:2).
[2016.01.26-22.17.00:863][  2]LogAssetRegistry: Asset discovery search completed in 2.8830 seconds
[2016.01.26-22.17.00:864][  2]LogCollectionManager: Rebuilt the object cache for 0 collections in 0.000001 seconds (found 0 objects)
[2016.01.26-22.17.00:864][  2]LogCollectionManager: Fixed up redirectors for 0 collections in 0.000376 seconds (updated 0 objects)
[2016.01.26-22.17.03:587][319]LogPlayLevel: PlayLevel: No blueprints needed recompiling
[2016.01.26-22.17.03:588][319]PIE: New page: PIE session: MainMenu (Jan 26, 2016, 12:17:03 PM)
[2016.01.26-22.17.03:649][319]LogPlayLevel: Creating play world package: /Game/FirstPersonCPP/Maps/UEDPIE_0_MainMenu
[2016.01.26-22.17.03:650][319]LogPlayLevel: PIE: StaticDuplicateObject took: (0.000694s)
[2016.01.26-22.17.03:651][319]LogAIModule: Creating AISystem for world MainMenu
[2016.01.26-22.17.03:652][319]LogPlayLevel: PIE: World Init took: (0.001143s)
[2016.01.26-22.17.03:652][319]LogPlayLevel: PIE: Created PIE world by copying editor world from /Game/FirstPersonCPP/Maps/MainMenu.MainMenu to /Game/FirstPersonCPP/Maps/UEDPIE_0_MainMenu.MainMenu (0.003222s)
[2016.01.26-22.17.03:675][319]LogInit: XAudio2 using 'Haut-parleurs (USB PnP Sound Device)' : 2 channels at 44.1 kHz using 16 bits per sample (channel mask 0x3)
[2016.01.26-22.17.03:679][319]LogInit: FAudioDevice initialized.
[2016.01.26-22.17.03:727][319]LogWorld: Game class is 'LostAgeGameMode'
[2016.01.26-22.17.07:306][319]LogWorld: Bringing World /Game/FirstPersonCPP/Maps/UEDPIE_0_MainMenu.MainMenu up for play (max tick rate 3) at 2016.01.26-17.17.07
[2016.01.26-22.17.07:306][319]LogActor:Warning: GameSession /Game/FirstPersonCPP/Maps/UEDPIE_0_MainMenu.MainMenu:PersistentLevel.GameSession_0 has natively added scene component(s), but none of them were set as the actor's RootComponent - picking one arbitrarily
[2016.01.26-22.17.07:307][319]LogActor:Warning: GameNetworkManager /Game/FirstPersonCPP/Maps/UEDPIE_0_MainMenu.MainMenu:PersistentLevel.GameNetworkManager_0 has natively added scene component(s), but none of them were set as the actor's RootComponent - picking one arbitrarily
[2016.01.26-22.17.07:307][319]LogWorld: Bringing up level for play took: 0.001922
[2016.01.26-22.17.07:318][319]LogVoice:Warning: Failed to initialize voice interface
[2016.01.26-22.17.16:634][319]LogOnline:Warning: NULL: Can't start an online game for session (Game) that hasn't been created
[2016.01.26-22.17.20:301][319]PIE: Info Play in editor start time for /Game/FirstPersonCPP/Maps/UEDPIE_0_MainMenu 16.675
[2016.01.26-22.17.27:275][320]LogRenderer: Reallocating scene render targets to support 1280x720 (Frame:312).
[2016.01.26-22.18.47:380][ 55]LogInit: WinSock: I am frederic-PC (192.168.1.103:0)
[2016.01.26-22.18.47:439][ 55]LogPackageName: SearchForPackageOnDisk took   0.058s to resolve FirstPersonExampleMap.umap.
[2016.01.26-22.18.47:494][ 55]LogPackageName: SearchForPackageOnDisk took   0.053s to resolve FirstPersonExampleMap.umap.
[2016.01.26-22.18.47:494][ 55]LogNet: Browse: /Game/FirstPersonCPP/Maps/FirstPersonExampleMap?listen
[2016.01.26-22.18.47:495][ 55]LogLoad: LoadMap: /Game/FirstPersonCPP/Maps/FirstPersonExampleMap?listen
[2016.01.26-22.18.47:507][ 55]LogParticles: Destroying 0 GPU particle simulations for FXSystem 0x0000000032154CC0
[2016.01.26-22.18.47:510][ 55]Cmd: MEM
[2016.01.26-22.18.47:521][ 55]LogMemory: Platform Memory Stats for Windows
[2016.01.26-22.18.47:522][ 55]LogMemory: Process Physical Memory: 573.33 MB used, 592.09 MB peak
[2016.01.26-22.18.47:522][ 55]LogMemory: Process Virtual Memory: 1020.14 MB used, 1033.78 MB peak
[2016.01.26-22.18.47:522][ 55]LogMemory: Physical Memory: 10930.59 MB used, 16288.39 MB total
[2016.01.26-22.18.47:522][ 55]LogMemory: Virtual Memory: 1625.28 MB used, 8388608.00 MB total
[2016.01.26-22.18.47:523][ 55]LogMemory: 
[2016.01.26-22.18.47:523][ 55]Allocator Stats for TBB: (not implemented)
[2016.01.26-22.18.48:428][ 55]LogAIModule: Creating AISystem for world FirstPersonExampleMap
[2016.01.26-22.18.48:429][ 55]LogWorld: Game class is 'LostAgeGameMode'
[2016.01.26-22.18.58:687][ 55]LogInit: WinSock: Socket queue 131072 / 131072
[2016.01.26-22.18.58:688][ 55]LogNet: GameNetDriver IpNetDriver_0 IpNetDriver listening on port 7777
[2016.01.26-22.18.58:703][ 55]LogWorld: Bringing World /Game/FirstPersonCPP/Maps/UEDPIE_0_FirstPersonExampleMap.FirstPersonExampleMap up for play (max tick rate 3) at 2016.01.26-17.18.58
[2016.01.26-22.18.58:705][ 55]LogActor:Warning: GameSession /Game/FirstPersonCPP/Maps/UEDPIE_0_FirstPersonExampleMap.FirstPersonExampleMap:PersistentLevel.GameSession_1 has natively added scene component(s), but none of them were set as the actor's RootComponent - picking one arbitrarily
[2016.01.26-22.18.58:706][ 55]LogActor:Warning: GameNetworkManager /Game/FirstPersonCPP/Maps/UEDPIE_0_FirstPersonExampleMap.FirstPersonExampleMap:PersistentLevel.GameNetworkManager_1 has natively added scene component(s), but none of them were set as the actor's RootComponent - picking one arbitrarily
[2016.01.26-22.18.58:707][ 55]LogWorld: Bringing up level for play took: 0.017815
[2016.01.26-22.20.04:427][ 55]LogOnline:Warning: NULL: Can't start an online session (Game) in state InProgress
[2016.01.26-22.20.19:524][218]LogPackageName: SearchForPackageOnDisk took   0.057s to resolve MainMenu.umap.
[2016.01.26-22.20.19:587][219]LogPackageName: SearchForPackageOnDisk took   0.057s to resolve MainMenu.umap.
[2016.01.26-22.20.19:588][219]LogNet: Browse: /Game/FirstPersonCPP/Maps/MainMenu
[2016.01.26-22.20.19:588][219]LogLoad: LoadMap: /Game/FirstPersonCPP/Maps/MainMenu
[2016.01.26-22.20.19:588][219]LogNet: World NetDriver shutdown IpNetDriver_0 [GameNetDriver]
[2016.01.26-22.20.19:589][219]LogNet: DestroyNamedNetDriver IpNetDriver_0 [GameNetDriver]
[2016.01.26-22.20.19:589][219]LogExit: GameNetDriver IpNetDriver_0 shut down
[2016.01.26-22.20.19:603][219]LogParticles: Destroying 0 GPU particle simulations for FXSystem 0x00000000328C6D40
