[2016.01.26-23.50.52:809][  0]Log file open, 01/26/16 18:50:52
[2016.01.26-23.50.52:809][  0]LogInit:Display: Running engine for game: LostAge
[2016.01.26-23.50.52:810][  0]LogInit:Display: RandInit(1730242590) SRandInit(1730242590).
[2016.01.26-23.50.52:810][  0]LogTaskGraph: Started task graph with 4 named threads and 7 total threads.
[2016.01.26-23.50.52:810][  0]LogStats: Stats thread started at 0.154328
[2016.01.26-23.50.52:810][  0]LogInit: Version: 4.9.2-2707645+++depot+UE4-Releases+4.9
[2016.01.26-23.50.52:811][  0]LogInit: API Version: 2672455
[2016.01.26-23.50.52:811][  0]LogInit: Compiled (64-bit): Sep 28 2015 10:25:44
[2016.01.26-23.50.52:811][  0]LogInit: Compiled with Visual C++: 18.00.21005.01
[2016.01.26-23.50.52:811][  0]LogInit: Build Configuration: DebugGame
[2016.01.26-23.50.52:812][  0]LogInit: Branch Name: ++depot+UE4-Releases+4.9
[2016.01.26-23.50.52:812][  0]LogInit: Command line:  -debug
[2016.01.26-23.50.52:812][  0]LogInit: Base directory: C:/Program Files/Epic Games/4.9/Engine/Binaries/Win64/
[2016.01.26-23.50.52:812][  0]LogInit: Rocket: 1
[2016.01.26-23.50.52:846][  0]LogInit: Using libcurl 7.41.0
[2016.01.26-23.50.52:847][  0]LogInit:  - built for x86_64-pc-win32
[2016.01.26-23.50.52:847][  0]LogInit:  - supports SSL with WinSSL
[2016.01.26-23.50.52:847][  0]LogInit:  - other features:
[2016.01.26-23.50.52:847][  0]LogInit:      CURL_VERSION_SSL
[2016.01.26-23.50.52:848][  0]LogInit:      CURL_VERSION_IPV6
[2016.01.26-23.50.52:848][  0]LogInit:      CURL_VERSION_ASYNCHDNS
[2016.01.26-23.50.52:848][  0]LogInit:      CURL_VERSION_LARGEFILE
[2016.01.26-23.50.52:848][  0]LogInit:      CURL_VERSION_IDN
[2016.01.26-23.50.52:848][  0]LogInit:  CurlRequestOptions (configurable via config and command line):
[2016.01.26-23.50.52:849][  0]LogInit:  - bVerifyPeer = true  - Libcurl will verify peer certificate
[2016.01.26-23.50.52:849][  0]LogInit:  - bUseHttpProxy = false  - Libcurl will NOT use HTTP proxy
[2016.01.26-23.50.52:849][  0]LogInit:  - bDontReuseConnections = false  - Libcurl will reuse connections
[2016.01.26-23.50.52:849][  0]LogInit:  - CertBundlePath = nullptr  - Libcurl will use whatever was configured at build time.
[2016.01.26-23.50.52:909][  0]LogInit: WinSock: version 1.1 (2.2), MaxSocks=32767, MaxUdp=65467
[2016.01.26-23.50.52:924][  0]LogVoice:Warning: Failed to initialize voice interface
[2016.01.26-23.50.52:930][  0]LogInit: Presizing for 0 objects not considered by GC, pre-allocating 0 bytes.
[2016.01.26-23.50.52:937][  0]LogInit: Object subsystem initialized
[2016.01.26-23.50.52:939][  0]LogInit: Selected Device Profile: [Windows]
[2016.01.26-23.50.52:939][  0]LogInit: Applying CVar settings loaded from the selected device profile: [Windows]
[2016.01.26-23.50.52:950][  0]LogInit: Computer: FREDERIC-PC
[2016.01.26-23.50.52:951][  0]LogInit: User: frederic
[2016.01.26-23.50.52:951][  0]LogInit: CPU Page size=4096, Cores=4
[2016.01.26-23.50.52:952][  0]LogInit: High frequency timer resolution =3.331240 MHz
[2016.01.26-23.50.52:952][  0]LogMemory: Memory total: Physical=15.9GB (16GB approx)
[2016.01.26-23.50.52:952][  0]LogMemory: Platform Memory Stats for Windows
[2016.01.26-23.50.52:952][  0]LogMemory: Process Physical Memory: 55.05 MB used, 55.05 MB peak
[2016.01.26-23.50.52:953][  0]LogMemory: Process Virtual Memory: 55.74 MB used, 55.74 MB peak
[2016.01.26-23.50.52:953][  0]LogMemory: Physical Memory: 7186.61 MB used, 16288.39 MB total
[2016.01.26-23.50.52:953][  0]LogMemory: Virtual Memory: 337.63 MB used, 8388608.00 MB total
[2016.01.26-23.50.53:026][  0]LogTextLocalizationManager: No translations for ('fr-CA') exist, falling back to 'en' for localization and internationalization data.
[2016.01.26-23.50.53:717][  0]LogD3D11RHI: Found D3D11 adapter 0: NVIDIA GeForce GTX 970 (Feature Level 11_0)
[2016.01.26-23.50.53:717][  0]LogD3D11RHI: Adapter has 4008MB of dedicated video memory, 0MB of dedicated system memory, and 7888MB of shared system memory, 1 output[s]
[2016.01.26-23.50.53:727][  0]LogD3D11RHI: Found D3D11 adapter 1: Intel(R) HD Graphics 3000 (Feature Level 10_0)
[2016.01.26-23.50.53:727][  0]LogD3D11RHI: Adapter has 64MB of dedicated video memory, 0MB of dedicated system memory, and 1632MB of shared system memory, 0 output[s]
[2016.01.26-23.50.53:728][  0]LogD3D11RHI: Chosen D3D11 Adapter Id = 0
[2016.01.26-23.50.53:733][  0]LogD3D11RHI: !Direct3DDevice
[2016.01.26-23.50.53:734][  0]LogRHI: Texture pool is 1361 MB (70% of 1945 MB)
[2016.01.26-23.50.53:779][  0]LogD3D11RHI: Async texture creation enabled
[2016.01.26-23.50.53:794][  0]LogShaderCompilers: Guid format shader working directory is 15 characters bigger than the processId version (../../../../../../Users/frederic/Documents/Unreal Projects/LostAge/Intermediate/Shaders/WorkingDirectory/5496/).
[2016.01.26-23.50.53:795][  0]LogShaderCompilers: Cleaned the shader compiler working directory '../../../../../../Users/frederic/Documents/Unreal Projects/LostAge/Intermediate/Shaders/tmp/94A0A2C54FC7EEE9E9117CB610E29142/'.
[2016.01.26-23.50.53:795][  0]LogShaderCompilers:Display: Using Local Shader Compiler.
[2016.01.26-23.50.54:972][  0]LogTemp:Display: Loaded TP AllDesktopTargetPlatform
[2016.01.26-23.50.54:987][  0]LogTemp:Display: Loaded TP WindowsClientTargetPlatform
[2016.01.26-23.50.55:005][  0]LogTemp:Display: Loaded TP WindowsNoEditorTargetPlatform
[2016.01.26-23.50.55:021][  0]LogTemp:Display: Loaded TP WindowsServerTargetPlatform
[2016.01.26-23.50.55:037][  0]LogTemp:Display: Loaded TP WindowsTargetPlatform
[2016.01.26-23.50.55:046][  0]LogTemp:Display: Loaded TP AndroidTargetPlatform
[2016.01.26-23.50.55:052][  0]LogTemp:Display: Loaded TP Android_ASTCTargetPlatform
[2016.01.26-23.50.55:060][  0]LogTemp:Display: Loaded TP Android_ATCTargetPlatform
[2016.01.26-23.50.55:069][  0]LogTemp:Display: Loaded TP Android_DXTTargetPlatform
[2016.01.26-23.50.55:077][  0]LogTemp:Display: Loaded TP Android_ETC1TargetPlatform
[2016.01.26-23.50.55:085][  0]LogTemp:Display: Loaded TP Android_ETC2TargetPlatform
[2016.01.26-23.50.55:094][  0]LogTemp:Display: Loaded TP Android_PVRTCTargetPlatform
[2016.01.26-23.50.55:099][  0]LogTemp:Display: Loaded TP HTML5TargetPlatform
[2016.01.26-23.50.55:130][  0]LogTemp:Display: Loaded TP IOSTargetPlatform
[2016.01.26-23.50.55:137][  0]LogTemp:Display: Loaded TP LinuxNoEditorTargetPlatform
[2016.01.26-23.50.55:144][  0]LogTemp:Display: Loaded TP LinuxServerTargetPlatform
[2016.01.26-23.50.55:152][  0]LogTemp:Display: Loaded TP LinuxTargetPlatform
[2016.01.26-23.50.55:152][  0]LogTargetPlatformManager:Display: Building Assets For Windows
[2016.01.26-23.50.55:370][  0]LogDerivedDataCache:Display: Max Cache Size: 512 MB
[2016.01.26-23.50.55:414][  0]LogDerivedDataCache: Loaded boot cache 0.04s 41MB C:/Users/frederic/AppData/Local/UnrealEngine/4.9/DerivedDataCache/Boot.ddc.
[2016.01.26-23.50.55:415][  0]LogDerivedDataCache:Display: Loaded Boot cache: C:/Users/frederic/AppData/Local/UnrealEngine/4.9/DerivedDataCache/Boot.ddc
[2016.01.26-23.50.55:415][  0]LogDerivedDataCache: FDerivedDataBackendGraph:  Pak pak cache file ../../../../../../Users/frederic/Documents/Unreal Projects/LostAge/DerivedDataCache/DDC.ddp not found, will not use a pak cache.
[2016.01.26-23.50.55:415][  0]LogDerivedDataCache: Unable to find inner node Pak for hierarchical cache Hierarchy.
[2016.01.26-23.50.55:416][  0]LogDerivedDataCache: FDerivedDataBackendGraph:  CompressedPak pak cache file ../../../../../../Users/frederic/Documents/Unreal Projects/LostAge/DerivedDataCache/Compressed.ddp not found, will not use a pak cache.
[2016.01.26-23.50.55:416][  0]LogDerivedDataCache: Unable to find inner node CompressedPak for hierarchical cache Hierarchy.
[2016.01.26-23.50.55:569][  0]LogDerivedDataCache:Display: Pak cache opened for reading ../../../Engine/DerivedDataCache/Compressed.ddp.
[2016.01.26-23.50.55:581][  0]LogDerivedDataCache: Using Local data cache path C:/Users/frederic/AppData/Local/UnrealEngine/Common/DerivedDataCache: Writable
[2016.01.26-23.50.55:775][  0]LogInit: Selected Device Profile: [Windows]
[2016.01.26-23.50.55:777][  0]LogContentStreaming: Texture pool size is 0.000000MB
[2016.01.26-23.50.55:814][  0]LogMeshUtilities: No automatic mesh reduction module available
[2016.01.26-23.50.55:814][  0]LogMeshUtilities: No automatic mesh merging module available
[2016.01.26-23.50.57:238][  0]UdpMessaging: Initializing bridge on interface 0.0.0.0:0 to multicast group 230.0.0.1:6666.
[2016.01.26-23.50.57:594][  0]LogAssetRegistry: FAssetRegistry took 0.0104 seconds to start up
[2016.01.26-23.50.57:933][  0]SourceControl: Info Source control is disabled
[2016.01.26-23.50.57:934][  0]SourceControl: Info Source control is disabled
[2016.01.26-23.50.57:952][  0]SourceControl: Info Source control is disabled
[2016.01.26-23.50.57:970][  0]SourceControl: Info Source control is disabled
[2016.01.26-23.50.58:148][  0]LogLinker:Warning: Asset '../../../Engine/Plugins/Runtime/LeapMotionController/Content/LM_PassthroughMaterial.uasset' has been saved with empty engine version. The asset will be loaded but may be incompatible.
[2016.01.26-23.50.58:247][  0]LogObj: 31829 objects as part of root set at end of initial load.
[2016.01.26-23.50.58:248][  0]LogUObjectAllocator: 7266512 out of 0 bytes used by permanent object pool.
[2016.01.26-23.50.58:333][  0]LogEngine: Initializing Engine...
[2016.01.26-23.50.58:337][  0]LogHMD: Can't find Oculus library dev build: is proper Runtime installed? Version: 0.7.0.0
[2016.01.26-23.50.58:339][  0]LogHMD: SteamVR failed to initialize.  Err: 110
[2016.01.26-23.50.58:483][  0]LogAIModule: Creating AISystem for world NewWorld
[2016.01.26-23.50.58:503][  0]LogInit: XAudio2 using 'Haut-parleurs (USB PnP Sound Device)' : 2 channels at 44.1 kHz using 16 bits per sample (channel mask 0x3)
[2016.01.26-23.50.58:523][  0]LogInit: FAudioDevice initialized.
[2016.01.26-23.50.58:547][  0]LogDerivedDataCache: Saved boot cache 0.02s 42MB C:/Users/frederic/AppData/Local/UnrealEngine/4.9/DerivedDataCache/Boot.ddc.
[2016.01.26-23.50.58:553][  0]LogInit: Texture streaming: Enabled
[2016.01.26-23.50.58:570][  0]LogAnalytics: Creating configured Analytics provider AnalyticsET
[2016.01.26-23.50.58:571][  0]LogAnalytics: [UEEditor.Rocket.Release] APIServer = http://et2.epicgames.com/ET2/. AppVersion = 4.9.2-2707645+++depot+UE4-Releases+4.9
[2016.01.26-23.50.58:571][  0]LogAnalytics: [UEEditor.Rocket.Release] SetUserId c8da8d664a36a98701fe659c10ae4ff8|70626fa7f476448fb82ad9618fbbb1ab|00e7fb16-00c3-4af4-a2a1-2cc8013aae38
[2016.01.26-23.50.58:571][  0]LogAnalytics: [UEEditor.Rocket.Release] AnalyticsET::StartSession
[2016.01.26-23.50.58:591][  0]LogInit: Transaction tracking system initialized
[2016.01.26-23.50.58:700][  0]BlueprintLog: New page: Editor Load
[2016.01.26-23.50.59:095][  0]LocalizationService: Info Localization service is disabled
[2016.01.26-23.50.59:260][  0]LogLinker:Warning: Can't find file '/Game/ThirdPersonCPP/ThirdPersonOverview'
[2016.01.26-23.50.59:261][  0]LogLinker:Warning: Can't find file '/Game/ThirdPersonCPP/ThirdPersonOverview'
[2016.01.26-23.50.59:261][  0]LogUObjectGlobals:Warning: Failed to find object 'Class /Game/ThirdPersonCPP/ThirdPersonOverview.ThirdPersonOverview_C'
[2016.01.26-23.50.59:293][  0]LogConsoleResponse:Display: 
[2016.01.26-23.50.59:425][  0]LogCook:Display: Done creating registry. It took  0.00s.
[2016.01.26-23.50.59:594][  0]LogFileCache: Scanning file cache for directory 'C:/Users/frederic/Documents/Unreal Projects/LostAge/Content/' took 0.01s
[2016.01.26-23.50.59:594][  0]SourceControl: Info Source control is disabled
[2016.01.26-23.50.59:595][  0]Cmd: MAP LOAD FILE="../../../../../../Users/frederic/Documents/Unreal Projects/LostAge/Content/FirstPersonCPP/Maps/MainMenu.umap" TEMPLATE=0 SHOWPROGRESS=1 FEATURELEVEL=3
[2016.01.26-23.50.59:596][  0]LightingResults: New page: Lighting Build
[2016.01.26-23.50.59:601][  0]MapCheck: New page: Map Check
[2016.01.26-23.50.59:601][  0]LightingResults: New page: Lighting Build
[2016.01.26-23.50.59:612][  0]LogParticles: Destroying 0 GPU particle simulations for FXSystem 0x000000001FF96480
[2016.01.26-23.50.59:619][  0]LogAIModul