[2016.01.27-03.20.21:664][  0]Log file open, 01/26/16 22:20:21
[2016.01.27-03.20.21:664][  0]LogInit:Display: Running engine for game: LostAge
[2016.01.27-03.20.21:664][  0]LogInit:Display: RandInit(74971131) SRandInit(74971132).
[2016.01.27-03.20.21:665][  0]LogTaskGraph: Started task graph with 4 named threads and 7 total threads.
[2016.01.27-03.20.21:665][  0]LogStats: Stats thread started at 0.149077
[2016.01.27-03.20.21:665][  0]LogInit: Version: 4.9.2-2707645+++depot+UE4-Releases+4.9
[2016.01.27-03.20.21:666][  0]LogInit: API Version: 2672455
[2016.01.27-03.20.21:666][  0]LogInit: Compiled (64-bit): Sep 28 2015 10:25:44
[2016.01.27-03.20.21:666][  0]LogInit: Compiled with Visual C++: 18.00.21005.01
[2016.01.27-03.20.21:666][  0]LogInit: Build Configuration: Development
[2016.01.27-03.20.21:667][  0]LogInit: Branch Name: ++depot+UE4-Releases+4.9
[2016.01.27-03.20.21:667][  0]LogInit: Command line: 
[2016.01.27-03.20.21:667][  0]LogInit: Base directory: C:/Program Files/Epic Games/4.9/Engine/Binaries/Win64/
[2016.01.27-03.20.21:667][  0]LogInit: Rocket: 1
[2016.01.27-03.20.21:715][  0]LogInit: Using libcurl 7.41.0
[2016.01.27-03.20.21:716][  0]LogInit:  - built for x86_64-pc-win32
[2016.01.27-03.20.21:716][  0]LogInit:  - supports SSL with WinSSL
[2016.01.27-03.20.21:716][  0]LogInit:  - other features:
[2016.01.27-03.20.21:716][  0]LogInit:      CURL_VERSION_SSL
[2016.01.27-03.20.21:717][  0]LogInit:      CURL_VERSION_IPV6
[2016.01.27-03.20.21:717][  0]LogInit:      CURL_VERSION_ASYNCHDNS
[2016.01.27-03.20.21:717][  0]LogInit:      CURL_VERSION_LARGEFILE
[2016.01.27-03.20.21:717][  0]LogInit:      CURL_VERSION_IDN
[2016.01.27-03.20.21:718][  0]LogInit:  CurlRequestOptions (configurable via config and command line):
[2016.01.27-03.20.21:718][  0]LogInit:  - bVerifyPeer = true  - Libcurl will verify peer certificate
[2016.01.27-03.20.21:718][  0]LogInit:  - bUseHttpProxy = false  - Libcurl will NOT use HTTP proxy
[2016.01.27-03.20.21:718][  0]LogInit:  - bDontReuseConnections = false  - Libcurl will reuse connections
[2016.01.27-03.20.21:719][  0]LogInit:  - CertBundlePath = nullptr  - Libcurl will use whatever was configured at build time.
[2016.01.27-03.20.21:773][  0]LogInit: WinSock: version 1.1 (2.2), MaxSocks=32767, MaxUdp=65467
[2016.01.27-03.20.21:787][  0]LogVoice:Warning: Failed to initialize voice interface
[2016.01.27-03.20.21:793][  0]LogInit: Presizing for 0 objects not considered by GC, pre-allocating 0 bytes.
[2016.01.27-03.20.21:800][  0]LogInit: Object subsystem initialized
[2016.01.27-03.20.21:802][  0]LogInit: Selected Device Profile: [Windows]
[2016.01.27-03.20.21:802][  0]LogInit: Applying CVar settings loaded from the selected device profile: [Windows]
[2016.01.27-03.20.21:811][  0]LogInit: Computer: FREDERIC-PC
[2016.01.27-03.20.21:812][  0]LogInit: User: frederic
[2016.01.27-03.20.21:812][  0]LogInit: CPU Page size=4096, Cores=4
[2016.01.27-03.20.21:812][  0]LogInit: High frequency timer resolution =3.331220 MHz
[2016.01.27-03.20.21:813][  0]LogMemory: Memory total: Physical=15.9GB (16GB approx)
[2016.01.27-03.20.21:813][  0]LogMemory: Platform Memory Stats for Windows
[2016.01.27-03.20.21:813][  0]LogMemory: Process Physical Memory: 55.04 MB used, 55.04 MB peak
[2016.01.27-03.20.21:814][  0]LogMemory: Process Virtual Memory: 55.74 MB used, 55.74 MB peak
[2016.01.27-03.20.21:814][  0]LogMemory: Physical Memory: 7118.30 MB used, 16288.39 MB total
[2016.01.27-03.20.21:814][  0]LogMemory: Virtual Memory: 337.63 MB used, 8388608.00 MB total
[2016.01.27-03.20.21:888][  0]LogTextLocalizationManager: No translations for ('fr-CA') exist, falling back to 'en' for localization and internationalization data.
[2016.01.27-03.20.22:681][  0]LogD3D11RHI: Found D3D11 adapter 0: NVIDIA GeForce GTX 970 (Feature Level 11_0)
[2016.01.27-03.20.22:681][  0]LogD3D11RHI: Adapter has 4008MB of dedicated video memory, 0MB of dedicated system memory, and 7888MB of shared system memory, 1 output[s]
[2016.01.27-03.20.22:691][  0]LogD3D11RHI: Found D3D11 adapter 1: Intel(R) HD Graphics 3000 (Feature Level 10_0)
[2016.01.27-03.20.22:691][  0]LogD3D11RHI: Adapter has 64MB of dedicated video memory, 0MB of dedicated system memory, and 1632MB of shared system memory, 0 output[s]
[2016.01.27-03.20.22:692][  0]LogD3D11RHI: Chosen D3D11 Adapter Id = 0
[2016.01.27-03.20.22:696][  0]LogD3D11RHI: !Direct3DDevice
[2016.01.27-03.20.22:697][  0]LogRHI: Texture pool is 1361 MB (70% of 1945 MB)
[2016.01.27-03.20.22:746][  0]LogD3D11RHI: Async texture creation enabled
[2016.01.27-03.20.22:763][  0]LogShaderCompilers: Guid format shader working directory is 15 characters bigger than the processId version (../../../../../../Users/frederic/Documents/Unreal Projects/LostAge/Intermediate/Shaders/WorkingDirectory/3188/).
[2016.01.27-03.20.22:764][  0]LogShaderCompilers: Cleaned the shader compiler working directory '../../../../../../Users/frederic/Documents/Unreal Projects/LostAge/Intermediate/Shaders/tmp/A3436C8343502606D2AEE38C1ABF9D71/'.
[2016.01.27-03.20.22:764][  0]LogShaderCompilers:Display: Using Local Shader Compiler.
[2016.01.27-03.20.23:926][  0]LogTemp:Display: Loaded TP AllDesktopTargetPlatform
[2016.01.27-03.20.23:941][  0]LogTemp:Display: Loaded TP WindowsClientTargetPlatform
[2016.01.27-03.20.23:958][  0]LogTemp:Display: Loaded TP WindowsNoEditorTargetPlatform
[2016.01.27-03.20.23:976][  0]LogTemp:Display: Loaded TP WindowsServerTargetPlatform
[2016.01.27-03.20.23:991][  0]LogTemp:Display: Loaded TP WindowsTargetPlatform
[2016.01.27-03.20.23:998][  0]LogTemp:Display: Loaded TP AndroidTargetPlatform
[2016.01.27-03.20.24:005][  0]LogTemp:Display: Loaded TP Android_ASTCTargetPlatform
[2016.01.27-03.20.24:012][  0]LogTemp:Display: Loaded TP Android_ATCTargetPlatform
[2016.01.27-03.20.24:023][  0]LogTemp:Display: Loaded TP Android_DXTTargetPlatform
[2016.01.27-03.20.24:031][  0]LogTemp:Display: Loaded TP Android_ETC1TargetPlatform
[2016.01.27-03.20.24:038][  0]LogTemp:Display: Loaded TP Android_ETC2TargetPlatform
[2016.01.27-03.20.24:047][  0]LogTemp:Display: Loaded TP Android_PVRTCTargetPlatform
[2016.01.27-03.20.24:051][  0]LogTemp:Display: Loaded TP HTML5TargetPlatform
[2016.01.27-03.20.24:082][  0]LogTemp:Display: Loaded TP IOSTargetPlatform
[2016.01.27-03.20.24:089][  0]LogTemp:Display: Loaded TP LinuxNoEditorTargetPlatform
[2016.01.27-03.20.24:098][  0]LogTemp:Display: Loaded TP LinuxServerTargetPlatform
[2016.01.27-03.20.24:105][  0]LogTemp:Display: Loaded TP LinuxTargetPlatform
[2016.01.27-03.20.24:106][  0]LogTargetPlatformManager:Display: Building Assets For Windows
[2016.01.27-03.20.24:311][  0]LogDerivedDataCache:Display: Max Cache Size: 512 MB
[2016.01.27-03.20.24:356][  0]LogDerivedDataCache: Loaded boot cache 0.04s 43MB C:/Users/frederic/AppData/Local/UnrealEngine/4.9/DerivedDataCache/Boot.ddc.
[2016.01.27-03.20.24:356][  0]LogDerivedDataCache:Display: Loaded Boot cache: C:/Users/frederic/AppData/Local/UnrealEngine/4.9/DerivedDataCache/Boot.ddc
[2016.01.27-03.20.24:357][  0]LogDerivedDataCache: FDerivedDataBackendGraph:  Pak pak cache file ../../../../../../Users/frederic/Documents/Unreal Projects/LostAge/DerivedDataCache/DDC.ddp not found, will not use a pak cache.
[2016.01.27-03.20.24:357][  0]LogDerivedDataCache: Unable to find inner node Pak for hierarchical cache Hierarchy.
[2016.01.27-03.20.24:357][  0]LogDerivedDataCache: FDerivedDataBackendGraph:  CompressedPak pak cache file ../../../../../../Users/frederic/Documents/Unreal Projects/LostAge/DerivedDataCache/Compressed.ddp not found, will not use a pak cache.
[2016.01.27-03.20.24:357][  0]LogDerivedDataCache: Unable to find inner node CompressedPak for hierarchical cache Hierarchy.
[2016.01.27-03.20.24:505][  0]LogDerivedDataCache:Display: Pak cache opened for reading ../../../Engine/DerivedDataCache/Compressed.ddp.
[2016.01.27-03.20.24:517][  0]LogDerivedDataCache: Using Local data cache path C:/Users/frederic/AppData/Local/UnrealEngine/Common/DerivedDataCache: Writable
[2016.01.27-03.20.24:695][  0]LogInit: Selected Device Profile: [Windows]
[2016.01.27-03.20.24:696][  0]LogContentStreaming: Texture pool size is 0.000000MB
[2016.01.27-03.20.24:735][  0]LogMeshUtilities: No automatic mesh reduction module available
[2016.01.27-03.20.24:736][  0]LogMeshUtilities: No automatic mesh merging module available
[2016.01.27-03.20.26:127][  0]UdpMessaging: Initializing bridge on interface 0.0.0.0:0 to multicast group 230.0.0.1:6666.
[2016.01.27-03.20.26:481][  0]LogAssetRegistry: FAssetRegistry took 0.0101 seconds to start up
[2016.01.27-03.20.26:817][  0]SourceControl: Info Source control is disabled
[2016.01.27-03.20.26:818][  0]SourceControl: Info Source control is disabled
[2016.01.27-03.20.26:832][  0]SourceControl: Info Source control is disabled
[2016.01.27-03.20.26:850][  0]SourceControl: Info Source control is disabled
[2016.01.27-03.20.27:036][  0]LogLinker:Warning: Asset '../../../Engine/Plugins/Runtime/LeapMotionController/Content/LM_PassthroughMaterial.uasset' has been saved with empty engine version. The asset will be loaded but may be incompatible.
[2016.01.27-03.20.27:139][  0]LogObj: 31792 objects as part of root set at end of initial load.
[2016.01.27-03.20.27:139][  0]LogUObjectAllocator: 7252992 out of 0 bytes used by permanent object pool.
[2016.01.27-03.20.27:219][  0]LogEngine: Initializing Engine...
[2016.01.27-03.20.27:222][  0]LogHMD: Can't find Oculus library dev build: is proper Runtime installed? Version: 0.7.0.0
[2016.01.27-03.20.27:224][  0]LogHMD: SteamVR failed to initialize.  Err: 110
[2016.01.27-03.20.27:363][  0]LogAIModule: Creating AISystem for world NewWorld
[2016.01.27-03.20.27:378][  0]LogInit: XAudio2 using 'Haut-parleurs (USB PnP Sound Device)' : 2 channels at 44.1 kHz using 16 bits per sample (channel mask 0x3)
[2016.01.27-03.20.27:397][  0]LogInit: FAudioDevice initialized.
[2016.01.27-03.20.27:423][  0]LogDerivedDataCache: Saved boot cache 0.03s 43MB C:/Users/frederic/AppData/Local/UnrealEngine/4.9/DerivedDataCache/Boot.ddc.
[2016.01.27-03.20.27:430][  0]LogInit: Texture streaming: Enabled
[2016.01.27-03.20.27:448][  0]LogAnalytics: Creating configured Analytics provider AnalyticsET
[2016.01.27-03.20.27:448][  0]LogAnalytics: [UEEditor.Rocket.Release] APIServer = http://et2.epicgames.com/ET2/. AppVersion = 4.9.2-2707645+++depot+UE4-Releases+4.9
[2016.01.27-03.20.27:449][  0]LogAnalytics: [UEEditor.Rocket.Release] SetUserId c8da8d664a36a98701fe659c10ae4ff8|70626fa7f476448fb82ad9618fbbb1ab|00e7fb16-00c3-4af4-a2a1-2cc8013aae38
[2016.01.27-03.20.27:449][  0]LogAnalytics: [UEEditor.Rocket.Release] AnalyticsET::StartSession
[2016.01.27-03.20.27:467][  0]LogInit: Transaction tracking system initialized
[2016.01.27-03.20.27:580][  0]BlueprintLog: New page: Editor Load
[2016.01.27-03.20.27:951][  0]LocalizationService: Info Localization service is disabled
[2016.01.27-03.20.28:114][  0]LogLinker:Warning: Can't find file '/Game/ThirdPersonCPP/ThirdPersonOverview'
[2016.01.27-03.20.28:115][  0]LogLinker:Warning: Can't find file '/Game/ThirdPersonCPP/ThirdPersonOverview'
[2016.01.27-03.20.28:116][  0]LogUObjectGlobals:Warning: Failed to find object 'Class /Game/ThirdPersonCPP/ThirdPersonOverview.ThirdPersonOverview_C'
[2016.01.27-03.20.28:144][  0]LogConsoleResponse:Display: 
[2016.01.27-03.20.28:272][  0]LogCook:Display: Done creating registry. It took  0.00s.
[2016.01.27-03.20.28:443][  0]LogFileCache: Scanning file cache for directory 'C:/Users/frederic/Documents/Unreal Projects/LostAge/Content/' took 0.01s
[2016.01.27-03.20.28:444][  0]SourceControl: Info Source control is disabled
[2016.01.27-03.20.28:444][  0]Cmd: MAP LOAD FILE="../../../../../../Users/frederic/Documents/Unreal Projects/LostAge/Content/FirstPersonCPP/Maps/MainMenu.umap" TEMPLATE=0 SHOWPROGRESS=1 FEATURELEVEL=3
[2016.01.27-03.20.28:445][  0]LightingResults: New page: Lighting Build
[2016.01.27-03.20.28:450][  0]MapCheck: New page: Map Check
[2016.01.27-03.20.28:451][  0]LightingResults: New page: Lighting Build
[2016.01.27-03.20.28:463][  0]LogParticles: Destroying 0 GPU particle simulations for FXSystem 0x00000000235F6160
[2016.01.27-03.20.28:468][  0]LogAIModule: Creating AISystem for world MainMenu
[2016.01.27-03.20.28:469][  0]LogEditorServer: Finished looking for orphan Actors (0.000 secs)
[2016.01.27-03.20.28:471][  0]Cmd: MAP CHECKDEP NOCLEARLOG
[2016.01.27-03.20.28:517][  0]MapCheck: Info Map check complete: 0 Error(s), 0 Warning(s), took 45.818ms to complete.
[2016.01.27-03.20.28:517][  0]LogFileHelpers: Loading map 'MainMenu' took 0.073
[2016.01.27-03.20.28:620][  0]LogCollectionManager: Loaded 0 collections in 0.002029 seconds
[2016.01.27-03.20.28:664][  0]LogFileCache: Scanning file cache for directory 'C:/Users/frederic/Documents/Unreal Projects/LostAge/Saved/Collections/' took 0.01s
[2016.01.27-03.20.28:665][  0]LogFileCache: Scanning file cache for directory 'C:/Users/frederic/Documents/Unreal Projects/LostAge/Content/Developers/frederic/Collections/' took 0.01s
[2016.01.27-03.20.28:665][  0]LogFileCache: Scanning file cache for directory 'C:/Users/frederic/Documents/Unreal Projects/LostAge/Content/Collections/' took 0.01s
[2016.01.27-03.20.28:665][  0]LogContentBrowser: Native class hierarchy populated in 0.0090 seconds. Added 1875 classes and 335 folders.
[2016.01.27-03.20.28:675][  0]LogCollectionManager: Rebuilt the GUID cache for 0 collections in 0.000003 seconds
[2016.01.27-03.20.28:689][  0]LogContentBrowser: Native class hierarchy updated for 'WidgetCarousel' in 0.0033 seconds. Added 0 classes and 0 folders.
[2016.01.27-03.20.28:752][  0]LogContentBrowser: Native class hierarchy updated for 'AddContentDialog' in 0.0018 seconds. Added 0 classes and 0 folders.
[2016.01.27-03.20.28:772][  0]LogContentBrowser: Native class hierarchy updated for 'SceneOutliner' in 0.0018 seconds. Added 1 classes and 2 folders.
[2016.01.27-03.20.28:802][  0]LogCrashTracker: Crashtracker disabled due to settings.
[2016.01.27-03.20.28:807][  0]LogUObjectGlobals:Warning: Failed to find object 'Class None.'
[2016.01.27-03.20.28:829][  0]LogLoad: Full Startup: 8.15 seconds (BP compile: 0.03 seconds)
[2016.01.27-03.20.28:965][  0]LogContentStreaming: Texture pool size now 1000 MB
[2016.01.27-03.20.29:092][  0]LogRenderer: Reallocating scene render targets to support 1208x556 (Frame:2).
[2016.01.27-03.20.29:296][  3]LogAssetRegistry: Asset discovery search completed in 2.8251 seconds
[2016.01.27-03.20.29:296][  3]LogCollectionManager: Rebuilt the object cache for 0 collections in 0.000001 seconds (found 0 objects)
[2016.01.27-03.20.29:297][  3]LogCollectionManager: Fixed up redirectors for 0 collections in 0.000352 seconds (updated 0 objects)
[2016.01.27-03.20.44:824][192]LogPlayLevel: PlayLevel: No blueprints needed recompiling
[2016.01.27-03.20.44:825][192]PIE: New page: PIE session: MainMenu (Jan 26, 2016, 5:20:44 PM)
[2016.01.27-03.20.44:889][192]LogPlayLevel: Creating play world package: /Game/FirstPersonCPP/Maps/UEDPIE_0_MainMenu
[2016.01.27-03.20.44:890][192]LogPlayLevel: PIE: StaticDuplicateObject took: (0.000561s)
[2016.01.27-03.20.44:891][192]LogAIModule: Creating AISystem for world MainMenu
[2016.01.27-03.20.44:891][192]LogPlayLevel: PIE: World Init took: (0.001282s)
[2016.01.27-03.20.44:892][192]LogPlayLevel: PIE: Created PIE world by copying editor world from /Game/FirstPersonCPP/Maps/MainMenu.MainMenu to /Game/FirstPersonCPP/Maps/UEDPIE_0_MainMenu.MainMenu (0.003124s)
[2016.01.27-03.20.44:892][192]LogActorComponent: UnregisterComponent: (/Engine/Transient.CharMoveComp) Not registered. Aborting.
[2016.01.27-03.20.44:917][192]LogInit: XAudio2 using 'Haut-parleurs (USB PnP Sound Device)' : 2 channels at 44.1 kHz using 16 bits per sample (channel mask 0x3)
[2016.01.27-03.20.44:920][192]LogInit: FAudioDevice initialized.
[2016.01.27-03.20.44:969][192]LogWorld: Game class is 'LostAgeGameMode'
[2016.01.27-03.20.44:971][192]LogWorld: Bringing World /Game/FirstPersonCPP/Maps/UEDPIE_0_MainMenu.MainMenu up for play (max tick rate 0) at 2016.01.26-22.20.44
[2016.01.27-03.20.44:972][192]LogActor:Warning: GameSession /Game/FirstPersonCPP/Maps/UEDPIE_0_MainMenu.MainMenu:PersistentLevel.GameSession_0 has natively added scene component(s), but none of them were set as the actor's RootComponent - picking one arbitrarily
[2016.01.27-03.20.44:972][192]LogActor:Warning: GameNetworkManager /Game/FirstPersonCPP/Maps/UEDPIE_0_MainMenu.MainMenu:PersistentLevel.GameNetworkManager_0 has natively added scene component(s), but none of them were set as the actor's RootComponent - picking one arbitrarily
[2016.01.27-03.20.44:973][192]LogWorld: Bringing up level for play took: 0.001797
[2016.01.27-03.20.44:984][192]LogVoice:Warning: Failed to initialize voice interface
[2016.01.27-03.20.46:895][192]LogOnline:Warning: NULL: Can't start an online game for session (Game) that hasn't been created
[2016.01.27-03.20.47:392][192]PIE: Info Play in editor start time for /Game/FirstPersonCPP/Maps/UEDPIE_0_MainMenu 2.954
[2016.01.27-03.20.50:859][482]LogInit: WinSock: I am frederic-PC (192.168.1.103:0)
[2016.01.27-03.20.50:920][482]LogPackageName: SearchForPackageOnDisk took   0.060s to resolve FirstPersonExampleMap.umap.
[2016.01.27-03.20.50:972][482]LogPackageName: SearchForPackageOnDisk took   0.051s to resolve FirstPersonExampleMap.umap.
[2016.01.27-03.20.50:973][482]LogNet: Browse: /Game/FirstPersonCPP/Maps/FirstPersonExampleMap?listen
[2016.01.27-03.20.50:973][482]LogLoad: LoadMap: /Game/FirstPersonCPP/Maps/FirstPersonExampleMap?listen
[2016.01.27-03.20.50:989][482]LogParticles: Destroying 0 GPU particle simulations for FXSystem 0x0000000010C022A0
[2016.01.27-03.20.50:994][482]Cmd: MEM
[2016.01.27-03.20.51:006][482]LogMemory: Platform Memory Stats for Windows
[2016.01.27-03.20.51:007][482]LogMemory: Process Physical Memory: 584.12 MB used, 590.38 MB peak
[2016.01.27-03.20.51:007][482]LogMemory: Process Virtual Memory: 1043.68 MB used, 1050.84 MB peak
[2016.01.27-03.20.51:007][482]LogMemory: Physical Memory: 8613.52 MB used, 16288.39 MB total
[2016.01.27-03.20.51:008][482]LogMemory: Virtual Memory: 1720.00 MB used, 8388608.00 MB total
[2016.01.27-03.20.51:008][482]LogMemory: 
[2016.01.27-03.20.51:008][482]Allocator Stats for TBB: (not implemented)
[2016.01.27-03.20.51:958][482]LogAIModule: Creating AISystem for world FirstPersonExampleMap
[2016.01.27-03.20.51:959][482]LogWorld: Game class is 'LostAgeGameMode'
[2016.01.27-03.20.51:959][482]LogInit: WinSock: Socket queue 131072 / 131072
[2016.01.27-03.20.51:960][482]LogNet: GameNetDriver IpNetDriver_0 IpNetDriver listening on port 7777
[2016.01.27-03.20.51:976][482]LogWorld: Bringing World /Game/FirstPersonCPP/Maps/UEDPIE_0_FirstPersonExampleMap.FirstPersonExampleMap up for play (max tick rate 0) at 2016.01.26-22.20.51
[2016.01.27-03.20.51:977][482]LogActor:Warning: GameSession /Game/FirstPersonCPP/Maps/UEDPIE_0_FirstPersonExampleMap.FirstPersonExampleMap:PersistentLevel.GameSession_1 has natively added scene component(s), but none of them were set as the actor's RootComponent - picking one arbitrarily
[2016.01.27-03.20.51:977][482]LogActor:Warning: GameNetworkManager /Game/FirstPersonCPP/Maps/UEDPIE_0_FirstPersonExampleMap.FirstPersonExampleMap:PersistentLevel.GameNetworkManager_1 has natively added scene component(s), but none of them were set as the actor's RootComponent - picking one arbitrarily
[2016.01.27-03.20.51:978][482]LogWorld: Bringing up level for play took: 0.016709
[2016.01.27-03.20.53:735][482]LogOnline:Warning: NULL: Can't start an online session (Game) in state InProgress
[2016.01.27-03.21.00:121][ 61]LogPackageName: SearchForPackageOnDisk took   0.053s to resolve MainMenu.umap.
[2016.01.27-03.21.00:182][ 62]LogPackageName: SearchForPackageOnDisk took   0.055s to resolve MainMenu.umap.
[2016.01.27-03.21.00:183][ 62]LogNet: Browse: /Game/FirstPersonCPP/Maps/MainMenu
[2016.01.27-03.21.00:183][ 62]LogLoad: LoadMap: /Game/FirstPersonCPP/Maps/MainMenu
[2016.01.27-03.21.00:184][ 62]LogNet: World NetDriver shutdown IpNetDriver_0 [GameNetDriver]
[2016.01.27-03.21.00:184][ 62]LogNet: DestroyNamedNetDriver IpNetDriver_0 [GameNetDriver]
[2016.01.27-03.21.00:184][ 62]LogExit: GameNetDriver IpNetDriver_0 shut down
[2016.01.27-03.21.00:204][ 62]LogParticles: Destroying 0 GPU particle simulations for FXSystem 0x00