[2016.01.25-20.54.48:373][  0]Log file open, 01/25/16 15:54:48
[2016.01.25-20.54.48:373][  0]LogInit:Display: Running engine for game: LostAge
[2016.01.25-20.54.48:373][  0]LogInit:Display: RandInit(-2030201155) SRandInit(-2030201154).
[2016.01.25-20.54.48:374][  0]LogTaskGraph: Started task graph with 4 named threads and 7 total threads.
[2016.01.25-20.54.48:374][  0]LogStats: Stats thread started at 0.153749
[2016.01.25-20.54.48:375][  0]LogInit: Version: 4.9.2-2707645+++depot+UE4-Releases+4.9
[2016.01.25-20.54.48:375][  0]LogInit: API Version: 2672455
[2016.01.25-20.54.48:375][  0]LogInit: Compiled (64-bit): Sep 28 2015 10:25:44
[2016.01.25-20.54.48:376][  0]LogInit: Compiled with Visual C++: 18.00.21005.01
[2016.01.25-20.54.48:376][  0]LogInit: Build Configuration: DebugGame
[2016.01.25-20.54.48:377][  0]LogInit: Branch Name: ++depot+UE4-Releases+4.9
[2016.01.25-20.54.48:377][  0]LogInit: Command line:  -debug
[2016.01.25-20.54.48:377][  0]LogInit: Base directory: C:/Program Files/Epic Games/4.9/Engine/Binaries/Win64/
[2016.01.25-20.54.48:378][  0]LogInit: Rocket: 1
[2016.01.25-20.54.48:402][  0]LogInit: Using libcurl 7.41.0
[2016.01.25-20.54.48:403][  0]LogInit:  - built for x86_64-pc-win32
[2016.01.25-20.54.48:403][  0]LogInit:  - supports SSL with WinSSL
[2016.01.25-20.54.48:403][  0]LogInit:  - other features:
[2016.01.25-20.54.48:404][  0]LogInit:      CURL_VERSION_SSL
[2016.01.25-20.54.48:404][  0]LogInit:      CURL_VERSION_IPV6
[2016.01.25-20.54.48:404][  0]LogInit:      CURL_VERSION_ASYNCHDNS
[2016.01.25-20.54.48:404][  0]LogInit:      CURL_VERSION_LARGEFILE
[2016.01.25-20.54.48:405][  0]LogInit:      CURL_VERSION_IDN
[2016.01.25-20.54.48:405][  0]LogInit:  CurlRequestOptions (configurable via config and command line):
[2016.01.25-20.54.48:405][  0]LogInit:  - bVerifyPeer = true  - Libcurl will verify peer certificate
[2016.01.25-20.54.48:406][  0]LogInit:  - bUseHttpProxy = false  - Libcurl will NOT use HTTP proxy
[2016.01.25-20.54.48:406][  0]LogInit:  - bDontReuseConnections = false  - Libcurl will reuse connections
[2016.01.25-20.54.48:406][  0]LogInit:  - CertBundlePath = nullptr  - Libcurl will use whatever was configured at build time.
[2016.01.25-20.54.48:444][  0]LogInit: Presizing for 0 objects not considered by GC, pre-allocating 0 bytes.
[2016.01.25-20.54.48:455][  0]LogInit: Object subsystem initialized
[2016.01.25-20.54.48:457][  0]LogInit: Selected Device Profile: [Windows]
[2016.01.25-20.54.48:458][  0]LogInit: Applying CVar settings loaded from the selected device profile: [Windows]
[2016.01.25-20.54.48:476][  0]LogInit: Computer: FREDERIC-PC
[2016.01.25-20.54.48:477][  0]LogInit: User: frederic
[2016.01.25-20.54.48:477][  0]LogInit: CPU Page size=4096, Cores=4
[2016.01.25-20.54.48:477][  0]LogInit: High frequency timer resolution =3.331269 MHz
[2016.01.25-20.54.48:478][  0]LogMemory: Memory total: Physical=15.9GB (16GB approx)
[2016.01.25-20.54.48:478][  0]LogMemory: Platform Memory Stats for Windows
[2016.01.25-20.54.48:478][  0]LogMemory: Process Physical Memory: 53.57 MB used, 53.57 MB peak
[2016.01.25-20.54.48:478][  0]LogMemory: Process Virtual Memory: 55.50 MB used, 55.50 MB peak
[2016.01.25-20.54.48:479][  0]LogMemory: Physical Memory: 8063.16 MB used, 16288.39 MB total
[2016.01.25-20.54.48:479][  0]LogMemory: Virtual Memory: 330.62 MB used, 8388608.00 MB total
[2016.01.25-20.54.48:606][  0]LogTextLocalizationManager: No translations for ('fr-CA') exist, falling back to 'en' for localization and internationalization data.
[2016.01.25-20.54.49:421][  0]LogD3D11RHI: Found D3D11 adapter 0: NVIDIA GeForce GTX 970 (Feature Level 11_0)
[2016.01.25-20.54.49:421][  0]LogD3D11RHI: Adapter has 4008MB of dedicated video memory, 0MB of dedicated system memory, and 7888MB of shared system memory, 1 output[s]
[2016.01.25-20.54.49:429][  0]LogD3D11RHI: Found D3D11 adapter 1: Intel(R) HD Graphics 3000 (Feature Level 10_0)
[2016.01.25-20.54.49:429][  0]LogD3D11RHI: Adapter has 64MB of dedicated video memory, 0MB of dedicated system memory, and 1632MB of shared system memory, 0 output[s]
[2016.01.25-20.54.49:430][  0]LogD3D11RHI: Chosen D3D11 Adapter Id = 0
[2016.01.25-20.54.49:434][  0]LogD3D11RHI: !Direct3DDevice
[2016.01.25-20.54.49:434][  0]LogRHI: Texture pool is 1361 MB (70% of 1945 MB)
[2016.01.25-20.54.49:489][  0]LogD3D11RHI: Async texture creation enabled
[2016.01.25-20.54.49:504][  0]LogShaderCompilers: Guid format shader working directory is 15 characters bigger than the processId version (../../../../../../Users/frederic/Documents/Unreal Projects/LostAge/Intermediate/Shaders/WorkingDirectory/6812/).
[2016.01.25-20.54.49:504][  0]LogShaderCompilers: Cleaned the shader compiler working directory '../../../../../../Users/frederic/Documents/Unreal Projects/LostAge/Intermediate/Shaders/tmp/4979F00B46D0F541517D8B823B4D818B/'.
[2016.01.25-20.54.49:505][  0]LogShaderCompilers:Display: Using Local Shader Compiler.
[2016.01.25-20.54.50:815][  0]LogTemp:Display: Loaded TP AllDesktopTargetPlatform
[2016.01.25-20.54.50:830][  0]LogTemp:Display: Loaded TP WindowsClientTargetPlatform
[2016.01.25-20.54.50:846][  0]LogTemp:Display: Loaded TP WindowsNoEditorTargetPlatform
[2016.01.25-20.54.50:860][  0]LogTemp:Display: Loaded TP WindowsServerTargetPlatform
[2016.01.25-20.54.50:876][  0]LogTemp:Display: Loaded TP WindowsTargetPlatform
[2016.01.25-20.54.50:884][  0]LogTemp:Display: Loaded TP AndroidTargetPlatform
[2016.01.25-20.54.50:890][  0]LogTemp:Display: Loaded TP Android_ASTCTargetPlatform
[2016.01.25-20.54.50:897][  0]LogTemp:Display: Loaded TP Android_ATCTargetPlatform
[2016.01.25-20.54.50:904][  0]LogTemp:Display: Loaded TP Android_DXTTargetPlatform
[2016.01.25-20.54.50:911][  0]LogTemp:Display: Loaded TP Android_ETC1TargetPlatform
[2016.01.25-20.54.50:918][  0]LogTemp:Display: Loaded TP Android_ETC2TargetPlatform
[2016.01.25-20.54.50:928][  0]LogTemp:Display: Loaded TP Android_PVRTCTargetPlatform
[2016.01.25-20.54.50:932][  0]LogTemp:Display: Loaded TP HTML5TargetPlatform
[2016.01.25-20.54.50:964][  0]LogTemp:Display: Loaded TP IOSTargetPlatform
[2016.01.25-20.54.50:972][  0]LogTemp:Display: Loaded TP LinuxNoEditorTargetPlatform
[2016.01.25-20.54.50:978][  0]LogTemp:Display: Loaded TP LinuxServerTargetPlatform
[2016.01.25-20.54.50:985][  0]LogTemp:Display: Loaded TP LinuxTargetPlatform
[2016.01.25-20.54.50:986][  0]LogTargetPlatformManager:Display: Building Assets For Windows
[2016.01.25-20.54.51:194][  0]LogDerivedDataCache:Display: Max Cache Size: 512 MB
[2016.01.25-20.54.51:237][  0]LogDerivedDataCache: Loaded boot cache 0.04s 43MB C:/Users/frederic/AppData/Local/UnrealEngine/4.9/DerivedDataCache/Boot.ddc.
[2016.01.25-20.54.51:237][  0]LogDerivedDataCache:Display: Loaded Boot cache: C:/Users/frederic/AppData/Local/UnrealEngine/4.9/DerivedDataCache/Boot.ddc
[2016.01.25-20.54.51:238][  0]LogDerivedDataCache: FDerivedDataBackendGraph:  Pak pak cache file ../../../../../../Users/frederic/Documents/Unreal Projects/LostAge/DerivedDataCache/DDC.ddp not found, will not use a pak cache.
[2016.01.25-20.54.51:238][  0]LogDerivedDataCache: Unable to find inner node Pak for hierarchical cache Hierarchy.
[2016.01.25-20.54.51:239][  0]LogDerivedDataCache: FDerivedDataBackendGraph:  CompressedPak pak cache file ../../../../../../Users/frederic/Documents/Unreal Projects/LostAge/DerivedDataCache/Compressed.ddp not found, will not use a pak cache.
[2016.01.25-20.54.51:239][  0]LogDerivedDataCache: Unable to find inner node CompressedPak for hierarchical cache Hierarchy.
[2016.01.25-20.54.51:402][  0]LogDerivedDataCache:Display: Pak cache opened for reading ../../../Engine/DerivedDataCache/Compressed.ddp.
[2016.01.25-20.54.51:414][  0]LogDerivedDataCache: Using Local data cache path C:/Users/frederic/AppData/Local/UnrealEngine/Common/DerivedDataCache: Writable
[2016.01.25-20.54.51:610][  0]LogInit: Selected Device Profile: [Windows]
[2016.01.25-20.54.51:611][  0]LogContentStreaming: Texture pool size is 0.000000MB
[2016.01.25-20.54.51:645][  0]LogMeshUtilities: No automatic mesh reduction module available
[2016.01.25-20.54.51:646][  0]LogMeshUtilities: No automatic mesh merging module available
[2016.01.25-20.54.52:088][  0]LogInit: WinSock: version 1.1 (2.2), MaxSocks=32767, MaxUdp=65467
[2016.01.25-20.55.08:833][  0]UdpMessaging: Initializing bridge on interface 0.0.0.0:0 to multicast group 230.0.0.1:6666.
[2016.01.25-20.55.09:287][  0]LogAssetRegistry: FAssetRegistry took 0.0108 seconds to start up
[2016.01.25-20.55.09:591][  0]SourceControl: Info Source control is disabled
[2016.01.25-20.55.09:593][  0]SourceControl: Info Source control is disabled
[2016.01.25-20.55.09:607][  0]SourceControl: Info Source control is disabled
[2016.01.25-20.55.09:628][  0]SourceControl: Info Source control is disabled
[2016.01.25-20.55.09:864][  0]LogLinker:Warning: Asset '../../../Engine/Plugins/Runtime/LeapMotionController/Content/LM_PassthroughMaterial.uasset' has been saved with empty engine version. The asset will be loaded but may be incompatible.
[2016.01.25-20.55.09:962][  0]LogObj: 31786 objects as part of root set at end of initial load.
[2016.01.25-20.55.09:963][  0]LogUObjectAllocator: 7251160 out of 0 bytes used by permanent object pool.
[2016.01.25-20.55.10:064][  0]LogEngine: Initializing Engine...
[2016.01.25-20.55.10:067][  0]LogHMD: Can't find Oculus library dev build: is proper Runtime installed? Version: 0.7.0.0
[2016.01.25-20.55.10:069][  0]LogHMD: SteamVR failed to initialize.  Err: 110
[2016.01.25-20.55.10:214][  0]LogAIModule: Creating AISystem for world NewWorld
[2016.01.25-20.55.10:229][  0]LogInit: XAudio2 using 'Haut-parleurs (USB PnP Sound Device)' : 2 channels at 44.1 kHz using 16 bits per sample (channel mask 0x3)
[2016.01.25-20.55.10:237][  0]LogInit: FAudioDevice initialized.
[2016.01.25-20.55.10:263][  0]LogDerivedDataCache: Saved boot cache 0.02s 43MB C:/Users/frederic/AppData/Local/UnrealEngine/4.9/DerivedDataCache/Boot.ddc.
[2016.01.25-20.55.10:269][  0]LogInit: Texture streaming: Enabled
[2016.01.25-20.55.10:284][  0]LogAnalytics: Creating configured Analytics provider AnalyticsET
[2016.01.25-20.55.10:284][  0]LogAnalytics: [UEEditor.Rocket.Release] APIServer = http://et2.epicgames.com/ET2/. AppVersion = 4.9.2-2707645+++depot+UE4-Releases+4.9
[2016.01.25-20.55.10:284][  0]LogAnalytics: [UEEditor.Rocket.Release] SetUserId c8da8d664a36a98701fe659c10ae4ff8|70626fa7f476448fb82ad9618fbbb1ab|00e7fb16-00c3-4af4-a2a1-2cc8013aae38
[2016.01.25-20.55.10:285][  0]LogAnalytics: [UEEditor.Rocket.Release] AnalyticsET::StartSession
[2016.01.25-20.55.10:301][  0]LogInit: Transaction tracking system initialized
[2016.01.25-20.55.10:411][  0]BlueprintLog: New page: Editor Load
[2016.01.25-20.55.10:846][  0]LocalizationService: Info Localization service is disabled
[2016.01.25-20.55.11:018][  0]LogLinker:Warning: Can't find file '/Game/ThirdPersonCPP/ThirdPersonOverview'
[2016.01.25-20.55.11:019][  0]LogLinker:Warning: Can't find file '/Game/ThirdPersonCPP/ThirdPersonOverview'
[2016.01.25-20.55.11:020][  0]LogUObjectGlobals:Warning: Failed to find object 'Class /Game/ThirdPersonCPP/ThirdPersonOverview.ThirdPersonOverview_C'
[2016.01.25-20.55.11:141][  0]LogConsoleResponse:Display: 
[2016.01.25-20.55.11:269][  0]LogCook:Display: Done creating registry. It took  0.00s.
[2016.01.25-20.55.11:570][  0]LogFileCache: Scanning file cache for directory 'C:/Users/frederic/Documents/Unreal Projects/LostAge/Content/' took 0.01s
[2016.01.25-20.55.11:570][  0]SourceControl: Info Source control is disabled
[2016.01.25-20.55.11:571][  0]Cmd: MAP LOAD FILE="../../../../../../Users/frederic/Documents/Unreal Projects/LostAge/Content/FirstPersonCPP/Maps/FirstPersonExampleMap.umap" TEMPLATE=0 SHOWPROGRESS=1 FEATURELEVEL=3
[2016.01.25-20.55.11:572][  0]LightingResults: New page: Lighting Build
[2016.01.25-20.55.11:577][  0]MapCheck: New page: Map Check
[2016.01.25-20.55.11:577][  0]LightingResults: New page: Lighting Build
[2016.01.25-20.55.11:589][  0]LogParticles: Destroying 0 GPU particle simulations for FXSystem 0x0000000023316480
[2016.01.25-20.55.11:979][  0]LogAIModule: Creating AISystem for world FirstPersonExampleMap
[2016.01.25-20.55.11:989][  0]LogEditorServer: Finished looking for orphan Actors (0.000 secs)
[2016.01.25-20.55.11:990][  0]Cmd: MAP CHECKDEP NOCLEARLOG
[2016.01.25-20.55.12:064][  0]MapCheck: Info Map check complete: 0 Error(s), 0 Warning(s), took 72.501ms to complete.
[2016.01.25-20.55.12:065][  0]LogFileHelpers: Loading map 'FirstPersonExampleMap' took 0.494
[2016.01.25-20.55.12:226][  0]LogCollectionManager: Loaded 0 collections in 0.003257 seconds
[2016.01.25-20.55.12:270][  0]LogFileCache: Scanning file cache for directory 'C:/Users/frederic/Documents/Unreal Projects/LostAge/Saved/Collections/' took 0.01s
[2016.01.25-20.55.12:270][  0]LogFileCache: Scanning file cache for directory 'C:/Users/frederic/Documents/Unreal Projects/LostAge/Content/Developers/frederic/Collections/' took 0.01s
[2016.01.25-20.55.12:271][  0]LogFileCache: Scanning file cache for directory 'C:/Users/frederic/Documents/Unreal Projects/LostAge/Content/Collections/' took 0.01s
[2016.01.25-20.55.12:271][  0]LogContentBrowser: Native class hierarchy populated in 0.0084 seconds. Added 1874 classes and 335 folders.
[2016.01.25-20.55.12:279][  0]LogCollectionManager: Rebuilt the GUID cache for 0 collections in 0.000003 seconds
[2016.01.25-20.55.12:293][  0]LogContentBrowser: Native class hierarchy updated for 'WidgetCarousel' in 0.0023 seconds. Added 0 classes and 0 folders.
[2016.01.25-20.55.12:868][  0]LogContentBrowser: Native class hierarchy updated for 'AddContentDialog' in 0.0017 seconds. Added 0 classes and 0 folders.
[2016.01.25-20.55.12:888][  0]LogContentBrowser: Native class hierarchy updated for 'SceneOutliner' in 0.0018 seconds. Added 1 classes and 2 folders.
[2016.01.25-20.55.12:942][  0]LogCrashTracker: Crashtracker disabled due to settings.
[2016.01.25-20.55.12:946][  0]LogUObjectGlobals:Warning: Failed to find object 'Class None.'
[2016.01.25-20.55.12:968][  0]LogLoad: Full Startup: 25.91 seconds (BP compile: 0.12 seconds)
[2016.01.25-20.55.12:978][  0]LoadErrors:Error: Error /Game/FirstPersonCPP/Maps/FirstPersonExampleMap : Failed import for CameraComponent /Game/FirstPersonCPP/Blueprints/FirstPersonCharacter.Default__FirstPersonCharacter_C:FirstPersonCamera
[2016.01.25-20.55.12:979][  0]LoadErrors:Error: Error /Game/FirstPersonCPP/Maps/FirstPersonExampleMap : Failed import for SkeletalMeshComponent /Game/FirstPersonCPP/Blueprints/FirstPersonCharacter.Default__FirstPersonCharacter_C:CharacterMesh1P
[2016.01.25-20.55.13:052][  0]LogContentStreaming: Texture pool size now 1000 MB
[2016.01.25-20.55.13:178][  0]LogRenderer: Reallocating scene render targets to support 1208x556 (Frame:2).
[2016.01.25-20.55.13:481][  3]LogAssetRegistry: Asset discovery search completed in 4.2048 seconds
[2016.01.25-20.55.13:482][  3]LogCollectionManager: Rebuilt the object cache for 0 collections in 0.000001 seconds (found 0 objects)
[2016.01.25-20.55.13:483][  3]LogCollectionManager: Fixed up redirectors for 0 collections in 0.000464 seconds (updated 0 objects)
[2016.01.25-20.55.35:506][623]LogBlueprintUserMessages: Early PlayInEditor Detection: Level '/Game/FirstPersonCPP/Maps/FirstPersonExampleMap.FirstPersonExampleMap:PersistentLevel' has LevelScriptBlueprint '/Game/FirstPersonCPP/Maps/FirstPersonExampleMap.FirstPersonExampleMap:PersistentLevel.FirstPersonExampleMap' with GeneratedClass '/Game/FirstPersonCPP/Maps/FirstPersonExampleMap.FirstPersonExampleMap_C' with ClassGeneratedBy '/Game/FirstPersonCPP/Maps/FirstPersonExampleMap.FirstPersonExampleMap:PersistentLevel.FirstPersonExampleMap'
[2016.01.25-20.55.35:507][623]LogPlayLevel: PlayLevel: No blueprints needed recompiling
[2016.01.25-20.55.35:507][623]PIE: New page: PIE session: FirstPersonExampleMap (Jan 25, 2016, 10:55:35 AM)
[2016.01.25-20.55.35:508][623]LogPlayLevel: Creating play world package: /Game/FirstPersonCPP/Maps/UEDPIE_0_FirstPersonExampleMap
[2016.01.25-20.55.35:533][623]LogPlayLevel: PIE: StaticDuplicateObject took: (0.025316s)
[2016.01.25-20.55.35:535][623]LogAIModule: Creating AISystem for world FirstPersonExampleMap
[2016.01.25-20.55.35:536][623]LogPlayLevel: PIE: World Init took: (0.001448s)
[2016.01.25-20.55.35:536][623]LogPlayLevel: PIE: Created PIE world by copying editor world from /Game/FirstPersonCPP/Maps/FirstPersonExampleMap.FirstPersonExampleMap to /Game/FirstPersonCPP/Maps/UEDPIE_0_FirstPersonExampleMap.FirstPersonExampleMap (0.028588s)
[2016.01.25-20.55.35:563][623]LogInit: XAudio2 using 'Haut-parleurs (USB PnP Sound Device)' : 2 channels at 44.1 kHz using 16 bits per sample (channel mask 0x3)
[2016.01.25-20.55.35:567][623]LogInit: FAudioDevice initialized.
[2016.01.25-20.55.35:617][623]LogWorld: Game class is 'LostAgeGameMode'
[2016.01.25-20.55.35:623][623]LogWorld: Bringing World /Game/FirstPersonCPP/Maps/UEDPIE_0_FirstPersonExampleMap.FirstPersonExampleMap up for play (max tick rate 0) at 2016.01.25-15.55.35
[2016.01.25-20.55.35:624][623]LogActor:Warning: GameSession /Game/FirstPersonCPP/Maps/UEDPIE_0_FirstPersonExampleMap.FirstPersonExampleMap:PersistentLevel.GameSession_0 has natively added scene component(s), but none of them were set as the actor's RootComponent - picking one arbitrarily
[2016.01.25-20.55.35:624][623]LogActor:Warning: GameNetworkManager /Game/FirstPersonCPP/Maps/UEDPIE_0_FirstPersonExampleMap.FirstPersonExampleMap:PersistentLevel.GameNetworkManager_0 has natively added scene component(s), but none of them were set as the actor's RootComponent - picking one arbitrarily
[2016.01.25-20.55.35:625][623]LogWorld: Bringing up level for play took: 0.006635
[2016.01.25-20.55.35:627][623]PIE: Info Play in editor start time for /Game/FirstPersonCPP/Maps/UEDPIE_0_FirstPersonExampleMap 0.039
[2016.01.25-20.55.35:627][623]LogBlueprintUserMessages: Late PlayInEditor Detection: Level '/Game/FirstPersonCPP/Maps/FirstPersonExampleMap.FirstPersonExampleMap:PersistentLevel' has LevelScriptBlueprint '/Game/FirstPersonCPP/Maps/FirstPersonExampleMap.FirstPersonExampleMap:PersistentLevel.FirstPersonExampleMap' with GeneratedClass '/Game/FirstPersonCPP/Maps/FirstPersonExampleMap.FirstPersonExampleMap_C' with ClassGeneratedBy '/Game/FirstPersonCPP/Maps/FirstPersonExampleMap.FirstPersonExampleMap:PersistentLevel.FirstPersonExampleMap'
[2016.01.25-20.55.58:474][724]LogBlueprintUserMessages: Early EndPlayMap Detection: Level '/Game/FirstPersonCPP/Maps/FirstPersonExampleMap.FirstPersonExampleMap:PersistentLevel' has LevelScriptBlueprint '/Game/FirstPersonCPP/Maps/FirstPersonExampleMap.FirstPersonExampleMap:PersistentLevel.FirstPersonExampleMap' with GeneratedClass '/Game/FirstPersonCPP/Maps/FirstPersonExampleMap.FirstPersonExampleMap_C' with ClassGeneratedBy '/Game/FirstPersonCPP/Maps/FirstPersonExampleMap.FirstPersonExampleMap:PersistentLevel.FirstPersonExampleMap'
[2016.01.25-20.55.58:508][724]LogBlueprintUserMessages: Late EndPlayMap Detection: Level '/Game/FirstPersonCPP/Maps/FirstPersonExampleMap.FirstPersonExampleMap:PersistentLevel' has LevelScriptBlueprint '/Game/FirstPersonCPP/Maps/FirstPersonExampleMap.FirstPersonExampleMap:PersistentLevel.FirstPersonExampleMap' with GeneratedClass '/Game/FirstPersonCPP/Maps/FirstPersonExampleMap.FirstPersonExampleMap_C' with ClassGeneratedBy '/Game/FirstPersonCPP/Maps/FirstPersonExampleMap.FirstPersonExampleMap:PersistentLevel.FirstPersonExampleMap'
[2016.01.25-20.55.58:520][724]LogParticles: Destroying 0 GPU particle simulations for FXSystem 0x000000001DD23740
[2016.01.25-20.56.00:692][943]Cmd: QUIT_EDITOR
[2016.01.25-20.56.00:962][943]LogExit: Preparing to exit.
[2016.01.25-20.56.01:953][943]LogExit: Editor shut down
[2016.01.25-20.56.01:954][943]LogExit: Transaction tracking system shut down
[2016.01.25-20.56.01:956][943]LogParticles: Destroying 0 GPU particle simulations for FXSystem 0x0000000011F225C0
[2016.01.25-20.56.01:957][943]LogParticles: Destroying 0 GPU particle simulations for FXSystem 0x000000001159F880
[2016.01.25-20.56.02:073][943]LogExit: Object subsystem successfully closed.
[2016.01.25-20.56.02:094][943]LogD3D11RHI: Shutdown
[2016.01.25-20.56.02:095][943]LogD3D11RHI: CleanupD3DDevice
[2016.01.25-20.56.02:440][943]LogD3D11RHI: ~FD3D11DynamicRHI
[2016.01.25-20.56.02:459][943]LogModuleManager: Shutting down and abandoning module CrashTracker (198)
[2016.01.25-20.56.02:459][943]LogModuleManager: Shutting down and abandoning module SceneOutliner (197)
[2016.01.25-20.56.02:460][943]LogModuleManager: Shutting down and abandoning module SuperSearch (196)
[2016.01.25-20.56.02:460][943]LogModuleManager: Shutting down and abandoning module WidgetCarousel (195)
[2016.01.25-20.56.02:460][943]LogModuleManager: Shutting down and abandoning module AddContentDialog (194)
[2016.01.25-20.56.02:461][943]LogModuleManager: Shutting down and abandoning module EditorWidgets (193)
[2016.01.25-20.56.02:462][943]LogModuleManager: Shutting down and abandoning module CollectionManager (192)
[2016.01.25-20.56.02:462][943]LogModuleManager: Shutting down and abandoning module StatsViewer (191)
[2016.01.25-20.56.02:463][943]LogModuleManager: Shutting down and abandoning module FoliageEdit (190)
[2016.01.25-20.56.02:463][943]LogModuleManager: Shutting down and abandoning module LandscapeEditor (189)
[2016.01.25-20.56.02:463][943]LogModuleManager: Shutting down and abandoning module ActorPickerMode (188)
[2016.01.25-20.56.02:463][943]LogModuleManager: Shutting down and abandoning module GeometryMode (187)
[2016.01.25-20.56.02:464][943]LogModuleManager: Shutting down and abandoning module TextureAlignMode (186)
[2016.01.25-20.56.02:464][943]LogModuleManager: Shutting down and abandoning module BspMode (185)
[2016.01.25-20.56.02:464][943]LogModuleManager: Shutting down and abandoning module PlacementMode (184)
[2016.01.25-20.56.02:464][943]LogModuleManager: Shutting down and abandoning module AutomationWorker (183)
[2016.01.25-20.56.02:465][943]LogModuleManager: Shutting down and abandoning module CharacterAI (182)
[2016.01.25-20.56.02:465][943]LogModuleManager: Shutting down and abandoning module SmartSnapping (181)
[2016.01.25-20.56.02:465][943]LogModuleManager: Shutting down and abandoning module ViewportSnapping (180)
[2016.01.25-20.56.02:465][943]LogModuleManager: Shutting down and abandoning module LogVisualizer (179)
[2016.01.25-20.56.02:466][943]LogModuleManager: Shutting down and abandoning module GameProjectGeneration (178)
[2016.01.25-20.56.02:466][943]LogModuleManager: Shutting down and abandoning module IntroTutorials (177)
[2016.01.25-20.56.02:466][943]LogModuleManager: Shutting down and abandoning module EditorLiveStreaming (176)
[2016.01.25-20.56.02:466][943]LogModuleManager: Shutting down and abandoning module IOSPlatformEditor (175)
[2016.01.25-20.56.02:467][943]LogModuleManager: Shutting down and abandoning module HTML5PlatformEditor (174)
[2016.01.25-20.56.02:467][943]LogModuleManager: Shutting down and abandoning module AndroidDeviceDetection (173)
[2016.01.25-20.56.02:841][943]LogModuleManager: Shutting down and abandoning module AndroidPlatformEditor (172)
[2016.01.25-20.56.02:841][943]LogModuleManager: Shutting down and abandoning module IOSRuntimeSettings (171)
[2016.01.25-20.56.02:841][943]LogModuleManager: Shutting down and abandoning module AndroidRuntimeSettings (170)
[2016.01.25-20.56.02:842][943]LogModuleManager: Shutting down and abandoning module MergeActors (169)
[2016.01.25-20.56.02:842][943]LogModuleManager: Shutting down and abandoning module SizeMap (168)
[2016.01.25-20.56.02:842][943]LogModuleManager: Shutting down and abandoning module TreeMap (167)
[2016.01.25-20.56.02:842][943]LogModuleManager: Shutting down and abandoning module ReferenceViewer (166)
[2016.01.25-20.56.02:843][943]LogModuleManager: Shutting down and abandoning module LocalizationService (165)
[2016.01.25-20.56.02:843][943]LogModuleManager: Shutting down and abandoning module LocalizationDashboard (164)
[2016.01.25-20.56.02:843][943]LogModuleManager: Shutting down and abandoning module HardwareTargeting (163)
[2016.01.25-20.56.02:844][943]LogModuleManager: Shutting down and abandoning module DeviceProfileEditor (162)
[2016.01.25-20.56.02:844][943]LogModuleManager: Shutting down and abandoning module UndoHistory (161)
[2016.01.25-20.56.02:844][943]LogModuleManager: Shutting down and abandoning module GameplayTagsEditor (160)
[2016.01.25-20.56.02:845][943]LogModuleManager: Shutting down and abandoning module UserFeedback (159)
[2016.01.25-20.56.02:845][943]LogModuleManager: Shutting down and abandoning module XmlParser (158)
[2016.01.25-20.56.02:845][943]LogModuleManager: Shutting down and abandoning module Blutility (157)
[2016.01.25-20.56.02:845][943]LogModuleManager: Shutting down and abandoning module ProjectTargetPlatformEditor (156)
[2016.01.25-20.56.02:846][943]LogModuleManager: Shutting down and abandoning module ProjectSettingsViewer (155)
[2016.01.25-20.56.02:846][943]LogModuleManager: Shutting down and abandoning module InputBindingEditor (154)
[2016.01.25-20.56.02:846][943]LogModuleManager: Shutting down and abandoning module EditorSettingsViewer (153)
[2016.01.25-20.56.02:847][943]LogModuleManager: Shutting down and abandoning module SettingsEditor (152)
[2016.01.25-20.56.02:847][943]LogModuleManager: Shutting down and abandoning module ProjectLauncher (151)
[2016.01.25-20.56.02:847][943]LogModuleManager: Shutting down and abandoning module SessionFrontend (150)
[2016.01.25-20.56.02:848][943]LogModuleManager: Shutting down and abandoning module ProfilerClient (149)
[2016.01.25-20.56.02:848][943]LogModuleManager: Shutting down and abandoning module TargetDeviceServices (148)
[2016.01.25-20.56.02:848][943]LogModuleManager: Shutting down and abandoning module DeviceManager (147)
[2016.01.25-20.56.02:849][943]LogModuleManager: Shutting down and abandoning module AutomationController (146)
[2016.01.25-20.56.02:849][943]LogModuleManager: Shutting down and abandoning module AutomationWindow (145)
[2016.01.25-20.56.02:849][943]LogModuleManager: Shutting down and abandoning module Layers (144)
[2016.01.25-20.56.02:850][943]LogModuleManager: Shutting down and abandoning module ComponentVisualizers (143)
[2016.01.25-20.56.02:850][943]LogModuleManager: Shutting down and abandoning module DetailCustomizations (142)
[2016.01.25-20.56.02:850][943]LogModuleManager: Shutting down and abandoning module PackagesDialog (141)
[2016.01.25-20.56.02:850][943]LogModuleManager: Shutting down and abandoning module Persona (140)
[2016.01.25-20.56.02:851][943]LogModuleManager: Shutting down and abandoning module Kismet (139)
[2016.01.25-20.56.02:851][943]LogModuleManager: Shutting down and abandoning module GraphEditor (138)
[2016.01.25-20.56.02:851][943]LogModuleManager: Shutting down and abandoning module ClassViewer (137)
[2016.01.25-20.56.02:852][943]LogModuleManager: Shutting down and abandoning module Toolbox (136)
[2016.01.25-20.56.02:852][943]LogModuleManager: Shutting down and abandoning module ModuleUI (135)
[2016.01.25-20.56.02:852][943]LogModuleManager: Shutting down and abandoning module MovieSceneTools (134)
[2016.01.25-20.56.02:853][943]LogModuleManager: Shutting down and abandoning module OutputLog (133)
[2016.01.25-20.56.02:853][943]LogModuleManager: Shutting down and abandoning module GammaUI (132)
[2016.01.25-20.56.02:853][943]LogModuleManager: Shutting down and abandoning module Documentation (131)
[2016.01.25-20.56.02:853][943]LogModuleManager: Shutting down and abandoning module GameLiveStreaming (130)
[2016.01.25-20.56.02:854][943]LogModuleManager: Shutting down and abandoning module StreamingPauseRendering (129)
[2016.01.25-20.56.02:854][943]LogModuleManager: Shutting down and abandoning module AnalyticsET (128)
[2016.01.25-20.56.02:854][943]LogModuleManager: Shutting down and abandoning module Analytics (127)
[2016.01.25-20.56.02:854][943]LogModuleManager: Shutting down and abandoning module AITestSuite (126)
[2016.01.25-20.56.02:855][943]LogModuleManager: Shutting down and abandoning module GameplayDebugger (125)
[2016.01.25-20.56.02:855][943]LogModuleManager: Shutting down and abandoning module AIModule (124)
[2016.01.25-20.56.02:855][943]LogModuleManager: Shutting down and abandoning module ProfilerService (123)
[2016.01.25-20.56.03:091][943]LogModuleManager: Shutting down and abandoning module TaskGraph (122)
[2016.01.25-20.56.03:091][943]LogModuleManager: Shutting down and abandoning module SlateRemote (121)
[2016.01.25-20.56.03:091][943]LogModuleManager: Shutting down and abandoning module SteamVRController (120)
[2016.01.25-20.56.03:092][943]LogModuleManager: Shutting down and abandoning module SteamVR (119)
[2016.01.25-20.56.03:092][943]LogModuleManager: Shutting down and abandoning module ProceduralMeshComponent (118)
[2016.01.25-20.56.03:092][943]LogModuleManager: Shutting down and abandoning module OculusRift (117)
[2016.01.25-20.56.03:092][943]LogModuleManager: Shutting down and abandoning module OculusLibrary (116)
[2016.01.25-20.56.03:093][943]LogModuleManager: Shutting down and abandoning module LeapMotionController (115)
[2016.01.25-20.56.03:104][943]LogModuleManager: Shutting down and abandoning module CustomMeshComponent (114)
[2016.01.25-20.56.03:104][943]LogModuleManager: Shutting down and abandoning module CableComponent (113)
[2016.01.25-20.56.03:104][943]LogModuleManager: Shutting down and abandoning module ArchVisCharacter (112)
[2016.01.25-20.56.03:105][943]LogModuleManager: Shutting down and abandoning module MessagingDebugger (111)
[2016.01.25-20.56.03:105][943]LogModuleManager: Shutting down and abandoning module MediaPlayerEditor (110)
[2016.01.25-20.56.03:105][943]LogModuleManager: Shutting down and abandoning module HTML5Networking (109)
[2016.01.25-20.56.03:106][943]LogModuleManager: Shutting down and abandoning module SpeedTreeImporter (108)
[2016.01.25-20.56.03:106][943]LogModuleManager: Shutting down and abandoning module PluginBrowser (107)
[2016.01.25-20.56.03:106][943]LogModuleManager: Shutting down and abandoning module EpicSurvey (106)
[2016.01.25-20.56.03:106][943]LogModuleManager: Shutting down and abandoning module DesktopPlatform (105)
[2016.01.25-20.56.03:107][943]LogModuleManager: Shutting down and abandoning module VisualStudioSourceCodeAccess (104)
[2016.01.25-20.56.03:107][943]LogModuleManager: Shutting down and abandoning module UObjectPlugin (103)
[2016.01.25-20.56.03:107][943]LogModuleManager: Shutting down and abandoning module SubversionSourceControl (102)
[2016.01.25-20.56.03:108][943]LogModuleManager: Shutting down and abandoning module PerforceSourceControl (101)
[2016.01.25-20.56.03:108][943]LogModuleManager: Shutting down and abandoning module SourceControl (100)
[2016.01.25-20.56.03:109][943]LogModuleManager: Shutting down and abandoning module GitSourceControl (99)
[2016.01.25-20.56.03:109][943]LogModuleManager: Shutting down and abandoning module LightPropagationVolumeEditor (98)
[2016.01.25-20.56.03:109][943]LogModuleManager: Shutting down and abandoning module PaperTiledImporter (97)
[2016.01.25-20.56.03:110][943]LogModuleManager: Shutting down and abandoning module PaperSpriteSheetImporter (96)
[2016.01.25-20.56.03:110][943]LogModuleManager: Shutting down and abandoning module MeshPaint (95)
[2016.01.25-20.56.03:110][943]LogModuleManager: Shutting down and abandoning module SlateReflector (94)
[2016.01.25-20.56.03:111][943]LogModuleManager: Shutting down and abandoning module HotReload (93)
[2016.01.25-20.56.03:111][943]LogModuleManager: Shutting down and abandoning module MainFrame (92)
[2016.01.25-20.56.03:112][943]LogModuleManager: Shutting down and abandoning module LevelEditor (91)
[2016.01.25-20.56.03:113][943]LogModuleManager: Shutting down and abandoning module DirectoryWatcher (90)
[2016.01.25-20.56.03:114][943]LogModuleManager: Shutting down and abandoning module AssetRegistry (89)
[2016.01.25-20.56.03:172][943]LogModuleManager: Shutting down and abandoning module ContentBrowser (88)
[2016.01.25-20.56.03:173][943]LogModuleManager: Shutting down and abandoning module Paper2DEditor (87)
[2016.01.25-20.56.03:174][943]LogModuleManager: Shutting down and abandoning module LostAge (86)
[2016.01.25-20.56.03:174][943]LogModuleManager: Shutting down and abandoning module UdpMessaging (85)
[2016.01.25-20.56.03:274][943]LogModuleManager: Shutting down and abandoning module LightPropagationVolumeRuntime (84)
[2016.01.25-20.56.03:274][943]LogModuleManager: Shutting down and abandoning module Paper2D (83)
[2016.01.25-20.56.03:275][943]LogModuleManager: Shutting down and abandoning module WindowsMoviePlayer (82)
[2016.01.25-20.56.03:277][943]LogModuleManager: Shutting down and abandoning module Media (81)
[2016.01.25-20.56.03:278][943]LogModuleManager: Shutting down and abandoning module WmfMedia (80)
[2016.01.25-20.56.03:279][943]LogModuleManager: Shutting down and abandoning module OnlineBlueprintSupport (79)
[2016.01.25-20.56.03:279][943]LogModuleManager: Shutting down and abandoning module GameplayTasksEditor (78)
[2016.01.25-20.56.03:280][943]LogModuleManager: Shutting down and abandoning module PropertyEditor (77)
[2016.01.25-20.56.03:280][943]LogModuleManager: Shutting down and abandoning module BehaviorTreeEditor (76)
[2016.01.25-20.56.03:280][943]LogModuleManager: Shutting down and abandoning module FunctionalTesting (75)
[2016.01.25-20.56.03:281][943]LogModuleManager: Shutting down and abandoning module CollisionAnalyzer (74)
[2016.01.25-20.56.03:281][943]LogModuleManager: Shutting down and abandoning module WorkspaceMenuStructure (73)
[2016.01.25-20.56.03:281][943]LogModuleManager: Shutting down and abandoning module MessageLog (72)
[2016.01.25-20.56.03:281][943]LogModuleManager: Shutting down and abandoning module Sequencer (71)
[2016.01.25-20.56.03:282][943]LogModuleManager: Shutting down and abandoning module AssetTools (70)
[2016.01.25-20.56.03:282][943]LogModuleManager: Shutting down and abandoning module UMGEditor (69)
[2016.01.25-20.56.03:282][943]LogModuleManager: Shutting down and abandoning module UMG (68)
[2016.01.25-20.56.03:283][943]LogModuleManager: Shutting down and abandoning module Slate (67)
[2016.01.25-20.56.03:283][943]LogModuleManager: Shutting down and abandoning module EditorStyle (66)
[2016.01.25-20.56.03:285][943]LogModuleManager: Shutting down and abandoning module SessionServices (65)
[2016.01.25-20.56.03:285][943]LogModuleManager: Shutting down and abandoning module SourceCodeAccess (64)
[2016.01.25-20.56.03:285][943]LogModuleManager: Shutting down and abandoning module HeadMountedDisplay (63)
[2016.01.25-20.56.03:286][943]LogModuleManager: Shutting down and abandoning module XAudio2 (62)
[2016.01.25-20.56.03:286][943]LogModuleManager: Shutting down and abandoning module Networking (60)
[2016.01.25-20.56.03:286][943]LogModuleManager: Shutting down and abandoning module Core (59)
[2016.01.25-20.56.03:286][943]LogModuleManager: Shutting down and abandoning module KismetCompiler (58)
[2016.01.25-20.56.03:287][943]LogModuleManager: Shutting down and abandoning module PhysXFormats (57)
[2016.01.25-20.56.03:287][943]LogModuleManager: Shutting down and abandoning module MeshUtilities (56)
[2016.01.25-20.56.03:287][943]LogModuleManager: Shutting down and abandoning module CookingStats (55)
[2016.01.25-20.56.03:288][943]LogModuleManager: Shutting down and abandoning module DerivedDataCache (54)
[2016.01.25-20.56.03:341][943]LogDerivedDataCache: Shutdown
[2016.01.25-20.56.03:341][943]LogModuleManager: Shutting down and abandoning module ShaderFormatOpenGL (53)
[2016.01.25-20.56.03:341][943]LogModuleManager: Shutting down and abandoning module ShaderFormatD3D (52)
[2016.01.25-20.56.03:342][943]LogModuleManager: Shutting down and abandoning module MetalShaderFormat (51)
[2016.01.25-20.56.03:342][943]LogModuleManager: Shutting down and abandoning module TextureFormatUncompressed (50)
[2016.01.25-20.56.03:342][943]LogModuleManager: Shutting down and abandoning module TextureFormatPVR (49)
[2016.01.25-20.56.03:342][943]LogModuleManager: Shutting down and abandoning module TextureFormatIntelISPCTexComp (48)
[2016.01.25-20.56.03:343][943]LogModuleManager: Shutting down and abandoning module TextureFormatDXT (47)
[2016.01.25-20.56.03:343][943]LogModuleManager: Shutting down and abandoning module ImageWrapper (46)
[2016.01.25-20.56.03:343][943]LogModuleManager: Shutting down and abandoning module TextureFormatASTC (45)
[2016.01.25-20.56.03:343][943]LogModuleManager: Shutting down and abandoning module TextureFormatAndroid (44)
[2016.01.25-20.56.03:344][943]LogModuleManager: Shutting down and abandoning module AudioFormatOpus (43)
[2016.01.25-20.56.03:344][943]LogModuleManager: Shutting down and abandoning module AudioFormatOgg (42)
[2016.01.25-20.56.03:344][943]LogModuleManager: Shutting down and abandoning module AudioFormatADPCM (41)
[2016.01.25-20.56.03:344][943]LogModuleManager: Shutting down and abandoning module LinuxTargetPlatform (40)
[2016.01.25-20.56.03:345][943]LogModuleManager: Shutting down and abandoning module LinuxServerTargetPlatform (39)
[2016.01.25-20.56.03:345][943]LogModuleManager: Shutting down and abandoning module LinuxNoEditorTargetPlatform (38)
[2016.01.25-20.56.03:345][943]LogModuleManager: Shutting down and abandoning module Messaging (37)
[2016.01.25-20.56.03:345][943]LogModuleManager: Shutting down and abandoning module IOSTargetPlatform (36)
[2016.01.25-20.56.03:346][943]LogModuleManager: Shutting down and abandoning module HTML5TargetPlatform (35)
[2016.01.25-20.56.03:346][943]LogModuleManager: Shutting down and abandoning module Android_PVRTCTargetPlatform (34)
[2016.01.25-20.56.03:346][943]LogModuleManager: Shutting down and abandoning module Android_ETC2TargetPlatform (33)
[2016.01.25-20.56.03:346][943]LogModuleManager: Shutting down and abandoning module Android_ETC1TargetPlatform (32)
[2016.01.25-20.56.03:346][943]LogModuleManager: Shutting down and abandoning module Android_DXTTargetPlatform (31)
[2016.01.25-20.56.03:347][943]LogModuleManager: Shutting down and abandoning module Android_ATCTargetPlatform (30)
[2016.01.25-20.56.03:347][943]LogModuleManager: Shutting down and abandoning module Android_ASTCTargetPlatform (29)
[2016.01.25-20.56.03:347][943]LogModuleManager: Shutting down and abandoning module AndroidTargetPlatform (28)
[2016.01.25-20.56.03:347][943]LogModuleManager: Shutting down and abandoning module WindowsTargetPlatform (27)
[2016.01.25-20.56.03:348][943]LogModuleManager: Shutting down and abandoning module WindowsServerTargetPlatform (26)
[2016.01.25-20.56.03:348][943]LogModuleManager: Shutting down and abandoning module WindowsNoEditorTargetPlatform (25)
[2016.01.25-20.56.03:348][943]LogModuleManager: Shutting down and abandoning module WindowsClientTargetPlatform (24)
[2016.01.25-20.56.03:348][943]LogModuleManager: Shutting down and abandoning module AllDesktopTargetPlatform (23)
[2016.01.25-20.56.03:349][943]LogModuleManager: Shutting down and abandoning module TargetPlatform (22)
[2016.01.25-20.56.03:349][943]LogModuleManager: Shutting down and abandoning module InputCore (21)
[2016.01.25-20.56.03:349][943]LogModuleManager: Shutting down and abandoning module Settings (20)
[2016.01.25-20.56.03:349][943]LogModuleManager: Shutting down and abandoning module OnlineSubsystem (18)
[2016.01.25-20.56.03:350][943]LogModuleManager: Shutting down and abandoning module HTTP (17)
[2016.01.25-20.56.05:350][943]LogModuleManager: Shutting down and abandoning module XMPP (16)
[2016.01.25-20.56.05:351][943]LogModuleManager: Shutting down and abandoning module ExampleDeviceProfileSelector (15)
[2016.01.25-20.56.05:351][943]LogModuleManager: Shutting down and abandoning module TextureCompressor (14)
[2016.01.25-20.56.05:352][943]LogModuleManager: Shutting down and abandoning module ShaderCore (13)
[2016.01.25-20.56.05:352][943]LogModuleManager: Shutting down and abandoning module Landscape (12)
[2016.01.25-20.56.05:353][943]LogModuleManager: Shutting down and abandoning module SlateRHIRenderer (11)
[2016.01.25-20.56.05:353][943]LogModuleManager: Shutting down and abandoning module OpenGLDrv (10)
[2016.01.25-20.56.05:354][943]LogModuleManager: Shutting down and abandoning module D3D11RHI (9)
[2016.01.25-20.56.05:354][943]LogModuleManager: Shutting down and abandoning module AnimGraphRuntime (8)
[2016.01.25-20.56.05:354][943]LogModuleManager: Shutting down and abandoning module Renderer (7)
[2016.01.25-20.56.05:355][943]LogModuleManager: Shutting down and abandoning module Engine (6)
[2016.01.25-20.56.05:355][943]LogModuleManager: Shutting down and abandoning module CoreUObject (5)
[2016.01.25-20.56.05:355][943]LogModuleManager: Shutting down and abandoning module NetworkFile (4)
[2016.01.25-20.56.05:355][943]LogModuleManager: Shutting down and abandoning module StreamingFile (3)
[2016.01.25-20.56.05:356][943]LogModuleManager: Shutting down and abandoning module SandboxFile (2)
[2016.01.25-20.56.05:356][943]LogModuleManager: Shutting down and abandoning module PakFile (1)
[2016.01.25-20.56.05:359][943]LogExit: Exiting.
[2016.01.25-20.56.05:361][943]Log file closed, 01/25/16 15:56:05
