[2016.01.26-23.47.09:487][  0]Log file open, 01/26/16 18:47:09
[2016.01.26-23.47.09:487][  0]LogInit:Display: Running engine for game: LostAge
[2016.01.26-23.47.09:487][  0]LogInit:Display: RandInit(986385017) SRandInit(986385017).
[2016.01.26-23.47.09:487][  0]LogTaskGraph: Started task graph with 4 named threads and 7 total threads.
[2016.01.26-23.47.09:488][  0]LogStats: Stats thread started at 0.163502
[2016.01.26-23.47.09:488][  0]LogInit: Version: 4.9.2-2707645+++depot+UE4-Releases+4.9
[2016.01.26-23.47.09:488][  0]LogInit: API Version: 2672455
[2016.01.26-23.47.09:488][  0]LogInit: Compiled (64-bit): Sep 28 2015 10:25:44
[2016.01.26-23.47.09:488][  0]LogInit: Compiled with Visual C++: 18.00.21005.01
[2016.01.26-23.47.09:489][  0]LogInit: Build Configuration: DebugGame
[2016.01.26-23.47.09:489][  0]LogInit: Branch Name: ++depot+UE4-Releases+4.9
[2016.01.26-23.47.09:489][  0]LogInit: Command line:  -debug
[2016.01.26-23.47.09:489][  0]LogInit: Base directory: C:/Program Files/Epic Games/4.9/Engine/Binaries/Win64/
[2016.01.26-23.47.09:490][  0]LogInit: Rocket: 1
[2016.01.26-23.47.09:523][  0]LogInit: Using libcurl 7.41.0
[2016.01.26-23.47.09:523][  0]LogInit:  - built for x86_64-pc-win32
[2016.01.26-23.47.09:524][  0]LogInit:  - supports SSL with WinSSL
[2016.01.26-23.47.09:524][  0]LogInit:  - other features:
[2016.01.26-23.47.09:524][  0]LogInit:      CURL_VERSION_SSL
[2016.01.26-23.47.09:524][  0]LogInit:      CURL_VERSION_IPV6
[2016.01.26-23.47.09:525][  0]LogInit:      CURL_VERSION_ASYNCHDNS
[2016.01.26-23.47.09:525][  0]LogInit:      CURL_VERSION_LARGEFILE
[2016.01.26-23.47.09:525][  0]LogInit:      CURL_VERSION_IDN
[2016.01.26-23.47.09:525][  0]LogInit:  CurlRequestOptions (configurable via config and command line):
[2016.01.26-23.47.09:526][  0]LogInit:  - bVerifyPeer = true  - Libcurl will verify peer certificate
[2016.01.26-23.47.09:526][  0]LogInit:  - bUseHttpProxy = false  - Libcurl will NOT use HTTP proxy
[2016.01.26-23.47.09:526][  0]LogInit:  - bDontReuseConnections = false  - Libcurl will reuse connections
[2016.01.26-23.47.09:526][  0]LogInit:  - CertBundlePath = nullptr  - Libcurl will use whatever was configured at build time.
[2016.01.26-23.47.09:581][  0]LogInit: WinSock: version 1.1 (2.2), MaxSocks=32767, MaxUdp=65467
[2016.01.26-23.47.09:610][  0]LogVoice:Warning: Failed to initialize voice interface
[2016.01.26-23.47.09:616][  0]LogInit: Presizing for 0 objects not considered by GC, pre-allocating 0 bytes.
[2016.01.26-23.47.09:623][  0]LogInit: Object subsystem initialized
[2016.01.26-23.47.09:625][  0]LogInit: Selected Device Profile: [Windows]
[2016.01.26-23.47.09:626][  0]LogInit: Applying CVar settings loaded from the selected device profile: [Windows]
[2016.01.26-23.47.09:633][  0]LogInit: Computer: FREDERIC-PC
[2016.01.26-23.47.09:634][  0]LogInit: User: frederic
[2016.01.26-23.47.09:634][  0]LogInit: CPU Page size=4096, Cores=4
[2016.01.26-23.47.09:635][  0]LogInit: High frequency timer resolution =3.331240 MHz
[2016.01.26-23.47.09:635][  0]LogMemory: Memory total: Physical=15.9GB (16GB approx)
[2016.01.26-23.47.09:635][  0]LogMemory: Platform Memory Stats for Windows
[2016.01.26-23.47.09:635][  0]LogMemory: Process Physical Memory: 55.07 MB used, 55.07 MB peak
[2016.01.26-23.47.09:636][  0]LogMemory: Process Virtual Memory: 55.76 MB used, 55.76 MB peak
[2016.01.26-23.47.09:636][  0]LogMemory: Physical Memory: 6223.11 MB used, 16288.39 MB total
[2016.01.26-23.47.09:636][  0]LogMemory: Virtual Memory: 337.63 MB used, 8388608.00 MB total
[2016.01.26-23.47.09:710][  0]LogTextLocalizationManager: No translations for ('fr-CA') exist, falling back to 'en' for localization and internationalization data.
[2016.01.26-23.47.10:524][  0]LogD3D11RHI: Found D3D11 adapter 0: NVIDIA GeForce GTX 970 (Feature Level 11_0)
[2016.01.26-23.47.10:524][  0]LogD3D11RHI: Adapter has 4008MB of dedicated video memory, 0MB of dedicated system memory, and 7888MB of shared system memory, 1 output[s]
[2016.01.26-23.47.10:534][  0]LogD3D11RHI: Found D3D11 adapter 1: Intel(R) HD Graphics 3000 (Feature Level 10_0)
[2016.01.26-23.47.10:534][  0]LogD3D11RHI: Adapter has 64MB of dedicated video memory, 0MB of dedicated system memory, and 1632MB of shared system memory, 0 output[s]
[2016.01.26-23.47.10:534][  0]LogD3D11RHI: Chosen D3D11 Adapter Id = 0
[2016.01.26-23.47.10:538][  0]LogD3D11RHI: !Direct3DDevice
[2016.01.26-23.47.10:539][  0]LogRHI: Texture pool is 1361 MB (70% of 1945 MB)
[2016.01.26-23.47.10:588][  0]LogD3D11RHI: Async texture creation enabled
[2016.01.26-23.47.10:603][  0]LogShaderCompilers: Guid format shader working directory is 15 characters bigger than the processId version (../../../../../../Users/frederic/Documents/Unreal Projects/LostAge/Intermediate/Shaders/WorkingDirectory/2480/).
[2016.01.26-23.47.10:604][  0]LogShaderCompilers: Cleaned the shader compiler working directory '../../../../../../Users/frederic/Documents/Unreal Projects/LostAge/Intermediate/Shaders/tmp/4B160DD54041397527B81CA8C8610C13/'.
[2016.01.26-23.47.10:604][  0]LogShaderCompilers:Display: Using Local Shader Compiler.
[2016.01.26-23.47.11:806][  0]LogTemp:Display: Loaded TP AllDesktopTargetPlatform
[2016.01.26-23.47.11:823][  0]LogTemp:Display: Loaded TP WindowsClientTargetPlatform
[2016.01.26-23.47.11:839][  0]LogTemp:Display: Loaded TP WindowsNoEditorTargetPlatform
[2016.01.26-23.47.11:856][  0]LogTemp:Display: Loaded TP WindowsServerTargetPlatform
[2016.01.26-23.47.11:873][  0]LogTemp:Display: Loaded TP WindowsTargetPlatform
[2016.01.26-23.47.11:881][  0]LogTemp:Display: Loaded TP AndroidTargetPlatform
[2016.01.26-23.47.11:889][  0]LogTemp:Display: Loaded TP Android_ASTCTargetPlatform
[2016.01.26-23.47.11:896][  0]LogTemp:Display: Loaded TP Android_ATCTargetPlatform
[2016.01.26-23.47.11:903][  0]LogTemp:Display: Loaded TP Android_DXTTargetPlatform
[2016.01.26-23.47.11:912][  0]LogTemp:Display: Loaded TP Android_ETC1TargetPlatform
[2016.01.26-23.47.11:921][  0]LogTemp:Display: Loaded TP Android_ETC2TargetPlatform
[2016.01.26-23.47.11:930][  0]LogTemp:Display: Loaded TP Android_PVRTCTargetPlatform
[2016.01.26-23.47.11:934][  0]LogTemp:Display: Loaded TP HTML5TargetPlatform
[2016.01.26-23.47.11:966][  0]LogTemp:Display: Loaded TP IOSTargetPlatform
[2016.01.26-23.47.11:973][  0]LogTemp:Display: Loaded TP LinuxNoEditorTargetPlatform
[2016.01.26-23.47.11:981][  0]LogTemp:Display: Loaded TP LinuxServerTargetPlatform
[2016.01.26-23.47.11:988][  0]LogTemp:Display: Loaded TP LinuxTargetPlatform
[2016.01.26-23.47.11:989][  0]LogTargetPlatformManager:Display: Building Assets For Windows
[2016.01.26-23.47.12:205][  0]LogDerivedDataCache:Display: Max Cache Size: 512 MB
[2016.01.26-23.47.12:259][  0]LogDerivedDataCache: Loaded boot cache 0.05s 41MB C:/Users/frederic/AppData/Local/UnrealEngine/4.9/DerivedDataCache/Boot.ddc.
[2016.01.26-23.47.12:259][  0]LogDerivedDataCache:Display: Loaded Boot cache: C:/Users/frederic/AppData/Local/UnrealEngine/4.9/DerivedDataCache/Boot.ddc
[2016.01.26-23.47.12:260][  0]LogDerivedDataCache: FDerivedDataBackendGraph:  Pak pak cache file ../../../../../../Users/frederic/Documents/Unreal Projects/LostAge/DerivedDataCache/DDC.ddp not found, will not use a pak cache.
[2016.01.26-23.47.12:260][  0]LogDerivedDataCache: Unable to find inner node Pak for hierarchical cache Hierarchy.
[2016.01.26-23.47.12:260][  0]LogDerivedDataCache: FDerivedDataBackendGraph:  CompressedPak pak cache file ../../../../../../Users/frederic/Documents/Unreal Projects/LostAge/DerivedDataCache/Compressed.ddp not found, will not use a pak cache.
[2016.01.26-23.47.12:260][  0]LogDerivedDataCache: Unable to find inner node CompressedPak for hierarchical cache Hierarchy.
[2016.01.26-23.47.12:403][  0]LogDerivedDataCache:Display: Pak cache opened for reading ../../../Engine/DerivedDataCache/Compressed.ddp.
[2016.01.26-23.47.12:415][  0]LogDerivedDataCache: Using Local data cache path C:/Users/frederic/AppData/Local/UnrealEngine/Common/DerivedDataCache: Writable
[2016.01.26-23.47.12:600][  0]LogInit: Selected Device Profile: [Windows]
[2016.01.26-23.47.12:601][  0]LogContentStreaming: Texture pool size is 0.000000MB
[2016.01.26-23.47.12:638][  0]LogMeshUtilities: No automatic mesh reduction module available
[2016.01.26-23.47.12:639][  0]LogMeshUtilities: No automatic mesh merging module available
[2016.01.26-23.47.14:017][  0]UdpMessaging: Initializing bridge on interface 0.0.0.0:0 to multicast group 230.0.0.1:6666.
[2016.01.26-23.47.14:223][  0]LogAssetRegistry: FAssetRegistry took 0.0101 seconds to start up
[2016.01.26-23.47.14:563][  0]SourceControl: Info Source control is disabled
[2016.01.26-23.47.14:565][  0]SourceControl: Info Source control is disabled
[2016.01.26-23.47.14:583][  0]SourceControl: Info Source control is disabled
[2016.01.26-23.47.14:600][  0]SourceControl: Info Source control is disabled
[2016.01.26-23.47.14:780][  0]LogLinker:Warning: Asset '../../../Engine/Plugins/Runtime/LeapMotionController/Content/LM_PassthroughMaterial.uasset' has been saved with empty engine version. The asset will be loaded but may be incompatible.
[2016.01.26-23.47.14:881][  0]LogObj: 28402 objects as part of root set at end of initial load.
[2016.01.26-23.47.14:882][  0]LogUObjectAllocator: 6067872 out of 0 bytes used by permanent object pool.
[2016.01.26-23.47.14:963][  0]LogEngine: Initializing Engine...
[2016.01.26-23.47.14:966][  0]LogHMD: Can't find Oculus library dev build: is proper Runtime installed? Version: 0.7.0.0
[2016.01.26-23.47.14:968][  0]LogHMD: SteamVR failed to initialize.  Err: 110
[2016.01.26-23.47.15:123][  0]LogAIModule: Creating AISystem for world NewWorld
[2016.01.26-23.47.15:140][  0]LogInit: XAudio2 using 'Haut-parleurs (USB PnP Sound Device)' : 2 channels at 44.1 kHz using 16 bits per sample (channel mask 0x3)
[2016.01.26-23.47.15:161][  0]LogInit: FAudioDevice initialized.
[2016.01.26-23.47.15:182][  0]LogDerivedDataCache: Saved boot cache 0.02s 41MB C:/Users/frederic/AppData/Local/UnrealEngine/4.9/DerivedDataCache/Boot.ddc.
[2016.01.26-23.47.15:189][  0]LogInit: Texture streaming: Enabled
[2016.01.26-23.47.15:209][  0]LogAnalytics: Creating configured Analytics provider AnalyticsET
[2016.01.26-23.47.15:209][  0]LogAnalytics: [UEEditor.Rocket.Release] APIServer = http://et2.epicgames.com/ET2/. AppVersion = 4.9.2-2707645+++depot+UE4-Releases+4.9
[2016.01.26-23.47.15:210][  0]LogAnalytics: [UEEditor.Rocket.Release] SetUserId c8da8d664a36a98701fe659c10ae4ff8|70626fa7f476448fb82ad9618fbbb1ab|00e7fb16-00c3-4af4-a2a1-2cc8013aae38
[2016.01.26-23.47.15:210][  0]LogAnalytics: [UEEditor.Rocket.Release] AnalyticsET::StartSession
[2016.01.26-23.47.15:227][  0]LogInit: Transaction tracking system initialized
[2016.01.26-23.47.15:333][  0]BlueprintLog: New page: Editor Load
[2016.01.26-23.47.15:673][  0]LocalizationService: Info Localization service is disabled
[2016.01.26-23.47.15:827][  0]LogLinker:Warning: Can't find file '/Game/ThirdPersonCPP/ThirdPersonOverview'
[2016.01.26-23.47.15:827][  0]LogLinker:Warning: Can't find file '/Game/ThirdPersonCPP/ThirdPersonOverview'
[2016.01.26-23.47.15:828][  0]LogUObjectGlobals:Warning: Failed to find object 'Class /Game/ThirdPersonCPP/ThirdPersonOverview.ThirdPersonOverview_C'
[2016.01.26-23.47.15:862][  0]LogConsoleResponse:Display: 
[2016.01.26-23.47.15:996][  0]LogCook:Display: Done creating registry. It took  0.00s.
[2016.01.26-23.47.16:138][  0]LogFileCache: Scanning file cache for directory 'C:/Users/frederic/Documents/Unreal Projects/LostAge/Content/' took 0.01s
[2016.01.26-23.47.16:161][  0]SourceControl: Info Source control is disabled
[2016.01.26-23.47.16:162][  0]Cmd: MAP LOAD FILE="../../../../../../Users/frederic/Documents/Unreal Projects/LostAge/Content/FirstPersonCPP/Maps/MainMenu.umap" TEMPLATE=0 SHOWPROGRESS=1 FEATURELEVEL=3
[2016.01.26-23.47.16:163][  0]LightingResults: New page: Lighting Build
[2016.01.26-23.47.16:169][  0]MapCheck: New page: Map Check
[2016.01.26-23.47.16:170][  0]LightingResults: New page: Lighting Build
[2016.01.26-23.47.16:180][  0]LogParticles: Destroying 0 GPU particle simulations for FXSystem 0x000000002239AAC0
[2016.01.26-23.47.16:184][  0]LogAIModule: Creating AISystem for world MainMenu
[2016.01.26-23.47.16:185][  0]LogEditorServer: Finished looking for orphan Actors (0.000 secs)
[2016.01.26-23.47.16:186][  0]Cmd: MAP CHECKDEP NOCLEARLOG
[2016.01.26-23.47.16:228][  0]MapCheck: Info Map check complete: 0 Error(s), 0 Warning(s), took 40.766ms to complete.
[2016.01.26-23.47.16:228][  0]LogFileHelpers: Loading map 'MainMenu' took 0.066
[2016.01.26-23.47.16:341][  0]LogCollectionManager: Loaded 0 collections in 0.002163 seconds
[2016.01.26-23.47.16:384][  0]LogFileCache: Scanning file cache for directory 'C:/Users/frederic/Documents/Unreal Projects/LostAge/Saved/Collections/' took 0.01s
[2016.01.26-23.47.16:385][  0]LogFileCache: Scanning file cache for directory 'C:/Users/frederic/Documents/Unreal Projects/LostAge/Content/Developers/frederic/Collections/' took 0.01s
[2016.01.26-23.47.16:385][  0]LogFileCache: Scanning file cache for directory 'C:/Users/frederic/Documents/Unreal Projects/LostAge/Content/Collections/' took 0.01s
[2016.01.26-23.47.16:386][  0]LogContentBrowser: Native class hierarchy populated in 0.0083 seconds. Added 1875 classes and 335 folders.
[2016.01.26-23.47.16:394][  0]LogCollectionManager: Rebuilt the GUID cache for 0 collections in 0.000002 seconds
[2016.01.26-23.47.16:411][  0]LogContentBrowser: Native class hierarchy updated for 'WidgetCarousel' in 0.0029 seconds. Added 0 classes and 0 folders.
[2016.01.26-23.47.16:475][  0]LogContentBrowser: Native class hierarchy updated for 'AddContentDialog' in 0.0018 seconds. Added 0 classes and 0 folders.
[2016.01.26-23.47.16:496][  0]LogContentBrowser: Native class hierarchy updated for 'SceneOutliner' in 0.0019 seconds. Added 1 classes and 2 folders.
[2016.01.26-23.47.16:526][  0]LogCrashTracker: Crashtracker disabled due to settings.
[2016.01.26-23.47.16:530][  0]LogUObjectGlobals:Warning: Failed to find object 'Class None.'
[2016.01.26-23.47.16:553][  0]LogLoad: Full Startup: 8.05 seconds (BP compile: 0.00 seconds)
[2016.01.26-23.47.16:636][  0]LogContentStreaming: Texture pool size now 1000 MB
[2016.01.26-23.47.16:753][  1]LogAssetRegistry: Asset discovery search completed in 2.5398 seconds
[2016.01.26-23.47.16:754][  1]LogCollectionManager: Rebuilt the object cache for 0 collections in 0.000001 seconds (found 0 objects)
[2016.01.26-23.47.16:754][  1]LogCollectionManager: Fixed up redirectors for 0 collections in 0.000315 seconds (updated 0 objects)
[2016.01.26-23.47.16:780][  2]LogRenderer: Reallocating scene render targets to support 972x516 (Frame:2).
[2016.01.26-23.47.21:527][544]LogPlayLevel: PlayLevel: No blueprints needed recompiling
[2016.01.26-23.47.21:527][544]PIE: New page: PIE session: MainMenu (Jan 26, 2016, 1:47:21 PM)
[2016.01.26-23.47.21:590][544]LogPlayLevel: Creating play world package: /Game/FirstPersonCPP/Maps/UEDPIE_0_MainMenu
[2016.01.26-23.47.21:591][544]LogPlayLevel: PIE: StaticDuplicateObject took: (0.000494s)
[2016.01.26-23.47.21:592][544]LogAIModule: Creating AISystem for world MainMenu
[2016.01.26-23.47.21:592][544]LogPlayLevel: PIE: World Init took: (0.001060s)
[2016.01.26-23.47.21:593][544]LogPlayLevel: PIE: Created PIE world by copying editor world from /Game/FirstPersonCPP/Maps/MainMenu.MainMenu to /Game/FirstPersonCPP/Maps/UEDPIE_0_MainMenu.MainMenu (0.002773s)
[2016.01.26-23.47.21:615][544]LogInit: XAudio2 using 'Haut-parleurs (USB PnP Sound Device)' : 2 channels at 44.1 kHz using 16 bits per sample (channel mask 0x3)
[2016.01.26-23.47.21:619][544]LogInit: FAudioDevice initialized.
[2016.01.26-23.47.21:666][544]LogWorld: Game class is 'LostAgeGameMode'
[2016.01.26-23.47.21:886][544]LogWorld: Bringing World /Game/FirstPersonCPP/Maps/UEDPIE_0_MainMenu.MainMenu up for play (max tick rate 0) at 2016.01.26-18.47.21
[2016.01.26-23.47.21:887][544]LogActor:Warning: GameSession /Game/FirstPersonCPP/Maps/UEDPIE_0_MainMenu.MainMenu:PersistentLevel.GameSession_0 has natively added scene component(s), but none of them were set as the actor's RootComponent - picking one arbitrarily
[2016.01.26-23.47.21:887][544]LogActor:Warning: GameNetworkManager /Game/FirstPersonCPP/Maps/UEDPIE_0_MainMenu.MainMenu:PersistentLevel.GameNetworkManager_0 has natively added scene component(s), but none of them were set as the actor's RootComponent - picking one arbitrarily
[2016.01.26-23.47.21:888][544]LogWorld: Bringing up level for play took: 0.002066
[2016.01.26-23.47.21:899][544]LogVoice:Warning: Failed to initialize voice interface
[2016.01.26-23.47.21:903][544]LogOnline:Warning: NULL: Can't start an online game for session (Game) that hasn't been created
[2016.01.26-23.47.24:220][544]PIE: Info Play in editor start time for /Game/FirstPersonCPP/Maps/UEDPIE_0_MainMenu 2.496
[2016.01.26-23.47.24:234][545]LogRenderer: Reallocating scene render targets to support 1280x720 (Frame:528).
[2016.01.26-23.47.25:959][630]LogInit: WinSock: I am frederic-PC (192.168.1.103:0)
[2016.01.26-23.47.26:016][630]LogPackageName: SearchForPackageOnDisk took   0.057s to resolve FirstPersonExampleMap.umap.
[2016.01.26-23.47.26:067][630]LogPackageName: SearchForPackageOnDisk took   0.050s to resolve FirstPersonExampleMap.umap.
[2016.01.26-23.47.26:068][630]LogNet: Browse: /Game/FirstPersonCPP/Maps/FirstPersonExampleMap?listen
[2016.01.26-23.47.26:068][630]LogLoad: LoadMap: /Game/FirstPersonCPP/Maps/FirstPersonExampleMap?listen
[2016.01.26-23.47.26:084][630]LogParticles: Destroying 0 GPU particle simulations for FXSystem 0x0000000033A74AE0
[2016.01.26-23.47.26:093][630]Cmd: MEM
[2016.01.26-23.47.26:105][630]LogMemory: Platform Memory Stats for Windows
[2016.01.26-23.47.26:105][630]LogMemory: Process Physical Memory: 577.67 MB used, 591.34 MB peak
[2016.01.26-23.47.26:106][630]LogMemory: Process Virtual Memory: 1030.76 MB used, 1079.58 MB peak
[2016.01.26-23.47.26:106][630]LogMemory: Physical Memory: 8358.66 MB used, 16288.39 MB total
[2016.01.26-23.47.26:106][630]LogMemory: Virtual Memory: 1708.69 MB used, 8388608.00 MB total
[2016.01.26-23.47.26:106][630]LogMemory: 
[2016.01.26-23.47.26:107][630]Allocator Stats for TBB: (not implemented)
[2016.01.26-23.47.26:962][630]LogAIModule: Creating AISystem for world FirstPersonExampleMap
[2016.01.26-23.47.26:963][630]LogWorld: Game class is 'LostAgeGameMode'
[2016.01.26-23.47.26:964][630]LogInit: WinSock: Socket queue 131072 / 131072
[2016.01.26-23.47.26:964][630]LogNet: GameNetDriver IpNetDriver_0 IpNetDriver listening on port 7777
[2016.01.26-23.47.26:974][630]LogWorld: Bringing World /Game/FirstPersonCPP/Maps/UEDPIE_0_FirstPersonExampleMap.FirstPersonExampleMap up for play (max tick rate 0) at 2016.01.26-18.47.26
[2016.01.26-23.47.26:974][630]LogActor:Warning: GameSession /Game/FirstPersonCPP/Maps/UEDPIE_0_FirstPersonExampleMap.FirstPersonExampleMap:PersistentLevel.GameSession_1 has natively added scene component(s), but none of them were set as the actor's RootComponent - picking one arbitrarily
[2016.01.26-23.47.26:975][630]LogActor:Warning: GameNetworkManager /Game/FirstPersonCPP/Maps/UEDPIE_0_FirstPersonExampleMap.FirstPersonExampleMap:PersistentLevel.GameNetworkManager_1 has natively added scene component(s), but none of them were set as the actor's RootComponent - picking one arbitrarily
[2016.01.26-23.47.26:976][630]LogWorld: Bringing up level for play took: 0.010284
[2016.01.26-23.47.26:978][630]LogOnline:Warning: NULL: Can't start an online session (Game) in state InProgress
[2016.01.26-23.47.32:989][948]LogPackageName: SearchForPackageOnDisk took   0.053s to resolve MainMenu.umap.
[2016.01.26-23.47.33:047][949]LogPackageName: SearchForPackageOnDisk took   0.052s to resolve MainMenu.umap.
[2016.01.26-23.47.33:048][949]LogNet: Browse: /Game/FirstPersonCPP/Maps/MainMenu
[2016.01.26-23.47.33:048][949]LogLoad: LoadMap: /Game/FirstPersonCPP/Maps/MainMenu
[2016.01.26-23.47.33:049][949]LogNet: World NetDriver shutdown IpNetDriver_0 [GameNetDriver]
[2016.01.26-23.47.33:049][949]LogNet: DestroyNamedNetDriver IpNetDriver_0 [GameNetDriver]
[2016.01.26-23.47.33:049][949]LogExit: GameNetDriver IpNetDriver_0 shut down
[2016.01.26-23.47.33:062][949]LogParticles: Destroying 0 GPU particle simulations for FXSystem 0x0000000026285F8