[2016.01.27-11.50.21:928][  0]Log file open, 01/27/16 06:50:21
[2016.01.27-11.50.21:928][  0]LogInit:Display: Running engine for game: LostAge
[2016.01.27-11.50.21:928][  0]LogInit:Display: RandInit(1897682261) SRandInit(1897682262).
[2016.01.27-11.50.21:928][  0]LogTaskGraph: Started task graph with 4 named threads and 7 total threads.
[2016.01.27-11.50.21:928][  0]LogStats: Stats thread started at 0.087117
[2016.01.27-11.50.21:928][  0]LogInit: Version: 4.9.2-2707645+++depot+UE4-Releases+4.9
[2016.01.27-11.50.21:928][  0]LogInit: API Version: 2672455
[2016.01.27-11.50.21:928][  0]LogInit: Compiled (64-bit): Sep 28 2015 10:25:44
[2016.01.27-11.50.21:928][  0]LogInit: Compiled with Visual C++: 18.00.21005.01
[2016.01.27-11.50.21:928][  0]LogInit: Build Configuration: Development
[2016.01.27-11.50.21:928][  0]LogInit: Branch Name: ++depot+UE4-Releases+4.9
[2016.01.27-11.50.21:928][  0]LogInit: Command line:  /Temp/Autosaves/Game/FirstPersonCPP/Maps/UEDPCMainMenu -game -PIEVIACONSOLE -ResX=1280 -ResY=720  -Multiprocess 
[2016.01.27-11.50.21:928][  0]LogInit: Base directory: C:/Program Files/Epic Games/4.9/Engine/Binaries/Win64/
[2016.01.27-11.50.21:928][  0]LogInit: Rocket: 1
[2016.01.27-11.50.21:967][  0]LogInit: Using libcurl 7.41.0
[2016.01.27-11.50.21:967][  0]LogInit:  - built for x86_64-pc-win32
[2016.01.27-11.50.21:967][  0]LogInit:  - supports SSL with WinSSL
[2016.01.27-11.50.21:967][  0]LogInit:  - other features:
[2016.01.27-11.50.21:967][  0]LogInit:      CURL_VERSION_SSL
[2016.01.27-11.50.21:967][  0]LogInit:      CURL_VERSION_IPV6
[2016.01.27-11.50.21:967][  0]LogInit:      CURL_VERSION_ASYNCHDNS
[2016.01.27-11.50.21:968][  0]LogInit:      CURL_VERSION_LARGEFILE
[2016.01.27-11.50.21:968][  0]LogInit:      CURL_VERSION_IDN
[2016.01.27-11.50.21:968][  0]LogInit:  CurlRequestOptions (configurable via config and command line):
[2016.01.27-11.50.21:968][  0]LogInit:  - bVerifyPeer = true  - Libcurl will verify peer certificate
[2016.01.27-11.50.21:968][  0]LogInit:  - bUseHttpProxy = false  - Libcurl will NOT use HTTP proxy
[2016.01.27-11.50.21:968][  0]LogInit:  - bDontReuseConnections = false  - Libcurl will reuse connections
[2016.01.27-11.50.21:968][  0]LogInit:  - CertBundlePath = nullptr  - Libcurl will use whatever was configured at build time.
[2016.01.27-11.50.21:987][  0]LogInit: WinSock: version 1.1 (2.2), MaxSocks=32767, MaxUdp=65467
[2016.01.27-11.50.21:992][  0]LogVoice:Warning: Failed to initialize voice interface
[2016.01.27-11.50.21:996][  0]LogInit: Presizing for 0 objects not considered by GC, pre-allocating 0 bytes.
[2016.01.27-11.50.22:004][  0]LogInit: Object subsystem initialized
[2016.01.27-11.50.22:006][  0]LogInit: Selected Device Profile: [Windows]
[2016.01.27-11.50.22:006][  0]LogInit: Applying CVar settings loaded from the selected device profile: [Windows]
[2016.01.27-11.50.22:009][  0]LogInit: Computer: FREDERIC-PC
[2016.01.27-11.50.22:009][  0]LogInit: User: frederic
[2016.01.27-11.50.22:009][  0]LogInit: CPU Page size=4096, Cores=4
[2016.01.27-11.50.22:009][  0]LogInit: High frequency timer resolution =3.331220 MHz
[2016.01.27-11.50.22:009][  0]LogMemory: Memory total: Physical=15.9GB (16GB approx)
[2016.01.27-11.50.22:009][  0]LogMemory: Platform Memory Stats for Windows
[2016.01.27-11.50.22:009][  0]LogMemory: Process Physical Memory: 55.65 MB used, 55.65 MB peak
[2016.01.27-11.50.22:009][  0]LogMemory: Process Virtual Memory: 57.62 MB used, 57.62 MB peak
[2016.01.27-11.50.22:009][  0]LogMemory: Physical Memory: 7299.81 MB used, 16288.39 MB total
[2016.01.27-11.50.22:009][  0]LogMemory: Virtual Memory: 341.63 MB used, 8388608.00 MB total
[2016.01.27-11.50.22:052][  0]LogTextLocalizationManager: No translations for ('fr-CA') exist, falling back to 'en' for localization and internationalization data.
[2016.01.27-11.50.22:740][  0]LogD3D11RHI: Found D3D11 adapter 0: NVIDIA GeForce GTX 970 (Feature Level 11_0)
[2016.01.27-11.50.22:740][  0]LogD3D11RHI: Adapter has 4008MB of dedicated video memory, 0MB of dedicated system memory, and 7888MB of shared system memory, 1 output[s]
[2016.01.27-11.50.22:743][  0]LogD3D11RHI: Found D3D11 adapter 1: Intel(R) HD Graphics 3000 (Feature Level 10_0)
[2016.01.27-11.50.22:743][  0]LogD3D11RHI: Adapter has 64MB of dedicated video memory, 0MB of dedicated system memory, and 1632MB of shared system memory, 0 output[s]
[2016.01.27-11.50.22:743][  0]LogD3D11RHI: Chosen D3D11 Adapter Id = 0
[2016.01.27-11.50.22:747][  0]LogD3D11RHI: !Direct3DDevice
[2016.01.27-11.50.22:747][  0]LogRHI: Texture pool is 1361 MB (70% of 1945 MB)
[2016.01.27-11.50.22:757][  0]LogD3D11RHI: Async texture creation enabled
[2016.01.27-11.50.22:770][  0]LogShaderCompilers: Guid format shader working directory is 15 characters bigger than the processId version (../../../../../../Users/frederic/Documents/Unreal Projects/LostAge/Intermediate/Shaders/WorkingDirectory/5952/).
[2016.01.27-11.50.22:770][  0]LogShaderCompilers: Cleaned the shader compiler working directory '../../../../../../Users/frederic/Documents/Unreal Projects/LostAge/Intermediate/Shaders/tmp/C5F05DE5433EE546530B989B055533CA/'.
[2016.01.27-11.50.22:770][  0]LogShaderCompilers:Display: Using Local Shader Compiler.
[2016.01.27-11.50.23:869][  0]LogTemp:Display: Loaded TP AllDesktopTargetPlatform
[2016.01.27-11.50.23:874][  0]LogTemp:Display: Loaded TP WindowsClientTargetPlatform
[2016.01.27-11.50.23:879][  0]LogTemp:Display: Loaded TP WindowsNoEditorTargetPlatform
[2016.01.27-11.50.23:884][  0]LogTemp:Display: Loaded TP WindowsServerTargetPlatform
[2016.01.27-11.50.23:889][  0]LogTemp:Display: Loaded TP WindowsTargetPlatform
[2016.01.27-11.50.23:893][  0]LogTemp:Display: Loaded TP AndroidTargetPlatform
[2016.01.27-11.50.23:896][  0]LogTemp:Display: Loaded TP Android_ASTCTargetPlatform
[2016.01.27-11.50.23:899][  0]LogTemp:Display: Loaded TP Android_ATCTargetPlatform
[2016.01.27-11.50.23:902][  0]LogTemp:Display: Loaded TP Android_DXTTargetPlatform
[2016.01.27-11.50.23:906][  0]LogTemp:Display: Loaded TP Android_ETC1TargetPlatform
[2016.01.27-11.50.23:909][  0]LogTemp:Display: Loaded TP Android_ETC2TargetPlatform
[2016.01.27-11.50.23:912][  0]LogTemp:Display: Loaded TP Android_PVRTCTargetPlatform
[2016.01.27-11.50.23:913][  0]LogTemp:Display: Loaded TP HTML5TargetPlatform
[2016.01.27-11.50.23:929][  0]LogTemp:Display: Loaded TP IOSTargetPlatform
[2016.01.27-11.50.23:932][  0]LogTemp:Display: Loaded TP LinuxNoEditorTargetPlatform
[2016.01.27-11.50.23:935][  0]LogTemp:Display: Loaded TP LinuxServerTargetPlatform
[2016.01.27-11.50.23:938][  0]LogTemp:Display: Loaded TP LinuxTargetPlatform
[2016.01.27-11.50.23:938][  0]LogTargetPlatformManager:Display: Building Assets For Windows
[2016.01.27-11.50.24:012][  0]LogDerivedDataCache:Display: Max Cache Size: 512 MB
[2016.01.27-11.50.24:055][  0]LogDerivedDataCache: Loaded boot cache 0.04s 42MB C:/Users/frederic/AppData/Local/UnrealEngine/4.9/DerivedDataCache/Boot.ddc.
[2016.01.27-11.50.24:056][  0]LogDerivedDataCache:Display: Loaded Boot cache: C:/Users/frederic/AppData/Local/UnrealEngine/4.9/DerivedDataCache/Boot.ddc
[2016.01.27-11.50.24:056][  0]LogDerivedDataCache: FDerivedDataBackendGraph:  Pak pak cache file ../../../../../../Users/frederic/Documents/Unreal Projects/LostAge/DerivedDataCache/DDC.ddp not found, will not use a pak cache.
[2016.01.27-11.50.24:056][  0]LogDerivedDataCache: Unable to find inner node Pak for hierarchical cache Hierarchy.
[2016.01.27-11.50.24:056][  0]LogDerivedDataCache: FDerivedDataBackendGraph:  CompressedPak pak cache file ../../../../../../Users/frederic/Documents/Unreal Projects/LostAge/DerivedDataCache/Compressed.ddp not found, will not use a pak cache.
[2016.01.27-11.50.24:056][  0]LogDerivedDataCache: Unable to find inner node CompressedPak for hierarchical cache Hierarchy.
[2016.01.27-11.50.24:194][  0]LogDerivedDataCache:Display: Pak cache opened for reading ../../../Engine/DerivedDataCache/Compressed.ddp.
[2016.01.27-11.50.24:205][  0]LogDerivedDataCache: Using Local data cache path C:/Users/frederic/AppData/Local/UnrealEngine/Common/DerivedDataCache: Writable
[2016.01.27-11.50.24:376][  0]LogInit: Selected Device Profile: [Windows]
[2016.01.27-11.50.24:377][  0]LogContentStreaming: Texture pool size is 1000.000000MB
[2016.01.27-11.50.24:390][  0]LogMeshUtilities: No automatic mesh reduction module available
[2016.01.27-11.50.24:390][  0]LogMeshUtilities: No automatic mesh merging module available
[2016.01.27-11.50.24:835][  0]LogWindowsMoviePlayer: Unable to load movie: ../../../../../../Users/frederic/Documents/Unreal Projects/LostAge/Content/Movies/Default_Startup.mp4
[2016.01.27-11.50.25:089][  0]SourceControl: Info Source control is disabled
[2016.01.27-11.50.25:089][  0]SourceControl: Info Source control is disabled
[2016.01.27-11.50.25:098][  0]SourceControl: Info Source control is disabled
[2016.01.27-11.50.25:172][  0]LogLinker:Warning: Asset '../../../Engine/Plugins/Runtime/LeapMotionController/Content/LM_PassthroughMaterial.uasset' has been saved with empty engine version. The asset will be loaded but may be incompatible.
[2016.01.27-11.50.25:237][  0]LogObj: 31097 objects as part of root set at end of initial load.
[2016.01.27-11.50.25:237][  0]LogUObjectAllocator: 6985248 out of 0 bytes used by permanent object pool.
[2016.01.27-11.50.25:290][  0]LogEngine: Initializing Engine...
[2016.01.27-11.50.25:292][  0]LogHMD: Can't find Oculus library dev build: is proper Runtime installed? Version: 0.7.0.0
[2016.01.27-11.50.25:292][  0]LogHMD: SteamVR failed to initialize.  Err: 110
[2016.01.27-11.50.25:400][  0]LogInit: XAudio2 using 'Haut-parleurs (USB PnP Sound Device)' : 2 channels at 44.1 kHz using 16 bits per sample (channel mask 0x3)
[2016.01.27-11.50.25:405][  0]LogInit: FAudioDevice initialized.
[2016.01.27-11.50.25:410][  0]LogInit: Texture streaming: Enabled
[2016.01.27-11.50.25:508][  0]LogNet: Browse: /Temp/Autosaves/Game/FirstPersonCPP/Maps/UEDPCMainMenu?Name=Player
[2016.01.27-11.50.25:509][  0]LogLoad: LoadMap: /Temp/Autosaves/Game/FirstPersonCPP/Maps/UEDPCMainMenu?Name=Player
[2016.01.27-11.50.25:521][  0]LogParticles: Destroying 0 GPU particle simulations for FXSystem 0x00000000123D2B60
[2016.01.27-11.50.25:531][  0]LogMemory: Platform Memory Stats for Windows
[2016.01.27-11.50.25:531][  0]LogMemory: Process Physical Memory: 385.04 MB used, 385.04 MB peak
[2016.01.27-11.50.25:531][  0]LogMemory: Process Virtual Memory: 460.70 MB used, 460.70 MB peak
[2016.01.27-11.50.25:531][  0]LogMemory: Physical Memory: 6877.69 MB used, 16288.39 MB total
[2016.01.27-11.50.25:531][  0]LogMemory: Virtual Memory: 960.35 MB used, 8388608.00 MB total
[2016.01.27-11.50.25:531][  0]LogMemory: 
[2016.01.27-11.50.25:531][  0]Allocator Stats for TBB: (not implemented)
[2016.01.27-11.50.25:540][  0]LogAIModule: Creating AISystem for world MainMenu
[2016.01.27-11.50.25:563][  0]LogWorld: Game class is 'GameModeBP_C'
[2016.01.27-11.50.25:564][  0]LogWorld: Bringing World /Temp/Autosaves/Game/FirstPersonCPP/Maps/UEDPCMainMenu.MainMenu up for play (max tick rate 0) at 2016.01.27-06.50.25
[2016.01.27-11.50.25:564][  0]LogWorld: Bringing up level for play took: 0.000469
[2016.01.27-11.50.25:565][  0]LogOnline:Warning: NULL: Can't start an online game for session (Game) that hasn't been created
[2016.01.27-11.50.25:657][  0]LogInit:Display: Game Engine Initialized.
[2016.01.27-11.50.25:870][  0]LogLoad: Full Startup: 4.58 seconds (BP compile: 0.11 seconds)
[2016.01.27-11.50.25:968][  2]LogRenderer: Reallocating scene render targets to support 1280x720 (Frame:2).
[2016.01.27-11.50.40:393][892]LogEngine: All Windows Closed
[2016.01.27-11.50.40:393][892]LogWindows: FPlatformMisc::RequestExit(0)
[2016.01.27-11.50.41:294][893]LogExit: Preparing to exit.
[2016.01.27-11.50.41:417][893]LogExit: Game engine shut down
[2016.01.27-11.50.41:419][893]LogParticles: Destroying 0 GPU particle simulations for FXSystem 0x00000000123D34C0
[2016.01.27-11.50.41:545][893]LogExit: Object subsystem successfully closed.
[2016.01.27-11.50.41:560][893]LogD3D11RHI: Shutdown
[2016.01.27-11.50.41:560][893]LogD3D11RHI: CleanupD3DDevice
[2016.01.27-11.50.41:581][893]LogD3D11RHI: ~FD3D11DynamicRHI
[2016.01.27-11.50.41:591][893]LogModuleManager: Shutting down and abandoning module AndroidDeviceDetection (118)
[2016.01.27-11.50.41:883][893]LogModuleManager: Shutting down and abandoning module AutomationController (117)
[2016.01.27-11.50.41:883][893]LogModuleManager: Shutting down and abandoning module AutomationWorker (116)
[2016.01.27-11.50.41:883][893]LogModuleManager: Shutting down and abandoning module CharacterAI (115)
[2016.01.27-11.50.41:883][893]LogModuleManager: Shutting down and abandoning module AITestSuite (114)
[2016.01.27-11.50.41:883][893]LogModuleManager: Shutting down and abandoning module GameplayDebugger (113)
[2016.01.27-11.50.41:883][893]LogModuleManager: Shutting down and abandoning module AIModule (112)
[2016.01.27-11.50.41:883][893]LogModuleManager: Shutting down and abandoning module GameLiveStreaming (111)
[2016.01.27-11.50.41:883][893]LogModuleManager: Shutting down and abandoning module StreamingPauseRendering (110)
[2016.01.27-11.50.41:883][893]LogModuleManager: Shutting down and abandoning module ProfilerService (109)
[2016.01.27-11.50.41:995][893]LogModuleManager: Shutting down and abandoning module TaskGraph (108)
[2016.01.27-11.50.41:995][893]LogModuleManager: Shutting down and abandoning module SlateRemote (107)
[2016.01.27-11.50.41:995][893]LogModuleManager: Shutting down and abandoning module SteamVRController (106)
[2016.01.27-11.50.41:995][893]LogModuleManager: Shutting down and abandoning module SteamVR (105)
[2016.01.27-11.50.41:995][893]LogModuleManager: Shutting down and abandoning module ProceduralMeshComponent (104)
[2016.01.27-11.50.41:995][893]LogModuleManager: Shutting down and abandoning module OculusRift (103)
[2016.01.27-11.50.41:995][893]LogModuleManager: Shutting down and abandoning module OculusLibrary (102)
[2016.01.27-11.50.41:995][893]LogModuleManager: Shutting down and abandoning module LeapMotionController (101)
[2016.01.27-11.50.42:001][893]LogModuleManager: Shutting down and abandoning module CustomMeshComponent (100)
[2016.01.27-11.50.42:001][893]LogModuleManager: Shutting down and abandoning module CableComponent (99)
[2016.01.27-11.50.42:001][893]LogModuleManager: Shutting down and abandoning module ArchVisCharacter (98)
[2016.01.27-11.50.42:001][893]LogModuleManager: Shutting down and abandoning module HTML5Networking (97)
[2016.01.27-11.50.42:001][893]LogModuleManager: Shutting down and abandoning module DesktopPlatform (96)
[2016.01.27-11.50.42:001][893]LogModuleManager: Shutting down and abandoning module DirectoryWatcher (95)
[2016.01.27-11.50.42:001][893]LogModuleManager: Shutting down and abandoning module HotReload (94)
[2016.01.27-11.50.42:001][893]LogModuleManager: Shutting down and abandoning module VisualStudioSourceCodeAccess (93)
[2016.01.27-11.50.42:001][893]LogModuleManager: Shutting down and abandoning module UObjectPlugin (92)
[2016.01.27-11.50.42:001][893]LogModuleManager: Shutting down and abandoning module SubversionSourceControl (91)
[2016.01.27-11.50.42:001][893]LogModuleManager: Shutting down and abandoning module SourceControl (90)
[2016.01.27-11.50.42:001][893]LogModuleManager: Shutting down and abandoning module PerforceSourceControl (89)
[2016.01.27-11.50.42:001][893]LogModuleManager: Shutting down and abandoning module LostAge (88)
[2016.01.27-11.50.42:001][893]LogModuleManager: Shutting down and abandoning module UdpMessaging (87)
[2016.01.27-11.50.42:001][893]LogModuleManager: Shutting down and abandoning module LightPropagationVolumeRuntime (86)
[2016.01.27-11.50.42:001][893]LogModuleManager: Shutting down and abandoning module Paper2D (85)
[2016.01.27-11.50.42:001][893]LogModuleManager: Shutting down and abandoning module WindowsMoviePlayer (84)
[2016.01.27-11.50.42:003][893]LogModuleManager: Shutting down and abandoning module Media (83)
[2016.01.27-11.50.42:003][893]LogModuleManager: Shutting down and abandoning module WmfMedia (82)
[2016.01.27-11.50.42:004][893]LogModuleManager: Shutting down and abandoning module OnlineBlueprintSupport (81)
[2016.01.27-11.50.42:004][893]LogModuleManager: Shutting down and abandoning module GameplayTasksEditor (80)
[2016.01.27-11.50.42:004][893]LogModuleManager: Shutting down and abandoning module PropertyEditor (79)
[2016.01.27-11.50.42:004][893]LogModuleManager: Shutting down and abandoning module BehaviorTreeEditor (78)
[2016.01.27-11.50.42:004][893]LogModuleManager: Shutting down and abandoning module FunctionalTesting (77)
[2016.01.27-11.50.42:004][893]LogModuleManager: Shutting down and abandoning module CollisionAnalyzer (76)
[2016.01.27-11.50.42:004][893]LogModuleManager: Shutting down and abandoning module WorkspaceMenuStructure (75)
[2016.01.27-11.50.42:004][893]LogModuleManager: Shutting down and abandoning module MessageLog (74)
[2016.01.27-11.50.42:004][893]LogModuleManager: Shutting down and abandoning module Sequencer (73)
[2016.01.27-11.50.42:004][893]LogModuleManager: Shutting down and abandoning module AssetTools (72)
[2016.01.27-11.50.42:004][893]LogModuleManager: Shutting down and abandoning module UMGEditor (71)
[2016.01.27-11.50.42:004][893]LogModuleManager: Shutting down and abandoning module UMG (70)
[2016.01.27-11.50.42:004][893]LogModuleManager: Shutting down and abandoning module Slate (69)
[2016.01.27-11.50.42:004][893]LogModuleManager: Shutting down and abandoning module EditorStyle (68)
[2016.01.27-11.50.42:005][893]LogModuleManager: Shutting down and abandoning module SessionServices (67)
[2016.01.27-11.50.42:005][893]LogModuleManager: Shutting down and abandoning module SourceCodeAccess (66)
[2016.01.27-11.50.42:005][893]LogModuleManager: Shutting down and abandoning module HeadMountedDisplay (65)
[2016.01.27-11.50.42:005][893]LogModuleManager: Shutting down and abandoning module XAudio2 (64)
[2016.01.27-11.50.42:005][893]LogModuleManager: Shutting down and abandoning module Networking (63)
[2016.01.27-11.50.42:005][893]LogModuleManager: Shutting down and abandoning module Core (62)
[2016.01.27-11.50.42:005][893]LogModuleManager: Shutting down and abandoning module KismetCompiler (61)
[2016.01.27-11.50.42:005][893]LogModuleManager: Shutting down and abandoning module PhysXFormats (60)
[2016.01.27-11.50.42:005][893]LogModuleManager: Shutting down and abandoning module MeshUtilities (59)
[2016.01.27-11.50.42:005][893]LogModuleManager: Shutting down and abandoning module CookingStats (58)
[2016.01.27-11.50.42:006][893]LogModuleManager: Shutting down and abandoning module DerivedDataCache (57)
[2016.01.27-11.50.42:196][893]LogDerivedDataCache: Shutdown
[2016.01.27-11.50.42:196][893]LogModuleManager: Shutting down and abandoning module ShaderFormatOpenGL (56)
[2016.01.27-11.50.42:196][893]LogModuleManager: Shutting down and abandoning module ShaderFormatD3D (55)
[2016.01.27-11.50.42:196][893]LogModuleManager: Shutting down and abandoning module MetalShaderFormat (54)
[2016.01.27-11.50.42:196][893]LogModuleManager: Shutting down and abandoning module TextureFormatUncompressed (53)
[2016.01.27-11.50.42:196][893]LogModuleManager: Shutting down and abandoning module TextureFormatPVR (52)
[2016.01.27-11.50.42:196][893]LogModuleManager: Shutting down and abandoning module TextureFormatIntelISPCTexComp (51)
[2016.01.27-11.50.42:196][893]LogModuleManager: Shutting down and abandoning module TextureFormatDXT (50)
[2016.01.27-11.50.42:196][893]LogModuleManager: Shutting down and abandoning module ImageWrapper (49)
[2016.01.27-11.50.42:196][893]LogModuleManager: Shutting down and abandoning module TextureFormatASTC (48)
[2016.01.27-11.50.42:196][893]LogModuleManager: Shutting down and abandoning module TextureFormatAndroid (47)
[2016.01.27-11.50.42:196][893]LogModuleManager: Shutting down and abandoning module AudioFormatOpus (46)
[2016.01.27-11.50.42:196][893]LogModuleManager: Shutting down and abandoning module AudioFormatOgg (45)
[2016.01.27-11.50.42:196][893]LogModuleManager: Shutting down and abandoning module AudioFormatADPCM (44)
[2016.01.27-11.50.42:196][893]LogModuleManager: Shutting down and abandoning module LinuxTargetPlatform (43)
[2016.01.27-11.50.42:196][893]LogModuleManager: Shutting down and abandoning module LinuxServerTargetPlatform (42)
[2016.01.27-11.50.42:208][893]LogModuleManager: Shutting down and abandoning module LinuxNoEditorTargetPlatform (41)
[2016.01.27-11.50.42:208][893]LogModuleManager: Shutting down and abandoning module Messaging (40)
[2016.01.27-11.50.42:208][893]LogModuleManager: Shutting down and abandoning module IOSTargetPlatform (39)
[2016.01.27-11.50.42:208][893]LogModuleManager: Shutting down and abandoning module HTML5TargetPlatform (38)
[2016.01.27-11.50.42:208][893]LogModuleManager: Shutting down and abandoning module Android_PVRTCTargetPlatform (37)
[2016.01.27-11.50.42:208][893]LogModuleManager: Shutting down and abandoning module Android_ETC2TargetPlatform (36)
[2016.01.27-11.50.42:208][893]LogModuleManager: Shutting down and abandoning module Android_ETC1TargetPlatform (35)
[2016.01.27-11.50.42:208][893]LogModuleManager: Shutting down and abandoning module Android_DXTTargetPlatform (34)
[2016.01.27-11.50.42:208][893]LogModuleManager: Shutting down and abandoning module Android_ATCTargetPlatform (33)
[2016.01.27-11.50.42:208][893]LogModuleManager: Shutting down and abandoning module Android_ASTCTargetPlatform (32)
[2016.01.27-11.50.42:208][893]LogModuleManager: Shutting down and abandoning module AndroidTargetPlatform (31)
[2016.01.27-11.50.42:208][893]LogModuleManager: Shutting down and abandoning module WindowsTargetPlatform (30)
[2016.01.27-11.50.42:208][893]LogModuleManager: Shutting down and abandoning module WindowsServerTargetPlatform (29)
[2016.01.27-11.50.42:208][893]LogModuleManager: Shutting down and abandoning module WindowsNoEditorTargetPlatform (28)
[2016.01.27-11.50.42:208][893]LogModuleManager: Shutting down and abandoning module WindowsClientTargetPlatform (27)
[2016.01.27-11.50.42:208][893]LogModuleManager: Shutting down and abandoning module AllDesktopTargetPlatform (26)
[2016.01.27-11.50.42:208][893]LogModuleManager: Shutting down and abandoning module TargetPlatform (25)
[2016.01.27-11.50.42:208][893]LogModuleManager: Shutting down and abandoning module InputCore (24)
[2016.01.27-11.50.42:208][893]LogModuleManager: Shutting down and abandoning module Settings (23)
[2016.01.27-11.50.42:208][893]LogModuleManager: Shutting down and abandoning module Voice (21)
[2016.01.27-11.50.42:208][893]LogModuleManager: Shutting down and abandoning module OnlineSubsystem (18)
[2016.01.27-11.50.42:208][893]LogOnline:Display: NULL: FOnlineSubsystemNull::Shutdown()
[2016.01.27-11.50.42:209][893]LogOnline:Display: Unloading online subsystem: Null
[2016.01.27-11.50.42:209][893]LogModuleManager: Shutting down and abandoning module HTTP (17)
[2016.01.27-11.50.42:209][893]LogModuleManager: Shutting down and abandoning module XMPP (16)
[2016.01.27-11.50.42:209][893]LogModuleManager: Shutting down and abandoning module ExampleDeviceProfileSelector (15)
[2016.01.27-11.50.42:209][893]LogModuleManager: Shutting down and abandoning module TextureCompressor (14)
[2016.01.27-11.50.42:209][893]LogModuleManager: Shutting down and abandoning module ShaderCore (13)
[2016.01.27-11.50.42:209][893]LogModuleManager: Shutting down and abandoning module Landscape (12)
[2016.01.27-11.50.42:209][893]LogModuleManager: Shutting down and abandoning module SlateRHIRenderer (11)
[2016.01.27-11.50.42:209][893]LogModuleManager: Shutting down and abandoning module OpenGLDrv (10)
[2016.01.27-11.50.42:209][893]LogModuleManager: Shutting down and abandoning module D3D11RHI (9)
[2016.01.27-11.50.42:209][893]LogModuleManager: Shutting down and abandoning module AnimGraphRuntime (8)
[2016.01.27-11.50.42:209][893]LogModuleManager: Shutting down and abandoning module Renderer (7)
[2016.01.27-11.50.42:209][893]LogModuleManager: Shutting down and abandoning module Engine (6)
[2016.01.27-11.50.42:209][893]LogModuleManager: Shutting down and abandoning module CoreUObject (5)
[2016.01.27-11.50.42:209][893]LogModuleManager: Shutting down and abandoning module NetworkFile (4)
[2016.01.27-11.50.42:209][893]LogModuleManager: Shutting down and abandoning module StreamingFile (3)
[2016.01.27-11.50.42:209][893]LogModuleManager: Shutting down and abandoning module SandboxFile (2)
[2016.01.27-11.50.42:209][893]LogModuleManager: Shutting down and abandoning module PakFile (1)
[2016.01.27-11.50.42:209][893]LogExit: Exiting.
[2016.01.27-11.50.42:210][893]Log file closed, 01/27/16 06:50:42
