[2016.01.26-22.23.01:720][  0]Log file open, 01/26/16 17:23:01
[2016.01.26-22.23.01:720][  0]LogInit:Display: Running engine for game: LostAge
[2016.01.26-22.23.01:721][  0]LogInit:Display: RandInit(1350681009) SRandInit(1350681009).
[2016.01.26-22.23.01:721][  0]LogTaskGraph: Started task graph with 4 named threads and 7 total threads.
[2016.01.26-22.23.01:722][  0]LogStats: Stats thread started at 0.171357
[2016.01.26-22.23.01:722][  0]LogInit: Version: 4.9.2-2707645+++depot+UE4-Releases+4.9
[2016.01.26-22.23.01:722][  0]LogInit: API Version: 2672455
[2016.01.26-22.23.01:723][  0]LogInit: Compiled (64-bit): Sep 28 2015 10:25:44
[2016.01.26-22.23.01:723][  0]LogInit: Compiled with Visual C++: 18.00.21005.01
[2016.01.26-22.23.01:723][  0]LogInit: Build Configuration: Development
[2016.01.26-22.23.01:724][  0]LogInit: Branch Name: ++depot+UE4-Releases+4.9
[2016.01.26-22.23.01:724][  0]LogInit: Command line: 
[2016.01.26-22.23.01:724][  0]LogInit: Base directory: C:/Program Files/Epic Games/4.9/Engine/Binaries/Win64/
[2016.01.26-22.23.01:724][  0]LogInit: Rocket: 1
[2016.01.26-22.23.01:766][  0]LogInit: Using libcurl 7.41.0
[2016.01.26-22.23.01:766][  0]LogInit:  - built for x86_64-pc-win32
[2016.01.26-22.23.01:766][  0]LogInit:  - supports SSL with WinSSL
[2016.01.26-22.23.01:767][  0]LogInit:  - other features:
[2016.01.26-22.23.01:767][  0]LogInit:      CURL_VERSION_SSL
[2016.01.26-22.23.01:768][  0]LogInit:      CURL_VERSION_IPV6
[2016.01.26-22.23.01:768][  0]LogInit:      CURL_VERSION_ASYNCHDNS
[2016.01.26-22.23.01:768][  0]LogInit:      CURL_VERSION_LARGEFILE
[2016.01.26-22.23.01:769][  0]LogInit:      CURL_VERSION_IDN
[2016.01.26-22.23.01:769][  0]LogInit:  CurlRequestOptions (configurable via config and command line):
[2016.01.26-22.23.01:769][  0]LogInit:  - bVerifyPeer = true  - Libcurl will verify peer certificate
[2016.01.26-22.23.01:769][  0]LogInit:  - bUseHttpProxy = false  - Libcurl will NOT use HTTP proxy
[2016.01.26-22.23.01:770][  0]LogInit:  - bDontReuseConnections = false  - Libcurl will reuse connections
[2016.01.26-22.23.01:770][  0]LogInit:  - CertBundlePath = nullptr  - Libcurl will use whatever was configured at build time.
[2016.01.26-22.23.01:837][  0]LogInit: WinSock: version 1.1 (2.2), MaxSocks=32767, MaxUdp=65467
[2016.01.26-22.23.01:854][  0]LogVoice:Warning: Failed to initialize voice interface
[2016.01.26-22.23.01:861][  0]LogInit: Presizing for 0 objects not considered by GC, pre-allocating 0 bytes.
[2016.01.26-22.23.01:872][  0]LogInit: Object subsystem initialized
[2016.01.26-22.23.01:875][  0]LogInit: Selected Device Profile: [Windows]
[2016.01.26-22.23.01:875][  0]LogInit: Applying CVar settings loaded from the selected device profile: [Windows]
[2016.01.26-22.23.01:883][  0]LogInit: Computer: FREDERIC-PC
[2016.01.26-22.23.01:884][  0]LogInit: User: frederic
[2016.01.26-22.23.01:884][  0]LogInit: CPU Page size=4096, Cores=4
[2016.01.26-22.23.01:884][  0]LogInit: High frequency timer resolution =3.331240 MHz
[2016.01.26-22.23.01:885][  0]LogMemory: Memory total: Physical=15.9GB (16GB approx)
[2016.01.26-22.23.01:885][  0]LogMemory: Platform Memory Stats for Windows
[2016.01.26-22.23.01:885][  0]LogMemory: Process Physical Memory: 54.79 MB used, 54.79 MB peak
[2016.01.26-22.23.01:886][  0]LogMemory: Process Virtual Memory: 55.75 MB used, 55.75 MB peak
[2016.01.26-22.23.01:886][  0]LogMemory: Physical Memory: 9972.36 MB used, 16288.39 MB total
[2016.01.26-22.23.01:886][  0]LogMemory: Virtual Memory: 337.63 MB used, 8388608.00 MB total
[2016.01.26-22.23.01:972][  0]LogTextLocalizationManager: No translations for ('fr-CA') exist, falling back to 'en' for localization and internationalization data.
[2016.01.26-22.23.02:855][  0]LogD3D11RHI: Found D3D11 adapter 0: NVIDIA GeForce GTX 970 (Feature Level 11_0)
[2016.01.26-22.23.02:855][  0]LogD3D11RHI: Adapter has 4008MB of dedicated video memory, 0MB of dedicated system memory, and 7888MB of shared system memory, 1 output[s]
[2016.01.26-22.23.02:863][  0]LogD3D11RHI: Found D3D11 adapter 1: Intel(R) HD Graphics 3000 (Feature Level 10_0)
[2016.01.26-22.23.02:863][  0]LogD3D11RHI: Adapter has 64MB of dedicated video memory, 0MB of dedicated system memory, and 1632MB of shared system memory, 0 output[s]
[2016.01.26-22.23.02:864][  0]LogD3D11RHI: Chosen D3D11 Adapter Id = 0
[2016.01.26-22.23.02:868][  0]LogD3D11RHI: !Direct3DDevice
[2016.01.26-22.23.02:869][  0]LogRHI: Texture pool is 1361 MB (70% of 1945 MB)
[2016.01.26-22.23.02:934][  0]LogD3D11RHI: Async texture creation enabled
[2016.01.26-22.23.02:950][  0]LogShaderCompilers: Guid format shader working directory is 15 characters bigger than the processId version (../../../../../../Users/frederic/Documents/Unreal Projects/LostAge/Intermediate/Shaders/WorkingDirectory/6940/).
[2016.01.26-22.23.02:950][  0]LogShaderCompilers: Cleaned the shader compiler working directory '../../../../../../Users/frederic/Documents/Unreal Projects/LostAge/Intermediate/Shaders/tmp/6A60C45B4F8B93634E639CA6D59B4B2B/'.
[2016.01.26-22.23.02:951][  0]LogShaderCompilers:Display: Using Local Shader Compiler.
[2016.01.26-22.23.04:289][  0]LogTemp:Display: Loaded TP AllDesktopTargetPlatform
[2016.01.26-22.23.04:312][  0]LogTemp:Display: Loaded TP WindowsClientTargetPlatform
[2016.01.26-22.23.04:333][  0]LogTemp:Display: Loaded TP WindowsNoEditorTargetPlatform
[2016.01.26-22.23.04:359][  0]LogTemp:Display: Loaded TP WindowsServerTargetPlatform
[2016.01.26-22.23.04:380][  0]LogTemp:Display: Loaded TP WindowsTargetPlatform
[2016.01.26-22.23.04:388][  0]LogTemp:Display: Loaded TP AndroidTargetPlatform
[2016.01.26-22.23.04:396][  0]LogTemp:Display: Loaded TP Android_ASTCTargetPlatform
[2016.01.26-22.23.04:403][  0]LogTemp:Display: Loaded TP Android_ATCTargetPlatform
[2016.01.26-22.23.04:412][  0]LogTemp:Display: Loaded TP Android_DXTTargetPlatform
[2016.01.26-22.23.04:422][  0]LogTemp:Display: Loaded TP Android_ETC1TargetPlatform
[2016.01.26-22.23.04:431][  0]LogTemp:Display: Loaded TP Android_ETC2TargetPlatform
[2016.01.26-22.23.04:439][  0]LogTemp:Display: Loaded TP Android_PVRTCTargetPlatform
[2016.01.26-22.23.04:444][  0]LogTemp:Display: Loaded TP HTML5TargetPlatform
[2016.01.26-22.23.04:481][  0]LogTemp:Display: Loaded TP IOSTargetPlatform
[2016.01.26-22.23.04:490][  0]LogTemp:Display: Loaded TP LinuxNoEditorTargetPlatform
[2016.01.26-22.23.04:497][  0]LogTemp:Display: Loaded TP LinuxServerTargetPlatform
[2016.01.26-22.23.04:505][  0]LogTemp:Display: Loaded TP LinuxTargetPlatform
[2016.01.26-22.23.04:506][  0]LogTargetPlatformManager:Display: Building Assets For Windows
[2016.01.26-22.23.04:770][  0]LogDerivedDataCache:Display: Max Cache Size: 512 MB
[2016.01.26-22.23.04:817][  0]LogDerivedDataCache: Loaded boot cache 0.05s 41MB C:/Users/frederic/AppData/Local/UnrealEngine/4.9/DerivedDataCache/Boot.ddc.
[2016.01.26-22.23.04:817][  0]LogDerivedDataCache:Display: Loaded Boot cache: C:/Users/frederic/AppData/Local/UnrealEngine/4.9/DerivedDataCache/Boot.ddc
[2016.01.26-22.23.04:818][  0]LogDerivedDataCache: FDerivedDataBackendGraph:  Pak pak cache file ../../../../../../Users/frederic/Documents/Unreal Projects/LostAge/DerivedDataCache/DDC.ddp not found, will not use a pak cache.
[2016.01.26-22.23.04:818][  0]LogDerivedDataCache: Unable to find inner node Pak for hierarchical cache Hierarchy.
[2016.01.26-22.23.04:818][  0]LogDerivedDataCache: FDerivedDataBackendGraph:  CompressedPak pak cache file ../../../../../../Users/frederic/Documents/Unreal Projects/LostAge/DerivedDataCache/Compressed.ddp not found, will not use a pak cache.
[2016.01.26-22.23.04:819][  0]LogDerivedDataCache: Unable to find inner node CompressedPak for hierarchical cache Hierarchy.
[2016.01.26-22.23.04:982][  0]LogDerivedDataCache:Display: Pak cache opened for reading ../../../Engine/DerivedDataCache/Compressed.ddp.
[2016.01.26-22.23.04:994][  0]LogDerivedDataCache: Using Local data cache path C:/Users/frederic/AppData/Local/UnrealEngine/Common/DerivedDataCache: Writable
[2016.01.26-22.23.05:213][  0]LogInit: Selected Device Profile: [Windows]
[2016.01.26-22.23.05:215][  0]LogContentStreaming: Texture pool size is 0.000000MB
[2016.01.26-22.23.05:261][  0]LogMeshUtilities: No automatic mesh reduction module available
[2016.01.26-22.23.05:261][  0]LogMeshUtilities: No automatic mesh merging module available
[2016.01.26-22.23.06:960][  0]UdpMessaging: Initializing bridge on interface 0.0.0.0:0 to multicast group 230.0.0.1:6666.
[2016.01.26-22.23.11:011][  0]LogAssetRegistry: FAssetRegistry took 0.0110 seconds to start up
[2016.01.26-22.23.11:430][  0]SourceControl: Info Source control is disabled
[2016.01.26-22.23.11:431][  0]SourceControl: Info Source control is disabled
[2016.01.26-22.23.11:451][  0]SourceControl: Info Source control is disabled
[2016.01.26-22.23.11:478][  0]SourceControl: Info Source control is disabled
[2016.01.26-22.23.11:680][  0]LogLinker:Warning: Asset '../../../Engine/Plugins/Runtime/LeapMotionController/Content/LM_PassthroughMaterial.uasset' has been saved with empty engine version. The asset will be loaded but may be incompatible.
[2016.01.26-22.23.11:786][  0]LogObj: 28402 objects as part of root set at end of initial load.
[2016.01.26-22.23.11:786][  0]LogUObjectAllocator: 6067872 out of 0 bytes used by permanent object pool.
[2016.01.26-22.23.11:885][  0]LogEngine: Initializing Engine...
[2016.01.26-22.23.11:888][  0]LogHMD: Can't find Oculus library dev build: is proper Runtime installed? Version: 0.7.0.0
[2016.01.26-22.23.11:891][  0]LogHMD: SteamVR failed to initialize.  Err: 110
[2016.01.26-22.23.12:057][  0]LogAIModule: Creating AISystem for world NewWorld
[2016.01.26-22.23.12:079][  0]LogInit: XAudio2 using 'Haut-parleurs (USB PnP Sound Device)' : 2 channels at 44.1 kHz using 16 bits per sample (channel mask 0x3)
[2016.01.26-22.23.12:088][  0]LogInit: FAudioDevice initialized.
[2016.01.26-22.23.12:110][  0]LogDerivedDataCache: Saved boot cache 0.02s 41MB C:/Users/frederic/AppData/Local/UnrealEngine/4.9/DerivedDataCache/Boot.ddc.
[2016.01.26-22.23.12:117][  0]LogInit: Texture streaming: Enabled
[2016.01.26-22.23.12:138][  0]LogAnalytics: Creating configured Analytics provider AnalyticsET
[2016.01.26-22.23.12:139][  0]LogAnalytics: [UEEditor.Rocket.Release] APIServer = http://et2.epicgames.com/ET2/. AppVersion = 4.9.2-2707645+++depot+UE4-Releases+4.9
[2016.01.26-22.23.12:139][  0]LogAnalytics: [UEEditor.Rocket.Release] SetUserId c8da8d664a36a98701fe659c10ae4ff8|70626fa7f476448fb82ad9618fbbb1ab|00e7fb16-00c3-4af4-a2a1-2cc8013aae38
[2016.01.26-22.23.12:139][  0]LogAnalytics: [UEEditor.Rocket.Release] AnalyticsET::StartSession
[2016.01.26-22.23.12:160][  0]LogInit: Transaction tracking system initialized
[2016.01.26-22.23.12:294][  0]BlueprintLog: New page: Editor Load
[2016.01.26-22.23.12:746][  0]LocalizationService: Info Localization service is disabled
[2016.01.26-22.23.12:945][  0]LogLinker:Warning: Can't find file '/Game/ThirdPersonCPP/ThirdPersonOverview'
[2016.01.26-22.23.12:946][  0]LogLinker:Warning: Can't find file '/Game/ThirdPersonCPP/ThirdPersonOverview'
[2016.01.26-22.23.12:946][  0]LogUObjectGlobals:Warning: Failed to find object 'Class /Game/ThirdPersonCPP/ThirdPersonOverview.ThirdPersonOverview_C'
[2016.01.26-22.23.12:983][  0]LogConsoleResponse:Display: 
[2016.01.26-22.23.13:128][  0]LogCook:Display: Done creating registry. It took  0.00s.
[2016.01.26-22.23.13:352][  0]LogFileCache: Scanning file cache for directory 'C:/Users/frederic/Documents/Unreal Projects/LostAge/Content/' took 0.01s
[2016.01.26-22.23.13:353][  0]SourceControl: Info Source control is disabled
[2016.01.26-22.23.13:353][  0]Cmd: MAP LOAD FILE="../../../../../../Users/frederic/Documents/Unreal Projects/LostAge/Content/FirstPersonCPP/Maps/MainMenu.umap" TEMPLATE=0 SHOWPROGRESS=1 FEATURELEVEL=3
[2016.01.26-22.23.13:354][  0]LightingResults: New page: Lighting Build
[2016.01.26-22.23.13:360][  0]MapCheck: New page: Map Check
[2016.01.26-22.23.13:360][  0]LightingResults: New page: Lighting Build
[2016.01.26-22.23.13:374][  0]LogParticles: Destroying 0 GPU particle simulations for FXSystem 0x000000002289EAC0
[2016.01.26-22.23.13:379][  0]LogAIModule: Creating AISystem for world MainMenu
[2016.01.26-22.23.13:381][  0]LogEditorServer: Finished looking for orphan Actors (0.000 secs)
[2016.01.26-22.23.13:383][  0]Cmd: MAP CHECKDEP NOCLEARLOG
[2016.01.26-22.23.13:427][  0]MapCheck: Info Map check complete: 0 Error(s), 0 Warning(s), took 43.941ms to complete.
[2016.01.26-22.23.13:428][  0]LogFileHelpers: Loading map 'MainMenu' took 0.075
[2016.01.26-22.23.13:564][  0]LogCollectionManager: Loaded 0 collections in 0.002898 seconds
[2016.01.26-22.23.13:615][  0]LogFileCache: Scanning file cache for directory 'C:/Users/frederic/Documents/Unreal Projects/LostAge/Saved/Collections/' took 0.01s
[2016.01.26-22.23.13:616][  0]LogFileCache: Scanning file cache for directory 'C:/Users/frederic/Documents/Unreal Projects/LostAge/Content/Developers/frederic/Collections/' took 0.01s
[2016.01.26-22.23.13:616][  0]LogFileCache: Scanning file cache for directory 'C:/Users/frederic/Documents/Unreal Projects/LostAge/Content/Collections/' took 0.01s
[2016.01.26-22.23.13:616][  0]LogContentBrowser: Native class hierarchy populated in 0.0149 seconds. Added 1875 classes and 335 folders.
[2016.01.26-22.23.13:627][  0]LogCollectionManager: Rebuilt the GUID cache for 0 collections in 0.000003 seconds
[2016.01.26-22.23.13:647][  0]LogContentBrowser: Native class hierarchy updated for 'WidgetCarousel' in 0.0048 seconds. Added 0 classes and 0 folders.
[2016.01.26-22.23.13:729][  0]LogContentBrowser: Native class hierarchy updated for 'AddContentDialog' in 0.0029 seconds. Added 0 classes and 0 folders.
[2016.01.26-22.23.13:754][  0]LogContentBrowser: Native class hierarchy updated for 'SceneOutliner' in 0.0018 seconds. Added 1 classes and 2 folders.
[2016.01.26-22.23.13:795][  0]LogCrashTracker: Crashtracker disabled due to settings.
[2016.01.26-22.23.13:800][  0]LogUObjectGlobals:Warning: Failed to find object 'Class None.'
[2016.01.26-22.23.13:822][  0]LogLoad: Full Startup: 13.26 seconds (BP compile: 0.00 seconds)
[2016.01.26-22.23.13:897][  0]LogContentStreaming: Texture pool size now 1000 MB
[2016.01.26-22.23.14:033][  1]LogRenderer: Reallocating scene render targets to support 944x484 (Frame:2).
[2016.01.26-22.23.14:226][  2]LogAssetRegistry: Asset discovery search completed in 3.2257 seconds
[2016.01.26-22.23.14:226][  2]LogCollectionManager: Rebuilt the object cache for 0 collections in 0.000001 seconds (found 0 objects)
[2016.01.26-22.23.14:227][  2]LogCollectionManager: Fixed up redirectors for 0 collections in 0.000403 seconds (updated 0 objects)
[2016.01.26-22.23.17:725][395]LogSavePackage: Save=9.730911ms
[2016.01.26-22.23.17:726][395]LogSavePackage: Moving '../../../../../../Users/frederic/Documents/Unreal Projects/LostAge/Saved/UEDPCMainMenu78BDACE74E88FDB038F35A8CB12BD51F.tmp' to '../../../../../../Users/frederic/Documents/Unreal Projects/LostAge/Saved/Autosaves/Game/FirstPersonCPP/Maps/UEDPCMainMenu.umap'
[2016.01.26-22.23.17:729][395]LogSavePackage: Total save time: 19.269399ms
[2016.01.26-22.23.17:729][395]LogSavePackage:Warning: Finished SavePackage ../../../../../../Users/frederic/Documents/Unreal Projects/LostAge/Saved/Autosaves/Game/FirstPersonCPP/Maps/UEDPCMainMenu.umap
[2016.01.26-22.24.41:497][101]Cmd: QUIT_EDITOR
[2016.01.26-22.24.41:788][101]LogExit: Preparing to exit.
[2016.01.26-22.24.42:809][101]LogExit: Editor shut down
[2016.01.26-22.24.42:810][101]LogExit: Transaction tracking system shut down
[2016.01.26-22.24.42:811][101]LogParticles: Destroying 0 GPU particle simulations for FXSystem 0x000000000F419760
[2016.01.26-22.24.42:812][101]LogParticles: Destroying 0 GPU particle simulations for FXSystem 0x000000001DE73B00
[2016.01.26-22.24.42:937][101]LogExit: Object subsystem successfully closed.
[2016.01.26-22.24.42:959][101]LogD3D11RHI: Shutdown
[2016.01.26-22.24.42:960][101]LogD3D11RHI: CleanupD3DDevice
[2016.01.26-22.24.43:104][101]LogD3D11RHI: ~FD3D11DynamicRHI
[2016.01.26-22.24.43:124][101]LogModuleManager: Shutting down and abandoning module CrashTracker (200)
[2016.01.26-22.24.43:124][101]LogModuleManager: Shutting down and abandoning module SceneOutliner (199)
[2016.01.26-22.24.43:124][101]LogModuleManager: Shutting down and abandoning module SuperSearch (198)
[2016.01.26-22.24.43:125][101]LogModuleManager: Shutting down and abandoning module WidgetCarousel (197)
[2016.01.26-22.24.43:125][101]LogModuleManager: Shutting down and abandoning module AddContentDialog (196)
[2016.01.26-22.24.43:126][101]LogModuleManager: Shutting down and abandoning module EditorWidgets (195)
[2016.01.26-22.24.43:127][101]LogModuleManager: Shutting down and abandoning module CollectionManager (194)
[2016.01.26-22.24.43:127][101]LogModuleManager: Shutting down and abandoning module StatsViewer (193)
[2016.01.26-22.24.43:128][101]LogModuleManager: Shutting down and abandoning module FoliageEdit (192)
[2016.01.26-22.24.43:128][101]LogModuleManager: Shutting down and abandoning module LandscapeEditor (191)
[2016.01.26-22.24.43:128][101]LogModuleManager: Shutting down and abandoning module ActorPickerMode (190)
[2016.01.26-22.24.43:129][101]LogModuleManager: Shutting down and abandoning module GeometryMode (189)
[2016.01.26-22.24.43:129][101]LogModuleManager: Shutting down and abandoning module TextureAlignMode (188)
[2016.01.26-22.24.43:129][101]LogModuleManager: Shutting down and abandoning module BspMode (187)
[2016.01.26-22.24.43:129][101]LogModuleManager: Shutting down and abandoning module PlacementMode (186)
[2016.01.26-22.24.43:130][101]LogModuleManager: Shutting down and abandoning module AutomationWorker (185)
[2016.01.26-22.24.43:130][101]LogModuleManager: Shutting down and abandoning module CharacterAI (184)
[2016.01.26-22.24.43:130][101]LogModuleManager: Shutting down and abandoning module SmartSnapping (183)
[2016.01.26-22.24.43:131][101]LogModuleManager: Shutting down and abandoning module ViewportSnapping (182)
[2016.01.26-22.24.43:131][101]LogModuleManager: Shutting down and abandoning module LogVisualizer (181)
[2016.01.26-22.24.43:131][101]LogModuleManager: Shutting down and abandoning module GameProjectGeneration (180)
[2016.01.26-22.24.43:132][101]LogModuleManager: Shutting down and abandoning module IntroTutorials (179)
[2016.01.26-22.24.43:132][101]LogModuleManager: Shutting down and abandoning module EditorLiveStreaming (178)
[2016.01.26-22.24.43:132][101]LogModuleManager: Shutting down and abandoning module IOSPlatformEditor (177)
[2016.01.26-22.24.43:133][101]LogModuleManager: Shutting down and abandoning module HTML5PlatformEditor (176)
[2016.01.26-22.24.43:133][101]LogModuleManager: Shutting down and abandoning module AndroidDeviceDetection (175)
[2016.01.26-22.24.43:869][101]LogModuleManager: Shutting down and abandoning module AndroidPlatformEditor (174)
[2016.01.26-22.24.43:870][101]LogModuleManager: Shutting down and abandoning module IOSRuntimeSettings (173)
[2016.01.26-22.24.43:870][101]LogModuleManager: Shutting down and abandoning module AndroidRuntimeSettings (172)
[2016.01.26-22.24.43:870][101]LogModuleManager: Shutting down and abandoning module MergeActors (171)
[2016.01.26-22.24.43:870][101]LogModuleManager: Shutting down and abandoning module SizeMap (170)
[2016.01.26-22.24.43:871][101]LogModuleManager: Shutting down and abandoning module TreeMap (169)
[2016.01.26-22.24.43:871][101]LogModuleManager: Shutting down and abandoning module ReferenceViewer (168)
[2016.01.26-22.24.43:871][101]LogModuleManager: Shutting down and abandoning module LocalizationService (167)
[2016.01.26-22.24.43:872][101]LogModuleManager: Shutting down and abandoning module LocalizationDashboard (166)
[2016.01.26-22.24.43:872][101]LogModuleManager: Shutting down and abandoning module HardwareTargeting (165)
[2016.01.26-22.24.43:872][101]LogModuleManager: Shutting down and abandoning module DeviceProfileEditor (164)
[2016.01.26-22.24.43:873][101]LogModuleManager: Shutting down and abandoning module UndoHistory (163)
[2016.01.26-22.24.43:873][101]LogModuleManager: Shutting down and abandoning module GameplayTagsEditor (162)
[2016.01.26-22.24.43:873][101]LogModuleManager: Shutting down and abandoning module UserFeedback (161)
[2016.01.26-22.24.43:874][101]LogModuleManager: Shutting down and abandoning module XmlParser (160)
[2016.01.26-22.24.43:874][101]LogModuleManager: Shutting down and abandoning module Blutility (159)
[2016.01.26-22.24.43:874][101]LogModuleManager: Shutting down and abandoning module ProjectTargetPlatformEditor (158)
[2016.01.26-22.24.43:875][101]LogModuleManager: Shutting down and abandoning module ProjectSettingsViewer (157)
[2016.01.26-22.24.43:875][101]LogModuleManager: Shutting down and abandoning module InputBindingEditor (156)
[2016.01.26-22.24.43:875][101]LogModuleManager: Shutting down and abandoning module EditorSettingsViewer (155)
[2016.01.26-22.24.43:876][101]LogModuleManager: Shutting down and abandoning module SettingsEditor (154)
[2016.01.26-22.24.43:876][101]LogModuleManager: Shutting down and abandoning module ProjectLauncher (153)
[2016.01.26-22.24.43:876][101]LogModuleManager: Shutting down and abandoning module SessionFrontend (152)
[2016.01.26-22.24.43:876][101]LogModuleManager: Shutting down and abandoning module ProfilerClient (151)
[2016.01.26-22.24.43:877][101]LogModuleManager: Shutting down and abandoning module TargetDeviceServices (150)
[2016.01.26-22.24.43:877][101]LogModuleManager: Shutting down and abandoning module DeviceManager (149)
[2016.01.26-22.24.43:877][101]LogModuleManager: Shutting down and abandoning module AutomationController (148)
[2016.01.26-22.24.43:877][101]LogModuleManager: Shutting down and abandoning module AutomationWindow (147)
[2016.01.26-22.24.43:878][101]LogModuleManager: Shutting down and abandoning module Layers (146)
[2016.01.26-22.24.43:878][101]LogModuleManager: Shutting down and abandoning module ComponentVisualizers (145)
[2016.01.26-22.24.43:878][101]LogModuleManager: Shutting down and abandoning module DetailCustomizations (144)
[2016.01.26-22.24.43:879][101]LogModuleManager: Shutting down and abandoning module PackagesDialog (143)
[2016.01.26-22.24.43:879][101]LogModuleManager: Shutting down and abandoning module Persona (142)
[2016.01.26-22.24.43:879][101]LogModuleManager: Shutting down and abandoning module Kismet (141)
[2016.01.26-22.24.43:880][101]LogModuleManager: Shutting down and abandoning module GraphEditor (140)
[2016.01.26-22.24.43:880][101]LogModuleManager: Shutting down and abandoning module ClassViewer (139)
[2016.01.26-22.24.43:880][101]LogModuleManager: Shutting down and abandoning module Toolbox (138)
[2016.01.26-22.24.43:880][101]LogModuleManager: Shutting down and abandoning module ModuleUI (137)
[2016.01.26-22.24.43:881][101]LogModuleManager: Shutting down and abandoning module MovieSceneTools (136)
[2016.01.26-22.24.43:881][101]LogModuleManager: Shutting down and abandoning module OutputLog (135)
[2016.01.26-22.24.43:881][101]LogModuleManager: Shutting down and abandoning module GammaUI (134)
[2016.01.26-22.24.43:881][101]LogModuleManager: Shutting down and abandoning module Documentation (133)
[2016.01.26-22.24.43:882][101]LogModuleManager: Shutting down and abandoning module GameLiveStreaming (132)
[2016.01.26-22.24.43:882][101]LogModuleManager: Shutting down and abandoning module StreamingPauseRendering (131)
[2016.01.26-22.24.43:882][101]LogModuleManager: Shutting down and abandoning module AnalyticsET (130)
[2016.01.26-22.24.43:883][101]LogModuleManager: Shutting down and abandoning module Analytics (129)
[2016.01.26-22.24.43:883][101]LogModuleManager: Shutting down and abandoning module AITestSuite (128)
[2016.01.26-22.24.43:883][101]LogModuleManager: Shutting down and abandoning module GameplayDebugger (127)
[2016.01.26-22.24.43:883][101]LogModuleManager: Shutting down and abandoning module AIModule (126)
[2016.01.26-22.24.43:884][101]LogModuleManager: Shutting down and abandoning module ProfilerService (125)
[2016.01.26-22.24.44:116][101]LogModuleManager: Shutting down and abandoning module TaskGraph (124)
[2016.01.26-22.24.44:117][101]LogModuleManager: Shutting down and abandoning module SlateRemote (123)
[2016.01.26-22.24.44:117][101]LogModuleManager: Shutting down and abandoning module SteamVRController (122)
[2016.01.26-22.24.44:117][101]LogModuleManager: Shutting down and abandoning module SteamVR (121)
[2016.01.26-22.24.44:118][101]LogModuleManager: Shutting down and abandoning module ProceduralMeshComponent (120)
[2016.01.26-22.24.44:118][101]LogModuleManager: Shutting down and abandoning module OculusRift (119)
[2016.01.26-22.24.44:118][101]LogModuleManager: Shutting down and abandoning module OculusLibrary (118)
[2016.01.26-22.24.44:119][101]LogModuleManager: Shutting down and abandoning module LeapMotionController (117)
[2016.01.26-22.24.44:132][101]LogModuleManager: Shutting down and abandoning module CustomMeshComponent (116)
[2016.01.26-22.24.44:132][101]LogModuleManager: Shutting down and abandoning module CableComponent (115)
[2016.01.26-22.24.44:132][101]LogModuleManager: Shutting down and abandoning module ArchVisCharacter (114)
[2016.01.26-22.24.44:132][101]LogModuleManager: Shutting down and abandoning module MessagingDebugger (113)
[2016.01.26-22.24.44:133][101]LogModuleManager: Shutting down and abandoning module MediaPlayerEditor (112)
[2016.01.26-22.24.44:133][101]LogModuleManager: Shutting down and abandoning module HTML5Networking (111)
[2016.01.26-22.24.44:133][101]LogModuleManager: Shutting down and abandoning module SpeedTreeImporter (110)
[2016.01.26-22.24.44:134][101]LogModuleManager: Shutting down and abandoning module PluginBrowser (109)
[2016.01.26-22.24.44:134][101]LogModuleManager: Shutting down and abandoning module EpicSurvey (108)
[2016.01.26-22.24.44:135][101]LogModuleManager: Shutting down and abandoning module DesktopPlatform (107)
[2016.01.26-22.24.44:135][101]LogModuleManager: Shutting down and abandoning module VisualStudioSourceCodeAccess (106)
[2016.01.26-22.24.44:136][101]LogModuleManager: Shutting down and abandoning module UObjectPlugin (105)
[2016.01.26-22.24.44:136][101]LogModuleManager: Shutting down and abandoning module SubversionSourceControl (104)
[2016.01.26-22.24.44:136][101]LogModuleManager: Shutting down and abandoning module PerforceSourceControl (103)
[2016.01.26-22.24.44:137][101]LogModuleManager: Shutting down and abandoning module SourceControl (102)
[2016.01.26-22.24.44:137][101]LogModuleManager: Shutting down and abandoning module GitSourceControl (101)
[2016.01.26-22.24.44:137][101]LogModuleManager: Shutting down and abandoning module LightPropagationVolumeEditor (100)
[2016.01.26-22.24.44:138][101]LogModuleManager: Shutting down and abandoning module PaperTiledImporter (99)
[2016.01.26-22.24.44:138][101]LogModuleManager: Shutting down and abandoning module PaperSpriteSheetImporter (98)
[2016.01.26-22.24.44:138][101]LogModuleManager: Shutting down and abandoning module MeshPaint (97)
[2016.01.26-22.24.44:138][101]LogModuleManager: Shutting down and abandoning module SlateReflector (96)
[2016.01.26-22.24.44:139][101]LogModuleManager: Shutting down and abandoning module HotReload (95)
[2016.01.26-22.24.44:139][101]LogModuleManager: Shutting down and abandoning module MainFrame (94)
[2016.01.26-22.24.44:139][101]LogModuleManager: Shutting down and abandoning module LevelEditor (93)
[2016.01.26-22.24.44:140][101]LogModuleManager: Shutting down and abandoning module DirectoryWatcher (92)
[2016.01.26-22.24.44:142][101]LogModuleManager: Shutting down and abandoning module AssetRegistry (91)
[2016.01.26-22.24.44:268][101]LogModuleManager: Shutting down and abandoning module ContentBrowser (90)
[2016.01.26-22.24.44:271][101]LogModuleManager: Shutting down and abandoning module Paper2DEditor (89)
[2016.01.26-22.24.44:271][101]LogModuleManager: Shutting down and abandoning module LostAge (88)
[2016.01.26-22.24.44:271][101]LogModuleManager: Shutting down and abandoning module UdpMessaging (87)
[2016.01.26-22.24.44:372][101]LogModuleManager: Shutting down and abandoning module LightPropagationVolumeRuntime (86)
[2016.01.26-22.24.44:372][101]LogModuleManager: Shutting down and abandoning module Paper2D (85)
[2016.01.26-22.24.44:372][101]LogModuleManager: Shutting down and abandoning module WindowsMoviePlayer (84)
[2016.01.26-22.24.44:377][101]LogModuleManager: Shutting down and abandoning module Media (83)
[2016.01.26-22.24.44:378][101]LogModuleManager: Shutting down and abandoning module WmfMedia (82)
[2016.01.26-22.24.44:380][101]LogModuleManager: Shutting down and abandoning module OnlineBlueprintSupport (81)
[2016.01.26-22.24.44:380][101]LogModuleManager: Shutting down and abandoning module GameplayTasksEditor (80)
[2016.01.26-22.24.44:381][101]LogModuleManager: Shutting down and abandoning module PropertyEditor (79)
[2016.01.26-22.24.44:381][101]LogModuleManager: Shutting down and abandoning module BehaviorTreeEditor (78)
[2016.01.26-22.24.44:381][101]LogModuleManager: Shutting down and abandoning module FunctionalTesting (77)
[2016.01.26-22.24.44:382][101]LogModuleManager: Shutting down and abandoning module CollisionAnalyzer (76)
[2016.01.26-22.24.44:382][101]LogModuleManager: Shutting down and abandoning module WorkspaceMenuStructure (75)
[2016.01.26-22.24.44:382][101]LogModuleManager: Shutting down and abandoning module MessageLog (74)
[2016.01.26-22.24.44:382][101]LogModuleManager: Shutting down and abandoning module Sequencer (73)
[2016.01.26-22.24.44:383][101]LogModuleManager: Shutting down and abandoning module AssetTools (72)
[2016.01.26-22.24.44:383][101]LogModuleManager: Shutting down and abandoning module UMGEditor (71)
[2016.01.26-22.24.44:384][101]LogModuleManager: Shutting down and abandoning module UMG (70)
[2016.01.26-22.24.44:384][101]LogModuleManager: Shutting down and abandoning module Slate (69)
[2016.01.26-22.24.44:384][101]LogModuleManager: Shutting down and abandoning module EditorStyle (68)
[2016.01.26-22.24.44:387][101]LogModuleManager: Shutting down and abandoning module SessionServices (67)
[2016.01.26-22.24.44:388][101]LogModuleManager: Shutting down and abandoning module SourceCodeAccess (66)
[2016.01.26-22.24.44:388][101]LogModuleManager: Shutting down and abandoning module HeadMountedDisplay (65)
[2016.01.26-22.24.44:388][101]LogModuleManager: Shutting down and abandoning module XAudio2 (64)
[2016.01.26-22.24.44:389][101]LogModuleManager: Shutting down and abandoning module Networking (63)
[2016.01.26-22.24.44:389][101]LogModuleManager: Shutting down and abandoning module Core (62)
[2016.01.26-22.24.44:389][101]LogModuleManager: Shutting down and abandoning module KismetCompiler (61)
[2016.01.26-22.24.44:390][101]LogModuleManager: Shutting down and abandoning module PhysXFormats (60)
[2016.01.26-22.24.44:390][101]LogModuleManager: Shutting down and abandoning module MeshUtilities (59)
[2016.01.26-22.24.44:390][101]LogModuleManager: Shutting down and abandoning module CookingStats (58)
[2016.01.26-22.24.44:391][101]LogModuleManager: Shutting down and abandoning module DerivedDataCache (57)
[2016.01.26-22.24.44:702][101]LogDerivedDataCache: Shutdown
[2016.01.26-22.24.44:703][101]LogModuleManager: Shutting down and abandoning module ShaderFormatOpenGL (56)
[2016.01.26-22.24.44:703][101]LogModuleManager: Shutting down and abandoning module ShaderFormatD3D (55)
[2016.01.26-22.24.44:704][101]LogModuleManager: Shutting down and abandoning module MetalShaderFormat (54)
[2016.01.26-22.24.44:704][101]LogModuleManager: Shutting down and abandoning module TextureFormatUncompressed (53)
[2016.01.26-22.24.44:704][101]LogModuleManager: Shutting down and abandoning module TextureFormatPVR (52)
[2016.01.26-22.24.44:705][101]LogModuleManager: Shutting down and abandoning module TextureFormatIntelISPCTexComp (51)
[2016.01.26-22.24.44:705][101]LogModuleManager: Shutting down and abandoning module TextureFormatDXT (50)
[2016.01.26-22.24.44:705][101]LogModuleManager: Shutting down and abandoning module ImageWrapper (49)
[2016.01.26-22.24.44:706][101]LogModuleManager: Shutting down and abandoning module TextureFormatASTC (48)
[2016.01.26-22.24.44:706][101]LogModuleManager: Shutting down and abandoning module TextureFormatAndroid (47)
[2016.01.26-22.24.44:706][101]LogModuleManager: Shutting down and abandoning module AudioFormatOpus (46)
[2016.01.26-22.24.44:707][101]LogModuleManager: Shutting down and abandoning module AudioFormatOgg (45)
[2016.01.26-22.24.44:707][101]LogModuleManager: Shutting down and abandoning module AudioFormatADPCM (44)
[2016.01.26-22.24.44:707][101]LogModuleManager: Shutting down and abandoning module LinuxTargetPlatform (43)
[2016.01.26-22.24.44:708][101]LogModuleManager: Shutting down and abandoning module LinuxServerTargetPlatform (42)
[2016.01.26-22.24.44:708][101]LogModuleManager: Shutting down and abandoning module LinuxNoEditorTargetPlatform (41)
[2016.01.26-22.24.44:708][101]LogModuleManager: Shutting down and abandoning module Messaging (40)
[2016.01.26-22.24.44:709][101]LogModuleManager: Shutting down and abandoning module IOSTargetPlatform (39)
[2016.01.26-22.24.44:709][101]LogModuleManager: Shutting down and abandoning module HTML5TargetPlatform (38)
[2016.01.26-22.24.44:710][101]LogModuleManager: Shutting down and abandoning module Android_PVRTCTargetPlatform (37)
[2016.01.26-22.24.44:710][101]LogModuleManager: Shutting down and abandoning module Android_ETC2TargetPlatform (36)
[2016.01.26-22.24.44:710][101]LogModuleManager: Shutting down and abandoning module Android_ETC1TargetPlatform (35)
[2016.01.26-22.24.44:710][101]LogModuleManager: Shutting down and abandoning module Android_DXTTargetPlatform (34)
[2016.01.26-22.24.44:711][101]LogModuleManager: Shutting down and abandoning module Android_ATCTargetPlatform (33)
[2016.01.26-22.24.44:711][101]LogModuleManager: Shutting down and abandoning module Android_ASTCTargetPlatform (32)
[2016.01.26-22.24.44:711][101]LogModuleManager: Shutting down and abandoning module AndroidTargetPlatform (31)
[2016.01.26-22.24.44:712][101]LogModuleManager: Shutting down and abandoning module WindowsTargetPlatform (30)
[2016.01.26-22.24.44:712][101]LogModuleManager: Shutting down and abandoning module WindowsServerTargetPlatform (29)
[2016.01.26-22.24.44:713][101]LogModuleManager: Shutting down and abandoning module WindowsNoEditorTargetPlatform (28)
[2016.01.26-22.24.44:713][101]LogModuleManager: Shutting down and abandoning module WindowsClientTargetPlatform (27)
[2016.01.26-22.24.44:713][101]LogModuleManager: Shutting down and abandoning module AllDesktopTargetPlatform (26)
[2016.01.26-22.24.44:713][101]LogModuleManager: Shutting down and abandoning module TargetPlatform (25)
[2016.01.26-22.24.44:714][101]LogModuleManager: Shutting down and abandoning module InputCore (24)
[2016.01.26-22.24.44:714][101]LogModuleManager: Shutting down and abandoning module Settings (23)
[2016.01.26-22.24.44:714][101]LogModuleManager: Shutting down and abandoning module Voice (21)
[2016.01.26-22.24.44:715][101]LogModuleManager: Shutting down and abandoning module OnlineSubsystem (18)
[2016.01.26-22.24.44:715][101]LogOnline:Display: NULL: FOnlineSubsystemNull::Shutdown()
[2016.01.26-22.24.44:718][101]LogOnline:Display: Unloading online subsystem: Null
[2016.01.26-22.24.44:719][101]LogModuleManager: Shutting down and abandoning module HTTP (17)
[2016.01.26-22.24.45:721][101]LogModuleManager: Shutting down and abandoning module XMPP (16)
[2016.01.26-22.24.45:721][101]LogModuleManager: Shutting down and abandoning module ExampleDeviceProfileSelector (15)
[2016.01.26-22.24.45:722][101]LogModuleManager: Shutting down and abandoning module TextureCompressor (14)
[2016.01.26-22.24.45:722][101]LogModuleManager: Shutting down and abandoning module ShaderCore (13)
[2016.01.26-22.24.45:723][101]LogModuleManager: Shutting down and abandoning module Landscape (12)
[2016.01.26-22.24.45:723][101]LogModuleManager: Shutting down and abandoning module SlateRHIRenderer (11)
[2016.01.26-22.24.45:724][101]LogModuleManager: Shutting down and abandoning module OpenGLDrv (10)
[2016.01.26-22.24.45:725][101]LogModuleManager: Shutting down and abandoning module D3D11RHI (9)
[2016.01.26-22.24.45:725][101]LogModuleManager: Shutting down and abandoning module AnimGraphRuntime (8)
[2016.01.26-22.24.45:725][101]LogModuleManager: Shutting down and abandoning module Renderer (7)
[2016.01.26-22.24.45:725][101]LogModuleManager: Shutting down and abandoning module Engine (6)
[2016.01.26-22.24.45:726][101]LogModuleManager: Shutting down and abandoning module CoreUObject (5)
[2016.01.26-22.24.45:726][101]LogModuleManager: Shutting down and abandoning module NetworkFile (4)
[2016.01.26-22.24.45:726][101]LogModuleManager: Shutting down and abandoning module StreamingFile (3)
[2016.01.26-22.24.45:726][101]LogModuleManager: Shutting down and abandoning module SandboxFile (2)
[2016.01.26-22.24.45:727][101]LogModuleManager: Shutting down and abandoning module PakFile (1)
[2016.01.26-22.24.45:731][101]LogExit: Exiting.
[2016.01.26-22.24.45:733][101]Log file closed, 01/26/16 17:24:45
