[2016.01.26-20.20.01:904][  0]Log file open, 01/26/16 15:20:01
[2016.01.26-20.20.01:904][  0]LogInit:Display: Running engine for game: LostAge
[2016.01.26-20.20.01:904][  0]LogInit:Display: RandInit(-1757003006) SRandInit(-1757003005).
[2016.01.26-20.20.01:904][  0]LogTaskGraph: Started task graph with 4 named threads and 7 total threads.
[2016.01.26-20.20.01:904][  0]LogStats: Stats thread started at 0.069392
[2016.01.26-20.20.01:904][  0]LogInit: Version: 4.9.2-2707645+++depot+UE4-Releases+4.9
[2016.01.26-20.20.01:904][  0]LogInit: API Version: 2672455
[2016.01.26-20.20.01:904][  0]LogInit: Compiled (64-bit): Sep 28 2015 10:25:44
[2016.01.26-20.20.01:904][  0]LogInit: Compiled with Visual C++: 18.00.21005.01
[2016.01.26-20.20.01:904][  0]LogInit: Build Configuration: Development
[2016.01.26-20.20.01:904][  0]LogInit: Branch Name: ++depot+UE4-Releases+4.9
[2016.01.26-20.20.01:904][  0]LogInit: Command line:  -game
[2016.01.26-20.20.01:904][  0]LogInit: Base directory: C:/Program Files/Epic Games/4.9/Engine/Binaries/Win64/
[2016.01.26-20.20.01:904][  0]LogInit: Rocket: 1
[2016.01.26-20.20.01:920][  0]LogInit: Using libcurl 7.41.0
[2016.01.26-20.20.01:920][  0]LogInit:  - built for x86_64-pc-win32
[2016.01.26-20.20.01:920][  0]LogInit:  - supports SSL with WinSSL
[2016.01.26-20.20.01:920][  0]LogInit:  - other features:
[2016.01.26-20.20.01:920][  0]LogInit:      CURL_VERSION_SSL
[2016.01.26-20.20.01:920][  0]LogInit:      CURL_VERSION_IPV6
[2016.01.26-20.20.01:920][  0]LogInit:      CURL_VERSION_ASYNCHDNS
[2016.01.26-20.20.01:920][  0]LogInit:      CURL_VERSION_LARGEFILE
[2016.01.26-20.20.01:920][  0]LogInit:      CURL_VERSION_IDN
[2016.01.26-20.20.01:920][  0]LogInit:  CurlRequestOptions (configurable via config and command line):
[2016.01.26-20.20.01:920][  0]LogInit:  - bVerifyPeer = true  - Libcurl will verify peer certificate
[2016.01.26-20.20.01:920][  0]LogInit:  - bUseHttpProxy = false  - Libcurl will NOT use HTTP proxy
[2016.01.26-20.20.01:920][  0]LogInit:  - bDontReuseConnections = false  - Libcurl will reuse connections
[2016.01.26-20.20.01:920][  0]LogInit:  - CertBundlePath = nullptr  - Libcurl will use whatever was configured at build time.
[2016.01.26-20.20.01:938][  0]LogInit: WinSock: version 1.1 (2.2), MaxSocks=32767, MaxUdp=65467
[2016.01.26-20.20.01:943][  0]LogVoice:Warning: Failed to initialize voice interface
[2016.01.26-20.20.01:946][  0]LogInit: Presizing for 0 objects not considered by GC, pre-allocating 0 bytes.
[2016.01.26-20.20.01:953][  0]LogInit: Object subsystem initialized
[2016.01.26-20.20.01:954][  0]LogInit: Selected Device Profile: [Windows]
[2016.01.26-20.20.01:954][  0]LogInit: Applying CVar settings loaded from the selected device profile: [Windows]
[2016.01.26-20.20.01:961][  0]LogInit: Computer: FREDERIC-PC
[2016.01.26-20.20.01:961][  0]LogInit: User: frederic
[2016.01.26-20.20.01:961][  0]LogInit: CPU Page size=4096, Cores=4
[2016.01.26-20.20.01:961][  0]LogInit: High frequency timer resolution =3.331240 MHz
[2016.01.26-20.20.01:961][  0]LogMemory: Memory total: Physical=15.9GB (16GB approx)
[2016.01.26-20.20.01:961][  0]LogMemory: Platform Memory Stats for Windows
[2016.01.26-20.20.01:961][  0]LogMemory: Process Physical Memory: 55.85 MB used, 55.85 MB peak
[2016.01.26-20.20.01:961][  0]LogMemory: Process Virtual Memory: 59.57 MB used, 59.57 MB peak
[2016.01.26-20.20.01:961][  0]LogMemory: Physical Memory: 6636.79 MB used, 16288.39 MB total
[2016.01.26-20.20.01:961][  0]LogMemory: Virtual Memory: 343.57 MB used, 8388608.00 MB total
[2016.01.26-20.20.01:997][  0]LogTextLocalizationManager: No translations for ('fr-CA') exist, falling back to 'en' for localization and internationalization data.
[2016.01.26-20.20.02:585][  0]LogD3D11RHI: Found D3D11 adapter 0: NVIDIA GeForce GTX 970 (Feature Level 11_0)
[2016.01.26-20.20.02:585][  0]LogD3D11RHI: Adapter has 4008MB of dedicated video memory, 0MB of dedicated system memory, and 7888MB of shared system memory, 1 output[s]
[2016.01.26-20.20.02:588][  0]LogD3D11RHI: Found D3D11 adapter 1: Intel(R) HD Graphics 3000 (Feature Level 10_0)
[2016.01.26-20.20.02:588][  0]LogD3D11RHI: Adapter has 64MB of dedicated video memory, 0MB of dedicated system memory, and 1632MB of shared system memory, 0 output[s]
[2016.01.26-20.20.02:588][  0]LogD3D11RHI: Chosen D3D11 Adapter Id = 0
[2016.01.26-20.20.02:593][  0]LogD3D11RHI: !Direct3DDevice
[2016.01.26-20.20.02:593][  0]LogRHI: Texture pool is 1361 MB (70% of 1945 MB)
[2016.01.26-20.20.02:604][  0]LogD3D11RHI: Async texture creation enabled
[2016.01.26-20.20.02:617][  0]LogShaderCompilers: Guid format shader working directory is 15 characters bigger than the processId version (../../../../../../Users/frederic/Documents/Unreal Projects/LostAge/Intermediate/Shaders/WorkingDirectory/2208/).
[2016.01.26-20.20.02:617][  0]LogShaderCompilers: Cleaned the shader compiler working directory '../../../../../../Users/frederic/Documents/Unreal Projects/LostAge/Intermediate/Shaders/tmp/4506FAB04F0541BE7D8CB6A44066C3D1/'.
[2016.01.26-20.20.02:617][  0]LogShaderCompilers:Display: Using Local Shader Compiler.
[2016.01.26-20.20.03:725][  0]LogTemp:Display: Loaded TP AllDesktopTargetPlatform
[2016.01.26-20.20.03:730][  0]LogTemp:Display: Loaded TP WindowsClientTargetPlatform
[2016.01.26-20.20.03:735][  0]LogTemp:Display: Loaded TP WindowsNoEditorTargetPlatform
[2016.01.26-20.20.03:739][  0]LogTemp:Display: Loaded TP WindowsServerTargetPlatform
[2016.01.26-20.20.03:744][  0]LogTemp:Display: Loaded TP WindowsTargetPlatform
[2016.01.26-20.20.03:747][  0]LogTemp:Display: Loaded TP AndroidTargetPlatform
[2016.01.26-20.20.03:750][  0]LogTemp:Display: Loaded TP Android_ASTCTargetPlatform
[2016.01.26-20.20.03:753][  0]LogTemp:Display: Loaded TP Android_ATCTargetPlatform
[2016.01.26-20.20.03:757][  0]LogTemp:Display: Loaded TP Android_DXTTargetPlatform
[2016.01.26-20.20.03:760][  0]LogTemp:Display: Loaded TP Android_ETC1TargetPlatform
[2016.01.26-20.20.03:763][  0]LogTemp:Display: Loaded TP Android_ETC2TargetPlatform
[2016.01.26-20.20.03:766][  0]LogTemp:Display: Loaded TP Android_PVRTCTargetPlatform
[2016.01.26-20.20.03:767][  0]LogTemp:Display: Loaded TP HTML5TargetPlatform
[2016.01.26-20.20.03:783][  0]LogTemp:Display: Loaded TP IOSTargetPlatform
[2016.01.26-20.20.03:786][  0]LogTemp:Display: Loaded TP LinuxNoEditorTargetPlatform
[2016.01.26-20.20.03:789][  0]LogTemp:Display: Loaded TP LinuxServerTargetPlatform
[2016.01.26-20.20.03:792][  0]LogTemp:Display: Loaded TP LinuxTargetPlatform
[2016.01.26-20.20.03:792][  0]LogTargetPlatformManager:Display: Building Assets For Windows
[2016.01.26-20.20.03:865][  0]LogDerivedDataCache:Display: Max Cache Size: 512 MB
[2016.01.26-20.20.03:907][  0]LogDerivedDataCache: Loaded boot cache 0.04s 43MB C:/Users/frederic/AppData/Local/UnrealEngine/4.9/DerivedDataCache/Boot.ddc.
[2016.01.26-20.20.03:907][  0]LogDerivedDataCache:Display: Loaded Boot cache: C:/Users/frederic/AppData/Local/UnrealEngine/4.9/DerivedDataCache/Boot.ddc
[2016.01.26-20.20.03:907][  0]LogDerivedDataCache: FDerivedDataBackendGraph:  Pak pak cache file ../../../../../../Users/frederic/Documents/Unreal Projects/LostAge/DerivedDataCache/DDC.ddp not found, will not use a pak cache.
[2016.01.26-20.20.03:907][  0]LogDerivedDataCache: Unable to find inner node Pak for hierarchical cache Hierarchy.
[2016.01.26-20.20.03:907][  0]LogDerivedDataCache: FDerivedDataBackendGraph:  CompressedPak pak cache file ../../../../../../Users/frederic/Documents/Unreal Projects/LostAge/DerivedDataCache/Compressed.ddp not found, will not use a pak cache.
[2016.01.26-20.20.03:907][  0]LogDerivedDataCache: Unable to find inner node CompressedPak for hierarchical cache Hierarchy.
[2016.01.26-20.20.04:045][  0]LogDerivedDataCache:Display: Pak cache opened for reading ../../../Engine/DerivedDataCache/Compressed.ddp.
[2016.01.26-20.20.04:057][  0]LogDerivedDataCache: Using Local data cache path C:/Users/frederic/AppData/Local/UnrealEngine/Common/DerivedDataCache: Writable
[2016.01.26-20.20.04:231][  0]LogInit: Selected Device Profile: [Windows]
[2016.01.26-20.20.04:231][  0]LogContentStreaming: Texture pool size is 1000.000000MB
[2016.01.26-20.20.04:244][  0]LogMeshUtilities: No automatic mesh reduction module available
[2016.01.26-20.20.04:244][  0]LogMeshUtilities: No automatic mesh merging module available
[2016.01.26-20.20.04:688][  0]LogWindowsMoviePlayer: Unable to load movie: ../../../../../../Users/frederic/Documents/Unreal Projects/LostAge/Content/Movies/Default_Startup.mp4
[2016.01.26-20.20.04:966][  0]SourceControl: Info Source control is disabled
[2016.01.26-20.20.04:966][  0]SourceControl: Info Source control is disabled
[2016.01.26-20.20.04:975][  0]SourceControl: Info Source control is disabled
[2016.01.26-20.20.05:060][  0]LogLinker:Warning: Asset '../../../Engine/Plugins/Runtime/LeapMotionController/Content/LM_PassthroughMaterial.uasset' has been saved with empty engine version. The asset will be loaded but may be incompatible.
[2016.01.26-20.20.05:135][  0]LogObj: 31097 objects as part of root set at end of initial load.
[2016.01.26-20.20.05:135][  0]LogUObjectAllocator: 6985312 out of 0 bytes used by permanent object pool.
[2016.01.26-20.20.05:202][  0]LogEngine: Initializing Engine...
[2016.01.26-20.20.05:204][  0]LogHMD: Can't find Oculus library dev build: is proper Runtime installed? Version: 0.7.0.0
[2016.01.26-20.20.05:204][  0]LogHMD: SteamVR failed to initialize.  Err: 110
[2016.01.26-20.20.05:319][  0]LogInit: XAudio2 using 'Haut-parleurs (Realtek High Definition Audio)' : 2 channels at 48 kHz using 32 bits per sample (channel mask 0x3)
[2016.01.26-20.20.05:331][  0]LogInit: FAudioDevice initialized.
[2016.01.26-20.20.05:354][  0]LogDerivedDataCache: Saved boot cache 0.02s 43MB C:/Users/frederic/AppData/Local/UnrealEngine/4.9/DerivedDataCache/Boot.ddc.
[2016.01.26-20.20.05:361][  0]LogInit: Texture streaming: Enabled
[2016.01.26-20.20.05:477][  0]LogNet: Browse: /Game/FirstPersonCPP/Maps/MainMenu?Name=Player
[2016.01.26-20.20.05:478][  0]LogLoad: LoadMap: /Game/FirstPersonCPP/Maps/MainMenu?Name=Player
[2016.01.26-20.20.05:491][  0]LogParticles: Destroying 0 GPU particle simulations for FXSystem 0x0000000012ACEA20
[2016.01.26-20.20.05:504][  0]LogMemory: Platform Memory Stats for Windows
[2016.01.26-20.20.05:504][  0]LogMemory: Process Physical Memory: 386.46 MB used, 386.46 MB peak
[2016.01.26-20.20.05:504][  0]LogMemory: Process Virtual Memory: 463.56 MB used, 463.56 MB peak
[2016.01.26-20.20.05:504][  0]LogMemory: Physical Memory: 6882.86 MB used, 16288.39 MB total
[2016.01.26-20.20.05:504][  0]LogMemory: Virtual Memory: 958.34 MB used, 8388608.00 MB total
[2016.01.26-20.20.05:504][  0]LogMemory: 
[2016.01.26-20.20.05:504][  0]Allocator Stats for TBB: (not implemented)
[2016.01.26-20.20.05:513][  0]LogAIModule: Creating AISystem for world MainMenu
[2016.01.26-20.20.05:513][  0]LogWorld: Game class is 'LostAgeGameMode'
[2016.01.26-20.20.05:514][  0]LogWorld: Bringing World /Game/FirstPersonCPP/Maps/MainMenu.MainMenu up for play (max tick rate 0) at 2016.01.26-15.20.05
[2016.01.26-20.20.05:515][  0]LogWorld: Bringing up level for play took: 0.000337
[2016.01.26-20.20.05:515][  0]LogGameMode: Warning - PATHS NOT DEFINED or NO PLAYERSTART with positive rating
[2016.01.26-20.20.05:515][  0]LogOnline:Warning: NULL: Can't start an online game for session (Game) that hasn't been created
[2016.01.26-20.20.05:614][  0]LogInit:Display: Game Engine Initialized.
[2016.01.26-20.20.05:831][  0]LogLoad: Full Startup: 4.69 seconds (BP compile: 0.11 seconds)
[2016.01.26-20.20.05:931][  2]LogRenderer: Reallocating scene render targets to support 1600x900 (Frame:2).
[2016.01.26-20.20.07:032][ 69]LogInit: WinSock: I am frederic-PC (192.168.1.103:0)
[2016.01.26-20.20.07:085][ 69]LogPackageName: SearchForPackageOnDisk took   0.053s to resolve FirstPersonExampleMap.umap.
[2016.01.26-20.20.07:134][ 69]LogPackageName: SearchForPackageOnDisk took   0.048s to resolve FirstPersonExampleMap.umap.
[2016.01.26-20.20.07:134][ 69]LogNet: Browse: /Game/FirstPersonCPP/Maps/FirstPersonExampleMap?listen
[2016.01.26-20.20.07:134][ 69]LogLoad: LoadMap: /Game/FirstPersonCPP/Maps/FirstPersonExampleMap?listen
[2016.01.26-20.20.07:148][ 69]LogParticles: Destroying 0 GPU particle simulations for FXSystem 0x0000000012ACF380
[2016.01.26-20.20.07:162][ 69]LogMemory: Platform Memory Stats for Windows
[2016.01.26-20.20.07:162][ 69]LogMemory: Process Physical Memory: 402.07 MB used, 402.07 MB peak
[2016.01.26-20.20.07:162][ 69]LogMemory: Process Virtual Memory: 698.55 MB used, 698.55 MB peak
[2016.01.26-20.20.07:162][ 69]LogMemory: Physical Memory: 6885.17 MB used, 16288.39 MB total
[2016.01.26-20.20.07:162][ 69]LogMemory: Virtual Memory: 1207.18 MB used, 8388608.00 MB total
[2016.01.26-20.20.07:162][ 69]LogMemory: 
[2016.01.26-20.20.07:162][ 69]Allocator Stats for TBB: (not implemented)
[2016.01.26-20.20.07:314][ 69]LogAIModule: Creating AISystem for world FirstPersonExampleMap
[2016.01.26-20.20.07:315][ 69]LogWorld: Game class is 'LostAgeGameMode'
[2016.01.26-20.20.07:315][ 69]LogInit: WinSock: Socket queue 131072 / 131072
[2016.01.26-20.20.07:316][ 69]LogNet: GameNetDriver IpNetDriver_0 IpNetDriver listening on port 7777
[2016.01.26-20.20.07:319][ 69]LogWorld: Bringing World /Game/FirstPersonCPP/Maps/FirstPersonExampleMap.FirstPersonExampleMap up for play (max tick rate 0) at 2016.01.26-15.20.07
[2016.01.26-20.20.07:319][ 69]LogWorld: Bringing up level for play took: 0.002443
[2016.01.26-20.20.07:321][ 69]LogOnline:Warning: NULL: Can't start an online session (Game) in state InProgress
[2016.01.26-20.20.30:087][478]LogNet: NotifyAcceptingConnection: Server FirstPersonExampleMap accept
[2016.01.26-20.20.30:087][478]LogNet: Open FirstPersonExampleMap 01/26/16 15:20:30 192.168.1.103
[2016.01.26-20.20.30:088][478]LogNet: Added client connection.  Remote address = 192.168.1.103:58166
[2016.01.26-20.20.30:088][478]LogNet: NotifyAcceptingChannel Control 0 server World /Game/FirstPersonCPP/Maps/FirstPersonExampleMap.FirstPersonExampleMap: Accepted
[2016.01.26-20.20.30:088][478]LogNet: Remote platform little endian=1
[2016.01.26-20.20.30:088][478]LogNet: This platform little endian=1
[2016.01.26-20.20.30:088][478]LogNet: GetLocalNetworkVersion: GEngineNetVersion: 2707645, ProjectName: lostage, ProjectVersion: 1.0.0.0, InternalProtocolVersion: 9, LocalNetworkVersion: 4161370921
[2016.01.26-20.20.30:104][479]LogNet: Login request: /Game/FirstPersonCPP/Maps/MainMenu?Name=frederic-PC-A737731042C37D5A54A3BAB039DB7630 userId: frederic-PC-A737731042C37D5A54A3BAB039DB7630
[2016.01.26-20.20.30:120][480]LogNet: Client netspeed is 10000
[2016.01.26-20.20.30:363][495]LogNet: Join request: /Game/FirstPersonCPP/Maps/MainMenu?Name=frederic-PC-A737731042C37D5A54A3BAB039DB7630?SplitscreenCount=1
[2016.01.26-20.20.30:364][495]LogGameMode: Warning - PATHS NOT DEFINED or NO PLAYERSTART with positive rating
[2016.01.26-20.20.30:367][495]LogNet: Join succeeded: frederic-PC-A7377310
[2016.01.26-20.21.30:368][214]LogNet:Warning: UNetConnection::Tick: Connection TIMED OUT. Closing connection. Driver: IpNetDriver_0, Elapsed: 60.001730, Threshold: 60.000000, RemoteAddr: 192.168.1.103:58166, PC: LostAgePlayerController_1, Owner: LostAgePlayerController_1
[2016.01.26-20.21.30:368][214]LogNet:Warning: Network Failure: GameNetDriver[ConnectionTimeout]: UNetConnection::Tick: Connection TIMED OUT. Closing connection. Driver: IpNetDriver_0, Elapsed: 60.001730, Threshold: 60.000000, RemoteAddr: 192.168.1.103:58166, PC: LostAgePlayerController_1, Owner: LostAgePlayerController_1
[2016.01.26-20.21.30:368][214]LogNet: NetworkFailure: ConnectionTimeout, Error: 'UNetConnection::Tick: Connection TIMED OUT. Closing connection. Driver: IpNetDriver_0, Elapsed: 60.001730, Threshold: 60.000000, RemoteAddr: 192.168.1.103:58166, PC: LostAgePlayerController_1, Owner: LostAgePlayerController_1'
[2016.01.26-20.21.30:368][214]LogNet: UNetConnection::Close: Name: IpConnection_0, Driver: GameNetDriver IpNetDriver_0, PC: LostAgePlayerController_1, Owner: LostAgePlayerController_1, Channels: 10, RemoteAddr: 192.168.1.103:58166, Time: 2016.01.26-20.21.30
[2016.01.26-20.21.30:368][214]LogNet: UChannel::Close: Sending CloseBunch. ChIndex == 0. Name: ControlChannel_0
[2016.01.26-20.25.07:338][665]LogNet: NotifyAcceptingConnection: Server FirstPersonExampleMap accept
[2016.01.26-20.25.07:339][665]LogNet: Open FirstPersonExampleMap 01/26/16 15:25:07 192.168.1.103
[2016.01.26-20.25.07:339][665]LogNet: Added client connection.  Remote address = 192.168.1.103:59921
[2016.01.26-20.25.07:339][665]LogNet: NotifyAcceptingChannel Control 0 server World /Game/FirstPersonCPP/Maps/FirstPersonExampleMap.FirstPersonExampleMap: Accepted
[2016.01.26-20.25.07:339][665]LogNet: Remote platform little endian=1
[2016.01.26-20.25.07:339][665]LogNet: This platform little endian=1
[2016.01.26-20.25.07:339][665]LogNet: GetLocalNetworkVersion: GEngineNetVersion: 2707645, ProjectName: lostage, ProjectVersion: 1.0.0.0, InternalProtocolVersion: 9, LocalNetworkVersion: 4161370921
[2016.01.26-20.25.07:355][666]LogNet: Login request: /Game/FirstPersonCPP/Maps/MainMenu?Name=frederic-PC-9B119738428AD86F0447E7A2E99930AE userId: frederic-PC-9B119738428AD86F0447E7A2E99930AE
[2016.01.26-20.25.07:371][667]LogNet: Client netspeed is 10000
[2016.01.26-20.25.07:613][682]LogNet: Join request: /Game/FirstPersonCPP/Maps/MainMenu?Name=frederic-PC-9B119738428AD86F0447E7A2E99930AE?SplitscreenCount=1
[2016.01.26-20.25.07:615][682]LogNet: Join succeeded: frederic-PC-9B119738
[2016.01.26-20.26.07:565][398]LogNet:Warning: UNetConnection::Tick: Connection TIMED OUT. Closing connection. Driver: IpNetDriver_0, Elapsed: 60.005280, Threshold: 60.000000, RemoteAddr: 192.168.1.103:59921, PC: LostAgePlayerController_2, Owner: LostAgePlayerController_2
[2016.01.26-20.26.07:565][398]LogNet:Warning: Network Failure: GameNetDriver[ConnectionTimeout]: UNetConnection::Tick: Connection TIMED OUT. Closing connection. Driver: IpNetDriver_0, Elapsed: 60.005280, Threshold: 60.000000, RemoteAddr: 192.168.1.103:59921, PC: LostAgePlayerController_2, Owner: LostAgePlayerController_2
[2016.01.26-20.26.07:565][398]LogNet: NetworkFailure: ConnectionTimeout, Error: 'UNetConnection::Tick: Connection TIMED OUT. Closing connection. Driver: IpNetDriver_0, Elapsed: 60.005280, Threshold: 60.000000, RemoteAddr: 192.168.1.103:59921, PC: LostAgePlayerController_2, Owner: LostAgePlayerController_2'
[2016.01.26-20.26.07:565][398]LogNet: UNetConnection::Close: Name: IpConnection_1, Driver: GameNetDriver IpNetDriver_0, PC: LostAgePlayerController_2, Owner: LostAgePlayerController_2, Channels: 10, RemoteAddr: 192.168.1.103:59921, Time: 2016.01.26-20.26.07
[2016.01.26-20.26.07:565][398]LogNet: UChannel::Close: Sending CloseBunch. ChIndex == 0. Name: ControlChannel_1
[2016.01.26-20.28.16:732][405]LogNet: NotifyAcceptingConnection: Server FirstPersonExampleMap accept
[2016.01.26-20.28.16:733][405]LogNet: Open FirstPersonExampleMap 01/26/16 15:28:16 192.168.1.103
[2016.01.26-20.28.16:733][405]LogNet: Added client connection.  Remote address = 192.168.1.103:59921
[2016.01.26-20.28.16:733][405]LogSecurity:Warning: 192.168.1.103:59921: Malformed_Packet: UNetConnection::ReceivedPacket: Received non-control bunch before control channel was created. ChIndex: 2, ChType: 2
[2016.01.26-20.28.16:733][405]LogSecurity:Warning: 192.168.1.103:59921: Closed: Connection closed
[2016.01.26-20.28.16:733][405]LogNet: UNetConnection::Close: Name: IpConnection_2, Driver: GameNetDriver IpNetDriver_0, PC: NULL, Owner: NULL, Channels: 2, RemoteAddr: 192.168.1.103:59921, Time: 2016.01.26-20.28.16
[2016.01.26-20.28.16:733][405]LogNet: UChannel::Close: Sending CloseBunch. ChIndex == 0. Name: ControlChannel_2
[2016.01.26-20.28.16:749][406]LogNet: NotifyAcceptingConnection: Server FirstPersonExampleMap accept
[2016.01.26-20.28.16:749][406]LogNet: Open FirstPersonExampleMap 01/26/16 15:28:16 192.168.1.103
[2016.01.26-20.28.16:749][406]LogNet: Added client connection.  Remote address = 192.168.1.103:59921
[2016.01.26-20.28.16:749][406]LogSecurity:Warning: 192.168.1.103:59921: Malformed_Packet: UNetConnection::ReceivedPacket: Received control channel close before open
[2016.01.26-20.28.16:749][406]LogSecurity:Warning: 192.168.1.103:59921: Closed: Connection closed
[2016.01.26-20.28.16:750][406]LogNet: UNetConnection::Close: Name: IpConnection_3, Driver: GameNetDriver IpNetDriver_0, PC: NULL, Owner: NULL, Channels: 2, RemoteAddr: 192.168.1.103:59921, Time: 2016.01.26-20.28.16
[2016.01.26-20.28.16:750][406]LogNet: UChannel::Close: Sending CloseBunch. ChIndex == 0. Name: ControlChannel_3
[2016.01.26-20.28.17:314][441]LogNet: NotifyAcceptingConnection: Server FirstPersonExampleMap accept
[2016.01.26-20.28.17:314][441]LogNet: Open FirstPersonExampleMap 01/26/16 15:28:17 192.168.1.103
[2016.01.26-20.28.17:314][441]LogNet: Added client connection.  Remote address = 192.168.1.103:59921
[2016.01.26-20.29.17:334][162]LogNet:Warning: UNetConnection::Tick: Connection TIMED OUT. Closing connection. Driver: IpNetDriver_0, Elapsed: 60.000305, Threshold: 60.000000, RemoteAddr: 192.168.1.103:59921, PC: NoPC, Owner: No Owner
[2016.01.26-20.29.17:334][162]LogNet:Warning: Network Failure: GameNetDriver[ConnectionTimeout]: UNetConnection::Tick: Connection TIMED OUT. Closing connection. Driver: IpNetDriver_0, Elapsed: 60.000305, Threshold: 60.000000, RemoteAddr: 192.168.1.103:59921, PC: NoPC, Owner: No Owner
[2016.01.26-20.29.17:334][162]LogNet: NetworkFailure: ConnectionTimeout, Error: 'UNetConnection::Tick: Connection TIMED OUT. Closing connection. Driver: IpNetDriver_0, Elapsed: 60.000305, Threshold: 60.000000, RemoteAddr: 192.168.1.103:59921, PC: NoPC, Owner: No Owner'
[2016.01.26-20.29.17:334][162]LogNet: UNetConnection::Close: Name: IpConnection_4, Driver: GameNetDriver IpNetDriver_0, PC: NULL, Owner: NULL, Channels: 1, RemoteAddr: 192.168.1.103:59921, Time: 2016.01.26-20.29.17
[2016.01.26-20.29.59:786][794]LogNet: NotifyAcceptingConnection: Server FirstPersonExampleMap accept
[2016.01.26-20.29.59:786][794]LogNet: Open FirstPersonExampleMap 01/26/16 15:29:59 192.168.1.103
[2016.01.26-20.29.59:786][794]LogNet: Added client connection.  Remote address = 192.168.1.103:62292
[2016.01.26-20.29.59:786][794]LogNet: NotifyAcceptingChannel Control 0 server World /Game/FirstPersonCPP/Maps/FirstPersonExampleMap.FirstPersonExampleMap: Accepted
[2016.01.26-20.29.59:786][794]LogNet: Remote platform little endian=1
[2016.01.26-20.29.59:786][794]LogNet: This platform little endian=1
[2016.01.26-20.29.59:786][794]LogNet: GetLocalNetworkVersion: GEngineNetVersion: 2707645, ProjectName: lostage, ProjectVersion: 1.0.0.0, InternalProtocolVersion: 9, LocalNetworkVersion: 4161370921
[2016.01.26-20.29.59:802][795]LogNet: Login request: /Game/FirstPersonCPP/Maps/MainMenu?Name=frederic-PC-9B119738428AD86F0447E7A2E99930AE userId: frederic-PC-9B119738428AD86F0447E7A2E99930AE
[2016.01.26-20.29.59:818][796]LogNet: Client netspeed is 10000
[2016.01.26-20.29.59:883][800]LogNet: Join request: /Game/FirstPersonCPP/Maps/MainMenu?Name=frederic-PC-9B119738428AD86F0447E7A2E99930AE?SplitscreenCount=1
[2016.01.26-20.29.59:886][800]LogNet: Join succeeded: frederic-PC-9B119738
[2016.01.26-20.30.59:951][524]LogNet:Warning: UNetConnection::Tick: Connection TIMED OUT. Closing connection. Driver: IpNetDriver_0, Elapsed: 60.007263, Threshold: 60.000000, RemoteAddr: 192.168.1.103:62292, PC: LostAgePlayerController_3, Owner: LostAgePlayerController_3
[2016.01.26-20.30.59:951][524]LogNet:Warning: Network Failure: GameNetDriver[ConnectionTimeout]: UNetConnection::Tick: Connection TIMED OUT. Closing connection. Driver: IpNetDriver_0, Elapsed: 60.007263, Threshold: 60.000000, RemoteAddr: 192.168.1.103:62292, PC: LostAgePlayerController_3, Owner: LostAgePlayerController_3
[2016.01.26-20.30.59:951][524]LogNet: NetworkFailure: ConnectionTimeout, Error: 'UNetConnection::Tick: Connection TIMED OUT. Closing connection. Driver: IpNetDriver_0, Elapsed: 60.007263, Threshold: 60.000000, RemoteAddr: 192.168.1.103:62292, PC: LostAgePlayerController_3, Owner: LostAgePlayerController_3'
[2016.01.26-20.30.59:951][524]LogNet: UNetConnection::Close: Name: IpConnection_5, Driver: GameNetDriver IpNetDriver_0, PC: LostAgePlayerController_3, Owner: LostAgePlayerController_3, Channels: 10, RemoteAddr: 192.168.1.103:62292, Time: 2016.01.26-20.30.59
[2016.01.26-20.30.59:951][524]LogNet: UChannel::Close: Sending CloseBunch. ChIndex == 0. Name: ControlChannel_4
[2016.01.26-20.32.28:468][  8]LogPackageName: SearchForPackageOnDisk took   0.052s to resolve MainMenu.umap.
[2016.01.26-20.32.28:514][  9]LogPackageName: SearchForPackageOnDisk took   0.044s to resolve MainMenu.umap.
[2016.01.26-20.32.28:514][  9]LogNet: Browse: /Game/FirstPersonCPP/Maps/MainMenu
[2016.01.26-20.32.28:514][  9]LogLoad: LoadMap: /Game/FirstPersonCPP/Maps/MainMenu
[2016.01.26-20.32.28:514][  9]LogNet: World NetDriver shutdown IpNetDriver_0 [GameNetDriver]
[2016.01.26-20.32.28:514][  9]LogNet: DestroyNamedNetDriver IpNetDriver_0 [GameNetDriver]
[2016.01.26-20.32.28:514][  9]LogExit: GameNetDriver IpNetDriver_0 shut down
[2016.01.26-20.32.28:527][  9]LogParticles: Destroying 0 GPU particle simulations for FXSystem 0x000000000F918860
[2016.01.26-20.32.28:535][  9]LogMemory: Platform Memory Stats for Windows
[2016.01.26-20.32.28:535][  9]LogMemory: Process Physical Memory: 455.67 MB used, 513.88 MB peak
[2016.01.26-20.32.28:535][  9]LogMemory: Process Virtual Memory: 943.30 MB used, 978.13 MB peak
[2016.01.26-20.32.28:535][  9]LogMemory: Physical Memory: 7855.18 MB used, 16288.39 MB total
[2016.01.26-20.32.28:535][  9]LogMemory: Virtual Memory: 1444.85 MB used, 8388608.00 MB total
[2016.01.26-20.32.28:535][  9]LogMemory: 
[2016.01.26-20.32.28:535][  9]Allocator Stats for TBB: (not implemented)
[2016.01.26-20.32.28:536][  9]LogAIModule: Creating AISystem for world MainMenu
[2016.01.26-20.32.28:537][  9]LogWorld: Game class is 'LostAgeGameMode'
[2016.01.26-20.32.28:538][  9]LogWorld: Bringing World /Game/FirstPersonCPP/Maps/MainMenu.MainMenu up for play (max tick rate 0) at 2016.01.26-15.32.28
[2016.01.26-20.32.28:538][  9]LogWorld: Bringing up level for play took: 0.000300
[2016.01.26-20.32.28:538][  9]LogGameMode: Warning - PATHS NOT DEFINED or NO PLAYERSTART with positive rating
[2016.01.26-20.32.28:538][  9]LogOnline:Warning: NULL: Can't start an online game for session (Game) that hasn't been created
[2016.01.26-20.32.30:012][ 96]Closing by request
[2016.01.26-20.32.30:012][ 96]LogWindows: FPlatformMisc::RequestExit(0)
[2016.01.26-20.32.30:388][ 97]LogExit: Preparing to exit.
[2016.01.26-20.32.30:439][ 97]LogExit: Game engine shut down
[2016.01.26-20.32.30:562][ 97]LogParticles: Destroying 0 GPU particle simulations for FXSystem 0x000000000FE4FB00
[2016.01.26-20.32.30:562][ 97]LogExit: Object subsystem successfully closed.
[2016.01.26-20.32.30:572][ 97]LogD3D11RHI: Shutdown
[2016.01.26-20.32.30:572][ 97]LogD3D11RHI: CleanupD3DDevice
[2016.01.26-20.32.30:610][ 97]LogD3D11RHI: ~FD3D11DynamicRHI
[2016.01.26-20.32.30:620][ 97]LogModuleManager: Shutting down and abandoning module AndroidDeviceDetection (118)
[2016.01.26-20.32.30:883][ 97]LogModuleManager: Shutting down and abandoning module AutomationController (117)
[2016.01.26-20.32.30:883][ 97]LogModuleManager: Shutting down and abandoning module AutomationWorker (116)
[2016.01.26-20.32.30:883][ 97]LogModuleManager: Shutting down and abandoning module CharacterAI (115)
[2016.01.26-20.32.30:883][ 97]LogModuleManager: Shutting down and abandoning module AITestSuite (114)
[2016.01.26-20.32.30:883][ 97]LogModuleManager: Shutting down and abandoning module GameplayDebugger (113)
[2016.01.26-20.32.30:883][ 97]LogModuleManager: Shutting down and abandoning module AIModule (112)
[2016.01.26-20.32.30:883][ 97]LogModuleManager: Shutting down and abandoning module GameLiveStreaming (111)
[2016.01.26-20.32.30:883][ 97]LogModuleManager: Shutting down and abandoning module StreamingPauseRendering (110)
[2016.01.26-20.32.30:883][ 97]LogModuleManager: Shutting down and abandoning module ProfilerService (109)
[2016.01.26-20.32.30:939][ 97]LogModuleManager: Shutting down and abandoning module TaskGraph (108)
[2016.01.26-20.32.30:939][ 97]LogModuleManager: Shutting down and abandoning module SlateRemote (107)
[2016.01.26-20.32.30:939][ 97]LogModuleManager: Shutting down and abandoning module SteamVRController (106)
[2016.01.26-20.32.30:939][ 97]LogModuleManager: Shutting down and abandoning module SteamVR (105)
[2016.01.26-20.32.30:939][ 97]LogModuleManager: Shutting down and abandoning module ProceduralMeshComponent (104)
[2016.01.26-20.32.30:939][ 97]LogModuleManager: Shutting down and abandoning module OculusRift (103)
[2016.01.26-20.32.30:939][ 97]LogModuleManager: Shutting down and abandoning module OculusLibrary (102)
[2016.01.26-20.32.30:939][ 97]LogModuleManager: Shutting down and abandoning module LeapMotionController (101)
[2016.01.26-20.32.30:948][ 97]LogModuleManager: Shutting down and abandoning module CustomMeshComponent (100)
[2016.01.26-20.32.30:948][ 97]LogModuleManager: Shutting down and abandoning module CableComponent (99)
[2016.01.26-20.32.30:948][ 97]LogModuleManager: Shutting down and abandoning module ArchVisCharacter (98)
[2016.01.26-20.32.30:948][ 97]LogModuleManager: Shutting down and abandoning module HTML5Networking (97)
[2016.01.26-20.32.30:948][ 97]LogModuleManager: Shutting down and abandoning module DesktopPlatform (96)
[2016.01.26-20.32.30:948][ 97]LogModuleManager: Shutting down and abandoning module DirectoryWatcher (95)
[2016.01.26-20.32.30:948][ 97]LogModuleManager: Shutting down and abandoning module HotReload (94)
[2016.01.26-20.32.30:948][ 97]LogModuleManager: Shutting down and abandoning module VisualStudioSourceCodeAccess (93)
[2016.01.26-20.32.30:948][ 97]LogModuleManager: Shutting down and abandoning module UObjectPlugin (92)
[2016.01.26-20.32.30:948][ 97]LogModuleManager: Shutting down and abandoning module SubversionSourceControl (91)
[2016.01.26-20.32.30:948][ 97]LogModuleManager: Shutting down and abandoning module SourceControl (90)
[2016.01.26-20.32.30:948][ 97]LogModuleManager: Shutting down and abandoning module PerforceSourceControl (89)
[2016.01.26-20.32.30:948][ 97]LogModuleManager: Shutting down and abandoning module LostAge (88)
[2016.01.26-20.32.30:948][ 97]LogModuleManager: Shutting down and abandoning module UdpMessaging (87)
[2016.01.26-20.32.30:948][ 97]LogModuleManager: Shutting down and abandoning module LightPropagationVolumeRuntime (86)
[2016.01.26-20.32.30:948][ 97]LogModuleManager: Shutting down and abandoning module Paper2D (85)
[2016.01.26-20.32.30:948][ 97]LogModuleManager: Shutting down and abandoning module WindowsMoviePlayer (84)
[2016.01.26-20.32.30:951][ 97]LogModuleManager: Shutting down and abandoning module Media (83)
[2016.01.26-20.32.30:951][ 97]LogModuleManager: Shutting down and abandoning module WmfMedia (82)
[2016.01.26-20.32.30:952][ 97]LogModuleManager: Shutting down and abandoning module OnlineBlueprintSupport (81)
[2016.01.26-20.32.30:952][ 97]LogModuleManager: Shutting down and abandoning module GameplayTasksEditor (80)
[2016.01.26-20.32.30:952][ 97]LogModuleManager: Shutting down and abandoning module PropertyEditor (79)
[2016.01.26-20.32.30:952][ 97]LogModuleManager: Shutting down and abandoning module BehaviorTreeEditor (78)
[2016.01.26-20.32.30:952][ 97]LogModuleManager: Shutting down and abandoning module FunctionalTesting (77)
[2016.01.26-20.32.30:952][ 97]LogModuleManager: Shutting down and abandoning module CollisionAnalyzer (76)
[2016.01.26-20.32.30:952][ 97]LogModuleManager: Shutting down and abandoning module WorkspaceMenuStructure (75)
[2016.01.26-20.32.30:952][ 97]LogModuleManager: Shutting down and abandoning module MessageLog (74)
[2016.01.26-20.32.30:952][ 97]LogModuleManager: Shutting down and abandoning module Sequencer (73)
[2016.01.26-20.32.30:952][ 97]LogModuleManager: Shutting down and abandoning module AssetTools (72)
[2016.01.26-20.32.30:952][ 97]LogModuleManager: Shutting down and abandoning module UMGEditor (71)
[2016.01.26-20.32.30:952][ 97]LogModuleManager: Shutting down and abandoning module UMG (70)
[2016.01.26-20.32.30:952][ 97]LogModuleManager: Shutting down and abandoning module Slate (69)
[2016.01.26-20.32.30:952][ 97]LogModuleManager: Shutting down and abandoning module EditorStyle (68)
[2016.01.26-20.32.30:953][ 97]LogModuleManager: Shutting down and abandoning module SessionServices (67)
[2016.01.26-20.32.30:953][ 97]LogModuleManager: Shutting down and abandoning module SourceCodeAccess (66)
[2016.01.26-20.32.30:954][ 97]LogModuleManager: Shutting down and abandoning module HeadMountedDisplay (65)
[2016.01.26-20.32.30:954][ 97]LogModuleManager: Shutting down and abandoning module XAudio2 (64)
[2016.01.26-20.32.30:954][ 97]LogModuleManager: Shutting down and abandoning module Networking (63)
[2016.01.26-20.32.30:954][ 97]LogModuleManager: Shutting down and abandoning module Core (62)
[2016.01.26-20.32.30:954][ 97]LogModuleManager: Shutting down and abandoning module KismetCompiler (61)
[2016.01.26-20.32.30:954][ 97]LogModuleManager: Shutting down and abandoning module PhysXFormats (60)
[2016.01.26-20.32.30:954][ 97]LogModuleManager: Shutting down and abandoning module MeshUtilities (59)
[2016.01.26-20.32.30:954][ 97]LogModuleManager: Shutting down and abandoning module CookingStats (58)
[2016.01.26-20.32.30:954][ 97]LogModuleManager: Shutting down and abandoning module DerivedDataCache (57)
[2016.01.26-20.32.31:041][ 97]LogDerivedDataCache: Shutdown
[2016.01.26-20.32.31:041][ 97]LogModuleManager: Shutting down and abandoning module ShaderFormatOpenGL (56)
[2016.01.26-20.32.31:041][ 97]LogModuleManager: Shutting down and abandoning module ShaderFormatD3D (55)
[2016.01.26-20.32.31:041][ 97]LogModuleManager: Shutting down and abandoning module MetalShaderFormat (54)
[2016.01.26-20.32.31:041][ 97]LogModuleManager: Shutting down and abandoning module TextureFormatUncompressed (53)
[2016.01.26-20.32.31:041][ 97]LogModuleManager: Shutting down and abandoning module TextureFormatPVR (52)
[2016.01.26-20.32.31:041][ 97]LogModuleManager: Shutting down and abandoning module TextureFormatIntelISPCTexComp (51)
[2016.01.26-20.32.31:041][ 97]LogModuleManager: Shutting down and abandoning module TextureFormatDXT (50)
[2016.01.26-20.32.31:041][ 97]LogModuleManager: Shutting down and abandoning module ImageWrapper (49)
[2016.01.26-20.32.31:041][ 97]LogModuleManager: Shutting down and abandoning module TextureFormatASTC (48)
[2016.01.26-20.32.31:041][ 97]LogModuleManager: Shutting down and abandoning module TextureFormatAndroid (47)
[2016.01.26-20.32.31:041][ 97]LogModuleManager: Shutting down and abandoning module AudioFormatOpus (46)
[2016.01.26-20.32.31:041][ 97]LogModuleManager: Shutting down and abandoning module AudioFormatOgg (45)
[2016.01.26-20.32.31:041][ 97]LogModuleManager: Shutting down and abandoning module AudioFormatADPCM (44)
[2016.01.26-20.32.31:041][ 97]LogModuleManager: Shutting down and abandoning module LinuxTargetPlatform (43)
[2016.01.26-20.32.31:041][ 97]LogModuleManager: Shutting down and abandoning module LinuxServerTargetPlatform (42)
[2016.01.26-20.32.31:041][ 97]LogModuleManager: Shutting down and abandoning module LinuxNoEditorTargetPlatform (41)
[2016.01.26-20.32.31:041][ 97]LogModuleManager: Shutting down and abandoning module Messaging (40)
[2016.01.26-20.32.31:041][ 97]LogModuleManager: Shutting down and abandoning module IOSTargetPlatform (39)
[2016.01.26-20.32.31:041][ 97]LogModuleManager: Shutting down and abandoning module HTML5TargetPlatform (38)
[2016.01.26-20.32.31:041][ 97]LogModuleManager: Shutting down and abandoning module Android_PVRTCTargetPlatform (37)
[2016.01.26-20.32.31:041][ 97]LogModuleManager: Shutting down and abandoning module Android_ETC2TargetPlatform (36)
[2016.01.26-20.32.31:041][ 97]LogModuleManager: Shutting down and abandoning module Android_ETC1TargetPlatform (35)
[2016.01.26-20.32.31:041][ 97]LogModuleManager: Shutting down and abandoning module Android_DXTTargetPlatform (34)
[2016.01.26-20.32.31:041][ 97]LogModuleManager: Shutting down and abandoning module Android_ATCTargetPlatform (33)
[2016.01.26-20.32.31:041][ 97]LogModuleManager: Shutting down and abandoning module Android_ASTCTargetPlatform (32)
[2016.01.26-20.32.31:041][ 97]LogModuleManager: Shutting down and abandoning module AndroidTargetPlatform (31)
[2016.01.26-20.32.31:041][ 97]LogModuleManager: Shutting down and abandoning module WindowsTargetPlatform (30)
[2016.01.26-20.32.31:041][ 97]LogModuleManager: Shutting down and abandoning module WindowsServerTargetPlatform (29)
[2016.01.26-20.32.31:041][ 97]LogModuleManager: Shutting down and abandoning module WindowsNoEditorTargetPlatform (28)
[2016.01.26-20.32.31:041][ 97]LogModuleManager: Shutting down and abandoning module WindowsClientTargetPlatform (27)
[2016.01.26-20.32.31:041][ 97]LogModuleManager: Shutting down and abandoning module AllDesktopTargetPlatform (26)
[2016.01.26-20.32.31:041][ 97]LogModuleManager: Shutting down and abandoning module TargetPlatform (25)
[2016.01.26-20.32.31:041][ 97]LogModuleManager: Shutting down and abandoning module InputCore (24)
[2016.01.26-20.32.31:041][ 97]LogModuleManager: Shutting down and abandoning module Settings (23)
[2016.01.26-20.32.31:041][ 97]LogModuleManager: Shutting down and abandoning module Voice (21)
[2016.01.26-20.32.31:041][ 97]LogModuleManager: Shutting down and abandoning module OnlineSubsystem (18)
[2016.01.26-20.32.31:041][ 97]LogOnline:Display: NULL: FOnlineSubsystemNull::Shutdown()
[2016.01.26-20.32.31:041][ 97]LogOnline:Display: Unloading online subsystem: Null
[2016.01.26-20.32.31:041][ 97]LogModuleManager: Shutting down and abandoning module HTTP (17)
[2016.01.26-20.32.31:041][ 97]LogModuleManager: Shutting down and abandoning module XMPP (16)
[2016.01.26-20.32.31:042][ 97]LogModuleManager: Shutting down and abandoning module ExampleDeviceProfileSelector (15)
[2016.01.26-20.32.31:042][ 97]LogModuleManager: Shutting down and abandoning module TextureCompressor (14)
[2016.01.26-20.32.31:042][ 97]LogModuleManager: Shutting down and abandoning module ShaderCore (13)
[2016.01.26-20.32.31:042][ 97]LogModuleManager: Shutting down and abandoning module Landscape (12)
[2016.01.26-20.32.31:042][ 97]LogModuleManager: Shutting down and abandoning module SlateRHIRenderer (11)
[2016.01.26-20.32.31:042][ 97]LogModuleManager: Shutting down and abandoning module OpenGLDrv (10)
[2016.01.26-20.32.31:042][ 97]LogModuleManager: Shutting down and abandoning module D3D11RHI (9)
[2016.01.26-20.32.31:042][ 97]LogModuleManager: Shutting down and abandoning module AnimGraphRuntime (8)
[2016.01.26-20.32.31:042][ 97]LogModuleManager: Shutting down and abandoning module Renderer (7)
[2016.01.26-20.32.31:042][ 97]LogModuleManager: Shutting down and abandoning module Engine (6)
[2016.01.26-20.32.31:042][ 97]LogModuleManager: Shutting down and abandoning module CoreUObject (5)
[2016.01.26-20.32.31:042][ 97]LogModuleManager: Shutting down and abandoning module NetworkFile (4)
[2016.01.26-20.32.31:042][ 97]LogModuleManager: Shutting down and abandoning module StreamingFile (3)
[2016.01.26-20.32.31:042][ 97]LogModuleManager: Shutting down and abandoning module SandboxFile (2)
[2016.01.26-20.32.31:042][ 97]LogModuleManager: Shutting down and abandoning module PakFile (1)
[2016.01.26-20.32.31:042][ 97]LogExit: Exiting.
[2016.01.26-20.32.31:045][ 97]Log file closed, 01/26/16 15:32:31
