[2016.01.27-12.04.27:375][  0]Log file open, 01/27/16 07:04:27
[2016.01.27-12.04.27:375][  0]LogInit:Display: Running engine for game: LostAge
[2016.01.27-12.04.27:375][  0]LogInit:Display: RandInit(418213199) SRandInit(418213200).
[2016.01.27-12.04.27:376][  0]LogTaskGraph: Started task graph with 4 named threads and 7 total threads.
[2016.01.27-12.04.27:376][  0]LogStats: Stats thread started at 0.159448
[2016.01.27-12.04.27:376][  0]LogInit: Version: 4.9.2-2707645+++depot+UE4-Releases+4.9
[2016.01.27-12.04.27:376][  0]LogInit: API Version: 2672455
[2016.01.27-12.04.27:376][  0]LogInit: Compiled (64-bit): Sep 28 2015 10:25:44
[2016.01.27-12.04.27:376][  0]LogInit: Compiled with Visual C++: 18.00.21005.01
[2016.01.27-12.04.27:378][  0]LogInit: Build Configuration: Development
[2016.01.27-12.04.27:378][  0]LogInit: Branch Name: ++depot+UE4-Releases+4.9
[2016.01.27-12.04.27:378][  0]LogInit: Command line: 
[2016.01.27-12.04.27:378][  0]LogInit: Base directory: C:/Program Files/Epic Games/4.9/Engine/Binaries/Win64/
[2016.01.27-12.04.27:378][  0]LogInit: Rocket: 1
[2016.01.27-12.04.27:430][  0]LogInit: Using libcurl 7.41.0
[2016.01.27-12.04.27:430][  0]LogInit:  - built for x86_64-pc-win32
[2016.01.27-12.04.27:431][  0]LogInit:  - supports SSL with WinSSL
[2016.01.27-12.04.27:431][  0]LogInit:  - other features:
[2016.01.27-12.04.27:431][  0]LogInit:      CURL_VERSION_SSL
[2016.01.27-12.04.27:431][  0]LogInit:      CURL_VERSION_IPV6
[2016.01.27-12.04.27:431][  0]LogInit:      CURL_VERSION_ASYNCHDNS
[2016.01.27-12.04.27:431][  0]LogInit:      CURL_VERSION_LARGEFILE
[2016.01.27-12.04.27:433][  0]LogInit:      CURL_VERSION_IDN
[2016.01.27-12.04.27:433][  0]LogInit:  CurlRequestOptions (configurable via config and command line):
[2016.01.27-12.04.27:433][  0]LogInit:  - bVerifyPeer = true  - Libcurl will verify peer certificate
[2016.01.27-12.04.27:433][  0]LogInit:  - bUseHttpProxy = false  - Libcurl will NOT use HTTP proxy
[2016.01.27-12.04.27:433][  0]LogInit:  - bDontReuseConnections = false  - Libcurl will reuse connections
[2016.01.27-12.04.27:433][  0]LogInit:  - CertBundlePath = nullptr  - Libcurl will use whatever was configured at build time.
[2016.01.27-12.04.27:490][  0]LogInit: WinSock: version 1.1 (2.2), MaxSocks=32767, MaxUdp=65467
[2016.01.27-12.04.27:501][  0]LogVoice:Warning: Failed to initialize voice interface
[2016.01.27-12.04.27:508][  0]LogInit: Presizing for 0 objects not considered by GC, pre-allocating 0 bytes.
[2016.01.27-12.04.27:514][  0]LogInit: Object subsystem initialized
[2016.01.27-12.04.27:516][  0]LogInit: Selected Device Profile: [Windows]
[2016.01.27-12.04.27:516][  0]LogInit: Applying CVar settings loaded from the selected device profile: [Windows]
[2016.01.27-12.04.27:524][  0]LogInit: Computer: FREDERIC-PC
[2016.01.27-12.04.27:525][  0]LogInit: User: frederic
[2016.01.27-12.04.27:525][  0]LogInit: CPU Page size=4096, Cores=4
[2016.01.27-12.04.27:525][  0]LogInit: High frequency timer resolution =3.331220 MHz
[2016.01.27-12.04.27:525][  0]LogMemory: Memory total: Physical=15.9GB (16GB approx)
[2016.01.27-12.04.27:525][  0]LogMemory: Platform Memory Stats for Windows
[2016.01.27-12.04.27:526][  0]LogMemory: Process Physical Memory: 54.44 MB used, 54.44 MB peak
[2016.01.27-12.04.27:526][  0]LogMemory: Process Virtual Memory: 55.71 MB used, 55.71 MB peak
[2016.01.27-12.04.27:526][  0]LogMemory: Physical Memory: 4996.75 MB used, 16288.39 MB total
[2016.01.27-12.04.27:526][  0]LogMemory: Virtual Memory: 337.63 MB used, 8388608.00 MB total
[2016.01.27-12.04.27:595][  0]LogTextLocalizationManager: No translations for ('fr-CA') exist, falling back to 'en' for localization and internationalization data.
[2016.01.27-12.04.28:350][  0]LogD3D11RHI: Found D3D11 adapter 0: NVIDIA GeForce GTX 970 (Feature Level 11_0)
[2016.01.27-12.04.28:351][  0]LogD3D11RHI: Adapter has 4008MB of dedicated video memory, 0MB of dedicated system memory, and 7888MB of shared system memory, 1 output[s]
[2016.01.27-12.04.28:360][  0]LogD3D11RHI: Found D3D11 adapter 1: Intel(R) HD Graphics 3000 (Feature Level 10_0)
[2016.01.27-12.04.28:361][  0]LogD3D11RHI: Adapter has 64MB of dedicated video memory, 0MB of dedicated system memory, and 1632MB of shared system memory, 0 output[s]
[2016.01.27-12.04.28:361][  0]LogD3D11RHI: Chosen D3D11 Adapter Id = 0
[2016.01.27-12.04.28:365][  0]LogD3D11RHI: !Direct3DDevice
[2016.01.27-12.04.28:366][  0]LogRHI: Texture pool is 1361 MB (70% of 1945 MB)
[2016.01.27-12.04.28:416][  0]LogD3D11RHI: Async texture creation enabled
[2016.01.27-12.04.28:431][  0]LogShaderCompilers: Guid format shader working directory is 15 characters bigger than the processId version (../../../../../../Users/frederic/Documents/Unreal Projects/LostAge/Intermediate/Shaders/WorkingDirectory/2784/).
[2016.01.27-12.04.28:431][  0]LogShaderCompilers: Cleaned the shader compiler working directory '../../../../../../Users/frederic/Documents/Unreal Projects/LostAge/Intermediate/Shaders/tmp/0B575E3E41AF7B6AD32E9695E559BDCB/'.
[2016.01.27-12.04.28:432][  0]LogShaderCompilers:Display: Using Local Shader Compiler.
[2016.01.27-12.04.29:545][  0]LogTemp:Display: Loaded TP AllDesktopTargetPlatform
[2016.01.27-12.04.29:561][  0]LogTemp:Display: Loaded TP WindowsClientTargetPlatform
[2016.01.27-12.04.29:577][  0]LogTemp:Display: Loaded TP WindowsNoEditorTargetPlatform
[2016.01.27-12.04.29:593][  0]LogTemp:Display: Loaded TP WindowsServerTargetPlatform
[2016.01.27-12.04.29:609][  0]LogTemp:Display: Loaded TP WindowsTargetPlatform
[2016.01.27-12.04.29:615][  0]LogTemp:Display: Loaded TP AndroidTargetPlatform
[2016.01.27-12.04.29:623][  0]LogTemp:Display: Loaded TP Android_ASTCTargetPlatform
[2016.01.27-12.04.29:629][  0]LogTemp:Display: Loaded TP Android_ATCTargetPlatform
[2016.01.27-12.04.29:636][  0]LogTemp:Display: Loaded TP Android_DXTTargetPlatform
[2016.01.27-12.04.29:642][  0]LogTemp:Display: Loaded TP Android_ETC1TargetPlatform
[2016.01.27-12.04.29:649][  0]LogTemp:Display: Loaded TP Android_ETC2TargetPlatform
[2016.01.27-12.04.29:656][  0]LogTemp:Display: Loaded TP Android_PVRTCTargetPlatform
[2016.01.27-12.04.29:660][  0]LogTemp:Display: Loaded TP HTML5TargetPlatform
[2016.01.27-12.04.29:690][  0]LogTemp:Display: Loaded TP IOSTargetPlatform
[2016.01.27-12.04.29:696][  0]LogTemp:Display: Loaded TP LinuxNoEditorTargetPlatform
[2016.01.27-12.04.29:702][  0]LogTemp:Display: Loaded TP LinuxServerTargetPlatform
[2016.01.27-12.04.29:708][  0]LogTemp:Display: Loaded TP LinuxTargetPlatform
[2016.01.27-12.04.29:709][  0]LogTargetPlatformManager:Display: Building Assets For Windows
[2016.01.27-12.04.29:920][  0]LogDerivedDataCache:Display: Max Cache Size: 512 MB
[2016.01.27-12.04.29:962][  0]LogDerivedDataCache: Loaded boot cache 0.04s 42MB C:/Users/frederic/AppData/Local/UnrealEngine/4.9/DerivedDataCache/Boot.ddc.
[2016.01.27-12.04.29:963][  0]LogDerivedDataCache:Display: Loaded Boot cache: C:/Users/frederic/AppData/Local/UnrealEngine/4.9/DerivedDataCache/Boot.ddc
[2016.01.27-12.04.29:964][  0]LogDerivedDataCache: FDerivedDataBackendGraph:  Pak pak cache file ../../../../../../Users/frederic/Documents/Unreal Projects/LostAge/DerivedDataCache/DDC.ddp not found, will not use a pak cache.
[2016.01.27-12.04.29:964][  0]LogDerivedDataCache: Unable to find inner node Pak for hierarchical cache Hierarchy.
[2016.01.27-12.04.29:964][  0]LogDerivedDataCache: FDerivedDataBackendGraph:  CompressedPak pak cache file ../../../../../../Users/frederic/Documents/Unreal Projects/LostAge/DerivedDataCache/Compressed.ddp not found, will not use a pak cache.
[2016.01.27-12.04.29:965][  0]LogDerivedDataCache: Unable to find inner node CompressedPak for hierarchical cache Hierarchy.
[2016.01.27-12.04.30:102][  0]LogDerivedDataCache:Display: Pak cache opened for reading ../../../Engine/DerivedDataCache/Compressed.ddp.
[2016.01.27-12.04.30:115][  0]LogDerivedDataCache: Using Local data cache path C:/Users/frederic/AppData/Local/UnrealEngine/Common/DerivedDataCache: Writable
[2016.01.27-12.04.30:287][  0]LogInit: Selected Device Profile: [Windows]
[2016.01.27-12.04.30:288][  0]LogContentStreaming: Texture pool size is 0.000000MB
[2016.01.27-12.04.30:324][  0]LogMeshUtilities: No automatic mesh reduction module available
[2016.01.27-12.04.30:325][  0]LogMeshUtilities: No automatic mesh merging module available
[2016.01.27-12.04.31:650][  0]UdpMessaging: Initializing bridge on interface 0.0.0.0:0 to multicast group 230.0.0.1:6666.
[2016.01.27-12.04.32:024][  0]LogAssetRegistry: FAssetRegistry took 0.0107 seconds to start up
[2016.01.27-12.04.32:343][  0]SourceControl: Info Source control is disabled
[2016.01.27-12.04.32:345][  0]SourceControl: Info Source control is disabled
[2016.01.27-12.04.32:359][  0]SourceControl: Info Source control is disabled
[2016.01.27-12.04.32:378][  0]SourceControl: Info Source control is disabled
[2016.01.27-12.04.32:550][  0]LogLinker:Warning: Asset '../../../Engine/Plugins/Runtime/LeapMotionController/Content/LM_PassthroughMaterial.uasset' has been saved with empty engine version. The asset will be loaded but may be incompatible.
[2016.01.27-12.04.32:644][  0]LogObj: 31792 objects as part of root set at end of initial load.
[2016.01.27-12.04.32:644][  0]LogUObjectAllocator: 7252928 out of 0 bytes used by permanent object pool.
[2016.01.27-12.04.32:723][  0]LogEngine: Initializing Engine...
[2016.01.27-12.04.32:726][  0]LogHMD: Can't find Oculus library dev build: is proper Runtime installed? Version: 0.7.0.0
[2016.01.27-12.04.32:728][  0]LogHMD: SteamVR failed to initialize.  Err: 110
[2016.01.27-12.04.32:862][  0]LogAIModule: Creating AISystem for world NewWorld
[2016.01.27-12.04.32:876][  0]LogInit: XAudio2 using 'Haut-parleurs (USB PnP Sound Device)' : 2 channels at 44.1 kHz using 16 bits per sample (channel mask 0x3)
[2016.01.27-12.04.32:894][  0]LogInit: FAudioDevice initialized.
[2016.01.27-12.04.32:914][  0]LogDerivedDataCache: Saved boot cache 0.02s 42MB C:/Users/frederic/AppData/Local/UnrealEngine/4.9/DerivedDataCache/Boot.ddc.
[2016.01.27-12.04.32:920][  0]LogInit: Texture streaming: Enabled
[2016.01.27-12.04.32:936][  0]LogAnalytics: Creating configured Analytics provider AnalyticsET
[2016.01.27-12.04.32:936][  0]LogAnalytics: [UEEditor.Rocket.Release] APIServer = http://et2.epicgames.com/ET2/. AppVersion = 4.9.2-2707645+++depot+UE4-Releases+4.9
[2016.01.27-12.04.32:936][  0]LogAnalytics: [UEEditor.Rocket.Release] SetUserId c8da8d664a36a98701fe659c10ae4ff8|70626fa7f476448fb82ad9618fbbb1ab|00e7fb16-00c3-4af4-a2a1-2cc8013aae38
[2016.01.27-12.04.32:937][  0]LogAnalytics: [UEEditor.Rocket.Release] AnalyticsET::StartSession
[2016.01.27-12.04.32:954][  0]LogInit: Transaction tracking system initialized
[2016.01.27-12.04.33:057][  0]BlueprintLog: New page: Editor Load
[2016.01.27-12.04.33:446][  0]LocalizationService: Info Localization service is disabled
[2016.01.27-12.04.33:605][  0]LogLinker:Warning: Can't find file '/Game/ThirdPersonCPP/ThirdPersonOverview'
[2016.01.27-12.04.33:606][  0]LogLinker:Warning: Can't find file '/Game/ThirdPersonCPP/ThirdPersonOverview'
[2016.01.27-12.04.33:606][  0]LogUObjectGlobals:Warning: Failed to find object 'Class /Game/ThirdPersonCPP/ThirdPersonOverview.ThirdPersonOverview_C'
[2016.01.27-12.04.33:637][  0]LogConsoleResponse:Display: 
[2016.01.27-12.04.33:755][  0]LogCook:Display: Done creating registry. It took  0.00s.
[2016.01.27-12.04.33:927][  0]LogFileCache: Scanning file cache for directory 'C:/Users/frederic/Documents/Unreal Projects/LostAge/Content/' took 0.01s
[2016.01.27-12.04.33:928][  0]SourceControl: Info Source control is disabled
[2016.01.27-12.04.33:928][  0]Cmd: MAP LOAD FILE="../../../../../../Users/frederic/Documents/Unreal Projects/LostAge/Content/FirstPersonCPP/Maps/MainMenu.umap" TEMPLATE=0 SHOWPROGRESS=1 FEATURELEVEL=3
[2016.01.27-12.04.33:929][  0]LightingResults: New page: Lighting Build
[2016.01.27-12.04.33:934][  0]MapCheck: New page: Map Check
[2016.01.27-12.04.33:934][  0]LightingResults: New page: Lighting Build
[2016.01.27-12.04.33:944][  0]LogParticles: Destroying 0 GPU particle simulations for FXSystem 0x0000000023326160
[2016.01.27-12.04.33:949][  0]LogAIModule: Creating AISystem for world MainMenu
[2016.01.27-12.04.33:950][  0]LogEditorServer: Finished looking for orphan Actors (0.000 secs)
[2016.01.27-12.04.33:951][  0]Cmd: MAP CHECKDEP NOCLEARLOG
[2016.01.27-12.04.33:994][  0]MapCheck: Info Map check complete: 0 Error(s), 0 Warning(s), took 42.038ms to complete.
[2016.01.27-12.04.33:994][  0]LogFileHelpers: Loading map 'MainMenu' took 0.066
[2016.01.27-12.04.34:094][  0]LogCollectionManager: Loaded 0 collections in 0.002218 seconds
[2016.01.27-12.04.34:136][  0]LogFileCache: Scanning file cache for directory 'C:/Users/frederic/Documents/Unreal Projects/LostAge/Saved/Collections/' took 0.01s
[2016.01.27-12.04.34:137][  0]LogFileCache: Scanning file cache for directory 'C:/Users/frederic/Documents/Unreal Projects/LostAge/Content/Developers/frederic/Collections/' took 0.01s
[2016.01.27-12.04.34:137][  0]LogFileCache: Scanning file cache for directory 'C:/Users/frederic/Documents/Unreal Projects/LostAge/Content/Collections/' took 0.01s
[2016.01.27-12.04.34:138][  0]LogContentBrowser: Native class hierarchy populated in 0.0086 seconds. Added 1875 classes and 335 folders.
[2016.01.27-12.04.34:146][  0]LogCollectionManager: Rebuilt the GUID cache for 0 collections in 0.000002 seconds
[2016.01.27-12.04.34:161][  0]LogContentBrowser: Native class hierarchy updated for 'WidgetCarousel' in 0.0031 seconds. Added 0 classes and 0 folders.
[2016.01.27-12.04.34:224][  0]LogContentBrowser: Native class hierarchy updated for 'AddContentDialog' in 0.0018 seconds. Added 0 classes and 0 folders.
[2016.01.27-12.04.34:246][  0]LogContentBrowser: Native class hierarchy updated for 'SceneOutliner' in 0.0018 seconds. Added 1 classes and 2 folders.
[2016.01.27-12.04.34:277][  0]LogCrashTracker: Crashtracker disabled due to settings.
[2016.01.27-12.04.34:281][  0]LogUObjectGlobals:Warning: Failed to find object 'Class None.'
[2016.01.27-12.04.34:303][  0]LogLoad: Full Startup: 7.89 seconds (BP compile: 0.03 seconds)
[2016.01.27-12.04.34:384][  0]LogContentStreaming: Texture pool size now 1000 MB
[2016.01.27-12.04.34:502][  0]LogRenderer: Reallocating scene render targets to support 1208x556 (Frame:2).
[2016.01.27-12.04.34:696][  2]LogAssetRegistry: Asset discovery search completed in 2.6829 seconds
[2016.01.27-12.04.34:697][  2]LogCollectionManager: Rebuilt the object cache for 0 collections in 0.000001 seconds (found 0 objects)
[2016.01.27-12.04.34:697][  2]LogCollectionManager: Fixed up redirectors for 0 collections in 0.000340 seconds (updated 0 objects)
[2016.01.27-12.04.37:244][291]LogLinker:Warning: Asset '../../../Engine/Content/ArtTools/RenderToTexture/Macros/RenderToTextureMacros.uasset' has been saved with empty engine version. The asset will be loaded but may be incompatible.
[2016.01.27-12.04.37:752][291]LogContentBrowser: Native class hierarchy updated for 'BlueprintGraph' in 0.0022 seconds. Added 107 classes and 0 folders.
[2016.01.27-12.05.59:268][719]BlueprintLog: New page: Compile PlayerControllerBP
[2016.01.27-12.05.59:307][719]LogActorComponent: UnregisterComponent: (/Engine/Transient.CharMoveComp) Not registered. Aborting.
[2016.01.27-12.05.59:334][719]BlueprintEditorCompileResults: Info [0092.92] Compile of PlayerControllerBP successful! [in 65 ms]
[2016.01.27-12.05.59:786][766]LogSavePackage: Save=15.360138ms
[2016.01.27-12.05.59:787][766]LogSavePackage: Moving '../../../../../../Users/frederic/Documents/Unreal Projects/LostAge/Saved/PlayerControllerBP044E7D74433D78A1EA37A989ECB5B425.tmp' to '../../../../../../Users/frederic/Documents/Unreal Projects/LostAge/Content/FirstPersonCPP/Blueprints/PlayerControllerBP.uasset'
[2016.01.27-12.05.59:789][766]LogSavePackage: Total save time: 26.967596ms
[2016.01.27-12.05.59:790][766]LogSavePackage:Warning: Finished SavePackage ../../../../../../Users/frederic/Documents/Unreal Projects/LostAge/Content/FirstPersonCPP/Blueprints/PlayerControllerBP.uasset
[2016.01.27-12.06.15:664][661]BlueprintLog: New page: Compile PlayerControllerBP
[2016.01.27-12.06.15:728][661]BlueprintEditorCompileResults: Info [0109.31] Compile of PlayerControllerBP successful! [in 63 ms]
[2016.01.27-12.06.16:178][709]LogSavePackage: Save=14.052810ms
[2016.01.27-12.06.16:179][709]LogSavePackage: Moving '../../../../../../Users/frederic/Documents/Unreal Projects/LostAge/Saved/PlayerControllerBP65EDCC844996FD13DDAC1CBFF86EC723.tmp' to '../../../../../../Users/frederic/Documents/Unreal Projects/LostAge/Content/FirstPersonCPP/Blueprints/PlayerControllerBP.uasset'
[2016.01.27-12.06.16:181][709]LogSavePackage: Total save time: 21.222256ms
[2016.01.27-12.06.16:182][709]LogSavePackage:Warning: Finished SavePackage ../../../../../../Users/frederic/Documents/Unreal Projects/LostAge/Content/FirstPersonCPP/Blueprints/PlayerControllerBP.uasset
[2016.01.27-12.06.23:475][573]LogPlayLevel: PlayLevel: No blueprints needed recompiling
[2016.01.27-12.06.23:476][573]PIE: New page: PIE session: MainMenu (Jan 27, 2016, 2:06:23 AM)
[2016.01.27-12.06.23:533][573]LogPlayLevel: Creating play world package: /Game/FirstPersonCPP/Maps/UEDPIE_0_MainMenu
[2016.01.27-12.06.23:535][573]LogPlayLevel: PIE: StaticDuplicateObject took: (0.000504s)
[2016.01.27-12.06.23:536][573]LogAIModule: Creating AISystem for world MainMenu
[2016.01.27-12.06.23:536][573]LogPlayLevel: PIE: World Init took: (0.001098s)
[2016.01.27-12.06.23:536][573]LogPlayLevel: PIE: Created PIE world by copying editor world from /Game/FirstPersonCPP/Maps/MainMenu.MainMenu to /Game/FirstPersonCPP/Maps/UEDPIE_0_MainMenu.MainMenu (0.002920s)
[2016.01.27-12.06.23:570][573]LogInit: XAudio2 using 'Haut-parleurs (USB PnP Sound Device)' : 2 channels at 44.1 kHz using 16 bits per sample (channel mask 0x3)
[2016.01.27-12.06.23:574][573]LogInit: FAudioDevice initialized.
[2016.01.27-12.06.23:656][573]LogWorld: Game class is 'GameModeBP_C'
[2016.01.27-12.06.23:659][573]LogWorld: Bringing World /Game/FirstPersonCPP/Maps/UEDPIE_0_MainMenu.MainMenu up for play (max tick rate 0) at 2016.01.27-07.06.23
[2016.01.27-12.06.23:659][573]LogActor:Warning: GameSession /Game/FirstPersonCPP/Maps/UEDPIE_0_MainMenu.MainMenu:PersistentLevel.GameSession_0 has natively added scene component(s), but none of them were set as the actor's RootComponent - picking one arbitrarily
[2016.01.27-12.06.23:660][573]LogActor:Warning: GameNetworkManager /Game/FirstPersonCPP/Maps/UEDPIE_0_MainMenu.MainMenu:PersistentLevel.GameNetworkManager_0 has natively added scene component(s), but none of them were set as the actor's RootComponent - picking one arbitrarily
[2016.01.27-12.06.23:660][573]LogWorld: Bringing up level for play took: 0.001630
[2016.01.27-12.06.23:671][573]LogVoice:Warning: Failed to initialize voice interface
[2016.01.27-12.06.23:673][573]LogOnline:Warning: NULL: Can't start an online game for session (Game) that hasn't been created
[2016.01.27-12.06.29:428][573]LogBlueprintDebug:Warning: Hit breakpoint on node 'K2Node_IfThenElse', from offset 10
[2016.01.27-12.06.29:429][573]LogBlueprintDebug: 
Script call stack:
	Function /Game/FirstPersonCPP/Blueprints/PlayerControllerBP.PlayerControllerBP_C:ExecuteUbergraph_PlayerControllerBP

[2016.01.27-12.06.54:732][573]LogBlueprintUserMessages: [PlayerControllerBP_C_0] ICI
[2016.01.27-12.07.00:954][573]PIE: Info Play in editor start time for /Game/FirstPersonCPP/Maps/UEDPIE_0_MainMenu 36.575
[2016.01.27-12.07.00:980][574]LogRenderer: Reallocating scene render targets to support 1280x720 (Frame:6336).
[2016.01.27-12.07.04:240][820]LogInit: WinSock: I am frederic-PC (192.168.1.103:0)
[2016.01.27-12.07.04:301][820]LogPackageName: SearchForPackageOnDisk took   0.060s to resolve FirstPersonExampleMap.umap.
[2016.01.27-12.07.04:353][820]LogPackageName: SearchForPackageOnDisk took   0.050s to resolve FirstPersonExampleMap.umap.
[2016.01.27-12.07.04:353][820]LogNet: Browse: /Game/FirstPersonCPP/Maps/FirstPersonExampleMap?listen
[2016.01.27-12.07.04:354][820]LogLoad: LoadMap: /Game/FirstPersonCPP/Maps/FirstPersonExampleMap?listen
[2016.01.27-12.07.04:379][820]LogParticles: Destroying 0 GPU particle simulations for FXSystem 0x00000000590AFF60
[2016.01.27-12.07.04:385][820]Cmd: MEM
[2016.01.27-12.07.04:406][820]LogMemory: Platform Memory Stats for Windows
[2016.01.27-12.07.04:407][820]LogMemory: Process Physical Memory: 723.02 MB used, 723.02 MB peak
[2016.01.27-12.07.04:407][820]LogMemory: Process Virtual Memory: 1290.94 MB used, 1376.35 MB peak
[2016.01.27-12.07.04:408][820]LogMemory: Physical Memory: 6619.95 MB used, 16288.39 MB total
[2016.01.27-12.07.04:408][820]LogMemory: Virtual Memory: 1968.25 MB used, 8388608.00 MB total
[2016.01.27-12.07.04:408][820]LogMemory: 
[2016.01.27-12.07.04:408][820]Allocator Stats for TBB: (not implemented)
[2016.01.27-12.07.05:338][820]LogAIModule: Creating AISystem for world FirstPersonExampleMap
[2016.01.27-12.07.05:339][820]LogWorld: Game class is 'GameModeBP_C'
[2016.01.27-12.07.05:340][820]LogInit: WinSock: Socket queue 131072 / 131072
[2016.01.27-12.07.05:341][820]LogNet: GameNetDriver IpNetDriver_0 IpNetDriver listening on port 7777
[2016.01.27-12.07.05:350][820]LogWorld: Bringing World /Game/FirstPersonCPP/Maps/UEDPIE_0_FirstPersonExampleMap.FirstPersonExampleMap up for play (max tick rate 0) at 2016.01.27-07.07.05
[2016.01.27-12.07.05:350][820]LogActor:Warning: GameSession /Game/FirstPersonCPP/Maps/UEDPIE_0_FirstPersonExampleMap.FirstPersonExampleMap:PersistentLevel.GameSession_1 has natively added scene component(s), but none of them were set as the actor's RootComponent - picking one arbitrarily
[2016.01.27-12.07.05:351][820]LogActor:Warning: GameNetworkManager /Game/FirstPersonCPP/Maps/UEDPIE_0_FirstPersonExampleMap.FirstPersonExampleMap:PersistentLevel.GameNetworkManager_1 has natively added scene component(s), but none of them were set as the actor's RootComponent - picking one arbitrarily
[2016.01.27-12.07.05:352][820]LogWorld: Bringing up level for play took: 0.009853
[2016.01.27-12.07.05:355][820]LogOnline:Warning: NULL: Can't start an online session (Game) in state InProgress
[2016.01.27-12.07.05:356][820]LogBlueprintDebug:Warning: Hit breakpoint on node 'K2Node_IfThenElse', from offset 10
[2016.01.27-12.07.05:356][820]LogBlueprintDebug: 
Script call stack:
	Function /Game/FirstPersonCPP/Blueprints/PlayerControllerBP.PlayerControllerBP_C:ExecuteUbergraph_PlayerControllerBP

[2016.01.27-12.07.15:915][820]LogBlueprintUserMessages: [PlayerControllerBP_C_1] Server: ICI
[2016.01.27-12.07.26:039][266]LogPackageName: SearchForPackageOnDisk took   0.060s to resolve MainMenu.umap.
[2016.01.27-12.07.26:102][267]LogPackageName: SearchForPackageOnDisk took   0.054s to resolve MainMenu.umap.
[2016.01.27-12.07.26:103][267]LogNet: Browse: /Game/FirstPersonCPP/Maps/MainMenu
[2016.01.27-12.07.26:104][267]LogLoad: LoadMap: /Game/FirstPersonCPP/Maps/MainMenu
[2016.01.27-12.07.26:104][267]LogNet: World NetDriver shutdown IpNetDriver_0 [GameNetDriver]
[2016.01.27-12.07.26:104][267]LogNet: DestroyNamedNetDriver IpNetDriver_0 [GameNetDriver]
[2016.01.27-12.07.26:104][267]LogExit: GameNetDriver IpNetDriver_0 shut down
[2016.01.27-12.07.26:129][267]LogParticles: Destroying 0 GPU particle simulations for FXSystem 0x0000000052C247C0
[2016.01.27-12.07.26:189][267]Cmd: MEM
[2016.01.27-12.07.26:211][267]LogMemory: Platform Memory Stats for Windows
[2016.01.27-12.07.26:212][267]LogMemory: Process Physical Memory: 1204.42 MB used, 1299.12 MB peak
[2016.01.27-12.07.26:212][267]LogMemory: Process Virtual Memory: 1885.89 MB used, 1976.17 MB peak
[2016.01.27-12.07.26:213][267]LogMemory: Physical Memory: 7105.56 MB used, 16288.39 MB total
[2016.01.27-12.07.26:213][267]LogMemory: Virtual Memory: 2555.88 MB used, 8388608.00 MB total
[2016.01.27-12.07.26:213][267]LogMemory: 
[2016.01.27-12.07.26:213][267]Allocator Stats for TBB: (not implemented)
[2016.01.27-12.07.26:214][267]LogPlayLevel: Creating play world package: /Game/FirstPersonCPP/Maps/UEDPIE_0_MainMenu
[2016.01.27-12.07.26:214][267]LogPlayLevel: PIE: StaticDuplicateObject took: (0.000493s)
[2016.01.27-12.07.26:215][267]LogAIModule: Creating AISystem for world MainMenu
[2016.01.27-12.07.26:216][267]LogPlayLevel: PIE: World Init took: (0.000930s)
[2016.01.27-12.07.26:216][267]LogPlayLevel: PIE: Created PIE world by copying editor world from /Game/FirstPersonCPP/Maps/MainMenu.MainMenu to /Game/FirstPersonCPP/Maps/UEDPIE_0_MainMenu.MainMenu (0.002339s)
[2016.01.27-12.07.26:216][267]LogWorld: Game class is 'GameModeBP_C'
[2016.01.27-12.07.26:218][267]LogWorld: Bringing World /Game/FirstPersonCPP/Maps/UEDPIE_0_MainMenu.MainMenu up for play (max tick rate 0) at 2016.01.27-07.07.26
[2016.01.27-12.07.26:218][267]LogActor:Warning: GameSession /Game/FirstPersonCPP/Maps/UEDPIE_0_MainMenu.MainMenu:PersistentLevel.GameSession_2 has natively added scene component(s), but none of them were set as the actor's RootComponent - picking one arbitrarily
[2016.01.27-12.07.26:219][267]LogActor:Warning: GameNetworkManager /Game/FirstPersonCPP/Maps/UEDPIE_0_MainMenu.MainMenu:PersistentLevel.GameNetworkManager_2 has natively added scene component(s), but none of them were set as the actor's RootComponent - picking one arbitrarily
[2016.01.27-12.07.26:219][267]LogWorld: Bringing up level for play took: 0.001504
[2016.01.27-12.07.26:220][267]LogGameMode: Warning - PATHS NOT DEFINED or NO PLAYERSTART with positive rating
[2016.01.27-12.07.26:221][267]LogOnline:Warning: NULL: Can't start an online game for session (Game) that hasn't been created
[2016.01.27-12.07.26:222][267]LogBlueprintDebug:Warning: Hit breakpoint on node 'K2Node_IfThenElse', from offset 10
[2016.01.27-12.07.26:222][267]LogBlueprintDebug: 
Script call stack:
	Function /Game/FirstPersonCPP/Blueprints/PlayerControllerBP.PlayerControllerBP_C:ExecuteUbergraph_PlayerControllerBP

[2016.01.27-12.07.29:789][267]LogBlueprintUserMessages: [PlayerControllerBP_C_2] ICI
[2016.01.27-12.07.29:842][267]LogOnline:Display: NULL: FOnlineSubsystemNull::Shutdown()
[2016.01.27-12.07.29:843][267]LogPlayLevel:Display: Shutting down PIE online subsystems
[2016.01.27-12.07.29:882][268]LogParticles: Destroying 0 GPU particle simulations for FXSystem 0x000000001A195B20
[2016.01.27-12.07.29:883][268]LogPlayLevel:Display: Destroying online subsystem :Context_4
[2016.01.27-12.07.29:883][268]LogOnline:Display: NULL: FOnlineSubsystemNull::Shutdown()
[2016.01.27-12.07.57:433][656]LogPlayLevel: PlayLevel: No blueprints needed recompiling
[2016.01.27-12.07.57:434][656]PIE: New page: PIE session: MainMenu (Jan 27, 2016, 2:07:57 AM)
[2016.01.27-12.07.57:434][656]LogPlayLevel: Creating play world package: /Game/FirstPersonCPP/Maps/UEDPIE_0_MainMenu
[2016.01.27-12.07.57:435][656]LogPlayLevel: PIE: StaticDuplicateObject took: (0.000507s)
[2016.01.27-12.07.57:436][656]LogAIModule: Creating AISystem for world MainMenu
[2016.01.27-12.07.57:437][656]LogPlayLevel: PIE: World Init took: (0.001229s)
[2016.01.27-12.07.57:437][656]LogPlayLevel: PIE: Created PIE world by copying editor world from /Game/FirstPersonCPP/Maps/MainMenu.MainMenu to /Game/FirstPersonCPP/Maps/UEDPIE_0_MainMenu.MainMenu (0.002875s)
[2016.01.27-12.07.57:470][656]LogInit: XAudio2 using 'Haut-parleurs (USB PnP Sound Device)' : 2 channels at 44.1 kHz using 16 bits per sample (channel mask 0x3)
[2016.01.27-12.07.57:473][656]LogInit: FAudioDevice initialized.
[2016.01.27-12.07.57:512][656]LogWorld: Game class is 'GameModeBP_C'
[2016.01.27-12.07.57:513][656]LogWorld: Bringing World /Game/FirstPersonCPP/Maps/UEDPIE_0_MainMenu.MainMenu up for play (max tick rate 0) at 2016.01.27-07.07.57
[2016.01.27-12.07.57:514][656]LogActor:Warning: GameSession /Game/FirstPersonCPP/Maps/UEDPIE_0_MainMenu.MainMenu:PersistentLevel.GameSession_3 has natively added scene component(s), but none of them were set as the actor's RootComponent - picking one arbitrarily
[2016.01.27-12.07.57:515][656]LogActor:Warning: GameNetworkManager /Game/FirstPersonCPP/Maps/UEDPIE_0_MainMenu.MainMenu:PersistentLevel.GameNetworkManager_3 has natively added scene component(s), but none of them were set as the actor's RootComponent - picking one arbitrarily
[2016.01.27-12.07.57:515][656]LogWorld: Bringing up level for play took: 0.001979
[2016.01.27-12.07.57:526][656]LogVoice:Warning: Failed to initialize voice interface
[2016.01.27-12.07.57:527][656]LogOnline:Warning: NULL: Can't start an online game for session (Game) that hasn't been created
[2016.01.27-12.07.57:529][656]LogBlueprintDebug:Warning: Hit breakpoint on node 'K2Node_IfThenElse', from offset 10
[2016.01.27-12.07.57:529][656]LogBlueprintDebug: 
Script call stack:
	Function /Game/FirstPersonCPP/Blueprints/PlayerControllerBP.PlayerControllerBP_C:ExecuteUbergraph_PlayerControllerBP

[2016.01.27-12.08.00:357][656]LogBlueprintUserMessages: [PlayerControllerBP_C_3] ICI
[2016.01.27-12.08.00:375][656]PIE: Info Play in editor start time for /Game/FirstPersonCPP/Maps/UEDPIE_0_MainMenu 1.995
[2016.01.27-12.08.08:653][512]LogNet: Browse: 192.168.1.103//Game/FirstPersonCPP/Maps/MainMenu
[2016.01.27-12.08.08:654][512]LogInit: WinSock: Socket queue 32768 / 32768
[2016.01.27-12.08.08:655][512]LogNet: Game client on port 7777, rate 10000
[2016.01.27-12.08.08:655][512]LogNet: GetLocalNetworkVersion: GEngineNetVersion: 2707645, ProjectName: lostage, ProjectVersion: 1.0.0.0, InternalProtocolVersion: 9, LocalNetworkVersion: 4161370921
[2016.01.27-12.08.08:675][514]LogNet: Welcomed by server (Level: /Game/FirstPersonCPP/Maps/FirstPersonExampleMap, Game: /Game/FirstPersonCPP/Blueprints/GameModeBP.GameModeBP_C)
[2016.01.27-12.08.08:677][514]LogLoad: LoadMap: 192.168.1.103//Game/FirstPersonCPP/Maps/FirstPersonExampleMap?game=/Game/FirstPersonCPP/Blueprints/GameModeBP.GameModeBP_C
[2016.01.27-12.08.08:702][514]LogParticles: Destroying 0 GPU particle simulations for FXSystem 0x000000001CC18FE0
[2016.01.27-12.08.08:703][514]Cmd: MEM
[2016.01.27-12.08.08:726][514]LogMemory: Platform Memory Stats for Windows
[2016.01.27-12.08.08:726][514]LogMemory: Process Physical Memory: 1207.53 MB used, 1299.12 MB peak
[2016.01.27-12.08.08:726][514]LogMemory: Process Virtual Memory: 1853.55 MB used, 1976.17 MB peak
[2016.01.27-12.08.08:727][514]LogMemory: Physical Memory: 7488.62 MB used, 16288.39 MB total
[2016.01.27-12.08.08:727][514]LogMemory: Virtual Memory: 2536.88 MB used, 8388608.00 MB total
[2016.01.27-12.08.08:727][514]LogMemory: 
[2016.01.27-12.08.08:727][514]Allocator Stats for TBB: (not implemented)
[2016.01.27-12.08.08:768][514]LogAIModule: Creating AISystem for world FirstPersonExampleMap
[2016.01.27-12.08.08:771][514]LogWorld: Bringing World /Game/FirstPersonCPP/Maps/FirstPersonExampleMap.FirstPersonExampleMap up for play (max tick rate 0) at 2016.01.27-07.08.08
[2016.01.27-12.08.08:772][514]LogWorld: Bringing up level for play took: 0.002803
[2016.01.27-12.08.08:877][518]LogBlueprintDebug:Warning: Hit breakpoint on node 'K2Node_IfThenElse', from offset 10
[2016.01.27-12.08.08:878][518]LogBlueprintDebug: 
Script call stack:
	Function /Game/FirstPersonCPP/Blueprints/PlayerControllerBP.PlayerControllerBP_C:ExecuteUbergraph_PlayerControllerBP

[2016.01.27-12.08.57:925][518]LogBlueprintUserMessages: [PlayerControllerBP_C_4] Client -1: ICI
[2016.01.27-12.08.58:074][518]LogOnline:Display: NULL: FOnlineSubsystemNull::Shutdown()
[2016.01.27-12.08.58:075][518]LogPlayLevel:Display: Shutting down PIE online subsystems
[2016.01.27-12.08.58:093][518]LogNet: UChannel::CleanUp: [GameNetDriver] [None] [None]. ChIndex == 0. Closing connection.
[2016.01.27-12.08.58:094][518]LogNet: UNetConnection::Close: Name: IpConnection_0, Driver: GameNetDriver IpNetDriver_1, PC: None, Owner: None, Channels: 2, RemoteAddr: 192.168.1.103:7777, Time: 2016.01.27-12.08.58
[2016.01.27-12.08.58:094][518]LogNet: UChannel::Close: Sending CloseBunch. ChIndex == 0. Name: ControlChannel_0
[2016.01.27-12.08.58:098][518]LogExit: GameNetDriver None shut down
[2016.01.27-12.08.58:118][519]LogParticles: Destroying 0 GPU particle simulations for FXSystem 0x0000000056B4C0E0
[2016.01.27-12.08.58:119][519]LogPlayLevel:Display: Destroying online subsystem :Context_5
[2016.01.27-12.08.58:119][519]LogOnline:Display: NULL: FOnlineSubsystemNull::Shutdown()
[2016.01.27-12.09.33:276][178]LogPlayLevel: PlayLevel: No blueprints needed recompiling
[2016.01.27-12.09.33:277][178]PIE: New page: PIE session: MainMenu (Jan 27, 2016, 2:09:33 AM)
[2016.01.27-12.09.33:277][178]LogPlayLevel: Creating play world package: /Game/FirstPersonCPP/Maps/UEDPIE_0_MainMenu
[2016.01.27-12.09.33:278][178]LogPlayLevel: PIE: StaticDuplicateObject took: (0.000488s)
[2016.01.27-12.09.33:279][178]LogAIModule: Creating AISystem for world MainMenu
[2016.01.27-12.09.33:280][178]LogPlayLevel: PIE: World Init took: (0.001099s)
[2016.01.27-12.09.33:280][178]LogPlayLevel: PIE: Created PIE world by copying editor world from /Game/FirstPersonCPP/Maps/MainMenu.MainMenu to /Game/FirstPersonCPP/Maps/UEDPIE_0_MainMenu.MainMenu (0.002577s)
[2016.01.27-12.09.33:312][178]LogInit: XAudio2 using 'Haut-parleurs (USB PnP Sound Device)' : 2 channels at 44.1 kHz using 16 bits per sample (channel mask 0x3)
[2016.01.27-12.09.33:316][178]LogInit: FAudioDevice initialized.
[2016.01.27-12.09.33:355][178]LogWorld: Game class is 'GameModeBP_C'
[2016.01.27-12.09.33:357][178]LogWorld: Bringing World /Game/FirstPersonCPP/Maps/UEDPIE_0_MainMenu.MainMenu up for play (max tick rate 0) at 2016.01.27-07.09.33
[2016.01.27-12.09.33:357][178]LogActor:Warning: GameSession /Game/FirstPersonCPP/Maps/UEDPIE_0_MainMenu.MainMenu:PersistentLevel.GameSession_4 has natively added scene component(s), but none of them were set as the actor's RootComponent - picking one arbitrarily
[2016.01.27-12.09.33:357][178]LogActor:Warning: GameNetworkManager /Game/FirstPersonCPP/Maps/UEDPIE_0_MainMenu.MainMenu:PersistentLevel.GameNetworkManager_4 has natively added scene component(s), but none of them were set as the actor's RootComponent - picking one arbitrarily
[2016.01.27-12.09.33:358][178]LogWorld: Bringing up level for play took: 0.001662
[2016.01.27-12.09.33:369][178]LogVoice:Warning: Failed to initialize voice interface
[2016.01.27-12.09.33:371][178]LogOnline:Warning: NULL: Can't start an online game for session (Game) that hasn't been created
[2016.01.27-12.09.50:575][178]LogBlueprintDebug:Warning: Hit breakpoint on node 'K2Node_IfThenElse', from offset 10
[2016.01.27-12.09.50:575][178]LogBlueprintDebug: 
Script call stack:
	Function /Game/FirstPersonCPP/Blueprints/PlayerControllerBP.PlayerControllerBP_C:ExecuteUbergraph_PlayerControllerBP

[2016.01.27-12.10.00:821][178]LogBlueprintUserMessages: [PlayerControllerBP_C_5] ICI
[2016.01.27-12.10.00:838][178]PIE: Info Play in editor start time for /Game/FirstPersonCPP/Maps/UEDPIE_0_MainMenu 28.458
[2016.01.27-12.10.08:874][ 17]LogNet: Browse: 192.168.1.103//Game/FirstPersonCPP/Maps/MainMenu
[2016.01.27-12.10.08:874][ 17]LogInit: WinSock: Socket queue 32768 / 32768
[2016.01.27-12.10.08:875][ 17]LogNet: Game client on port 7777, rate 10000
[2016.01.27-12.10.08:876][ 17]LogNet: GetLocalNetworkVersion: GEngineNetVersion: 2707645, ProjectName: lostage, ProjectVersion: 1.0.0.0, InternalProtocolVersion: 9, LocalNetworkVersion: 4161370921
[2016.01.27-12.10.08:906][ 20]LogNet: Welcomed by server (Level: /Game/FirstPersonCPP/Maps/FirstPersonExampleMap, Game: /Game/FirstPersonCPP/Blueprints/GameModeBP.GameModeBP_C)
[2016.01.27-12.10.08:907][ 20]LogLoad: LoadMap: 192.168.1.103//Game/FirstPersonCPP/Maps/FirstPersonExampleMap?game=/Game/FirstPersonCPP/Blueprints/GameModeBP.GameModeBP_C
[2016.01.27-12.10.08:933][ 20]LogParticles: Destroying 0 GPU particle simulations for FXSystem 0x0000000051518220
[2016.01.27-12.10.08:934][ 20]Cmd: MEM
[2016.01.27-12.10.08:955][ 20]LogMemory: Platform Memory Stats for Windows
[2016.01.27-12.10.08:956][ 20]LogMemory: Process Physical Memory: 1196.45 MB used, 1299.12 MB peak
[2016.01.27-12.10.08:956][ 20]LogMemory: Process Virtual Memory: 1855.55 MB used, 1976.17 MB peak
[2016.01.27-12.10.08:957][ 20]LogMemory: Physical Memory: 7377.86 MB used, 16288.39 MB total
[2016.01.27-12.10.08:957][ 20]LogMemory: Virtual Memory: 2540.81 MB used, 8388608.00 MB total
[2016.01.27-12.10.08:957][ 20]LogMemory: 
[2016.01.27-12.10.08:957][ 20]Allocator Stats for TBB: (not implemented)
[2016.01.27-12.10.08:991][ 20]LogAIModule: Creating AISystem for world FirstPersonExampleMap
[2016.01.27-12.10.08:994][ 20]LogWorld: Bringing World /Game/FirstPersonCPP/Maps/FirstPersonExampleMap.FirstPersonExample